INFO 20:56:25:832 ServerControl: open server socket on 2101 port.
INFO 20:56:25:839 ExecutorManager: initialized.
INFO 20:56:26:208 CleaningManager: delete 0 reuses from a character_skill_reuses.
INFO 20:56:26:209 CleaningManager: delete 0 spawns from a boss_spawn.
INFO 20:56:26:209 CleaningManager: delete 0 appearances from a character_appearances.
INFO 20:56:26:210 CleaningManager: delete 0 effects from a character_save_effects.
INFO 20:56:26:211 CleaningManager: delete 0 inventors from a character_inventors.
INFO 20:56:26:213 CleaningManager: delete 0 skills from a character_skills.
INFO 20:56:26:214 CleaningManager: delete 0 hotkeys from a character_hotkey.
INFO 20:56:26:215 CleaningManager: delete 0 chars from a character_friends.
INFO 20:56:26:216 CleaningManager: delete 0 friends from a character_friends.
INFO 20:56:26:217 CleaningManager: delete 0 settings from a character_settings.
INFO 20:56:26:217 CleaningManager: delete 0 empty items from a items.
INFO 20:56:26:218 CleaningManager: delete 0 no owner items from a items.
INFO 20:56:26:219 CleaningManager: delete 0 no owner guild items from a items.
INFO 20:56:26:276 CleaningManager: create buffer table items.
INFO 20:56:26:278 CleaningManager: copy 125 items to buffer_items.
INFO 20:56:26:279 CleaningManager: delete 0 no owner items from a buffer_items.
INFO 20:56:26:287 CleaningManager: drop buffer table items.
INFO 20:56:26:287 CleaningManager: delete 0 from a quests.
INFO 20:56:26:288 CleaningManager: delete 0 from a quest variables.
INFO 20:56:26:289 CleaningManager: delete 0 from a guild ranks.
INFO 20:56:26:336 ClientPacketType: client packets prepared.
INFO 20:56:26:348 EffectParser: initialized.
INFO 20:56:26:351 RandomManager: initialized.
INFO 20:56:26:352 IdFactory: prepare npc ids...
INFO 20:56:26:353 BitSetIdGenerator: 102912 id's available.
INFO 20:56:26:353 IdFactory: prepare objects ids...
INFO 20:56:26:354 BitSetIdGenerator: 102912 id's available.
INFO 20:56:26:354 IdFactory: prepare players ids...
INFO 20:56:26:357 BitSetIdGenerator: extracted 10 ids.
INFO 20:56:26:358 BitSetIdGenerator: 102912 id's available.
INFO 20:56:26:359 IdFactory: prepare guilds ids...
INFO 20:56:26:360 BitSetIdGenerator: extracted 1 ids.
INFO 20:56:26:360 BitSetIdGenerator: 102912 id's available.
INFO 20:56:26:361 IdFactory: prepare item ids...
INFO 20:56:26:363 BitSetIdGenerator: extracted 125 ids.
INFO 20:56:26:363 BitSetIdGenerator: 102912 id's available.
INFO 20:56:26:374 ServerVarManager: loaded 0 variables.
INFO 20:56:26:377 BossSpawnManager: loaded 0 boss spawns.
INFO 20:56:26:992 TerritoryTable: loaded 160 territories for 18803 regions.
INFO 20:56:28:235 WorldZoneTable: loaded 12 world zones for 31986 regions.
INFO 20:56:28:236 ConditionParser: initializable.
WARNING 20:56:28:743 SkillTable: detected once the file C:\Users\jorou\Downloads\TeraOnlineServer_Shock_1732\gameserver\.\data\skills\summon_skills\deprecated.zip
INFO 20:56:28:769 SkillTable: loaded 4613 skills for 19 classes.
INFO 20:56:29:225 ItemTable: loaded 10138 items.
INFO 20:56:29:238 Race: race appearances initializable.
INFO 20:56:29:244 PlayerTable: loaded 104 player templates.
WARNING 20:56:29:457 DropTable: not found items [50048]
INFO 20:56:29:457 DropTable: load drop for 407 npcs and 126 for resourse.
INFO 20:56:29:461 TownTable: initialized.
WARNING 20:56:29:491 NpcDialogTable: detected once the file C:\Users\jorou\Downloads\TeraOnlineServer_Shock_1732\gameserver\.\data\dialogs\dialogs.txt
INFO 20:56:29:520 NpcDialogTable: loaded 87 dialogs.
INFO 20:56:29:525 MessagePackageTable: loaded 34 message packages.
INFO 20:56:29:557 ConfigAITable: loaded 45 npc ai configs.
INFO 20:56:29:568 NpcAppearanceTable: initialized. Loaded 59 appearances.
WARNING 20:56:29:683 NpcTable: detected once the file C:\Users\jorou\Downloads\TeraOnlineServer_Shock_1732\gameserver\.\data\npcs\summons\playable_summons.zip
INFO 20:56:29:699 NpcTable: loaded  816 npcs.
INFO 20:56:29:710 ResourseTable: loaded  253 resourses.
INFO 20:56:29:719 MinionTable: loaded 303 minions for 42 npcs.
INFO 20:56:29:720 RegenTaskManager: initializable.
INFO 20:56:29:728 Formulas: initialized.
INFO 20:56:29:730 EffectTaskManager: initialized.
INFO 20:56:30:074 ObjectEventManager: initialized.
INFO 20:56:30:075 MoveTaskManager: initialized.
INFO 20:56:30:454 SpawnTable: loaded 19515 spawns for 617 npcs and 2013 spawns for 60 resourses.
INFO 20:56:30:468 GeoMap3D: start fast import geodata_1.dat
INFO 20:56:30:827 GeoMap3D: import ended. load 1867238 quards.
INFO 20:56:30:831 GeoMap3D: start fast import geodata_2.dat
INFO 20:56:30:900 GeoMap3D: import ended. load 440227 quards.
INFO 20:56:30:910 GeoMap3D: start fast import geodata_3.dat
INFO 20:56:30:968 GeoMap3D: import ended. load 58040 quards.
INFO 20:56:30:969 GeoManager: initialized.
INFO 20:56:30:979 ItemExecutorManager: loaded 0 executor items.
INFO 20:56:30:993 CommandManager: loaded 94 commands.
INFO 20:56:31:009 SkillLearnManager: loaded 950 skill learn's for 8 clases.
INFO 20:56:31:013 AnnounceManager: loaded 0 start announces and 0 running announces.
INFO 20:56:31:015 AccountManager: initialized.
INFO 20:56:31:026 GuildManager: loaded 1 guilds.
INFO 20:56:31:357 QuestManager: loaded 455 quests.
INFO 20:56:31:360 OnlineManager: initialized.
INFO 20:56:31:370 GameLogManager: initialized.
INFO 20:56:31:451 Region: next battle "Veritas District" in 2020.06.28 16:00.
INFO 20:56:31:455 Region: next battle "Ostgarath" in 2020.06.28 16:00.
INFO 20:56:31:457 Region: next battle "Val Palrada" in 2020.06.27 20:00.
INFO 20:56:31:458 Region: next battle "Val Aureum" in 2020.06.27 20:00.
INFO 20:56:31:459 EventManager: loaded 5 events.
INFO 20:56:31:575 EventManager: the nearest event in 45 minutes.
INFO 20:56:31:578 PlayerManager: initialized.
INFO 20:56:31:586 Network: started.
INFO 20:56:31:586 GameServer: started.
INFO 20:56:48:251 AccountManager: authed islanzadie
INFO 20:58:58:388 AccountManager: close islanzadie
