INFO 16:14:56:739 ServerControl: open server socket on 2101 port.
INFO 16:14:56:771 ExecutorManager: initialized.
INFO 16:14:57:602 CleaningManager: delete 10 reuses from a character_skill_reuses.
INFO 16:14:57:664 CleaningManager: delete 0 spawns from a boss_spawn.
INFO 16:14:57:729 CleaningManager: delete 0 appearances from a character_appearances.
INFO 16:14:57:777 CleaningManager: delete 0 effects from a character_save_effects.
INFO 16:14:57:817 CleaningManager: delete 0 inventors from a character_inventors.
INFO 16:14:57:859 CleaningManager: delete 0 skills from a character_skills.
INFO 16:14:57:915 CleaningManager: delete 0 hotkeys from a character_hotkey.
INFO 16:14:57:954 CleaningManager: delete 0 chars from a character_friends.
INFO 16:14:57:955 CleaningManager: delete 0 friends from a character_friends.
INFO 16:14:57:975 CleaningManager: delete 0 settings from a character_settings.
INFO 16:14:58:021 CleaningManager: delete 0 empty items from a items.
INFO 16:14:58:022 CleaningManager: delete 0 no owner items from a items.
INFO 16:14:58:062 CleaningManager: delete 0 no owner guild items from a items.
INFO 16:14:58:147 CleaningManager: create buffer table items.
INFO 16:14:58:150 CleaningManager: copy 230 items to buffer_items.
INFO 16:14:58:150 CleaningManager: delete 0 no owner items from a buffer_items.
INFO 16:14:58:161 CleaningManager: drop buffer table items.
INFO 16:14:58:194 CleaningManager: delete 0 from a quests.
INFO 16:14:58:226 CleaningManager: delete 0 from a quest variables.
INFO 16:14:58:274 CleaningManager: delete 0 from a guild ranks.
INFO 16:14:58:346 ClientPacketType: client packets prepared.
INFO 16:14:58:358 EffectParser: initialized.
INFO 16:14:58:400 RandomManager: initialized.
INFO 16:14:58:401 IdFactory: prepare npc ids...
INFO 16:14:58:411 BitSetIdGenerator: 102912 id's available.
INFO 16:14:58:411 IdFactory: prepare objects ids...
INFO 16:14:58:411 BitSetIdGenerator: 102912 id's available.
INFO 16:14:58:412 IdFactory: prepare players ids...
INFO 16:14:58:415 BitSetIdGenerator: extracted 12 ids.
INFO 16:14:58:415 BitSetIdGenerator: 102912 id's available.
INFO 16:14:58:415 IdFactory: prepare guilds ids...
INFO 16:14:58:416 BitSetIdGenerator: extracted 1 ids.
INFO 16:14:58:416 BitSetIdGenerator: 102912 id's available.
INFO 16:14:58:417 IdFactory: prepare item ids...
INFO 16:14:58:419 BitSetIdGenerator: extracted 230 ids.
INFO 16:14:58:419 BitSetIdGenerator: 102912 id's available.
INFO 16:14:58:463 ServerVarManager: loaded 0 variables.
INFO 16:14:58:465 BossSpawnManager: loaded 0 boss spawns.
INFO 16:14:59:198 TerritoryTable: loaded 160 territories for 18803 regions.
INFO 16:15:00:411 WorldZoneTable: loaded 12 world zones for 31986 regions.
INFO 16:15:00:412 ConditionParser: initializable.
WARNING 16:15:00:773 SkillTable: detected once the file C:\Users\jorou\Downloads\TeraOnlineServer_Shock_1732\gameserver\.\data\skills\summon_skills\deprecated.zip
INFO 16:15:00:788 SkillTable: loaded 4613 skills for 19 classes.
WARNING 16:15:00:794 ItemTable: detected once the file C:\Users\jorou\Downloads\TeraOnlineServer_Shock_1732\gameserver\.\data\items\adaptations.txt
INFO 16:15:01:159 ItemTable: loaded 10138 items.
INFO 16:15:01:188 Race: race appearances initializable.
INFO 16:15:01:193 PlayerTable: loaded 104 player templates.
WARNING 16:15:01:369 DropTable: not found items [50048]
INFO 16:15:01:370 DropTable: load drop for 407 npcs and 126 for resourse.
INFO 16:15:01:374 TownTable: initialized.
WARNING 16:15:01:393 NpcDialogTable: detected once the file C:\Users\jorou\Downloads\TeraOnlineServer_Shock_1732\gameserver\.\data\dialogs\dialogs.txt
INFO 16:15:01:420 NpcDialogTable: loaded 87 dialogs.
INFO 16:15:01:427 MessagePackageTable: loaded 34 message packages.
INFO 16:15:01:453 ConfigAITable: loaded 45 npc ai configs.
INFO 16:15:01:465 NpcAppearanceTable: initialized. Loaded 59 appearances.
WARNING 16:15:01:606 NpcTable: found duplicate npc template NpcTemplate npcId = 30002, exp = 0, attack = 300000, defense = 1000, owerAttack = 15000, owerDefense = 13000, level = 100, aggro = 100, factionRange = 5000, name = *Elleon*, title = Valkyon's Hero, factionId = Alliance of Argons, type = 300, isRaid = false, canDrop = false, drop = null, minions = null, dialog = null, geomRadius = 20.0, geomHeight = 60.0, npcType = PLAYER_KILLER in file .\data\npcs\south_arun\velika_outskirt.xml
WARNING 16:15:01:607 NpcTable: found duplicate npc template NpcTemplate npcId = 30004, exp = 0, attack = 40000, defense = 4000, owerAttack = 1500, owerDefense = 7000, level = 100, aggro = 100, factionRange = 5000, name = *Klaris*, title = Wise mage, factionId = Alliance of Argons, type = 300, isRaid = false, canDrop = false, drop = null, minions = null, dialog = null, geomRadius = 20.0, geomHeight = 60.0, npcType = PLAYER_KILLER in file .\data\npcs\south_arun\velika_outskirt.xml
WARNING 16:15:01:609 NpcTable: found duplicate npc template NpcTemplate npcId = 30005, exp = 0, attack = 91000, defense = 5000, owerAttack = 1500, owerDefense = 10000, level = 100, aggro = 100, factionRange = 5000, name = *Joff*, title = Open minded, factionId = Alliance of Argons, type = 300, isRaid = false, canDrop = false, drop = null, minions = null, dialog = null, geomRadius = 30.0, geomHeight = 70.0, npcType = PLAYER_KILLER in file .\data\npcs\south_arun\velika_outskirt.xml
WARNING 16:15:01:609 NpcTable: found duplicate npc template NpcTemplate npcId = 30007, exp = 0, attack = 300000, defense = 5000, owerAttack = 14500, owerDefense = 15000, level = 100, aggro = 100, factionRange = 5000, name = *KLei*, title = Testing, factionId = Alliance of Argons, type = 300, isRaid = false, canDrop = false, drop = null, minions = null, dialog = null, geomRadius = 25.0, geomHeight = 70.0, npcType = PLAYER_KILLER in file .\data\npcs\south_arun\velika_outskirt.xml
WARNING 16:15:01:610 NpcTable: found duplicate npc template NpcTemplate npcId = 30008, exp = 0, attack = 91000, defense = 11000, owerAttack = 1000, owerDefense = 20000, level = 100, aggro = 100, factionRange = 5000, name = *Arei*, title = HUrrrr durrrr, factionId = Alliance of Argons, type = 300, isRaid = false, canDrop = false, drop = null, minions = null, dialog = null, geomRadius = 30.0, geomHeight = 70.0, npcType = PLAYER_KILLER in file .\data\npcs\south_arun\velika_outskirt.xml
WARNING 16:15:01:610 NpcTable: found duplicate npc template NpcTemplate npcId = 30010, exp = 0, attack = 410000, defense = 4000, owerAttack = 1500, owerDefense = 7000, level = 100, aggro = 100, factionRange = 5000, name = *Lola*, title = Lover, factionId = Alliance of Argons, type = 300, isRaid = false, canDrop = false, drop = null, minions = null, dialog = null, geomRadius = 20.0, geomHeight = 60.0, npcType = PLAYER_KILLER in file .\data\npcs\south_arun\velika_outskirt.xml
WARNING 16:15:01:621 NpcTable: detected once the file C:\Users\jorou\Downloads\TeraOnlineServer_Shock_1732\gameserver\.\data\npcs\summons\playable_summons.zip
INFO 16:15:01:631 NpcTable: loaded  816 npcs.
INFO 16:15:01:645 ResourseTable: loaded  253 resourses.
INFO 16:15:01:653 MinionTable: loaded 303 minions for 42 npcs.
INFO 16:15:01:655 RegenTaskManager: initializable.
INFO 16:15:01:660 Formulas: initialized.
INFO 16:15:01:660 EffectTaskManager: initialized.
INFO 16:15:01:928 ObjectEventManager: initialized.
INFO 16:15:01:928 MoveTaskManager: initialized.
INFO 16:15:02:220 SpawnTable: loaded 19523 spawns for 622 npcs and 2013 spawns for 60 resourses.
INFO 16:15:02:228 GeoMap3D: start fast import geodata_1.dat
INFO 16:15:02:591 GeoMap3D: import ended. load 1867238 quards.
INFO 16:15:02:592 GeoMap3D: start fast import geodata_2.dat
INFO 16:15:02:731 GeoMap3D: import ended. load 440227 quards.
INFO 16:15:02:732 GeoMap3D: start fast import geodata_3.dat
INFO 16:15:02:764 GeoMap3D: import ended. load 58040 quards.
INFO 16:15:02:764 GeoManager: initialized.
INFO 16:15:02:768 ItemExecutorManager: loaded 0 executor items.
INFO 16:15:02:779 CommandManager: loaded 96 commands.
INFO 16:15:02:788 SkillLearnManager: loaded 950 skill learn's for 8 clases.
INFO 16:15:02:793 AnnounceManager: loaded 0 start announces and 0 running announces.
INFO 16:15:02:795 AccountManager: initialized.
INFO 16:15:02:806 GuildManager: loaded 1 guilds.
INFO 16:15:03:172 QuestManager: loaded 455 quests.
INFO 16:15:03:174 OnlineManager: initialized.
INFO 16:15:03:179 GameLogManager: initialized.
INFO 16:15:03:318 Region: next battle "Veritas District" in 2020.06.28 16:00.
INFO 16:15:03:321 Region: next battle "Ostgarath" in 2020.06.28 16:00.
INFO 16:15:03:326 Region: next battle "Val Palrada" in 2020.06.27 20:00.
INFO 16:15:03:330 Region: next battle "Val Aureum" in 2020.06.27 20:00.
INFO 16:15:03:331 EventManager: loaded 5 events.
INFO 16:15:03:445 EventManager: the nearest event in 44 minutes.
INFO 16:15:03:448 PlayerManager: initialized.
INFO 16:15:03:494 Network: started.
INFO 16:15:03:494 GameServer: started.
INFO 16:16:08:280 AccountManager: authed islanzadie
INFO 16:17:22:144 AccountManager: authed tsuka
WARNING 16:19:05:520 ItemTable: detected once the file C:\Users\jorou\Downloads\TeraOnlineServer_Shock_1732\gameserver\.\data\items\adaptations.txt
INFO 16:19:06:611 ItemTable: reloaded items.
WARNING 16:19:11:783 SkillTable: detected once the file C:\Users\jorou\Downloads\TeraOnlineServer_Shock_1732\gameserver\.\data\skills\summon_skills\deprecated.zip
INFO 16:19:11:811 SkillTable: skills reloaded.
WARNING 16:45:25:862 SkillUseTask: ArrayStoreException : tera.gameserver.model.npc.summons.DefaultSummon : stack trace:
rlib.util.array.ConcurrentArray.add(ConcurrentArray.java:120)
rlib.util.array.ConcurrentArray.add(ConcurrentArray.java:1)
tera.gameserver.model.skillengine.funcs.task.AbstractTaskFunc.addFuncTo(AbstractTaskFunc.java:45)
tera.gameserver.model.skillengine.effects.AbstractEffect.onStart(AbstractEffect.java:324)
tera.gameserver.model.skillengine.effects.AbstractAura.scheduleEffect(AbstractAura.java:84)
tera.gameserver.model.EffectList.addEffect(EffectList.java:200)
tera.gameserver.model.Character.addEffect(Character.java:356)
tera.gameserver.model.skillengine.classes.AbstractSkill.runEffect(AbstractSkill.java:838)
tera.gameserver.model.skillengine.classes.AbstractSkill.addEffects(AbstractSkill.java:165)
tera.gameserver.model.skillengine.classes.Buff.applySkill(Buff.java:34)
tera.gameserver.model.skillengine.classes.Effect.useSkill(Effect.java:67)
tera.gameserver.tasks.SkillUseTask.runImpl(SkillUseTask.java:155)
rlib.util.SafeTask.run(SafeTask.java:18)
java.base/java.util.concurrent.Executors$RunnableAdapter.call(Executors.java:515)
java.base/java.util.concurrent.FutureTask.run(FutureTask.java:264)
java.base/java.util.concurrent.ScheduledThreadPoolExecutor$ScheduledFutureTask.run(ScheduledThreadPoolExecutor.java:304)
java.base/java.util.concurrent.ThreadPoolExecutor.runWorker(ThreadPoolExecutor.java:1128)
java.base/java.util.concurrent.ThreadPoolExecutor$Worker.run(ThreadPoolExecutor.java:628)
java.base/java.lang.Thread.run(Thread.java:830)

WARNING 16:52:58:137 SkillUseTask: ArrayStoreException : tera.gameserver.model.npc.summons.DefaultSummon : stack trace:
rlib.util.array.ConcurrentArray.add(ConcurrentArray.java:120)
rlib.util.array.ConcurrentArray.add(ConcurrentArray.java:1)
tera.gameserver.model.skillengine.funcs.task.AbstractTaskFunc.addFuncTo(AbstractTaskFunc.java:45)
tera.gameserver.model.skillengine.effects.AbstractEffect.onStart(AbstractEffect.java:324)
tera.gameserver.model.skillengine.effects.AbstractAura.scheduleEffect(AbstractAura.java:84)
tera.gameserver.model.EffectList.addEffect(EffectList.java:200)
tera.gameserver.model.Character.addEffect(Character.java:356)
tera.gameserver.model.skillengine.classes.AbstractSkill.runEffect(AbstractSkill.java:838)
tera.gameserver.model.skillengine.classes.AbstractSkill.addEffects(AbstractSkill.java:165)
tera.gameserver.model.skillengine.classes.Buff.applySkill(Buff.java:34)
tera.gameserver.model.skillengine.classes.Effect.useSkill(Effect.java:67)
tera.gameserver.tasks.SkillUseTask.runImpl(SkillUseTask.java:155)
rlib.util.SafeTask.run(SafeTask.java:18)
java.base/java.util.concurrent.Executors$RunnableAdapter.call(Executors.java:515)
java.base/java.util.concurrent.FutureTask.run(FutureTask.java:264)
java.base/java.util.concurrent.ScheduledThreadPoolExecutor$ScheduledFutureTask.run(ScheduledThreadPoolExecutor.java:304)
java.base/java.util.concurrent.ThreadPoolExecutor.runWorker(ThreadPoolExecutor.java:1128)
java.base/java.util.concurrent.ThreadPoolExecutor$Worker.run(ThreadPoolExecutor.java:628)
java.base/java.lang.Thread.run(Thread.java:830)

WARNING 16:55:41:277 ItemCommand: Exception : not create donate item for id 13229 : stack trace:
tera.gameserver.scripts.commands.ItemCommand.execution(ItemCommand.java:124)
tera.gameserver.manager.CommandManager.execute(CommandManager.java:74)
tera.gameserver.network.clientpackets.PlayerSay.runImpl(PlayerSay.java:84)
rlib.network.packets.AbstractReadeablePacket.run(AbstractReadeablePacket.java:175)
java.base/java.util.concurrent.ThreadPoolExecutor.runWorker(ThreadPoolExecutor.java:1128)
java.base/java.util.concurrent.ThreadPoolExecutor$Worker.run(ThreadPoolExecutor.java:628)
java.base/java.lang.Thread.run(Thread.java:830)

WARNING 16:55:52:208 ItemCommand: Exception : not create donate item for id 13237 : stack trace:
tera.gameserver.scripts.commands.ItemCommand.execution(ItemCommand.java:124)
tera.gameserver.manager.CommandManager.execute(CommandManager.java:74)
tera.gameserver.network.clientpackets.PlayerSay.runImpl(PlayerSay.java:84)
rlib.network.packets.AbstractReadeablePacket.run(AbstractReadeablePacket.java:175)
java.base/java.util.concurrent.ThreadPoolExecutor.runWorker(ThreadPoolExecutor.java:1128)
java.base/java.util.concurrent.ThreadPoolExecutor$Worker.run(ThreadPoolExecutor.java:628)
java.base/java.lang.Thread.run(Thread.java:830)

WARNING 16:58:09:995 ItemTable: detected once the file C:\Users\jorou\Downloads\TeraOnlineServer_Shock_1732\gameserver\.\data\items\adaptations.txt
INFO 16:58:10:685 ItemTable: reloaded items.
WARNING 16:58:14:750 ItemTable: detected once the file C:\Users\jorou\Downloads\TeraOnlineServer_Shock_1732\gameserver\.\data\items\adaptations.txt
INFO 16:58:15:302 ItemTable: reloaded items.
WARNING 16:59:27:950 ItemTable: detected once the file C:\Users\jorou\Downloads\TeraOnlineServer_Shock_1732\gameserver\.\data\items\adaptations.txt
INFO 16:59:28:457 ItemTable: reloaded items.
WARNING 17:02:18:557 ItemTable: detected once the file C:\Users\jorou\Downloads\TeraOnlineServer_Shock_1732\gameserver\.\data\items\adaptations.txt
INFO 17:02:19:187 ItemTable: reloaded items.
WARNING 17:03:39:668 ItemCommand: Exception : not create donate item for id 20434 : stack trace:
tera.gameserver.scripts.commands.ItemCommand.execution(ItemCommand.java:124)
tera.gameserver.manager.CommandManager.execute(CommandManager.java:74)
tera.gameserver.network.clientpackets.PlayerSay.runImpl(PlayerSay.java:84)
rlib.network.packets.AbstractReadeablePacket.run(AbstractReadeablePacket.java:175)
java.base/java.util.concurrent.ThreadPoolExecutor.runWorker(ThreadPoolExecutor.java:1128)
java.base/java.util.concurrent.ThreadPoolExecutor$Worker.run(ThreadPoolExecutor.java:628)
java.base/java.lang.Thread.run(Thread.java:830)

WARNING 17:04:56:812 ItemTable: detected once the file C:\Users\jorou\Downloads\TeraOnlineServer_Shock_1732\gameserver\.\data\items\adaptations.txt
WARNING 17:04:56:837 ArmorTemplate: IllegalArgumentException : no enum onPickup : stack trace:
tera.gameserver.model.items.BindType.valueOfXml(BindType.java:28)
tera.gameserver.templates.GearedTemplate.<init>(GearedTemplate.java:58)
tera.gameserver.templates.ArmorTemplate.<init>(ArmorTemplate.java:20)
jdk.internal.reflect.GeneratedConstructorAccessor9.newInstance(Unknown Source)
java.base/jdk.internal.reflect.DelegatingConstructorAccessorImpl.newInstance(DelegatingConstructorAccessorImpl.java:45)
java.base/java.lang.reflect.Constructor.newInstanceWithCaller(Constructor.java:500)
java.base/java.lang.reflect.Constructor.newInstance(Constructor.java:481)
tera.gameserver.model.items.ItemClass.newTemplate(ItemClass.java:120)
tera.gameserver.document.DocumentItem.parse(DocumentItem.java:63)
rlib.data.AbstractDocument.parse(AbstractDocument.java:67)
tera.gameserver.tables.ItemTable.reload(ItemTable.java:241)
tera.gameserver.scripts.commands.ItemCommand.execution(ItemCommand.java:39)
tera.gameserver.manager.CommandManager.execute(CommandManager.java:74)
tera.gameserver.network.clientpackets.PlayerSay.runImpl(PlayerSay.java:84)
rlib.network.packets.AbstractReadeablePacket.run(AbstractReadeablePacket.java:175)
java.base/java.util.concurrent.ThreadPoolExecutor.runWorker(ThreadPoolExecutor.java:1128)
java.base/java.util.concurrent.ThreadPoolExecutor$Worker.run(ThreadPoolExecutor.java:628)
java.base/java.lang.Thread.run(Thread.java:830)

WARNING 17:04:56:841 ItemClass: InvocationTargetException : null : stack trace:
jdk.internal.reflect.GeneratedConstructorAccessor9.newInstance(Unknown Source)
java.base/jdk.internal.reflect.DelegatingConstructorAccessorImpl.newInstance(DelegatingConstructorAccessorImpl.java:45)
java.base/java.lang.reflect.Constructor.newInstanceWithCaller(Constructor.java:500)
java.base/java.lang.reflect.Constructor.newInstance(Constructor.java:481)
tera.gameserver.model.items.ItemClass.newTemplate(ItemClass.java:120)
tera.gameserver.document.DocumentItem.parse(DocumentItem.java:63)
rlib.data.AbstractDocument.parse(AbstractDocument.java:67)
tera.gameserver.tables.ItemTable.reload(ItemTable.java:241)
tera.gameserver.scripts.commands.ItemCommand.execution(ItemCommand.java:39)
tera.gameserver.manager.CommandManager.execute(CommandManager.java:74)
tera.gameserver.network.clientpackets.PlayerSay.runImpl(PlayerSay.java:84)
rlib.network.packets.AbstractReadeablePacket.run(AbstractReadeablePacket.java:175)
java.base/java.util.concurrent.ThreadPoolExecutor.runWorker(ThreadPoolExecutor.java:1128)
java.base/java.util.concurrent.ThreadPoolExecutor$Worker.run(ThreadPoolExecutor.java:628)
java.base/java.lang.Thread.run(Thread.java:830)

INFO 17:04:57:374 ItemTable: reloaded items.
WARNING 17:08:51:767 ItemTable: detected once the file C:\Users\jorou\Downloads\TeraOnlineServer_Shock_1732\gameserver\.\data\items\adaptations.txt
INFO 17:08:52:327 ItemTable: reloaded items.
WARNING 17:11:52:564 SkillTable: detected once the file C:\Users\jorou\Downloads\TeraOnlineServer_Shock_1732\gameserver\.\data\skills\summon_skills\deprecated.zip
INFO 17:11:52:586 SkillTable: skills reloaded.
WARNING 17:12:39:425 SkillTable: detected once the file C:\Users\jorou\Downloads\TeraOnlineServer_Shock_1732\gameserver\.\data\skills\summon_skills\deprecated.zip
INFO 17:12:39:451 SkillTable: skills reloaded.
WARNING 17:13:42:996 SkillTable: detected once the file C:\Users\jorou\Downloads\TeraOnlineServer_Shock_1732\gameserver\.\data\skills\summon_skills\deprecated.zip
INFO 17:13:43:030 SkillTable: skills reloaded.
WARNING 17:14:49:008 SkillTable: detected once the file C:\Users\jorou\Downloads\TeraOnlineServer_Shock_1732\gameserver\.\data\skills\summon_skills\deprecated.zip
INFO 17:14:49:057 SkillTable: skills reloaded.
WARNING 17:14:52:274 ItemTable: detected once the file C:\Users\jorou\Downloads\TeraOnlineServer_Shock_1732\gameserver\.\data\items\adaptations.txt
WARNING 17:14:52:539 DocumentItem: incorrect file .\data\items\weapons\scepter.xml
WARNING 17:14:52:544 DocumentItem: SAXParseException : The element type "mul" must be terminated by the matching end-tag "</mul>". : stack trace:
java.xml/com.sun.org.apache.xerces.internal.parsers.DOMParser.parse(DOMParser.java:261)
java.xml/com.sun.org.apache.xerces.internal.jaxp.DocumentBuilderImpl.parse(DocumentBuilderImpl.java:339)
java.xml/javax.xml.parsers.DocumentBuilder.parse(DocumentBuilder.java:206)
rlib.data.AbstractDocument.parse(AbstractDocument.java:55)
tera.gameserver.tables.ItemTable.reload(ItemTable.java:241)
tera.gameserver.scripts.commands.ItemCommand.execution(ItemCommand.java:39)
tera.gameserver.manager.CommandManager.execute(CommandManager.java:74)
tera.gameserver.network.clientpackets.PlayerSay.runImpl(PlayerSay.java:84)
rlib.network.packets.AbstractReadeablePacket.run(AbstractReadeablePacket.java:175)
java.base/java.util.concurrent.ThreadPoolExecutor.runWorker(ThreadPoolExecutor.java:1128)
java.base/java.util.concurrent.ThreadPoolExecutor$Worker.run(ThreadPoolExecutor.java:628)
java.base/java.lang.Thread.run(Thread.java:830)

WARNING 17:14:52:559 DocumentItem: incorrect file .\data\items\weapons\scepter.xml
WARNING 17:14:52:561 DocumentItem: NullPointerException : null : stack trace:
tera.gameserver.document.DocumentItem.parse(DocumentItem.java:47)
rlib.data.AbstractDocument.parse(AbstractDocument.java:67)
tera.gameserver.tables.ItemTable.reload(ItemTable.java:241)
tera.gameserver.scripts.commands.ItemCommand.execution(ItemCommand.java:39)
tera.gameserver.manager.CommandManager.execute(CommandManager.java:74)
tera.gameserver.network.clientpackets.PlayerSay.runImpl(PlayerSay.java:84)
rlib.network.packets.AbstractReadeablePacket.run(AbstractReadeablePacket.java:175)
java.base/java.util.concurrent.ThreadPoolExecutor.runWorker(ThreadPoolExecutor.java:1128)
java.base/java.util.concurrent.ThreadPoolExecutor$Worker.run(ThreadPoolExecutor.java:628)
java.base/java.lang.Thread.run(Thread.java:830)

INFO 17:14:52:798 ItemTable: reloaded items.
WARNING 17:15:09:217 ItemTable: detected once the file C:\Users\jorou\Downloads\TeraOnlineServer_Shock_1732\gameserver\.\data\items\adaptations.txt
WARNING 17:15:09:456 DocumentItem: incorrect file .\data\items\weapons\scepter.xml
WARNING 17:15:09:476 DocumentItem: SAXParseException : The element type "mul" must be terminated by the matching end-tag "</mul>". : stack trace:
java.xml/com.sun.org.apache.xerces.internal.parsers.DOMParser.parse(DOMParser.java:261)
java.xml/com.sun.org.apache.xerces.internal.jaxp.DocumentBuilderImpl.parse(DocumentBuilderImpl.java:339)
java.xml/javax.xml.parsers.DocumentBuilder.parse(DocumentBuilder.java:206)
rlib.data.AbstractDocument.parse(AbstractDocument.java:55)
tera.gameserver.tables.ItemTable.reload(ItemTable.java:241)
tera.gameserver.scripts.commands.ItemCommand.execution(ItemCommand.java:39)
tera.gameserver.manager.CommandManager.execute(CommandManager.java:74)
tera.gameserver.network.clientpackets.PlayerSay.runImpl(PlayerSay.java:84)
rlib.network.packets.AbstractReadeablePacket.run(AbstractReadeablePacket.java:175)
java.base/java.util.concurrent.ThreadPoolExecutor.runWorker(ThreadPoolExecutor.java:1128)
java.base/java.util.concurrent.ThreadPoolExecutor$Worker.run(ThreadPoolExecutor.java:628)
java.base/java.lang.Thread.run(Thread.java:830)

WARNING 17:15:09:481 DocumentItem: incorrect file .\data\items\weapons\scepter.xml
WARNING 17:15:09:493 DocumentItem: NullPointerException : null : stack trace:
tera.gameserver.document.DocumentItem.parse(DocumentItem.java:47)
rlib.data.AbstractDocument.parse(AbstractDocument.java:67)
tera.gameserver.tables.ItemTable.reload(ItemTable.java:241)
tera.gameserver.scripts.commands.ItemCommand.execution(ItemCommand.java:39)
tera.gameserver.manager.CommandManager.execute(CommandManager.java:74)
tera.gameserver.network.clientpackets.PlayerSay.runImpl(PlayerSay.java:84)
rlib.network.packets.AbstractReadeablePacket.run(AbstractReadeablePacket.java:175)
java.base/java.util.concurrent.ThreadPoolExecutor.runWorker(ThreadPoolExecutor.java:1128)
java.base/java.util.concurrent.ThreadPoolExecutor$Worker.run(ThreadPoolExecutor.java:628)
java.base/java.lang.Thread.run(Thread.java:830)

INFO 17:15:09:715 ItemTable: reloaded items.
WARNING 17:15:12:453 ItemTable: detected once the file C:\Users\jorou\Downloads\TeraOnlineServer_Shock_1732\gameserver\.\data\items\adaptations.txt
WARNING 17:15:12:669 DocumentItem: incorrect file .\data\items\weapons\scepter.xml
WARNING 17:15:12:675 DocumentItem: SAXParseException : The element type "mul" must be terminated by the matching end-tag "</mul>". : stack trace:
java.xml/com.sun.org.apache.xerces.internal.parsers.DOMParser.parse(DOMParser.java:261)
java.xml/com.sun.org.apache.xerces.internal.jaxp.DocumentBuilderImpl.parse(DocumentBuilderImpl.java:339)
java.xml/javax.xml.parsers.DocumentBuilder.parse(DocumentBuilder.java:206)
rlib.data.AbstractDocument.parse(AbstractDocument.java:55)
tera.gameserver.tables.ItemTable.reload(ItemTable.java:241)
tera.gameserver.scripts.commands.ItemCommand.execution(ItemCommand.java:39)
tera.gameserver.manager.CommandManager.execute(CommandManager.java:74)
tera.gameserver.network.clientpackets.PlayerSay.runImpl(PlayerSay.java:84)
rlib.network.packets.AbstractReadeablePacket.run(AbstractReadeablePacket.java:175)
java.base/java.util.concurrent.ThreadPoolExecutor.runWorker(ThreadPoolExecutor.java:1128)
java.base/java.util.concurrent.ThreadPoolExecutor$Worker.run(ThreadPoolExecutor.java:628)
java.base/java.lang.Thread.run(Thread.java:830)

WARNING 17:15:12:676 DocumentItem: incorrect file .\data\items\weapons\scepter.xml
WARNING 17:15:12:677 DocumentItem: NullPointerException : null : stack trace:
tera.gameserver.document.DocumentItem.parse(DocumentItem.java:47)
rlib.data.AbstractDocument.parse(AbstractDocument.java:67)
tera.gameserver.tables.ItemTable.reload(ItemTable.java:241)
tera.gameserver.scripts.commands.ItemCommand.execution(ItemCommand.java:39)
tera.gameserver.manager.CommandManager.execute(CommandManager.java:74)
tera.gameserver.network.clientpackets.PlayerSay.runImpl(PlayerSay.java:84)
rlib.network.packets.AbstractReadeablePacket.run(AbstractReadeablePacket.java:175)
java.base/java.util.concurrent.ThreadPoolExecutor.runWorker(ThreadPoolExecutor.java:1128)
java.base/java.util.concurrent.ThreadPoolExecutor$Worker.run(ThreadPoolExecutor.java:628)
java.base/java.lang.Thread.run(Thread.java:830)

INFO 17:15:12:886 ItemTable: reloaded items.
WARNING 17:15:29:473 ItemTable: detected once the file C:\Users\jorou\Downloads\TeraOnlineServer_Shock_1732\gameserver\.\data\items\adaptations.txt
INFO 17:15:29:862 ItemTable: reloaded items.
WARNING 17:42:42:698 ItemTable: detected once the file C:\Users\jorou\Downloads\TeraOnlineServer_Shock_1732\gameserver\.\data\items\adaptations.txt
INFO 17:42:43:071 ItemTable: reloaded items.
WARNING 17:46:14:407 SkillTable: detected once the file C:\Users\jorou\Downloads\TeraOnlineServer_Shock_1732\gameserver\.\data\skills\summon_skills\deprecated.zip
INFO 17:46:14:440 SkillTable: skills reloaded.
WARNING 17:46:31:860 SkillTable: detected once the file C:\Users\jorou\Downloads\TeraOnlineServer_Shock_1732\gameserver\.\data\skills\summon_skills\deprecated.zip
INFO 17:46:31:915 SkillTable: skills reloaded.
WARNING 17:47:00:921 SkillTable: detected once the file C:\Users\jorou\Downloads\TeraOnlineServer_Shock_1732\gameserver\.\data\skills\summon_skills\deprecated.zip
INFO 17:47:00:949 SkillTable: skills reloaded.
INFO 17:47:19:225 AccountManager: close islanzadie
INFO 17:48:31:248 AccountManager: authed islanzadie
INFO 17:49:41:226 AccountManager: close islanzadie
