INFO 23:34:11:150 ServerControl: open server socket on 2101 port.
INFO 23:34:11:156 ExecutorManager: initialized.
INFO 23:34:11:468 CleaningManager: delete 0 reuses from a character_skill_reuses.
INFO 23:34:11:469 CleaningManager: delete 0 spawns from a boss_spawn.
INFO 23:34:11:469 CleaningManager: delete 0 appearances from a character_appearances.
INFO 23:34:11:470 CleaningManager: delete 0 effects from a character_save_effects.
INFO 23:34:11:471 CleaningManager: delete 0 inventors from a character_inventors.
INFO 23:34:11:471 CleaningManager: delete 0 skills from a character_skills.
INFO 23:34:11:471 CleaningManager: delete 0 hotkeys from a character_hotkey.
INFO 23:34:11:472 CleaningManager: delete 0 chars from a character_friends.
INFO 23:34:11:473 CleaningManager: delete 0 friends from a character_friends.
INFO 23:34:11:474 CleaningManager: delete 0 settings from a character_settings.
INFO 23:34:11:474 CleaningManager: delete 0 empty items from a items.
INFO 23:34:11:475 CleaningManager: delete 0 no owner items from a items.
INFO 23:34:11:475 CleaningManager: delete 0 no owner guild items from a items.
INFO 23:34:11:504 CleaningManager: create buffer table items.
INFO 23:34:11:506 CleaningManager: copy 30 items to buffer_items.
INFO 23:34:11:506 CleaningManager: delete 0 no owner items from a buffer_items.
INFO 23:34:11:515 CleaningManager: drop buffer table items.
INFO 23:34:11:516 CleaningManager: delete 0 from a quests.
INFO 23:34:11:516 CleaningManager: delete 0 from a quest variables.
INFO 23:34:11:517 CleaningManager: delete 0 from a guild ranks.
INFO 23:34:11:559 ClientPacketType: client packets prepared.
INFO 23:34:11:570 EffectParser: initialized.
INFO 23:34:11:572 RandomManager: initialized.
INFO 23:34:11:573 IdFactory: prepare npc ids...
INFO 23:34:11:576 BitSetIdGenerator: 102912 id's available.
INFO 23:34:11:576 IdFactory: prepare objects ids...
INFO 23:34:11:577 BitSetIdGenerator: 102912 id's available.
INFO 23:34:11:577 IdFactory: prepare players ids...
INFO 23:34:11:579 BitSetIdGenerator: extracted 3 ids.
INFO 23:34:11:580 BitSetIdGenerator: 102912 id's available.
INFO 23:34:11:580 IdFactory: prepare guilds ids...
INFO 23:34:11:581 BitSetIdGenerator: extracted 0 ids.
INFO 23:34:11:581 BitSetIdGenerator: 102912 id's available.
INFO 23:34:11:582 IdFactory: prepare item ids...
INFO 23:34:11:583 BitSetIdGenerator: extracted 30 ids.
INFO 23:34:11:583 BitSetIdGenerator: 102912 id's available.
INFO 23:34:11:594 ServerVarManager: loaded 0 variables.
INFO 23:34:11:597 BossSpawnManager: loaded 0 boss spawns.
INFO 23:34:12:192 TerritoryTable: loaded 160 territories for 18803 regions.
INFO 23:34:13:338 WorldZoneTable: loaded 12 world zones for 31986 regions.
INFO 23:34:13:339 ConditionParser: initializable.
WARNING 23:34:13:642 SkillTable: detected once the file C:\Users\jorou\Downloads\TeraOnlineServer_Shock_1732\gameserver\.\data\skills\summon_skills\deprecated.zip
INFO 23:34:13:653 SkillTable: loaded 4613 skills for 19 classes.
INFO 23:34:14:010 ItemTable: loaded 10138 items.
INFO 23:34:14:019 Race: race appearances initializable.
INFO 23:34:14:025 PlayerTable: loaded 104 player templates.
INFO 23:34:14:252 DropTable: load drop for 407 npcs and 126 for resourse.
INFO 23:34:14:257 TownTable: initialized.
WARNING 23:34:14:278 NpcDialogTable: detected once the file C:\Users\jorou\Downloads\TeraOnlineServer_Shock_1732\gameserver\.\data\dialogs\dialogs.txt
INFO 23:34:14:304 NpcDialogTable: loaded 87 dialogs.
INFO 23:34:14:312 MessagePackageTable: loaded 34 message packages.
INFO 23:34:14:340 ConfigAITable: loaded 45 npc ai configs.
INFO 23:34:14:351 NpcAppearanceTable: initialized. Loaded 59 appearances.
WARNING 23:34:14:460 NpcTable: detected once the file C:\Users\jorou\Downloads\TeraOnlineServer_Shock_1732\gameserver\.\data\npcs\summons\playable_summons.zip
INFO 23:34:14:469 NpcTable: loaded  816 npcs.
INFO 23:34:14:480 ResourseTable: loaded  253 resourses.
INFO 23:34:14:488 MinionTable: loaded 303 minions for 42 npcs.
INFO 23:34:14:489 RegenTaskManager: initializable.
INFO 23:34:14:494 Formulas: initialized.
INFO 23:34:14:495 EffectTaskManager: initialized.
INFO 23:34:14:762 ObjectEventManager: initialized.
INFO 23:34:14:762 MoveTaskManager: initialized.
INFO 23:34:15:281 SpawnTable: loaded 19515 spawns for 617 npcs and 2013 spawns for 60 resourses.
INFO 23:34:15:320 GeoMap3D: start fast import geodata_1.dat
INFO 23:34:15:504 GeoMap3D: import ended. load 1867238 quards.
INFO 23:34:15:504 GeoMap3D: start fast import geodata_2.dat
INFO 23:34:15:575 GeoMap3D: import ended. load 440227 quards.
INFO 23:34:15:577 GeoMap3D: start fast import geodata_3.dat
INFO 23:34:15:597 GeoMap3D: import ended. load 58040 quards.
INFO 23:34:15:598 GeoManager: initialized.
INFO 23:34:15:602 ItemExecutorManager: loaded 0 executor items.
INFO 23:34:15:613 CommandManager: loaded 94 commands.
INFO 23:34:15:626 SkillLearnManager: loaded 950 skill learn's for 8 clases.
INFO 23:34:15:630 AnnounceManager: loaded 0 start announces and 0 running announces.
INFO 23:34:15:633 AccountManager: initialized.
INFO 23:34:15:636 GuildManager: loaded 0 guilds.
INFO 23:34:16:063 QuestManager: loaded 455 quests.
INFO 23:34:16:085 OnlineManager: initialized.
INFO 23:34:16:096 GameLogManager: initialized.
INFO 23:34:16:164 Region: next battle "Veritas District" in 2020.06.21 16:00.
INFO 23:34:16:166 Region: next battle "Ostgarath" in 2020.06.21 16:00.
INFO 23:34:16:168 Region: next battle "Val Palrada" in 2020.06.27 20:00.
INFO 23:34:16:170 Region: next battle "Val Aureum" in 2020.06.27 20:00.
INFO 23:34:16:170 EventManager: loaded 5 events.
INFO 23:34:16:275 EventManager: the nearest event in 52 minutes.
INFO 23:34:16:279 PlayerManager: initialized.
INFO 23:34:16:290 Network: started.
INFO 23:34:16:290 GameServer: started.
INFO 23:35:02:378 AccountManager: authed islanzadie
INFO 23:35:30:876 AccountManager: close islanzadie
WARNING 23:36:24:564 DataBaseManager: CommunicationsException : Communications link failure

The last packet successfully received from the server was 66 574 milliseconds ago.  The last packet sent successfully to the server was 66 575 milliseconds ago. : stack trace:
java.base/jdk.internal.reflect.NativeConstructorAccessorImpl.newInstance0(Native Method)
java.base/jdk.internal.reflect.NativeConstructorAccessorImpl.newInstance(NativeConstructorAccessorImpl.java:62)
java.base/jdk.internal.reflect.DelegatingConstructorAccessorImpl.newInstance(DelegatingConstructorAccessorImpl.java:45)
java.base/java.lang.reflect.Constructor.newInstanceWithCaller(Constructor.java:500)
java.base/java.lang.reflect.Constructor.newInstance(Constructor.java:481)
com.mysql.jdbc.Util.handleNewInstance(Util.java:411)
com.mysql.jdbc.SQLError.createCommunicationsException(SQLError.java:1116)
com.mysql.jdbc.MysqlIO.send(MysqlIO.java:3352)
com.mysql.jdbc.MysqlIO.sendCommand(MysqlIO.java:1971)
com.mysql.jdbc.MysqlIO.sqlQueryDirect(MysqlIO.java:2151)
com.mysql.jdbc.ConnectionImpl.execSQL(ConnectionImpl.java:2625)
com.mysql.jdbc.PreparedStatement.executeInternal(PreparedStatement.java:2119)
com.mysql.jdbc.PreparedStatement.executeQuery(PreparedStatement.java:2281)
com.jolbox.bonecp.PreparedStatementHandle.executeQuery(PreparedStatementHandle.java:172)
tera.gameserver.manager.DataBaseManager.restoreAccount(DataBaseManager.java:2372)
tera.gameserver.manager.AccountManager.login(AccountManager.java:216)
tera.gameserver.network.clientpackets.RequestAuthLogin.runImpl(RequestAuthLogin.java:48)
rlib.network.packets.AbstractReadeablePacket.run(AbstractReadeablePacket.java:175)
java.base/java.util.concurrent.ThreadPoolExecutor.runWorker(ThreadPoolExecutor.java:1128)
java.base/java.util.concurrent.ThreadPoolExecutor$Worker.run(ThreadPoolExecutor.java:628)
java.base/java.lang.Thread.run(Thread.java:830)

WARNING 23:36:24:580 DataBaseManager: MySQLIntegrityConstraintViolationException : Duplicate entry 'islanzadie' for key 'login' : stack trace:
java.base/jdk.internal.reflect.NativeConstructorAccessorImpl.newInstance0(Native Method)
java.base/jdk.internal.reflect.NativeConstructorAccessorImpl.newInstance(NativeConstructorAccessorImpl.java:62)
java.base/jdk.internal.reflect.DelegatingConstructorAccessorImpl.newInstance(DelegatingConstructorAccessorImpl.java:45)
java.base/java.lang.reflect.Constructor.newInstanceWithCaller(Constructor.java:500)
java.base/java.lang.reflect.Constructor.newInstance(Constructor.java:481)
com.mysql.jdbc.Util.handleNewInstance(Util.java:411)
com.mysql.jdbc.Util.getInstance(Util.java:386)
com.mysql.jdbc.SQLError.createSQLException(SQLError.java:1039)
com.mysql.jdbc.MysqlIO.checkErrorPacket(MysqlIO.java:3597)
com.mysql.jdbc.MysqlIO.checkErrorPacket(MysqlIO.java:3529)
com.mysql.jdbc.MysqlIO.sendCommand(MysqlIO.java:1990)
com.mysql.jdbc.MysqlIO.sqlQueryDirect(MysqlIO.java:2151)
com.mysql.jdbc.ConnectionImpl.execSQL(ConnectionImpl.java:2625)
com.mysql.jdbc.PreparedStatement.executeInternal(PreparedStatement.java:2119)
com.mysql.jdbc.PreparedStatement.execute(PreparedStatement.java:1362)
com.jolbox.bonecp.PreparedStatementHandle.execute(PreparedStatementHandle.java:138)
tera.gameserver.manager.DataBaseManager.createAccount(DataBaseManager.java:300)
tera.gameserver.manager.AccountManager.login(AccountManager.java:220)
tera.gameserver.network.clientpackets.RequestAuthLogin.runImpl(RequestAuthLogin.java:48)
rlib.network.packets.AbstractReadeablePacket.run(AbstractReadeablePacket.java:175)
java.base/java.util.concurrent.ThreadPoolExecutor.runWorker(ThreadPoolExecutor.java:1128)
java.base/java.util.concurrent.ThreadPoolExecutor$Worker.run(ThreadPoolExecutor.java:628)
java.base/java.lang.Thread.run(Thread.java:830)

INFO 23:36:24:583 AccountManager: not found account: islanzadie
WARNING 23:39:48:564 DataBaseManager: CommunicationsException : Communications link failure

The last packet successfully received from the server was 203 979 milliseconds ago.  The last packet sent successfully to the server was 203 979 milliseconds ago. : stack trace:
java.base/jdk.internal.reflect.NativeConstructorAccessorImpl.newInstance0(Native Method)
java.base/jdk.internal.reflect.NativeConstructorAccessorImpl.newInstance(NativeConstructorAccessorImpl.java:62)
java.base/jdk.internal.reflect.DelegatingConstructorAccessorImpl.newInstance(DelegatingConstructorAccessorImpl.java:45)
java.base/java.lang.reflect.Constructor.newInstanceWithCaller(Constructor.java:500)
java.base/java.lang.reflect.Constructor.newInstance(Constructor.java:481)
com.mysql.jdbc.Util.handleNewInstance(Util.java:411)
com.mysql.jdbc.SQLError.createCommunicationsException(SQLError.java:1116)
com.mysql.jdbc.MysqlIO.send(MysqlIO.java:3352)
com.mysql.jdbc.MysqlIO.sendCommand(MysqlIO.java:1971)
com.mysql.jdbc.MysqlIO.sqlQueryDirect(MysqlIO.java:2151)
com.mysql.jdbc.ConnectionImpl.execSQL(ConnectionImpl.java:2625)
com.mysql.jdbc.PreparedStatement.executeInternal(PreparedStatement.java:2119)
com.mysql.jdbc.PreparedStatement.executeQuery(PreparedStatement.java:2281)
com.jolbox.bonecp.PreparedStatementHandle.executeQuery(PreparedStatementHandle.java:172)
tera.gameserver.manager.DataBaseManager.restoreAccount(DataBaseManager.java:2372)
tera.gameserver.manager.AccountManager.login(AccountManager.java:216)
tera.gameserver.network.clientpackets.RequestAuthLogin.runImpl(RequestAuthLogin.java:48)
rlib.network.packets.AbstractReadeablePacket.run(AbstractReadeablePacket.java:175)
java.base/java.util.concurrent.ThreadPoolExecutor.runWorker(ThreadPoolExecutor.java:1128)
java.base/java.util.concurrent.ThreadPoolExecutor$Worker.run(ThreadPoolExecutor.java:628)
java.base/java.lang.Thread.run(Thread.java:830)

WARNING 23:39:48:572 DataBaseManager: MySQLIntegrityConstraintViolationException : Duplicate entry 'islanzadie' for key 'login' : stack trace:
java.base/jdk.internal.reflect.NativeConstructorAccessorImpl.newInstance0(Native Method)
java.base/jdk.internal.reflect.NativeConstructorAccessorImpl.newInstance(NativeConstructorAccessorImpl.java:62)
java.base/jdk.internal.reflect.DelegatingConstructorAccessorImpl.newInstance(DelegatingConstructorAccessorImpl.java:45)
java.base/java.lang.reflect.Constructor.newInstanceWithCaller(Constructor.java:500)
java.base/java.lang.reflect.Constructor.newInstance(Constructor.java:481)
com.mysql.jdbc.Util.handleNewInstance(Util.java:411)
com.mysql.jdbc.Util.getInstance(Util.java:386)
com.mysql.jdbc.SQLError.createSQLException(SQLError.java:1039)
com.mysql.jdbc.MysqlIO.checkErrorPacket(MysqlIO.java:3597)
com.mysql.jdbc.MysqlIO.checkErrorPacket(MysqlIO.java:3529)
com.mysql.jdbc.MysqlIO.sendCommand(MysqlIO.java:1990)
com.mysql.jdbc.MysqlIO.sqlQueryDirect(MysqlIO.java:2151)
com.mysql.jdbc.ConnectionImpl.execSQL(ConnectionImpl.java:2625)
com.mysql.jdbc.PreparedStatement.executeInternal(PreparedStatement.java:2119)
com.mysql.jdbc.PreparedStatement.execute(PreparedStatement.java:1362)
com.jolbox.bonecp.PreparedStatementHandle.execute(PreparedStatementHandle.java:138)
tera.gameserver.manager.DataBaseManager.createAccount(DataBaseManager.java:300)
tera.gameserver.manager.AccountManager.login(AccountManager.java:220)
tera.gameserver.network.clientpackets.RequestAuthLogin.runImpl(RequestAuthLogin.java:48)
rlib.network.packets.AbstractReadeablePacket.run(AbstractReadeablePacket.java:175)
java.base/java.util.concurrent.ThreadPoolExecutor.runWorker(ThreadPoolExecutor.java:1128)
java.base/java.util.concurrent.ThreadPoolExecutor$Worker.run(ThreadPoolExecutor.java:628)
java.base/java.lang.Thread.run(Thread.java:830)

INFO 23:39:48:576 AccountManager: not found account: islanzadie
WARNING 23:40:59:566 DataBaseManager: CommunicationsException : Communications link failure

The last packet successfully received from the server was 70 990 milliseconds ago.  The last packet sent successfully to the server was 70 990 milliseconds ago. : stack trace:
java.base/jdk.internal.reflect.NativeConstructorAccessorImpl.newInstance0(Native Method)
java.base/jdk.internal.reflect.NativeConstructorAccessorImpl.newInstance(NativeConstructorAccessorImpl.java:62)
java.base/jdk.internal.reflect.DelegatingConstructorAccessorImpl.newInstance(DelegatingConstructorAccessorImpl.java:45)
java.base/java.lang.reflect.Constructor.newInstanceWithCaller(Constructor.java:500)
java.base/java.lang.reflect.Constructor.newInstance(Constructor.java:481)
com.mysql.jdbc.Util.handleNewInstance(Util.java:411)
com.mysql.jdbc.SQLError.createCommunicationsException(SQLError.java:1116)
com.mysql.jdbc.MysqlIO.send(MysqlIO.java:3352)
com.mysql.jdbc.MysqlIO.sendCommand(MysqlIO.java:1971)
com.mysql.jdbc.MysqlIO.sqlQueryDirect(MysqlIO.java:2151)
com.mysql.jdbc.ConnectionImpl.execSQL(ConnectionImpl.java:2625)
com.mysql.jdbc.PreparedStatement.executeInternal(PreparedStatement.java:2119)
com.mysql.jdbc.PreparedStatement.executeQuery(PreparedStatement.java:2281)
com.jolbox.bonecp.PreparedStatementHandle.executeQuery(PreparedStatementHandle.java:172)
tera.gameserver.manager.DataBaseManager.restoreAccount(DataBaseManager.java:2372)
tera.gameserver.manager.AccountManager.login(AccountManager.java:216)
tera.gameserver.network.clientpackets.RequestAuthLogin.runImpl(RequestAuthLogin.java:48)
rlib.network.packets.AbstractReadeablePacket.run(AbstractReadeablePacket.java:175)
java.base/java.util.concurrent.ThreadPoolExecutor.runWorker(ThreadPoolExecutor.java:1128)
java.base/java.util.concurrent.ThreadPoolExecutor$Worker.run(ThreadPoolExecutor.java:628)
java.base/java.lang.Thread.run(Thread.java:830)

WARNING 23:40:59:577 DataBaseManager: MySQLIntegrityConstraintViolationException : Duplicate entry 'islanzadie' for key 'login' : stack trace:
java.base/jdk.internal.reflect.NativeConstructorAccessorImpl.newInstance0(Native Method)
java.base/jdk.internal.reflect.NativeConstructorAccessorImpl.newInstance(NativeConstructorAccessorImpl.java:62)
java.base/jdk.internal.reflect.DelegatingConstructorAccessorImpl.newInstance(DelegatingConstructorAccessorImpl.java:45)
java.base/java.lang.reflect.Constructor.newInstanceWithCaller(Constructor.java:500)
java.base/java.lang.reflect.Constructor.newInstance(Constructor.java:481)
com.mysql.jdbc.Util.handleNewInstance(Util.java:411)
com.mysql.jdbc.Util.getInstance(Util.java:386)
com.mysql.jdbc.SQLError.createSQLException(SQLError.java:1039)
com.mysql.jdbc.MysqlIO.checkErrorPacket(MysqlIO.java:3597)
com.mysql.jdbc.MysqlIO.checkErrorPacket(MysqlIO.java:3529)
com.mysql.jdbc.MysqlIO.sendCommand(MysqlIO.java:1990)
com.mysql.jdbc.MysqlIO.sqlQueryDirect(MysqlIO.java:2151)
com.mysql.jdbc.ConnectionImpl.execSQL(ConnectionImpl.java:2625)
com.mysql.jdbc.PreparedStatement.executeInternal(PreparedStatement.java:2119)
com.mysql.jdbc.PreparedStatement.execute(PreparedStatement.java:1362)
com.jolbox.bonecp.PreparedStatementHandle.execute(PreparedStatementHandle.java:138)
tera.gameserver.manager.DataBaseManager.createAccount(DataBaseManager.java:300)
tera.gameserver.manager.AccountManager.login(AccountManager.java:220)
tera.gameserver.network.clientpackets.RequestAuthLogin.runImpl(RequestAuthLogin.java:48)
rlib.network.packets.AbstractReadeablePacket.run(AbstractReadeablePacket.java:175)
java.base/java.util.concurrent.ThreadPoolExecutor.runWorker(ThreadPoolExecutor.java:1128)
java.base/java.util.concurrent.ThreadPoolExecutor$Worker.run(ThreadPoolExecutor.java:628)
java.base/java.lang.Thread.run(Thread.java:830)

INFO 23:40:59:578 AccountManager: not found account: islanzadie
