INFO 08:46:43:664 ServerControl: open server socket on 2101 port.
INFO 08:46:43:703 ExecutorManager: initialized.
INFO 08:46:45:125 CleaningManager: delete 0 reuses from a character_skill_reuses.
INFO 08:46:45:211 CleaningManager: delete 0 spawns from a boss_spawn.
INFO 08:46:45:329 CleaningManager: delete 0 appearances from a character_appearances.
INFO 08:46:45:391 CleaningManager: delete 0 effects from a character_save_effects.
INFO 08:46:45:453 CleaningManager: delete 0 inventors from a character_inventors.
INFO 08:46:45:560 CleaningManager: delete 0 skills from a character_skills.
INFO 08:46:45:631 CleaningManager: delete 0 hotkeys from a character_hotkey.
INFO 08:46:45:660 CleaningManager: delete 0 chars from a character_friends.
INFO 08:46:45:661 CleaningManager: delete 0 friends from a character_friends.
INFO 08:46:45:716 CleaningManager: delete 0 settings from a character_settings.
INFO 08:46:45:776 CleaningManager: delete 0 empty items from a items.
INFO 08:46:45:806 CleaningManager: delete 0 no owner items from a items.
INFO 08:46:45:900 CleaningManager: delete 0 no owner guild items from a items.
INFO 08:46:45:997 CleaningManager: create buffer table items.
INFO 08:46:46:012 CleaningManager: copy 218 items to buffer_items.
INFO 08:46:46:013 CleaningManager: delete 0 no owner items from a buffer_items.
INFO 08:46:46:022 CleaningManager: drop buffer table items.
INFO 08:46:46:069 CleaningManager: delete 0 from a quests.
INFO 08:46:46:105 CleaningManager: delete 0 from a quest variables.
INFO 08:46:46:155 CleaningManager: delete 0 from a guild ranks.
INFO 08:46:46:357 ClientPacketType: client packets prepared.
INFO 08:46:46:457 EffectParser: initialized.
INFO 08:46:46:465 RandomManager: initialized.
INFO 08:46:46:466 IdFactory: prepare npc ids...
INFO 08:46:46:509 BitSetIdGenerator: 102912 id's available.
INFO 08:46:46:509 IdFactory: prepare objects ids...
INFO 08:46:46:510 BitSetIdGenerator: 102912 id's available.
INFO 08:46:46:510 IdFactory: prepare players ids...
INFO 08:46:46:550 BitSetIdGenerator: extracted 12 ids.
INFO 08:46:46:551 BitSetIdGenerator: 102912 id's available.
INFO 08:46:46:551 IdFactory: prepare guilds ids...
INFO 08:46:46:552 BitSetIdGenerator: extracted 1 ids.
INFO 08:46:46:553 BitSetIdGenerator: 102912 id's available.
INFO 08:46:46:553 IdFactory: prepare item ids...
INFO 08:46:46:555 BitSetIdGenerator: extracted 218 ids.
INFO 08:46:46:556 BitSetIdGenerator: 102912 id's available.
INFO 08:46:46:626 ServerVarManager: loaded 0 variables.
INFO 08:46:46:871 BossSpawnManager: loaded 0 boss spawns.
INFO 08:46:47:912 TerritoryTable: loaded 160 territories for 18803 regions.
INFO 08:46:49:120 WorldZoneTable: loaded 12 world zones for 31986 regions.
INFO 08:46:49:147 ConditionParser: initializable.
WARNING 08:46:50:181 SkillTable: detected once the file C:\Users\jorou\Downloads\TeraOnlineServer_Shock_1732\gameserver\.\data\skills\summon_skills\deprecated.zip
INFO 08:46:50:285 SkillTable: loaded 4613 skills for 19 classes.
WARNING 08:46:50:378 ItemTable: detected once the file C:\Users\jorou\Downloads\TeraOnlineServer_Shock_1732\gameserver\.\data\items\adaptations.txt
INFO 08:46:51:129 ItemTable: loaded 10138 items.
INFO 08:46:51:219 Race: race appearances initializable.
INFO 08:46:51:241 PlayerTable: loaded 104 player templates.
WARNING 08:46:51:642 DropTable: not found items [50048]
INFO 08:46:51:642 DropTable: load drop for 407 npcs and 126 for resourse.
INFO 08:46:51:677 TownTable: initialized.
WARNING 08:46:51:729 NpcDialogTable: detected once the file C:\Users\jorou\Downloads\TeraOnlineServer_Shock_1732\gameserver\.\data\dialogs\dialogs.txt
INFO 08:46:51:794 NpcDialogTable: loaded 87 dialogs.
INFO 08:46:51:841 MessagePackageTable: loaded 34 message packages.
INFO 08:46:51:958 ConfigAITable: loaded 45 npc ai configs.
INFO 08:46:52:048 NpcAppearanceTable: initialized. Loaded 59 appearances.
WARNING 08:46:52:864 NpcTable: found duplicate npc template NpcTemplate npcId = 20001, exp = 0, attack = 126000, defense = 5000, owerAttack = 1500, owerDefense = 10000, level = 60, aggro = 5000, factionRange = 5000, name = *Шальной*, title = Мастер мечей, factionId = Элита, type = 300, isRaid = false, canDrop = false, drop = null, minions = null, dialog = null, geomRadius = 20.0, geomHeight = 60.0, npcType = EPIC_BATTLE_NPC in file .\data\npcs\south_arun\velika.xml
WARNING 08:46:52:931 NpcTable: detected once the file C:\Users\jorou\Downloads\TeraOnlineServer_Shock_1732\gameserver\.\data\npcs\summons\playable_summons.zip
INFO 08:46:52:964 NpcTable: loaded  816 npcs.
INFO 08:46:53:024 ResourseTable: loaded  253 resourses.
INFO 08:46:53:042 MinionTable: loaded 303 minions for 42 npcs.
INFO 08:46:53:043 RegenTaskManager: initializable.
INFO 08:46:53:081 Formulas: initialized.
INFO 08:46:53:082 EffectTaskManager: initialized.
INFO 08:46:53:915 ObjectEventManager: initialized.
INFO 08:46:53:916 MoveTaskManager: initialized.
INFO 08:46:54:252 SpawnTable: loaded 19516 spawns for 618 npcs and 2013 spawns for 60 resourses.
INFO 08:46:54:316 GeoMap3D: start fast import geodata_1.dat
INFO 08:46:54:685 GeoMap3D: import ended. load 1867238 quards.
INFO 08:46:54:708 GeoMap3D: start fast import geodata_2.dat
INFO 08:46:54:803 GeoMap3D: import ended. load 440227 quards.
INFO 08:46:54:824 GeoMap3D: start fast import geodata_3.dat
INFO 08:46:54:871 GeoMap3D: import ended. load 58040 quards.
INFO 08:46:54:871 GeoManager: initialized.
INFO 08:46:54:882 ItemExecutorManager: loaded 0 executor items.
INFO 08:46:54:910 CommandManager: loaded 95 commands.
INFO 08:46:54:932 SkillLearnManager: loaded 950 skill learn's for 8 clases.
INFO 08:46:54:954 AnnounceManager: loaded 0 start announces and 0 running announces.
INFO 08:46:54:955 AccountManager: initialized.
INFO 08:46:55:036 GuildManager: loaded 1 guilds.
INFO 08:46:55:462 QuestManager: loaded 455 quests.
INFO 08:46:55:465 OnlineManager: initialized.
INFO 08:46:55:588 GameLogManager: initialized.
INFO 08:46:56:099 Region: next battle "Veritas District" in 2020.06.28 16:00.
INFO 08:46:56:101 Region: next battle "Ostgarath" in 2020.06.28 16:00.
INFO 08:46:56:102 Region: next battle "Val Palrada" in 2020.06.27 20:00.
INFO 08:46:56:104 Region: next battle "Val Aureum" in 2020.06.27 20:00.
INFO 08:46:56:104 EventManager: loaded 5 events.
INFO 08:46:56:203 EventManager: the nearest event in 30 minutes.
INFO 08:46:56:206 PlayerManager: initialized.
INFO 08:46:56:257 Network: started.
INFO 08:46:56:257 GameServer: started.
INFO 08:49:46:799 AccountManager: authed islanzadie
WARNING 08:54:12:034 NpcTable: detected once the file C:\Users\jorou\Downloads\TeraOnlineServer_Shock_1732\gameserver\.\data\npcs\summons\playable_summons.zip
INFO 08:54:12:075 NpcTable: npcs reloaded.
INFO 08:54:17:380 SpawnTable: reloaded.
INFO 08:54:32:998 SpawnTable: reloaded.
INFO 08:56:01:999 SpawnTable: reloaded.
WARNING 08:57:08:915 DefaultNpcAI: IllegalArgumentException : not found config. : stack trace:
tera.gameserver.model.ai.npc.classes.AbstractNpcAI.<init>(AbstractNpcAI.java:111)
tera.gameserver.model.ai.npc.classes.DefaultNpcAI.<init>(DefaultNpcAI.java:15)
jdk.internal.reflect.GeneratedConstructorAccessor35.newInstance(Unknown Source)
java.base/jdk.internal.reflect.DelegatingConstructorAccessorImpl.newInstance(DelegatingConstructorAccessorImpl.java:45)
java.base/java.lang.reflect.Constructor.newInstanceWithCaller(Constructor.java:500)
java.base/java.lang.reflect.Constructor.newInstance(Constructor.java:481)
tera.gameserver.model.ai.npc.NpcAIClass.newInstance(NpcAIClass.java:66)
tera.gameserver.model.npc.spawn.NpcSpawn.doSpawn(NpcSpawn.java:161)
tera.gameserver.model.npc.spawn.NpcSpawn.start(NpcSpawn.java:432)
tera.gameserver.scripts.commands.NpcCommands.execution(NpcCommands.java:219)
tera.gameserver.manager.CommandManager.execute(CommandManager.java:74)
tera.gameserver.network.clientpackets.PlayerSay.runImpl(PlayerSay.java:84)
rlib.network.packets.AbstractReadeablePacket.run(AbstractReadeablePacket.java:175)
java.base/java.util.concurrent.ThreadPoolExecutor.runWorker(ThreadPoolExecutor.java:1128)
java.base/java.util.concurrent.ThreadPoolExecutor$Worker.run(ThreadPoolExecutor.java:628)
java.base/java.lang.Thread.run(Thread.java:830)

WARNING 08:57:08:919 CommandManager: IllegalArgumentException : java.lang.reflect.InvocationTargetException : stack trace:
tera.gameserver.model.ai.npc.NpcAIClass.newInstance(NpcAIClass.java:70)
tera.gameserver.model.npc.spawn.NpcSpawn.doSpawn(NpcSpawn.java:161)
tera.gameserver.model.npc.spawn.NpcSpawn.start(NpcSpawn.java:432)
tera.gameserver.scripts.commands.NpcCommands.execution(NpcCommands.java:219)
tera.gameserver.manager.CommandManager.execute(CommandManager.java:74)
tera.gameserver.network.clientpackets.PlayerSay.runImpl(PlayerSay.java:84)
rlib.network.packets.AbstractReadeablePacket.run(AbstractReadeablePacket.java:175)
java.base/java.util.concurrent.ThreadPoolExecutor.runWorker(ThreadPoolExecutor.java:1128)
java.base/java.util.concurrent.ThreadPoolExecutor$Worker.run(ThreadPoolExecutor.java:628)
java.base/java.lang.Thread.run(Thread.java:830)

WARNING 08:57:16:261 DefaultNpcAI: IllegalArgumentException : not found config. : stack trace:
tera.gameserver.model.ai.npc.classes.AbstractNpcAI.<init>(AbstractNpcAI.java:111)
tera.gameserver.model.ai.npc.classes.DefaultNpcAI.<init>(DefaultNpcAI.java:15)
jdk.internal.reflect.GeneratedConstructorAccessor35.newInstance(Unknown Source)
java.base/jdk.internal.reflect.DelegatingConstructorAccessorImpl.newInstance(DelegatingConstructorAccessorImpl.java:45)
java.base/java.lang.reflect.Constructor.newInstanceWithCaller(Constructor.java:500)
java.base/java.lang.reflect.Constructor.newInstance(Constructor.java:481)
tera.gameserver.model.ai.npc.NpcAIClass.newInstance(NpcAIClass.java:66)
tera.gameserver.model.npc.spawn.NpcSpawn.doSpawn(NpcSpawn.java:161)
tera.gameserver.model.npc.spawn.NpcSpawn.start(NpcSpawn.java:432)
tera.gameserver.scripts.commands.NpcCommands.execution(NpcCommands.java:219)
tera.gameserver.manager.CommandManager.execute(CommandManager.java:74)
tera.gameserver.network.clientpackets.PlayerSay.runImpl(PlayerSay.java:84)
rlib.network.packets.AbstractReadeablePacket.run(AbstractReadeablePacket.java:175)
java.base/java.util.concurrent.ThreadPoolExecutor.runWorker(ThreadPoolExecutor.java:1128)
java.base/java.util.concurrent.ThreadPoolExecutor$Worker.run(ThreadPoolExecutor.java:628)
java.base/java.lang.Thread.run(Thread.java:830)

WARNING 08:57:16:268 CommandManager: IllegalArgumentException : java.lang.reflect.InvocationTargetException : stack trace:
tera.gameserver.model.ai.npc.NpcAIClass.newInstance(NpcAIClass.java:70)
tera.gameserver.model.npc.spawn.NpcSpawn.doSpawn(NpcSpawn.java:161)
tera.gameserver.model.npc.spawn.NpcSpawn.start(NpcSpawn.java:432)
tera.gameserver.scripts.commands.NpcCommands.execution(NpcCommands.java:219)
tera.gameserver.manager.CommandManager.execute(CommandManager.java:74)
tera.gameserver.network.clientpackets.PlayerSay.runImpl(PlayerSay.java:84)
rlib.network.packets.AbstractReadeablePacket.run(AbstractReadeablePacket.java:175)
java.base/java.util.concurrent.ThreadPoolExecutor.runWorker(ThreadPoolExecutor.java:1128)
java.base/java.util.concurrent.ThreadPoolExecutor$Worker.run(ThreadPoolExecutor.java:628)
java.base/java.lang.Thread.run(Thread.java:830)

INFO 08:58:11:189 AccountManager: close islanzadie
