INFO 20:55:51:386 ServerControl: open server socket on 2101 port.
INFO 20:55:51:393 ExecutorManager: initialized.
INFO 20:55:51:757 CleaningManager: delete 0 reuses from a character_skill_reuses.
INFO 20:55:51:757 CleaningManager: delete 0 spawns from a boss_spawn.
INFO 20:55:51:758 CleaningManager: delete 0 appearances from a character_appearances.
INFO 20:55:51:759 CleaningManager: delete 0 effects from a character_save_effects.
INFO 20:55:51:760 CleaningManager: delete 0 inventors from a character_inventors.
INFO 20:55:51:760 CleaningManager: delete 0 skills from a character_skills.
INFO 20:55:51:761 CleaningManager: delete 0 hotkeys from a character_hotkey.
INFO 20:55:51:762 CleaningManager: delete 0 chars from a character_friends.
INFO 20:55:51:763 CleaningManager: delete 0 friends from a character_friends.
INFO 20:55:51:764 CleaningManager: delete 0 settings from a character_settings.
INFO 20:55:51:765 CleaningManager: delete 8 empty items from a items.
INFO 20:55:51:765 CleaningManager: delete 0 no owner items from a items.
INFO 20:55:51:766 CleaningManager: delete 0 no owner guild items from a items.
INFO 20:55:51:872 CleaningManager: create buffer table items.
INFO 20:55:51:875 CleaningManager: copy 125 items to buffer_items.
INFO 20:55:51:875 CleaningManager: delete 0 no owner items from a buffer_items.
INFO 20:55:51:989 CleaningManager: drop buffer table items.
INFO 20:55:51:990 CleaningManager: delete 0 from a quests.
INFO 20:55:51:991 CleaningManager: delete 0 from a quest variables.
INFO 20:55:51:991 CleaningManager: delete 0 from a guild ranks.
INFO 20:55:52:034 ClientPacketType: client packets prepared.
INFO 20:55:52:047 EffectParser: initialized.
INFO 20:55:52:049 RandomManager: initialized.
INFO 20:55:52:050 IdFactory: prepare npc ids...
INFO 20:55:52:052 BitSetIdGenerator: 102912 id's available.
INFO 20:55:52:052 IdFactory: prepare objects ids...
INFO 20:55:52:053 BitSetIdGenerator: 102912 id's available.
INFO 20:55:52:053 IdFactory: prepare players ids...
INFO 20:55:52:056 BitSetIdGenerator: extracted 10 ids.
INFO 20:55:52:056 BitSetIdGenerator: 102912 id's available.
INFO 20:55:52:056 IdFactory: prepare guilds ids...
INFO 20:55:52:057 BitSetIdGenerator: extracted 1 ids.
INFO 20:55:52:058 BitSetIdGenerator: 102912 id's available.
INFO 20:55:52:058 IdFactory: prepare item ids...
INFO 20:55:52:060 BitSetIdGenerator: extracted 125 ids.
INFO 20:55:52:060 BitSetIdGenerator: 102912 id's available.
INFO 20:55:52:071 ServerVarManager: loaded 0 variables.
INFO 20:55:52:074 BossSpawnManager: loaded 0 boss spawns.
INFO 20:55:52:769 TerritoryTable: loaded 160 territories for 18803 regions.
INFO 20:55:54:156 WorldZoneTable: loaded 12 world zones for 31986 regions.
INFO 20:55:54:157 ConditionParser: initializable.
WARNING 20:55:54:690 SkillTable: detected once the file C:\Users\jorou\Downloads\TeraOnlineServer_Shock_1732\gameserver\.\data\skills\summon_skills\deprecated.zip
INFO 20:55:54:717 SkillTable: loaded 4613 skills for 19 classes.
WARNING 20:55:54:889 DocumentItem: incorrect file .\data\items\armors\ring.xml
WARNING 20:55:54:894 DocumentItem: SAXParseException : The element type "mul" must be terminated by the matching end-tag "</mul>". : stack trace:
java.xml/com.sun.org.apache.xerces.internal.parsers.DOMParser.parse(DOMParser.java:261)
java.xml/com.sun.org.apache.xerces.internal.jaxp.DocumentBuilderImpl.parse(DocumentBuilderImpl.java:339)
java.xml/javax.xml.parsers.DocumentBuilder.parse(DocumentBuilder.java:206)
rlib.data.AbstractDocument.parse(AbstractDocument.java:55)
tera.gameserver.tables.ItemTable.<init>(ItemTable.java:166)
tera.gameserver.tables.ItemTable.getInstance(ItemTable.java:123)
tera.gameserver.GameServer.run(GameServer.java:213)

WARNING 20:55:54:896 DocumentItem: incorrect file .\data\items\armors\ring.xml
WARNING 20:55:54:897 DocumentItem: NullPointerException : null : stack trace:
tera.gameserver.document.DocumentItem.parse(DocumentItem.java:47)
rlib.data.AbstractDocument.parse(AbstractDocument.java:67)
tera.gameserver.tables.ItemTable.<init>(ItemTable.java:166)
tera.gameserver.tables.ItemTable.getInstance(ItemTable.java:123)
tera.gameserver.GameServer.run(GameServer.java:213)

INFO 20:55:55:119 ItemTable: loaded 10001 items.
INFO 20:55:55:132 Race: race appearances initializable.
INFO 20:55:55:137 PlayerTable: loaded 104 player templates.
WARNING 20:55:55:333 DropTable: not found items [50048, 20032, 20060, 20001, 20002, 20003, 20004, 20068, 20069, 20005, 20006, 20007, 20008, 20009, 20011, 20012, 20013, 20014, 20015, 20016, 20017, 20018, 20020, 20021, 20022, 20023, 20024, 20025, 20027, 20028, 20029, 20030]
INFO 20:55:55:333 DropTable: load drop for 407 npcs and 126 for resourse.
INFO 20:55:55:338 TownTable: initialized.
WARNING 20:55:55:357 NpcDialogTable: detected once the file C:\Users\jorou\Downloads\TeraOnlineServer_Shock_1732\gameserver\.\data\dialogs\dialogs.txt
INFO 20:55:55:392 NpcDialogTable: loaded 87 dialogs.
INFO 20:55:55:404 MessagePackageTable: loaded 34 message packages.
INFO 20:55:55:434 ConfigAITable: loaded 45 npc ai configs.
INFO 20:55:55:445 NpcAppearanceTable: initialized. Loaded 59 appearances.
WARNING 20:55:55:569 NpcTable: detected once the file C:\Users\jorou\Downloads\TeraOnlineServer_Shock_1732\gameserver\.\data\npcs\summons\playable_summons.zip
INFO 20:55:55:577 NpcTable: loaded  816 npcs.
INFO 20:55:55:589 ResourseTable: loaded  253 resourses.
INFO 20:55:55:600 MinionTable: loaded 303 minions for 42 npcs.
INFO 20:55:55:601 RegenTaskManager: initializable.
INFO 20:55:55:606 Formulas: initialized.
INFO 20:55:55:608 EffectTaskManager: initialized.
INFO 20:55:55:956 ObjectEventManager: initialized.
INFO 20:55:55:957 MoveTaskManager: initialized.
INFO 20:55:56:468 SpawnTable: loaded 19515 spawns for 617 npcs and 2013 spawns for 60 resourses.
INFO 20:55:56:505 GeoMap3D: start fast import geodata_1.dat
INFO 20:55:56:728 GeoMap3D: import ended. load 1867238 quards.
INFO 20:55:56:730 GeoMap3D: start fast import geodata_2.dat
INFO 20:55:56:801 GeoMap3D: import ended. load 440227 quards.
INFO 20:55:56:804 GeoMap3D: start fast import geodata_3.dat
INFO 20:55:56:831 GeoMap3D: import ended. load 58040 quards.
INFO 20:55:56:834 GeoManager: initialized.
INFO 20:55:56:840 ItemExecutorManager: loaded 0 executor items.
INFO 20:55:56:851 CommandManager: loaded 94 commands.
INFO 20:55:56:861 SkillLearnManager: loaded 950 skill learn's for 8 clases.
INFO 20:55:56:882 AnnounceManager: loaded 0 start announces and 0 running announces.
INFO 20:55:56:885 AccountManager: initialized.
INFO 20:55:56:907 GuildManager: loaded 1 guilds.
INFO 20:55:57:325 QuestManager: loaded 455 quests.
INFO 20:55:57:326 OnlineManager: initialized.
INFO 20:55:57:352 GameLogManager: initialized.
INFO 20:55:57:422 Region: next battle "Veritas District" in 2020.06.28 16:00.
INFO 20:55:57:431 Region: next battle "Ostgarath" in 2020.06.28 16:00.
INFO 20:55:57:436 Region: next battle "Val Palrada" in 2020.06.27 20:00.
INFO 20:55:57:440 Region: next battle "Val Aureum" in 2020.06.27 20:00.
INFO 20:55:57:441 EventManager: loaded 5 events.
INFO 20:55:57:570 EventManager: the nearest event in 41 minutes.
INFO 20:55:57:573 PlayerManager: initialized.
INFO 20:55:57:580 Network: started.
INFO 20:55:57:580 GameServer: started.
