INFO 11:08:40:494 ServerControl: open server socket on 2101 port.
INFO 11:08:40:500 ExecutorManager: initialized.
INFO 11:08:40:874 CleaningManager: delete 0 reuses from a character_skill_reuses.
INFO 11:08:40:875 CleaningManager: delete 0 spawns from a boss_spawn.
INFO 11:08:40:875 CleaningManager: delete 0 appearances from a character_appearances.
INFO 11:08:40:876 CleaningManager: delete 0 effects from a character_save_effects.
INFO 11:08:40:876 CleaningManager: delete 0 inventors from a character_inventors.
INFO 11:08:40:877 CleaningManager: delete 0 skills from a character_skills.
INFO 11:08:40:878 CleaningManager: delete 0 hotkeys from a character_hotkey.
INFO 11:08:40:878 CleaningManager: delete 0 chars from a character_friends.
INFO 11:08:40:880 CleaningManager: delete 0 friends from a character_friends.
INFO 11:08:40:880 CleaningManager: delete 0 settings from a character_settings.
INFO 11:08:40:882 CleaningManager: delete 0 empty items from a items.
INFO 11:08:40:884 CleaningManager: delete 0 no owner items from a items.
INFO 11:08:40:885 CleaningManager: delete 0 no owner guild items from a items.
INFO 11:08:40:917 CleaningManager: create buffer table items.
INFO 11:08:40:920 CleaningManager: copy 230 items to buffer_items.
INFO 11:08:40:921 CleaningManager: delete 0 no owner items from a buffer_items.
INFO 11:08:40:932 CleaningManager: drop buffer table items.
INFO 11:08:40:933 CleaningManager: delete 0 from a quests.
INFO 11:08:40:934 CleaningManager: delete 0 from a quest variables.
INFO 11:08:40:935 CleaningManager: delete 0 from a guild ranks.
INFO 11:08:40:983 ClientPacketType: client packets prepared.
INFO 11:08:40:995 EffectParser: initialized.
INFO 11:08:40:997 RandomManager: initialized.
INFO 11:08:41:000 IdFactory: prepare npc ids...
INFO 11:08:41:002 BitSetIdGenerator: 102912 id's available.
INFO 11:08:41:003 IdFactory: prepare objects ids...
INFO 11:08:41:003 BitSetIdGenerator: 102912 id's available.
INFO 11:08:41:004 IdFactory: prepare players ids...
INFO 11:08:41:007 BitSetIdGenerator: extracted 12 ids.
INFO 11:08:41:007 BitSetIdGenerator: 102912 id's available.
INFO 11:08:41:008 IdFactory: prepare guilds ids...
INFO 11:08:41:011 BitSetIdGenerator: extracted 1 ids.
INFO 11:08:41:013 BitSetIdGenerator: 102912 id's available.
INFO 11:08:41:013 IdFactory: prepare item ids...
INFO 11:08:41:017 BitSetIdGenerator: extracted 230 ids.
INFO 11:08:41:018 BitSetIdGenerator: 102912 id's available.
INFO 11:08:41:029 ServerVarManager: loaded 0 variables.
INFO 11:08:41:032 BossSpawnManager: loaded 0 boss spawns.
INFO 11:08:41:696 TerritoryTable: loaded 160 territories for 18803 regions.
INFO 11:08:42:946 WorldZoneTable: loaded 12 world zones for 31986 regions.
INFO 11:08:42:948 ConditionParser: initializable.
WARNING 11:08:43:481 SkillTable: detected once the file C:\Users\jorou\Downloads\TeraOnlineServer_Shock_1732\gameserver\.\data\skills\summon_skills\deprecated.zip
INFO 11:08:43:510 SkillTable: loaded 4613 skills for 19 classes.
WARNING 11:08:43:521 ItemTable: detected once the file C:\Users\jorou\Downloads\TeraOnlineServer_Shock_1732\gameserver\.\data\items\adaptations.txt
INFO 11:08:44:011 ItemTable: loaded 10138 items.
INFO 11:08:44:025 Race: race appearances initializable.
INFO 11:08:44:038 PlayerTable: loaded 104 player templates.
WARNING 11:08:44:254 DropTable: not found items [50048]
INFO 11:08:44:255 DropTable: load drop for 407 npcs and 126 for resourse.
INFO 11:08:44:261 TownTable: initialized.
WARNING 11:08:44:290 NpcDialogTable: detected once the file C:\Users\jorou\Downloads\TeraOnlineServer_Shock_1732\gameserver\.\data\dialogs\dialogs.txt
INFO 11:08:44:317 NpcDialogTable: loaded 87 dialogs.
INFO 11:08:44:325 MessagePackageTable: loaded 34 message packages.
INFO 11:08:44:377 ConfigAITable: loaded 45 npc ai configs.
INFO 11:08:44:389 NpcAppearanceTable: initialized. Loaded 59 appearances.
WARNING 11:08:44:588 NpcTable: found duplicate npc template NpcTemplate npcId = 30002, exp = 0, attack = 300000, defense = 1000, owerAttack = 15000, owerDefense = 13000, level = 100, aggro = 100, factionRange = 5000, name = *Elleon*, title = Valkyon's Hero, factionId = Alliance of Argons, type = 300, isRaid = false, canDrop = false, drop = null, minions = null, dialog = null, geomRadius = 20.0, geomHeight = 60.0, npcType = PLAYER_KILLER in file .\data\npcs\south_arun\velika_outskirt.xml
WARNING 11:08:44:591 NpcTable: found duplicate npc template NpcTemplate npcId = 30004, exp = 0, attack = 40000, defense = 4000, owerAttack = 1500, owerDefense = 7000, level = 100, aggro = 100, factionRange = 5000, name = *Klaris*, title = Wise mage, factionId = Alliance of Argons, type = 300, isRaid = false, canDrop = false, drop = null, minions = null, dialog = null, geomRadius = 20.0, geomHeight = 60.0, npcType = PLAYER_KILLER in file .\data\npcs\south_arun\velika_outskirt.xml
WARNING 11:08:44:600 NpcTable: found duplicate npc template NpcTemplate npcId = 30005, exp = 0, attack = 91000, defense = 5000, owerAttack = 1500, owerDefense = 10000, level = 100, aggro = 100, factionRange = 5000, name = *Joff*, title = Open minded, factionId = Alliance of Argons, type = 300, isRaid = false, canDrop = false, drop = null, minions = null, dialog = null, geomRadius = 30.0, geomHeight = 70.0, npcType = PLAYER_KILLER in file .\data\npcs\south_arun\velika_outskirt.xml
WARNING 11:08:44:601 NpcTable: found duplicate npc template NpcTemplate npcId = 30007, exp = 0, attack = 300000, defense = 5000, owerAttack = 14500, owerDefense = 15000, level = 100, aggro = 100, factionRange = 5000, name = *KLei*, title = Testing, factionId = Alliance of Argons, type = 300, isRaid = false, canDrop = false, drop = null, minions = null, dialog = null, geomRadius = 25.0, geomHeight = 70.0, npcType = PLAYER_KILLER in file .\data\npcs\south_arun\velika_outskirt.xml
WARNING 11:08:44:602 NpcTable: found duplicate npc template NpcTemplate npcId = 30008, exp = 0, attack = 91000, defense = 11000, owerAttack = 1000, owerDefense = 20000, level = 100, aggro = 100, factionRange = 5000, name = *Arei*, title = HUrrrr durrrr, factionId = Alliance of Argons, type = 300, isRaid = false, canDrop = false, drop = null, minions = null, dialog = null, geomRadius = 30.0, geomHeight = 70.0, npcType = PLAYER_KILLER in file .\data\npcs\south_arun\velika_outskirt.xml
WARNING 11:08:44:603 NpcTable: found duplicate npc template NpcTemplate npcId = 30010, exp = 0, attack = 410000, defense = 4000, owerAttack = 1500, owerDefense = 7000, level = 100, aggro = 100, factionRange = 5000, name = *Lola*, title = Lover, factionId = Alliance of Argons, type = 300, isRaid = false, canDrop = false, drop = null, minions = null, dialog = null, geomRadius = 20.0, geomHeight = 60.0, npcType = PLAYER_KILLER in file .\data\npcs\south_arun\velika_outskirt.xml
WARNING 11:08:44:632 NpcTable: detected once the file C:\Users\jorou\Downloads\TeraOnlineServer_Shock_1732\gameserver\.\data\npcs\summons\playable_summons.zip
INFO 11:08:44:657 NpcTable: loaded  816 npcs.
INFO 11:08:44:695 ResourseTable: loaded  253 resourses.
INFO 11:08:44:714 MinionTable: loaded 303 minions for 42 npcs.
INFO 11:08:44:714 RegenTaskManager: initializable.
INFO 11:08:44:723 Formulas: initialized.
INFO 11:08:44:724 EffectTaskManager: initialized.
INFO 11:08:45:129 ObjectEventManager: initialized.
INFO 11:08:45:130 MoveTaskManager: initialized.
INFO 11:08:45:614 SpawnTable: loaded 19523 spawns for 622 npcs and 2013 spawns for 60 resourses.
INFO 11:08:45:627 GeoMap3D: start fast import geodata_1.dat
INFO 11:08:45:875 GeoMap3D: import ended. load 1867238 quards.
INFO 11:08:45:878 GeoMap3D: start fast import geodata_2.dat
INFO 11:08:45:940 GeoMap3D: import ended. load 440227 quards.
INFO 11:08:45:946 GeoMap3D: start fast import geodata_3.dat
INFO 11:08:45:975 GeoMap3D: import ended. load 58040 quards.
INFO 11:08:45:978 GeoManager: initialized.
INFO 11:08:45:989 ItemExecutorManager: loaded 0 executor items.
INFO 11:08:46:000 CommandManager: loaded 96 commands.
INFO 11:08:46:016 SkillLearnManager: loaded 950 skill learn's for 8 clases.
INFO 11:08:46:022 AnnounceManager: loaded 0 start announces and 0 running announces.
INFO 11:08:46:024 AccountManager: initialized.
INFO 11:08:46:044 GuildManager: loaded 1 guilds.
INFO 11:08:46:444 QuestManager: loaded 455 quests.
INFO 11:08:46:446 OnlineManager: initialized.
INFO 11:08:46:457 GameLogManager: initialized.
INFO 11:08:46:536 Region: next battle "Veritas District" in 2020.06.28 16:00.
INFO 11:08:46:538 Region: next battle "Ostgarath" in 2020.06.28 16:00.
INFO 11:08:46:541 Region: next battle "Val Palrada" in 2020.06.27 20:00.
INFO 11:08:46:543 Region: next battle "Val Aureum" in 2020.06.27 20:00.
INFO 11:08:46:544 EventManager: loaded 5 events.
INFO 11:08:46:676 EventManager: the nearest event in 35 minutes.
INFO 11:08:46:680 PlayerManager: initialized.
INFO 11:08:46:691 Network: started.
INFO 11:08:46:691 GameServer: started.
INFO 11:09:05:880 AccountManager: authed islanzadie
INFO 11:09:34:690 AccountManager: authed tsuka
INFO 11:14:50:858 AccountManager: close islanzadie
INFO 11:14:53:340 AccountManager: close tsuka
