INFO 20:23:29:642 ServerControl: open server socket on 2101 port.
INFO 20:23:29:648 ExecutorManager: initialized.
INFO 20:23:29:975 CleaningManager: delete 1 reuses from a character_skill_reuses.
INFO 20:23:29:976 CleaningManager: delete 0 spawns from a boss_spawn.
INFO 20:23:29:977 CleaningManager: delete 0 appearances from a character_appearances.
INFO 20:23:29:978 CleaningManager: delete 0 effects from a character_save_effects.
INFO 20:23:29:978 CleaningManager: delete 0 inventors from a character_inventors.
INFO 20:23:29:978 CleaningManager: delete 0 skills from a character_skills.
INFO 20:23:29:979 CleaningManager: delete 0 hotkeys from a character_hotkey.
INFO 20:23:29:980 CleaningManager: delete 0 chars from a character_friends.
INFO 20:23:29:981 CleaningManager: delete 0 friends from a character_friends.
INFO 20:23:29:981 CleaningManager: delete 0 settings from a character_settings.
INFO 20:23:29:982 CleaningManager: delete 0 empty items from a items.
INFO 20:23:29:982 CleaningManager: delete 0 no owner items from a items.
INFO 20:23:29:983 CleaningManager: delete 0 no owner guild items from a items.
INFO 20:23:30:033 CleaningManager: create buffer table items.
INFO 20:23:30:035 CleaningManager: copy 119 items to buffer_items.
INFO 20:23:30:036 CleaningManager: delete 0 no owner items from a buffer_items.
INFO 20:23:30:057 CleaningManager: drop buffer table items.
INFO 20:23:30:057 CleaningManager: delete 0 from a quests.
INFO 20:23:30:058 CleaningManager: delete 0 from a quest variables.
INFO 20:23:30:058 CleaningManager: delete 0 from a guild ranks.
INFO 20:23:30:099 ClientPacketType: client packets prepared.
INFO 20:23:30:109 EffectParser: initialized.
INFO 20:23:30:111 RandomManager: initialized.
INFO 20:23:30:111 IdFactory: prepare npc ids...
INFO 20:23:30:113 BitSetIdGenerator: 102912 id's available.
INFO 20:23:30:113 IdFactory: prepare objects ids...
INFO 20:23:30:114 BitSetIdGenerator: 102912 id's available.
INFO 20:23:30:115 IdFactory: prepare players ids...
INFO 20:23:30:117 BitSetIdGenerator: extracted 10 ids.
INFO 20:23:30:117 BitSetIdGenerator: 102912 id's available.
INFO 20:23:30:117 IdFactory: prepare guilds ids...
INFO 20:23:30:118 BitSetIdGenerator: extracted 1 ids.
INFO 20:23:30:118 BitSetIdGenerator: 102912 id's available.
INFO 20:23:30:119 IdFactory: prepare item ids...
INFO 20:23:30:120 BitSetIdGenerator: extracted 119 ids.
INFO 20:23:30:120 BitSetIdGenerator: 102912 id's available.
INFO 20:23:30:131 ServerVarManager: loaded 0 variables.
INFO 20:23:30:134 BossSpawnManager: loaded 0 boss spawns.
INFO 20:23:30:724 TerritoryTable: loaded 160 territories for 18803 regions.
