INFO 08:52:12:112 ServerControl: open server socket on 2101 port.
INFO 08:52:12:119 ExecutorManager: initialized.
INFO 08:52:14:387 CleaningManager: delete 1 reuses from a character_skill_reuses.
INFO 08:52:14:456 CleaningManager: delete 0 spawns from a boss_spawn.
INFO 08:52:14:594 CleaningManager: delete 0 appearances from a character_appearances.
INFO 08:52:14:643 CleaningManager: delete 0 effects from a character_save_effects.
INFO 08:52:14:714 CleaningManager: delete 0 inventors from a character_inventors.
INFO 08:52:14:778 CleaningManager: delete 0 skills from a character_skills.
INFO 08:52:14:836 CleaningManager: delete 0 hotkeys from a character_hotkey.
INFO 08:52:14:929 CleaningManager: delete 0 chars from a character_friends.
INFO 08:52:14:930 CleaningManager: delete 0 friends from a character_friends.
INFO 08:52:15:003 CleaningManager: delete 0 settings from a character_settings.
INFO 08:52:15:056 CleaningManager: delete 0 empty items from a items.
INFO 08:52:15:057 CleaningManager: delete 0 no owner items from a items.
INFO 08:52:15:194 CleaningManager: delete 0 no owner guild items from a items.
INFO 08:52:15:325 CleaningManager: create buffer table items.
INFO 08:52:15:346 CleaningManager: copy 80 items to buffer_items.
INFO 08:52:15:347 CleaningManager: delete 0 no owner items from a buffer_items.
INFO 08:52:15:358 CleaningManager: drop buffer table items.
INFO 08:52:15:426 CleaningManager: delete 0 from a quests.
INFO 08:52:15:466 CleaningManager: delete 0 from a quest variables.
INFO 08:52:15:494 CleaningManager: delete 0 from a guild ranks.
INFO 08:52:15:578 ClientPacketType: client packets prepared.
INFO 08:52:15:588 EffectParser: initialized.
INFO 08:52:15:591 RandomManager: initialized.
INFO 08:52:15:591 IdFactory: prepare npc ids...
INFO 08:52:15:593 BitSetIdGenerator: 102912 id's available.
INFO 08:52:15:593 IdFactory: prepare objects ids...
INFO 08:52:15:594 BitSetIdGenerator: 102912 id's available.
INFO 08:52:15:594 IdFactory: prepare players ids...
INFO 08:52:15:597 BitSetIdGenerator: extracted 7 ids.
INFO 08:52:15:597 BitSetIdGenerator: 102912 id's available.
INFO 08:52:15:598 IdFactory: prepare guilds ids...
INFO 08:52:15:599 BitSetIdGenerator: extracted 0 ids.
INFO 08:52:15:599 BitSetIdGenerator: 102912 id's available.
INFO 08:52:15:600 IdFactory: prepare item ids...
INFO 08:52:15:601 BitSetIdGenerator: extracted 80 ids.
INFO 08:52:15:602 BitSetIdGenerator: 102912 id's available.
INFO 08:52:15:637 ServerVarManager: loaded 0 variables.
INFO 08:52:15:641 BossSpawnManager: loaded 0 boss spawns.
INFO 08:52:16:457 TerritoryTable: loaded 160 territories for 18803 regions.
INFO 08:52:17:790 WorldZoneTable: loaded 12 world zones for 31986 regions.
INFO 08:52:17:806 ConditionParser: initializable.
WARNING 08:52:20:809 SkillTable: detected once the file C:\Users\jorou\Downloads\TeraOnlineServer_Shock_1732\gameserver\.\data\skills\summon_skills\deprecated.zip
INFO 08:52:20:936 SkillTable: loaded 4613 skills for 19 classes.
INFO 08:52:21:934 ItemTable: loaded 10138 items.
INFO 08:52:22:004 Race: race appearances initializable.
INFO 08:52:22:019 PlayerTable: loaded 104 player templates.
WARNING 08:52:23:071 DropTable: not found items [50048]
INFO 08:52:23:071 DropTable: load drop for 407 npcs and 126 for resourse.
INFO 08:52:23:173 TownTable: initialized.
WARNING 08:52:23:538 NpcDialogTable: detected once the file C:\Users\jorou\Downloads\TeraOnlineServer_Shock_1732\gameserver\.\data\dialogs\dialogs.txt
INFO 08:52:23:721 NpcDialogTable: loaded 87 dialogs.
INFO 08:52:23:768 MessagePackageTable: loaded 34 message packages.
INFO 08:52:23:988 ConfigAITable: loaded 45 npc ai configs.
INFO 08:52:24:049 NpcAppearanceTable: initialized. Loaded 59 appearances.
WARNING 08:52:24:590 NpcTable: detected once the file C:\Users\jorou\Downloads\TeraOnlineServer_Shock_1732\gameserver\.\data\npcs\summons\playable_summons.zip
INFO 08:52:24:656 NpcTable: loaded  816 npcs.
INFO 08:52:24:742 ResourseTable: loaded  253 resourses.
INFO 08:52:24:795 MinionTable: loaded 303 minions for 42 npcs.
INFO 08:52:24:810 RegenTaskManager: initializable.
INFO 08:52:24:832 Formulas: initialized.
INFO 08:52:24:844 EffectTaskManager: initialized.
INFO 08:52:26:061 ObjectEventManager: initialized.
INFO 08:52:26:062 MoveTaskManager: initialized.
INFO 08:52:26:645 SpawnTable: loaded 19515 spawns for 617 npcs and 2013 spawns for 60 resourses.
INFO 08:52:26:692 GeoMap3D: start fast import geodata_1.dat
INFO 08:52:27:140 GeoMap3D: import ended. load 1867238 quards.
INFO 08:52:27:145 GeoMap3D: start fast import geodata_2.dat
INFO 08:52:27:309 GeoMap3D: import ended. load 440227 quards.
INFO 08:52:27:317 GeoMap3D: start fast import geodata_3.dat
INFO 08:52:27:350 GeoMap3D: import ended. load 58040 quards.
INFO 08:52:27:350 GeoManager: initialized.
INFO 08:52:27:379 ItemExecutorManager: loaded 0 executor items.
INFO 08:52:27:393 CommandManager: loaded 94 commands.
INFO 08:52:27:435 SkillLearnManager: loaded 950 skill learn's for 8 clases.
INFO 08:52:27:472 AnnounceManager: loaded 0 start announces and 0 running announces.
INFO 08:52:27:474 AccountManager: initialized.
INFO 08:52:27:500 GuildManager: loaded 0 guilds.
INFO 08:52:28:716 QuestManager: loaded 455 quests.
INFO 08:52:28:736 OnlineManager: initialized.
INFO 08:52:28:767 GameLogManager: initialized.
INFO 08:52:29:518 Region: next battle "Veritas District" in 2020.06.28 16:00.
INFO 08:52:29:520 Region: next battle "Ostgarath" in 2020.06.28 16:00.
INFO 08:52:29:522 Region: next battle "Val Palrada" in 2020.06.27 20:00.
INFO 08:52:29:523 Region: next battle "Val Aureum" in 2020.06.27 20:00.
INFO 08:52:29:524 EventManager: loaded 5 events.
INFO 08:52:29:619 EventManager: the nearest event in 31 minutes.
INFO 08:52:29:691 PlayerManager: initialized.
INFO 08:52:29:706 Network: started.
INFO 08:52:29:706 GameServer: started.
INFO 08:56:24:531 AccountManager: authed islanzadie
WARNING 09:21:17:604 ActionUpdateIntresting: not found npc for quest 1306
INFO 09:33:39:251 AccountManager: close islanzadie
