INFO 17:50:43:012 ServerControl: open server socket on 2101 port.
INFO 17:50:43:018 ExecutorManager: initialized.
INFO 17:50:43:430 CleaningManager: delete 5 reuses from a character_skill_reuses.
INFO 17:50:43:431 CleaningManager: delete 0 spawns from a boss_spawn.
INFO 17:50:43:432 CleaningManager: delete 0 appearances from a character_appearances.
INFO 17:50:43:432 CleaningManager: delete 0 effects from a character_save_effects.
INFO 17:50:43:433 CleaningManager: delete 0 inventors from a character_inventors.
INFO 17:50:43:433 CleaningManager: delete 0 skills from a character_skills.
INFO 17:50:43:434 CleaningManager: delete 0 hotkeys from a character_hotkey.
INFO 17:50:43:435 CleaningManager: delete 0 chars from a character_friends.
INFO 17:50:43:436 CleaningManager: delete 0 friends from a character_friends.
INFO 17:50:43:441 CleaningManager: delete 0 settings from a character_settings.
INFO 17:50:43:442 CleaningManager: delete 24 empty items from a items.
INFO 17:50:43:443 CleaningManager: delete 0 no owner items from a items.
INFO 17:50:43:445 CleaningManager: delete 0 no owner guild items from a items.
INFO 17:50:43:496 CleaningManager: create buffer table items.
INFO 17:50:43:499 CleaningManager: copy 236 items to buffer_items.
INFO 17:50:43:500 CleaningManager: delete 0 no owner items from a buffer_items.
INFO 17:50:43:512 CleaningManager: drop buffer table items.
INFO 17:50:43:512 CleaningManager: delete 0 from a quests.
INFO 17:50:43:513 CleaningManager: delete 0 from a quest variables.
INFO 17:50:43:515 CleaningManager: delete 0 from a guild ranks.
INFO 17:50:43:559 ClientPacketType: client packets prepared.
INFO 17:50:43:588 EffectParser: initialized.
INFO 17:50:43:591 RandomManager: initialized.
INFO 17:50:43:591 IdFactory: prepare npc ids...
INFO 17:50:43:593 BitSetIdGenerator: 102912 id's available.
INFO 17:50:43:594 IdFactory: prepare objects ids...
INFO 17:50:43:595 BitSetIdGenerator: 102912 id's available.
INFO 17:50:43:597 IdFactory: prepare players ids...
INFO 17:50:43:600 BitSetIdGenerator: extracted 12 ids.
INFO 17:50:43:600 BitSetIdGenerator: 102912 id's available.
INFO 17:50:43:601 IdFactory: prepare guilds ids...
INFO 17:50:43:602 BitSetIdGenerator: extracted 1 ids.
INFO 17:50:43:602 BitSetIdGenerator: 102912 id's available.
INFO 17:50:43:604 IdFactory: prepare item ids...
INFO 17:50:43:605 BitSetIdGenerator: extracted 236 ids.
INFO 17:50:43:607 BitSetIdGenerator: 102912 id's available.
INFO 17:50:43:617 ServerVarManager: loaded 0 variables.
INFO 17:50:43:620 BossSpawnManager: loaded 0 boss spawns.
INFO 17:50:44:315 TerritoryTable: loaded 160 territories for 18803 regions.
INFO 17:50:45:512 WorldZoneTable: loaded 12 world zones for 31986 regions.
INFO 17:50:45:513 ConditionParser: initializable.
WARNING 17:50:46:018 SkillTable: detected once the file C:\Users\jorou\Downloads\TeraOnlineServer_Shock_1732\gameserver\.\data\skills\summon_skills\deprecated.zip
INFO 17:50:46:057 SkillTable: loaded 4613 skills for 19 classes.
WARNING 17:50:46:064 ItemTable: detected once the file C:\Users\jorou\Downloads\TeraOnlineServer_Shock_1732\gameserver\.\data\items\adaptations.txt
INFO 17:50:46:429 ItemTable: loaded 10138 items.
INFO 17:50:46:441 Race: race appearances initializable.
INFO 17:50:46:450 PlayerTable: loaded 104 player templates.
WARNING 17:50:46:660 DropTable: not found items [50048]
INFO 17:50:46:662 DropTable: load drop for 407 npcs and 126 for resourse.
INFO 17:50:46:667 TownTable: initialized.
WARNING 17:50:46:690 NpcDialogTable: detected once the file C:\Users\jorou\Downloads\TeraOnlineServer_Shock_1732\gameserver\.\data\dialogs\dialogs.txt
INFO 17:50:46:720 NpcDialogTable: loaded 87 dialogs.
INFO 17:50:46:731 MessagePackageTable: loaded 34 message packages.
INFO 17:50:46:762 ConfigAITable: loaded 45 npc ai configs.
INFO 17:50:46:775 NpcAppearanceTable: initialized. Loaded 59 appearances.
WARNING 17:50:46:937 NpcTable: found duplicate npc template NpcTemplate npcId = 30002, exp = 0, attack = 300000, defense = 1000, owerAttack = 15000, owerDefense = 13000, level = 100, aggro = 100, factionRange = 5000, name = *Elleon*, title = Valkyon's Hero, factionId = Alliance of Argons, type = 300, isRaid = false, canDrop = false, drop = null, minions = null, dialog = null, geomRadius = 20.0, geomHeight = 60.0, npcType = PLAYER_KILLER in file .\data\npcs\south_arun\velika_outskirt.xml
WARNING 17:50:46:939 NpcTable: found duplicate npc template NpcTemplate npcId = 30004, exp = 0, attack = 40000, defense = 4000, owerAttack = 1500, owerDefense = 7000, level = 100, aggro = 100, factionRange = 5000, name = *Klaris*, title = Wise mage, factionId = Alliance of Argons, type = 300, isRaid = false, canDrop = false, drop = null, minions = null, dialog = null, geomRadius = 20.0, geomHeight = 60.0, npcType = PLAYER_KILLER in file .\data\npcs\south_arun\velika_outskirt.xml
WARNING 17:50:46:940 NpcTable: found duplicate npc template NpcTemplate npcId = 30005, exp = 0, attack = 91000, defense = 5000, owerAttack = 1500, owerDefense = 10000, level = 100, aggro = 100, factionRange = 5000, name = *Joff*, title = Open minded, factionId = Alliance of Argons, type = 300, isRaid = false, canDrop = false, drop = null, minions = null, dialog = null, geomRadius = 30.0, geomHeight = 70.0, npcType = PLAYER_KILLER in file .\data\npcs\south_arun\velika_outskirt.xml
WARNING 17:50:46:945 NpcTable: found duplicate npc template NpcTemplate npcId = 30007, exp = 0, attack = 300000, defense = 5000, owerAttack = 14500, owerDefense = 15000, level = 100, aggro = 100, factionRange = 5000, name = *KLei*, title = Testing, factionId = Alliance of Argons, type = 300, isRaid = false, canDrop = false, drop = null, minions = null, dialog = null, geomRadius = 25.0, geomHeight = 70.0, npcType = PLAYER_KILLER in file .\data\npcs\south_arun\velika_outskirt.xml
WARNING 17:50:46:947 NpcTable: found duplicate npc template NpcTemplate npcId = 30008, exp = 0, attack = 91000, defense = 11000, owerAttack = 1000, owerDefense = 20000, level = 100, aggro = 100, factionRange = 5000, name = *Arei*, title = HUrrrr durrrr, factionId = Alliance of Argons, type = 300, isRaid = false, canDrop = false, drop = null, minions = null, dialog = null, geomRadius = 30.0, geomHeight = 70.0, npcType = PLAYER_KILLER in file .\data\npcs\south_arun\velika_outskirt.xml
WARNING 17:50:46:951 NpcTable: found duplicate npc template NpcTemplate npcId = 30010, exp = 0, attack = 410000, defense = 4000, owerAttack = 1500, owerDefense = 7000, level = 100, aggro = 100, factionRange = 5000, name = *Lola*, title = Lover, factionId = Alliance of Argons, type = 300, isRaid = false, canDrop = false, drop = null, minions = null, dialog = null, geomRadius = 20.0, geomHeight = 60.0, npcType = PLAYER_KILLER in file .\data\npcs\south_arun\velika_outskirt.xml
WARNING 17:50:46:966 NpcTable: detected once the file C:\Users\jorou\Downloads\TeraOnlineServer_Shock_1732\gameserver\.\data\npcs\summons\playable_summons.zip
INFO 17:50:46:978 NpcTable: loaded  816 npcs.
INFO 17:50:46:997 ResourseTable: loaded  253 resourses.
INFO 17:50:47:011 MinionTable: loaded 303 minions for 42 npcs.
INFO 17:50:47:013 RegenTaskManager: initializable.
INFO 17:50:47:022 Formulas: initialized.
INFO 17:50:47:024 EffectTaskManager: initialized.
INFO 17:50:47:372 ObjectEventManager: initialized.
INFO 17:50:47:373 MoveTaskManager: initialized.
INFO 17:50:47:850 SpawnTable: loaded 19523 spawns for 622 npcs and 2013 spawns for 60 resourses.
INFO 17:50:47:862 GeoMap3D: start fast import geodata_1.dat
INFO 17:50:48:074 GeoMap3D: import ended. load 1867238 quards.
INFO 17:50:48:075 GeoMap3D: start fast import geodata_2.dat
INFO 17:50:48:151 GeoMap3D: import ended. load 440227 quards.
INFO 17:50:48:152 GeoMap3D: start fast import geodata_3.dat
INFO 17:50:48:181 GeoMap3D: import ended. load 58040 quards.
INFO 17:50:48:181 GeoManager: initialized.
INFO 17:50:48:193 ItemExecutorManager: loaded 0 executor items.
INFO 17:50:48:209 CommandManager: loaded 96 commands.
INFO 17:50:48:223 SkillLearnManager: loaded 950 skill learn's for 8 clases.
INFO 17:50:48:229 AnnounceManager: loaded 0 start announces and 0 running announces.
INFO 17:50:48:231 AccountManager: initialized.
INFO 17:50:48:244 GuildManager: loaded 1 guilds.
INFO 17:50:48:681 QuestManager: loaded 455 quests.
INFO 17:50:48:686 OnlineManager: initialized.
INFO 17:50:48:711 GameLogManager: initialized.
INFO 17:50:48:831 Region: next battle "Veritas District" in 2020.06.28 16:00.
INFO 17:50:48:844 Region: next battle "Ostgarath" in 2020.06.28 16:00.
INFO 17:50:48:846 Region: next battle "Val Palrada" in 2020.06.27 20:00.
INFO 17:50:48:849 Region: next battle "Val Aureum" in 2020.06.27 20:00.
INFO 17:50:48:849 EventManager: loaded 5 events.
INFO 17:50:48:981 EventManager: the nearest event in 30 minutes.
INFO 17:50:48:985 PlayerManager: initialized.
INFO 17:50:48:993 Network: started.
INFO 17:50:48:993 GameServer: started.
INFO 17:51:01:973 AccountManager: authed islanzadie
WARNING 17:52:58:953 SkillTable: detected once the file C:\Users\jorou\Downloads\TeraOnlineServer_Shock_1732\gameserver\.\data\skills\summon_skills\deprecated.zip
INFO 17:52:58:967 SkillTable: skills reloaded.
INFO 18:54:24:586 AccountManager: authed islanzadie
INFO 18:54:24:588 AccountManager: close islanzadie
INFO 19:01:33:825 AccountManager: authed tsuka
WARNING 19:12:03:524 ItemTable: detected once the file C:\Users\jorou\Downloads\TeraOnlineServer_Shock_1732\gameserver\.\data\items\adaptations.txt
INFO 19:12:04:367 ItemTable: reloaded items.
WARNING 19:12:28:784 ItemTable: detected once the file C:\Users\jorou\Downloads\TeraOnlineServer_Shock_1732\gameserver\.\data\items\adaptations.txt
INFO 19:12:29:488 ItemTable: reloaded items.
INFO 19:20:57:687 AccountManager: authed Joalin
INFO 19:27:18:954 AccountManager: close Joalin
INFO 20:15:57:283 AccountManager: close islanzadie
INFO 20:16:01:990 AccountManager: close tsuka
