INFO 08:38:50:523 ServerControl: open server socket on 2101 port.
INFO 08:38:50:530 ExecutorManager: initialized.
INFO 08:38:50:993 CleaningManager: delete 0 reuses from a character_skill_reuses.
INFO 08:38:51:037 CleaningManager: delete 0 spawns from a boss_spawn.
INFO 08:38:51:087 CleaningManager: delete 0 appearances from a character_appearances.
INFO 08:38:51:176 CleaningManager: delete 0 effects from a character_save_effects.
INFO 08:38:51:217 CleaningManager: delete 0 inventors from a character_inventors.
INFO 08:38:51:280 CleaningManager: delete 0 skills from a character_skills.
INFO 08:38:51:344 CleaningManager: delete 0 hotkeys from a character_hotkey.
INFO 08:38:51:378 CleaningManager: delete 0 chars from a character_friends.
INFO 08:38:51:379 CleaningManager: delete 0 friends from a character_friends.
INFO 08:38:51:414 CleaningManager: delete 0 settings from a character_settings.
INFO 08:38:51:486 CleaningManager: delete 2 empty items from a items.
INFO 08:38:51:488 CleaningManager: delete 0 no owner items from a items.
INFO 08:38:51:544 CleaningManager: delete 0 no owner guild items from a items.
INFO 08:38:51:569 CleaningManager: create buffer table items.
INFO 08:38:51:571 CleaningManager: copy 256 items to buffer_items.
INFO 08:38:51:572 CleaningManager: delete 0 no owner items from a buffer_items.
INFO 08:38:51:583 CleaningManager: drop buffer table items.
INFO 08:38:51:615 CleaningManager: delete 0 from a quests.
INFO 08:38:51:641 CleaningManager: delete 0 from a quest variables.
INFO 08:38:51:656 CleaningManager: delete 0 from a guild ranks.
INFO 08:38:51:720 ClientPacketType: client packets prepared.
INFO 08:38:51:730 EffectParser: initialized.
INFO 08:38:51:732 RandomManager: initialized.
INFO 08:38:51:733 IdFactory: prepare npc ids...
INFO 08:38:51:735 BitSetIdGenerator: 102912 id's available.
INFO 08:38:51:735 IdFactory: prepare objects ids...
INFO 08:38:51:735 BitSetIdGenerator: 102912 id's available.
INFO 08:38:51:736 IdFactory: prepare players ids...
INFO 08:38:51:739 BitSetIdGenerator: extracted 13 ids.
INFO 08:38:51:739 BitSetIdGenerator: 102912 id's available.
INFO 08:38:51:740 IdFactory: prepare guilds ids...
INFO 08:38:51:740 BitSetIdGenerator: extracted 1 ids.
INFO 08:38:51:741 BitSetIdGenerator: 102912 id's available.
INFO 08:38:51:741 IdFactory: prepare item ids...
INFO 08:38:51:743 BitSetIdGenerator: extracted 256 ids.
INFO 08:38:51:744 BitSetIdGenerator: 102912 id's available.
INFO 08:38:51:771 ServerVarManager: loaded 0 variables.
INFO 08:38:51:773 BossSpawnManager: loaded 0 boss spawns.
INFO 08:38:52:396 TerritoryTable: loaded 160 territories for 18803 regions.
INFO 08:38:53:555 WorldZoneTable: loaded 12 world zones for 31986 regions.
INFO 08:38:53:556 ConditionParser: initializable.
WARNING 08:38:53:944 SkillTable: detected once the file C:\Users\jorou\Downloads\TeraOnlineServer_Shock_1732\gameserver\.\data\skills\summon_skills\deprecated.zip
INFO 08:38:53:963 SkillTable: loaded 4613 skills for 19 classes.
WARNING 08:38:53:971 ItemTable: detected once the file C:\Users\jorou\Downloads\TeraOnlineServer_Shock_1732\gameserver\.\data\items\adaptations.txt
INFO 08:38:54:230 ItemTable: loaded 10138 items.
INFO 08:38:54:240 Race: race appearances initializable.
INFO 08:38:54:245 PlayerTable: loaded 104 player templates.
WARNING 08:38:54:421 DropTable: not found items [50048]
INFO 08:38:54:422 DropTable: load drop for 407 npcs and 126 for resourse.
INFO 08:38:54:426 TownTable: initialized.
WARNING 08:38:54:456 NpcDialogTable: detected once the file C:\Users\jorou\Downloads\TeraOnlineServer_Shock_1732\gameserver\.\data\dialogs\dialogs.txt
INFO 08:38:54:486 NpcDialogTable: loaded 87 dialogs.
INFO 08:38:54:493 MessagePackageTable: loaded 34 message packages.
INFO 08:38:54:527 ConfigAITable: loaded 45 npc ai configs.
INFO 08:38:54:542 NpcAppearanceTable: initialized. Loaded 59 appearances.
WARNING 08:38:54:639 DocumentNpc: incorrect file .\data\npcs\playable\bandits.xml
WARNING 08:38:54:639 DocumentNpc: SAXParseException : The string "--" is not permitted within comments. : stack trace:
java.xml/com.sun.org.apache.xerces.internal.parsers.DOMParser.parse(DOMParser.java:261)
java.xml/com.sun.org.apache.xerces.internal.jaxp.DocumentBuilderImpl.parse(DocumentBuilderImpl.java:339)
java.xml/javax.xml.parsers.DocumentBuilder.parse(DocumentBuilder.java:206)
rlib.data.AbstractDocument.parse(AbstractDocument.java:55)
tera.gameserver.tables.NpcTable.<init>(NpcTable.java:68)
tera.gameserver.tables.NpcTable.getInstance(NpcTable.java:37)
tera.gameserver.GameServer.run(GameServer.java:224)

WARNING 08:38:54:639 DocumentNpc: incorrect file .\data\npcs\playable\bandits.xml
WARNING 08:38:54:640 DocumentNpc: NullPointerException : null : stack trace:
tera.gameserver.document.DocumentNpc.parse(DocumentNpc.java:42)
rlib.data.AbstractDocument.parse(AbstractDocument.java:67)
tera.gameserver.tables.NpcTable.<init>(NpcTable.java:68)
tera.gameserver.tables.NpcTable.getInstance(NpcTable.java:37)
tera.gameserver.GameServer.run(GameServer.java:224)

WARNING 08:38:54:691 NpcTable: detected once the file C:\Users\jorou\Downloads\TeraOnlineServer_Shock_1732\gameserver\.\data\npcs\summons\playable_summons.zip
INFO 08:38:54:699 NpcTable: loaded  815 npcs.
INFO 08:38:54:709 ResourseTable: loaded  253 resourses.
INFO 08:38:54:718 MinionTable: loaded 303 minions for 42 npcs.
INFO 08:38:54:719 RegenTaskManager: initializable.
INFO 08:38:54:723 Formulas: initialized.
INFO 08:38:54:725 EffectTaskManager: initialized.
INFO 08:38:55:054 ObjectEventManager: initialized.
INFO 08:38:55:055 MoveTaskManager: initialized.
INFO 08:38:55:374 SpawnTable: loaded 19523 spawns for 622 npcs and 2013 spawns for 60 resourses.
INFO 08:38:55:382 GeoMap3D: start fast import geodata_1.dat
INFO 08:38:55:802 GeoMap3D: import ended. load 1867238 quards.
INFO 08:38:55:803 GeoMap3D: start fast import geodata_2.dat
INFO 08:38:55:906 GeoMap3D: import ended. load 440227 quards.
INFO 08:38:55:907 GeoMap3D: start fast import geodata_3.dat
INFO 08:38:55:925 GeoMap3D: import ended. load 58040 quards.
INFO 08:38:55:926 GeoManager: initialized.
INFO 08:38:55:931 ItemExecutorManager: loaded 0 executor items.
INFO 08:38:55:943 CommandManager: loaded 96 commands.
INFO 08:38:55:958 SkillLearnManager: loaded 950 skill learn's for 8 clases.
INFO 08:38:55:967 AnnounceManager: loaded 0 start announces and 0 running announces.
INFO 08:38:55:973 AccountManager: initialized.
INFO 08:38:55:990 GuildManager: loaded 1 guilds.
INFO 08:38:56:390 QuestManager: loaded 455 quests.
INFO 08:38:56:392 OnlineManager: initialized.
INFO 08:38:56:399 GameLogManager: initialized.
INFO 08:38:56:559 Region: next battle "Veritas District" in 2020.07.05 16:00.
INFO 08:38:56:561 Region: next battle "Ostgarath" in 2020.07.05 16:00.
INFO 08:38:56:564 Region: next battle "Val Palrada" in 2020.07.04 20:00.
INFO 08:38:56:566 Region: next battle "Val Aureum" in 2020.07.04 20:00.
INFO 08:38:56:566 EventManager: loaded 5 events.
INFO 08:38:56:677 EventManager: the nearest event in 40 minutes.
INFO 08:38:56:682 PlayerManager: initialized.
INFO 08:38:56:689 Network: started.
INFO 08:38:56:689 GameServer: started.
INFO 19:12:50:295 AccountManager: authed islanzadie
WARNING 19:20:01:109 SkillTable: detected once the file C:\Users\jorou\Downloads\TeraOnlineServer_Shock_1732\gameserver\.\data\skills\summon_skills\deprecated.zip
INFO 19:20:01:179 SkillTable: skills reloaded.
INFO 19:27:58:559 AccountManager: authed tsuka
WARNING 19:28:30:444 SkillTable: detected once the file C:\Users\jorou\Downloads\TeraOnlineServer_Shock_1732\gameserver\.\data\skills\summon_skills\deprecated.zip
INFO 19:28:30:506 SkillTable: skills reloaded.
WARNING 19:29:39:497 SkillTable: detected once the file C:\Users\jorou\Downloads\TeraOnlineServer_Shock_1732\gameserver\.\data\skills\summon_skills\deprecated.zip
INFO 19:29:39:532 SkillTable: skills reloaded.
WARNING 19:30:07:527 SkillTable: detected once the file C:\Users\jorou\Downloads\TeraOnlineServer_Shock_1732\gameserver\.\data\skills\summon_skills\deprecated.zip
INFO 19:30:07:550 SkillTable: skills reloaded.
WARNING 19:30:32:457 SkillTable: detected once the file C:\Users\jorou\Downloads\TeraOnlineServer_Shock_1732\gameserver\.\data\skills\summon_skills\deprecated.zip
INFO 19:30:32:477 SkillTable: skills reloaded.
WARNING 19:30:56:924 SkillTable: detected once the file C:\Users\jorou\Downloads\TeraOnlineServer_Shock_1732\gameserver\.\data\skills\summon_skills\deprecated.zip
INFO 19:30:56:950 SkillTable: skills reloaded.
WARNING 19:31:17:311 SkillTable: detected once the file C:\Users\jorou\Downloads\TeraOnlineServer_Shock_1732\gameserver\.\data\skills\summon_skills\deprecated.zip
INFO 19:31:17:330 SkillTable: skills reloaded.
WARNING 19:32:30:686 SkillTable: detected once the file C:\Users\jorou\Downloads\TeraOnlineServer_Shock_1732\gameserver\.\data\skills\summon_skills\deprecated.zip
INFO 19:32:30:704 SkillTable: skills reloaded.
INFO 20:56:08:480 AccountManager: close islanzadie
INFO 20:56:28:110 AccountManager: close tsuka
