INFO 00:33:08:366 ServerControl: open server socket on 2101 port.
INFO 00:33:08:373 ExecutorManager: initialized.
INFO 00:33:08:739 CleaningManager: delete 0 reuses from a character_skill_reuses.
INFO 00:33:08:740 CleaningManager: delete 0 spawns from a boss_spawn.
INFO 00:33:08:742 CleaningManager: delete 0 appearances from a character_appearances.
INFO 00:33:08:742 CleaningManager: delete 0 effects from a character_save_effects.
INFO 00:33:08:743 CleaningManager: delete 0 inventors from a character_inventors.
INFO 00:33:08:744 CleaningManager: delete 0 skills from a character_skills.
INFO 00:33:08:746 CleaningManager: delete 0 hotkeys from a character_hotkey.
INFO 00:33:08:748 CleaningManager: delete 0 chars from a character_friends.
INFO 00:33:08:749 CleaningManager: delete 0 friends from a character_friends.
INFO 00:33:08:750 CleaningManager: delete 0 settings from a character_settings.
INFO 00:33:08:751 CleaningManager: delete 0 empty items from a items.
INFO 00:33:08:753 CleaningManager: delete 0 no owner items from a items.
INFO 00:33:08:753 CleaningManager: delete 0 no owner guild items from a items.
INFO 00:33:08:807 CleaningManager: create buffer table items.
INFO 00:33:08:810 CleaningManager: copy 218 items to buffer_items.
INFO 00:33:08:811 CleaningManager: delete 0 no owner items from a buffer_items.
INFO 00:33:08:825 CleaningManager: drop buffer table items.
INFO 00:33:08:826 CleaningManager: delete 0 from a quests.
INFO 00:33:08:827 CleaningManager: delete 0 from a quest variables.
INFO 00:33:08:827 CleaningManager: delete 0 from a guild ranks.
INFO 00:33:08:873 ClientPacketType: client packets prepared.
INFO 00:33:08:884 EffectParser: initialized.
INFO 00:33:08:887 RandomManager: initialized.
INFO 00:33:08:888 IdFactory: prepare npc ids...
INFO 00:33:08:890 BitSetIdGenerator: 102912 id's available.
INFO 00:33:08:890 IdFactory: prepare objects ids...
INFO 00:33:08:891 BitSetIdGenerator: 102912 id's available.
INFO 00:33:08:892 IdFactory: prepare players ids...
INFO 00:33:08:894 BitSetIdGenerator: extracted 12 ids.
INFO 00:33:08:894 BitSetIdGenerator: 102912 id's available.
INFO 00:33:08:897 IdFactory: prepare guilds ids...
INFO 00:33:08:898 BitSetIdGenerator: extracted 1 ids.
INFO 00:33:08:899 BitSetIdGenerator: 102912 id's available.
INFO 00:33:08:899 IdFactory: prepare item ids...
INFO 00:33:08:901 BitSetIdGenerator: extracted 218 ids.
INFO 00:33:08:902 BitSetIdGenerator: 102912 id's available.
INFO 00:33:08:913 ServerVarManager: loaded 0 variables.
INFO 00:33:08:916 BossSpawnManager: loaded 0 boss spawns.
INFO 00:33:09:590 TerritoryTable: loaded 160 territories for 18803 regions.
INFO 00:33:10:783 WorldZoneTable: loaded 12 world zones for 31986 regions.
INFO 00:33:10:785 ConditionParser: initializable.
WARNING 00:33:11:269 SkillTable: detected once the file C:\Users\jorou\Downloads\TeraOnlineServer_Shock_1732\gameserver\.\data\skills\summon_skills\deprecated.zip
INFO 00:33:11:316 SkillTable: loaded 4613 skills for 19 classes.
WARNING 00:33:11:327 ItemTable: detected once the file C:\Users\jorou\Downloads\TeraOnlineServer_Shock_1732\gameserver\.\data\items\adaptations.txt
INFO 00:33:11:812 ItemTable: loaded 10138 items.
INFO 00:33:11:829 Race: race appearances initializable.
INFO 00:33:11:837 PlayerTable: loaded 104 player templates.
WARNING 00:33:12:060 DropTable: not found items [50048]
INFO 00:33:12:061 DropTable: load drop for 407 npcs and 126 for resourse.
INFO 00:33:12:066 TownTable: initialized.
WARNING 00:33:12:088 NpcDialogTable: detected once the file C:\Users\jorou\Downloads\TeraOnlineServer_Shock_1732\gameserver\.\data\dialogs\dialogs.txt
INFO 00:33:12:119 NpcDialogTable: loaded 87 dialogs.
INFO 00:33:12:125 MessagePackageTable: loaded 34 message packages.
INFO 00:33:12:158 ConfigAITable: loaded 45 npc ai configs.
INFO 00:33:12:169 NpcAppearanceTable: initialized. Loaded 59 appearances.
WARNING 00:33:12:294 NpcTable: detected once the file C:\Users\jorou\Downloads\TeraOnlineServer_Shock_1732\gameserver\.\data\npcs\summons\playable_summons.zip
INFO 00:33:12:306 NpcTable: loaded  815 npcs.
INFO 00:33:12:327 ResourseTable: loaded  253 resourses.
INFO 00:33:12:359 MinionTable: loaded 303 minions for 42 npcs.
INFO 00:33:12:359 RegenTaskManager: initializable.
INFO 00:33:12:365 Formulas: initialized.
INFO 00:33:12:372 EffectTaskManager: initialized.
INFO 00:33:12:708 ObjectEventManager: initialized.
INFO 00:33:12:708 MoveTaskManager: initialized.
INFO 00:33:13:127 SpawnTable: loaded 19515 spawns for 617 npcs and 2013 spawns for 60 resourses.
INFO 00:33:13:140 GeoMap3D: start fast import geodata_1.dat
INFO 00:33:13:398 GeoMap3D: import ended. load 1867238 quards.
INFO 00:33:13:403 GeoMap3D: start fast import geodata_2.dat
INFO 00:33:13:459 GeoMap3D: import ended. load 440227 quards.
INFO 00:33:13:459 GeoMap3D: start fast import geodata_3.dat
INFO 00:33:13:486 GeoMap3D: import ended. load 58040 quards.
INFO 00:33:13:486 GeoManager: initialized.
INFO 00:33:13:490 ItemExecutorManager: loaded 0 executor items.
INFO 00:33:13:500 CommandManager: loaded 95 commands.
INFO 00:33:13:512 SkillLearnManager: loaded 950 skill learn's for 8 clases.
INFO 00:33:13:517 AnnounceManager: loaded 0 start announces and 0 running announces.
INFO 00:33:13:522 AccountManager: initialized.
INFO 00:33:13:534 GuildManager: loaded 1 guilds.
INFO 00:33:13:879 QuestManager: loaded 455 quests.
INFO 00:33:13:918 OnlineManager: initialized.
INFO 00:33:13:927 GameLogManager: initialized.
WARNING 00:33:13:942 DocumentNpcSpawn: Exception : not found npc template for id 21001, type 300 : stack trace:
tera.gameserver.document.DocumentNpcSpawn.parseSpawns(DocumentNpcSpawn.java:112)
tera.gameserver.document.DocumentNpcSpawn.parse(DocumentNpcSpawn.java:51)
rlib.data.AbstractDocument.parse(AbstractDocument.java:67)
tera.gameserver.document.DocumentRegionWar.parseSpawns(DocumentRegionWar.java:170)
tera.gameserver.document.DocumentRegionWar.parse(DocumentRegionWar.java:110)
rlib.data.AbstractDocument.parse(AbstractDocument.java:67)
tera.gameserver.events.global.regionwars.RegionWars.onLoad(RegionWars.java:130)
tera.gameserver.manager.EventManager.<init>(EventManager.java:88)
tera.gameserver.manager.EventManager.getInstance(EventManager.java:36)
tera.gameserver.GameServer.run(GameServer.java:245)

WARNING 00:33:13:949 DocumentNpcSpawn: Exception : not found npc template for id 21001, type 300 : stack trace:
tera.gameserver.document.DocumentNpcSpawn.parseSpawns(DocumentNpcSpawn.java:112)
tera.gameserver.document.DocumentNpcSpawn.parse(DocumentNpcSpawn.java:51)
rlib.data.AbstractDocument.parse(AbstractDocument.java:67)
tera.gameserver.document.DocumentRegionWar.parseSpawns(DocumentRegionWar.java:170)
tera.gameserver.document.DocumentRegionWar.parse(DocumentRegionWar.java:110)
rlib.data.AbstractDocument.parse(AbstractDocument.java:67)
tera.gameserver.events.global.regionwars.RegionWars.onLoad(RegionWars.java:130)
tera.gameserver.manager.EventManager.<init>(EventManager.java:88)
tera.gameserver.manager.EventManager.getInstance(EventManager.java:36)
tera.gameserver.GameServer.run(GameServer.java:245)

INFO 00:33:14:026 Region: next battle "Veritas District" in 2020.06.28 16:00.
INFO 00:33:14:030 Region: next battle "Ostgarath" in 2020.06.28 16:00.
INFO 00:33:14:033 Region: next battle "Val Palrada" in 2020.06.27 20:00.
INFO 00:33:14:034 Region: next battle "Val Aureum" in 2020.06.27 20:00.
INFO 00:33:14:035 EventManager: loaded 5 events.
INFO 00:33:14:152 EventManager: the nearest event in 42 minutes.
INFO 00:33:14:156 PlayerManager: initialized.
INFO 00:33:14:163 Network: started.
INFO 00:33:14:163 GameServer: started.
INFO 00:33:41:986 AccountManager: authed islanzadie
INFO 00:34:55:232 AccountManager: close islanzadie
INFO 00:35:34:168 AccountManager: authed islanzadie
WARNING 00:37:34:816 NpcTable: detected once the file C:\Users\jorou\Downloads\TeraOnlineServer_Shock_1732\gameserver\.\data\npcs\summons\playable_summons.zip
INFO 00:37:34:831 NpcTable: npcs reloaded.
INFO 00:38:06:329 SpawnTable: reloaded.
INFO 00:38:51:315 SpawnTable: reloaded.
WARNING 00:38:53:919 NpcTable: detected once the file C:\Users\jorou\Downloads\TeraOnlineServer_Shock_1732\gameserver\.\data\npcs\summons\playable_summons.zip
INFO 00:38:53:932 NpcTable: npcs reloaded.
INFO 00:39:09:282 AccountManager: close islanzadie
