INFO 14:44:10:782 ServerControl: open server socket on 2101 port.
INFO 14:44:10:789 ExecutorManager: initialized.
INFO 14:44:11:126 CleaningManager: delete 3 reuses from a character_skill_reuses.
INFO 14:44:11:127 CleaningManager: delete 0 spawns from a boss_spawn.
INFO 14:44:11:127 CleaningManager: delete 0 appearances from a character_appearances.
INFO 14:44:11:128 CleaningManager: delete 0 effects from a character_save_effects.
INFO 14:44:11:128 CleaningManager: delete 0 inventors from a character_inventors.
INFO 14:44:11:129 CleaningManager: delete 0 skills from a character_skills.
INFO 14:44:11:130 CleaningManager: delete 0 hotkeys from a character_hotkey.
INFO 14:44:11:131 CleaningManager: delete 0 chars from a character_friends.
INFO 14:44:11:132 CleaningManager: delete 0 friends from a character_friends.
INFO 14:44:11:132 CleaningManager: delete 0 settings from a character_settings.
INFO 14:44:11:133 CleaningManager: delete 0 empty items from a items.
INFO 14:44:11:134 CleaningManager: delete 0 no owner items from a items.
INFO 14:44:11:135 CleaningManager: delete 0 no owner guild items from a items.
INFO 14:44:11:182 CleaningManager: create buffer table items.
INFO 14:44:11:184 CleaningManager: copy 217 items to buffer_items.
INFO 14:44:11:186 CleaningManager: delete 0 no owner items from a buffer_items.
INFO 14:44:11:192 CleaningManager: drop buffer table items.
INFO 14:44:11:193 CleaningManager: delete 0 from a quests.
INFO 14:44:11:193 CleaningManager: delete 0 from a quest variables.
INFO 14:44:11:194 CleaningManager: delete 0 from a guild ranks.
INFO 14:44:11:234 ClientPacketType: client packets prepared.
INFO 14:44:11:245 EffectParser: initialized.
INFO 14:44:11:247 RandomManager: initialized.
INFO 14:44:11:248 IdFactory: prepare npc ids...
INFO 14:44:11:250 BitSetIdGenerator: 102912 id's available.
INFO 14:44:11:250 IdFactory: prepare objects ids...
INFO 14:44:11:250 BitSetIdGenerator: 102912 id's available.
INFO 14:44:11:251 IdFactory: prepare players ids...
INFO 14:44:11:253 BitSetIdGenerator: extracted 12 ids.
INFO 14:44:11:254 BitSetIdGenerator: 102912 id's available.
INFO 14:44:11:254 IdFactory: prepare guilds ids...
INFO 14:44:11:255 BitSetIdGenerator: extracted 1 ids.
INFO 14:44:11:255 BitSetIdGenerator: 102912 id's available.
INFO 14:44:11:255 IdFactory: prepare item ids...
INFO 14:44:11:257 BitSetIdGenerator: extracted 217 ids.
INFO 14:44:11:257 BitSetIdGenerator: 102912 id's available.
INFO 14:44:11:268 ServerVarManager: loaded 0 variables.
INFO 14:44:11:275 BossSpawnManager: loaded 0 boss spawns.
INFO 14:44:11:921 TerritoryTable: loaded 160 territories for 18803 regions.
INFO 14:44:13:241 WorldZoneTable: loaded 12 world zones for 31986 regions.
INFO 14:44:13:242 ConditionParser: initializable.
WARNING 14:44:13:660 SkillTable: detected once the file C:\Users\jorou\Downloads\TeraOnlineServer_Shock_1732\gameserver\.\data\skills\summon_skills\deprecated.zip
INFO 14:44:13:677 SkillTable: loaded 4613 skills for 19 classes.
WARNING 14:44:13:682 ItemTable: detected once the file C:\Users\jorou\Downloads\TeraOnlineServer_Shock_1732\gameserver\.\data\items\adaptations.txt
INFO 14:44:13:959 ItemTable: loaded 10138 items.
INFO 14:44:13:969 Race: race appearances initializable.
INFO 14:44:13:974 PlayerTable: loaded 104 player templates.
WARNING 14:44:14:145 DropTable: not found items [50048]
INFO 14:44:14:145 DropTable: load drop for 407 npcs and 126 for resourse.
INFO 14:44:14:150 TownTable: initialized.
WARNING 14:44:14:167 NpcDialogTable: detected once the file C:\Users\jorou\Downloads\TeraOnlineServer_Shock_1732\gameserver\.\data\dialogs\dialogs.txt
INFO 14:44:14:193 NpcDialogTable: loaded 87 dialogs.
INFO 14:44:14:199 MessagePackageTable: loaded 34 message packages.
INFO 14:44:14:229 ConfigAITable: loaded 45 npc ai configs.
INFO 14:44:14:241 NpcAppearanceTable: initialized. Loaded 59 appearances.
WARNING 14:44:14:363 NpcTable: found duplicate npc template NpcTemplate npcId = 30002, exp = 0, attack = 300000, defense = 1000, owerAttack = 15000, owerDefense = 13000, level = 100, aggro = 100, factionRange = 5000, name = *Elleon*, title = Valkyon's Hero, factionId = Alliance of Argons, type = 300, isRaid = false, canDrop = false, drop = null, minions = null, dialog = null, geomRadius = 20.0, geomHeight = 60.0, npcType = PLAYER_KILLER in file .\data\npcs\south_arun\velika.xml
WARNING 14:44:14:363 NpcTable: found duplicate npc template NpcTemplate npcId = 30004, exp = 0, attack = 40000, defense = 4000, owerAttack = 1500, owerDefense = 7000, level = 100, aggro = 100, factionRange = 5000, name = *Klaris*, title = Wise mage, factionId = Alliance of Argons, type = 300, isRaid = false, canDrop = false, drop = null, minions = null, dialog = null, geomRadius = 20.0, geomHeight = 60.0, npcType = PLAYER_KILLER in file .\data\npcs\south_arun\velika.xml
WARNING 14:44:14:365 NpcTable: found duplicate npc template NpcTemplate npcId = 30005, exp = 0, attack = 91000, defense = 5000, owerAttack = 1500, owerDefense = 10000, level = 100, aggro = 100, factionRange = 5000, name = *Joff*, title = Open minded, factionId = Alliance of Argons, type = 300, isRaid = false, canDrop = false, drop = null, minions = null, dialog = null, geomRadius = 30.0, geomHeight = 70.0, npcType = PLAYER_KILLER in file .\data\npcs\south_arun\velika.xml
WARNING 14:44:14:376 NpcTable: detected once the file C:\Users\jorou\Downloads\TeraOnlineServer_Shock_1732\gameserver\.\data\npcs\summons\playable_summons.zip
INFO 14:44:14:384 NpcTable: loaded  816 npcs.
INFO 14:44:14:398 ResourseTable: loaded  253 resourses.
INFO 14:44:14:418 MinionTable: loaded 303 minions for 42 npcs.
INFO 14:44:14:420 RegenTaskManager: initializable.
INFO 14:44:14:426 Formulas: initialized.
INFO 14:44:14:427 EffectTaskManager: initialized.
INFO 14:44:14:702 ObjectEventManager: initialized.
INFO 14:44:14:703 MoveTaskManager: initialized.
INFO 14:44:14:994 SpawnTable: loaded 19518 spawns for 620 npcs and 2013 spawns for 60 resourses.
INFO 14:44:15:028 GeoMap3D: start fast import geodata_1.dat
INFO 14:44:15:247 GeoMap3D: import ended. load 1867238 quards.
INFO 14:44:15:248 GeoMap3D: start fast import geodata_2.dat
INFO 14:44:15:323 GeoMap3D: import ended. load 440227 quards.
INFO 14:44:15:327 GeoMap3D: start fast import geodata_3.dat
INFO 14:44:15:345 GeoMap3D: import ended. load 58040 quards.
INFO 14:44:15:345 GeoManager: initialized.
INFO 14:44:15:348 ItemExecutorManager: loaded 0 executor items.
INFO 14:44:15:367 CommandManager: loaded 95 commands.
INFO 14:44:15:380 SkillLearnManager: loaded 950 skill learn's for 8 clases.
INFO 14:44:15:386 AnnounceManager: loaded 0 start announces and 0 running announces.
INFO 14:44:15:388 AccountManager: initialized.
INFO 14:44:15:398 GuildManager: loaded 1 guilds.
INFO 14:44:15:656 QuestManager: loaded 455 quests.
INFO 14:44:15:657 OnlineManager: initialized.
INFO 14:44:15:660 GameLogManager: initialized.
INFO 14:44:15:716 Region: next battle "Veritas District" in 2020.06.28 16:00.
INFO 14:44:15:718 Region: next battle "Ostgarath" in 2020.06.28 16:00.
INFO 14:44:15:720 Region: next battle "Val Palrada" in 2020.06.27 20:00.
INFO 14:44:15:721 Region: next battle "Val Aureum" in 2020.06.27 20:00.
INFO 14:44:15:722 EventManager: loaded 5 events.
INFO 14:44:15:846 EventManager: the nearest event in 43 minutes.
INFO 14:44:15:849 PlayerManager: initialized.
INFO 14:44:15:857 Network: started.
INFO 14:44:15:857 GameServer: started.
INFO 14:44:59:438 AccountManager: authed islanzadie
WARNING 14:47:47:825 SkillTable: detected once the file C:\Users\jorou\Downloads\TeraOnlineServer_Shock_1732\gameserver\.\data\skills\summon_skills\deprecated.zip
INFO 14:47:47:852 SkillTable: skills reloaded.
WARNING 14:48:55:742 SkillTable: detected once the file C:\Users\jorou\Downloads\TeraOnlineServer_Shock_1732\gameserver\.\data\skills\summon_skills\deprecated.zip
INFO 14:48:55:922 SkillTable: skills reloaded.
WARNING 14:52:38:308 SkillTable: detected once the file C:\Users\jorou\Downloads\TeraOnlineServer_Shock_1732\gameserver\.\data\skills\summon_skills\deprecated.zip
INFO 14:52:38:319 SkillTable: skills reloaded.
INFO 17:07:29:158 AccountManager: close islanzadie
