INFO 14:41:47:592 ServerControl: open server socket on 2101 port.
INFO 14:41:47:617 ExecutorManager: initialized.
INFO 14:41:48:052 CleaningManager: delete 0 reuses from a character_skill_reuses.
INFO 14:41:48:053 CleaningManager: delete 0 spawns from a boss_spawn.
INFO 14:41:48:053 CleaningManager: delete 0 appearances from a character_appearances.
INFO 14:41:48:054 CleaningManager: delete 0 effects from a character_save_effects.
INFO 14:41:48:054 CleaningManager: delete 0 inventors from a character_inventors.
INFO 14:41:48:055 CleaningManager: delete 0 skills from a character_skills.
INFO 14:41:48:056 CleaningManager: delete 0 hotkeys from a character_hotkey.
INFO 14:41:48:057 CleaningManager: delete 0 chars from a character_friends.
INFO 14:41:48:057 CleaningManager: delete 0 friends from a character_friends.
INFO 14:41:48:058 CleaningManager: delete 0 settings from a character_settings.
INFO 14:41:48:059 CleaningManager: delete 6 empty items from a items.
INFO 14:41:48:060 CleaningManager: delete 0 no owner items from a items.
INFO 14:41:48:061 CleaningManager: delete 0 no owner guild items from a items.
INFO 14:41:48:122 CleaningManager: create buffer table items.
INFO 14:41:48:125 CleaningManager: copy 256 items to buffer_items.
INFO 14:41:48:126 CleaningManager: delete 0 no owner items from a buffer_items.
INFO 14:41:48:139 CleaningManager: drop buffer table items.
INFO 14:41:48:140 CleaningManager: delete 0 from a quests.
INFO 14:41:48:140 CleaningManager: delete 0 from a quest variables.
INFO 14:41:48:141 CleaningManager: delete 0 from a guild ranks.
INFO 14:41:48:197 ClientPacketType: client packets prepared.
INFO 14:41:48:208 EffectParser: initialized.
INFO 14:41:48:211 RandomManager: initialized.
INFO 14:41:48:211 IdFactory: prepare npc ids...
INFO 14:41:48:214 BitSetIdGenerator: 102912 id's available.
INFO 14:41:48:215 IdFactory: prepare objects ids...
INFO 14:41:48:215 BitSetIdGenerator: 102912 id's available.
INFO 14:41:48:216 IdFactory: prepare players ids...
INFO 14:41:48:220 BitSetIdGenerator: extracted 13 ids.
INFO 14:41:48:220 BitSetIdGenerator: 102912 id's available.
INFO 14:41:48:220 IdFactory: prepare guilds ids...
INFO 14:41:48:221 BitSetIdGenerator: extracted 1 ids.
INFO 14:41:48:222 BitSetIdGenerator: 102912 id's available.
INFO 14:41:48:222 IdFactory: prepare item ids...
INFO 14:41:48:224 BitSetIdGenerator: extracted 256 ids.
INFO 14:41:48:225 BitSetIdGenerator: 102912 id's available.
INFO 14:41:48:236 ServerVarManager: loaded 0 variables.
INFO 14:41:48:239 BossSpawnManager: loaded 0 boss spawns.
INFO 14:41:49:032 TerritoryTable: loaded 160 territories for 18803 regions.
INFO 14:41:50:550 WorldZoneTable: loaded 12 world zones for 31986 regions.
INFO 14:41:50:551 ConditionParser: initializable.
WARNING 14:41:51:274 SkillTable: detected once the file C:\Users\jorou\Downloads\TeraOnlineServer_Shock_1732\gameserver\.\data\skills\summon_skills\deprecated.zip
INFO 14:41:51:311 SkillTable: loaded 4613 skills for 19 classes.
WARNING 14:41:51:316 ItemTable: detected once the file C:\Users\jorou\Downloads\TeraOnlineServer_Shock_1732\gameserver\.\data\items\adaptations.txt
INFO 14:41:51:836 ItemTable: loaded 10138 items.
INFO 14:41:51:911 Race: race appearances initializable.
INFO 14:41:51:930 PlayerTable: loaded 104 player templates.
WARNING 14:41:52:218 DropTable: not found items [50048]
INFO 14:41:52:218 DropTable: load drop for 407 npcs and 126 for resourse.
INFO 14:41:52:223 TownTable: initialized.
WARNING 14:41:52:257 NpcDialogTable: detected once the file C:\Users\jorou\Downloads\TeraOnlineServer_Shock_1732\gameserver\.\data\dialogs\dialogs.txt
INFO 14:41:52:298 NpcDialogTable: loaded 87 dialogs.
INFO 14:41:52:313 MessagePackageTable: loaded 34 message packages.
INFO 14:41:52:369 ConfigAITable: loaded 45 npc ai configs.
INFO 14:41:52:389 NpcAppearanceTable: initialized. Loaded 59 appearances.
WARNING 14:41:52:590 NpcTable: found duplicate npc template NpcTemplate npcId = 30002, exp = 0, attack = 300000, defense = 1000, owerAttack = 15000, owerDefense = 13000, level = 100, aggro = 100, factionRange = 5000, name = *Elleon*, title = Valkyon's Hero, factionId = Alliance of Argons, type = 300, isRaid = false, canDrop = false, drop = null, minions = null, dialog = null, geomRadius = 20.0, geomHeight = 60.0, npcType = PLAYER_KILLER in file .\data\npcs\south_arun\velika_outskirt.xml
WARNING 14:41:52:599 NpcTable: found duplicate npc template NpcTemplate npcId = 30004, exp = 0, attack = 40000, defense = 4000, owerAttack = 1500, owerDefense = 7000, level = 100, aggro = 100, factionRange = 5000, name = *Klaris*, title = Wise mage, factionId = Alliance of Argons, type = 300, isRaid = false, canDrop = false, drop = null, minions = null, dialog = null, geomRadius = 20.0, geomHeight = 60.0, npcType = PLAYER_KILLER in file .\data\npcs\south_arun\velika_outskirt.xml
WARNING 14:41:52:602 NpcTable: found duplicate npc template NpcTemplate npcId = 30005, exp = 0, attack = 91000, defense = 5000, owerAttack = 1500, owerDefense = 10000, level = 100, aggro = 100, factionRange = 5000, name = *Joff*, title = Open minded, factionId = Alliance of Argons, type = 300, isRaid = false, canDrop = false, drop = null, minions = null, dialog = null, geomRadius = 30.0, geomHeight = 70.0, npcType = PLAYER_KILLER in file .\data\npcs\south_arun\velika_outskirt.xml
WARNING 14:41:52:603 NpcTable: found duplicate npc template NpcTemplate npcId = 30007, exp = 0, attack = 300000, defense = 5000, owerAttack = 14500, owerDefense = 15000, level = 100, aggro = 100, factionRange = 5000, name = *KLei*, title = Testing, factionId = Alliance of Argons, type = 300, isRaid = false, canDrop = false, drop = null, minions = null, dialog = null, geomRadius = 25.0, geomHeight = 70.0, npcType = PLAYER_KILLER in file .\data\npcs\south_arun\velika_outskirt.xml
WARNING 14:41:52:612 NpcTable: found duplicate npc template NpcTemplate npcId = 30008, exp = 0, attack = 91000, defense = 11000, owerAttack = 1000, owerDefense = 20000, level = 100, aggro = 100, factionRange = 5000, name = *Arei*, title = HUrrrr durrrr, factionId = Alliance of Argons, type = 300, isRaid = false, canDrop = false, drop = null, minions = null, dialog = null, geomRadius = 30.0, geomHeight = 70.0, npcType = PLAYER_KILLER in file .\data\npcs\south_arun\velika_outskirt.xml
WARNING 14:41:52:614 NpcTable: found duplicate npc template NpcTemplate npcId = 30010, exp = 0, attack = 410000, defense = 4000, owerAttack = 1500, owerDefense = 7000, level = 100, aggro = 100, factionRange = 5000, name = *Lola*, title = Lover, factionId = Alliance of Argons, type = 300, isRaid = false, canDrop = false, drop = null, minions = null, dialog = null, geomRadius = 20.0, geomHeight = 60.0, npcType = PLAYER_KILLER in file .\data\npcs\south_arun\velika_outskirt.xml
WARNING 14:41:52:633 NpcTable: detected once the file C:\Users\jorou\Downloads\TeraOnlineServer_Shock_1732\gameserver\.\data\npcs\summons\playable_summons.zip
INFO 14:41:52:679 NpcTable: loaded  816 npcs.
INFO 14:41:52:734 ResourseTable: loaded  253 resourses.
INFO 14:41:52:759 MinionTable: loaded 303 minions for 42 npcs.
INFO 14:41:52:768 RegenTaskManager: initializable.
INFO 14:41:52:785 Formulas: initialized.
INFO 14:41:52:788 EffectTaskManager: initialized.
INFO 14:41:53:219 ObjectEventManager: initialized.
INFO 14:41:53:220 MoveTaskManager: initialized.
INFO 14:41:53:795 SpawnTable: loaded 19523 spawns for 622 npcs and 2013 spawns for 60 resourses.
INFO 14:41:53:853 GeoMap3D: start fast import geodata_1.dat
INFO 14:41:54:105 GeoMap3D: import ended. load 1867238 quards.
INFO 14:41:54:118 GeoMap3D: start fast import geodata_2.dat
INFO 14:41:54:193 GeoMap3D: import ended. load 440227 quards.
INFO 14:41:54:206 GeoMap3D: start fast import geodata_3.dat
INFO 14:41:54:233 GeoMap3D: import ended. load 58040 quards.
INFO 14:41:54:247 GeoManager: initialized.
INFO 14:41:54:252 ItemExecutorManager: loaded 0 executor items.
INFO 14:41:54:271 CommandManager: loaded 96 commands.
INFO 14:41:54:297 SkillLearnManager: loaded 950 skill learn's for 8 clases.
INFO 14:41:54:315 AnnounceManager: loaded 0 start announces and 0 running announces.
INFO 14:41:54:322 AccountManager: initialized.
INFO 14:41:54:366 GuildManager: loaded 1 guilds.
INFO 14:41:54:871 QuestManager: loaded 455 quests.
INFO 14:41:54:875 OnlineManager: initialized.
INFO 14:41:54:883 GameLogManager: initialized.
INFO 14:41:55:029 Region: next battle "Veritas District" in 2020.06.28 16:00.
INFO 14:41:55:040 Region: next battle "Ostgarath" in 2020.06.28 16:00.
INFO 14:41:55:046 Region: next battle "Val Palrada" in 2020.07.04 20:00.
INFO 14:41:55:062 Region: next battle "Val Aureum" in 2020.07.04 20:00.
INFO 14:41:55:067 EventManager: loaded 5 events.
INFO 14:41:55:303 EventManager: the nearest event in 31 minutes.
INFO 14:41:55:315 PlayerManager: initialized.
INFO 14:41:55:349 Network: started.
INFO 14:41:55:356 GameServer: started.
INFO 14:42:23:149 AccountManager: authed islanzadie
INFO 14:47:31:095 Config: reloaded.
INFO 15:03:10:417 Config: reloaded.
INFO 15:20:41:704 AccountManager: close islanzadie
