INFO 10:53:43:250 ServerControl: open server socket on 2101 port.
INFO 10:53:43:256 ExecutorManager: initialized.
INFO 10:53:43:645 CleaningManager: delete 0 reuses from a character_skill_reuses.
INFO 10:53:43:646 CleaningManager: delete 0 spawns from a boss_spawn.
INFO 10:53:43:647 CleaningManager: delete 0 appearances from a character_appearances.
INFO 10:53:43:647 CleaningManager: delete 0 effects from a character_save_effects.
INFO 10:53:43:648 CleaningManager: delete 0 inventors from a character_inventors.
INFO 10:53:43:649 CleaningManager: delete 0 skills from a character_skills.
INFO 10:53:43:649 CleaningManager: delete 0 hotkeys from a character_hotkey.
INFO 10:53:43:650 CleaningManager: delete 0 chars from a character_friends.
INFO 10:53:43:651 CleaningManager: delete 0 friends from a character_friends.
INFO 10:53:43:651 CleaningManager: delete 0 settings from a character_settings.
INFO 10:53:43:652 CleaningManager: delete 1 empty items from a items.
INFO 10:53:43:653 CleaningManager: delete 0 no owner items from a items.
INFO 10:53:43:653 CleaningManager: delete 0 no owner guild items from a items.
INFO 10:53:43:699 CleaningManager: create buffer table items.
INFO 10:53:43:701 CleaningManager: copy 217 items to buffer_items.
INFO 10:53:43:702 CleaningManager: delete 0 no owner items from a buffer_items.
INFO 10:53:43:714 CleaningManager: drop buffer table items.
INFO 10:53:43:715 CleaningManager: delete 0 from a quests.
INFO 10:53:43:715 CleaningManager: delete 0 from a quest variables.
INFO 10:53:43:716 CleaningManager: delete 0 from a guild ranks.
INFO 10:53:43:760 ClientPacketType: client packets prepared.
INFO 10:53:43:773 EffectParser: initialized.
INFO 10:53:43:776 RandomManager: initialized.
INFO 10:53:43:777 IdFactory: prepare npc ids...
INFO 10:53:43:778 BitSetIdGenerator: 102912 id's available.
INFO 10:53:43:778 IdFactory: prepare objects ids...
INFO 10:53:43:779 BitSetIdGenerator: 102912 id's available.
INFO 10:53:43:779 IdFactory: prepare players ids...
INFO 10:53:43:783 BitSetIdGenerator: extracted 12 ids.
INFO 10:53:43:783 BitSetIdGenerator: 102912 id's available.
INFO 10:53:43:784 IdFactory: prepare guilds ids...
INFO 10:53:43:785 BitSetIdGenerator: extracted 1 ids.
INFO 10:53:43:785 BitSetIdGenerator: 102912 id's available.
INFO 10:53:43:785 IdFactory: prepare item ids...
INFO 10:53:43:787 BitSetIdGenerator: extracted 217 ids.
INFO 10:53:43:789 BitSetIdGenerator: 102912 id's available.
INFO 10:53:43:800 ServerVarManager: loaded 0 variables.
INFO 10:53:43:802 BossSpawnManager: loaded 0 boss spawns.
INFO 10:53:44:459 TerritoryTable: loaded 160 territories for 18803 regions.
INFO 10:53:45:695 WorldZoneTable: loaded 12 world zones for 31986 regions.
INFO 10:53:45:696 ConditionParser: initializable.
WARNING 10:53:46:363 SkillTable: detected once the file C:\Users\jorou\Downloads\TeraOnlineServer_Shock_1732\gameserver\.\data\skills\summon_skills\deprecated.zip
INFO 10:53:46:398 SkillTable: loaded 4613 skills for 19 classes.
WARNING 10:53:46:403 ItemTable: detected once the file C:\Users\jorou\Downloads\TeraOnlineServer_Shock_1732\gameserver\.\data\items\adaptations.txt
INFO 10:53:46:810 ItemTable: loaded 10138 items.
INFO 10:53:46:830 Race: race appearances initializable.
INFO 10:53:46:838 PlayerTable: loaded 104 player templates.
WARNING 10:53:47:094 DropTable: not found items [50048]
INFO 10:53:47:095 DropTable: load drop for 407 npcs and 126 for resourse.
INFO 10:53:47:099 TownTable: initialized.
WARNING 10:53:47:124 NpcDialogTable: detected once the file C:\Users\jorou\Downloads\TeraOnlineServer_Shock_1732\gameserver\.\data\dialogs\dialogs.txt
INFO 10:53:47:160 NpcDialogTable: loaded 87 dialogs.
INFO 10:53:47:171 MessagePackageTable: loaded 34 message packages.
INFO 10:53:47:204 ConfigAITable: loaded 45 npc ai configs.
INFO 10:53:47:221 NpcAppearanceTable: initialized. Loaded 59 appearances.
WARNING 10:53:47:377 NpcTable: detected once the file C:\Users\jorou\Downloads\TeraOnlineServer_Shock_1732\gameserver\.\data\npcs\summons\playable_summons.zip
INFO 10:53:47:385 NpcTable: loaded  816 npcs.
INFO 10:53:47:400 ResourseTable: loaded  253 resourses.
INFO 10:53:47:410 MinionTable: loaded 303 minions for 42 npcs.
INFO 10:53:47:412 RegenTaskManager: initializable.
INFO 10:53:47:417 Formulas: initialized.
INFO 10:53:47:418 EffectTaskManager: initialized.
INFO 10:53:47:751 ObjectEventManager: initialized.
INFO 10:53:47:752 MoveTaskManager: initialized.
INFO 10:53:48:150 SpawnTable: loaded 19515 spawns for 617 npcs and 2013 spawns for 60 resourses.
INFO 10:53:48:168 GeoMap3D: start fast import geodata_1.dat
INFO 10:53:48:424 GeoMap3D: import ended. load 1867238 quards.
INFO 10:53:48:425 GeoMap3D: start fast import geodata_2.dat
INFO 10:53:48:496 GeoMap3D: import ended. load 440227 quards.
INFO 10:53:48:506 GeoMap3D: start fast import geodata_3.dat
INFO 10:53:48:527 GeoMap3D: import ended. load 58040 quards.
INFO 10:53:48:528 GeoManager: initialized.
INFO 10:53:48:532 ItemExecutorManager: loaded 0 executor items.
INFO 10:53:48:551 CommandManager: loaded 95 commands.
INFO 10:53:48:565 SkillLearnManager: loaded 950 skill learn's for 8 clases.
INFO 10:53:48:568 AnnounceManager: loaded 0 start announces and 0 running announces.
INFO 10:53:48:574 AccountManager: initialized.
INFO 10:53:48:587 GuildManager: loaded 1 guilds.
INFO 10:53:48:934 QuestManager: loaded 455 quests.
INFO 10:53:48:937 OnlineManager: initialized.
INFO 10:53:48:961 GameLogManager: initialized.
INFO 10:53:49:081 Region: next battle "Veritas District" in 2020.06.28 16:00.
INFO 10:53:49:091 Region: next battle "Ostgarath" in 2020.06.28 16:00.
INFO 10:53:49:097 Region: next battle "Val Palrada" in 2020.06.27 20:00.
INFO 10:53:49:100 Region: next battle "Val Aureum" in 2020.06.27 20:00.
INFO 10:53:49:100 EventManager: loaded 5 events.
INFO 10:53:49:249 EventManager: the nearest event in 52 minutes.
INFO 10:53:49:252 PlayerManager: initialized.
INFO 10:53:49:264 Network: started.
INFO 10:53:49:264 GameServer: started.
INFO 10:53:52:893 AccountManager: authed islanzadie
INFO 10:54:08:103 AccountManager: close islanzadie
INFO 10:54:56:427 AccountManager: authed tsuka
WARNING 11:03:54:370 DocumentNpc: incorrect file .\data\npcs\raid_boss.xml
WARNING 11:03:54:371 DocumentNpc: NumberFormatException : For input string: "8000000000000" : stack trace:
java.base/java.lang.NumberFormatException.forInputString(NumberFormatException.java:68)
java.base/java.lang.Integer.parseInt(Integer.java:658)
java.base/java.lang.Integer.parseInt(Integer.java:776)
rlib.util.VarTable.getInteger(VarTable.java:729)
tera.gameserver.templates.NpcTemplate.<init>(NpcTemplate.java:103)
tera.gameserver.document.DocumentNpc.parseTemplate(DocumentNpc.java:82)
tera.gameserver.document.DocumentNpc.parse(DocumentNpc.java:47)
rlib.data.AbstractDocument.parse(AbstractDocument.java:67)
tera.gameserver.tables.NpcTable.reload(NpcTable.java:169)
tera.gameserver.scripts.commands.NpcCommands.execution(NpcCommands.java:187)
tera.gameserver.manager.CommandManager.execute(CommandManager.java:74)
tera.gameserver.network.clientpackets.PlayerSay.runImpl(PlayerSay.java:84)
rlib.network.packets.AbstractReadeablePacket.run(AbstractReadeablePacket.java:175)
java.base/java.util.concurrent.ThreadPoolExecutor.runWorker(ThreadPoolExecutor.java:1128)
java.base/java.util.concurrent.ThreadPoolExecutor$Worker.run(ThreadPoolExecutor.java:628)
java.base/java.lang.Thread.run(Thread.java:830)

WARNING 11:03:54:492 NpcTable: detected once the file C:\Users\jorou\Downloads\TeraOnlineServer_Shock_1732\gameserver\.\data\npcs\summons\playable_summons.zip
INFO 11:03:54:516 NpcTable: npcs reloaded.
INFO 11:04:02:024 SpawnTable: reloaded.
WARNING 11:04:27:142 DocumentNpc: incorrect file .\data\npcs\raid_boss.xml
WARNING 11:04:27:146 DocumentNpc: NumberFormatException : For input string: "9999999999" : stack trace:
java.base/java.lang.NumberFormatException.forInputString(NumberFormatException.java:68)
java.base/java.lang.Integer.parseInt(Integer.java:658)
java.base/java.lang.Integer.parseInt(Integer.java:776)
rlib.util.VarTable.getInteger(VarTable.java:729)
tera.gameserver.templates.NpcTemplate.<init>(NpcTemplate.java:103)
tera.gameserver.document.DocumentNpc.parseTemplate(DocumentNpc.java:82)
tera.gameserver.document.DocumentNpc.parse(DocumentNpc.java:47)
rlib.data.AbstractDocument.parse(AbstractDocument.java:67)
tera.gameserver.tables.NpcTable.reload(NpcTable.java:169)
tera.gameserver.scripts.commands.NpcCommands.execution(NpcCommands.java:187)
tera.gameserver.manager.CommandManager.execute(CommandManager.java:74)
tera.gameserver.network.clientpackets.PlayerSay.runImpl(PlayerSay.java:84)
rlib.network.packets.AbstractReadeablePacket.run(AbstractReadeablePacket.java:175)
java.base/java.util.concurrent.ThreadPoolExecutor.runWorker(ThreadPoolExecutor.java:1128)
java.base/java.util.concurrent.ThreadPoolExecutor$Worker.run(ThreadPoolExecutor.java:628)
java.base/java.lang.Thread.run(Thread.java:830)

WARNING 11:04:27:263 NpcTable: detected once the file C:\Users\jorou\Downloads\TeraOnlineServer_Shock_1732\gameserver\.\data\npcs\summons\playable_summons.zip
INFO 11:04:27:273 NpcTable: npcs reloaded.
INFO 11:04:36:409 SpawnTable: reloaded.
INFO 11:06:42:431 SpawnTable: reloaded.
WARNING 11:06:45:513 DocumentNpc: incorrect file .\data\npcs\raid_boss.xml
WARNING 11:06:45:514 DocumentNpc: NoSuchElementException : Unknown name 'cATK' for enum Stats : stack trace:
tera.gameserver.model.skillengine.StatType.valueOfXml(StatType.java:127)
tera.gameserver.parser.StatFuncParser.parseFunc(StatFuncParser.java:147)
tera.gameserver.parser.FuncParser.parse(FuncParser.java:103)
tera.gameserver.document.DocumentNpc.parseFuncs(DocumentNpc.java:68)
tera.gameserver.document.DocumentNpc.parseTemplate(DocumentNpc.java:82)
tera.gameserver.document.DocumentNpc.parse(DocumentNpc.java:47)
rlib.data.AbstractDocument.parse(AbstractDocument.java:67)
tera.gameserver.tables.NpcTable.reload(NpcTable.java:169)
tera.gameserver.scripts.commands.NpcCommands.execution(NpcCommands.java:187)
tera.gameserver.manager.CommandManager.execute(CommandManager.java:74)
tera.gameserver.network.clientpackets.PlayerSay.runImpl(PlayerSay.java:84)
rlib.network.packets.AbstractReadeablePacket.run(AbstractReadeablePacket.java:175)
java.base/java.util.concurrent.ThreadPoolExecutor.runWorker(ThreadPoolExecutor.java:1128)
java.base/java.util.concurrent.ThreadPoolExecutor$Worker.run(ThreadPoolExecutor.java:628)
java.base/java.lang.Thread.run(Thread.java:830)

WARNING 11:06:45:598 NpcTable: detected once the file C:\Users\jorou\Downloads\TeraOnlineServer_Shock_1732\gameserver\.\data\npcs\summons\playable_summons.zip
INFO 11:06:45:611 NpcTable: npcs reloaded.
WARNING 11:08:38:589 NpcTable: detected once the file C:\Users\jorou\Downloads\TeraOnlineServer_Shock_1732\gameserver\.\data\npcs\summons\playable_summons.zip
INFO 11:08:38:597 NpcTable: npcs reloaded.
INFO 11:08:45:661 SpawnTable: reloaded.
WARNING 11:18:46:378 NpcTable: detected once the file C:\Users\jorou\Downloads\TeraOnlineServer_Shock_1732\gameserver\.\data\npcs\summons\playable_summons.zip
INFO 11:18:46:389 NpcTable: npcs reloaded.
INFO 11:18:50:458 SpawnTable: reloaded.
WARNING 11:26:28:617 NpcTable: detected once the file C:\Users\jorou\Downloads\TeraOnlineServer_Shock_1732\gameserver\.\data\npcs\summons\playable_summons.zip
INFO 11:26:28:624 NpcTable: npcs reloaded.
INFO 11:26:36:935 SpawnTable: reloaded.
INFO 11:29:18:340 AccountManager: close tsuka
