INFO 14:05:03:950 ServerControl: open server socket on 2101 port.
INFO 14:05:03:992 ExecutorManager: initialized.
INFO 14:05:04:940 CleaningManager: delete 0 reuses from a character_skill_reuses.
INFO 14:05:04:968 CleaningManager: delete 0 spawns from a boss_spawn.
INFO 14:05:05:019 CleaningManager: delete 0 appearances from a character_appearances.
INFO 14:05:05:052 CleaningManager: delete 0 effects from a character_save_effects.
INFO 14:05:05:093 CleaningManager: delete 0 inventors from a character_inventors.
INFO 14:05:05:131 CleaningManager: delete 0 skills from a character_skills.
INFO 14:05:05:159 CleaningManager: delete 0 hotkeys from a character_hotkey.
INFO 14:05:05:173 CleaningManager: delete 0 chars from a character_friends.
INFO 14:05:05:174 CleaningManager: delete 0 friends from a character_friends.
INFO 14:05:05:194 CleaningManager: delete 0 settings from a character_settings.
INFO 14:05:05:233 CleaningManager: delete 0 empty items from a items.
INFO 14:05:05:234 CleaningManager: delete 0 no owner items from a items.
INFO 14:05:05:277 CleaningManager: delete 0 no owner guild items from a items.
INFO 14:05:05:309 CleaningManager: create buffer table items.
INFO 14:05:05:312 CleaningManager: copy 274 items to buffer_items.
INFO 14:05:05:313 CleaningManager: delete 0 no owner items from a buffer_items.
INFO 14:05:05:325 CleaningManager: drop buffer table items.
INFO 14:05:05:367 CleaningManager: delete 0 from a quests.
INFO 14:05:05:391 CleaningManager: delete 0 from a quest variables.
INFO 14:05:05:418 CleaningManager: delete 0 from a guild ranks.
INFO 14:05:05:477 ClientPacketType: client packets prepared.
INFO 14:05:05:502 EffectParser: initialized.
INFO 14:05:05:521 RandomManager: initialized.
INFO 14:05:05:522 IdFactory: prepare npc ids...
INFO 14:05:05:523 BitSetIdGenerator: 102912 id's available.
INFO 14:05:05:524 IdFactory: prepare objects ids...
INFO 14:05:05:524 BitSetIdGenerator: 102912 id's available.
INFO 14:05:05:524 IdFactory: prepare players ids...
INFO 14:05:05:540 BitSetIdGenerator: extracted 14 ids.
INFO 14:05:05:540 BitSetIdGenerator: 102912 id's available.
INFO 14:05:05:540 IdFactory: prepare guilds ids...
INFO 14:05:05:541 BitSetIdGenerator: extracted 1 ids.
INFO 14:05:05:542 BitSetIdGenerator: 102912 id's available.
INFO 14:05:05:542 IdFactory: prepare item ids...
INFO 14:05:05:544 BitSetIdGenerator: extracted 274 ids.
INFO 14:05:05:544 BitSetIdGenerator: 102912 id's available.
INFO 14:05:05:576 ServerVarManager: loaded 0 variables.
INFO 14:05:05:580 BossSpawnManager: loaded 0 boss spawns.
INFO 14:05:06:333 TerritoryTable: loaded 160 territories for 18803 regions.
INFO 14:05:07:738 WorldZoneTable: loaded 12 world zones for 31986 regions.
INFO 14:05:07:740 ConditionParser: initializable.
WARNING 14:05:08:594 SkillTable: detected once the file C:\Users\jorou\Downloads\TeraOnlineServer_Shock_1732\gameserver\.\data\skills\summon_skills\deprecated.zip
INFO 14:05:08:650 SkillTable: loaded 4613 skills for 19 classes.
WARNING 14:05:08:655 ItemTable: detected once the file C:\Users\jorou\Downloads\TeraOnlineServer_Shock_1732\gameserver\.\data\items\adaptations.txt
INFO 14:05:09:303 ItemTable: loaded 10138 items.
INFO 14:05:09:376 Race: race appearances initializable.
INFO 14:05:09:398 PlayerTable: loaded 104 player templates.
WARNING 14:05:09:716 DropTable: not found items [50048]
INFO 14:05:09:716 DropTable: load drop for 407 npcs and 126 for resourse.
INFO 14:05:09:733 TownTable: initialized.
WARNING 14:05:09:793 NpcDialogTable: detected once the file C:\Users\jorou\Downloads\TeraOnlineServer_Shock_1732\gameserver\.\data\dialogs\dialogs.txt
INFO 14:05:09:884 NpcDialogTable: loaded 87 dialogs.
INFO 14:05:09:907 MessagePackageTable: loaded 34 message packages.
INFO 14:05:09:973 ConfigAITable: loaded 45 npc ai configs.
INFO 14:05:10:005 NpcAppearanceTable: initialized. Loaded 59 appearances.
WARNING 14:05:10:217 DocumentNpc: incorrect file .\data\npcs\playable\bandits.xml
WARNING 14:05:10:217 DocumentNpc: SAXParseException : The string "--" is not permitted within comments. : stack trace:
java.xml/com.sun.org.apache.xerces.internal.parsers.DOMParser.parse(DOMParser.java:261)
java.xml/com.sun.org.apache.xerces.internal.jaxp.DocumentBuilderImpl.parse(DocumentBuilderImpl.java:339)
java.xml/javax.xml.parsers.DocumentBuilder.parse(DocumentBuilder.java:206)
rlib.data.AbstractDocument.parse(AbstractDocument.java:55)
tera.gameserver.tables.NpcTable.<init>(NpcTable.java:68)
tera.gameserver.tables.NpcTable.getInstance(NpcTable.java:37)
tera.gameserver.GameServer.run(GameServer.java:224)

WARNING 14:05:10:218 DocumentNpc: incorrect file .\data\npcs\playable\bandits.xml
WARNING 14:05:10:219 DocumentNpc: NullPointerException : null : stack trace:
tera.gameserver.document.DocumentNpc.parse(DocumentNpc.java:42)
rlib.data.AbstractDocument.parse(AbstractDocument.java:67)
tera.gameserver.tables.NpcTable.<init>(NpcTable.java:68)
tera.gameserver.tables.NpcTable.getInstance(NpcTable.java:37)
tera.gameserver.GameServer.run(GameServer.java:224)

WARNING 14:05:10:416 NpcTable: detected once the file C:\Users\jorou\Downloads\TeraOnlineServer_Shock_1732\gameserver\.\data\npcs\summons\playable_summons.zip
INFO 14:05:10:479 NpcTable: loaded  815 npcs.
INFO 14:05:10:515 ResourseTable: loaded  253 resourses.
INFO 14:05:10:535 MinionTable: loaded 303 minions for 42 npcs.
INFO 14:05:10:548 RegenTaskManager: initializable.
INFO 14:05:10:609 Formulas: initialized.
INFO 14:05:10:611 EffectTaskManager: initialized.
INFO 14:05:11:406 ObjectEventManager: initialized.
INFO 14:05:11:414 MoveTaskManager: initialized.
INFO 14:05:11:804 SpawnTable: loaded 19523 spawns for 622 npcs and 2013 spawns for 60 resourses.
INFO 14:05:11:813 GeoMap3D: start fast import geodata_1.dat
INFO 14:05:12:281 GeoMap3D: import ended. load 1867238 quards.
INFO 14:05:12:304 GeoMap3D: start fast import geodata_2.dat
INFO 14:05:12:409 GeoMap3D: import ended. load 440227 quards.
INFO 14:05:12:423 GeoMap3D: start fast import geodata_3.dat
INFO 14:05:12:452 GeoMap3D: import ended. load 58040 quards.
INFO 14:05:12:453 GeoManager: initialized.
INFO 14:05:12:474 ItemExecutorManager: loaded 0 executor items.
INFO 14:05:12:493 CommandManager: loaded 96 commands.
INFO 14:05:12:526 SkillLearnManager: loaded 950 skill learn's for 8 clases.
INFO 14:05:12:541 AnnounceManager: loaded 0 start announces and 0 running announces.
INFO 14:05:12:581 AccountManager: initialized.
INFO 14:05:12:605 GuildManager: loaded 1 guilds.
INFO 14:05:13:039 QuestManager: loaded 455 quests.
INFO 14:05:13:041 OnlineManager: initialized.
INFO 14:05:13:046 GameLogManager: initialized.
INFO 14:05:13:405 Region: next battle "Veritas District" in 2020.08.16 16:00.
INFO 14:05:13:414 Region: next battle "Ostgarath" in 2020.08.16 16:00.
INFO 14:05:13:416 Region: next battle "Val Palrada" in 2020.08.15 20:00.
INFO 14:05:13:417 Region: next battle "Val Aureum" in 2020.08.15 20:00.
INFO 14:05:13:418 EventManager: loaded 5 events.
INFO 14:05:13:520 EventManager: the nearest event in 44 minutes.
INFO 14:05:13:523 PlayerManager: initialized.
INFO 14:05:13:565 Network: started.
INFO 14:05:13:565 GameServer: started.
INFO 14:06:49:944 AccountManager: authed islanzadie
INFO 14:38:48:967 AccountManager: close islanzadie
