INFO 12:38:05:476 ServerControl: open server socket on 2101 port.
INFO 12:38:05:482 ExecutorManager: initialized.
INFO 12:38:05:813 CleaningManager: delete 0 reuses from a character_skill_reuses.
INFO 12:38:05:813 CleaningManager: delete 0 spawns from a boss_spawn.
INFO 12:38:05:814 CleaningManager: delete 0 appearances from a character_appearances.
INFO 12:38:05:815 CleaningManager: delete 0 effects from a character_save_effects.
INFO 12:38:05:815 CleaningManager: delete 0 inventors from a character_inventors.
INFO 12:38:05:816 CleaningManager: delete 0 skills from a character_skills.
INFO 12:38:05:817 CleaningManager: delete 0 hotkeys from a character_hotkey.
INFO 12:38:05:817 CleaningManager: delete 0 chars from a character_friends.
INFO 12:38:05:818 CleaningManager: delete 0 friends from a character_friends.
INFO 12:38:05:820 CleaningManager: delete 0 settings from a character_settings.
INFO 12:38:05:820 CleaningManager: delete 0 empty items from a items.
INFO 12:38:05:821 CleaningManager: delete 0 no owner items from a items.
INFO 12:38:05:822 CleaningManager: delete 0 no owner guild items from a items.
INFO 12:38:05:892 CleaningManager: create buffer table items.
INFO 12:38:05:894 CleaningManager: copy 162 items to buffer_items.
INFO 12:38:05:895 CleaningManager: delete 0 no owner items from a buffer_items.
INFO 12:38:05:901 CleaningManager: drop buffer table items.
INFO 12:38:05:902 CleaningManager: delete 0 from a quests.
INFO 12:38:05:903 CleaningManager: delete 0 from a quest variables.
INFO 12:38:05:903 CleaningManager: delete 0 from a guild ranks.
INFO 12:38:05:947 ClientPacketType: client packets prepared.
INFO 12:38:05:959 EffectParser: initialized.
INFO 12:38:05:961 RandomManager: initialized.
INFO 12:38:05:961 IdFactory: prepare npc ids...
INFO 12:38:05:963 BitSetIdGenerator: 102912 id's available.
INFO 12:38:05:964 IdFactory: prepare objects ids...
INFO 12:38:05:964 BitSetIdGenerator: 102912 id's available.
INFO 12:38:05:964 IdFactory: prepare players ids...
INFO 12:38:05:967 BitSetIdGenerator: extracted 11 ids.
INFO 12:38:05:967 BitSetIdGenerator: 102912 id's available.
INFO 12:38:05:967 IdFactory: prepare guilds ids...
INFO 12:38:05:968 BitSetIdGenerator: extracted 1 ids.
INFO 12:38:05:969 BitSetIdGenerator: 102912 id's available.
INFO 12:38:05:969 IdFactory: prepare item ids...
INFO 12:38:05:971 BitSetIdGenerator: extracted 162 ids.
INFO 12:38:05:972 BitSetIdGenerator: 102912 id's available.
INFO 12:38:05:982 ServerVarManager: loaded 0 variables.
INFO 12:38:05:985 BossSpawnManager: loaded 0 boss spawns.
INFO 12:38:06:610 TerritoryTable: loaded 160 territories for 18803 regions.
INFO 12:38:07:804 WorldZoneTable: loaded 12 world zones for 31986 regions.
INFO 12:38:07:805 ConditionParser: initializable.
WARNING 12:38:08:140 SkillTable: detected once the file C:\Users\jorou\Downloads\TeraOnlineServer_Shock_1732\gameserver\.\data\skills\summon_skills\deprecated.zip
INFO 12:38:08:154 SkillTable: loaded 4613 skills for 19 classes.
INFO 12:38:08:530 ItemTable: loaded 10138 items.
INFO 12:38:08:541 Race: race appearances initializable.
INFO 12:38:08:548 PlayerTable: loaded 104 player templates.
WARNING 12:38:08:757 DropTable: not found items [50048]
INFO 12:38:08:757 DropTable: load drop for 407 npcs and 126 for resourse.
INFO 12:38:08:762 TownTable: initialized.
WARNING 12:38:08:781 NpcDialogTable: detected once the file C:\Users\jorou\Downloads\TeraOnlineServer_Shock_1732\gameserver\.\data\dialogs\dialogs.txt
INFO 12:38:08:808 NpcDialogTable: loaded 87 dialogs.
INFO 12:38:08:813 MessagePackageTable: loaded 34 message packages.
INFO 12:38:08:841 ConfigAITable: loaded 45 npc ai configs.
INFO 12:38:08:851 NpcAppearanceTable: initialized. Loaded 59 appearances.
WARNING 12:38:08:959 NpcTable: detected once the file C:\Users\jorou\Downloads\TeraOnlineServer_Shock_1732\gameserver\.\data\npcs\summons\playable_summons.zip
INFO 12:38:08:968 NpcTable: loaded  816 npcs.
INFO 12:38:08:982 ResourseTable: loaded  253 resourses.
INFO 12:38:08:993 MinionTable: loaded 303 minions for 42 npcs.
INFO 12:38:08:993 RegenTaskManager: initializable.
INFO 12:38:08:999 Formulas: initialized.
INFO 12:38:09:000 EffectTaskManager: initialized.
INFO 12:38:09:280 ObjectEventManager: initialized.
INFO 12:38:09:280 MoveTaskManager: initialized.
INFO 12:38:09:685 SpawnTable: loaded 19515 spawns for 617 npcs and 2013 spawns for 60 resourses.
INFO 12:38:09:710 GeoMap3D: start fast import geodata_1.dat
INFO 12:38:09:945 GeoMap3D: import ended. load 1867238 quards.
INFO 12:38:09:952 GeoMap3D: start fast import geodata_2.dat
INFO 12:38:10:017 GeoMap3D: import ended. load 440227 quards.
INFO 12:38:10:027 GeoMap3D: start fast import geodata_3.dat
INFO 12:38:10:053 GeoMap3D: import ended. load 58040 quards.
INFO 12:38:10:055 GeoManager: initialized.
INFO 12:38:10:058 ItemExecutorManager: loaded 0 executor items.
INFO 12:38:10:071 CommandManager: loaded 95 commands.
INFO 12:38:10:088 SkillLearnManager: loaded 950 skill learn's for 8 clases.
INFO 12:38:10:095 AnnounceManager: loaded 0 start announces and 0 running announces.
INFO 12:38:10:098 AccountManager: initialized.
INFO 12:38:10:113 GuildManager: loaded 1 guilds.
INFO 12:38:10:569 QuestManager: loaded 455 quests.
INFO 12:38:10:571 OnlineManager: initialized.
INFO 12:38:10:576 GameLogManager: initialized.
INFO 12:38:10:725 Region: next battle "Veritas District" in 2020.06.28 16:00.
INFO 12:38:10:731 Region: next battle "Ostgarath" in 2020.06.28 16:00.
INFO 12:38:10:734 Region: next battle "Val Palrada" in 2020.06.27 20:00.
INFO 12:38:10:735 Region: next battle "Val Aureum" in 2020.06.27 20:00.
INFO 12:38:10:736 EventManager: loaded 5 events.
INFO 12:38:10:841 EventManager: the nearest event in 50 minutes.
INFO 12:38:10:844 PlayerManager: initialized.
INFO 12:38:10:851 Network: started.
INFO 12:38:10:851 GameServer: started.
INFO 12:38:40:726 AccountManager: authed islanzadie
INFO 12:43:13:406 AccountManager: close islanzadie
