INFO 10:34:42:239 ServerControl: open server socket on 2101 port.
INFO 10:34:42:313 ExecutorManager: initialized.
INFO 10:34:43:459 CleaningManager: delete 0 reuses from a character_skill_reuses.
INFO 10:34:43:509 CleaningManager: delete 0 spawns from a boss_spawn.
INFO 10:34:43:588 CleaningManager: delete 0 appearances from a character_appearances.
INFO 10:34:43:618 CleaningManager: delete 0 effects from a character_save_effects.
INFO 10:34:43:648 CleaningManager: delete 0 inventors from a character_inventors.
INFO 10:34:43:689 CleaningManager: delete 0 skills from a character_skills.
INFO 10:34:43:717 CleaningManager: delete 0 hotkeys from a character_hotkey.
INFO 10:34:43:731 CleaningManager: delete 0 chars from a character_friends.
INFO 10:34:43:732 CleaningManager: delete 0 friends from a character_friends.
INFO 10:34:43:751 CleaningManager: delete 0 settings from a character_settings.
INFO 10:34:43:816 CleaningManager: delete 0 empty items from a items.
INFO 10:34:43:817 CleaningManager: delete 0 no owner items from a items.
INFO 10:34:43:903 CleaningManager: delete 0 no owner guild items from a items.
INFO 10:34:43:990 CleaningManager: create buffer table items.
INFO 10:34:44:021 CleaningManager: copy 274 items to buffer_items.
INFO 10:34:44:022 CleaningManager: delete 0 no owner items from a buffer_items.
INFO 10:34:44:032 CleaningManager: drop buffer table items.
INFO 10:34:44:076 CleaningManager: delete 0 from a quests.
INFO 10:34:44:105 CleaningManager: delete 0 from a quest variables.
INFO 10:34:44:121 CleaningManager: delete 0 from a guild ranks.
INFO 10:34:44:205 ClientPacketType: client packets prepared.
INFO 10:34:44:242 EffectParser: initialized.
INFO 10:34:44:264 RandomManager: initialized.
INFO 10:34:44:264 IdFactory: prepare npc ids...
INFO 10:34:44:274 BitSetIdGenerator: 102912 id's available.
INFO 10:34:44:275 IdFactory: prepare objects ids...
INFO 10:34:44:275 BitSetIdGenerator: 102912 id's available.
INFO 10:34:44:275 IdFactory: prepare players ids...
INFO 10:34:44:277 BitSetIdGenerator: extracted 14 ids.
INFO 10:34:44:278 BitSetIdGenerator: 102912 id's available.
INFO 10:34:44:278 IdFactory: prepare guilds ids...
INFO 10:34:44:279 BitSetIdGenerator: extracted 1 ids.
INFO 10:34:44:279 BitSetIdGenerator: 102912 id's available.
INFO 10:34:44:280 IdFactory: prepare item ids...
INFO 10:34:44:281 BitSetIdGenerator: extracted 274 ids.
INFO 10:34:44:282 BitSetIdGenerator: 102912 id's available.
INFO 10:34:44:325 ServerVarManager: loaded 0 variables.
INFO 10:34:44:340 BossSpawnManager: loaded 0 boss spawns.
INFO 10:34:44:966 TerritoryTable: loaded 160 territories for 18803 regions.
INFO 10:34:46:101 WorldZoneTable: loaded 12 world zones for 31986 regions.
INFO 10:34:46:102 ConditionParser: initializable.
WARNING 10:34:46:923 SkillTable: detected once the file C:\Users\jorou\Downloads\TeraOnlineServer_Shock_1732\gameserver\.\data\skills\summon_skills\deprecated.zip
INFO 10:34:46:983 SkillTable: loaded 4613 skills for 19 classes.
WARNING 10:34:47:085 ItemTable: detected once the file C:\Users\jorou\Downloads\TeraOnlineServer_Shock_1732\gameserver\.\data\items\adaptations.txt
INFO 10:34:47:734 ItemTable: loaded 10138 items.
INFO 10:34:47:814 Race: race appearances initializable.
INFO 10:34:47:832 PlayerTable: loaded 104 player templates.
WARNING 10:34:48:256 DropTable: not found items [50048]
INFO 10:34:48:257 DropTable: load drop for 407 npcs and 126 for resourse.
INFO 10:34:48:292 TownTable: initialized.
WARNING 10:34:48:360 NpcDialogTable: detected once the file C:\Users\jorou\Downloads\TeraOnlineServer_Shock_1732\gameserver\.\data\dialogs\dialogs.txt
INFO 10:34:48:427 NpcDialogTable: loaded 87 dialogs.
INFO 10:34:48:449 MessagePackageTable: loaded 34 message packages.
INFO 10:34:48:590 ConfigAITable: loaded 45 npc ai configs.
INFO 10:34:48:638 NpcAppearanceTable: initialized. Loaded 59 appearances.
WARNING 10:34:48:968 DocumentNpc: incorrect file .\data\npcs\playable\bandits.xml
WARNING 10:34:48:969 DocumentNpc: SAXParseException : The string "--" is not permitted within comments. : stack trace:
java.xml/com.sun.org.apache.xerces.internal.parsers.DOMParser.parse(DOMParser.java:261)
java.xml/com.sun.org.apache.xerces.internal.jaxp.DocumentBuilderImpl.parse(DocumentBuilderImpl.java:339)
java.xml/javax.xml.parsers.DocumentBuilder.parse(DocumentBuilder.java:206)
rlib.data.AbstractDocument.parse(AbstractDocument.java:55)
tera.gameserver.tables.NpcTable.<init>(NpcTable.java:68)
tera.gameserver.tables.NpcTable.getInstance(NpcTable.java:37)
tera.gameserver.GameServer.run(GameServer.java:224)

WARNING 10:34:48:969 DocumentNpc: incorrect file .\data\npcs\playable\bandits.xml
WARNING 10:34:48:970 DocumentNpc: NullPointerException : null : stack trace:
tera.gameserver.document.DocumentNpc.parse(DocumentNpc.java:42)
rlib.data.AbstractDocument.parse(AbstractDocument.java:67)
tera.gameserver.tables.NpcTable.<init>(NpcTable.java:68)
tera.gameserver.tables.NpcTable.getInstance(NpcTable.java:37)
tera.gameserver.GameServer.run(GameServer.java:224)

WARNING 10:34:49:137 NpcTable: detected once the file C:\Users\jorou\Downloads\TeraOnlineServer_Shock_1732\gameserver\.\data\npcs\summons\playable_summons.zip
INFO 10:34:49:171 NpcTable: loaded  815 npcs.
INFO 10:34:49:223 ResourseTable: loaded  253 resourses.
INFO 10:34:49:240 MinionTable: loaded 303 minions for 42 npcs.
INFO 10:34:49:241 RegenTaskManager: initializable.
INFO 10:34:49:297 Formulas: initialized.
INFO 10:34:49:298 EffectTaskManager: initialized.
INFO 10:34:50:100 ObjectEventManager: initialized.
INFO 10:34:50:101 MoveTaskManager: initialized.
INFO 10:34:50:335 SpawnTable: loaded 19523 spawns for 622 npcs and 2013 spawns for 60 resourses.
INFO 10:34:50:365 GeoMap3D: start fast import geodata_1.dat
INFO 10:34:50:780 GeoMap3D: import ended. load 1867238 quards.
INFO 10:34:50:789 GeoMap3D: start fast import geodata_2.dat
INFO 10:34:50:882 GeoMap3D: import ended. load 440227 quards.
INFO 10:34:50:884 GeoMap3D: start fast import geodata_3.dat
INFO 10:34:50:924 GeoMap3D: import ended. load 58040 quards.
INFO 10:34:50:924 GeoManager: initialized.
INFO 10:34:50:928 ItemExecutorManager: loaded 0 executor items.
INFO 10:34:50:956 CommandManager: loaded 96 commands.
INFO 10:34:50:982 SkillLearnManager: loaded 950 skill learn's for 8 clases.
INFO 10:34:50:997 AnnounceManager: loaded 0 start announces and 0 running announces.
INFO 10:34:50:998 AccountManager: initialized.
INFO 10:34:51:007 GuildManager: loaded 1 guilds.
INFO 10:34:51:455 QuestManager: loaded 455 quests.
INFO 10:34:51:456 OnlineManager: initialized.
INFO 10:34:51:528 GameLogManager: initialized.
INFO 10:34:51:981 Region: next battle "Veritas District" in 2020.07.12 16:00.
INFO 10:34:51:982 Region: next battle "Ostgarath" in 2020.07.12 16:00.
INFO 10:34:51:984 Region: next battle "Val Palrada" in 2020.07.11 20:00.
INFO 10:34:51:985 Region: next battle "Val Aureum" in 2020.07.11 20:00.
INFO 10:34:51:986 EventManager: loaded 5 events.
INFO 10:34:52:263 EventManager: the nearest event in 35 minutes.
INFO 10:34:52:266 PlayerManager: initialized.
INFO 10:34:52:293 Network: started.
INFO 10:34:52:293 GameServer: started.
INFO 10:46:56:392 AccountManager: authed islanzadie
INFO 13:06:57:869 AccountManager: close islanzadie
INFO 15:47:19:470 AccountManager: authed islanzadie
INFO 18:02:17:833 AccountManager: close islanzadie
