INFO 08:40:53:097 ServerControl: open server socket on 2101 port.
INFO 08:40:53:288 ExecutorManager: initialized.
INFO 08:40:56:987 CleaningManager: delete 5 reuses from a character_skill_reuses.
INFO 08:40:57:134 CleaningManager: delete 0 spawns from a boss_spawn.
INFO 08:40:57:386 CleaningManager: delete 0 appearances from a character_appearances.
INFO 08:40:57:432 CleaningManager: delete 0 effects from a character_save_effects.
INFO 08:40:57:510 CleaningManager: delete 0 inventors from a character_inventors.
INFO 08:40:57:599 CleaningManager: delete 0 skills from a character_skills.
INFO 08:40:57:677 CleaningManager: delete 0 hotkeys from a character_hotkey.
INFO 08:40:57:733 CleaningManager: delete 0 chars from a character_friends.
INFO 08:40:57:745 CleaningManager: delete 0 friends from a character_friends.
INFO 08:40:57:774 CleaningManager: delete 0 settings from a character_settings.
INFO 08:40:57:847 CleaningManager: delete 0 empty items from a items.
INFO 08:40:57:868 CleaningManager: delete 0 no owner items from a items.
INFO 08:40:57:937 CleaningManager: delete 0 no owner guild items from a items.
INFO 08:40:58:058 CleaningManager: create buffer table items.
INFO 08:40:58:071 CleaningManager: copy 230 items to buffer_items.
INFO 08:40:58:072 CleaningManager: delete 0 no owner items from a buffer_items.
INFO 08:40:58:083 CleaningManager: drop buffer table items.
INFO 08:40:58:157 CleaningManager: delete 0 from a quests.
INFO 08:40:58:199 CleaningManager: delete 0 from a quest variables.
INFO 08:40:58:241 CleaningManager: delete 0 from a guild ranks.
INFO 08:40:58:441 ClientPacketType: client packets prepared.
INFO 08:40:58:506 EffectParser: initialized.
INFO 08:40:58:544 RandomManager: initialized.
INFO 08:40:58:544 IdFactory: prepare npc ids...
INFO 08:40:58:554 BitSetIdGenerator: 102912 id's available.
INFO 08:40:58:554 IdFactory: prepare objects ids...
INFO 08:40:58:554 BitSetIdGenerator: 102912 id's available.
INFO 08:40:58:555 IdFactory: prepare players ids...
INFO 08:40:58:557 BitSetIdGenerator: extracted 12 ids.
INFO 08:40:58:557 BitSetIdGenerator: 102912 id's available.
INFO 08:40:58:557 IdFactory: prepare guilds ids...
INFO 08:40:58:558 BitSetIdGenerator: extracted 1 ids.
INFO 08:40:58:558 BitSetIdGenerator: 102912 id's available.
INFO 08:40:58:560 IdFactory: prepare item ids...
INFO 08:40:58:562 BitSetIdGenerator: extracted 230 ids.
INFO 08:40:58:563 BitSetIdGenerator: 102912 id's available.
INFO 08:40:58:631 ServerVarManager: loaded 0 variables.
INFO 08:40:58:680 BossSpawnManager: loaded 0 boss spawns.
INFO 08:40:59:412 TerritoryTable: loaded 160 territories for 18803 regions.
INFO 08:41:00:527 WorldZoneTable: loaded 12 world zones for 31986 regions.
INFO 08:41:00:726 ConditionParser: initializable.
WARNING 08:41:01:745 SkillTable: detected once the file C:\Users\jorou\Downloads\TeraOnlineServer_Shock_1732\gameserver\.\data\skills\summon_skills\deprecated.zip
INFO 08:41:01:847 SkillTable: loaded 4613 skills for 19 classes.
WARNING 08:41:02:001 ItemTable: detected once the file C:\Users\jorou\Downloads\TeraOnlineServer_Shock_1732\gameserver\.\data\items\adaptations.txt
INFO 08:41:02:816 ItemTable: loaded 10138 items.
INFO 08:41:02:949 Race: race appearances initializable.
INFO 08:41:02:987 PlayerTable: loaded 104 player templates.
WARNING 08:41:03:511 DropTable: not found items [50048]
INFO 08:41:03:512 DropTable: load drop for 407 npcs and 126 for resourse.
INFO 08:41:03:556 TownTable: initialized.
WARNING 08:41:03:624 NpcDialogTable: detected once the file C:\Users\jorou\Downloads\TeraOnlineServer_Shock_1732\gameserver\.\data\dialogs\dialogs.txt
INFO 08:41:03:748 NpcDialogTable: loaded 87 dialogs.
INFO 08:41:03:795 MessagePackageTable: loaded 34 message packages.
INFO 08:41:03:970 ConfigAITable: loaded 45 npc ai configs.
INFO 08:41:04:026 NpcAppearanceTable: initialized. Loaded 59 appearances.
WARNING 08:41:04:684 NpcTable: found duplicate npc template NpcTemplate npcId = 30002, exp = 0, attack = 300000, defense = 1000, owerAttack = 15000, owerDefense = 13000, level = 100, aggro = 100, factionRange = 5000, name = *Elleon*, title = Valkyon's Hero, factionId = Alliance of Argons, type = 300, isRaid = false, canDrop = false, drop = null, minions = null, dialog = null, geomRadius = 20.0, geomHeight = 60.0, npcType = PLAYER_KILLER in file .\data\npcs\south_arun\velika_outskirt.xml
WARNING 08:41:04:685 NpcTable: found duplicate npc template NpcTemplate npcId = 30004, exp = 0, attack = 40000, defense = 4000, owerAttack = 1500, owerDefense = 7000, level = 100, aggro = 100, factionRange = 5000, name = *Klaris*, title = Wise mage, factionId = Alliance of Argons, type = 300, isRaid = false, canDrop = false, drop = null, minions = null, dialog = null, geomRadius = 20.0, geomHeight = 60.0, npcType = PLAYER_KILLER in file .\data\npcs\south_arun\velika_outskirt.xml
WARNING 08:41:04:686 NpcTable: found duplicate npc template NpcTemplate npcId = 30005, exp = 0, attack = 91000, defense = 5000, owerAttack = 1500, owerDefense = 10000, level = 100, aggro = 100, factionRange = 5000, name = *Joff*, title = Open minded, factionId = Alliance of Argons, type = 300, isRaid = false, canDrop = false, drop = null, minions = null, dialog = null, geomRadius = 30.0, geomHeight = 70.0, npcType = PLAYER_KILLER in file .\data\npcs\south_arun\velika_outskirt.xml
WARNING 08:41:04:687 NpcTable: found duplicate npc template NpcTemplate npcId = 30007, exp = 0, attack = 300000, defense = 5000, owerAttack = 14500, owerDefense = 15000, level = 100, aggro = 100, factionRange = 5000, name = *KLei*, title = Testing, factionId = Alliance of Argons, type = 300, isRaid = false, canDrop = false, drop = null, minions = null, dialog = null, geomRadius = 25.0, geomHeight = 70.0, npcType = PLAYER_KILLER in file .\data\npcs\south_arun\velika_outskirt.xml
WARNING 08:41:04:687 NpcTable: found duplicate npc template NpcTemplate npcId = 30008, exp = 0, attack = 91000, defense = 11000, owerAttack = 1000, owerDefense = 20000, level = 100, aggro = 100, factionRange = 5000, name = *Arei*, title = HUrrrr durrrr, factionId = Alliance of Argons, type = 300, isRaid = false, canDrop = false, drop = null, minions = null, dialog = null, geomRadius = 30.0, geomHeight = 70.0, npcType = PLAYER_KILLER in file .\data\npcs\south_arun\velika_outskirt.xml
WARNING 08:41:04:688 NpcTable: found duplicate npc template NpcTemplate npcId = 30010, exp = 0, attack = 410000, defense = 4000, owerAttack = 1500, owerDefense = 7000, level = 100, aggro = 100, factionRange = 5000, name = *Lola*, title = Lover, factionId = Alliance of Argons, type = 300, isRaid = false, canDrop = false, drop = null, minions = null, dialog = null, geomRadius = 20.0, geomHeight = 60.0, npcType = PLAYER_KILLER in file .\data\npcs\south_arun\velika_outskirt.xml
WARNING 08:41:04:742 NpcTable: detected once the file C:\Users\jorou\Downloads\TeraOnlineServer_Shock_1732\gameserver\.\data\npcs\summons\playable_summons.zip
INFO 08:41:04:777 NpcTable: loaded  816 npcs.
INFO 08:41:04:845 ResourseTable: loaded  253 resourses.
INFO 08:41:04:920 MinionTable: loaded 303 minions for 42 npcs.
INFO 08:41:04:938 RegenTaskManager: initializable.
INFO 08:41:04:977 Formulas: initialized.
INFO 08:41:04:978 EffectTaskManager: initialized.
INFO 08:41:06:140 ObjectEventManager: initialized.
INFO 08:41:06:140 MoveTaskManager: initialized.
INFO 08:41:06:485 SpawnTable: loaded 19523 spawns for 622 npcs and 2013 spawns for 60 resourses.
INFO 08:41:06:556 GeoMap3D: start fast import geodata_1.dat
INFO 08:41:06:915 GeoMap3D: import ended. load 1867238 quards.
INFO 08:41:06:919 GeoMap3D: start fast import geodata_2.dat
INFO 08:41:07:013 GeoMap3D: import ended. load 440227 quards.
INFO 08:41:07:022 GeoMap3D: start fast import geodata_3.dat
INFO 08:41:07:072 GeoMap3D: import ended. load 58040 quards.
INFO 08:41:07:073 GeoManager: initialized.
INFO 08:41:07:090 ItemExecutorManager: loaded 0 executor items.
INFO 08:41:07:101 CommandManager: loaded 96 commands.
INFO 08:41:07:137 SkillLearnManager: loaded 950 skill learn's for 8 clases.
INFO 08:41:07:163 AnnounceManager: loaded 0 start announces and 0 running announces.
INFO 08:41:07:165 AccountManager: initialized.
INFO 08:41:07:195 GuildManager: loaded 1 guilds.
INFO 08:41:07:659 QuestManager: loaded 455 quests.
INFO 08:41:07:664 OnlineManager: initialized.
INFO 08:41:07:752 GameLogManager: initialized.
INFO 08:41:08:586 Region: next battle "Veritas District" in 2020.06.28 16:00.
INFO 08:41:08:589 Region: next battle "Ostgarath" in 2020.06.28 16:00.
INFO 08:41:08:591 Region: next battle "Val Palrada" in 2020.06.27 20:00.
INFO 08:41:08:593 Region: next battle "Val Aureum" in 2020.06.27 20:00.
INFO 08:41:08:594 EventManager: loaded 5 events.
INFO 08:41:08:697 EventManager: the nearest event in 43 minutes.
INFO 08:41:08:700 PlayerManager: initialized.
INFO 08:41:08:761 Network: started.
INFO 08:41:08:762 GameServer: started.
INFO 08:42:35:856 AccountManager: authed islanzadie
INFO 08:43:28:660 AccountManager: authed tsuka
WARNING 08:44:46:960 SkillTable: detected once the file C:\Users\jorou\Downloads\TeraOnlineServer_Shock_1732\gameserver\.\data\skills\summon_skills\deprecated.zip
INFO 08:44:47:275 SkillTable: skills reloaded.
WARNING 08:47:28:173 SkillTable: detected once the file C:\Users\jorou\Downloads\TeraOnlineServer_Shock_1732\gameserver\.\data\skills\summon_skills\deprecated.zip
INFO 08:47:28:217 SkillTable: skills reloaded.
WARNING 08:53:03:978 SkillTable: detected once the file C:\Users\jorou\Downloads\TeraOnlineServer_Shock_1732\gameserver\.\data\skills\summon_skills\deprecated.zip
INFO 08:53:04:006 SkillTable: skills reloaded.
WARNING 08:53:23:396 SkillTable: detected once the file C:\Users\jorou\Downloads\TeraOnlineServer_Shock_1732\gameserver\.\data\skills\summon_skills\deprecated.zip
INFO 08:53:23:501 SkillTable: skills reloaded.
WARNING 08:53:43:025 SkillTable: detected once the file C:\Users\jorou\Downloads\TeraOnlineServer_Shock_1732\gameserver\.\data\skills\summon_skills\deprecated.zip
INFO 08:53:43:069 SkillTable: skills reloaded.
WARNING 09:01:25:921 SkillTable: detected once the file C:\Users\jorou\Downloads\TeraOnlineServer_Shock_1732\gameserver\.\data\skills\summon_skills\deprecated.zip
INFO 09:01:25:959 SkillTable: skills reloaded.
WARNING 09:01:52:741 SkillTable: detected once the file C:\Users\jorou\Downloads\TeraOnlineServer_Shock_1732\gameserver\.\data\skills\summon_skills\deprecated.zip
INFO 09:01:52:794 SkillTable: skills reloaded.
WARNING 09:01:58:450 SkillTable: detected once the file C:\Users\jorou\Downloads\TeraOnlineServer_Shock_1732\gameserver\.\data\skills\summon_skills\deprecated.zip
INFO 09:01:58:487 SkillTable: skills reloaded.
WARNING 09:02:11:634 SkillTable: detected once the file C:\Users\jorou\Downloads\TeraOnlineServer_Shock_1732\gameserver\.\data\skills\summon_skills\deprecated.zip
INFO 09:02:11:696 SkillTable: skills reloaded.
 INFO 09:51:06:354 DeveloperCommand: error parsing null
INFO 11:06:58:693 AccountManager: close tsuka
INFO 11:07:02:928 AccountManager: close islanzadie
