INFO 00:06:59:027 ServerControl: open server socket on 2101 port.
INFO 00:06:59:033 ExecutorManager: initialized.
INFO 00:06:59:466 CleaningManager: delete 0 reuses from a character_skill_reuses.
INFO 00:06:59:469 CleaningManager: delete 0 spawns from a boss_spawn.
INFO 00:06:59:492 CleaningManager: delete 0 appearances from a character_appearances.
INFO 00:06:59:506 CleaningManager: delete 0 effects from a character_save_effects.
INFO 00:06:59:507 CleaningManager: delete 0 inventors from a character_inventors.
INFO 00:06:59:510 CleaningManager: delete 0 skills from a character_skills.
INFO 00:06:59:524 CleaningManager: delete 0 hotkeys from a character_hotkey.
INFO 00:06:59:532 CleaningManager: delete 0 chars from a character_friends.
INFO 00:06:59:536 CleaningManager: delete 0 friends from a character_friends.
INFO 00:06:59:540 CleaningManager: delete 0 settings from a character_settings.
INFO 00:06:59:543 CleaningManager: delete 0 empty items from a items.
INFO 00:06:59:544 CleaningManager: delete 0 no owner items from a items.
INFO 00:06:59:547 CleaningManager: delete 0 no owner guild items from a items.
INFO 00:06:59:589 CleaningManager: create buffer table items.
INFO 00:06:59:591 CleaningManager: copy 30 items to buffer_items.
INFO 00:06:59:592 CleaningManager: delete 0 no owner items from a buffer_items.
INFO 00:06:59:604 CleaningManager: drop buffer table items.
INFO 00:06:59:605 CleaningManager: delete 0 from a quests.
INFO 00:06:59:607 CleaningManager: delete 0 from a quest variables.
INFO 00:06:59:608 CleaningManager: delete 0 from a guild ranks.
INFO 00:06:59:665 ClientPacketType: client packets prepared.
INFO 00:06:59:679 EffectParser: initialized.
INFO 00:06:59:682 RandomManager: initialized.
INFO 00:06:59:683 IdFactory: prepare npc ids...
INFO 00:06:59:685 BitSetIdGenerator: 102912 id's available.
INFO 00:06:59:686 IdFactory: prepare objects ids...
INFO 00:06:59:687 BitSetIdGenerator: 102912 id's available.
INFO 00:06:59:688 IdFactory: prepare players ids...
INFO 00:06:59:691 BitSetIdGenerator: extracted 3 ids.
INFO 00:06:59:691 BitSetIdGenerator: 102912 id's available.
INFO 00:06:59:692 IdFactory: prepare guilds ids...
INFO 00:06:59:693 BitSetIdGenerator: extracted 0 ids.
INFO 00:06:59:693 BitSetIdGenerator: 102912 id's available.
INFO 00:06:59:694 IdFactory: prepare item ids...
INFO 00:06:59:696 BitSetIdGenerator: extracted 30 ids.
INFO 00:06:59:697 BitSetIdGenerator: 102912 id's available.
INFO 00:06:59:710 ServerVarManager: loaded 0 variables.
INFO 00:06:59:713 BossSpawnManager: loaded 0 boss spawns.
INFO 00:07:00:474 TerritoryTable: loaded 160 territories for 18803 regions.
INFO 00:07:02:119 WorldZoneTable: loaded 12 world zones for 31986 regions.
INFO 00:07:02:122 ConditionParser: initializable.
WARNING 00:07:02:811 SkillTable: detected once the file C:\Users\jorou\Downloads\TeraOnlineServer_Shock_1732\gameserver\.\data\skills\summon_skills\deprecated.zip
INFO 00:07:02:853 SkillTable: loaded 4613 skills for 19 classes.
INFO 00:07:03:424 ItemTable: loaded 10138 items.
INFO 00:07:03:442 Race: race appearances initializable.
INFO 00:07:03:453 PlayerTable: loaded 104 player templates.
INFO 00:07:03:706 DropTable: load drop for 407 npcs and 126 for resourse.
INFO 00:07:03:714 TownTable: initialized.
WARNING 00:07:03:737 NpcDialogTable: detected once the file C:\Users\jorou\Downloads\TeraOnlineServer_Shock_1732\gameserver\.\data\dialogs\dialogs.txt
INFO 00:07:03:786 NpcDialogTable: loaded 87 dialogs.
INFO 00:07:03:797 MessagePackageTable: loaded 34 message packages.
INFO 00:07:03:858 ConfigAITable: loaded 45 npc ai configs.
INFO 00:07:03:882 NpcAppearanceTable: initialized. Loaded 59 appearances.
WARNING 00:07:04:088 NpcTable: detected once the file C:\Users\jorou\Downloads\TeraOnlineServer_Shock_1732\gameserver\.\data\npcs\summons\playable_summons.zip
INFO 00:07:04:103 NpcTable: loaded  816 npcs.
INFO 00:07:04:122 ResourseTable: loaded  253 resourses.
INFO 00:07:04:135 MinionTable: loaded 303 minions for 42 npcs.
INFO 00:07:04:136 RegenTaskManager: initializable.
INFO 00:07:04:149 Formulas: initialized.
INFO 00:07:04:154 EffectTaskManager: initialized.
INFO 00:07:04:624 ObjectEventManager: initialized.
INFO 00:07:04:625 MoveTaskManager: initialized.
INFO 00:07:05:142 SpawnTable: loaded 19515 spawns for 617 npcs and 2013 spawns for 60 resourses.
INFO 00:07:05:182 GeoMap3D: start fast import geodata_1.dat
INFO 00:07:05:522 GeoMap3D: import ended. load 1867238 quards.
INFO 00:07:05:529 GeoMap3D: start fast import geodata_2.dat
INFO 00:07:05:613 GeoMap3D: import ended. load 440227 quards.
INFO 00:07:05:636 GeoMap3D: start fast import geodata_3.dat
INFO 00:07:05:658 GeoMap3D: import ended. load 58040 quards.
INFO 00:07:05:666 GeoManager: initialized.
INFO 00:07:05:669 ItemExecutorManager: loaded 0 executor items.
INFO 00:07:05:678 CommandManager: loaded 94 commands.
INFO 00:07:05:690 SkillLearnManager: loaded 950 skill learn's for 8 clases.
INFO 00:07:05:709 AnnounceManager: loaded 0 start announces and 0 running announces.
INFO 00:07:05:714 AccountManager: initialized.
INFO 00:07:05:717 GuildManager: loaded 0 guilds.
INFO 00:07:06:243 QuestManager: loaded 455 quests.
INFO 00:07:06:246 OnlineManager: initialized.
INFO 00:07:06:254 GameLogManager: initialized.
INFO 00:07:06:338 Region: next battle "Veritas District" in 2020.06.21 16:00.
INFO 00:07:06:340 Region: next battle "Ostgarath" in 2020.06.21 16:00.
INFO 00:07:06:342 Region: next battle "Val Palrada" in 2020.06.27 20:00.
INFO 00:07:06:344 Region: next battle "Val Aureum" in 2020.06.27 20:00.
INFO 00:07:06:345 EventManager: loaded 5 events.
INFO 00:07:06:471 EventManager: the nearest event in 34 minutes.
INFO 00:07:06:475 PlayerManager: initialized.
INFO 00:07:06:482 Network: started.
INFO 00:07:06:483 GameServer: started.
INFO 00:07:15:823 AccountManager: authed islanzadie
INFO 00:15:48:919 AccountManager: close islanzadie
