INFO 08:49:37:001 ServerControl: open server socket on 2101 port.
INFO 08:49:37:080 ExecutorManager: initialized.
INFO 08:49:38:035 CleaningManager: delete 10 reuses from a character_skill_reuses.
INFO 08:49:38:063 CleaningManager: delete 0 spawns from a boss_spawn.
INFO 08:49:38:161 CleaningManager: delete 0 appearances from a character_appearances.
INFO 08:49:38:218 CleaningManager: delete 0 effects from a character_save_effects.
INFO 08:49:38:247 CleaningManager: delete 0 inventors from a character_inventors.
INFO 08:49:38:322 CleaningManager: delete 0 skills from a character_skills.
INFO 08:49:38:455 CleaningManager: delete 0 hotkeys from a character_hotkey.
INFO 08:49:38:502 CleaningManager: delete 0 chars from a character_friends.
INFO 08:49:38:503 CleaningManager: delete 0 friends from a character_friends.
INFO 08:49:38:545 CleaningManager: delete 0 settings from a character_settings.
INFO 08:49:38:596 CleaningManager: delete 7 empty items from a items.
INFO 08:49:38:597 CleaningManager: delete 0 no owner items from a items.
INFO 08:49:38:656 CleaningManager: delete 0 no owner guild items from a items.
INFO 08:49:38:734 CleaningManager: create buffer table items.
INFO 08:49:38:737 CleaningManager: copy 274 items to buffer_items.
INFO 08:49:38:738 CleaningManager: delete 0 no owner items from a buffer_items.
INFO 08:49:38:748 CleaningManager: drop buffer table items.
INFO 08:49:38:797 CleaningManager: delete 0 from a quests.
INFO 08:49:38:833 CleaningManager: delete 0 from a quest variables.
INFO 08:49:38:856 CleaningManager: delete 0 from a guild ranks.
INFO 08:49:38:956 ClientPacketType: client packets prepared.
INFO 08:49:38:974 EffectParser: initialized.
INFO 08:49:39:000 RandomManager: initialized.
INFO 08:49:39:000 IdFactory: prepare npc ids...
INFO 08:49:39:019 BitSetIdGenerator: 102912 id's available.
INFO 08:49:39:019 IdFactory: prepare objects ids...
INFO 08:49:39:020 BitSetIdGenerator: 102912 id's available.
INFO 08:49:39:020 IdFactory: prepare players ids...
INFO 08:49:39:022 BitSetIdGenerator: extracted 14 ids.
INFO 08:49:39:022 BitSetIdGenerator: 102912 id's available.
INFO 08:49:39:023 IdFactory: prepare guilds ids...
INFO 08:49:39:024 BitSetIdGenerator: extracted 1 ids.
INFO 08:49:39:024 BitSetIdGenerator: 102912 id's available.
INFO 08:49:39:024 IdFactory: prepare item ids...
INFO 08:49:39:026 BitSetIdGenerator: extracted 274 ids.
INFO 08:49:39:026 BitSetIdGenerator: 102912 id's available.
INFO 08:49:39:084 ServerVarManager: loaded 0 variables.
INFO 08:49:39:114 BossSpawnManager: loaded 0 boss spawns.
INFO 08:49:39:752 TerritoryTable: loaded 160 territories for 18803 regions.
INFO 08:49:40:865 WorldZoneTable: loaded 12 world zones for 31986 regions.
INFO 08:49:40:867 ConditionParser: initializable.
WARNING 08:49:41:849 SkillTable: detected once the file C:\Users\jorou\Downloads\TeraOnlineServer_Shock_1732\gameserver\.\data\skills\summon_skills\deprecated.zip
INFO 08:49:41:912 SkillTable: loaded 4613 skills for 19 classes.
WARNING 08:49:41:927 ItemTable: detected once the file C:\Users\jorou\Downloads\TeraOnlineServer_Shock_1732\gameserver\.\data\items\adaptations.txt
INFO 08:49:42:614 ItemTable: loaded 10138 items.
INFO 08:49:42:692 Race: race appearances initializable.
INFO 08:49:42:709 PlayerTable: loaded 104 player templates.
WARNING 08:49:43:111 DropTable: not found items [50048]
INFO 08:49:43:113 DropTable: load drop for 407 npcs and 126 for resourse.
INFO 08:49:43:154 TownTable: initialized.
WARNING 08:49:43:214 NpcDialogTable: detected once the file C:\Users\jorou\Downloads\TeraOnlineServer_Shock_1732\gameserver\.\data\dialogs\dialogs.txt
INFO 08:49:43:288 NpcDialogTable: loaded 87 dialogs.
INFO 08:49:43:310 MessagePackageTable: loaded 34 message packages.
INFO 08:49:43:403 ConfigAITable: loaded 45 npc ai configs.
INFO 08:49:43:466 NpcAppearanceTable: initialized. Loaded 59 appearances.
WARNING 08:49:43:806 DocumentNpc: incorrect file .\data\npcs\playable\bandits.xml
WARNING 08:49:43:806 DocumentNpc: SAXParseException : The string "--" is not permitted within comments. : stack trace:
java.xml/com.sun.org.apache.xerces.internal.parsers.DOMParser.parse(DOMParser.java:261)
java.xml/com.sun.org.apache.xerces.internal.jaxp.DocumentBuilderImpl.parse(DocumentBuilderImpl.java:339)
java.xml/javax.xml.parsers.DocumentBuilder.parse(DocumentBuilder.java:206)
rlib.data.AbstractDocument.parse(AbstractDocument.java:55)
tera.gameserver.tables.NpcTable.<init>(NpcTable.java:68)
tera.gameserver.tables.NpcTable.getInstance(NpcTable.java:37)
tera.gameserver.GameServer.run(GameServer.java:224)

WARNING 08:49:43:807 DocumentNpc: incorrect file .\data\npcs\playable\bandits.xml
WARNING 08:49:43:807 DocumentNpc: NullPointerException : null : stack trace:
tera.gameserver.document.DocumentNpc.parse(DocumentNpc.java:42)
rlib.data.AbstractDocument.parse(AbstractDocument.java:67)
tera.gameserver.tables.NpcTable.<init>(NpcTable.java:68)
tera.gameserver.tables.NpcTable.getInstance(NpcTable.java:37)
tera.gameserver.GameServer.run(GameServer.java:224)

WARNING 08:49:44:232 NpcTable: detected once the file C:\Users\jorou\Downloads\TeraOnlineServer_Shock_1732\gameserver\.\data\npcs\summons\playable_summons.zip
INFO 08:49:44:266 NpcTable: loaded  815 npcs.
INFO 08:49:44:326 ResourseTable: loaded  253 resourses.
INFO 08:49:44:344 MinionTable: loaded 303 minions for 42 npcs.
INFO 08:49:44:352 RegenTaskManager: initializable.
INFO 08:49:44:374 Formulas: initialized.
INFO 08:49:44:375 EffectTaskManager: initialized.
INFO 08:49:45:290 ObjectEventManager: initialized.
INFO 08:49:45:291 MoveTaskManager: initialized.
INFO 08:49:45:645 SpawnTable: loaded 19523 spawns for 622 npcs and 2013 spawns for 60 resourses.
INFO 08:49:45:712 GeoMap3D: start fast import geodata_1.dat
INFO 08:49:46:013 GeoMap3D: import ended. load 1867238 quards.
INFO 08:49:46:026 GeoMap3D: start fast import geodata_2.dat
INFO 08:49:46:140 GeoMap3D: import ended. load 440227 quards.
INFO 08:49:46:142 GeoMap3D: start fast import geodata_3.dat
INFO 08:49:46:183 GeoMap3D: import ended. load 58040 quards.
INFO 08:49:46:183 GeoManager: initialized.
INFO 08:49:46:202 ItemExecutorManager: loaded 0 executor items.
INFO 08:49:46:230 CommandManager: loaded 96 commands.
INFO 08:49:46:259 SkillLearnManager: loaded 950 skill learn's for 8 clases.
INFO 08:49:46:271 AnnounceManager: loaded 0 start announces and 0 running announces.
INFO 08:49:46:272 AccountManager: initialized.
INFO 08:49:46:282 GuildManager: loaded 1 guilds.
INFO 08:49:46:637 QuestManager: loaded 455 quests.
INFO 08:49:46:639 OnlineManager: initialized.
INFO 08:49:46:744 GameLogManager: initialized.
INFO 08:49:47:168 Region: next battle "Veritas District" in 2020.07.05 16:00.
INFO 08:49:47:170 Region: next battle "Ostgarath" in 2020.07.05 16:00.
INFO 08:49:47:171 Region: next battle "Val Palrada" in 2020.07.04 20:00.
INFO 08:49:47:174 Region: next battle "Val Aureum" in 2020.07.04 20:00.
INFO 08:49:47:174 EventManager: loaded 5 events.
INFO 08:49:47:406 EventManager: the nearest event in 32 minutes.
INFO 08:49:47:409 PlayerManager: initialized.
INFO 08:49:47:464 Network: started.
INFO 08:49:47:464 GameServer: started.
INFO 08:51:03:912 AccountManager: authed islanzadie
INFO 12:31:32:440 AccountManager: close islanzadie
INFO 12:31:41:671 AccountManager: authed islanzadie
INFO 13:53:33:076 AccountManager: close islanzadie
