INFO 11:15:03:743 ServerControl: open server socket on 2101 port.
INFO 11:15:03:750 ExecutorManager: initialized.
INFO 11:15:04:229 CleaningManager: delete 0 reuses from a character_skill_reuses.
INFO 11:15:04:230 CleaningManager: delete 0 spawns from a boss_spawn.
INFO 11:15:04:231 CleaningManager: delete 0 appearances from a character_appearances.
INFO 11:15:04:231 CleaningManager: delete 0 effects from a character_save_effects.
INFO 11:15:04:232 CleaningManager: delete 0 inventors from a character_inventors.
INFO 11:15:04:233 CleaningManager: delete 0 skills from a character_skills.
INFO 11:15:04:234 CleaningManager: delete 0 hotkeys from a character_hotkey.
INFO 11:15:04:235 CleaningManager: delete 0 chars from a character_friends.
INFO 11:15:04:245 CleaningManager: delete 0 friends from a character_friends.
INFO 11:15:04:247 CleaningManager: delete 0 settings from a character_settings.
INFO 11:15:04:247 CleaningManager: delete 0 empty items from a items.
INFO 11:15:04:254 CleaningManager: delete 0 no owner items from a items.
INFO 11:15:04:254 CleaningManager: delete 0 no owner guild items from a items.
INFO 11:15:04:320 CleaningManager: create buffer table items.
INFO 11:15:04:323 CleaningManager: copy 230 items to buffer_items.
INFO 11:15:04:326 CleaningManager: delete 0 no owner items from a buffer_items.
INFO 11:15:04:341 CleaningManager: drop buffer table items.
INFO 11:15:04:341 CleaningManager: delete 0 from a quests.
INFO 11:15:04:342 CleaningManager: delete 0 from a quest variables.
INFO 11:15:04:343 CleaningManager: delete 0 from a guild ranks.
INFO 11:15:04:389 ClientPacketType: client packets prepared.
INFO 11:15:04:407 EffectParser: initialized.
INFO 11:15:04:414 RandomManager: initialized.
INFO 11:15:04:415 IdFactory: prepare npc ids...
INFO 11:15:04:417 BitSetIdGenerator: 102912 id's available.
INFO 11:15:04:419 IdFactory: prepare objects ids...
INFO 11:15:04:419 BitSetIdGenerator: 102912 id's available.
INFO 11:15:04:421 IdFactory: prepare players ids...
INFO 11:15:04:426 BitSetIdGenerator: extracted 12 ids.
INFO 11:15:04:426 BitSetIdGenerator: 102912 id's available.
INFO 11:15:04:427 IdFactory: prepare guilds ids...
INFO 11:15:04:432 BitSetIdGenerator: extracted 1 ids.
INFO 11:15:04:432 BitSetIdGenerator: 102912 id's available.
INFO 11:15:04:434 IdFactory: prepare item ids...
INFO 11:15:04:437 BitSetIdGenerator: extracted 230 ids.
INFO 11:15:04:441 BitSetIdGenerator: 102912 id's available.
INFO 11:15:04:452 ServerVarManager: loaded 0 variables.
INFO 11:15:04:457 BossSpawnManager: loaded 0 boss spawns.
INFO 11:15:05:309 TerritoryTable: loaded 160 territories for 18803 regions.
INFO 11:15:07:185 WorldZoneTable: loaded 12 world zones for 31986 regions.
INFO 11:15:09:888 ConditionParser: initializable.
WARNING 11:15:10:753 SkillTable: detected once the file C:\Users\jorou\Downloads\TeraOnlineServer_Shock_1732\gameserver\.\data\skills\summon_skills\deprecated.zip
INFO 11:15:10:809 SkillTable: loaded 4613 skills for 19 classes.
WARNING 11:15:10:827 ItemTable: detected once the file C:\Users\jorou\Downloads\TeraOnlineServer_Shock_1732\gameserver\.\data\items\adaptations.txt
INFO 11:15:11:501 ItemTable: loaded 10138 items.
INFO 11:15:11:548 Race: race appearances initializable.
INFO 11:15:11:569 PlayerTable: loaded 104 player templates.
WARNING 11:15:11:899 DropTable: not found items [50048]
INFO 11:15:11:900 DropTable: load drop for 407 npcs and 126 for resourse.
INFO 11:15:11:909 TownTable: initialized.
WARNING 11:15:11:949 NpcDialogTable: detected once the file C:\Users\jorou\Downloads\TeraOnlineServer_Shock_1732\gameserver\.\data\dialogs\dialogs.txt
INFO 11:15:11:997 NpcDialogTable: loaded 87 dialogs.
INFO 11:15:12:004 MessagePackageTable: loaded 34 message packages.
INFO 11:15:12:067 ConfigAITable: loaded 45 npc ai configs.
INFO 11:15:12:109 NpcAppearanceTable: initialized. Loaded 59 appearances.
WARNING 11:15:12:378 NpcTable: found duplicate npc template NpcTemplate npcId = 30002, exp = 0, attack = 300000, defense = 1000, owerAttack = 15000, owerDefense = 13000, level = 100, aggro = 100, factionRange = 5000, name = *Elleon*, title = Valkyon's Hero, factionId = Alliance of Argons, type = 300, isRaid = false, canDrop = false, drop = null, minions = null, dialog = null, geomRadius = 20.0, geomHeight = 60.0, npcType = PLAYER_KILLER in file .\data\npcs\south_arun\velika_outskirt.xml
WARNING 11:15:12:380 NpcTable: found duplicate npc template NpcTemplate npcId = 30004, exp = 0, attack = 40000, defense = 4000, owerAttack = 1500, owerDefense = 7000, level = 100, aggro = 100, factionRange = 5000, name = *Klaris*, title = Wise mage, factionId = Alliance of Argons, type = 300, isRaid = false, canDrop = false, drop = null, minions = null, dialog = null, geomRadius = 20.0, geomHeight = 60.0, npcType = PLAYER_KILLER in file .\data\npcs\south_arun\velika_outskirt.xml
WARNING 11:15:12:393 NpcTable: found duplicate npc template NpcTemplate npcId = 30005, exp = 0, attack = 91000, defense = 5000, owerAttack = 1500, owerDefense = 10000, level = 100, aggro = 100, factionRange = 5000, name = *Joff*, title = Open minded, factionId = Alliance of Argons, type = 300, isRaid = false, canDrop = false, drop = null, minions = null, dialog = null, geomRadius = 30.0, geomHeight = 70.0, npcType = PLAYER_KILLER in file .\data\npcs\south_arun\velika_outskirt.xml
WARNING 11:15:12:398 NpcTable: found duplicate npc template NpcTemplate npcId = 30007, exp = 0, attack = 300000, defense = 5000, owerAttack = 14500, owerDefense = 15000, level = 100, aggro = 100, factionRange = 5000, name = *KLei*, title = Testing, factionId = Alliance of Argons, type = 300, isRaid = false, canDrop = false, drop = null, minions = null, dialog = null, geomRadius = 25.0, geomHeight = 70.0, npcType = PLAYER_KILLER in file .\data\npcs\south_arun\velika_outskirt.xml
WARNING 11:15:12:408 NpcTable: found duplicate npc template NpcTemplate npcId = 30008, exp = 0, attack = 91000, defense = 11000, owerAttack = 1000, owerDefense = 20000, level = 100, aggro = 100, factionRange = 5000, name = *Arei*, title = HUrrrr durrrr, factionId = Alliance of Argons, type = 300, isRaid = false, canDrop = false, drop = null, minions = null, dialog = null, geomRadius = 30.0, geomHeight = 70.0, npcType = PLAYER_KILLER in file .\data\npcs\south_arun\velika_outskirt.xml
WARNING 11:15:12:410 NpcTable: found duplicate npc template NpcTemplate npcId = 30010, exp = 0, attack = 410000, defense = 4000, owerAttack = 1500, owerDefense = 7000, level = 100, aggro = 100, factionRange = 5000, name = *Lola*, title = Lover, factionId = Alliance of Argons, type = 300, isRaid = false, canDrop = false, drop = null, minions = null, dialog = null, geomRadius = 20.0, geomHeight = 60.0, npcType = PLAYER_KILLER in file .\data\npcs\south_arun\velika_outskirt.xml
WARNING 11:15:12:434 NpcTable: detected once the file C:\Users\jorou\Downloads\TeraOnlineServer_Shock_1732\gameserver\.\data\npcs\summons\playable_summons.zip
INFO 11:15:12:464 NpcTable: loaded  816 npcs.
INFO 11:15:12:509 ResourseTable: loaded  253 resourses.
INFO 11:15:12:528 MinionTable: loaded 303 minions for 42 npcs.
INFO 11:15:12:547 RegenTaskManager: initializable.
INFO 11:15:12:559 Formulas: initialized.
INFO 11:15:12:559 EffectTaskManager: initialized.
INFO 11:15:13:055 ObjectEventManager: initialized.
INFO 11:15:13:055 MoveTaskManager: initialized.
INFO 11:15:13:628 SpawnTable: loaded 19523 spawns for 622 npcs and 2013 spawns for 60 resourses.
INFO 11:15:13:660 GeoMap3D: start fast import geodata_1.dat
INFO 11:15:13:978 GeoMap3D: import ended. load 1867238 quards.
INFO 11:15:13:981 GeoMap3D: start fast import geodata_2.dat
INFO 11:15:14:072 GeoMap3D: import ended. load 440227 quards.
INFO 11:15:14:081 GeoMap3D: start fast import geodata_3.dat
INFO 11:15:14:104 GeoMap3D: import ended. load 58040 quards.
INFO 11:15:14:104 GeoManager: initialized.
INFO 11:15:14:125 ItemExecutorManager: loaded 0 executor items.
INFO 11:15:14:153 CommandManager: loaded 96 commands.
INFO 11:15:14:183 SkillLearnManager: loaded 950 skill learn's for 8 clases.
INFO 11:15:14:200 AnnounceManager: loaded 0 start announces and 0 running announces.
INFO 11:15:14:209 AccountManager: initialized.
INFO 11:15:14:263 GuildManager: loaded 1 guilds.
INFO 11:15:14:726 QuestManager: loaded 455 quests.
INFO 11:15:14:727 OnlineManager: initialized.
INFO 11:15:14:734 GameLogManager: initialized.
INFO 11:15:14:829 Region: next battle "Veritas District" in 2020.06.28 16:00.
INFO 11:15:14:833 Region: next battle "Ostgarath" in 2020.06.28 16:00.
INFO 11:15:14:837 Region: next battle "Val Palrada" in 2020.06.27 20:00.
INFO 11:15:14:838 Region: next battle "Val Aureum" in 2020.06.27 20:00.
INFO 11:15:14:839 EventManager: loaded 5 events.
INFO 11:15:15:003 EventManager: the nearest event in 36 minutes.
INFO 11:15:15:008 PlayerManager: initialized.
INFO 11:15:15:018 Network: started.
INFO 11:15:15:021 GameServer: started.
INFO 11:15:47:882 AccountManager: authed islanzadie
INFO 11:15:50:908 AccountManager: authed tsuka
INFO 11:23:13:271 Config: reloaded.
INFO 11:41:54:712 Config: reloaded.
INFO 11:45:26:046 AccountManager: close islanzadie
INFO 11:47:15:192 AccountManager: authed islanzadie
WARNING 11:49:03:805 CommandManager: NumberFormatException : For input string: "pasque" : stack trace:
java.base/java.lang.NumberFormatException.forInputString(NumberFormatException.java:68)
java.base/java.lang.Integer.parseInt(Integer.java:658)
java.base/java.lang.Integer.parseInt(Integer.java:776)
tera.gameserver.scripts.commands.CensoreCommand.execution(CensoreCommand.java:54)
tera.gameserver.manager.CommandManager.execute(CommandManager.java:74)
tera.gameserver.network.clientpackets.PlayerSay.runImpl(PlayerSay.java:84)
rlib.network.packets.AbstractReadeablePacket.run(AbstractReadeablePacket.java:175)
java.base/java.util.concurrent.ThreadPoolExecutor.runWorker(ThreadPoolExecutor.java:1128)
java.base/java.util.concurrent.ThreadPoolExecutor$Worker.run(ThreadPoolExecutor.java:628)
java.base/java.lang.Thread.run(Thread.java:830)

WARNING 11:49:16:290 CommandManager: NumberFormatException : For input string: "pasque" : stack trace:
java.base/java.lang.NumberFormatException.forInputString(NumberFormatException.java:68)
java.base/java.lang.Integer.parseInt(Integer.java:658)
java.base/java.lang.Integer.parseInt(Integer.java:776)
tera.gameserver.scripts.commands.CensoreCommand.execution(CensoreCommand.java:54)
tera.gameserver.manager.CommandManager.execute(CommandManager.java:74)
tera.gameserver.network.clientpackets.PlayerSay.runImpl(PlayerSay.java:84)
rlib.network.packets.AbstractReadeablePacket.run(AbstractReadeablePacket.java:175)
java.base/java.util.concurrent.ThreadPoolExecutor.runWorker(ThreadPoolExecutor.java:1128)
java.base/java.util.concurrent.ThreadPoolExecutor$Worker.run(ThreadPoolExecutor.java:628)
java.base/java.lang.Thread.run(Thread.java:830)

WARNING 11:49:19:898 CommandManager: NumberFormatException : For input string: "pasque" : stack trace:
java.base/java.lang.NumberFormatException.forInputString(NumberFormatException.java:68)
java.base/java.lang.Integer.parseInt(Integer.java:658)
java.base/java.lang.Integer.parseInt(Integer.java:776)
tera.gameserver.scripts.commands.CensoreCommand.execution(CensoreCommand.java:54)
tera.gameserver.manager.CommandManager.execute(CommandManager.java:74)
tera.gameserver.network.clientpackets.PlayerSay.runImpl(PlayerSay.java:84)
rlib.network.packets.AbstractReadeablePacket.run(AbstractReadeablePacket.java:175)
java.base/java.util.concurrent.ThreadPoolExecutor.runWorker(ThreadPoolExecutor.java:1128)
java.base/java.util.concurrent.ThreadPoolExecutor$Worker.run(ThreadPoolExecutor.java:628)
java.base/java.lang.Thread.run(Thread.java:830)

INFO 12:46:56:123 AccountManager: close islanzadie
