INFO 19:42:11:040 ServerControl: open server socket on 2101 port.
INFO 19:42:11:046 ExecutorManager: initialized.
INFO 19:42:11:406 CleaningManager: delete 2 reuses from a character_skill_reuses.
INFO 19:42:11:407 CleaningManager: delete 0 spawns from a boss_spawn.
INFO 19:42:11:408 CleaningManager: delete 0 appearances from a character_appearances.
INFO 19:42:11:409 CleaningManager: delete 0 effects from a character_save_effects.
INFO 19:42:11:409 CleaningManager: delete 0 inventors from a character_inventors.
INFO 19:42:11:410 CleaningManager: delete 0 skills from a character_skills.
INFO 19:42:11:411 CleaningManager: delete 0 hotkeys from a character_hotkey.
INFO 19:42:11:411 CleaningManager: delete 0 chars from a character_friends.
INFO 19:42:11:412 CleaningManager: delete 0 friends from a character_friends.
INFO 19:42:11:413 CleaningManager: delete 0 settings from a character_settings.
INFO 19:42:11:414 CleaningManager: delete 18 empty items from a items.
INFO 19:42:11:415 CleaningManager: delete 0 no owner items from a items.
INFO 19:42:11:416 CleaningManager: delete 0 no owner guild items from a items.
INFO 19:42:11:461 CleaningManager: create buffer table items.
INFO 19:42:11:463 CleaningManager: copy 81 items to buffer_items.
INFO 19:42:11:465 CleaningManager: delete 0 no owner items from a buffer_items.
INFO 19:42:11:480 CleaningManager: drop buffer table items.
INFO 19:42:11:481 CleaningManager: delete 0 from a quests.
INFO 19:42:11:481 CleaningManager: delete 0 from a quest variables.
INFO 19:42:11:482 CleaningManager: delete 0 from a guild ranks.
INFO 19:42:11:527 ClientPacketType: client packets prepared.
INFO 19:42:11:539 EffectParser: initialized.
INFO 19:42:11:542 RandomManager: initialized.
INFO 19:42:11:543 IdFactory: prepare npc ids...
INFO 19:42:11:545 BitSetIdGenerator: 102912 id's available.
INFO 19:42:11:545 IdFactory: prepare objects ids...
INFO 19:42:11:546 BitSetIdGenerator: 102912 id's available.
INFO 19:42:11:546 IdFactory: prepare players ids...
INFO 19:42:11:548 BitSetIdGenerator: extracted 7 ids.
INFO 19:42:11:548 BitSetIdGenerator: 102912 id's available.
INFO 19:42:11:549 IdFactory: prepare guilds ids...
INFO 19:42:11:550 BitSetIdGenerator: extracted 0 ids.
INFO 19:42:11:550 BitSetIdGenerator: 102912 id's available.
INFO 19:42:11:550 IdFactory: prepare item ids...
INFO 19:42:11:552 BitSetIdGenerator: extracted 81 ids.
INFO 19:42:11:552 BitSetIdGenerator: 102912 id's available.
INFO 19:42:11:565 ServerVarManager: loaded 0 variables.
INFO 19:42:11:568 BossSpawnManager: loaded 0 boss spawns.
WARNING 19:42:11:589 TerritoryType: InvocationTargetException : null : stack trace:
java.base/jdk.internal.reflect.NativeConstructorAccessorImpl.newInstance0(Native Method)
java.base/jdk.internal.reflect.NativeConstructorAccessorImpl.newInstance(NativeConstructorAccessorImpl.java:62)
java.base/jdk.internal.reflect.DelegatingConstructorAccessorImpl.newInstance(DelegatingConstructorAccessorImpl.java:45)
java.base/java.lang.reflect.Constructor.newInstanceWithCaller(Constructor.java:500)
java.base/java.lang.reflect.Constructor.newInstance(Constructor.java:481)
tera.gameserver.model.territory.TerritoryType.newInstance(TerritoryType.java:54)
tera.gameserver.document.DocumentTerritory.parse(DocumentTerritory.java:49)
rlib.data.AbstractDocument.parse(AbstractDocument.java:67)
tera.gameserver.tables.TerritoryTable.<init>(TerritoryTable.java:56)
tera.gameserver.tables.TerritoryTable.getInstance(TerritoryTable.java:34)
tera.gameserver.GameServer.run(GameServer.java:209)

WARNING 19:42:11:592 DocumentTerritory: incorrect file .\data\territories.xml
WARNING 19:42:11:593 DocumentTerritory: IllegalArgumentException : Incorrect creating LOCAL_TERRITORY : stack trace:
tera.gameserver.model.territory.TerritoryType.newInstance(TerritoryType.java:61)
tera.gameserver.document.DocumentTerritory.parse(DocumentTerritory.java:49)
rlib.data.AbstractDocument.parse(AbstractDocument.java:67)
tera.gameserver.tables.TerritoryTable.<init>(TerritoryTable.java:56)
tera.gameserver.tables.TerritoryTable.getInstance(TerritoryTable.java:34)
tera.gameserver.GameServer.run(GameServer.java:209)

INFO 19:42:11:595 TerritoryTable: loaded 0 territories for 0 regions.
INFO 19:42:12:377 WorldZoneTable: loaded 12 world zones for 31986 regions.
INFO 19:42:12:379 ConditionParser: initializable.
WARNING 19:42:13:030 SkillTable: detected once the file C:\Users\jorou\Downloads\TeraOnlineServer_Shock_1732\gameserver\.\data\skills\summon_skills\deprecated.zip
INFO 19:42:13:073 SkillTable: loaded 4613 skills for 19 classes.
INFO 19:42:13:493 ItemTable: loaded 10138 items.
INFO 19:42:13:530 Race: race appearances initializable.
INFO 19:42:13:559 PlayerTable: loaded 104 player templates.
INFO 19:42:13:734 DropTable: load drop for 407 npcs and 126 for resourse.
INFO 19:42:13:742 TownTable: initialized.
WARNING 19:42:13:764 NpcDialogTable: detected once the file C:\Users\jorou\Downloads\TeraOnlineServer_Shock_1732\gameserver\.\data\dialogs\dialogs.txt
WARNING 19:42:13:772 ReplyTeleport: not found territory for name Leander's Outpost
WARNING 19:42:13:773 ReplyTeleport: not found territory for name Tainted Gorge
WARNING 19:42:13:774 DocumentDialog: InvocationTargetException : null : stack trace:
java.base/jdk.internal.reflect.NativeConstructorAccessorImpl.newInstance0(Native Method)
java.base/jdk.internal.reflect.NativeConstructorAccessorImpl.newInstance(NativeConstructorAccessorImpl.java:62)
java.base/jdk.internal.reflect.DelegatingConstructorAccessorImpl.newInstance(DelegatingConstructorAccessorImpl.java:45)
java.base/java.lang.reflect.Constructor.newInstanceWithCaller(Constructor.java:500)
java.base/java.lang.reflect.Constructor.newInstance(Constructor.java:481)
tera.gameserver.document.DocumentDialog.parseLink(DocumentDialog.java:64)
tera.gameserver.document.DocumentDialog.parseNpc(DocumentDialog.java:136)
tera.gameserver.document.DocumentDialog.parse(DocumentDialog.java:99)
rlib.data.AbstractDocument.parse(AbstractDocument.java:67)
tera.gameserver.tables.NpcDialogTable.<init>(NpcDialogTable.java:63)
tera.gameserver.tables.NpcDialogTable.getInstance(NpcDialogTable.java:32)
tera.gameserver.GameServer.run(GameServer.java:220)

WARNING 19:42:13:775 ReplyTeleport: not found territory for name Maon's Cabin
WARNING 19:42:13:776 ReplyTeleport: not found territory for name Faevine Vale Camp
WARNING 19:42:13:776 ReplyTeleport: not found territory for name Bulwark Camp
WARNING 19:42:13:780 ReplyTeleport: not found territory for name Vanguard Outpost
WARNING 19:42:13:780 ReplyTeleport: not found territory for name Casidhe's Stand
WARNING 19:42:13:781 ReplyTeleport: not found territory for name Sanctum Mysterium
WARNING 19:42:13:781 ReplyTeleport: not found territory for name Marshlands
WARNING 19:42:13:782 ReplyTeleport: not found territory for name Tuwangi Garrison
WARNING 19:42:13:782 ReplyTeleport: not found territory for name Echo Ranch
WARNING 19:42:13:783 ReplyTeleport: not found territory for name Vindicator Camp
WARNING 19:42:13:783 ReplyTeleport: not found territory for name Two Oaks Ranch
WARNING 19:42:13:784 DocumentDialog: InvocationTargetException : null : stack trace:
java.base/jdk.internal.reflect.NativeConstructorAccessorImpl.newInstance0(Native Method)
java.base/jdk.internal.reflect.NativeConstructorAccessorImpl.newInstance(NativeConstructorAccessorImpl.java:62)
java.base/jdk.internal.reflect.DelegatingConstructorAccessorImpl.newInstance(DelegatingConstructorAccessorImpl.java:45)
java.base/java.lang.reflect.Constructor.newInstanceWithCaller(Constructor.java:500)
java.base/java.lang.reflect.Constructor.newInstance(Constructor.java:481)
tera.gameserver.document.DocumentDialog.parseLink(DocumentDialog.java:64)
tera.gameserver.document.DocumentDialog.parseNpc(DocumentDialog.java:136)
tera.gameserver.document.DocumentDialog.parse(DocumentDialog.java:99)
rlib.data.AbstractDocument.parse(AbstractDocument.java:67)
tera.gameserver.tables.NpcDialogTable.<init>(NpcDialogTable.java:63)
tera.gameserver.tables.NpcDialogTable.getInstance(NpcDialogTable.java:32)
tera.gameserver.GameServer.run(GameServer.java:220)

WARNING 19:42:13:785 ReplyTeleport: not found territory for name Maon's Cabin
WARNING 19:42:13:785 ReplyTeleport: not found territory for name Faevine Vale Camp
WARNING 19:42:13:786 ReplyTeleport: not found territory for name Bulwark Camp
WARNING 19:42:13:786 ReplyTeleport: not found territory for name Vanguard Outpost
WARNING 19:42:13:786 ReplyTeleport: not found territory for name Casidhe's Stand
WARNING 19:42:13:787 ReplyTeleport: not found territory for name Sanctum Mysterium
WARNING 19:42:13:787 ReplyTeleport: not found territory for name Marshlands
WARNING 19:42:13:787 ReplyTeleport: not found territory for name Tuwangi Garrison
WARNING 19:42:13:788 ReplyTeleport: not found territory for name Echo Ranch
WARNING 19:42:13:788 ReplyTeleport: not found territory for name Vindicator Camp
WARNING 19:42:13:789 ReplyTeleport: not found territory for name Two Oaks Ranch
WARNING 19:42:13:791 DocumentDialog: InvocationTargetException : null : stack trace:
java.base/jdk.internal.reflect.NativeConstructorAccessorImpl.newInstance0(Native Method)
java.base/jdk.internal.reflect.NativeConstructorAccessorImpl.newInstance(NativeConstructorAccessorImpl.java:62)
java.base/jdk.internal.reflect.DelegatingConstructorAccessorImpl.newInstance(DelegatingConstructorAccessorImpl.java:45)
java.base/java.lang.reflect.Constructor.newInstanceWithCaller(Constructor.java:500)
java.base/java.lang.reflect.Constructor.newInstance(Constructor.java:481)
tera.gameserver.document.DocumentDialog.parseLink(DocumentDialog.java:64)
tera.gameserver.document.DocumentDialog.parseNpc(DocumentDialog.java:136)
tera.gameserver.document.DocumentDialog.parse(DocumentDialog.java:99)
rlib.data.AbstractDocument.parse(AbstractDocument.java:67)
tera.gameserver.tables.NpcDialogTable.<init>(NpcDialogTable.java:63)
tera.gameserver.tables.NpcDialogTable.getInstance(NpcDialogTable.java:32)
tera.gameserver.GameServer.run(GameServer.java:220)

WARNING 19:42:13:794 ReplyTeleport: not found territory for name Desert Research Station
WARNING 19:42:13:794 ReplyTeleport: not found territory for name Barrens Outpost
WARNING 19:42:13:795 ReplyTeleport: not found territory for name Velik's Vigil
WARNING 19:42:13:796 ReplyTeleport: not found territory for name Lee's End Stead
WARNING 19:42:13:796 ReplyTeleport: not found territory for name Desert Overwatch
WARNING 19:42:13:797 ReplyTeleport: not found territory for name Camp Marrakeen
WARNING 19:42:13:797 ReplyTeleport: not found territory for name Sietch Bidaum
WARNING 19:42:13:798 ReplyTeleport: not found territory for name West Watchpost
WARNING 19:42:13:798 ReplyTeleport: not found territory for name Sandwalker Refuge
WARNING 19:42:13:798 ReplyTeleport: not found territory for name Torrent Outpost
WARNING 19:42:13:799 ReplyTeleport: not found territory for name Crusader Camp
WARNING 19:42:13:799 ReplyTeleport: not found territory for name Cathedral Redoubt
WARNING 19:42:13:800 DocumentDialog: InvocationTargetException : null : stack trace:
java.base/jdk.internal.reflect.NativeConstructorAccessorImpl.newInstance0(Native Method)
java.base/jdk.internal.reflect.NativeConstructorAccessorImpl.newInstance(NativeConstructorAccessorImpl.java:62)
java.base/jdk.internal.reflect.DelegatingConstructorAccessorImpl.newInstance(DelegatingConstructorAccessorImpl.java:45)
java.base/java.lang.reflect.Constructor.newInstanceWithCaller(Constructor.java:500)
java.base/java.lang.reflect.Constructor.newInstance(Constructor.java:481)
tera.gameserver.document.DocumentDialog.parseLink(DocumentDialog.java:64)
tera.gameserver.document.DocumentDialog.parseNpc(DocumentDialog.java:136)
tera.gameserver.document.DocumentDialog.parse(DocumentDialog.java:99)
rlib.data.AbstractDocument.parse(AbstractDocument.java:67)
tera.gameserver.tables.NpcDialogTable.<init>(NpcDialogTable.java:63)
tera.gameserver.tables.NpcDialogTable.getInstance(NpcDialogTable.java:32)
tera.gameserver.GameServer.run(GameServer.java:220)

WARNING 19:42:13:801 ReplyTeleport: not found territory for name Desert Research Station
WARNING 19:42:13:801 ReplyTeleport: not found territory for name Barrens Outpost
WARNING 19:42:13:802 ReplyTeleport: not found territory for name Velik's Vigil
WARNING 19:42:13:802 ReplyTeleport: not found territory for name Lee's End Stead
WARNING 19:42:13:803 ReplyTeleport: not found territory for name Desert Overwatch
WARNING 19:42:13:804 ReplyTeleport: not found territory for name Camp Marrakeen
WARNING 19:42:13:806 ReplyTeleport: not found territory for name Sietch Bidaum
WARNING 19:42:13:806 ReplyTeleport: not found territory for name West Watchpost
WARNING 19:42:13:807 ReplyTeleport: not found territory for name Sandwalker Refuge
WARNING 19:42:13:807 ReplyTeleport: not found territory for name Torrent Outpost
WARNING 19:42:13:808 ReplyTeleport: not found territory for name Crusader Camp
WARNING 19:42:13:810 ReplyTeleport: not found territory for name Cathedral Redoubt
WARNING 19:42:13:810 DocumentDialog: InvocationTargetException : null : stack trace:
java.base/jdk.internal.reflect.NativeConstructorAccessorImpl.newInstance0(Native Method)
java.base/jdk.internal.reflect.NativeConstructorAccessorImpl.newInstance(NativeConstructorAccessorImpl.java:62)
java.base/jdk.internal.reflect.DelegatingConstructorAccessorImpl.newInstance(DelegatingConstructorAccessorImpl.java:45)
java.base/java.lang.reflect.Constructor.newInstanceWithCaller(Constructor.java:500)
java.base/java.lang.reflect.Constructor.newInstance(Constructor.java:481)
tera.gameserver.document.DocumentDialog.parseLink(DocumentDialog.java:64)
tera.gameserver.document.DocumentDialog.parseNpc(DocumentDialog.java:136)
tera.gameserver.document.DocumentDialog.parse(DocumentDialog.java:99)
rlib.data.AbstractDocument.parse(AbstractDocument.java:67)
tera.gameserver.tables.NpcDialogTable.<init>(NpcDialogTable.java:63)
tera.gameserver.tables.NpcDialogTable.getInstance(NpcDialogTable.java:32)
tera.gameserver.GameServer.run(GameServer.java:220)

WARNING 19:42:13:811 ReplyTeleport: not found territory for name Cauldron Outpost
WARNING 19:42:13:811 ReplyTeleport: not found territory for name Firebase Intrepid
WARNING 19:42:13:811 ReplyTeleport: not found territory for name Firebase Valor
WARNING 19:42:13:812 DocumentDialog: InvocationTargetException : null : stack trace:
java.base/jdk.internal.reflect.NativeConstructorAccessorImpl.newInstance0(Native Method)
java.base/jdk.internal.reflect.NativeConstructorAccessorImpl.newInstance(NativeConstructorAccessorImpl.java:62)
java.base/jdk.internal.reflect.DelegatingConstructorAccessorImpl.newInstance(DelegatingConstructorAccessorImpl.java:45)
java.base/java.lang.reflect.Constructor.newInstanceWithCaller(Constructor.java:500)
java.base/java.lang.reflect.Constructor.newInstance(Constructor.java:481)
tera.gameserver.document.DocumentDialog.parseLink(DocumentDialog.java:64)
tera.gameserver.document.DocumentDialog.parseNpc(DocumentDialog.java:136)
tera.gameserver.document.DocumentDialog.parse(DocumentDialog.java:99)
rlib.data.AbstractDocument.parse(AbstractDocument.java:67)
tera.gameserver.tables.NpcDialogTable.<init>(NpcDialogTable.java:63)
tera.gameserver.tables.NpcDialogTable.getInstance(NpcDialogTable.java:32)
tera.gameserver.GameServer.run(GameServer.java:220)

WARNING 19:42:13:812 ReplyTeleport: not found territory for name Runicar Research Camp
WARNING 19:42:13:813 ReplyTeleport: not found territory for name Alethea's Last Hope
WARNING 19:42:13:813 ReplyTeleport: not found territory for name Camp Retrebution
WARNING 19:42:13:814 ReplyTeleport: not found territory for name Camp Vigilance
WARNING 19:42:13:814 ReplyTeleport: not found territory for name Embattled Outpost
WARNING 19:42:13:815 ReplyTeleport: not found territory for name Gloomy Outpost
WARNING 19:42:13:816 ReplyTeleport: not found territory for name Spirit Outpost
WARNING 19:42:13:817 ReplyTeleport: not found territory for name Emergency Camp
WARNING 19:42:13:818 ReplyTeleport: not found territory for name Valkyon Federation Camp
WARNING 19:42:13:819 DocumentDialog: InvocationTargetException : null : stack trace:
java.base/jdk.internal.reflect.NativeConstructorAccessorImpl.newInstance0(Native Method)
java.base/jdk.internal.reflect.NativeConstructorAccessorImpl.newInstance(NativeConstructorAccessorImpl.java:62)
java.base/jdk.internal.reflect.DelegatingConstructorAccessorImpl.newInstance(DelegatingConstructorAccessorImpl.java:45)
java.base/java.lang.reflect.Constructor.newInstanceWithCaller(Constructor.java:500)
java.base/java.lang.reflect.Constructor.newInstance(Constructor.java:481)
tera.gameserver.document.DocumentDialog.parseLink(DocumentDialog.java:64)
tera.gameserver.document.DocumentDialog.parseNpc(DocumentDialog.java:136)
tera.gameserver.document.DocumentDialog.parse(DocumentDialog.java:99)
rlib.data.AbstractDocument.parse(AbstractDocument.java:67)
tera.gameserver.tables.NpcDialogTable.<init>(NpcDialogTable.java:63)
tera.gameserver.tables.NpcDialogTable.getInstance(NpcDialogTable.java:32)
tera.gameserver.GameServer.run(GameServer.java:220)

WARNING 19:42:13:820 ReplyTeleport: not found territory for name Runicar Research Camp
WARNING 19:42:13:820 ReplyTeleport: not found territory for name Alethea's Last Hope
WARNING 19:42:13:821 ReplyTeleport: not found territory for name Camp Retrebution
WARNING 19:42:13:822 ReplyTeleport: not found territory for name Camp Vigilance
WARNING 19:42:13:822 ReplyTeleport: not found territory for name Embattled Outpost
WARNING 19:42:13:823 ReplyTeleport: not found territory for name Gloomy Outpost
WARNING 19:42:13:823 ReplyTeleport: not found territory for name Spirit Outpost
WARNING 19:42:13:824 ReplyTeleport: not found territory for name Emergency Camp
WARNING 19:42:13:826 ReplyTeleport: not found territory for name Valkyon Federation Camp
WARNING 19:42:13:826 DocumentDialog: InvocationTargetException : null : stack trace:
java.base/jdk.internal.reflect.NativeConstructorAccessorImpl.newInstance0(Native Method)
java.base/jdk.internal.reflect.NativeConstructorAccessorImpl.newInstance(NativeConstructorAccessorImpl.java:62)
java.base/jdk.internal.reflect.DelegatingConstructorAccessorImpl.newInstance(DelegatingConstructorAccessorImpl.java:45)
java.base/java.lang.reflect.Constructor.newInstanceWithCaller(Constructor.java:500)
java.base/java.lang.reflect.Constructor.newInstance(Constructor.java:481)
tera.gameserver.document.DocumentDialog.parseLink(DocumentDialog.java:64)
tera.gameserver.document.DocumentDialog.parseNpc(DocumentDialog.java:136)
tera.gameserver.document.DocumentDialog.parse(DocumentDialog.java:99)
rlib.data.AbstractDocument.parse(AbstractDocument.java:67)
tera.gameserver.tables.NpcDialogTable.<init>(NpcDialogTable.java:63)
tera.gameserver.tables.NpcDialogTable.getInstance(NpcDialogTable.java:32)
tera.gameserver.GameServer.run(GameServer.java:220)

WARNING 19:42:13:827 ReplyTeleport: not found territory for name Quarantine Zone Research Center
WARNING 19:42:13:828 DocumentDialog: InvocationTargetException : null : stack trace:
java.base/jdk.internal.reflect.NativeConstructorAccessorImpl.newInstance0(Native Method)
java.base/jdk.internal.reflect.NativeConstructorAccessorImpl.newInstance(NativeConstructorAccessorImpl.java:62)
java.base/jdk.internal.reflect.DelegatingConstructorAccessorImpl.newInstance(DelegatingConstructorAccessorImpl.java:45)
java.base/java.lang.reflect.Constructor.newInstanceWithCaller(Constructor.java:500)
java.base/java.lang.reflect.Constructor.newInstance(Constructor.java:481)
tera.gameserver.document.DocumentDialog.parseLink(DocumentDialog.java:64)
tera.gameserver.document.DocumentDialog.parseNpc(DocumentDialog.java:136)
tera.gameserver.document.DocumentDialog.parse(DocumentDialog.java:99)
rlib.data.AbstractDocument.parse(AbstractDocument.java:67)
tera.gameserver.tables.NpcDialogTable.<init>(NpcDialogTable.java:63)
tera.gameserver.tables.NpcDialogTable.getInstance(NpcDialogTable.java:32)
tera.gameserver.GameServer.run(GameServer.java:220)

WARNING 19:42:13:829 ReplyTeleport: not found territory for name Stronghold Camp
WARNING 19:42:13:830 ReplyTeleport: not found territory for name Camp Curiosity
WARNING 19:42:13:830 ReplyTeleport: not found territory for name Camp Sagacity
WARNING 19:42:13:831 ReplyTeleport: not found territory for name Camp Sunlight
WARNING 19:42:13:832 DocumentDialog: InvocationTargetException : null : stack trace:
java.base/jdk.internal.reflect.NativeConstructorAccessorImpl.newInstance0(Native Method)
java.base/jdk.internal.reflect.NativeConstructorAccessorImpl.newInstance(NativeConstructorAccessorImpl.java:62)
java.base/jdk.internal.reflect.DelegatingConstructorAccessorImpl.newInstance(DelegatingConstructorAccessorImpl.java:45)
java.base/java.lang.reflect.Constructor.newInstanceWithCaller(Constructor.java:500)
java.base/java.lang.reflect.Constructor.newInstance(Constructor.java:481)
tera.gameserver.document.DocumentDialog.parseLink(DocumentDialog.java:64)
tera.gameserver.document.DocumentDialog.parseNpc(DocumentDialog.java:136)
tera.gameserver.document.DocumentDialog.parse(DocumentDialog.java:99)
rlib.data.AbstractDocument.parse(AbstractDocument.java:67)
tera.gameserver.tables.NpcDialogTable.<init>(NpcDialogTable.java:63)
tera.gameserver.tables.NpcDialogTable.getInstance(NpcDialogTable.java:32)
tera.gameserver.GameServer.run(GameServer.java:220)

INFO 19:42:13:857 NpcDialogTable: loaded 87 dialogs.
INFO 19:42:13:874 MessagePackageTable: loaded 34 message packages.
INFO 19:42:13:910 ConfigAITable: loaded 45 npc ai configs.
INFO 19:42:13:924 NpcAppearanceTable: initialized. Loaded 59 appearances.
WARNING 19:42:14:059 NpcTable: detected once the file C:\Users\jorou\Downloads\TeraOnlineServer_Shock_1732\gameserver\.\data\npcs\summons\playable_summons.zip
INFO 19:42:14:066 NpcTable: loaded  816 npcs.
INFO 19:42:14:077 ResourseTable: loaded  253 resourses.
INFO 19:42:14:088 MinionTable: loaded 303 minions for 42 npcs.
INFO 19:42:14:089 RegenTaskManager: initializable.
INFO 19:42:14:094 Formulas: initialized.
INFO 19:42:14:096 EffectTaskManager: initialized.
INFO 19:42:14:427 ObjectEventManager: initialized.
INFO 19:42:14:428 MoveTaskManager: initialized.
INFO 19:42:14:931 SpawnTable: loaded 19515 spawns for 617 npcs and 2013 spawns for 60 resourses.
INFO 19:42:14:985 GeoMap3D: start fast import geodata_1.dat
INFO 19:42:15:202 GeoMap3D: import ended. load 1867238 quards.
INFO 19:42:15:210 GeoMap3D: start fast import geodata_2.dat
INFO 19:42:15:268 GeoMap3D: import ended. load 440227 quards.
INFO 19:42:15:269 GeoMap3D: start fast import geodata_3.dat
INFO 19:42:15:291 GeoMap3D: import ended. load 58040 quards.
INFO 19:42:15:292 GeoManager: initialized.
INFO 19:42:15:294 ItemExecutorManager: loaded 0 executor items.
INFO 19:42:15:340 CommandManager: loaded 94 commands.
INFO 19:42:15:358 SkillLearnManager: loaded 950 skill learn's for 8 clases.
INFO 19:42:15:363 AnnounceManager: loaded 0 start announces and 0 running announces.
INFO 19:42:15:365 AccountManager: initialized.
INFO 19:42:15:368 GuildManager: loaded 0 guilds.
INFO 19:42:15:775 QuestManager: loaded 455 quests.
INFO 19:42:15:777 OnlineManager: initialized.
INFO 19:42:15:781 GameLogManager: initialized.
WARNING 19:42:15:802 DocumentRegionWar: not found territory for 400
WARNING 19:42:15:803 DocumentRegionWar: not found territory for 401
WARNING 19:42:15:807 DocumentRegionWar: not found territory for 402
WARNING 19:42:15:808 DocumentRegionWar: not found territory for 403
INFO 19:42:15:809 EventManager: loaded 5 events.
INFO 19:42:15:933 EventManager: the nearest event in 37 minutes.
INFO 19:42:15:935 PlayerManager: initialized.
INFO 19:42:15:944 Network: started.
INFO 19:42:15:945 GameServer: started.
INFO 19:42:47:681 AccountManager: authed islanzadie
INFO 19:46:17:309 AccountManager: close islanzadie
