INFO 13:00:56:626 ServerControl: open server socket on 2101 port.
INFO 13:00:56:641 ExecutorManager: initialized.
INFO 13:00:57:026 CleaningManager: delete 0 reuses from a character_skill_reuses.
INFO 13:00:57:027 CleaningManager: delete 0 spawns from a boss_spawn.
INFO 13:00:57:028 CleaningManager: delete 0 appearances from a character_appearances.
INFO 13:00:57:028 CleaningManager: delete 0 effects from a character_save_effects.
INFO 13:00:57:029 CleaningManager: delete 0 inventors from a character_inventors.
INFO 13:00:57:029 CleaningManager: delete 0 skills from a character_skills.
INFO 13:00:57:030 CleaningManager: delete 0 hotkeys from a character_hotkey.
INFO 13:00:57:031 CleaningManager: delete 0 chars from a character_friends.
INFO 13:00:57:032 CleaningManager: delete 0 friends from a character_friends.
INFO 13:00:57:032 CleaningManager: delete 0 settings from a character_settings.
INFO 13:00:57:033 CleaningManager: delete 0 empty items from a items.
INFO 13:00:57:034 CleaningManager: delete 0 no owner items from a items.
INFO 13:00:57:035 CleaningManager: delete 0 no owner guild items from a items.
INFO 13:00:57:111 CleaningManager: create buffer table items.
INFO 13:00:57:114 CleaningManager: copy 254 items to buffer_items.
INFO 13:00:57:115 CleaningManager: delete 0 no owner items from a buffer_items.
INFO 13:00:57:133 CleaningManager: drop buffer table items.
INFO 13:00:57:134 CleaningManager: delete 0 from a quests.
INFO 13:00:57:134 CleaningManager: delete 0 from a quest variables.
INFO 13:00:57:135 CleaningManager: delete 0 from a guild ranks.
INFO 13:00:57:180 ClientPacketType: client packets prepared.
INFO 13:00:57:193 EffectParser: initialized.
INFO 13:00:57:195 RandomManager: initialized.
INFO 13:00:57:196 IdFactory: prepare npc ids...
INFO 13:00:57:197 BitSetIdGenerator: 102912 id's available.
INFO 13:00:57:198 IdFactory: prepare objects ids...
INFO 13:00:57:198 BitSetIdGenerator: 102912 id's available.
INFO 13:00:57:199 IdFactory: prepare players ids...
INFO 13:00:57:202 BitSetIdGenerator: extracted 13 ids.
INFO 13:00:57:202 BitSetIdGenerator: 102912 id's available.
INFO 13:00:57:203 IdFactory: prepare guilds ids...
INFO 13:00:57:204 BitSetIdGenerator: extracted 1 ids.
INFO 13:00:57:204 BitSetIdGenerator: 102912 id's available.
INFO 13:00:57:204 IdFactory: prepare item ids...
INFO 13:00:57:206 BitSetIdGenerator: extracted 254 ids.
INFO 13:00:57:207 BitSetIdGenerator: 102912 id's available.
INFO 13:00:57:219 ServerVarManager: loaded 0 variables.
INFO 13:00:57:223 BossSpawnManager: loaded 0 boss spawns.
INFO 13:00:57:909 TerritoryTable: loaded 160 territories for 18803 regions.
INFO 13:00:59:157 WorldZoneTable: loaded 12 world zones for 31986 regions.
INFO 13:00:59:159 ConditionParser: initializable.
WARNING 13:00:59:695 SkillTable: detected once the file C:\Users\jorou\Downloads\TeraOnlineServer_Shock_1732\gameserver\.\data\skills\summon_skills\deprecated.zip
INFO 13:00:59:742 SkillTable: loaded 4613 skills for 19 classes.
WARNING 13:00:59:788 ItemTable: detected once the file C:\Users\jorou\Downloads\TeraOnlineServer_Shock_1732\gameserver\.\data\items\adaptations.txt
INFO 13:01:00:186 ItemTable: loaded 10138 items.
INFO 13:01:00:201 Race: race appearances initializable.
INFO 13:01:00:206 PlayerTable: loaded 104 player templates.
WARNING 13:01:00:440 DropTable: not found items [50048]
INFO 13:01:00:441 DropTable: load drop for 407 npcs and 126 for resourse.
INFO 13:01:00:451 TownTable: initialized.
WARNING 13:01:00:482 NpcDialogTable: detected once the file C:\Users\jorou\Downloads\TeraOnlineServer_Shock_1732\gameserver\.\data\dialogs\dialogs.txt
INFO 13:01:00:527 NpcDialogTable: loaded 87 dialogs.
INFO 13:01:00:532 MessagePackageTable: loaded 34 message packages.
INFO 13:01:00:571 ConfigAITable: loaded 45 npc ai configs.
INFO 13:01:00:583 NpcAppearanceTable: initialized. Loaded 59 appearances.
WARNING 13:01:00:799 NpcTable: found duplicate npc template NpcTemplate npcId = 30002, exp = 0, attack = 300000, defense = 1000, owerAttack = 15000, owerDefense = 13000, level = 100, aggro = 100, factionRange = 5000, name = *Elleon*, title = Valkyon's Hero, factionId = Alliance of Argons, type = 300, isRaid = false, canDrop = false, drop = null, minions = null, dialog = null, geomRadius = 20.0, geomHeight = 60.0, npcType = PLAYER_KILLER in file .\data\npcs\south_arun\velika_outskirt.xml
WARNING 13:01:00:806 NpcTable: found duplicate npc template NpcTemplate npcId = 30004, exp = 0, attack = 40000, defense = 4000, owerAttack = 1500, owerDefense = 7000, level = 100, aggro = 100, factionRange = 5000, name = *Klaris*, title = Wise mage, factionId = Alliance of Argons, type = 300, isRaid = false, canDrop = false, drop = null, minions = null, dialog = null, geomRadius = 20.0, geomHeight = 60.0, npcType = PLAYER_KILLER in file .\data\npcs\south_arun\velika_outskirt.xml
WARNING 13:01:00:810 NpcTable: found duplicate npc template NpcTemplate npcId = 30005, exp = 0, attack = 91000, defense = 5000, owerAttack = 1500, owerDefense = 10000, level = 100, aggro = 100, factionRange = 5000, name = *Joff*, title = Open minded, factionId = Alliance of Argons, type = 300, isRaid = false, canDrop = false, drop = null, minions = null, dialog = null, geomRadius = 30.0, geomHeight = 70.0, npcType = PLAYER_KILLER in file .\data\npcs\south_arun\velika_outskirt.xml
WARNING 13:01:00:813 NpcTable: found duplicate npc template NpcTemplate npcId = 30007, exp = 0, attack = 300000, defense = 5000, owerAttack = 14500, owerDefense = 15000, level = 100, aggro = 100, factionRange = 5000, name = *KLei*, title = Testing, factionId = Alliance of Argons, type = 300, isRaid = false, canDrop = false, drop = null, minions = null, dialog = null, geomRadius = 25.0, geomHeight = 70.0, npcType = PLAYER_KILLER in file .\data\npcs\south_arun\velika_outskirt.xml
WARNING 13:01:00:814 NpcTable: found duplicate npc template NpcTemplate npcId = 30008, exp = 0, attack = 91000, defense = 11000, owerAttack = 1000, owerDefense = 20000, level = 100, aggro = 100, factionRange = 5000, name = *Arei*, title = HUrrrr durrrr, factionId = Alliance of Argons, type = 300, isRaid = false, canDrop = false, drop = null, minions = null, dialog = null, geomRadius = 30.0, geomHeight = 70.0, npcType = PLAYER_KILLER in file .\data\npcs\south_arun\velika_outskirt.xml
WARNING 13:01:00:815 NpcTable: found duplicate npc template NpcTemplate npcId = 30010, exp = 0, attack = 410000, defense = 4000, owerAttack = 1500, owerDefense = 7000, level = 100, aggro = 100, factionRange = 5000, name = *Lola*, title = Lover, factionId = Alliance of Argons, type = 300, isRaid = false, canDrop = false, drop = null, minions = null, dialog = null, geomRadius = 20.0, geomHeight = 60.0, npcType = PLAYER_KILLER in file .\data\npcs\south_arun\velika_outskirt.xml
WARNING 13:01:00:838 NpcTable: detected once the file C:\Users\jorou\Downloads\TeraOnlineServer_Shock_1732\gameserver\.\data\npcs\summons\playable_summons.zip
INFO 13:01:00:867 NpcTable: loaded  816 npcs.
INFO 13:01:00:894 ResourseTable: loaded  253 resourses.
INFO 13:01:00:930 MinionTable: loaded 303 minions for 42 npcs.
INFO 13:01:00:934 RegenTaskManager: initializable.
INFO 13:01:00:950 Formulas: initialized.
INFO 13:01:00:951 EffectTaskManager: initialized.
INFO 13:01:01:300 ObjectEventManager: initialized.
INFO 13:01:01:301 MoveTaskManager: initialized.
INFO 13:01:01:784 SpawnTable: loaded 19523 spawns for 622 npcs and 2013 spawns for 60 resourses.
INFO 13:01:01:873 GeoMap3D: start fast import geodata_1.dat
INFO 13:01:02:094 GeoMap3D: import ended. load 1867238 quards.
INFO 13:01:02:095 GeoMap3D: start fast import geodata_2.dat
INFO 13:01:02:160 GeoMap3D: import ended. load 440227 quards.
INFO 13:01:02:182 GeoMap3D: start fast import geodata_3.dat
INFO 13:01:02:220 GeoMap3D: import ended. load 58040 quards.
INFO 13:01:02:220 GeoManager: initialized.
INFO 13:01:02:225 ItemExecutorManager: loaded 0 executor items.
INFO 13:01:02:239 CommandManager: loaded 96 commands.
INFO 13:01:02:247 SkillLearnManager: loaded 950 skill learn's for 8 clases.
INFO 13:01:02:260 AnnounceManager: loaded 0 start announces and 0 running announces.
INFO 13:01:02:262 AccountManager: initialized.
INFO 13:01:02:278 GuildManager: loaded 1 guilds.
INFO 13:01:02:772 QuestManager: loaded 455 quests.
INFO 13:01:02:774 OnlineManager: initialized.
INFO 13:01:02:790 GameLogManager: initialized.
INFO 13:01:02:874 Region: next battle "Veritas District" in 2020.06.28 16:00.
INFO 13:01:02:878 Region: next battle "Ostgarath" in 2020.06.28 16:00.
INFO 13:01:02:881 Region: next battle "Val Palrada" in 2020.07.04 20:00.
INFO 13:01:02:883 Region: next battle "Val Aureum" in 2020.07.04 20:00.
INFO 13:01:02:883 EventManager: loaded 5 events.
INFO 13:01:03:000 EventManager: the nearest event in 54 minutes.
INFO 13:01:03:004 PlayerManager: initialized.
INFO 13:01:03:012 Network: started.
INFO 13:01:03:012 GameServer: started.
INFO 13:06:09:608 AccountManager: authed islanzadie
INFO 13:44:24:576 AccountManager: close islanzadie
