INFO 18:48:19:511 ServerControl: open server socket on 2101 port.
INFO 18:48:19:988 ExecutorManager: initialized.
INFO 18:48:24:545 CleaningManager: delete 0 reuses from a character_skill_reuses.
INFO 18:48:24:661 CleaningManager: delete 0 spawns from a boss_spawn.
INFO 18:48:24:780 CleaningManager: delete 0 appearances from a character_appearances.
INFO 18:48:24:862 CleaningManager: delete 0 effects from a character_save_effects.
INFO 18:48:24:908 CleaningManager: delete 0 inventors from a character_inventors.
INFO 18:48:24:965 CleaningManager: delete 0 skills from a character_skills.
INFO 18:48:25:063 CleaningManager: delete 0 hotkeys from a character_hotkey.
INFO 18:48:25:115 CleaningManager: delete 0 chars from a character_friends.
INFO 18:48:25:117 CleaningManager: delete 0 friends from a character_friends.
INFO 18:48:25:173 CleaningManager: delete 0 settings from a character_settings.
INFO 18:48:25:231 CleaningManager: delete 0 empty items from a items.
INFO 18:48:25:233 CleaningManager: delete 0 no owner items from a items.
INFO 18:48:25:336 CleaningManager: delete 0 no owner guild items from a items.
INFO 18:48:25:399 CleaningManager: create buffer table items.
INFO 18:48:25:402 CleaningManager: copy 119 items to buffer_items.
INFO 18:48:25:402 CleaningManager: delete 0 no owner items from a buffer_items.
INFO 18:48:25:429 CleaningManager: drop buffer table items.
INFO 18:48:25:486 CleaningManager: delete 0 from a quests.
INFO 18:48:25:552 CleaningManager: delete 0 from a quest variables.
INFO 18:48:25:635 CleaningManager: delete 0 from a guild ranks.
INFO 18:48:25:767 ClientPacketType: client packets prepared.
INFO 18:48:25:778 EffectParser: initialized.
INFO 18:48:25:828 RandomManager: initialized.
INFO 18:48:25:828 IdFactory: prepare npc ids...
INFO 18:48:25:888 BitSetIdGenerator: 102912 id's available.
INFO 18:48:25:889 IdFactory: prepare objects ids...
INFO 18:48:25:889 BitSetIdGenerator: 102912 id's available.
INFO 18:48:25:890 IdFactory: prepare players ids...
INFO 18:48:25:892 BitSetIdGenerator: extracted 10 ids.
INFO 18:48:25:892 BitSetIdGenerator: 102912 id's available.
INFO 18:48:25:893 IdFactory: prepare guilds ids...
INFO 18:48:25:894 BitSetIdGenerator: extracted 1 ids.
INFO 18:48:25:894 BitSetIdGenerator: 102912 id's available.
INFO 18:48:25:894 IdFactory: prepare item ids...
INFO 18:48:25:896 BitSetIdGenerator: extracted 119 ids.
INFO 18:48:25:896 BitSetIdGenerator: 102912 id's available.
INFO 18:48:25:975 ServerVarManager: loaded 0 variables.
INFO 18:48:25:977 BossSpawnManager: loaded 0 boss spawns.
INFO 18:48:26:611 TerritoryTable: loaded 160 territories for 18803 regions.
INFO 18:48:27:758 WorldZoneTable: loaded 12 world zones for 31986 regions.
INFO 18:48:27:760 ConditionParser: initializable.
WARNING 18:48:28:151 SkillTable: detected once the file C:\Users\jorou\Downloads\TeraOnlineServer_Shock_1732\gameserver\.\data\skills\summon_skills\deprecated.zip
INFO 18:48:28:191 SkillTable: loaded 4613 skills for 19 classes.
INFO 18:48:28:535 ItemTable: loaded 10138 items.
INFO 18:48:28:590 Race: race appearances initializable.
INFO 18:48:28:596 PlayerTable: loaded 104 player templates.
WARNING 18:48:28:768 DropTable: not found items [50048]
INFO 18:48:28:768 DropTable: load drop for 407 npcs and 126 for resourse.
INFO 18:48:28:773 TownTable: initialized.
WARNING 18:48:28:790 NpcDialogTable: detected once the file C:\Users\jorou\Downloads\TeraOnlineServer_Shock_1732\gameserver\.\data\dialogs\dialogs.txt
INFO 18:48:28:816 NpcDialogTable: loaded 87 dialogs.
INFO 18:48:28:822 MessagePackageTable: loaded 34 message packages.
INFO 18:48:28:851 ConfigAITable: loaded 45 npc ai configs.
INFO 18:48:28:862 NpcAppearanceTable: initialized. Loaded 59 appearances.
WARNING 18:48:28:982 NpcTable: detected once the file C:\Users\jorou\Downloads\TeraOnlineServer_Shock_1732\gameserver\.\data\npcs\summons\playable_summons.zip
INFO 18:48:28:991 NpcTable: loaded  816 npcs.
INFO 18:48:29:008 ResourseTable: loaded  253 resourses.
INFO 18:48:29:016 MinionTable: loaded 303 minions for 42 npcs.
INFO 18:48:29:017 RegenTaskManager: initializable.
INFO 18:48:29:024 Formulas: initialized.
INFO 18:48:29:026 EffectTaskManager: initialized.
INFO 18:48:29:320 ObjectEventManager: initialized.
INFO 18:48:29:321 MoveTaskManager: initialized.
INFO 18:48:29:590 SpawnTable: loaded 19515 spawns for 617 npcs and 2013 spawns for 60 resourses.
INFO 18:48:29:616 GeoMap3D: start fast import geodata_1.dat
INFO 18:48:30:045 GeoMap3D: import ended. load 1867238 quards.
INFO 18:48:30:046 GeoMap3D: start fast import geodata_2.dat
INFO 18:48:30:158 GeoMap3D: import ended. load 440227 quards.
INFO 18:48:30:159 GeoMap3D: start fast import geodata_3.dat
INFO 18:48:30:174 GeoMap3D: import ended. load 58040 quards.
INFO 18:48:30:175 GeoManager: initialized.
INFO 18:48:30:181 ItemExecutorManager: loaded 0 executor items.
INFO 18:48:30:213 CommandManager: loaded 94 commands.
INFO 18:48:30:220 SkillLearnManager: loaded 950 skill learn's for 8 clases.
INFO 18:48:30:223 AnnounceManager: loaded 0 start announces and 0 running announces.
INFO 18:48:30:225 AccountManager: initialized.
INFO 18:48:30:236 GuildManager: loaded 1 guilds.
INFO 18:48:30:562 QuestManager: loaded 455 quests.
INFO 18:48:30:569 OnlineManager: initialized.
INFO 18:48:30:628 GameLogManager: initialized.
INFO 18:48:30:903 Region: next battle "Veritas District" in 2020.06.28 16:00.
INFO 18:48:30:905 Region: next battle "Ostgarath" in 2020.06.28 16:00.
INFO 18:48:30:907 Region: next battle "Val Palrada" in 2020.06.27 20:00.
INFO 18:48:30:909 Region: next battle "Val Aureum" in 2020.06.27 20:00.
INFO 18:48:30:909 EventManager: loaded 5 events.
INFO 18:48:31:212 EventManager: the nearest event in 32 minutes.
INFO 18:48:31:216 PlayerManager: initialized.
INFO 18:48:31:656 Network: started.
INFO 18:48:31:656 GameServer: started.
