INFO 18:02:40:052 ServerControl: open server socket on 2101 port.
INFO 18:02:40:059 ExecutorManager: initialized.
INFO 18:02:40:417 CleaningManager: delete 2 reuses from a character_skill_reuses.
INFO 18:02:40:417 CleaningManager: delete 0 spawns from a boss_spawn.
INFO 18:02:40:418 CleaningManager: delete 0 appearances from a character_appearances.
INFO 18:02:40:419 CleaningManager: delete 0 effects from a character_save_effects.
INFO 18:02:40:419 CleaningManager: delete 0 inventors from a character_inventors.
INFO 18:02:40:420 CleaningManager: delete 0 skills from a character_skills.
INFO 18:02:40:421 CleaningManager: delete 0 hotkeys from a character_hotkey.
INFO 18:02:40:421 CleaningManager: delete 0 chars from a character_friends.
INFO 18:02:40:422 CleaningManager: delete 0 friends from a character_friends.
INFO 18:02:40:423 CleaningManager: delete 0 settings from a character_settings.
INFO 18:02:40:424 CleaningManager: delete 15 empty items from a items.
INFO 18:02:40:424 CleaningManager: delete 0 no owner items from a items.
INFO 18:02:40:425 CleaningManager: delete 0 no owner guild items from a items.
INFO 18:02:40:486 CleaningManager: create buffer table items.
INFO 18:02:40:489 CleaningManager: copy 119 items to buffer_items.
INFO 18:02:40:489 CleaningManager: delete 0 no owner items from a buffer_items.
INFO 18:02:40:501 CleaningManager: drop buffer table items.
INFO 18:02:40:502 CleaningManager: delete 0 from a quests.
INFO 18:02:40:503 CleaningManager: delete 0 from a quest variables.
INFO 18:02:40:503 CleaningManager: delete 0 from a guild ranks.
INFO 18:02:40:546 ClientPacketType: client packets prepared.
INFO 18:02:40:557 EffectParser: initialized.
INFO 18:02:40:560 RandomManager: initialized.
INFO 18:02:40:560 IdFactory: prepare npc ids...
INFO 18:02:40:562 BitSetIdGenerator: 102912 id's available.
INFO 18:02:40:562 IdFactory: prepare objects ids...
INFO 18:02:40:563 BitSetIdGenerator: 102912 id's available.
INFO 18:02:40:563 IdFactory: prepare players ids...
INFO 18:02:40:566 BitSetIdGenerator: extracted 10 ids.
INFO 18:02:40:566 BitSetIdGenerator: 102912 id's available.
INFO 18:02:40:566 IdFactory: prepare guilds ids...
INFO 18:02:40:567 BitSetIdGenerator: extracted 1 ids.
INFO 18:02:40:567 BitSetIdGenerator: 102912 id's available.
INFO 18:02:40:567 IdFactory: prepare item ids...
INFO 18:02:40:569 BitSetIdGenerator: extracted 119 ids.
INFO 18:02:40:569 BitSetIdGenerator: 102912 id's available.
INFO 18:02:40:579 ServerVarManager: loaded 0 variables.
INFO 18:02:40:581 BossSpawnManager: loaded 0 boss spawns.
INFO 18:02:41:171 TerritoryTable: loaded 160 territories for 18803 regions.
INFO 18:02:42:237 WorldZoneTable: loaded 12 world zones for 31986 regions.
INFO 18:02:42:238 ConditionParser: initializable.
WARNING 18:02:42:571 SkillTable: detected once the file C:\Users\jorou\Downloads\TeraOnlineServer_Shock_1732\gameserver\.\data\skills\summon_skills\deprecated.zip
INFO 18:02:42:583 SkillTable: loaded 4613 skills for 19 classes.
INFO 18:02:42:843 ItemTable: loaded 10138 items.
INFO 18:02:42:853 Race: race appearances initializable.
INFO 18:02:42:859 PlayerTable: loaded 104 player templates.
WARNING 18:02:43:029 DropTable: not found items [50048]
INFO 18:02:43:030 DropTable: load drop for 407 npcs and 126 for resourse.
INFO 18:02:43:034 TownTable: initialized.
WARNING 18:02:43:052 NpcDialogTable: detected once the file C:\Users\jorou\Downloads\TeraOnlineServer_Shock_1732\gameserver\.\data\dialogs\dialogs.txt
INFO 18:02:43:076 NpcDialogTable: loaded 87 dialogs.
INFO 18:02:43:082 MessagePackageTable: loaded 34 message packages.
INFO 18:02:43:108 ConfigAITable: loaded 45 npc ai configs.
INFO 18:02:43:119 NpcAppearanceTable: initialized. Loaded 59 appearances.
WARNING 18:02:43:214 NpcTable: detected once the file C:\Users\jorou\Downloads\TeraOnlineServer_Shock_1732\gameserver\.\data\npcs\summons\playable_summons.zip
INFO 18:02:43:221 NpcTable: loaded  816 npcs.
INFO 18:02:43:230 ResourseTable: loaded  253 resourses.
INFO 18:02:43:238 MinionTable: loaded 303 minions for 42 npcs.
INFO 18:02:43:239 RegenTaskManager: initializable.
INFO 18:02:43:243 Formulas: initialized.
INFO 18:02:43:244 EffectTaskManager: initialized.
INFO 18:02:43:480 ObjectEventManager: initialized.
INFO 18:02:43:480 MoveTaskManager: initialized.
INFO 18:02:43:842 SpawnTable: loaded 19515 spawns for 617 npcs and 2013 spawns for 60 resourses.
INFO 18:02:43:854 GeoMap3D: start fast import geodata_1.dat
INFO 18:02:44:043 GeoMap3D: import ended. load 1867238 quards.
INFO 18:02:44:044 GeoMap3D: start fast import geodata_2.dat
INFO 18:02:44:117 GeoMap3D: import ended. load 440227 quards.
INFO 18:02:44:117 GeoMap3D: start fast import geodata_3.dat
INFO 18:02:44:128 GeoMap3D: import ended. load 58040 quards.
INFO 18:02:44:128 GeoManager: initialized.
INFO 18:02:44:131 ItemExecutorManager: loaded 0 executor items.
INFO 18:02:44:139 CommandManager: loaded 94 commands.
INFO 18:02:44:149 SkillLearnManager: loaded 950 skill learn's for 8 clases.
INFO 18:02:44:153 AnnounceManager: loaded 0 start announces and 0 running announces.
INFO 18:02:44:154 AccountManager: initialized.
INFO 18:02:44:171 GuildManager: loaded 1 guilds.
INFO 18:02:44:396 QuestManager: loaded 455 quests.
INFO 18:02:44:398 OnlineManager: initialized.
INFO 18:02:44:401 GameLogManager: initialized.
INFO 18:02:44:452 Region: next battle "Veritas District" in 2020.06.28 16:00.
INFO 18:02:44:455 Region: next battle "Ostgarath" in 2020.06.28 16:00.
INFO 18:02:44:457 Region: next battle "Val Palrada" in 2020.06.27 20:00.
INFO 18:02:44:458 Region: next battle "Val Aureum" in 2020.06.27 20:00.
INFO 18:02:44:459 EventManager: loaded 5 events.
INFO 18:02:44:559 EventManager: the nearest event in 43 minutes.
INFO 18:02:44:564 PlayerManager: initialized.
INFO 18:02:44:570 Network: started.
INFO 18:02:44:571 GameServer: started.
