INFO 21:04:14:063 ServerControl: open server socket on 2101 port.
INFO 21:04:14:069 ExecutorManager: initialized.
INFO 21:04:14:482 CleaningManager: delete 0 reuses from a character_skill_reuses.
INFO 21:04:14:483 CleaningManager: delete 0 spawns from a boss_spawn.
INFO 21:04:14:483 CleaningManager: delete 0 appearances from a character_appearances.
INFO 21:04:14:484 CleaningManager: delete 0 effects from a character_save_effects.
INFO 21:04:14:484 CleaningManager: delete 0 inventors from a character_inventors.
INFO 21:04:14:488 CleaningManager: delete 0 skills from a character_skills.
INFO 21:04:14:490 CleaningManager: delete 0 hotkeys from a character_hotkey.
INFO 21:04:14:491 CleaningManager: delete 0 chars from a character_friends.
INFO 21:04:14:493 CleaningManager: delete 0 friends from a character_friends.
INFO 21:04:14:494 CleaningManager: delete 0 settings from a character_settings.
INFO 21:04:14:495 CleaningManager: delete 1 empty items from a items.
INFO 21:04:14:496 CleaningManager: delete 0 no owner items from a items.
INFO 21:04:14:497 CleaningManager: delete 0 no owner guild items from a items.
INFO 21:04:14:557 CleaningManager: create buffer table items.
INFO 21:04:14:559 CleaningManager: copy 125 items to buffer_items.
INFO 21:04:14:560 CleaningManager: delete 0 no owner items from a buffer_items.
INFO 21:04:14:570 CleaningManager: drop buffer table items.
INFO 21:04:14:571 CleaningManager: delete 0 from a quests.
INFO 21:04:14:571 CleaningManager: delete 0 from a quest variables.
INFO 21:04:14:572 CleaningManager: delete 0 from a guild ranks.
INFO 21:04:14:615 ClientPacketType: client packets prepared.
INFO 21:04:14:626 EffectParser: initialized.
INFO 21:04:14:629 RandomManager: initialized.
INFO 21:04:14:629 IdFactory: prepare npc ids...
INFO 21:04:14:631 BitSetIdGenerator: 102912 id's available.
INFO 21:04:14:632 IdFactory: prepare objects ids...
INFO 21:04:14:632 BitSetIdGenerator: 102912 id's available.
INFO 21:04:14:632 IdFactory: prepare players ids...
INFO 21:04:14:635 BitSetIdGenerator: extracted 10 ids.
INFO 21:04:14:635 BitSetIdGenerator: 102912 id's available.
INFO 21:04:14:636 IdFactory: prepare guilds ids...
INFO 21:04:14:637 BitSetIdGenerator: extracted 1 ids.
INFO 21:04:14:639 BitSetIdGenerator: 102912 id's available.
INFO 21:04:14:639 IdFactory: prepare item ids...
INFO 21:04:14:641 BitSetIdGenerator: extracted 125 ids.
INFO 21:04:14:641 BitSetIdGenerator: 102912 id's available.
INFO 21:04:14:652 ServerVarManager: loaded 0 variables.
INFO 21:04:14:656 BossSpawnManager: loaded 0 boss spawns.
INFO 21:04:15:388 TerritoryTable: loaded 160 territories for 18803 regions.
INFO 21:04:17:115 WorldZoneTable: loaded 12 world zones for 31986 regions.
INFO 21:04:17:120 ConditionParser: initializable.
WARNING 21:04:17:839 SkillTable: detected once the file C:\Users\jorou\Downloads\TeraOnlineServer_Shock_1732\gameserver\.\data\skills\summon_skills\deprecated.zip
INFO 21:04:17:890 SkillTable: loaded 4613 skills for 19 classes.
INFO 21:04:18:432 ItemTable: loaded 10138 items.
INFO 21:04:18:450 Race: race appearances initializable.
INFO 21:04:18:461 PlayerTable: loaded 104 player templates.
WARNING 21:04:18:706 DropTable: not found items [50048]
INFO 21:04:18:707 DropTable: load drop for 407 npcs and 126 for resourse.
INFO 21:04:18:712 TownTable: initialized.
WARNING 21:04:18:756 NpcDialogTable: detected once the file C:\Users\jorou\Downloads\TeraOnlineServer_Shock_1732\gameserver\.\data\dialogs\dialogs.txt
INFO 21:04:18:793 NpcDialogTable: loaded 87 dialogs.
INFO 21:04:18:805 MessagePackageTable: loaded 34 message packages.
INFO 21:04:18:841 ConfigAITable: loaded 45 npc ai configs.
INFO 21:04:18:854 NpcAppearanceTable: initialized. Loaded 59 appearances.
WARNING 21:04:18:996 NpcTable: detected once the file C:\Users\jorou\Downloads\TeraOnlineServer_Shock_1732\gameserver\.\data\npcs\summons\playable_summons.zip
INFO 21:04:19:020 NpcTable: loaded  816 npcs.
INFO 21:04:19:046 ResourseTable: loaded  253 resourses.
INFO 21:04:19:068 MinionTable: loaded 303 minions for 42 npcs.
INFO 21:04:19:069 RegenTaskManager: initializable.
INFO 21:04:19:105 Formulas: initialized.
INFO 21:04:19:107 EffectTaskManager: initialized.
INFO 21:04:19:582 ObjectEventManager: initialized.
INFO 21:04:19:583 MoveTaskManager: initialized.
INFO 21:04:19:947 SpawnTable: loaded 19515 spawns for 617 npcs and 2013 spawns for 60 resourses.
INFO 21:04:19:974 GeoMap3D: start fast import geodata_1.dat
INFO 21:04:20:282 GeoMap3D: import ended. load 1867238 quards.
INFO 21:04:20:286 GeoMap3D: start fast import geodata_2.dat
INFO 21:04:20:337 GeoMap3D: import ended. load 440227 quards.
INFO 21:04:20:346 GeoMap3D: start fast import geodata_3.dat
INFO 21:04:20:377 GeoMap3D: import ended. load 58040 quards.
INFO 21:04:20:389 GeoManager: initialized.
INFO 21:04:20:393 ItemExecutorManager: loaded 0 executor items.
INFO 21:04:20:403 CommandManager: loaded 94 commands.
INFO 21:04:20:414 SkillLearnManager: loaded 950 skill learn's for 8 clases.
INFO 21:04:20:423 AnnounceManager: loaded 0 start announces and 0 running announces.
INFO 21:04:20:425 AccountManager: initialized.
INFO 21:04:20:444 GuildManager: loaded 1 guilds.
INFO 21:04:20:882 QuestManager: loaded 455 quests.
INFO 21:04:20:883 OnlineManager: initialized.
INFO 21:04:20:893 GameLogManager: initialized.
INFO 21:04:20:997 Region: next battle "Veritas District" in 2020.06.28 16:00.
INFO 21:04:21:000 Region: next battle "Ostgarath" in 2020.06.28 16:00.
INFO 21:04:21:003 Region: next battle "Val Palrada" in 2020.06.27 20:00.
INFO 21:04:21:005 Region: next battle "Val Aureum" in 2020.06.27 20:00.
INFO 21:04:21:005 EventManager: loaded 5 events.
INFO 21:04:21:136 EventManager: the nearest event in 47 minutes.
INFO 21:04:21:139 PlayerManager: initialized.
INFO 21:04:21:147 Network: started.
INFO 21:04:21:148 GameServer: started.
INFO 21:06:39:412 AccountManager: authed islanzadie
WARNING 21:12:15:741 DataBaseManager: CommunicationsException : Communications link failure

The last packet successfully received from the server was 336 205 milliseconds ago.  The last packet sent successfully to the server was 336 206 milliseconds ago. : stack trace:
java.base/jdk.internal.reflect.NativeConstructorAccessorImpl.newInstance0(Native Method)
java.base/jdk.internal.reflect.NativeConstructorAccessorImpl.newInstance(NativeConstructorAccessorImpl.java:62)
java.base/jdk.internal.reflect.DelegatingConstructorAccessorImpl.newInstance(DelegatingConstructorAccessorImpl.java:45)
java.base/java.lang.reflect.Constructor.newInstanceWithCaller(Constructor.java:500)
java.base/java.lang.reflect.Constructor.newInstance(Constructor.java:481)
com.mysql.jdbc.Util.handleNewInstance(Util.java:411)
com.mysql.jdbc.SQLError.createCommunicationsException(SQLError.java:1116)
com.mysql.jdbc.MysqlIO.send(MysqlIO.java:3352)
com.mysql.jdbc.MysqlIO.sendCommand(MysqlIO.java:1971)
com.mysql.jdbc.MysqlIO.sqlQueryDirect(MysqlIO.java:2151)
com.mysql.jdbc.ConnectionImpl.execSQL(ConnectionImpl.java:2619)
com.mysql.jdbc.ConnectionImpl.execSQL(ConnectionImpl.java:2569)
com.mysql.jdbc.StatementImpl.executeQuery(StatementImpl.java:1521)
com.jolbox.bonecp.StatementHandle.executeQuery(StatementHandle.java:503)
tera.gameserver.manager.DataBaseManager.fullRestore(DataBaseManager.java:817)
tera.gameserver.manager.PlayerManager.selectPlayer(PlayerManager.java:408)
tera.gameserver.network.clientpackets.SelectedPlayer.runImpl(SelectedPlayer.java:28)
rlib.network.packets.AbstractReadeablePacket.run(AbstractReadeablePacket.java:175)
java.base/java.util.concurrent.ThreadPoolExecutor.runWorker(ThreadPoolExecutor.java:1128)
java.base/java.util.concurrent.ThreadPoolExecutor$Worker.run(ThreadPoolExecutor.java:628)
java.base/java.lang.Thread.run(Thread.java:830)

WARNING 21:12:15:742 PlayerManager: incorrect restore player 268435458
INFO 21:12:44:294 AccountManager: close islanzadie
INFO 21:13:21:426 AccountManager: authed islanzadie
INFO 21:13:49:416 ItemTable: reloaded items.
INFO 21:14:08:506 AccountManager: close islanzadie
