INFO 13:42:39:782 ServerControl: open server socket on 2101 port.
INFO 13:42:39:789 ExecutorManager: initialized.
INFO 13:42:40:142 CleaningManager: delete 0 reuses from a character_skill_reuses.
INFO 13:42:40:144 CleaningManager: delete 0 spawns from a boss_spawn.
INFO 13:42:40:144 CleaningManager: delete 0 appearances from a character_appearances.
INFO 13:42:40:145 CleaningManager: delete 0 effects from a character_save_effects.
INFO 13:42:40:146 CleaningManager: delete 0 inventors from a character_inventors.
INFO 13:42:40:147 CleaningManager: delete 0 skills from a character_skills.
INFO 13:42:40:148 CleaningManager: delete 0 hotkeys from a character_hotkey.
INFO 13:42:40:149 CleaningManager: delete 0 chars from a character_friends.
INFO 13:42:40:150 CleaningManager: delete 0 friends from a character_friends.
INFO 13:42:40:151 CleaningManager: delete 0 settings from a character_settings.
INFO 13:42:40:153 CleaningManager: delete 0 empty items from a items.
INFO 13:42:40:153 CleaningManager: delete 0 no owner items from a items.
INFO 13:42:40:154 CleaningManager: delete 0 no owner guild items from a items.
INFO 13:42:40:184 CleaningManager: create buffer table items.
INFO 13:42:40:187 CleaningManager: copy 90 items to buffer_items.
INFO 13:42:40:188 CleaningManager: delete 0 no owner items from a buffer_items.
INFO 13:42:40:199 CleaningManager: drop buffer table items.
INFO 13:42:40:199 CleaningManager: delete 0 from a quests.
INFO 13:42:40:200 CleaningManager: delete 0 from a quest variables.
INFO 13:42:40:201 CleaningManager: delete 0 from a guild ranks.
INFO 13:42:40:243 ClientPacketType: client packets prepared.
INFO 13:42:40:255 EffectParser: initialized.
INFO 13:42:40:257 RandomManager: initialized.
INFO 13:42:40:258 IdFactory: prepare npc ids...
INFO 13:42:40:260 BitSetIdGenerator: 102912 id's available.
INFO 13:42:40:261 IdFactory: prepare objects ids...
INFO 13:42:40:261 BitSetIdGenerator: 102912 id's available.
INFO 13:42:40:262 IdFactory: prepare players ids...
INFO 13:42:40:265 BitSetIdGenerator: extracted 7 ids.
INFO 13:42:40:265 BitSetIdGenerator: 102912 id's available.
INFO 13:42:40:265 IdFactory: prepare guilds ids...
INFO 13:42:40:266 BitSetIdGenerator: extracted 0 ids.
INFO 13:42:40:266 BitSetIdGenerator: 102912 id's available.
INFO 13:42:40:267 IdFactory: prepare item ids...
INFO 13:42:40:269 BitSetIdGenerator: extracted 90 ids.
INFO 13:42:40:270 BitSetIdGenerator: 102912 id's available.
INFO 13:42:40:280 ServerVarManager: loaded 0 variables.
INFO 13:42:40:283 BossSpawnManager: loaded 0 boss spawns.
INFO 13:42:40:887 TerritoryTable: loaded 160 territories for 18803 regions.
INFO 13:42:42:281 WorldZoneTable: loaded 12 world zones for 31986 regions.
INFO 13:42:42:283 ConditionParser: initializable.
WARNING 13:42:42:771 SkillTable: detected once the file C:\Users\jorou\Downloads\TeraOnlineServer_Shock_1732\gameserver\.\data\skills\summon_skills\deprecated.zip
INFO 13:42:42:797 SkillTable: loaded 4613 skills for 19 classes.
INFO 13:42:43:183 ItemTable: loaded 10138 items.
INFO 13:42:43:196 Race: race appearances initializable.
INFO 13:42:43:206 PlayerTable: loaded 104 player templates.
WARNING 13:42:43:406 DropTable: not found items [50048]
INFO 13:42:43:407 DropTable: load drop for 407 npcs and 126 for resourse.
INFO 13:42:43:413 TownTable: initialized.
WARNING 13:42:43:436 NpcDialogTable: detected once the file C:\Users\jorou\Downloads\TeraOnlineServer_Shock_1732\gameserver\.\data\dialogs\dialogs.txt
INFO 13:42:43:464 NpcDialogTable: loaded 87 dialogs.
INFO 13:42:43:473 MessagePackageTable: loaded 34 message packages.
INFO 13:42:43:502 ConfigAITable: loaded 45 npc ai configs.
INFO 13:42:43:511 NpcAppearanceTable: initialized. Loaded 59 appearances.
WARNING 13:42:43:623 NpcTable: detected once the file C:\Users\jorou\Downloads\TeraOnlineServer_Shock_1732\gameserver\.\data\npcs\summons\playable_summons.zip
INFO 13:42:43:630 NpcTable: loaded  816 npcs.
INFO 13:42:43:639 ResourseTable: loaded  253 resourses.
INFO 13:42:43:648 MinionTable: loaded 303 minions for 42 npcs.
INFO 13:42:43:648 RegenTaskManager: initializable.
INFO 13:42:43:653 Formulas: initialized.
INFO 13:42:43:659 EffectTaskManager: initialized.
INFO 13:42:43:951 ObjectEventManager: initialized.
INFO 13:42:43:951 MoveTaskManager: initialized.
INFO 13:42:44:350 SpawnTable: loaded 19515 spawns for 617 npcs and 2013 spawns for 60 resourses.
INFO 13:42:44:403 GeoMap3D: start fast import geodata_1.dat
INFO 13:42:44:628 GeoMap3D: import ended. load 1867238 quards.
INFO 13:42:44:628 GeoMap3D: start fast import geodata_2.dat
INFO 13:42:44:682 GeoMap3D: import ended. load 440227 quards.
INFO 13:42:44:687 GeoMap3D: start fast import geodata_3.dat
INFO 13:42:44:735 GeoMap3D: import ended. load 58040 quards.
INFO 13:42:44:735 GeoManager: initialized.
INFO 13:42:44:746 ItemExecutorManager: loaded 0 executor items.
INFO 13:42:44:756 CommandManager: loaded 94 commands.
INFO 13:42:44:769 SkillLearnManager: loaded 950 skill learn's for 8 clases.
INFO 13:42:44:776 AnnounceManager: loaded 0 start announces and 0 running announces.
INFO 13:42:44:778 AccountManager: initialized.
INFO 13:42:44:781 GuildManager: loaded 0 guilds.
INFO 13:42:45:034 QuestManager: loaded 455 quests.
INFO 13:42:45:042 OnlineManager: initialized.
INFO 13:42:45:084 GameLogManager: initialized.
INFO 13:42:45:174 Region: next battle "Veritas District" in 2020.06.28 16:00.
INFO 13:42:45:177 Region: next battle "Ostgarath" in 2020.06.28 16:00.
INFO 13:42:45:180 Region: next battle "Val Palrada" in 2020.06.27 20:00.
INFO 13:42:45:183 Region: next battle "Val Aureum" in 2020.06.27 20:00.
INFO 13:42:45:183 EventManager: loaded 5 events.
INFO 13:42:45:320 EventManager: the nearest event in 53 minutes.
INFO 13:42:45:324 PlayerManager: initialized.
INFO 13:42:45:333 Network: started.
INFO 13:42:45:333 GameServer: started.
INFO 13:42:56:650 AccountManager: authed islanzadie
WARNING 13:47:03:422 CommandManager: NullPointerException : null : stack trace:
tera.gameserver.scripts.commands.WorldCommand.execution(WorldCommand.java:89)
tera.gameserver.manager.CommandManager.execute(CommandManager.java:74)
tera.gameserver.network.clientpackets.PlayerSay.runImpl(PlayerSay.java:84)
rlib.network.packets.AbstractReadeablePacket.run(AbstractReadeablePacket.java:175)
java.base/java.util.concurrent.ThreadPoolExecutor.runWorker(ThreadPoolExecutor.java:1128)
java.base/java.util.concurrent.ThreadPoolExecutor$Worker.run(ThreadPoolExecutor.java:628)
java.base/java.lang.Thread.run(Thread.java:830)

WARNING 13:47:07:417 CommandManager: NullPointerException : null : stack trace:
tera.gameserver.scripts.commands.WorldCommand.execution(WorldCommand.java:89)
tera.gameserver.manager.CommandManager.execute(CommandManager.java:74)
tera.gameserver.network.clientpackets.PlayerSay.runImpl(PlayerSay.java:84)
rlib.network.packets.AbstractReadeablePacket.run(AbstractReadeablePacket.java:175)
java.base/java.util.concurrent.ThreadPoolExecutor.runWorker(ThreadPoolExecutor.java:1128)
java.base/java.util.concurrent.ThreadPoolExecutor$Worker.run(ThreadPoolExecutor.java:628)
java.base/java.lang.Thread.run(Thread.java:830)

INFO 13:50:18:992 AccountManager: authed Joalin
INFO 13:50:27:195 AccountManager: close Joalin
INFO 13:50:31:388 AccountManager: authed Joalin
INFO 13:58:57:225 AccountManager: close islanzadie
INFO 14:17:47:836 AccountManager: authed islanzadie
INFO 14:37:00:559 AccountManager: close Joalin
