INFO 22:15:29:409 ServerControl: open server socket on 2101 port.
INFO 22:15:29:414 ExecutorManager: initialized.
INFO 22:15:29:817 CleaningManager: delete 1 reuses from a character_skill_reuses.
INFO 22:15:29:819 CleaningManager: delete 0 spawns from a boss_spawn.
INFO 22:15:29:820 CleaningManager: delete 0 appearances from a character_appearances.
INFO 22:15:29:820 CleaningManager: delete 0 effects from a character_save_effects.
INFO 22:15:29:821 CleaningManager: delete 0 inventors from a character_inventors.
INFO 22:15:29:822 CleaningManager: delete 0 skills from a character_skills.
INFO 22:15:29:822 CleaningManager: delete 0 hotkeys from a character_hotkey.
INFO 22:15:29:823 CleaningManager: delete 0 chars from a character_friends.
INFO 22:15:29:824 CleaningManager: delete 0 friends from a character_friends.
INFO 22:15:29:825 CleaningManager: delete 0 settings from a character_settings.
INFO 22:15:29:826 CleaningManager: delete 0 empty items from a items.
INFO 22:15:29:827 CleaningManager: delete 0 no owner items from a items.
INFO 22:15:29:828 CleaningManager: delete 0 no owner guild items from a items.
INFO 22:15:29:906 CleaningManager: create buffer table items.
INFO 22:15:29:908 CleaningManager: copy 230 items to buffer_items.
INFO 22:15:29:909 CleaningManager: delete 0 no owner items from a buffer_items.
INFO 22:15:29:921 CleaningManager: drop buffer table items.
INFO 22:15:29:922 CleaningManager: delete 0 from a quests.
INFO 22:15:29:922 CleaningManager: delete 0 from a quest variables.
INFO 22:15:29:923 CleaningManager: delete 0 from a guild ranks.
INFO 22:15:29:966 ClientPacketType: client packets prepared.
INFO 22:15:29:977 EffectParser: initialized.
INFO 22:15:29:980 RandomManager: initialized.
INFO 22:15:29:984 IdFactory: prepare npc ids...
INFO 22:15:29:987 BitSetIdGenerator: 102912 id's available.
INFO 22:15:29:987 IdFactory: prepare objects ids...
INFO 22:15:29:988 BitSetIdGenerator: 102912 id's available.
INFO 22:15:29:988 IdFactory: prepare players ids...
INFO 22:15:29:990 BitSetIdGenerator: extracted 12 ids.
INFO 22:15:29:991 BitSetIdGenerator: 102912 id's available.
INFO 22:15:29:991 IdFactory: prepare guilds ids...
INFO 22:15:29:992 BitSetIdGenerator: extracted 1 ids.
INFO 22:15:29:992 BitSetIdGenerator: 102912 id's available.
INFO 22:15:29:993 IdFactory: prepare item ids...
INFO 22:15:29:994 BitSetIdGenerator: extracted 230 ids.
INFO 22:15:29:995 BitSetIdGenerator: 102912 id's available.
INFO 22:15:30:005 ServerVarManager: loaded 0 variables.
INFO 22:15:30:008 BossSpawnManager: loaded 0 boss spawns.
INFO 22:15:30:645 TerritoryTable: loaded 160 territories for 18803 regions.
INFO 22:15:31:892 WorldZoneTable: loaded 12 world zones for 31986 regions.
INFO 22:15:31:905 ConditionParser: initializable.
WARNING 22:15:32:387 SkillTable: detected once the file C:\Users\jorou\Downloads\TeraOnlineServer_Shock_1732\gameserver\.\data\skills\summon_skills\deprecated.zip
INFO 22:15:32:409 SkillTable: loaded 4613 skills for 19 classes.
WARNING 22:15:32:414 ItemTable: detected once the file C:\Users\jorou\Downloads\TeraOnlineServer_Shock_1732\gameserver\.\data\items\adaptations.txt
INFO 22:15:32:832 ItemTable: loaded 10138 items.
INFO 22:15:32:851 Race: race appearances initializable.
INFO 22:15:32:856 PlayerTable: loaded 104 player templates.
WARNING 22:15:33:024 DropTable: not found items [50048]
INFO 22:15:33:025 DropTable: load drop for 407 npcs and 126 for resourse.
INFO 22:15:33:029 TownTable: initialized.
WARNING 22:15:33:052 NpcDialogTable: detected once the file C:\Users\jorou\Downloads\TeraOnlineServer_Shock_1732\gameserver\.\data\dialogs\dialogs.txt
INFO 22:15:33:083 NpcDialogTable: loaded 87 dialogs.
INFO 22:15:33:098 MessagePackageTable: loaded 34 message packages.
INFO 22:15:33:131 ConfigAITable: loaded 45 npc ai configs.
INFO 22:15:33:142 NpcAppearanceTable: initialized. Loaded 59 appearances.
WARNING 22:15:33:286 NpcTable: found duplicate npc template NpcTemplate npcId = 30002, exp = 0, attack = 300000, defense = 1000, owerAttack = 15000, owerDefense = 13000, level = 100, aggro = 100, factionRange = 5000, name = *Elleon*, title = Valkyon's Hero, factionId = Alliance of Argons, type = 300, isRaid = false, canDrop = false, drop = null, minions = null, dialog = null, geomRadius = 20.0, geomHeight = 60.0, npcType = PLAYER_KILLER in file .\data\npcs\south_arun\velika_outskirt.xml
WARNING 22:15:33:286 NpcTable: found duplicate npc template NpcTemplate npcId = 30004, exp = 0, attack = 40000, defense = 4000, owerAttack = 1500, owerDefense = 7000, level = 100, aggro = 100, factionRange = 5000, name = *Klaris*, title = Wise mage, factionId = Alliance of Argons, type = 300, isRaid = false, canDrop = false, drop = null, minions = null, dialog = null, geomRadius = 20.0, geomHeight = 60.0, npcType = PLAYER_KILLER in file .\data\npcs\south_arun\velika_outskirt.xml
WARNING 22:15:33:288 NpcTable: found duplicate npc template NpcTemplate npcId = 30005, exp = 0, attack = 91000, defense = 5000, owerAttack = 1500, owerDefense = 10000, level = 100, aggro = 100, factionRange = 5000, name = *Joff*, title = Open minded, factionId = Alliance of Argons, type = 300, isRaid = false, canDrop = false, drop = null, minions = null, dialog = null, geomRadius = 30.0, geomHeight = 70.0, npcType = PLAYER_KILLER in file .\data\npcs\south_arun\velika_outskirt.xml
WARNING 22:15:33:292 NpcTable: found duplicate npc template NpcTemplate npcId = 30007, exp = 0, attack = 300000, defense = 5000, owerAttack = 14500, owerDefense = 15000, level = 100, aggro = 100, factionRange = 5000, name = *KLei*, title = Testing, factionId = Alliance of Argons, type = 300, isRaid = false, canDrop = false, drop = null, minions = null, dialog = null, geomRadius = 25.0, geomHeight = 70.0, npcType = PLAYER_KILLER in file .\data\npcs\south_arun\velika_outskirt.xml
WARNING 22:15:33:294 NpcTable: found duplicate npc template NpcTemplate npcId = 30008, exp = 0, attack = 91000, defense = 11000, owerAttack = 1000, owerDefense = 20000, level = 100, aggro = 100, factionRange = 5000, name = *Arei*, title = HUrrrr durrrr, factionId = Alliance of Argons, type = 300, isRaid = false, canDrop = false, drop = null, minions = null, dialog = null, geomRadius = 30.0, geomHeight = 70.0, npcType = PLAYER_KILLER in file .\data\npcs\south_arun\velika_outskirt.xml
WARNING 22:15:33:295 NpcTable: found duplicate npc template NpcTemplate npcId = 30010, exp = 0, attack = 410000, defense = 4000, owerAttack = 1500, owerDefense = 7000, level = 100, aggro = 100, factionRange = 5000, name = *Lola*, title = Lover, factionId = Alliance of Argons, type = 300, isRaid = false, canDrop = false, drop = null, minions = null, dialog = null, geomRadius = 20.0, geomHeight = 60.0, npcType = PLAYER_KILLER in file .\data\npcs\south_arun\velika_outskirt.xml
WARNING 22:15:33:307 NpcTable: detected once the file C:\Users\jorou\Downloads\TeraOnlineServer_Shock_1732\gameserver\.\data\npcs\summons\playable_summons.zip
INFO 22:15:33:313 NpcTable: loaded  816 npcs.
INFO 22:15:33:324 ResourseTable: loaded  253 resourses.
INFO 22:15:33:339 MinionTable: loaded 303 minions for 42 npcs.
INFO 22:15:33:340 RegenTaskManager: initializable.
INFO 22:15:33:346 Formulas: initialized.
INFO 22:15:33:347 EffectTaskManager: initialized.
INFO 22:15:33:629 ObjectEventManager: initialized.
INFO 22:15:33:630 MoveTaskManager: initialized.
INFO 22:15:34:091 SpawnTable: loaded 19523 spawns for 622 npcs and 2013 spawns for 60 resourses.
INFO 22:15:34:135 GeoMap3D: start fast import geodata_1.dat
INFO 22:15:34:350 GeoMap3D: import ended. load 1867238 quards.
INFO 22:15:34:351 GeoMap3D: start fast import geodata_2.dat
INFO 22:15:34:407 GeoMap3D: import ended. load 440227 quards.
INFO 22:15:34:419 GeoMap3D: start fast import geodata_3.dat
INFO 22:15:34:443 GeoMap3D: import ended. load 58040 quards.
INFO 22:15:34:443 GeoManager: initialized.
INFO 22:15:34:448 ItemExecutorManager: loaded 0 executor items.
INFO 22:15:34:464 CommandManager: loaded 96 commands.
INFO 22:15:34:475 SkillLearnManager: loaded 950 skill learn's for 8 clases.
INFO 22:15:34:480 AnnounceManager: loaded 0 start announces and 0 running announces.
INFO 22:15:34:482 AccountManager: initialized.
INFO 22:15:34:497 GuildManager: loaded 1 guilds.
INFO 22:15:34:847 QuestManager: loaded 455 quests.
INFO 22:15:34:852 OnlineManager: initialized.
INFO 22:15:34:864 GameLogManager: initialized.
INFO 22:15:34:933 Region: next battle "Veritas District" in 2020.06.28 16:00.
INFO 22:15:34:938 Region: next battle "Ostgarath" in 2020.06.28 16:00.
INFO 22:15:34:941 Region: next battle "Val Palrada" in 2020.06.27 20:00.
INFO 22:15:34:943 Region: next battle "Val Aureum" in 2020.06.27 20:00.
INFO 22:15:34:944 EventManager: loaded 5 events.
INFO 22:15:35:069 EventManager: the nearest event in 41 minutes.
INFO 22:15:35:072 PlayerManager: initialized.
INFO 22:15:35:080 Network: started.
INFO 22:15:35:081 GameServer: started.
INFO 22:15:43:788 AccountManager: authed islanzadie
WARNING 22:31:10:407 DocumentSkill: incorrect file .\data\skills\player_skills\sork.xml, and skill id="67169464"
WARNING 22:31:10:424 DocumentSkill: NumberFormatException : For input string: "8000 50000" : stack trace:
java.base/java.lang.NumberFormatException.forInputString(NumberFormatException.java:68)
java.base/java.lang.Integer.parseInt(Integer.java:658)
java.base/java.lang.Integer.parseInt(Integer.java:776)
rlib.util.VarTable.getInteger(VarTable.java:748)
tera.gameserver.templates.SkillTemplate.<init>(SkillTemplate.java:232)
tera.gameserver.document.DocumentSkill.parseSkill(DocumentSkill.java:260)
tera.gameserver.document.DocumentSkill.parse(DocumentSkill.java:53)
rlib.data.AbstractDocument.parse(AbstractDocument.java:67)
tera.gameserver.tables.SkillTable.reload(SkillTable.java:340)
tera.gameserver.scripts.commands.SkillCommand.execution(SkillCommand.java:122)
tera.gameserver.manager.CommandManager.execute(CommandManager.java:74)
tera.gameserver.network.clientpackets.PlayerSay.runImpl(PlayerSay.java:84)
rlib.network.packets.AbstractReadeablePacket.run(AbstractReadeablePacket.java:175)
java.base/java.util.concurrent.ThreadPoolExecutor.runWorker(ThreadPoolExecutor.java:1128)
java.base/java.util.concurrent.ThreadPoolExecutor$Worker.run(ThreadPoolExecutor.java:628)
java.base/java.lang.Thread.run(Thread.java:830)

WARNING 22:31:10:454 SkillTable: detected once the file C:\Users\jorou\Downloads\TeraOnlineServer_Shock_1732\gameserver\.\data\skills\summon_skills\deprecated.zip
INFO 22:31:10:491 SkillTable: skills reloaded.
WARNING 22:31:36:579 DocumentSkill: incorrect file .\data\skills\player_skills\sork.xml, and skill id="67169464"
WARNING 22:31:36:581 DocumentSkill: NumberFormatException : For input string: "8000 5000" : stack trace:
java.base/java.lang.NumberFormatException.forInputString(NumberFormatException.java:68)
java.base/java.lang.Integer.parseInt(Integer.java:658)
java.base/java.lang.Integer.parseInt(Integer.java:776)
rlib.util.VarTable.getInteger(VarTable.java:748)
tera.gameserver.templates.SkillTemplate.<init>(SkillTemplate.java:232)
tera.gameserver.document.DocumentSkill.parseSkill(DocumentSkill.java:260)
tera.gameserver.document.DocumentSkill.parse(DocumentSkill.java:53)
rlib.data.AbstractDocument.parse(AbstractDocument.java:67)
tera.gameserver.tables.SkillTable.reload(SkillTable.java:340)
tera.gameserver.scripts.commands.SkillCommand.execution(SkillCommand.java:122)
tera.gameserver.manager.CommandManager.execute(CommandManager.java:74)
tera.gameserver.network.clientpackets.PlayerSay.runImpl(PlayerSay.java:84)
rlib.network.packets.AbstractReadeablePacket.run(AbstractReadeablePacket.java:175)
java.base/java.util.concurrent.ThreadPoolExecutor.runWorker(ThreadPoolExecutor.java:1128)
java.base/java.util.concurrent.ThreadPoolExecutor$Worker.run(ThreadPoolExecutor.java:628)
java.base/java.lang.Thread.run(Thread.java:830)

WARNING 22:31:36:611 SkillTable: detected once the file C:\Users\jorou\Downloads\TeraOnlineServer_Shock_1732\gameserver\.\data\skills\summon_skills\deprecated.zip
INFO 22:31:36:628 SkillTable: skills reloaded.
WARNING 22:32:08:845 DocumentSkill: incorrect file .\data\skills\player_skills\sork.xml, and skill id="67169464"
WARNING 22:32:08:846 DocumentSkill: NumberFormatException : For input string: "7200 5000" : stack trace:
java.base/java.lang.NumberFormatException.forInputString(NumberFormatException.java:68)
java.base/java.lang.Integer.parseInt(Integer.java:658)
java.base/java.lang.Integer.parseInt(Integer.java:776)
rlib.util.VarTable.getInteger(VarTable.java:748)
tera.gameserver.templates.SkillTemplate.<init>(SkillTemplate.java:232)
tera.gameserver.document.DocumentSkill.parseSkill(DocumentSkill.java:260)
tera.gameserver.document.DocumentSkill.parse(DocumentSkill.java:53)
rlib.data.AbstractDocument.parse(AbstractDocument.java:67)
tera.gameserver.tables.SkillTable.reload(SkillTable.java:340)
tera.gameserver.scripts.commands.SkillCommand.execution(SkillCommand.java:122)
tera.gameserver.manager.CommandManager.execute(CommandManager.java:74)
tera.gameserver.network.clientpackets.PlayerSay.runImpl(PlayerSay.java:84)
rlib.network.packets.AbstractReadeablePacket.run(AbstractReadeablePacket.java:175)
java.base/java.util.concurrent.ThreadPoolExecutor.runWorker(ThreadPoolExecutor.java:1128)
java.base/java.util.concurrent.ThreadPoolExecutor$Worker.run(ThreadPoolExecutor.java:628)
java.base/java.lang.Thread.run(Thread.java:830)

WARNING 22:32:08:886 SkillTable: detected once the file C:\Users\jorou\Downloads\TeraOnlineServer_Shock_1732\gameserver\.\data\skills\summon_skills\deprecated.zip
INFO 22:32:08:907 SkillTable: skills reloaded.
WARNING 22:32:12:309 DocumentSkill: incorrect file .\data\skills\player_skills\sork.xml, and skill id="67169464"
WARNING 22:32:12:310 DocumentSkill: NumberFormatException : For input string: "7200 5000" : stack trace:
java.base/java.lang.NumberFormatException.forInputString(NumberFormatException.java:68)
java.base/java.lang.Integer.parseInt(Integer.java:658)
java.base/java.lang.Integer.parseInt(Integer.java:776)
rlib.util.VarTable.getInteger(VarTable.java:748)
tera.gameserver.templates.SkillTemplate.<init>(SkillTemplate.java:232)
tera.gameserver.document.DocumentSkill.parseSkill(DocumentSkill.java:260)
tera.gameserver.document.DocumentSkill.parse(DocumentSkill.java:53)
rlib.data.AbstractDocument.parse(AbstractDocument.java:67)
tera.gameserver.tables.SkillTable.reload(SkillTable.java:340)
tera.gameserver.scripts.commands.SkillCommand.execution(SkillCommand.java:122)
tera.gameserver.manager.CommandManager.execute(CommandManager.java:74)
tera.gameserver.network.clientpackets.PlayerSay.runImpl(PlayerSay.java:84)
rlib.network.packets.AbstractReadeablePacket.run(AbstractReadeablePacket.java:175)
java.base/java.util.concurrent.ThreadPoolExecutor.runWorker(ThreadPoolExecutor.java:1128)
java.base/java.util.concurrent.ThreadPoolExecutor$Worker.run(ThreadPoolExecutor.java:628)
java.base/java.lang.Thread.run(Thread.java:830)

WARNING 22:32:12:334 SkillTable: detected once the file C:\Users\jorou\Downloads\TeraOnlineServer_Shock_1732\gameserver\.\data\skills\summon_skills\deprecated.zip
INFO 22:32:12:345 SkillTable: skills reloaded.
WARNING 22:33:24:257 DocumentSkill: incorrect file .\data\skills\player_skills\sork.xml, and skill id="67169464"
WARNING 22:33:24:259 DocumentSkill: NumberFormatException : For input string: "6500 6500" : stack trace:
java.base/java.lang.NumberFormatException.forInputString(NumberFormatException.java:68)
java.base/java.lang.Integer.parseInt(Integer.java:658)
java.base/java.lang.Integer.parseInt(Integer.java:776)
rlib.util.VarTable.getInteger(VarTable.java:748)
tera.gameserver.templates.SkillTemplate.<init>(SkillTemplate.java:236)
tera.gameserver.document.DocumentSkill.parseSkill(DocumentSkill.java:260)
tera.gameserver.document.DocumentSkill.parse(DocumentSkill.java:53)
rlib.data.AbstractDocument.parse(AbstractDocument.java:67)
tera.gameserver.tables.SkillTable.reload(SkillTable.java:340)
tera.gameserver.scripts.commands.SkillCommand.execution(SkillCommand.java:122)
tera.gameserver.manager.CommandManager.execute(CommandManager.java:74)
tera.gameserver.network.clientpackets.PlayerSay.runImpl(PlayerSay.java:84)
rlib.network.packets.AbstractReadeablePacket.run(AbstractReadeablePacket.java:175)
java.base/java.util.concurrent.ThreadPoolExecutor.runWorker(ThreadPoolExecutor.java:1128)
java.base/java.util.concurrent.ThreadPoolExecutor$Worker.run(ThreadPoolExecutor.java:628)
java.base/java.lang.Thread.run(Thread.java:830)

WARNING 22:33:24:282 SkillTable: detected once the file C:\Users\jorou\Downloads\TeraOnlineServer_Shock_1732\gameserver\.\data\skills\summon_skills\deprecated.zip
INFO 22:33:24:297 SkillTable: skills reloaded.
WARNING 22:33:59:152 SkillTable: detected once the file C:\Users\jorou\Downloads\TeraOnlineServer_Shock_1732\gameserver\.\data\skills\summon_skills\deprecated.zip
INFO 22:33:59:168 SkillTable: skills reloaded.
INFO 22:34:10:164 AccountManager: close islanzadie
INFO 22:35:25:861 AccountManager: authed islanzadie
WARNING 22:36:38:675 SkillTable: detected once the file C:\Users\jorou\Downloads\TeraOnlineServer_Shock_1732\gameserver\.\data\skills\summon_skills\deprecated.zip
INFO 22:36:38:687 SkillTable: skills reloaded.
INFO 22:36:50:756 AccountManager: close islanzadie
INFO 22:38:16:585 AccountManager: authed islanzadie
INFO 22:38:43:235 AccountManager: close islanzadie
INFO 22:41:16:127 AccountManager: authed Islanzadie
INFO 22:41:46:954 AccountManager: close Islanzadie
INFO 22:54:05:828 AccountManager: authed islanzadie
INFO 22:57:16:425 AccountManager: authed tsuka
WARNING 23:01:03:858 SkillTable: detected once the file C:\Users\jorou\Downloads\TeraOnlineServer_Shock_1732\gameserver\.\data\skills\summon_skills\deprecated.zip
INFO 23:01:03:908 SkillTable: skills reloaded.
WARNING 23:01:36:666 SkillTable: detected once the file C:\Users\jorou\Downloads\TeraOnlineServer_Shock_1732\gameserver\.\data\skills\summon_skills\deprecated.zip
INFO 23:01:36:738 SkillTable: skills reloaded.
WARNING 23:07:24:705 SkillTable: detected once the file C:\Users\jorou\Downloads\TeraOnlineServer_Shock_1732\gameserver\.\data\skills\summon_skills\deprecated.zip
INFO 23:07:24:776 SkillTable: skills reloaded.
WARNING 23:07:38:627 SkillTable: detected once the file C:\Users\jorou\Downloads\TeraOnlineServer_Shock_1732\gameserver\.\data\skills\summon_skills\deprecated.zip
INFO 23:07:38:648 SkillTable: skills reloaded.
WARNING 23:08:01:211 SkillTable: detected once the file C:\Users\jorou\Downloads\TeraOnlineServer_Shock_1732\gameserver\.\data\skills\summon_skills\deprecated.zip
INFO 23:08:01:242 SkillTable: skills reloaded.
WARNING 23:08:13:190 SkillTable: detected once the file C:\Users\jorou\Downloads\TeraOnlineServer_Shock_1732\gameserver\.\data\skills\summon_skills\deprecated.zip
INFO 23:08:13:223 SkillTable: skills reloaded.
WARNING 23:08:23:468 SkillTable: detected once the file C:\Users\jorou\Downloads\TeraOnlineServer_Shock_1732\gameserver\.\data\skills\summon_skills\deprecated.zip
INFO 23:08:23:503 SkillTable: skills reloaded.
WARNING 23:08:35:064 SkillTable: detected once the file C:\Users\jorou\Downloads\TeraOnlineServer_Shock_1732\gameserver\.\data\skills\summon_skills\deprecated.zip
INFO 23:08:35:104 SkillTable: skills reloaded.
WARNING 23:08:47:663 SkillTable: detected once the file C:\Users\jorou\Downloads\TeraOnlineServer_Shock_1732\gameserver\.\data\skills\summon_skills\deprecated.zip
INFO 23:08:47:679 SkillTable: skills reloaded.
WARNING 23:08:58:454 SkillTable: detected once the file C:\Users\jorou\Downloads\TeraOnlineServer_Shock_1732\gameserver\.\data\skills\summon_skills\deprecated.zip
INFO 23:08:58:489 SkillTable: skills reloaded.
WARNING 23:08:58:783 RequestUseShortSkill: IllegalArgumentException : null : stack trace:
java.base/java.util.concurrent.ScheduledThreadPoolExecutor.scheduleAtFixedRate(ScheduledThreadPoolExecutor.java:623)
tera.gameserver.manager.ExecutorManager.scheduleSkillMoveAtFixedRate(ExecutorManager.java:361)
tera.gameserver.tasks.SkillMoveTask.nextTask(SkillMoveTask.java:358)
tera.gameserver.model.Character.doCast(Character.java:1399)
tera.gameserver.model.Character.doCast(Character.java:1285)
tera.gameserver.model.playable.Player.doCast(Player.java:774)
tera.gameserver.model.ai.PlayerAI.startCast(PlayerAI.java:131)
tera.gameserver.network.clientpackets.RequestUseShortSkill.runImpl(RequestUseShortSkill.java:203)
rlib.network.packets.AbstractReadeablePacket.run(AbstractReadeablePacket.java:175)
java.base/java.util.concurrent.ThreadPoolExecutor.runWorker(ThreadPoolExecutor.java:1128)
java.base/java.util.concurrent.ThreadPoolExecutor$Worker.run(ThreadPoolExecutor.java:628)
java.base/java.lang.Thread.run(Thread.java:830)

WARNING 23:09:09:326 SkillTable: detected once the file C:\Users\jorou\Downloads\TeraOnlineServer_Shock_1732\gameserver\.\data\skills\summon_skills\deprecated.zip
INFO 23:09:09:369 SkillTable: skills reloaded.
WARNING 23:09:21:386 SkillTable: detected once the file C:\Users\jorou\Downloads\TeraOnlineServer_Shock_1732\gameserver\.\data\skills\summon_skills\deprecated.zip
INFO 23:09:21:428 SkillTable: skills reloaded.
WARNING 23:09:37:716 SkillTable: detected once the file C:\Users\jorou\Downloads\TeraOnlineServer_Shock_1732\gameserver\.\data\skills\summon_skills\deprecated.zip
INFO 23:09:37:745 SkillTable: skills reloaded.
WARNING 23:09:53:139 SkillTable: detected once the file C:\Users\jorou\Downloads\TeraOnlineServer_Shock_1732\gameserver\.\data\skills\summon_skills\deprecated.zip
INFO 23:09:53:175 SkillTable: skills reloaded.
WARNING 23:10:03:892 SkillTable: detected once the file C:\Users\jorou\Downloads\TeraOnlineServer_Shock_1732\gameserver\.\data\skills\summon_skills\deprecated.zip
INFO 23:10:03:913 SkillTable: skills reloaded.
WARNING 23:10:30:478 SkillTable: detected once the file C:\Users\jorou\Downloads\TeraOnlineServer_Shock_1732\gameserver\.\data\skills\summon_skills\deprecated.zip
INFO 23:10:30:498 SkillTable: skills reloaded.
WARNING 23:10:54:458 SkillTable: detected once the file C:\Users\jorou\Downloads\TeraOnlineServer_Shock_1732\gameserver\.\data\skills\summon_skills\deprecated.zip
INFO 23:10:54:489 SkillTable: skills reloaded.
WARNING 23:11:04:331 SkillTable: detected once the file C:\Users\jorou\Downloads\TeraOnlineServer_Shock_1732\gameserver\.\data\skills\summon_skills\deprecated.zip
INFO 23:11:04:381 SkillTable: skills reloaded.
WARNING 23:11:11:247 SkillTable: detected once the file C:\Users\jorou\Downloads\TeraOnlineServer_Shock_1732\gameserver\.\data\skills\summon_skills\deprecated.zip
INFO 23:11:11:301 SkillTable: skills reloaded.
WARNING 23:11:27:538 SkillTable: detected once the file C:\Users\jorou\Downloads\TeraOnlineServer_Shock_1732\gameserver\.\data\skills\summon_skills\deprecated.zip
INFO 23:11:27:600 SkillTable: skills reloaded.
WARNING 23:11:37:862 SkillTable: detected once the file C:\Users\jorou\Downloads\TeraOnlineServer_Shock_1732\gameserver\.\data\skills\summon_skills\deprecated.zip
INFO 23:11:37:881 SkillTable: skills reloaded.
WARNING 23:12:37:949 SkillTable: detected once the file C:\Users\jorou\Downloads\TeraOnlineServer_Shock_1732\gameserver\.\data\skills\summon_skills\deprecated.zip
INFO 23:12:37:986 SkillTable: skills reloaded.
WARNING 23:13:02:477 SkillTable: detected once the file C:\Users\jorou\Downloads\TeraOnlineServer_Shock_1732\gameserver\.\data\skills\summon_skills\deprecated.zip
INFO 23:13:02:508 SkillTable: skills reloaded.
WARNING 23:13:48:779 SkillTable: detected once the file C:\Users\jorou\Downloads\TeraOnlineServer_Shock_1732\gameserver\.\data\skills\summon_skills\deprecated.zip
INFO 23:13:48:813 SkillTable: skills reloaded.
WARNING 23:13:52:474 SkillTable: detected once the file C:\Users\jorou\Downloads\TeraOnlineServer_Shock_1732\gameserver\.\data\skills\summon_skills\deprecated.zip
INFO 23:13:52:505 SkillTable: skills reloaded.
WARNING 23:14:36:727 SkillTable: detected once the file C:\Users\jorou\Downloads\TeraOnlineServer_Shock_1732\gameserver\.\data\skills\summon_skills\deprecated.zip
INFO 23:14:36:745 SkillTable: skills reloaded.
WARNING 23:16:47:938 SkillTable: detected once the file C:\Users\jorou\Downloads\TeraOnlineServer_Shock_1732\gameserver\.\data\skills\summon_skills\deprecated.zip
INFO 23:16:47:982 SkillTable: skills reloaded.
WARNING 23:17:17:098 SkillTable: detected once the file C:\Users\jorou\Downloads\TeraOnlineServer_Shock_1732\gameserver\.\data\skills\summon_skills\deprecated.zip
INFO 23:17:17:147 SkillTable: skills reloaded.
WARNING 23:18:28:042 SkillTable: detected once the file C:\Users\jorou\Downloads\TeraOnlineServer_Shock_1732\gameserver\.\data\skills\summon_skills\deprecated.zip
INFO 23:18:28:116 SkillTable: skills reloaded.
WARNING 23:19:16:330 SkillTable: detected once the file C:\Users\jorou\Downloads\TeraOnlineServer_Shock_1732\gameserver\.\data\skills\summon_skills\deprecated.zip
INFO 23:19:16:382 SkillTable: skills reloaded.
WARNING 23:19:32:336 SkillTable: detected once the file C:\Users\jorou\Downloads\TeraOnlineServer_Shock_1732\gameserver\.\data\skills\summon_skills\deprecated.zip
INFO 23:19:32:391 SkillTable: skills reloaded.
WARNING 23:19:48:536 SkillTable: detected once the file C:\Users\jorou\Downloads\TeraOnlineServer_Shock_1732\gameserver\.\data\skills\summon_skills\deprecated.zip
INFO 23:19:48:556 SkillTable: skills reloaded.
WARNING 23:20:13:031 SkillTable: detected once the file C:\Users\jorou\Downloads\TeraOnlineServer_Shock_1732\gameserver\.\data\skills\summon_skills\deprecated.zip
INFO 23:20:13:067 SkillTable: skills reloaded.
WARNING 23:20:46:028 SkillTable: detected once the file C:\Users\jorou\Downloads\TeraOnlineServer_Shock_1732\gameserver\.\data\skills\summon_skills\deprecated.zip
INFO 23:20:46:076 SkillTable: skills reloaded.
WARNING 23:21:06:456 SkillTable: detected once the file C:\Users\jorou\Downloads\TeraOnlineServer_Shock_1732\gameserver\.\data\skills\summon_skills\deprecated.zip
INFO 23:21:06:484 SkillTable: skills reloaded.
WARNING 23:23:07:434 SkillTable: detected once the file C:\Users\jorou\Downloads\TeraOnlineServer_Shock_1732\gameserver\.\data\skills\summon_skills\deprecated.zip
INFO 23:23:07:477 SkillTable: skills reloaded.
WARNING 23:24:15:761 SkillTable: detected once the file C:\Users\jorou\Downloads\TeraOnlineServer_Shock_1732\gameserver\.\data\skills\summon_skills\deprecated.zip
INFO 23:24:15:807 SkillTable: skills reloaded.
WARNING 23:26:09:556 SkillTable: detected once the file C:\Users\jorou\Downloads\TeraOnlineServer_Shock_1732\gameserver\.\data\skills\summon_skills\deprecated.zip
INFO 23:26:09:580 SkillTable: skills reloaded.
WARNING 23:26:44:317 SkillTable: detected once the file C:\Users\jorou\Downloads\TeraOnlineServer_Shock_1732\gameserver\.\data\skills\summon_skills\deprecated.zip
INFO 23:26:44:344 SkillTable: skills reloaded.
WARNING 23:26:45:027 RequestUseShortSkill: IllegalArgumentException : null : stack trace:
java.base/java.util.concurrent.ScheduledThreadPoolExecutor.scheduleAtFixedRate(ScheduledThreadPoolExecutor.java:623)
tera.gameserver.manager.ExecutorManager.scheduleSkillMoveAtFixedRate(ExecutorManager.java:361)
tera.gameserver.tasks.SkillMoveTask.nextTask(SkillMoveTask.java:358)
tera.gameserver.model.Character.doCast(Character.java:1399)
tera.gameserver.model.Character.doCast(Character.java:1285)
tera.gameserver.model.playable.Player.doCast(Player.java:774)
tera.gameserver.model.ai.PlayerAI.startCast(PlayerAI.java:131)
tera.gameserver.network.clientpackets.RequestUseShortSkill.runImpl(RequestUseShortSkill.java:203)
rlib.network.packets.AbstractReadeablePacket.run(AbstractReadeablePacket.java:175)
java.base/java.util.concurrent.ThreadPoolExecutor.runWorker(ThreadPoolExecutor.java:1128)
java.base/java.util.concurrent.ThreadPoolExecutor$Worker.run(ThreadPoolExecutor.java:628)
java.base/java.lang.Thread.run(Thread.java:830)

WARNING 23:26:49:912 RequestUseShortSkill: IllegalArgumentException : null : stack trace:
java.base/java.util.concurrent.ScheduledThreadPoolExecutor.scheduleAtFixedRate(ScheduledThreadPoolExecutor.java:623)
tera.gameserver.manager.ExecutorManager.scheduleSkillMoveAtFixedRate(ExecutorManager.java:361)
tera.gameserver.tasks.SkillMoveTask.nextTask(SkillMoveTask.java:358)
tera.gameserver.model.Character.doCast(Character.java:1399)
tera.gameserver.model.Character.doCast(Character.java:1285)
tera.gameserver.model.playable.Player.doCast(Player.java:774)
tera.gameserver.model.ai.PlayerAI.startCast(PlayerAI.java:131)
tera.gameserver.network.clientpackets.RequestUseShortSkill.runImpl(RequestUseShortSkill.java:203)
rlib.network.packets.AbstractReadeablePacket.run(AbstractReadeablePacket.java:175)
java.base/java.util.concurrent.ThreadPoolExecutor.runWorker(ThreadPoolExecutor.java:1128)
java.base/java.util.concurrent.ThreadPoolExecutor$Worker.run(ThreadPoolExecutor.java:628)
java.base/java.lang.Thread.run(Thread.java:830)

WARNING 23:26:54:165 RequestUseShortSkill: IllegalArgumentException : null : stack trace:
java.base/java.util.concurrent.ScheduledThreadPoolExecutor.scheduleAtFixedRate(ScheduledThreadPoolExecutor.java:623)
tera.gameserver.manager.ExecutorManager.scheduleSkillMoveAtFixedRate(ExecutorManager.java:361)
tera.gameserver.tasks.SkillMoveTask.nextTask(SkillMoveTask.java:358)
tera.gameserver.model.Character.doCast(Character.java:1399)
tera.gameserver.model.Character.doCast(Character.java:1285)
tera.gameserver.model.playable.Player.doCast(Player.java:774)
tera.gameserver.model.ai.PlayerAI.startCast(PlayerAI.java:131)
tera.gameserver.network.clientpackets.RequestUseShortSkill.runImpl(RequestUseShortSkill.java:203)
rlib.network.packets.AbstractReadeablePacket.run(AbstractReadeablePacket.java:175)
java.base/java.util.concurrent.ThreadPoolExecutor.runWorker(ThreadPoolExecutor.java:1128)
java.base/java.util.concurrent.ThreadPoolExecutor$Worker.run(ThreadPoolExecutor.java:628)
java.base/java.lang.Thread.run(Thread.java:830)

WARNING 23:27:01:739 RequestUseShortSkill: IllegalArgumentException : null : stack trace:
java.base/java.util.concurrent.ScheduledThreadPoolExecutor.scheduleAtFixedRate(ScheduledThreadPoolExecutor.java:623)
tera.gameserver.manager.ExecutorManager.scheduleSkillMoveAtFixedRate(ExecutorManager.java:361)
tera.gameserver.tasks.SkillMoveTask.nextTask(SkillMoveTask.java:358)
tera.gameserver.model.Character.doCast(Character.java:1399)
tera.gameserver.model.Character.doCast(Character.java:1285)
tera.gameserver.model.playable.Player.doCast(Player.java:774)
tera.gameserver.model.ai.PlayerAI.startCast(PlayerAI.java:131)
tera.gameserver.network.clientpackets.RequestUseShortSkill.runImpl(RequestUseShortSkill.java:203)
rlib.network.packets.AbstractReadeablePacket.run(AbstractReadeablePacket.java:175)
java.base/java.util.concurrent.ThreadPoolExecutor.runWorker(ThreadPoolExecutor.java:1128)
java.base/java.util.concurrent.ThreadPoolExecutor$Worker.run(ThreadPoolExecutor.java:628)
java.base/java.lang.Thread.run(Thread.java:830)

WARNING 23:27:03:667 RequestUseShortSkill: IllegalArgumentException : null : stack trace:
java.base/java.util.concurrent.ScheduledThreadPoolExecutor.scheduleAtFixedRate(ScheduledThreadPoolExecutor.java:623)
tera.gameserver.manager.ExecutorManager.scheduleSkillMoveAtFixedRate(ExecutorManager.java:361)
tera.gameserver.tasks.SkillMoveTask.nextTask(SkillMoveTask.java:358)
tera.gameserver.model.Character.doCast(Character.java:1399)
tera.gameserver.model.Character.doCast(Character.java:1285)
tera.gameserver.model.playable.Player.doCast(Player.java:774)
tera.gameserver.model.ai.PlayerAI.startCast(PlayerAI.java:131)
tera.gameserver.network.clientpackets.RequestUseShortSkill.runImpl(RequestUseShortSkill.java:203)
rlib.network.packets.AbstractReadeablePacket.run(AbstractReadeablePacket.java:175)
java.base/java.util.concurrent.ThreadPoolExecutor.runWorker(ThreadPoolExecutor.java:1128)
java.base/java.util.concurrent.ThreadPoolExecutor$Worker.run(ThreadPoolExecutor.java:628)
java.base/java.lang.Thread.run(Thread.java:830)

WARNING 23:27:06:577 RequestUseShortSkill: IllegalArgumentException : null : stack trace:
java.base/java.util.concurrent.ScheduledThreadPoolExecutor.scheduleAtFixedRate(ScheduledThreadPoolExecutor.java:623)
tera.gameserver.manager.ExecutorManager.scheduleSkillMoveAtFixedRate(ExecutorManager.java:361)
tera.gameserver.tasks.SkillMoveTask.nextTask(SkillMoveTask.java:358)
tera.gameserver.model.Character.doCast(Character.java:1399)
tera.gameserver.model.Character.doCast(Character.java:1285)
tera.gameserver.model.playable.Player.doCast(Player.java:774)
tera.gameserver.model.ai.PlayerAI.startCast(PlayerAI.java:131)
tera.gameserver.network.clientpackets.RequestUseShortSkill.runImpl(RequestUseShortSkill.java:203)
rlib.network.packets.AbstractReadeablePacket.run(AbstractReadeablePacket.java:175)
java.base/java.util.concurrent.ThreadPoolExecutor.runWorker(ThreadPoolExecutor.java:1128)
java.base/java.util.concurrent.ThreadPoolExecutor$Worker.run(ThreadPoolExecutor.java:628)
java.base/java.lang.Thread.run(Thread.java:830)

WARNING 23:27:07:172 RequestUseShortSkill: IllegalArgumentException : null : stack trace:
java.base/java.util.concurrent.ScheduledThreadPoolExecutor.scheduleAtFixedRate(ScheduledThreadPoolExecutor.java:623)
tera.gameserver.manager.ExecutorManager.scheduleSkillMoveAtFixedRate(ExecutorManager.java:361)
tera.gameserver.tasks.SkillMoveTask.nextTask(SkillMoveTask.java:358)
tera.gameserver.model.Character.doCast(Character.java:1399)
tera.gameserver.model.Character.doCast(Character.java:1285)
tera.gameserver.model.playable.Player.doCast(Player.java:774)
tera.gameserver.model.ai.PlayerAI.startCast(PlayerAI.java:131)
tera.gameserver.network.clientpackets.RequestUseShortSkill.runImpl(RequestUseShortSkill.java:203)
rlib.network.packets.AbstractReadeablePacket.run(AbstractReadeablePacket.java:175)
java.base/java.util.concurrent.ThreadPoolExecutor.runWorker(ThreadPoolExecutor.java:1128)
java.base/java.util.concurrent.ThreadPoolExecutor$Worker.run(ThreadPoolExecutor.java:628)
java.base/java.lang.Thread.run(Thread.java:830)

WARNING 23:27:28:811 SkillTable: detected once the file C:\Users\jorou\Downloads\TeraOnlineServer_Shock_1732\gameserver\.\data\skills\summon_skills\deprecated.zip
INFO 23:27:28:831 SkillTable: skills reloaded.
WARNING 23:27:31:825 RequestUseShortSkill: IllegalArgumentException : null : stack trace:
java.base/java.util.concurrent.ScheduledThreadPoolExecutor.scheduleAtFixedRate(ScheduledThreadPoolExecutor.java:623)
tera.gameserver.manager.ExecutorManager.scheduleSkillMoveAtFixedRate(ExecutorManager.java:361)
tera.gameserver.tasks.SkillMoveTask.nextTask(SkillMoveTask.java:358)
tera.gameserver.model.Character.doCast(Character.java:1399)
tera.gameserver.model.Character.doCast(Character.java:1285)
tera.gameserver.model.playable.Player.doCast(Player.java:774)
tera.gameserver.model.ai.PlayerAI.startCast(PlayerAI.java:131)
tera.gameserver.network.clientpackets.RequestUseShortSkill.runImpl(RequestUseShortSkill.java:203)
rlib.network.packets.AbstractReadeablePacket.run(AbstractReadeablePacket.java:175)
java.base/java.util.concurrent.ThreadPoolExecutor.runWorker(ThreadPoolExecutor.java:1128)
java.base/java.util.concurrent.ThreadPoolExecutor$Worker.run(ThreadPoolExecutor.java:628)
java.base/java.lang.Thread.run(Thread.java:830)

WARNING 23:27:55:277 SkillTable: detected once the file C:\Users\jorou\Downloads\TeraOnlineServer_Shock_1732\gameserver\.\data\skills\summon_skills\deprecated.zip
INFO 23:27:55:309 SkillTable: skills reloaded.
WARNING 23:28:19:917 SkillTable: detected once the file C:\Users\jorou\Downloads\TeraOnlineServer_Shock_1732\gameserver\.\data\skills\summon_skills\deprecated.zip
INFO 23:28:23:161 SkillTable: skills reloaded.
WARNING 23:34:17:196 SkillTable: detected once the file C:\Users\jorou\Downloads\TeraOnlineServer_Shock_1732\gameserver\.\data\skills\summon_skills\deprecated.zip
INFO 23:34:17:248 SkillTable: skills reloaded.
WARNING 23:34:40:381 SkillTable: detected once the file C:\Users\jorou\Downloads\TeraOnlineServer_Shock_1732\gameserver\.\data\skills\summon_skills\deprecated.zip
INFO 23:34:40:404 SkillTable: skills reloaded.
WARNING 23:35:57:021 SkillTable: detected once the file C:\Users\jorou\Downloads\TeraOnlineServer_Shock_1732\gameserver\.\data\skills\summon_skills\deprecated.zip
INFO 23:35:57:065 SkillTable: skills reloaded.
WARNING 23:36:15:194 SkillTable: detected once the file C:\Users\jorou\Downloads\TeraOnlineServer_Shock_1732\gameserver\.\data\skills\summon_skills\deprecated.zip
INFO 23:36:15:208 SkillTable: skills reloaded.
WARNING 23:36:49:043 SkillTable: detected once the file C:\Users\jorou\Downloads\TeraOnlineServer_Shock_1732\gameserver\.\data\skills\summon_skills\deprecated.zip
INFO 23:36:49:064 SkillTable: skills reloaded.
WARNING 23:38:20:269 SkillTable: detected once the file C:\Users\jorou\Downloads\TeraOnlineServer_Shock_1732\gameserver\.\data\skills\summon_skills\deprecated.zip
INFO 23:38:20:296 SkillTable: skills reloaded.
WARNING 23:38:31:306 SkillTable: detected once the file C:\Users\jorou\Downloads\TeraOnlineServer_Shock_1732\gameserver\.\data\skills\summon_skills\deprecated.zip
INFO 23:38:31:335 SkillTable: skills reloaded.
WARNING 23:39:20:265 SkillTable: detected once the file C:\Users\jorou\Downloads\TeraOnlineServer_Shock_1732\gameserver\.\data\skills\summon_skills\deprecated.zip
INFO 23:39:20:295 SkillTable: skills reloaded.
WARNING 23:40:42:119 SkillTable: detected once the file C:\Users\jorou\Downloads\TeraOnlineServer_Shock_1732\gameserver\.\data\skills\summon_skills\deprecated.zip
INFO 23:40:42:155 SkillTable: skills reloaded.
WARNING 23:45:34:393 DocumentSkill: incorrect file .\data\skills\player_skills\sork.xml, and skill id="67149664"
WARNING 23:45:34:395 DocumentSkill: NoSuchElementException : Unknown name '' for enum Stats : stack trace:
tera.gameserver.model.skillengine.StatType.valueOfXml(StatType.java:127)
tera.gameserver.parser.StatFuncParser.parseFunc(StatFuncParser.java:99)
tera.gameserver.parser.FuncParser.parse(FuncParser.java:204)
tera.gameserver.parser.EffectParser.paraseEffects(EffectParser.java:84)
tera.gameserver.document.DocumentSkill.parseSkill(DocumentSkill.java:239)
tera.gameserver.document.DocumentSkill.parse(DocumentSkill.java:53)
rlib.data.AbstractDocument.parse(AbstractDocument.java:67)
tera.gameserver.tables.SkillTable.reload(SkillTable.java:340)
tera.gameserver.scripts.commands.SkillCommand.execution(SkillCommand.java:122)
tera.gameserver.manager.CommandManager.execute(CommandManager.java:74)
tera.gameserver.network.clientpackets.PlayerSay.runImpl(PlayerSay.java:84)
rlib.network.packets.AbstractReadeablePacket.run(AbstractReadeablePacket.java:175)
java.base/java.util.concurrent.ThreadPoolExecutor.runWorker(ThreadPoolExecutor.java:1128)
java.base/java.util.concurrent.ThreadPoolExecutor$Worker.run(ThreadPoolExecutor.java:628)
java.base/java.lang.Thread.run(Thread.java:830)

WARNING 23:45:34:420 SkillTable: detected once the file C:\Users\jorou\Downloads\TeraOnlineServer_Shock_1732\gameserver\.\data\skills\summon_skills\deprecated.zip
INFO 23:45:34:441 SkillTable: skills reloaded.
WARNING 23:46:02:741 DocumentSkill: incorrect file .\data\skills\player_skills\sork.xml, and skill id="67149664"
WARNING 23:46:02:742 DocumentSkill: NoSuchElementException : Unknown name '' for enum Stats : stack trace:
tera.gameserver.model.skillengine.StatType.valueOfXml(StatType.java:127)
tera.gameserver.parser.StatFuncParser.parseFunc(StatFuncParser.java:99)
tera.gameserver.parser.FuncParser.parse(FuncParser.java:204)
tera.gameserver.parser.EffectParser.paraseEffects(EffectParser.java:84)
tera.gameserver.document.DocumentSkill.parseSkill(DocumentSkill.java:239)
tera.gameserver.document.DocumentSkill.parse(DocumentSkill.java:53)
rlib.data.AbstractDocument.parse(AbstractDocument.java:67)
tera.gameserver.tables.SkillTable.reload(SkillTable.java:340)
tera.gameserver.scripts.commands.SkillCommand.execution(SkillCommand.java:122)
tera.gameserver.manager.CommandManager.execute(CommandManager.java:74)
tera.gameserver.network.clientpackets.PlayerSay.runImpl(PlayerSay.java:84)
rlib.network.packets.AbstractReadeablePacket.run(AbstractReadeablePacket.java:175)
java.base/java.util.concurrent.ThreadPoolExecutor.runWorker(ThreadPoolExecutor.java:1128)
java.base/java.util.concurrent.ThreadPoolExecutor$Worker.run(ThreadPoolExecutor.java:628)
java.base/java.lang.Thread.run(Thread.java:830)

WARNING 23:46:02:782 SkillTable: detected once the file C:\Users\jorou\Downloads\TeraOnlineServer_Shock_1732\gameserver\.\data\skills\summon_skills\deprecated.zip
INFO 23:46:02:811 SkillTable: skills reloaded.
WARNING 23:46:22:531 DocumentSkill: incorrect file .\data\skills\player_skills\sork.xml, and skill id="67149664"
WARNING 23:46:22:552 DocumentSkill: NoSuchElementException : Unknown name '' for enum Stats : stack trace:
tera.gameserver.model.skillengine.StatType.valueOfXml(StatType.java:127)
tera.gameserver.parser.StatFuncParser.parseFunc(StatFuncParser.java:99)
tera.gameserver.parser.FuncParser.parse(FuncParser.java:204)
tera.gameserver.parser.EffectParser.paraseEffects(EffectParser.java:84)
tera.gameserver.document.DocumentSkill.parseSkill(DocumentSkill.java:239)
tera.gameserver.document.DocumentSkill.parse(DocumentSkill.java:53)
rlib.data.AbstractDocument.parse(AbstractDocument.java:67)
tera.gameserver.tables.SkillTable.reload(SkillTable.java:340)
tera.gameserver.scripts.commands.SkillCommand.execution(SkillCommand.java:122)
tera.gameserver.manager.CommandManager.execute(CommandManager.java:74)
tera.gameserver.network.clientpackets.PlayerSay.runImpl(PlayerSay.java:84)
rlib.network.packets.AbstractReadeablePacket.run(AbstractReadeablePacket.java:175)
java.base/java.util.concurrent.ThreadPoolExecutor.runWorker(ThreadPoolExecutor.java:1128)
java.base/java.util.concurrent.ThreadPoolExecutor$Worker.run(ThreadPoolExecutor.java:628)
java.base/java.lang.Thread.run(Thread.java:830)

WARNING 23:46:22:603 SkillTable: detected once the file C:\Users\jorou\Downloads\TeraOnlineServer_Shock_1732\gameserver\.\data\skills\summon_skills\deprecated.zip
INFO 23:46:22:662 SkillTable: skills reloaded.
WARNING 23:51:59:118 DocumentSkill: incorrect file .\data\skills\player_skills\sork.xml, and skill id="67149664"
WARNING 23:51:59:126 DocumentSkill: NoSuchElementException : Unknown name '' for enum Stats : stack trace:
tera.gameserver.model.skillengine.StatType.valueOfXml(StatType.java:127)
tera.gameserver.parser.StatFuncParser.parseFunc(StatFuncParser.java:99)
tera.gameserver.parser.FuncParser.parse(FuncParser.java:204)
tera.gameserver.parser.EffectParser.paraseEffects(EffectParser.java:84)
tera.gameserver.document.DocumentSkill.parseSkill(DocumentSkill.java:239)
tera.gameserver.document.DocumentSkill.parse(DocumentSkill.java:53)
rlib.data.AbstractDocument.parse(AbstractDocument.java:67)
tera.gameserver.tables.SkillTable.reload(SkillTable.java:340)
tera.gameserver.scripts.commands.SkillCommand.execution(SkillCommand.java:122)
tera.gameserver.manager.CommandManager.execute(CommandManager.java:74)
tera.gameserver.network.clientpackets.PlayerSay.runImpl(PlayerSay.java:84)
rlib.network.packets.AbstractReadeablePacket.run(AbstractReadeablePacket.java:175)
java.base/java.util.concurrent.ThreadPoolExecutor.runWorker(ThreadPoolExecutor.java:1128)
java.base/java.util.concurrent.ThreadPoolExecutor$Worker.run(ThreadPoolExecutor.java:628)
java.base/java.lang.Thread.run(Thread.java:830)

WARNING 23:51:59:176 SkillTable: detected once the file C:\Users\jorou\Downloads\TeraOnlineServer_Shock_1732\gameserver\.\data\skills\summon_skills\deprecated.zip
INFO 23:51:59:281 SkillTable: skills reloaded.
WARNING 23:52:19:122 DocumentSkill: incorrect file .\data\skills\player_skills\sork.xml, and skill id="67149664"
WARNING 23:52:19:124 DocumentSkill: NoSuchElementException : Unknown name '' for enum Stats : stack trace:
tera.gameserver.model.skillengine.StatType.valueOfXml(StatType.java:127)
tera.gameserver.parser.StatFuncParser.parseFunc(StatFuncParser.java:99)
tera.gameserver.parser.FuncParser.parse(FuncParser.java:204)
tera.gameserver.parser.EffectParser.paraseEffects(EffectParser.java:84)
tera.gameserver.document.DocumentSkill.parseSkill(DocumentSkill.java:239)
tera.gameserver.document.DocumentSkill.parse(DocumentSkill.java:53)
rlib.data.AbstractDocument.parse(AbstractDocument.java:67)
tera.gameserver.tables.SkillTable.reload(SkillTable.java:340)
tera.gameserver.scripts.commands.SkillCommand.execution(SkillCommand.java:122)
tera.gameserver.manager.CommandManager.execute(CommandManager.java:74)
tera.gameserver.network.clientpackets.PlayerSay.runImpl(PlayerSay.java:84)
rlib.network.packets.AbstractReadeablePacket.run(AbstractReadeablePacket.java:175)
java.base/java.util.concurrent.ThreadPoolExecutor.runWorker(ThreadPoolExecutor.java:1128)
java.base/java.util.concurrent.ThreadPoolExecutor$Worker.run(ThreadPoolExecutor.java:628)
java.base/java.lang.Thread.run(Thread.java:830)

WARNING 23:52:19:159 SkillTable: detected once the file C:\Users\jorou\Downloads\TeraOnlineServer_Shock_1732\gameserver\.\data\skills\summon_skills\deprecated.zip
INFO 23:52:19:191 SkillTable: skills reloaded.
WARNING 23:52:47:901 DocumentSkill: incorrect file .\data\skills\player_skills\sork.xml, and skill id="67149664"
WARNING 23:52:47:902 DocumentSkill: NoSuchElementException : Unknown name '' for enum Stats : stack trace:
tera.gameserver.model.skillengine.StatType.valueOfXml(StatType.java:127)
tera.gameserver.parser.StatFuncParser.parseFunc(StatFuncParser.java:99)
tera.gameserver.parser.FuncParser.parse(FuncParser.java:204)
tera.gameserver.parser.EffectParser.paraseEffects(EffectParser.java:84)
tera.gameserver.document.DocumentSkill.parseSkill(DocumentSkill.java:239)
tera.gameserver.document.DocumentSkill.parse(DocumentSkill.java:53)
rlib.data.AbstractDocument.parse(AbstractDocument.java:67)
tera.gameserver.tables.SkillTable.reload(SkillTable.java:340)
tera.gameserver.scripts.commands.SkillCommand.execution(SkillCommand.java:122)
tera.gameserver.manager.CommandManager.execute(CommandManager.java:74)
tera.gameserver.network.clientpackets.PlayerSay.runImpl(PlayerSay.java:84)
rlib.network.packets.AbstractReadeablePacket.run(AbstractReadeablePacket.java:175)
java.base/java.util.concurrent.ThreadPoolExecutor.runWorker(ThreadPoolExecutor.java:1128)
java.base/java.util.concurrent.ThreadPoolExecutor$Worker.run(ThreadPoolExecutor.java:628)
java.base/java.lang.Thread.run(Thread.java:830)

WARNING 23:52:47:953 SkillTable: detected once the file C:\Users\jorou\Downloads\TeraOnlineServer_Shock_1732\gameserver\.\data\skills\summon_skills\deprecated.zip
INFO 23:52:47:972 SkillTable: skills reloaded.
WARNING 23:53:13:186 DocumentSkill: incorrect file .\data\skills\player_skills\sork.xml, and skill id="67149664"
WARNING 23:53:13:198 DocumentSkill: NoSuchElementException : Unknown name '' for enum Stats : stack trace:
tera.gameserver.model.skillengine.StatType.valueOfXml(StatType.java:127)
tera.gameserver.parser.StatFuncParser.parseFunc(StatFuncParser.java:99)
tera.gameserver.parser.FuncParser.parse(FuncParser.java:204)
tera.gameserver.parser.EffectParser.paraseEffects(EffectParser.java:84)
tera.gameserver.document.DocumentSkill.parseSkill(DocumentSkill.java:239)
tera.gameserver.document.DocumentSkill.parse(DocumentSkill.java:53)
rlib.data.AbstractDocument.parse(AbstractDocument.java:67)
tera.gameserver.tables.SkillTable.reload(SkillTable.java:340)
tera.gameserver.scripts.commands.SkillCommand.execution(SkillCommand.java:122)
tera.gameserver.manager.CommandManager.execute(CommandManager.java:74)
tera.gameserver.network.clientpackets.PlayerSay.runImpl(PlayerSay.java:84)
rlib.network.packets.AbstractReadeablePacket.run(AbstractReadeablePacket.java:175)
java.base/java.util.concurrent.ThreadPoolExecutor.runWorker(ThreadPoolExecutor.java:1128)
java.base/java.util.concurrent.ThreadPoolExecutor$Worker.run(ThreadPoolExecutor.java:628)
java.base/java.lang.Thread.run(Thread.java:830)

WARNING 23:53:13:200 DocumentSkill: incorrect file .\data\skills\player_skills\sork.xml, and skill id="67199364"
WARNING 23:53:13:202 DocumentSkill: NoSuchElementException : Unknown name 'atSpd' for enum Stats : stack trace:
tera.gameserver.model.skillengine.StatType.valueOfXml(StatType.java:127)
tera.gameserver.parser.StatFuncParser.parseFunc(StatFuncParser.java:99)
tera.gameserver.parser.FuncParser.parse(FuncParser.java:204)
tera.gameserver.parser.EffectParser.paraseEffects(EffectParser.java:84)
tera.gameserver.document.DocumentSkill.parseSkill(DocumentSkill.java:239)
tera.gameserver.document.DocumentSkill.parse(DocumentSkill.java:53)
rlib.data.AbstractDocument.parse(AbstractDocument.java:67)
tera.gameserver.tables.SkillTable.reload(SkillTable.java:340)
tera.gameserver.scripts.commands.SkillCommand.execution(SkillCommand.java:122)
tera.gameserver.manager.CommandManager.execute(CommandManager.java:74)
tera.gameserver.network.clientpackets.PlayerSay.runImpl(PlayerSay.java:84)
rlib.network.packets.AbstractReadeablePacket.run(AbstractReadeablePacket.java:175)
java.base/java.util.concurrent.ThreadPoolExecutor.runWorker(ThreadPoolExecutor.java:1128)
java.base/java.util.concurrent.ThreadPoolExecutor$Worker.run(ThreadPoolExecutor.java:628)
java.base/java.lang.Thread.run(Thread.java:830)

WARNING 23:53:13:233 SkillTable: detected once the file C:\Users\jorou\Downloads\TeraOnlineServer_Shock_1732\gameserver\.\data\skills\summon_skills\deprecated.zip
INFO 23:53:13:306 SkillTable: skills reloaded.
WARNING 23:53:23:858 DocumentSkill: incorrect file .\data\skills\player_skills\sork.xml, and skill id="67149664"
WARNING 23:53:23:866 DocumentSkill: NoSuchElementException : Unknown name '' for enum Stats : stack trace:
tera.gameserver.model.skillengine.StatType.valueOfXml(StatType.java:127)
tera.gameserver.parser.StatFuncParser.parseFunc(StatFuncParser.java:99)
tera.gameserver.parser.FuncParser.parse(FuncParser.java:204)
tera.gameserver.parser.EffectParser.paraseEffects(EffectParser.java:84)
tera.gameserver.document.DocumentSkill.parseSkill(DocumentSkill.java:239)
tera.gameserver.document.DocumentSkill.parse(DocumentSkill.java:53)
rlib.data.AbstractDocument.parse(AbstractDocument.java:67)
tera.gameserver.tables.SkillTable.reload(SkillTable.java:340)
tera.gameserver.scripts.commands.SkillCommand.execution(SkillCommand.java:122)
tera.gameserver.manager.CommandManager.execute(CommandManager.java:74)
tera.gameserver.network.clientpackets.PlayerSay.runImpl(PlayerSay.java:84)
rlib.network.packets.AbstractReadeablePacket.run(AbstractReadeablePacket.java:175)
java.base/java.util.concurrent.ThreadPoolExecutor.runWorker(ThreadPoolExecutor.java:1128)
java.base/java.util.concurrent.ThreadPoolExecutor$Worker.run(ThreadPoolExecutor.java:628)
java.base/java.lang.Thread.run(Thread.java:830)

WARNING 23:53:23:930 SkillTable: detected once the file C:\Users\jorou\Downloads\TeraOnlineServer_Shock_1732\gameserver\.\data\skills\summon_skills\deprecated.zip
INFO 23:53:23:978 SkillTable: skills reloaded.
WARNING 23:53:29:921 DocumentSkill: incorrect file .\data\skills\player_skills\sork.xml, and skill id="67149664"
WARNING 23:53:29:921 DocumentSkill: NoSuchElementException : Unknown name '' for enum Stats : stack trace:
tera.gameserver.model.skillengine.StatType.valueOfXml(StatType.java:127)
tera.gameserver.parser.StatFuncParser.parseFunc(StatFuncParser.java:99)
tera.gameserver.parser.FuncParser.parse(FuncParser.java:204)
tera.gameserver.parser.EffectParser.paraseEffects(EffectParser.java:84)
tera.gameserver.document.DocumentSkill.parseSkill(DocumentSkill.java:239)
tera.gameserver.document.DocumentSkill.parse(DocumentSkill.java:53)
rlib.data.AbstractDocument.parse(AbstractDocument.java:67)
tera.gameserver.tables.SkillTable.reload(SkillTable.java:340)
tera.gameserver.scripts.commands.SkillCommand.execution(SkillCommand.java:122)
tera.gameserver.manager.CommandManager.execute(CommandManager.java:74)
tera.gameserver.network.clientpackets.PlayerSay.runImpl(PlayerSay.java:84)
rlib.network.packets.AbstractReadeablePacket.run(AbstractReadeablePacket.java:175)
java.base/java.util.concurrent.ThreadPoolExecutor.runWorker(ThreadPoolExecutor.java:1128)
java.base/java.util.concurrent.ThreadPoolExecutor$Worker.run(ThreadPoolExecutor.java:628)
java.base/java.lang.Thread.run(Thread.java:830)

WARNING 23:53:29:960 SkillTable: detected once the file C:\Users\jorou\Downloads\TeraOnlineServer_Shock_1732\gameserver\.\data\skills\summon_skills\deprecated.zip
INFO 23:53:29:990 SkillTable: skills reloaded.
WARNING 23:54:17:284 DocumentSkill: incorrect file .\data\skills\player_skills\sork.xml, and skill id="67149664"
WARNING 23:54:17:285 DocumentSkill: NoSuchElementException : Unknown name '' for enum Stats : stack trace:
tera.gameserver.model.skillengine.StatType.valueOfXml(StatType.java:127)
tera.gameserver.parser.StatFuncParser.parseFunc(StatFuncParser.java:99)
tera.gameserver.parser.FuncParser.parse(FuncParser.java:204)
tera.gameserver.parser.EffectParser.paraseEffects(EffectParser.java:84)
tera.gameserver.document.DocumentSkill.parseSkill(DocumentSkill.java:239)
tera.gameserver.document.DocumentSkill.parse(DocumentSkill.java:53)
rlib.data.AbstractDocument.parse(AbstractDocument.java:67)
tera.gameserver.tables.SkillTable.reload(SkillTable.java:340)
tera.gameserver.scripts.commands.SkillCommand.execution(SkillCommand.java:122)
tera.gameserver.manager.CommandManager.execute(CommandManager.java:74)
tera.gameserver.network.clientpackets.PlayerSay.runImpl(PlayerSay.java:84)
rlib.network.packets.AbstractReadeablePacket.run(AbstractReadeablePacket.java:175)
java.base/java.util.concurrent.ThreadPoolExecutor.runWorker(ThreadPoolExecutor.java:1128)
java.base/java.util.concurrent.ThreadPoolExecutor$Worker.run(ThreadPoolExecutor.java:628)
java.base/java.lang.Thread.run(Thread.java:830)

WARNING 23:54:17:322 SkillTable: detected once the file C:\Users\jorou\Downloads\TeraOnlineServer_Shock_1732\gameserver\.\data\skills\summon_skills\deprecated.zip
INFO 23:54:17:334 SkillTable: skills reloaded.
WARNING 23:55:23:913 DocumentSkill: incorrect file .\data\skills\player_skills\sork.xml, and skill id="67149664"
WARNING 23:55:23:914 DocumentSkill: NoSuchElementException : Unknown name '' for enum Stats : stack trace:
tera.gameserver.model.skillengine.StatType.valueOfXml(StatType.java:127)
tera.gameserver.parser.StatFuncParser.parseFunc(StatFuncParser.java:99)
tera.gameserver.parser.FuncParser.parse(FuncParser.java:204)
tera.gameserver.parser.EffectParser.paraseEffects(EffectParser.java:84)
tera.gameserver.document.DocumentSkill.parseSkill(DocumentSkill.java:239)
tera.gameserver.document.DocumentSkill.parse(DocumentSkill.java:53)
rlib.data.AbstractDocument.parse(AbstractDocument.java:67)
tera.gameserver.tables.SkillTable.reload(SkillTable.java:340)
tera.gameserver.scripts.commands.SkillCommand.execution(SkillCommand.java:122)
tera.gameserver.manager.CommandManager.execute(CommandManager.java:74)
tera.gameserver.network.clientpackets.PlayerSay.runImpl(PlayerSay.java:84)
rlib.network.packets.AbstractReadeablePacket.run(AbstractReadeablePacket.java:175)
java.base/java.util.concurrent.ThreadPoolExecutor.runWorker(ThreadPoolExecutor.java:1128)
java.base/java.util.concurrent.ThreadPoolExecutor$Worker.run(ThreadPoolExecutor.java:628)
java.base/java.lang.Thread.run(Thread.java:830)

WARNING 23:55:23:962 SkillTable: detected once the file C:\Users\jorou\Downloads\TeraOnlineServer_Shock_1732\gameserver\.\data\skills\summon_skills\deprecated.zip
INFO 23:55:23:994 SkillTable: skills reloaded.
WARNING 23:55:45:235 DocumentSkill: incorrect file .\data\skills\player_skills\sork.xml, and skill id="67149664"
WARNING 23:55:45:241 DocumentSkill: NoSuchElementException : Unknown name '' for enum Stats : stack trace:
tera.gameserver.model.skillengine.StatType.valueOfXml(StatType.java:127)
tera.gameserver.parser.StatFuncParser.parseFunc(StatFuncParser.java:99)
tera.gameserver.parser.FuncParser.parse(FuncParser.java:204)
tera.gameserver.parser.EffectParser.paraseEffects(EffectParser.java:84)
tera.gameserver.document.DocumentSkill.parseSkill(DocumentSkill.java:239)
tera.gameserver.document.DocumentSkill.parse(DocumentSkill.java:53)
rlib.data.AbstractDocument.parse(AbstractDocument.java:67)
tera.gameserver.tables.SkillTable.reload(SkillTable.java:340)
tera.gameserver.scripts.commands.SkillCommand.execution(SkillCommand.java:122)
tera.gameserver.manager.CommandManager.execute(CommandManager.java:74)
tera.gameserver.network.clientpackets.PlayerSay.runImpl(PlayerSay.java:84)
rlib.network.packets.AbstractReadeablePacket.run(AbstractReadeablePacket.java:175)
java.base/java.util.concurrent.ThreadPoolExecutor.runWorker(ThreadPoolExecutor.java:1128)
java.base/java.util.concurrent.ThreadPoolExecutor$Worker.run(ThreadPoolExecutor.java:628)
java.base/java.lang.Thread.run(Thread.java:830)

WARNING 23:55:45:273 SkillTable: detected once the file C:\Users\jorou\Downloads\TeraOnlineServer_Shock_1732\gameserver\.\data\skills\summon_skills\deprecated.zip
INFO 23:55:45:299 SkillTable: skills reloaded.
WARNING 23:55:48:691 DocumentSkill: incorrect file .\data\skills\player_skills\sork.xml, and skill id="67149664"
WARNING 23:55:48:695 DocumentSkill: NoSuchElementException : Unknown name '' for enum Stats : stack trace:
tera.gameserver.model.skillengine.StatType.valueOfXml(StatType.java:127)
tera.gameserver.parser.StatFuncParser.parseFunc(StatFuncParser.java:99)
tera.gameserver.parser.FuncParser.parse(FuncParser.java:204)
tera.gameserver.parser.EffectParser.paraseEffects(EffectParser.java:84)
tera.gameserver.document.DocumentSkill.parseSkill(DocumentSkill.java:239)
tera.gameserver.document.DocumentSkill.parse(DocumentSkill.java:53)
rlib.data.AbstractDocument.parse(AbstractDocument.java:67)
tera.gameserver.tables.SkillTable.reload(SkillTable.java:340)
tera.gameserver.scripts.commands.SkillCommand.execution(SkillCommand.java:122)
tera.gameserver.manager.CommandManager.execute(CommandManager.java:74)
tera.gameserver.network.clientpackets.PlayerSay.runImpl(PlayerSay.java:84)
rlib.network.packets.AbstractReadeablePacket.run(AbstractReadeablePacket.java:175)
java.base/java.util.concurrent.ThreadPoolExecutor.runWorker(ThreadPoolExecutor.java:1128)
java.base/java.util.concurrent.ThreadPoolExecutor$Worker.run(ThreadPoolExecutor.java:628)
java.base/java.lang.Thread.run(Thread.java:830)

WARNING 23:55:48:742 SkillTable: detected once the file C:\Users\jorou\Downloads\TeraOnlineServer_Shock_1732\gameserver\.\data\skills\summon_skills\deprecated.zip
INFO 23:55:48:783 SkillTable: skills reloaded.
WARNING 23:56:08:871 DocumentSkill: incorrect file .\data\skills\player_skills\sork.xml, and skill id="67149664"
WARNING 23:56:08:873 DocumentSkill: NoSuchElementException : Unknown name '' for enum Stats : stack trace:
tera.gameserver.model.skillengine.StatType.valueOfXml(StatType.java:127)
tera.gameserver.parser.StatFuncParser.parseFunc(StatFuncParser.java:99)
tera.gameserver.parser.FuncParser.parse(FuncParser.java:204)
tera.gameserver.parser.EffectParser.paraseEffects(EffectParser.java:84)
tera.gameserver.document.DocumentSkill.parseSkill(DocumentSkill.java:239)
tera.gameserver.document.DocumentSkill.parse(DocumentSkill.java:53)
rlib.data.AbstractDocument.parse(AbstractDocument.java:67)
tera.gameserver.tables.SkillTable.reload(SkillTable.java:340)
tera.gameserver.scripts.commands.SkillCommand.execution(SkillCommand.java:122)
tera.gameserver.manager.CommandManager.execute(CommandManager.java:74)
tera.gameserver.network.clientpackets.PlayerSay.runImpl(PlayerSay.java:84)
rlib.network.packets.AbstractReadeablePacket.run(AbstractReadeablePacket.java:175)
java.base/java.util.concurrent.ThreadPoolExecutor.runWorker(ThreadPoolExecutor.java:1128)
java.base/java.util.concurrent.ThreadPoolExecutor$Worker.run(ThreadPoolExecutor.java:628)
java.base/java.lang.Thread.run(Thread.java:830)

WARNING 23:56:08:920 SkillTable: detected once the file C:\Users\jorou\Downloads\TeraOnlineServer_Shock_1732\gameserver\.\data\skills\summon_skills\deprecated.zip
INFO 23:56:08:961 SkillTable: skills reloaded.
WARNING 23:56:11:805 DocumentSkill: incorrect file .\data\skills\player_skills\sork.xml, and skill id="67149664"
WARNING 23:56:11:806 DocumentSkill: NoSuchElementException : Unknown name '' for enum Stats : stack trace:
tera.gameserver.model.skillengine.StatType.valueOfXml(StatType.java:127)
tera.gameserver.parser.StatFuncParser.parseFunc(StatFuncParser.java:99)
tera.gameserver.parser.FuncParser.parse(FuncParser.java:204)
tera.gameserver.parser.EffectParser.paraseEffects(EffectParser.java:84)
tera.gameserver.document.DocumentSkill.parseSkill(DocumentSkill.java:239)
tera.gameserver.document.DocumentSkill.parse(DocumentSkill.java:53)
rlib.data.AbstractDocument.parse(AbstractDocument.java:67)
tera.gameserver.tables.SkillTable.reload(SkillTable.java:340)
tera.gameserver.scripts.commands.SkillCommand.execution(SkillCommand.java:122)
tera.gameserver.manager.CommandManager.execute(CommandManager.java:74)
tera.gameserver.network.clientpackets.PlayerSay.runImpl(PlayerSay.java:84)
rlib.network.packets.AbstractReadeablePacket.run(AbstractReadeablePacket.java:175)
java.base/java.util.concurrent.ThreadPoolExecutor.runWorker(ThreadPoolExecutor.java:1128)
java.base/java.util.concurrent.ThreadPoolExecutor$Worker.run(ThreadPoolExecutor.java:628)
java.base/java.lang.Thread.run(Thread.java:830)

WARNING 23:56:11:843 SkillTable: detected once the file C:\Users\jorou\Downloads\TeraOnlineServer_Shock_1732\gameserver\.\data\skills\summon_skills\deprecated.zip
INFO 23:56:11:871 SkillTable: skills reloaded.
WARNING 23:59:02:864 SkillTable: detected once the file C:\Users\jorou\Downloads\TeraOnlineServer_Shock_1732\gameserver\.\data\skills\summon_skills\deprecated.zip
INFO 23:59:02:885 SkillTable: skills reloaded.
WARNING 23:59:34:708 DocumentSkill: incorrect file .\data\skills\player_skills\sork.xml
WARNING 23:59:34:718 DocumentSkill: SAXParseException : The element type "effect" must be terminated by the matching end-tag "</effect>". : stack trace:
java.xml/com.sun.org.apache.xerces.internal.parsers.DOMParser.parse(DOMParser.java:261)
java.xml/com.sun.org.apache.xerces.internal.jaxp.DocumentBuilderImpl.parse(DocumentBuilderImpl.java:339)
java.xml/javax.xml.parsers.DocumentBuilder.parse(DocumentBuilder.java:206)
rlib.data.AbstractDocument.parse(AbstractDocument.java:55)
tera.gameserver.tables.SkillTable.reload(SkillTable.java:340)
tera.gameserver.scripts.commands.SkillCommand.execution(SkillCommand.java:122)
tera.gameserver.manager.CommandManager.execute(CommandManager.java:74)
tera.gameserver.network.clientpackets.PlayerSay.runImpl(PlayerSay.java:84)
rlib.network.packets.AbstractReadeablePacket.run(AbstractReadeablePacket.java:175)
java.base/java.util.concurrent.ThreadPoolExecutor.runWorker(ThreadPoolExecutor.java:1128)
java.base/java.util.concurrent.ThreadPoolExecutor$Worker.run(ThreadPoolExecutor.java:628)
java.base/java.lang.Thread.run(Thread.java:830)

WARNING 23:59:34:719 DocumentSkill: incorrect file .\data\skills\player_skills\sork.xml
WARNING 23:59:34:720 DocumentSkill: NullPointerException : null : stack trace:
tera.gameserver.document.DocumentSkill.parse(DocumentSkill.java:47)
rlib.data.AbstractDocument.parse(AbstractDocument.java:67)
tera.gameserver.tables.SkillTable.reload(SkillTable.java:340)
tera.gameserver.scripts.commands.SkillCommand.execution(SkillCommand.java:122)
tera.gameserver.manager.CommandManager.execute(CommandManager.java:74)
tera.gameserver.network.clientpackets.PlayerSay.runImpl(PlayerSay.java:84)
rlib.network.packets.AbstractReadeablePacket.run(AbstractReadeablePacket.java:175)
java.base/java.util.concurrent.ThreadPoolExecutor.runWorker(ThreadPoolExecutor.java:1128)
java.base/java.util.concurrent.ThreadPoolExecutor$Worker.run(ThreadPoolExecutor.java:628)
java.base/java.lang.Thread.run(Thread.java:830)

WARNING 23:59:34:750 SkillTable: detected once the file C:\Users\jorou\Downloads\TeraOnlineServer_Shock_1732\gameserver\.\data\skills\summon_skills\deprecated.zip
INFO 23:59:34:784 SkillTable: skills reloaded.
WARNING 23:59:39:294 DocumentSkill: incorrect file .\data\skills\player_skills\sork.xml
WARNING 23:59:39:297 DocumentSkill: SAXParseException : The element type "effect" must be terminated by the matching end-tag "</effect>". : stack trace:
java.xml/com.sun.org.apache.xerces.internal.parsers.DOMParser.parse(DOMParser.java:261)
java.xml/com.sun.org.apache.xerces.internal.jaxp.DocumentBuilderImpl.parse(DocumentBuilderImpl.java:339)
java.xml/javax.xml.parsers.DocumentBuilder.parse(DocumentBuilder.java:206)
rlib.data.AbstractDocument.parse(AbstractDocument.java:55)
tera.gameserver.tables.SkillTable.reload(SkillTable.java:340)
tera.gameserver.scripts.commands.SkillCommand.execution(SkillCommand.java:122)
tera.gameserver.manager.CommandManager.execute(CommandManager.java:74)
tera.gameserver.network.clientpackets.PlayerSay.runImpl(PlayerSay.java:84)
rlib.network.packets.AbstractReadeablePacket.run(AbstractReadeablePacket.java:175)
java.base/java.util.concurrent.ThreadPoolExecutor.runWorker(ThreadPoolExecutor.java:1128)
java.base/java.util.concurrent.ThreadPoolExecutor$Worker.run(ThreadPoolExecutor.java:628)
java.base/java.lang.Thread.run(Thread.java:830)

WARNING 23:59:39:299 DocumentSkill: incorrect file .\data\skills\player_skills\sork.xml
WARNING 23:59:39:317 DocumentSkill: NullPointerException : null : stack trace:
tera.gameserver.document.DocumentSkill.parse(DocumentSkill.java:47)
rlib.data.AbstractDocument.parse(AbstractDocument.java:67)
tera.gameserver.tables.SkillTable.reload(SkillTable.java:340)
tera.gameserver.scripts.commands.SkillCommand.execution(SkillCommand.java:122)
tera.gameserver.manager.CommandManager.execute(CommandManager.java:74)
tera.gameserver.network.clientpackets.PlayerSay.runImpl(PlayerSay.java:84)
rlib.network.packets.AbstractReadeablePacket.run(AbstractReadeablePacket.java:175)
java.base/java.util.concurrent.ThreadPoolExecutor.runWorker(ThreadPoolExecutor.java:1128)
java.base/java.util.concurrent.ThreadPoolExecutor$Worker.run(ThreadPoolExecutor.java:628)
java.base/java.lang.Thread.run(Thread.java:830)

WARNING 23:59:39:336 SkillTable: detected once the file C:\Users\jorou\Downloads\TeraOnlineServer_Shock_1732\gameserver\.\data\skills\summon_skills\deprecated.zip
INFO 23:59:39:420 SkillTable: skills reloaded.
WARNING 23:59:54:217 SkillTable: detected once the file C:\Users\jorou\Downloads\TeraOnlineServer_Shock_1732\gameserver\.\data\skills\summon_skills\deprecated.zip
INFO 23:59:54:242 SkillTable: skills reloaded.
WARNING 00:00:23:081 SkillTable: detected once the file C:\Users\jorou\Downloads\TeraOnlineServer_Shock_1732\gameserver\.\data\skills\summon_skills\deprecated.zip
INFO 00:00:23:110 SkillTable: skills reloaded.
WARNING 00:03:25:130 SkillTable: detected once the file C:\Users\jorou\Downloads\TeraOnlineServer_Shock_1732\gameserver\.\data\skills\summon_skills\deprecated.zip
INFO 00:03:25:160 SkillTable: skills reloaded.
WARNING 00:04:09:079 SkillTable: detected once the file C:\Users\jorou\Downloads\TeraOnlineServer_Shock_1732\gameserver\.\data\skills\summon_skills\deprecated.zip
INFO 00:04:09:089 SkillTable: skills reloaded.
WARNING 00:06:24:646 SkillTable: detected once the file C:\Users\jorou\Downloads\TeraOnlineServer_Shock_1732\gameserver\.\data\skills\summon_skills\deprecated.zip
INFO 00:06:24:676 SkillTable: skills reloaded.
WARNING 00:07:23:329 SkillTable: detected once the file C:\Users\jorou\Downloads\TeraOnlineServer_Shock_1732\gameserver\.\data\skills\summon_skills\deprecated.zip
INFO 00:07:23:372 SkillTable: skills reloaded.
WARNING 00:07:31:095 SkillUseTask: ArrayIndexOutOfBoundsException : Index 325 out of bounds for length 200 : stack trace:
tera.gameserver.model.skillengine.Formulas$1.calc(Formulas.java:159)
tera.gameserver.model.skillengine.Calculator.calc(Calculator.java:48)
tera.gameserver.model.Character.calcStat(Character.java:785)
tera.gameserver.model.Character.getAttack(Character.java:1976)
tera.gameserver.network.serverpackets.UserInfo.getInstance(UserInfo.java:32)
tera.gameserver.model.playable.Player.updateInfo(Player.java:2520)
tera.gameserver.model.skillengine.effects.AbstractEffect.onStart(AbstractEffect.java:327)
tera.gameserver.model.skillengine.effects.AbstractEffect.scheduleEffect(AbstractEffect.java:367)
tera.gameserver.model.EffectList.addEffect(EffectList.java:200)
tera.gameserver.model.Character.addEffect(Character.java:356)
tera.gameserver.model.skillengine.classes.AbstractSkill.runEffect(AbstractSkill.java:838)
tera.gameserver.model.skillengine.classes.AbstractSkill.addEffects(AbstractSkill.java:165)
tera.gameserver.model.skillengine.classes.Buff.applySkill(Buff.java:34)
tera.gameserver.model.skillengine.classes.Effect.useSkill(Effect.java:67)
tera.gameserver.tasks.SkillUseTask.runImpl(SkillUseTask.java:155)
rlib.util.SafeTask.run(SafeTask.java:18)
java.base/java.util.concurrent.Executors$RunnableAdapter.call(Executors.java:515)
java.base/java.util.concurrent.FutureTask.run(FutureTask.java:264)
java.base/java.util.concurrent.ScheduledThreadPoolExecutor$ScheduledFutureTask.run(ScheduledThreadPoolExecutor.java:304)
java.base/java.util.concurrent.ThreadPoolExecutor.runWorker(ThreadPoolExecutor.java:1128)
java.base/java.util.concurrent.ThreadPoolExecutor$Worker.run(ThreadPoolExecutor.java:628)
java.base/java.lang.Thread.run(Thread.java:830)

WARNING 00:07:33:397 SkillUseTask: ArrayIndexOutOfBoundsException : Index 325 out of bounds for length 200 : stack trace:
tera.gameserver.model.skillengine.Formulas$1.calc(Formulas.java:159)
tera.gameserver.model.skillengine.Calculator.calc(Calculator.java:48)
tera.gameserver.model.Character.calcStat(Character.java:785)
tera.gameserver.model.Character.getAttack(Character.java:1976)
tera.gameserver.model.skillengine.Formulas.calcDamageSkill(Formulas.java:352)
tera.gameserver.model.skillengine.classes.Strike.applySkill(Strike.java:31)
tera.gameserver.model.skillengine.classes.Strike.useSkill(Strike.java:61)
tera.gameserver.tasks.SkillUseTask.runImpl(SkillUseTask.java:155)
rlib.util.SafeTask.run(SafeTask.java:18)
java.base/java.util.concurrent.Executors$RunnableAdapter.call(Executors.java:515)
java.base/java.util.concurrent.FutureTask.run(FutureTask.java:264)
java.base/java.util.concurrent.ScheduledThreadPoolExecutor$ScheduledFutureTask.run(ScheduledThreadPoolExecutor.java:304)
java.base/java.util.concurrent.ThreadPoolExecutor.runWorker(ThreadPoolExecutor.java:1128)
java.base/java.util.concurrent.ThreadPoolExecutor$Worker.run(ThreadPoolExecutor.java:628)
java.base/java.lang.Thread.run(Thread.java:830)

WARNING 00:07:40:546 SkillTable: detected once the file C:\Users\jorou\Downloads\TeraOnlineServer_Shock_1732\gameserver\.\data\skills\summon_skills\deprecated.zip
INFO 00:07:40:564 SkillTable: skills reloaded.
WARNING 00:07:44:217 EffectTaskManager: ArrayIndexOutOfBoundsException : Index 325 out of bounds for length 200 : stack trace:
tera.gameserver.model.skillengine.Formulas$1.calc(Formulas.java:159)
tera.gameserver.model.skillengine.Calculator.calc(Calculator.java:48)
tera.gameserver.model.Character.calcStat(Character.java:785)
tera.gameserver.model.Character.getAttack(Character.java:1976)
tera.gameserver.network.serverpackets.UserInfo.getInstance(UserInfo.java:32)
tera.gameserver.model.playable.Player.updateInfo(Player.java:2520)
tera.gameserver.model.skillengine.effects.AbstractEffect.onExit(AbstractEffect.java:304)
tera.gameserver.model.skillengine.effects.AbstractEffect.scheduleEffect(AbstractEffect.java:401)
tera.gameserver.taskmanager.EffectTaskManager.runImpl(EffectTaskManager.java:200)
rlib.util.SafeTask.run(SafeTask.java:18)
java.base/java.util.concurrent.Executors$RunnableAdapter.call(Executors.java:515)
java.base/java.util.concurrent.FutureTask.runAndReset(FutureTask.java:305)
java.base/java.util.concurrent.ScheduledThreadPoolExecutor$ScheduledFutureTask.run(ScheduledThreadPoolExecutor.java:305)
java.base/java.util.concurrent.ThreadPoolExecutor.runWorker(ThreadPoolExecutor.java:1128)
java.base/java.util.concurrent.ThreadPoolExecutor$Worker.run(ThreadPoolExecutor.java:628)
java.base/java.lang.Thread.run(Thread.java:830)

WARNING 00:07:53:935 SkillTable: detected once the file C:\Users\jorou\Downloads\TeraOnlineServer_Shock_1732\gameserver\.\data\skills\summon_skills\deprecated.zip
INFO 00:07:53:980 SkillTable: skills reloaded.
WARNING 00:07:56:360 SkillUseTask: ArrayIndexOutOfBoundsException : Index 325 out of bounds for length 200 : stack trace:
tera.gameserver.model.skillengine.Formulas$1.calc(Formulas.java:159)
tera.gameserver.model.skillengine.Calculator.calc(Calculator.java:48)
tera.gameserver.model.Character.calcStat(Character.java:785)
tera.gameserver.model.Character.getAttack(Character.java:1976)
tera.gameserver.network.serverpackets.UserInfo.getInstance(UserInfo.java:32)
tera.gameserver.model.playable.Player.updateInfo(Player.java:2520)
tera.gameserver.model.skillengine.effects.AbstractEffect.onStart(AbstractEffect.java:327)
tera.gameserver.model.skillengine.effects.AbstractEffect.scheduleEffect(AbstractEffect.java:367)
tera.gameserver.model.EffectList.addEffect(EffectList.java:200)
tera.gameserver.model.Character.addEffect(Character.java:356)
tera.gameserver.model.skillengine.classes.AbstractSkill.runEffect(AbstractSkill.java:838)
tera.gameserver.model.skillengine.classes.AbstractSkill.addEffects(AbstractSkill.java:165)
tera.gameserver.model.skillengine.classes.Buff.applySkill(Buff.java:34)
tera.gameserver.model.skillengine.classes.Effect.useSkill(Effect.java:67)
tera.gameserver.tasks.SkillUseTask.runImpl(SkillUseTask.java:155)
rlib.util.SafeTask.run(SafeTask.java:18)
java.base/java.util.concurrent.Executors$RunnableAdapter.call(Executors.java:515)
java.base/java.util.concurrent.FutureTask.run(FutureTask.java:264)
java.base/java.util.concurrent.ScheduledThreadPoolExecutor$ScheduledFutureTask.run(ScheduledThreadPoolExecutor.java:304)
java.base/java.util.concurrent.ThreadPoolExecutor.runWorker(ThreadPoolExecutor.java:1128)
java.base/java.util.concurrent.ThreadPoolExecutor$Worker.run(ThreadPoolExecutor.java:628)
java.base/java.lang.Thread.run(Thread.java:830)

WARNING 00:07:56:954 SkillUseTask: ArrayIndexOutOfBoundsException : Index 325 out of bounds for length 200 : stack trace:
tera.gameserver.model.skillengine.Formulas$1.calc(Formulas.java:159)
tera.gameserver.model.skillengine.Calculator.calc(Calculator.java:48)
tera.gameserver.model.Character.calcStat(Character.java:785)
tera.gameserver.model.Character.getAttack(Character.java:1976)
tera.gameserver.network.serverpackets.UserInfo.getInstance(UserInfo.java:32)
tera.gameserver.model.playable.Player.updateInfo(Player.java:2520)
tera.gameserver.model.skillengine.effects.AbstractEffect.onStart(AbstractEffect.java:327)
tera.gameserver.model.skillengine.effects.AbstractEffect.scheduleEffect(AbstractEffect.java:367)
tera.gameserver.model.EffectList.addEffect(EffectList.java:200)
tera.gameserver.model.Character.addEffect(Character.java:356)
tera.gameserver.model.skillengine.classes.AbstractSkill.runEffect(AbstractSkill.java:838)
tera.gameserver.model.skillengine.classes.AbstractSkill.addEffects(AbstractSkill.java:165)
tera.gameserver.model.skillengine.classes.Buff.applySkill(Buff.java:34)
tera.gameserver.model.skillengine.classes.Effect.useSkill(Effect.java:67)
tera.gameserver.tasks.SkillUseTask.runImpl(SkillUseTask.java:155)
rlib.util.SafeTask.run(SafeTask.java:18)
java.base/java.util.concurrent.Executors$RunnableAdapter.call(Executors.java:515)
java.base/java.util.concurrent.FutureTask.run(FutureTask.java:264)
java.base/java.util.concurrent.ScheduledThreadPoolExecutor$ScheduledFutureTask.run(ScheduledThreadPoolExecutor.java:304)
java.base/java.util.concurrent.ThreadPoolExecutor.runWorker(ThreadPoolExecutor.java:1128)
java.base/java.util.concurrent.ThreadPoolExecutor$Worker.run(ThreadPoolExecutor.java:628)
java.base/java.lang.Thread.run(Thread.java:830)

WARNING 00:07:59:405 SkillUseTask: ArrayIndexOutOfBoundsException : Index 325 out of bounds for length 200 : stack trace:
tera.gameserver.model.skillengine.Formulas$1.calc(Formulas.java:159)
tera.gameserver.model.skillengine.Calculator.calc(Calculator.java:48)
tera.gameserver.model.Character.calcStat(Character.java:785)
tera.gameserver.model.Character.getAttack(Character.java:1976)
tera.gameserver.model.skillengine.Formulas.calcDamageSkill(Formulas.java:352)
tera.gameserver.model.skillengine.classes.Strike.applySkill(Strike.java:31)
tera.gameserver.model.skillengine.classes.Strike.useSkill(Strike.java:61)
tera.gameserver.tasks.SkillUseTask.runImpl(SkillUseTask.java:155)
rlib.util.SafeTask.run(SafeTask.java:18)
java.base/java.util.concurrent.Executors$RunnableAdapter.call(Executors.java:515)
java.base/java.util.concurrent.FutureTask.run(FutureTask.java:264)
java.base/java.util.concurrent.ScheduledThreadPoolExecutor$ScheduledFutureTask.run(ScheduledThreadPoolExecutor.java:304)
java.base/java.util.concurrent.ThreadPoolExecutor.runWorker(ThreadPoolExecutor.java:1128)
java.base/java.util.concurrent.ThreadPoolExecutor$Worker.run(ThreadPoolExecutor.java:628)
java.base/java.lang.Thread.run(Thread.java:830)

WARNING 00:08:12:166 SkillTable: detected once the file C:\Users\jorou\Downloads\TeraOnlineServer_Shock_1732\gameserver\.\data\skills\summon_skills\deprecated.zip
INFO 00:08:12:212 SkillTable: skills reloaded.
WARNING 00:09:28:434 SkillTable: detected once the file C:\Users\jorou\Downloads\TeraOnlineServer_Shock_1732\gameserver\.\data\skills\summon_skills\deprecated.zip
INFO 00:09:28:464 SkillTable: skills reloaded.
WARNING 00:09:47:212 EffectList: Exception : incorrect remove effect : stack trace:
tera.gameserver.model.EffectList.removeEffect(EffectList.java:507)
tera.gameserver.model.Character.removeEffect(Character.java:3230)
tera.gameserver.model.skillengine.effects.AbstractEffect.scheduleEffect(AbstractEffect.java:403)
tera.gameserver.taskmanager.EffectTaskManager.runImpl(EffectTaskManager.java:200)
rlib.util.SafeTask.run(SafeTask.java:18)
java.base/java.util.concurrent.Executors$RunnableAdapter.call(Executors.java:515)
java.base/java.util.concurrent.FutureTask.runAndReset(FutureTask.java:305)
java.base/java.util.concurrent.ScheduledThreadPoolExecutor$ScheduledFutureTask.run(ScheduledThreadPoolExecutor.java:305)
java.base/java.util.concurrent.ThreadPoolExecutor.runWorker(ThreadPoolExecutor.java:1128)
java.base/java.util.concurrent.ThreadPoolExecutor$Worker.run(ThreadPoolExecutor.java:628)
java.base/java.lang.Thread.run(Thread.java:830)

INFO 00:18:59:314 AccountManager: close tsuka
INFO 00:19:06:683 AccountManager: close islanzadie
