INFO 13:38:44:910 ServerControl: open server socket on 2101 port.
INFO 13:38:44:918 ExecutorManager: initialized.
INFO 13:38:45:287 CleaningManager: delete 8 reuses from a character_skill_reuses.
INFO 13:38:45:287 CleaningManager: delete 0 spawns from a boss_spawn.
INFO 13:38:45:288 CleaningManager: delete 0 appearances from a character_appearances.
INFO 13:38:45:288 CleaningManager: delete 0 effects from a character_save_effects.
INFO 13:38:45:289 CleaningManager: delete 0 inventors from a character_inventors.
INFO 13:38:45:290 CleaningManager: delete 0 skills from a character_skills.
INFO 13:38:45:290 CleaningManager: delete 0 hotkeys from a character_hotkey.
INFO 13:38:45:291 CleaningManager: delete 0 chars from a character_friends.
INFO 13:38:45:292 CleaningManager: delete 0 friends from a character_friends.
INFO 13:38:45:293 CleaningManager: delete 0 settings from a character_settings.
INFO 13:38:45:295 CleaningManager: delete 99 empty items from a items.
INFO 13:38:45:296 CleaningManager: delete 0 no owner items from a items.
INFO 13:38:45:297 CleaningManager: delete 0 no owner guild items from a items.
INFO 13:38:45:351 CleaningManager: create buffer table items.
INFO 13:38:45:353 CleaningManager: copy 91 items to buffer_items.
INFO 13:38:45:354 CleaningManager: delete 1 no owner items from a buffer_items.
INFO 13:38:45:366 CleaningManager: drop buffer table items.
INFO 13:38:45:367 CleaningManager: delete 0 from a quests.
INFO 13:38:45:368 CleaningManager: delete 0 from a quest variables.
INFO 13:38:45:369 CleaningManager: delete 0 from a guild ranks.
INFO 13:38:45:411 ClientPacketType: client packets prepared.
INFO 13:38:45:423 EffectParser: initialized.
INFO 13:38:45:426 RandomManager: initialized.
INFO 13:38:45:426 IdFactory: prepare npc ids...
INFO 13:38:45:428 BitSetIdGenerator: 102912 id's available.
INFO 13:38:45:429 IdFactory: prepare objects ids...
INFO 13:38:45:429 BitSetIdGenerator: 102912 id's available.
INFO 13:38:45:429 IdFactory: prepare players ids...
INFO 13:38:45:432 BitSetIdGenerator: extracted 7 ids.
INFO 13:38:45:432 BitSetIdGenerator: 102912 id's available.
INFO 13:38:45:432 IdFactory: prepare guilds ids...
INFO 13:38:45:433 BitSetIdGenerator: extracted 0 ids.
INFO 13:38:45:433 BitSetIdGenerator: 102912 id's available.
INFO 13:38:45:434 IdFactory: prepare item ids...
INFO 13:38:45:436 BitSetIdGenerator: extracted 90 ids.
INFO 13:38:45:436 BitSetIdGenerator: 102912 id's available.
INFO 13:38:45:447 ServerVarManager: loaded 0 variables.
INFO 13:38:45:451 BossSpawnManager: loaded 0 boss spawns.
INFO 13:38:46:075 TerritoryTable: loaded 160 territories for 18803 regions.
INFO 13:38:47:479 WorldZoneTable: loaded 12 world zones for 31986 regions.
INFO 13:38:47:481 ConditionParser: initializable.
WARNING 13:38:47:966 SkillTable: detected once the file C:\Users\jorou\Downloads\TeraOnlineServer_Shock_1732\gameserver\.\data\skills\summon_skills\deprecated.zip
INFO 13:38:47:998 SkillTable: loaded 4613 skills for 19 classes.
INFO 13:38:48:434 ItemTable: loaded 10138 items.
INFO 13:38:48:456 Race: race appearances initializable.
INFO 13:38:48:464 PlayerTable: loaded 104 player templates.
WARNING 13:38:48:661 DropTable: not found items [50048]
INFO 13:38:48:661 DropTable: load drop for 407 npcs and 126 for resourse.
INFO 13:38:48:669 TownTable: initialized.
WARNING 13:38:48:687 NpcDialogTable: detected once the file C:\Users\jorou\Downloads\TeraOnlineServer_Shock_1732\gameserver\.\data\dialogs\dialogs.txt
INFO 13:38:48:712 NpcDialogTable: loaded 87 dialogs.
INFO 13:38:48:723 MessagePackageTable: loaded 34 message packages.
INFO 13:38:48:754 ConfigAITable: loaded 45 npc ai configs.
INFO 13:38:48:764 NpcAppearanceTable: initialized. Loaded 59 appearances.
WARNING 13:38:48:886 NpcTable: detected once the file C:\Users\jorou\Downloads\TeraOnlineServer_Shock_1732\gameserver\.\data\npcs\summons\playable_summons.zip
INFO 13:38:48:892 NpcTable: loaded  816 npcs.
INFO 13:38:48:903 ResourseTable: loaded  253 resourses.
INFO 13:38:48:912 MinionTable: loaded 303 minions for 42 npcs.
INFO 13:38:48:912 RegenTaskManager: initializable.
INFO 13:38:48:919 Formulas: initialized.
INFO 13:38:48:921 EffectTaskManager: initialized.
INFO 13:38:49:251 ObjectEventManager: initialized.
INFO 13:38:49:251 MoveTaskManager: initialized.
INFO 13:38:49:672 SpawnTable: loaded 19515 spawns for 617 npcs and 2013 spawns for 60 resourses.
INFO 13:38:49:714 GeoMap3D: start fast import geodata_1.dat
INFO 13:38:49:944 GeoMap3D: import ended. load 1867238 quards.
INFO 13:38:49:959 GeoMap3D: start fast import geodata_2.dat
INFO 13:38:50:034 GeoMap3D: import ended. load 440227 quards.
INFO 13:38:50:038 GeoMap3D: start fast import geodata_3.dat
INFO 13:38:50:053 GeoMap3D: import ended. load 58040 quards.
INFO 13:38:50:054 GeoManager: initialized.
INFO 13:38:50:056 ItemExecutorManager: loaded 0 executor items.
INFO 13:38:50:069 CommandManager: loaded 94 commands.
INFO 13:38:50:083 SkillLearnManager: loaded 950 skill learn's for 8 clases.
INFO 13:38:50:085 AnnounceManager: loaded 0 start announces and 0 running announces.
INFO 13:38:50:091 AccountManager: initialized.
INFO 13:38:50:094 GuildManager: loaded 0 guilds.
INFO 13:38:50:378 QuestManager: loaded 455 quests.
INFO 13:38:50:389 OnlineManager: initialized.
INFO 13:38:50:401 GameLogManager: initialized.
INFO 13:38:50:495 Region: next battle "Veritas District" in 2020.06.28 16:00.
INFO 13:38:50:499 Region: next battle "Ostgarath" in 2020.06.28 16:00.
INFO 13:38:50:505 Region: next battle "Val Palrada" in 2020.06.27 20:00.
INFO 13:38:50:509 Region: next battle "Val Aureum" in 2020.06.27 20:00.
INFO 13:38:50:511 EventManager: loaded 5 events.
INFO 13:38:50:652 EventManager: the nearest event in 31 minutes.
INFO 13:38:50:659 PlayerManager: initialized.
INFO 13:38:50:667 Network: started.
INFO 13:38:50:668 GameServer: started.
INFO 13:39:01:506 AccountManager: authed islanzadie
INFO 13:41:53:504 AccountManager: close islanzadie
