INFO 21:35:34:332 ServerControl: open server socket on 2101 port.
INFO 21:35:34:341 ExecutorManager: initialized.
INFO 21:35:34:713 CleaningManager: delete 0 reuses from a character_skill_reuses.
INFO 21:35:34:713 CleaningManager: delete 0 spawns from a boss_spawn.
INFO 21:35:34:714 CleaningManager: delete 0 appearances from a character_appearances.
INFO 21:35:34:714 CleaningManager: delete 0 effects from a character_save_effects.
INFO 21:35:34:716 CleaningManager: delete 0 inventors from a character_inventors.
INFO 21:35:34:717 CleaningManager: delete 0 skills from a character_skills.
INFO 21:35:34:718 CleaningManager: delete 0 hotkeys from a character_hotkey.
INFO 21:35:34:720 CleaningManager: delete 0 chars from a character_friends.
INFO 21:35:34:728 CleaningManager: delete 0 friends from a character_friends.
INFO 21:35:34:729 CleaningManager: delete 0 settings from a character_settings.
INFO 21:35:34:752 CleaningManager: delete 1248 empty items from a items.
INFO 21:35:34:752 CleaningManager: delete 0 no owner items from a items.
INFO 21:35:34:753 CleaningManager: delete 0 no owner guild items from a items.
INFO 21:35:34:865 CleaningManager: create buffer table items.
INFO 21:35:34:867 CleaningManager: copy 21 items to buffer_items.
INFO 21:35:34:868 CleaningManager: delete 0 no owner items from a buffer_items.
INFO 21:35:34:881 CleaningManager: drop buffer table items.
INFO 21:35:34:881 CleaningManager: delete 0 from a quests.
INFO 21:35:34:882 CleaningManager: delete 0 from a quest variables.
INFO 21:35:34:882 CleaningManager: delete 0 from a guild ranks.
INFO 21:35:34:921 ClientPacketType: client packets prepared.
INFO 21:35:34:949 EffectParser: initialized.
INFO 21:35:34:951 RandomManager: initialized.
INFO 21:35:34:952 IdFactory: prepare npc ids...
INFO 21:35:34:953 BitSetIdGenerator: 102912 id's available.
INFO 21:35:34:954 IdFactory: prepare objects ids...
INFO 21:35:34:954 BitSetIdGenerator: 102912 id's available.
INFO 21:35:34:955 IdFactory: prepare players ids...
INFO 21:35:34:958 BitSetIdGenerator: extracted 3 ids.
INFO 21:35:34:958 BitSetIdGenerator: 102912 id's available.
INFO 21:35:34:958 IdFactory: prepare guilds ids...
INFO 21:35:34:959 BitSetIdGenerator: extracted 0 ids.
INFO 21:35:34:959 BitSetIdGenerator: 102912 id's available.
INFO 21:35:34:960 IdFactory: prepare item ids...
INFO 21:35:34:961 BitSetIdGenerator: extracted 21 ids.
INFO 21:35:34:961 BitSetIdGenerator: 102912 id's available.
INFO 21:35:34:971 ServerVarManager: loaded 0 variables.
INFO 21:35:34:975 BossSpawnManager: loaded 0 boss spawns.
INFO 21:35:35:694 TerritoryTable: loaded 160 territories for 18803 regions.
INFO 21:35:37:074 WorldZoneTable: loaded 12 world zones for 31986 regions.
INFO 21:35:37:076 ConditionParser: initializable.
WARNING 21:35:37:594 SkillTable: detected once the file C:\Users\jorou\Downloads\TeraOnlineServer_Shock_1732\gameserver\.\data\skills\summon_skills\deprecated.zip
INFO 21:35:37:613 SkillTable: loaded 4613 skills for 19 classes.
INFO 21:35:38:068 ItemTable: loaded 10138 items.
INFO 21:35:38:078 Race: race appearances initializable.
INFO 21:35:38:084 PlayerTable: loaded 104 player templates.
INFO 21:35:38:424 DropTable: load drop for 407 npcs and 126 for resourse.
INFO 21:35:38:439 TownTable: initialized.
WARNING 21:35:38:483 NpcDialogTable: detected once the file C:\Users\jorou\Downloads\TeraOnlineServer_Shock_1732\gameserver\.\data\dialogs\dialogs.txt
INFO 21:35:38:573 NpcDialogTable: loaded 87 dialogs.
INFO 21:35:38:604 MessagePackageTable: loaded 34 message packages.
INFO 21:35:38:679 ConfigAITable: loaded 45 npc ai configs.
INFO 21:35:38:710 NpcAppearanceTable: initialized. Loaded 59 appearances.
WARNING 21:35:39:051 NpcTable: detected once the file C:\Users\jorou\Downloads\TeraOnlineServer_Shock_1732\gameserver\.\data\npcs\summons\playable_summons.zip
INFO 21:35:39:158 NpcTable: loaded  816 npcs.
INFO 21:35:39:187 ResourseTable: loaded  253 resourses.
INFO 21:35:39:206 MinionTable: loaded 303 minions for 42 npcs.
INFO 21:35:39:206 RegenTaskManager: initializable.
INFO 21:35:39:218 Formulas: initialized.
INFO 21:35:39:221 EffectTaskManager: initialized.
INFO 21:35:39:875 ObjectEventManager: initialized.
INFO 21:35:39:875 MoveTaskManager: initialized.
INFO 21:35:40:318 SpawnTable: loaded 19515 spawns for 617 npcs and 2013 spawns for 60 resourses.
INFO 21:35:40:332 GeoMap3D: start fast import geodata_1.dat
INFO 21:35:40:720 GeoMap3D: import ended. load 1867238 quards.
INFO 21:35:40:721 GeoMap3D: start fast import geodata_2.dat
INFO 21:35:40:813 GeoMap3D: import ended. load 440227 quards.
INFO 21:35:40:814 GeoMap3D: start fast import geodata_3.dat
INFO 21:35:40:844 GeoMap3D: import ended. load 58040 quards.
INFO 21:35:40:844 GeoManager: initialized.
INFO 21:35:40:847 ItemExecutorManager: loaded 0 executor items.
INFO 21:35:40:855 CommandManager: loaded 94 commands.
INFO 21:35:40:862 SkillLearnManager: loaded 950 skill learn's for 8 clases.
INFO 21:35:40:865 AnnounceManager: loaded 0 start announces and 0 running announces.
INFO 21:35:40:866 AccountManager: initialized.
INFO 21:35:40:869 GuildManager: loaded 0 guilds.
INFO 21:35:41:376 QuestManager: loaded 455 quests.
INFO 21:35:41:377 OnlineManager: initialized.
INFO 21:35:41:381 GameLogManager: initialized.
INFO 21:35:41:474 Region: next battle "Veritas District" in 2020.06.21 16:00.
INFO 21:35:41:476 Region: next battle "Ostgarath" in 2020.06.21 16:00.
INFO 21:35:41:478 Region: next battle "Val Palrada" in 2020.06.20 20:00.
INFO 21:35:41:480 Region: next battle "Val Aureum" in 2020.06.20 20:00.
INFO 21:35:41:481 EventManager: loaded 5 events.
INFO 21:35:41:594 EventManager: the nearest event in 53 minutes.
INFO 21:35:41:597 PlayerManager: initialized.
INFO 21:35:41:607 Network: started.
INFO 21:35:41:608 GameServer: started.
INFO 21:36:51:926 AccountManager: authed islanzadie
INFO 21:52:07:405 AccountManager: close islanzadie
