INFO 08:47:40:550 ServerControl: open server socket on 2101 port.
INFO 08:47:40:600 ExecutorManager: initialized.
INFO 08:47:41:332 CleaningManager: delete 2 reuses from a character_skill_reuses.
INFO 08:47:41:360 CleaningManager: delete 0 spawns from a boss_spawn.
INFO 08:47:41:416 CleaningManager: delete 0 appearances from a character_appearances.
INFO 08:47:41:484 CleaningManager: delete 0 effects from a character_save_effects.
INFO 08:47:41:554 CleaningManager: delete 0 inventors from a character_inventors.
INFO 08:47:41:628 CleaningManager: delete 0 skills from a character_skills.
INFO 08:47:41:674 CleaningManager: delete 0 hotkeys from a character_hotkey.
INFO 08:47:41:708 CleaningManager: delete 0 chars from a character_friends.
INFO 08:47:41:709 CleaningManager: delete 0 friends from a character_friends.
INFO 08:47:41:730 CleaningManager: delete 0 settings from a character_settings.
INFO 08:47:41:807 CleaningManager: delete 5 empty items from a items.
INFO 08:47:41:808 CleaningManager: delete 0 no owner items from a items.
INFO 08:47:41:887 CleaningManager: delete 0 no owner guild items from a items.
INFO 08:47:41:937 CleaningManager: create buffer table items.
INFO 08:47:41:939 CleaningManager: copy 246 items to buffer_items.
INFO 08:47:41:940 CleaningManager: delete 0 no owner items from a buffer_items.
INFO 08:47:41:951 CleaningManager: drop buffer table items.
INFO 08:47:41:995 CleaningManager: delete 0 from a quests.
INFO 08:47:42:022 CleaningManager: delete 0 from a quest variables.
INFO 08:47:42:066 CleaningManager: delete 0 from a guild ranks.
INFO 08:47:42:157 ClientPacketType: client packets prepared.
INFO 08:47:42:168 EffectParser: initialized.
INFO 08:47:42:188 RandomManager: initialized.
INFO 08:47:42:189 IdFactory: prepare npc ids...
INFO 08:47:42:199 BitSetIdGenerator: 102912 id's available.
INFO 08:47:42:200 IdFactory: prepare objects ids...
INFO 08:47:42:200 BitSetIdGenerator: 102912 id's available.
INFO 08:47:42:200 IdFactory: prepare players ids...
INFO 08:47:42:202 BitSetIdGenerator: extracted 13 ids.
INFO 08:47:42:203 BitSetIdGenerator: 102912 id's available.
INFO 08:47:42:203 IdFactory: prepare guilds ids...
INFO 08:47:42:204 BitSetIdGenerator: extracted 1 ids.
INFO 08:47:42:204 BitSetIdGenerator: 102912 id's available.
INFO 08:47:42:204 IdFactory: prepare item ids...
INFO 08:47:42:206 BitSetIdGenerator: extracted 246 ids.
INFO 08:47:42:207 BitSetIdGenerator: 102912 id's available.
INFO 08:47:42:243 ServerVarManager: loaded 0 variables.
INFO 08:47:42:246 BossSpawnManager: loaded 0 boss spawns.
INFO 08:47:42:943 TerritoryTable: loaded 160 territories for 18803 regions.
INFO 08:47:44:225 WorldZoneTable: loaded 12 world zones for 31986 regions.
INFO 08:47:44:228 ConditionParser: initializable.
WARNING 08:47:45:048 SkillTable: detected once the file C:\Users\jorou\Downloads\TeraOnlineServer_Shock_1732\gameserver\.\data\skills\summon_skills\deprecated.zip
INFO 08:47:45:127 SkillTable: loaded 4613 skills for 19 classes.
WARNING 08:47:45:134 ItemTable: detected once the file C:\Users\jorou\Downloads\TeraOnlineServer_Shock_1732\gameserver\.\data\items\adaptations.txt
INFO 08:47:45:463 ItemTable: loaded 10138 items.
INFO 08:47:45:552 Race: race appearances initializable.
INFO 08:47:45:573 PlayerTable: loaded 104 player templates.
WARNING 08:47:45:990 DropTable: not found items [50048]
INFO 08:47:45:991 DropTable: load drop for 407 npcs and 126 for resourse.
INFO 08:47:46:009 TownTable: initialized.
WARNING 08:47:46:045 NpcDialogTable: detected once the file C:\Users\jorou\Downloads\TeraOnlineServer_Shock_1732\gameserver\.\data\dialogs\dialogs.txt
INFO 08:47:46:119 NpcDialogTable: loaded 87 dialogs.
INFO 08:47:46:140 MessagePackageTable: loaded 34 message packages.
INFO 08:47:46:207 ConfigAITable: loaded 45 npc ai configs.
INFO 08:47:46:238 NpcAppearanceTable: initialized. Loaded 59 appearances.
WARNING 08:47:46:656 NpcTable: found duplicate npc template NpcTemplate npcId = 30002, exp = 0, attack = 300000, defense = 1000, owerAttack = 15000, owerDefense = 13000, level = 100, aggro = 100, factionRange = 5000, name = *Elleon*, title = Valkyon's Hero, factionId = Alliance of Argons, type = 300, isRaid = false, canDrop = false, drop = null, minions = null, dialog = null, geomRadius = 20.0, geomHeight = 60.0, npcType = PLAYER_KILLER in file .\data\npcs\south_arun\velika_outskirt.xml
WARNING 08:47:46:657 NpcTable: found duplicate npc template NpcTemplate npcId = 30004, exp = 0, attack = 40000, defense = 4000, owerAttack = 1500, owerDefense = 7000, level = 100, aggro = 100, factionRange = 5000, name = *Klaris*, title = Wise mage, factionId = Alliance of Argons, type = 300, isRaid = false, canDrop = false, drop = null, minions = null, dialog = null, geomRadius = 20.0, geomHeight = 60.0, npcType = PLAYER_KILLER in file .\data\npcs\south_arun\velika_outskirt.xml
WARNING 08:47:46:658 NpcTable: found duplicate npc template NpcTemplate npcId = 30005, exp = 0, attack = 91000, defense = 5000, owerAttack = 1500, owerDefense = 10000, level = 100, aggro = 100, factionRange = 5000, name = *Joff*, title = Open minded, factionId = Alliance of Argons, type = 300, isRaid = false, canDrop = false, drop = null, minions = null, dialog = null, geomRadius = 30.0, geomHeight = 70.0, npcType = PLAYER_KILLER in file .\data\npcs\south_arun\velika_outskirt.xml
WARNING 08:47:46:658 NpcTable: found duplicate npc template NpcTemplate npcId = 30007, exp = 0, attack = 300000, defense = 5000, owerAttack = 14500, owerDefense = 15000, level = 100, aggro = 100, factionRange = 5000, name = *KLei*, title = Testing, factionId = Alliance of Argons, type = 300, isRaid = false, canDrop = false, drop = null, minions = null, dialog = null, geomRadius = 25.0, geomHeight = 70.0, npcType = PLAYER_KILLER in file .\data\npcs\south_arun\velika_outskirt.xml
WARNING 08:47:46:659 NpcTable: found duplicate npc template NpcTemplate npcId = 30008, exp = 0, attack = 91000, defense = 11000, owerAttack = 1000, owerDefense = 20000, level = 100, aggro = 100, factionRange = 5000, name = *Arei*, title = HUrrrr durrrr, factionId = Alliance of Argons, type = 300, isRaid = false, canDrop = false, drop = null, minions = null, dialog = null, geomRadius = 30.0, geomHeight = 70.0, npcType = PLAYER_KILLER in file .\data\npcs\south_arun\velika_outskirt.xml
WARNING 08:47:46:660 NpcTable: found duplicate npc template NpcTemplate npcId = 30010, exp = 0, attack = 410000, defense = 4000, owerAttack = 1500, owerDefense = 7000, level = 100, aggro = 100, factionRange = 5000, name = *Lola*, title = Lover, factionId = Alliance of Argons, type = 300, isRaid = false, canDrop = false, drop = null, minions = null, dialog = null, geomRadius = 20.0, geomHeight = 60.0, npcType = PLAYER_KILLER in file .\data\npcs\south_arun\velika_outskirt.xml
WARNING 08:47:46:704 NpcTable: detected once the file C:\Users\jorou\Downloads\TeraOnlineServer_Shock_1732\gameserver\.\data\npcs\summons\playable_summons.zip
INFO 08:47:46:739 NpcTable: loaded  816 npcs.
INFO 08:47:46:773 ResourseTable: loaded  253 resourses.
INFO 08:47:46:791 MinionTable: loaded 303 minions for 42 npcs.
INFO 08:47:46:791 RegenTaskManager: initializable.
INFO 08:47:46:804 Formulas: initialized.
INFO 08:47:46:805 EffectTaskManager: initialized.
INFO 08:47:47:677 ObjectEventManager: initialized.
INFO 08:47:47:678 MoveTaskManager: initialized.
INFO 08:47:48:057 SpawnTable: loaded 19523 spawns for 622 npcs and 2013 spawns for 60 resourses.
INFO 08:47:48:119 GeoMap3D: start fast import geodata_1.dat
INFO 08:47:48:477 GeoMap3D: import ended. load 1867238 quards.
INFO 08:47:48:478 GeoMap3D: start fast import geodata_2.dat
INFO 08:47:48:546 GeoMap3D: import ended. load 440227 quards.
INFO 08:47:48:547 GeoMap3D: start fast import geodata_3.dat
INFO 08:47:48:616 GeoMap3D: import ended. load 58040 quards.
INFO 08:47:48:616 GeoManager: initialized.
INFO 08:47:48:623 ItemExecutorManager: loaded 0 executor items.
INFO 08:47:48:631 CommandManager: loaded 96 commands.
INFO 08:47:48:649 SkillLearnManager: loaded 950 skill learn's for 8 clases.
INFO 08:47:48:651 AnnounceManager: loaded 0 start announces and 0 running announces.
INFO 08:47:48:652 AccountManager: initialized.
INFO 08:47:48:662 GuildManager: loaded 1 guilds.
INFO 08:47:48:912 QuestManager: loaded 455 quests.
INFO 08:47:48:931 OnlineManager: initialized.
INFO 08:47:49:006 GameLogManager: initialized.
INFO 08:47:49:273 Region: next battle "Veritas District" in 2020.06.28 16:00.
INFO 08:47:49:275 Region: next battle "Ostgarath" in 2020.06.28 16:00.
INFO 08:47:49:280 Region: next battle "Val Palrada" in 2020.07.04 20:00.
INFO 08:47:49:283 Region: next battle "Val Aureum" in 2020.07.04 20:00.
INFO 08:47:49:283 EventManager: loaded 5 events.
INFO 08:47:49:396 EventManager: the nearest event in 54 minutes.
INFO 08:47:49:399 PlayerManager: initialized.
INFO 08:47:49:463 Network: started.
INFO 08:47:49:463 GameServer: started.
INFO 08:52:03:328 AccountManager: authed islanzadie
WARNING 09:55:10:842 ItemTable: detected once the file C:\Users\jorou\Downloads\TeraOnlineServer_Shock_1732\gameserver\.\data\items\adaptations.txt
INFO 09:55:11:466 ItemTable: reloaded items.
INFO 10:00:21:850 AccountManager: authed islanzadie
INFO 10:00:21:856 AccountManager: close islanzadie
INFO 10:05:27:118 AccountManager: authed tsuka
WARNING 10:09:34:368 ItemTable: detected once the file C:\Users\jorou\Downloads\TeraOnlineServer_Shock_1732\gameserver\.\data\items\adaptations.txt
INFO 10:09:34:917 ItemTable: reloaded items.
WARNING 10:11:34:993 SkillTable: detected once the file C:\Users\jorou\Downloads\TeraOnlineServer_Shock_1732\gameserver\.\data\skills\summon_skills\deprecated.zip
INFO 10:11:35:334 SkillTable: skills reloaded.
WARNING 10:12:51:519 SkillTable: detected once the file C:\Users\jorou\Downloads\TeraOnlineServer_Shock_1732\gameserver\.\data\skills\summon_skills\deprecated.zip
INFO 10:12:51:589 SkillTable: skills reloaded.
WARNING 10:13:26:572 SkillTable: detected once the file C:\Users\jorou\Downloads\TeraOnlineServer_Shock_1732\gameserver\.\data\skills\summon_skills\deprecated.zip
INFO 10:13:26:662 SkillTable: skills reloaded.
WARNING 10:16:47:625 SkillTable: detected once the file C:\Users\jorou\Downloads\TeraOnlineServer_Shock_1732\gameserver\.\data\skills\summon_skills\deprecated.zip
INFO 10:16:47:652 SkillTable: skills reloaded.
WARNING 10:17:07:579 SkillTable: detected once the file C:\Users\jorou\Downloads\TeraOnlineServer_Shock_1732\gameserver\.\data\skills\summon_skills\deprecated.zip
INFO 10:17:07:592 SkillTable: skills reloaded.
WARNING 10:19:17:395 ItemTable: detected once the file C:\Users\jorou\Downloads\TeraOnlineServer_Shock_1732\gameserver\.\data\items\adaptations.txt
INFO 10:19:17:979 ItemTable: reloaded items.
INFO 12:11:27:054 AccountManager: close islanzadie
INFO 12:11:28:398 AccountManager: close tsuka
