INFO 17:45:54:148 ServerControl: open server socket on 2101 port.
INFO 17:45:54:155 ExecutorManager: initialized.
INFO 17:45:54:609 CleaningManager: delete 2 reuses from a character_skill_reuses.
INFO 17:45:54:610 CleaningManager: delete 0 spawns from a boss_spawn.
INFO 17:45:54:611 CleaningManager: delete 0 appearances from a character_appearances.
INFO 17:45:54:611 CleaningManager: delete 0 effects from a character_save_effects.
INFO 17:45:54:612 CleaningManager: delete 0 inventors from a character_inventors.
INFO 17:45:54:613 CleaningManager: delete 0 skills from a character_skills.
INFO 17:45:54:614 CleaningManager: delete 0 hotkeys from a character_hotkey.
INFO 17:45:54:615 CleaningManager: delete 0 chars from a character_friends.
INFO 17:45:54:616 CleaningManager: delete 0 friends from a character_friends.
INFO 17:45:54:616 CleaningManager: delete 0 settings from a character_settings.
INFO 17:45:54:618 CleaningManager: delete 20 empty items from a items.
INFO 17:45:54:619 CleaningManager: delete 0 no owner items from a items.
INFO 17:45:54:621 CleaningManager: delete 0 no owner guild items from a items.
INFO 17:45:54:692 CleaningManager: create buffer table items.
INFO 17:45:54:694 CleaningManager: copy 112 items to buffer_items.
INFO 17:45:54:695 CleaningManager: delete 0 no owner items from a buffer_items.
INFO 17:45:54:707 CleaningManager: drop buffer table items.
INFO 17:45:54:708 CleaningManager: delete 0 from a quests.
INFO 17:45:54:708 CleaningManager: delete 0 from a quest variables.
INFO 17:45:54:709 CleaningManager: delete 0 from a guild ranks.
INFO 17:45:54:761 ClientPacketType: client packets prepared.
INFO 17:45:54:773 EffectParser: initialized.
INFO 17:45:54:776 RandomManager: initialized.
INFO 17:45:54:776 IdFactory: prepare npc ids...
INFO 17:45:54:778 BitSetIdGenerator: 102912 id's available.
INFO 17:45:54:778 IdFactory: prepare objects ids...
INFO 17:45:54:779 BitSetIdGenerator: 102912 id's available.
INFO 17:45:54:779 IdFactory: prepare players ids...
INFO 17:45:54:782 BitSetIdGenerator: extracted 9 ids.
INFO 17:45:54:782 BitSetIdGenerator: 102912 id's available.
INFO 17:45:54:783 IdFactory: prepare guilds ids...
INFO 17:45:54:784 BitSetIdGenerator: extracted 1 ids.
INFO 17:45:54:784 BitSetIdGenerator: 102912 id's available.
INFO 17:45:54:784 IdFactory: prepare item ids...
INFO 17:45:54:786 BitSetIdGenerator: extracted 112 ids.
INFO 17:45:54:787 BitSetIdGenerator: 102912 id's available.
INFO 17:45:54:798 ServerVarManager: loaded 0 variables.
INFO 17:45:54:800 BossSpawnManager: loaded 0 boss spawns.
INFO 17:45:55:570 TerritoryTable: loaded 160 territories for 18803 regions.
INFO 17:45:56:994 WorldZoneTable: loaded 12 world zones for 31986 regions.
INFO 17:45:56:996 ConditionParser: initializable.
WARNING 17:45:57:581 SkillTable: detected once the file C:\Users\jorou\Downloads\TeraOnlineServer_Shock_1732\gameserver\.\data\skills\summon_skills\deprecated.zip
INFO 17:45:57:611 SkillTable: loaded 4613 skills for 19 classes.
INFO 17:45:58:065 ItemTable: loaded 10138 items.
INFO 17:45:58:077 Race: race appearances initializable.
INFO 17:45:58:090 PlayerTable: loaded 104 player templates.
WARNING 17:45:58:294 DropTable: not found items [50048]
INFO 17:45:58:295 DropTable: load drop for 407 npcs and 126 for resourse.
INFO 17:45:58:308 TownTable: initialized.
WARNING 17:45:58:327 NpcDialogTable: detected once the file C:\Users\jorou\Downloads\TeraOnlineServer_Shock_1732\gameserver\.\data\dialogs\dialogs.txt
INFO 17:45:58:377 NpcDialogTable: loaded 87 dialogs.
INFO 17:45:58:397 MessagePackageTable: loaded 34 message packages.
INFO 17:45:58:447 ConfigAITable: loaded 45 npc ai configs.
INFO 17:45:58:460 NpcAppearanceTable: initialized. Loaded 59 appearances.
WARNING 17:45:58:598 NpcTable: detected once the file C:\Users\jorou\Downloads\TeraOnlineServer_Shock_1732\gameserver\.\data\npcs\summons\playable_summons.zip
INFO 17:45:58:606 NpcTable: loaded  816 npcs.
INFO 17:45:58:630 ResourseTable: loaded  253 resourses.
INFO 17:45:58:648 MinionTable: loaded 303 minions for 42 npcs.
INFO 17:45:58:649 RegenTaskManager: initializable.
INFO 17:45:58:657 Formulas: initialized.
INFO 17:45:58:662 EffectTaskManager: initialized.
INFO 17:45:58:982 ObjectEventManager: initialized.
INFO 17:45:58:984 MoveTaskManager: initialized.
INFO 17:45:59:501 SpawnTable: loaded 19515 spawns for 617 npcs and 2013 spawns for 60 resourses.
INFO 17:45:59:536 GeoMap3D: start fast import geodata_1.dat
INFO 17:45:59:781 GeoMap3D: import ended. load 1867238 quards.
INFO 17:45:59:781 GeoMap3D: start fast import geodata_2.dat
INFO 17:45:59:873 GeoMap3D: import ended. load 440227 quards.
INFO 17:45:59:873 GeoMap3D: start fast import geodata_3.dat
INFO 17:45:59:880 GeoMap3D: import ended. load 58040 quards.
INFO 17:45:59:881 GeoManager: initialized.
INFO 17:45:59:885 ItemExecutorManager: loaded 0 executor items.
INFO 17:45:59:898 CommandManager: loaded 94 commands.
INFO 17:45:59:909 SkillLearnManager: loaded 950 skill learn's for 8 clases.
INFO 17:45:59:922 AnnounceManager: loaded 0 start announces and 0 running announces.
INFO 17:45:59:924 AccountManager: initialized.
INFO 17:45:59:939 GuildManager: loaded 1 guilds.
INFO 17:46:00:381 QuestManager: loaded 455 quests.
INFO 17:46:00:384 OnlineManager: initialized.
INFO 17:46:00:407 GameLogManager: initialized.
INFO 17:46:00:487 Region: next battle "Veritas District" in 2020.06.28 16:00.
INFO 17:46:00:490 Region: next battle "Ostgarath" in 2020.06.28 16:00.
INFO 17:46:00:492 Region: next battle "Val Palrada" in 2020.06.27 20:00.
INFO 17:46:00:494 Region: next battle "Val Aureum" in 2020.06.27 20:00.
INFO 17:46:00:495 EventManager: loaded 5 events.
INFO 17:46:00:614 EventManager: the nearest event in 41 minutes.
INFO 17:46:00:618 PlayerManager: initialized.
INFO 17:46:00:628 Network: started.
INFO 17:46:00:629 GameServer: started.
INFO 17:46:05:127 AccountManager: authed islanzadie
INFO 17:47:20:530 AccountManager: authed Joalin
INFO 17:47:58:678 AccountManager: close islanzadie
INFO 18:00:50:260 AccountManager: authed islanzadie
INFO 18:02:23:817 AccountManager: close islanzadie
