INFO 14:27:34:913 ServerControl: open server socket on 2101 port.
INFO 14:27:34:919 ExecutorManager: initialized.
INFO 14:27:35:303 CleaningManager: delete 0 reuses from a character_skill_reuses.
INFO 14:27:35:306 CleaningManager: delete 0 spawns from a boss_spawn.
INFO 14:27:35:307 CleaningManager: delete 0 appearances from a character_appearances.
INFO 14:27:35:308 CleaningManager: delete 0 effects from a character_save_effects.
INFO 14:27:35:309 CleaningManager: delete 0 inventors from a character_inventors.
INFO 14:27:35:314 CleaningManager: delete 0 skills from a character_skills.
INFO 14:27:35:316 CleaningManager: delete 0 hotkeys from a character_hotkey.
INFO 14:27:35:316 CleaningManager: delete 0 chars from a character_friends.
INFO 14:27:35:318 CleaningManager: delete 0 friends from a character_friends.
INFO 14:27:35:319 CleaningManager: delete 0 settings from a character_settings.
INFO 14:27:35:320 CleaningManager: delete 1 empty items from a items.
INFO 14:27:35:323 CleaningManager: delete 0 no owner items from a items.
INFO 14:27:35:325 CleaningManager: delete 0 no owner guild items from a items.
INFO 14:27:35:378 CleaningManager: create buffer table items.
INFO 14:27:35:383 CleaningManager: copy 254 items to buffer_items.
INFO 14:27:35:385 CleaningManager: delete 0 no owner items from a buffer_items.
INFO 14:27:35:399 CleaningManager: drop buffer table items.
INFO 14:27:35:401 CleaningManager: delete 0 from a quests.
INFO 14:27:35:403 CleaningManager: delete 0 from a quest variables.
INFO 14:27:35:404 CleaningManager: delete 0 from a guild ranks.
INFO 14:27:35:454 ClientPacketType: client packets prepared.
INFO 14:27:35:467 EffectParser: initialized.
INFO 14:27:35:470 RandomManager: initialized.
INFO 14:27:35:471 IdFactory: prepare npc ids...
INFO 14:27:35:474 BitSetIdGenerator: 102912 id's available.
INFO 14:27:35:475 IdFactory: prepare objects ids...
INFO 14:27:35:475 BitSetIdGenerator: 102912 id's available.
INFO 14:27:35:476 IdFactory: prepare players ids...
INFO 14:27:35:479 BitSetIdGenerator: extracted 13 ids.
INFO 14:27:35:479 BitSetIdGenerator: 102912 id's available.
INFO 14:27:35:479 IdFactory: prepare guilds ids...
INFO 14:27:35:481 BitSetIdGenerator: extracted 1 ids.
INFO 14:27:35:481 BitSetIdGenerator: 102912 id's available.
INFO 14:27:35:482 IdFactory: prepare item ids...
INFO 14:27:35:486 BitSetIdGenerator: extracted 254 ids.
INFO 14:27:35:487 BitSetIdGenerator: 102912 id's available.
INFO 14:27:35:500 ServerVarManager: loaded 0 variables.
INFO 14:27:35:504 BossSpawnManager: loaded 0 boss spawns.
INFO 14:27:36:287 TerritoryTable: loaded 160 territories for 18803 regions.
INFO 14:27:37:948 WorldZoneTable: loaded 12 world zones for 31986 regions.
INFO 14:27:37:950 ConditionParser: initializable.
WARNING 14:27:38:718 SkillTable: detected once the file C:\Users\jorou\Downloads\TeraOnlineServer_Shock_1732\gameserver\.\data\skills\summon_skills\deprecated.zip
INFO 14:27:38:745 SkillTable: loaded 4613 skills for 19 classes.
WARNING 14:27:38:751 ItemTable: detected once the file C:\Users\jorou\Downloads\TeraOnlineServer_Shock_1732\gameserver\.\data\items\adaptations.txt
INFO 14:27:39:269 ItemTable: loaded 10138 items.
INFO 14:27:39:302 Race: race appearances initializable.
INFO 14:27:39:316 PlayerTable: loaded 104 player templates.
WARNING 14:27:39:568 DropTable: not found items [50048]
INFO 14:27:39:568 DropTable: load drop for 407 npcs and 126 for resourse.
INFO 14:27:39:572 TownTable: initialized.
WARNING 14:27:39:612 NpcDialogTable: detected once the file C:\Users\jorou\Downloads\TeraOnlineServer_Shock_1732\gameserver\.\data\dialogs\dialogs.txt
INFO 14:27:39:665 NpcDialogTable: loaded 87 dialogs.
INFO 14:27:39:678 MessagePackageTable: loaded 34 message packages.
INFO 14:27:39:728 ConfigAITable: loaded 45 npc ai configs.
INFO 14:27:39:775 NpcAppearanceTable: initialized. Loaded 59 appearances.
WARNING 14:27:40:006 NpcTable: found duplicate npc template NpcTemplate npcId = 30002, exp = 0, attack = 300000, defense = 1000, owerAttack = 15000, owerDefense = 13000, level = 100, aggro = 100, factionRange = 5000, name = *Elleon*, title = Valkyon's Hero, factionId = Alliance of Argons, type = 300, isRaid = false, canDrop = false, drop = null, minions = null, dialog = null, geomRadius = 20.0, geomHeight = 60.0, npcType = PLAYER_KILLER in file .\data\npcs\south_arun\velika_outskirt.xml
WARNING 14:27:40:007 NpcTable: found duplicate npc template NpcTemplate npcId = 30004, exp = 0, attack = 40000, defense = 4000, owerAttack = 1500, owerDefense = 7000, level = 100, aggro = 100, factionRange = 5000, name = *Klaris*, title = Wise mage, factionId = Alliance of Argons, type = 300, isRaid = false, canDrop = false, drop = null, minions = null, dialog = null, geomRadius = 20.0, geomHeight = 60.0, npcType = PLAYER_KILLER in file .\data\npcs\south_arun\velika_outskirt.xml
WARNING 14:27:40:008 NpcTable: found duplicate npc template NpcTemplate npcId = 30005, exp = 0, attack = 91000, defense = 5000, owerAttack = 1500, owerDefense = 10000, level = 100, aggro = 100, factionRange = 5000, name = *Joff*, title = Open minded, factionId = Alliance of Argons, type = 300, isRaid = false, canDrop = false, drop = null, minions = null, dialog = null, geomRadius = 30.0, geomHeight = 70.0, npcType = PLAYER_KILLER in file .\data\npcs\south_arun\velika_outskirt.xml
WARNING 14:27:40:018 NpcTable: found duplicate npc template NpcTemplate npcId = 30007, exp = 0, attack = 300000, defense = 5000, owerAttack = 14500, owerDefense = 15000, level = 100, aggro = 100, factionRange = 5000, name = *KLei*, title = Testing, factionId = Alliance of Argons, type = 300, isRaid = false, canDrop = false, drop = null, minions = null, dialog = null, geomRadius = 25.0, geomHeight = 70.0, npcType = PLAYER_KILLER in file .\data\npcs\south_arun\velika_outskirt.xml
WARNING 14:27:40:020 NpcTable: found duplicate npc template NpcTemplate npcId = 30008, exp = 0, attack = 91000, defense = 11000, owerAttack = 1000, owerDefense = 20000, level = 100, aggro = 100, factionRange = 5000, name = *Arei*, title = HUrrrr durrrr, factionId = Alliance of Argons, type = 300, isRaid = false, canDrop = false, drop = null, minions = null, dialog = null, geomRadius = 30.0, geomHeight = 70.0, npcType = PLAYER_KILLER in file .\data\npcs\south_arun\velika_outskirt.xml
WARNING 14:27:40:023 NpcTable: found duplicate npc template NpcTemplate npcId = 30010, exp = 0, attack = 410000, defense = 4000, owerAttack = 1500, owerDefense = 7000, level = 100, aggro = 100, factionRange = 5000, name = *Lola*, title = Lover, factionId = Alliance of Argons, type = 300, isRaid = false, canDrop = false, drop = null, minions = null, dialog = null, geomRadius = 20.0, geomHeight = 60.0, npcType = PLAYER_KILLER in file .\data\npcs\south_arun\velika_outskirt.xml
WARNING 14:27:40:067 NpcTable: detected once the file C:\Users\jorou\Downloads\TeraOnlineServer_Shock_1732\gameserver\.\data\npcs\summons\playable_summons.zip
INFO 14:27:40:090 NpcTable: loaded  816 npcs.
INFO 14:27:40:132 ResourseTable: loaded  253 resourses.
INFO 14:27:40:155 MinionTable: loaded 303 minions for 42 npcs.
INFO 14:27:40:163 RegenTaskManager: initializable.
INFO 14:27:40:173 Formulas: initialized.
INFO 14:27:40:174 EffectTaskManager: initialized.
INFO 14:27:40:577 ObjectEventManager: initialized.
INFO 14:27:40:583 MoveTaskManager: initialized.
INFO 14:27:41:139 SpawnTable: loaded 19523 spawns for 622 npcs and 2013 spawns for 60 resourses.
INFO 14:27:41:193 GeoMap3D: start fast import geodata_1.dat
INFO 14:27:41:469 GeoMap3D: import ended. load 1867238 quards.
INFO 14:27:41:501 GeoMap3D: start fast import geodata_2.dat
INFO 14:27:41:589 GeoMap3D: import ended. load 440227 quards.
INFO 14:27:41:617 GeoMap3D: start fast import geodata_3.dat
INFO 14:27:41:643 GeoMap3D: import ended. load 58040 quards.
INFO 14:27:41:661 GeoManager: initialized.
INFO 14:27:41:673 ItemExecutorManager: loaded 0 executor items.
INFO 14:27:41:729 CommandManager: loaded 96 commands.
INFO 14:27:41:748 SkillLearnManager: loaded 950 skill learn's for 8 clases.
INFO 14:27:41:836 AnnounceManager: loaded 0 start announces and 0 running announces.
INFO 14:27:41:851 AccountManager: initialized.
INFO 14:27:41:905 GuildManager: loaded 1 guilds.
INFO 14:27:42:496 QuestManager: loaded 455 quests.
INFO 14:27:42:512 OnlineManager: initialized.
INFO 14:27:42:524 GameLogManager: initialized.
INFO 14:27:42:624 Region: next battle "Veritas District" in 2020.06.28 16:00.
INFO 14:27:42:665 Region: next battle "Ostgarath" in 2020.06.28 16:00.
INFO 14:27:42:681 Region: next battle "Val Palrada" in 2020.07.04 20:00.
INFO 14:27:42:682 Region: next battle "Val Aureum" in 2020.07.04 20:00.
INFO 14:27:42:683 EventManager: loaded 5 events.
INFO 14:27:42:856 EventManager: the nearest event in 47 minutes.
INFO 14:27:42:862 PlayerManager: initialized.
INFO 14:27:42:883 Network: started.
INFO 14:27:42:888 GameServer: started.
INFO 14:27:50:529 AccountManager: authed islanzadie
INFO 14:28:24:729 Config: reloaded.
INFO 14:28:57:350 Config: reloaded.
INFO 14:29:42:923 Config: reloaded.
INFO 14:30:53:261 AccountManager: close islanzadie
