INFO 01:21:28:365 ServerControl: open server socket on 2101 port.
INFO 01:21:28:372 ExecutorManager: initialized.
INFO 01:21:29:688 CleaningManager: delete 2 reuses from a character_skill_reuses.
INFO 01:21:29:767 CleaningManager: delete 0 spawns from a boss_spawn.
INFO 01:21:29:873 CleaningManager: delete 0 appearances from a character_appearances.
INFO 01:21:29:900 CleaningManager: delete 0 effects from a character_save_effects.
INFO 01:21:29:929 CleaningManager: delete 0 inventors from a character_inventors.
INFO 01:21:29:971 CleaningManager: delete 0 skills from a character_skills.
INFO 01:21:29:999 CleaningManager: delete 0 hotkeys from a character_hotkey.
INFO 01:21:30:013 CleaningManager: delete 0 chars from a character_friends.
INFO 01:21:30:014 CleaningManager: delete 0 friends from a character_friends.
INFO 01:21:30:059 CleaningManager: delete 0 settings from a character_settings.
INFO 01:21:30:215 CleaningManager: delete 0 empty items from a items.
INFO 01:21:30:216 CleaningManager: delete 0 no owner items from a items.
INFO 01:21:30:351 CleaningManager: delete 0 no owner guild items from a items.
INFO 01:21:30:425 CleaningManager: create buffer table items.
INFO 01:21:30:430 CleaningManager: copy 274 items to buffer_items.
INFO 01:21:30:430 CleaningManager: delete 0 no owner items from a buffer_items.
INFO 01:21:30:441 CleaningManager: drop buffer table items.
INFO 01:21:30:516 CleaningManager: delete 0 from a quests.
INFO 01:21:30:545 CleaningManager: delete 0 from a quest variables.
INFO 01:21:30:577 CleaningManager: delete 0 from a guild ranks.
INFO 01:21:30:752 ClientPacketType: client packets prepared.
INFO 01:21:30:789 EffectParser: initialized.
INFO 01:21:30:812 RandomManager: initialized.
INFO 01:21:30:812 IdFactory: prepare npc ids...
INFO 01:21:30:823 BitSetIdGenerator: 102912 id's available.
INFO 01:21:30:823 IdFactory: prepare objects ids...
INFO 01:21:30:823 BitSetIdGenerator: 102912 id's available.
INFO 01:21:30:824 IdFactory: prepare players ids...
INFO 01:21:30:826 BitSetIdGenerator: extracted 14 ids.
INFO 01:21:30:826 BitSetIdGenerator: 102912 id's available.
INFO 01:21:30:827 IdFactory: prepare guilds ids...
INFO 01:21:30:828 BitSetIdGenerator: extracted 1 ids.
INFO 01:21:30:828 BitSetIdGenerator: 102912 id's available.
INFO 01:21:30:828 IdFactory: prepare item ids...
INFO 01:21:30:830 BitSetIdGenerator: extracted 274 ids.
INFO 01:21:30:830 BitSetIdGenerator: 102912 id's available.
INFO 01:21:30:896 ServerVarManager: loaded 0 variables.
INFO 01:21:30:911 BossSpawnManager: loaded 0 boss spawns.
INFO 01:21:31:626 TerritoryTable: loaded 160 territories for 18803 regions.
INFO 01:21:32:828 WorldZoneTable: loaded 12 world zones for 31986 regions.
INFO 01:21:32:896 ConditionParser: initializable.
WARNING 01:21:33:874 SkillTable: detected once the file C:\Users\jorou\Downloads\TeraOnlineServer_Shock_1732\gameserver\.\data\skills\summon_skills\deprecated.zip
INFO 01:21:33:956 SkillTable: loaded 4613 skills for 19 classes.
WARNING 01:21:34:084 ItemTable: detected once the file C:\Users\jorou\Downloads\TeraOnlineServer_Shock_1732\gameserver\.\data\items\adaptations.txt
INFO 01:21:34:959 ItemTable: loaded 10138 items.
INFO 01:21:35:047 Race: race appearances initializable.
INFO 01:21:35:063 PlayerTable: loaded 104 player templates.
WARNING 01:21:35:405 DropTable: not found items [50048]
INFO 01:21:35:405 DropTable: load drop for 407 npcs and 126 for resourse.
INFO 01:21:35:440 TownTable: initialized.
WARNING 01:21:35:500 NpcDialogTable: detected once the file C:\Users\jorou\Downloads\TeraOnlineServer_Shock_1732\gameserver\.\data\dialogs\dialogs.txt
INFO 01:21:35:705 NpcDialogTable: loaded 87 dialogs.
INFO 01:21:35:780 MessagePackageTable: loaded 34 message packages.
INFO 01:21:35:863 ConfigAITable: loaded 45 npc ai configs.
INFO 01:21:35:887 NpcAppearanceTable: initialized. Loaded 59 appearances.
WARNING 01:21:36:209 DocumentNpc: incorrect file .\data\npcs\playable\bandits.xml
WARNING 01:21:36:210 DocumentNpc: SAXParseException : The string "--" is not permitted within comments. : stack trace:
java.xml/com.sun.org.apache.xerces.internal.parsers.DOMParser.parse(DOMParser.java:261)
java.xml/com.sun.org.apache.xerces.internal.jaxp.DocumentBuilderImpl.parse(DocumentBuilderImpl.java:339)
java.xml/javax.xml.parsers.DocumentBuilder.parse(DocumentBuilder.java:206)
rlib.data.AbstractDocument.parse(AbstractDocument.java:55)
tera.gameserver.tables.NpcTable.<init>(NpcTable.java:68)
tera.gameserver.tables.NpcTable.getInstance(NpcTable.java:37)
tera.gameserver.GameServer.run(GameServer.java:224)

WARNING 01:21:36:211 DocumentNpc: incorrect file .\data\npcs\playable\bandits.xml
WARNING 01:21:36:211 DocumentNpc: NullPointerException : null : stack trace:
tera.gameserver.document.DocumentNpc.parse(DocumentNpc.java:42)
rlib.data.AbstractDocument.parse(AbstractDocument.java:67)
tera.gameserver.tables.NpcTable.<init>(NpcTable.java:68)
tera.gameserver.tables.NpcTable.getInstance(NpcTable.java:37)
tera.gameserver.GameServer.run(GameServer.java:224)

WARNING 01:21:36:410 NpcTable: detected once the file C:\Users\jorou\Downloads\TeraOnlineServer_Shock_1732\gameserver\.\data\npcs\summons\playable_summons.zip
INFO 01:21:36:445 NpcTable: loaded  815 npcs.
INFO 01:21:36:530 ResourseTable: loaded  253 resourses.
INFO 01:21:36:548 MinionTable: loaded 303 minions for 42 npcs.
INFO 01:21:36:549 RegenTaskManager: initializable.
INFO 01:21:36:595 Formulas: initialized.
INFO 01:21:36:596 EffectTaskManager: initialized.
INFO 01:21:37:630 ObjectEventManager: initialized.
INFO 01:21:37:630 MoveTaskManager: initialized.
INFO 01:21:37:974 SpawnTable: loaded 19523 spawns for 622 npcs and 2013 spawns for 60 resourses.
INFO 01:21:38:014 GeoMap3D: start fast import geodata_1.dat
INFO 01:21:38:342 GeoMap3D: import ended. load 1867238 quards.
INFO 01:21:38:343 GeoMap3D: start fast import geodata_2.dat
INFO 01:21:38:454 GeoMap3D: import ended. load 440227 quards.
INFO 01:21:38:463 GeoMap3D: start fast import geodata_3.dat
INFO 01:21:38:507 GeoMap3D: import ended. load 58040 quards.
INFO 01:21:38:507 GeoManager: initialized.
INFO 01:21:38:511 ItemExecutorManager: loaded 0 executor items.
INFO 01:21:38:538 CommandManager: loaded 96 commands.
INFO 01:21:38:563 SkillLearnManager: loaded 950 skill learn's for 8 clases.
INFO 01:21:38:584 AnnounceManager: loaded 0 start announces and 0 running announces.
INFO 01:21:38:586 AccountManager: initialized.
INFO 01:21:38:617 GuildManager: loaded 1 guilds.
INFO 01:21:39:036 QuestManager: loaded 455 quests.
INFO 01:21:39:038 OnlineManager: initialized.
INFO 01:21:39:083 GameLogManager: initialized.
INFO 01:21:39:505 Region: next battle "Veritas District" in 2020.08.23 16:00.
INFO 01:21:39:506 Region: next battle "Ostgarath" in 2020.08.23 16:00.
INFO 01:21:39:508 Region: next battle "Val Palrada" in 2020.08.22 20:00.
INFO 01:21:39:509 Region: next battle "Val Aureum" in 2020.08.22 20:00.
INFO 01:21:39:510 EventManager: loaded 5 events.
INFO 01:21:39:743 EventManager: the nearest event in 55 minutes.
INFO 01:21:39:746 PlayerManager: initialized.
INFO 01:21:39:792 Network: started.
INFO 01:21:39:792 GameServer: started.
