INFO 20:59:04:928 ServerControl: open server socket on 2101 port.
INFO 20:59:04:934 ExecutorManager: initialized.
INFO 20:59:05:297 CleaningManager: delete 0 reuses from a character_skill_reuses.
INFO 20:59:05:298 CleaningManager: delete 0 spawns from a boss_spawn.
INFO 20:59:05:299 CleaningManager: delete 0 appearances from a character_appearances.
INFO 20:59:05:300 CleaningManager: delete 0 effects from a character_save_effects.
INFO 20:59:05:300 CleaningManager: delete 0 inventors from a character_inventors.
INFO 20:59:05:301 CleaningManager: delete 0 skills from a character_skills.
INFO 20:59:05:302 CleaningManager: delete 0 hotkeys from a character_hotkey.
INFO 20:59:05:302 CleaningManager: delete 0 chars from a character_friends.
INFO 20:59:05:303 CleaningManager: delete 0 friends from a character_friends.
INFO 20:59:05:304 CleaningManager: delete 0 settings from a character_settings.
INFO 20:59:05:304 CleaningManager: delete 0 empty items from a items.
INFO 20:59:05:305 CleaningManager: delete 0 no owner items from a items.
INFO 20:59:05:305 CleaningManager: delete 0 no owner guild items from a items.
INFO 20:59:05:356 CleaningManager: create buffer table items.
INFO 20:59:05:358 CleaningManager: copy 125 items to buffer_items.
INFO 20:59:05:359 CleaningManager: delete 0 no owner items from a buffer_items.
INFO 20:59:05:366 CleaningManager: drop buffer table items.
INFO 20:59:05:367 CleaningManager: delete 0 from a quests.
INFO 20:59:05:367 CleaningManager: delete 0 from a quest variables.
INFO 20:59:05:368 CleaningManager: delete 0 from a guild ranks.
INFO 20:59:05:410 ClientPacketType: client packets prepared.
INFO 20:59:05:421 EffectParser: initialized.
INFO 20:59:05:424 RandomManager: initialized.
INFO 20:59:05:425 IdFactory: prepare npc ids...
INFO 20:59:05:428 BitSetIdGenerator: 102912 id's available.
INFO 20:59:05:429 IdFactory: prepare objects ids...
INFO 20:59:05:430 BitSetIdGenerator: 102912 id's available.
INFO 20:59:05:430 IdFactory: prepare players ids...
INFO 20:59:05:432 BitSetIdGenerator: extracted 10 ids.
INFO 20:59:05:433 BitSetIdGenerator: 102912 id's available.
INFO 20:59:05:433 IdFactory: prepare guilds ids...
INFO 20:59:05:434 BitSetIdGenerator: extracted 1 ids.
INFO 20:59:05:434 BitSetIdGenerator: 102912 id's available.
INFO 20:59:05:434 IdFactory: prepare item ids...
INFO 20:59:05:436 BitSetIdGenerator: extracted 125 ids.
INFO 20:59:05:436 BitSetIdGenerator: 102912 id's available.
INFO 20:59:05:449 ServerVarManager: loaded 0 variables.
INFO 20:59:05:452 BossSpawnManager: loaded 0 boss spawns.
INFO 20:59:06:099 TerritoryTable: loaded 160 territories for 18803 regions.
INFO 20:59:07:477 WorldZoneTable: loaded 12 world zones for 31986 regions.
INFO 20:59:07:478 ConditionParser: initializable.
WARNING 20:59:07:954 SkillTable: detected once the file C:\Users\jorou\Downloads\TeraOnlineServer_Shock_1732\gameserver\.\data\skills\summon_skills\deprecated.zip
INFO 20:59:07:977 SkillTable: loaded 4613 skills for 19 classes.
INFO 20:59:08:363 ItemTable: loaded 10138 items.
INFO 20:59:08:381 Race: race appearances initializable.
INFO 20:59:08:387 PlayerTable: loaded 104 player templates.
WARNING 20:59:08:634 DropTable: not found items [50048]
INFO 20:59:08:636 DropTable: load drop for 407 npcs and 126 for resourse.
INFO 20:59:08:641 TownTable: initialized.
WARNING 20:59:08:666 NpcDialogTable: detected once the file C:\Users\jorou\Downloads\TeraOnlineServer_Shock_1732\gameserver\.\data\dialogs\dialogs.txt
INFO 20:59:08:695 NpcDialogTable: loaded 87 dialogs.
INFO 20:59:08:705 MessagePackageTable: loaded 34 message packages.
INFO 20:59:08:740 ConfigAITable: loaded 45 npc ai configs.
INFO 20:59:08:751 NpcAppearanceTable: initialized. Loaded 59 appearances.
WARNING 20:59:08:890 NpcTable: detected once the file C:\Users\jorou\Downloads\TeraOnlineServer_Shock_1732\gameserver\.\data\npcs\summons\playable_summons.zip
INFO 20:59:08:907 NpcTable: loaded  816 npcs.
INFO 20:59:08:918 ResourseTable: loaded  253 resourses.
INFO 20:59:08:927 MinionTable: loaded 303 minions for 42 npcs.
INFO 20:59:08:928 RegenTaskManager: initializable.
INFO 20:59:08:934 Formulas: initialized.
INFO 20:59:08:936 EffectTaskManager: initialized.
INFO 20:59:09:257 ObjectEventManager: initialized.
INFO 20:59:09:258 MoveTaskManager: initialized.
INFO 20:59:09:656 SpawnTable: loaded 19515 spawns for 617 npcs and 2013 spawns for 60 resourses.
INFO 20:59:09:698 GeoMap3D: start fast import geodata_1.dat
INFO 20:59:09:998 GeoMap3D: import ended. load 1867238 quards.
INFO 20:59:10:001 GeoMap3D: start fast import geodata_2.dat
INFO 20:59:10:075 GeoMap3D: import ended. load 440227 quards.
INFO 20:59:10:090 GeoMap3D: start fast import geodata_3.dat
INFO 20:59:10:119 GeoMap3D: import ended. load 58040 quards.
INFO 20:59:10:126 GeoManager: initialized.
INFO 20:59:10:131 ItemExecutorManager: loaded 0 executor items.
INFO 20:59:10:152 CommandManager: loaded 94 commands.
INFO 20:59:10:171 SkillLearnManager: loaded 950 skill learn's for 8 clases.
INFO 20:59:10:179 AnnounceManager: loaded 0 start announces and 0 running announces.
INFO 20:59:10:181 AccountManager: initialized.
INFO 20:59:10:196 GuildManager: loaded 1 guilds.
INFO 20:59:10:612 QuestManager: loaded 455 quests.
INFO 20:59:10:615 OnlineManager: initialized.
INFO 20:59:10:621 GameLogManager: initialized.
INFO 20:59:10:685 Region: next battle "Veritas District" in 2020.06.28 16:00.
INFO 20:59:10:687 Region: next battle "Ostgarath" in 2020.06.28 16:00.
INFO 20:59:10:688 Region: next battle "Val Palrada" in 2020.06.27 20:00.
INFO 20:59:10:690 Region: next battle "Val Aureum" in 2020.06.27 20:00.
INFO 20:59:10:691 EventManager: loaded 5 events.
INFO 20:59:10:808 EventManager: the nearest event in 45 minutes.
INFO 20:59:10:812 PlayerManager: initialized.
INFO 20:59:10:820 Network: started.
INFO 20:59:10:821 GameServer: started.
INFO 20:59:17:608 AccountManager: authed islanzadie
INFO 20:59:48:123 ItemTable: reloaded items.
INFO 21:01:24:519 AccountManager: close islanzadie
