INFO 12:00:03:963 ServerControl: open server socket on 2101 port.
INFO 12:00:03:969 ExecutorManager: initialized.
INFO 12:00:04:298 CleaningManager: delete 6 reuses from a character_skill_reuses.
INFO 12:00:04:299 CleaningManager: delete 0 spawns from a boss_spawn.
INFO 12:00:04:300 CleaningManager: delete 0 appearances from a character_appearances.
INFO 12:00:04:300 CleaningManager: delete 0 effects from a character_save_effects.
INFO 12:00:04:301 CleaningManager: delete 0 inventors from a character_inventors.
INFO 12:00:04:301 CleaningManager: delete 0 skills from a character_skills.
INFO 12:00:04:302 CleaningManager: delete 0 hotkeys from a character_hotkey.
INFO 12:00:04:302 CleaningManager: delete 0 chars from a character_friends.
INFO 12:00:04:303 CleaningManager: delete 0 friends from a character_friends.
INFO 12:00:04:303 CleaningManager: delete 0 settings from a character_settings.
INFO 12:00:04:304 CleaningManager: delete 2 empty items from a items.
INFO 12:00:04:305 CleaningManager: delete 0 no owner items from a items.
INFO 12:00:04:305 CleaningManager: delete 0 no owner guild items from a items.
INFO 12:00:04:388 CleaningManager: create buffer table items.
INFO 12:00:04:390 CleaningManager: copy 162 items to buffer_items.
INFO 12:00:04:391 CleaningManager: delete 0 no owner items from a buffer_items.
INFO 12:00:04:402 CleaningManager: drop buffer table items.
INFO 12:00:04:402 CleaningManager: delete 0 from a quests.
INFO 12:00:04:404 CleaningManager: delete 0 from a quest variables.
INFO 12:00:04:404 CleaningManager: delete 0 from a guild ranks.
INFO 12:00:04:444 ClientPacketType: client packets prepared.
INFO 12:00:04:455 EffectParser: initialized.
INFO 12:00:04:457 RandomManager: initialized.
INFO 12:00:04:458 IdFactory: prepare npc ids...
INFO 12:00:04:459 BitSetIdGenerator: 102912 id's available.
INFO 12:00:04:460 IdFactory: prepare objects ids...
INFO 12:00:04:460 BitSetIdGenerator: 102912 id's available.
INFO 12:00:04:460 IdFactory: prepare players ids...
INFO 12:00:04:463 BitSetIdGenerator: extracted 11 ids.
INFO 12:00:04:463 BitSetIdGenerator: 102912 id's available.
INFO 12:00:04:463 IdFactory: prepare guilds ids...
INFO 12:00:04:464 BitSetIdGenerator: extracted 1 ids.
INFO 12:00:04:465 BitSetIdGenerator: 102912 id's available.
INFO 12:00:04:465 IdFactory: prepare item ids...
INFO 12:00:04:467 BitSetIdGenerator: extracted 162 ids.
INFO 12:00:04:467 BitSetIdGenerator: 102912 id's available.
INFO 12:00:04:477 ServerVarManager: loaded 0 variables.
INFO 12:00:04:480 BossSpawnManager: loaded 0 boss spawns.
INFO 12:00:05:097 TerritoryTable: loaded 160 territories for 18803 regions.
INFO 12:00:06:330 WorldZoneTable: loaded 12 world zones for 31986 regions.
INFO 12:00:06:331 ConditionParser: initializable.
WARNING 12:00:06:861 SkillTable: detected once the file C:\Users\jorou\Downloads\TeraOnlineServer_Shock_1732\gameserver\.\data\skills\summon_skills\deprecated.zip
INFO 12:00:06:887 SkillTable: loaded 4613 skills for 19 classes.
INFO 12:00:07:238 ItemTable: loaded 10138 items.
INFO 12:00:07:246 Race: race appearances initializable.
INFO 12:00:07:255 PlayerTable: loaded 104 player templates.
WARNING 12:00:07:434 DropTable: not found items [50048]
INFO 12:00:07:434 DropTable: load drop for 407 npcs and 126 for resourse.
INFO 12:00:07:442 TownTable: initialized.
WARNING 12:00:07:463 NpcDialogTable: detected once the file C:\Users\jorou\Downloads\TeraOnlineServer_Shock_1732\gameserver\.\data\dialogs\dialogs.txt
INFO 12:00:07:494 NpcDialogTable: loaded 87 dialogs.
INFO 12:00:07:502 MessagePackageTable: loaded 34 message packages.
INFO 12:00:07:532 ConfigAITable: loaded 45 npc ai configs.
INFO 12:00:07:543 NpcAppearanceTable: initialized. Loaded 59 appearances.
WARNING 12:00:07:677 NpcTable: detected once the file C:\Users\jorou\Downloads\TeraOnlineServer_Shock_1732\gameserver\.\data\npcs\summons\playable_summons.zip
INFO 12:00:07:688 NpcTable: loaded  816 npcs.
INFO 12:00:07:707 ResourseTable: loaded  253 resourses.
INFO 12:00:07:716 MinionTable: loaded 303 minions for 42 npcs.
INFO 12:00:07:716 RegenTaskManager: initializable.
INFO 12:00:07:721 Formulas: initialized.
INFO 12:00:07:722 EffectTaskManager: initialized.
INFO 12:00:08:021 ObjectEventManager: initialized.
INFO 12:00:08:022 MoveTaskManager: initialized.
INFO 12:00:08:476 SpawnTable: loaded 19515 spawns for 617 npcs and 2013 spawns for 60 resourses.
INFO 12:00:08:540 GeoMap3D: start fast import geodata_1.dat
INFO 12:00:08:722 GeoMap3D: import ended. load 1867238 quards.
INFO 12:00:08:725 GeoMap3D: start fast import geodata_2.dat
INFO 12:00:08:796 GeoMap3D: import ended. load 440227 quards.
INFO 12:00:08:802 GeoMap3D: start fast import geodata_3.dat
INFO 12:00:08:821 GeoMap3D: import ended. load 58040 quards.
INFO 12:00:08:822 GeoManager: initialized.
INFO 12:00:08:826 ItemExecutorManager: loaded 0 executor items.
INFO 12:00:08:837 CommandManager: loaded 95 commands.
INFO 12:00:08:852 SkillLearnManager: loaded 950 skill learn's for 8 clases.
INFO 12:00:08:856 AnnounceManager: loaded 0 start announces and 0 running announces.
INFO 12:00:08:858 AccountManager: initialized.
INFO 12:00:08:869 GuildManager: loaded 1 guilds.
INFO 12:00:09:243 QuestManager: loaded 455 quests.
INFO 12:00:09:252 OnlineManager: initialized.
INFO 12:00:09:256 GameLogManager: initialized.
INFO 12:00:09:364 Region: next battle "Veritas District" in 2020.06.28 16:00.
INFO 12:00:09:366 Region: next battle "Ostgarath" in 2020.06.28 16:00.
INFO 12:00:09:368 Region: next battle "Val Palrada" in 2020.06.27 20:00.
INFO 12:00:09:370 Region: next battle "Val Aureum" in 2020.06.27 20:00.
INFO 12:00:09:370 EventManager: loaded 5 events.
INFO 12:00:09:518 EventManager: the nearest event in 30 minutes.
INFO 12:00:09:521 PlayerManager: initialized.
INFO 12:00:09:527 Network: started.
INFO 12:00:09:528 GameServer: started.
INFO 12:00:42:542 AccountManager: authed islanzadie
WARNING 12:02:29:342 CommandManager: NullPointerException : null : stack trace:
tera.gameserver.scripts.commands.ItemCommand.execution(ItemCommand.java:47)
tera.gameserver.manager.CommandManager.execute(CommandManager.java:74)
tera.gameserver.network.clientpackets.PlayerSay.runImpl(PlayerSay.java:84)
rlib.network.packets.AbstractReadeablePacket.run(AbstractReadeablePacket.java:175)
java.base/java.util.concurrent.ThreadPoolExecutor.runWorker(ThreadPoolExecutor.java:1128)
java.base/java.util.concurrent.ThreadPoolExecutor$Worker.run(ThreadPoolExecutor.java:628)
java.base/java.lang.Thread.run(Thread.java:830)

WARNING 12:02:38:308 CommandManager: NullPointerException : null : stack trace:
tera.gameserver.scripts.commands.ItemCommand.execution(ItemCommand.java:111)
tera.gameserver.manager.CommandManager.execute(CommandManager.java:74)
tera.gameserver.network.clientpackets.PlayerSay.runImpl(PlayerSay.java:84)
rlib.network.packets.AbstractReadeablePacket.run(AbstractReadeablePacket.java:175)
java.base/java.util.concurrent.ThreadPoolExecutor.runWorker(ThreadPoolExecutor.java:1128)
java.base/java.util.concurrent.ThreadPoolExecutor$Worker.run(ThreadPoolExecutor.java:628)
java.base/java.lang.Thread.run(Thread.java:830)

INFO 12:03:26:899 ItemTable: reloaded items.
INFO 12:07:15:331 ItemTable: reloaded items.
INFO 12:08:18:867 AccountManager: close islanzadie
