INFO 02:13:16:260 ServerControl: open server socket on 2101 port.
INFO 02:13:16:293 ExecutorManager: initialized.
INFO 02:13:17:854 CleaningManager: delete 0 reuses from a character_skill_reuses.
INFO 02:13:17:854 CleaningManager: delete 0 spawns from a boss_spawn.
INFO 02:13:17:854 CleaningManager: delete 0 appearances from a character_appearances.
INFO 02:13:17:854 CleaningManager: delete 0 effects from a character_save_effects.
INFO 02:13:17:854 CleaningManager: delete 0 inventors from a character_inventors.
INFO 02:13:17:870 CleaningManager: delete 0 skills from a character_skills.
INFO 02:13:17:870 CleaningManager: delete 0 hotkeys from a character_hotkey.
INFO 02:13:17:870 CleaningManager: delete 0 chars from a character_friends.
INFO 02:13:17:870 CleaningManager: delete 0 friends from a character_friends.
INFO 02:13:17:870 CleaningManager: delete 0 settings from a character_settings.
INFO 02:13:17:870 CleaningManager: delete 0 empty items from a items.
INFO 02:13:17:870 CleaningManager: delete 0 no owner items from a items.
INFO 02:13:17:870 CleaningManager: delete 0 no owner guild items from a items.
INFO 02:13:17:917 CleaningManager: create buffer table items.
INFO 02:13:17:917 CleaningManager: copy 274 items to buffer_items.
INFO 02:13:17:917 CleaningManager: delete 0 no owner items from a buffer_items.
INFO 02:13:17:948 CleaningManager: drop buffer table items.
INFO 02:13:17:964 CleaningManager: delete 0 from a quests.
INFO 02:13:17:964 CleaningManager: delete 0 from a quest variables.
INFO 02:13:17:964 CleaningManager: delete 0 from a guild ranks.
INFO 02:13:18:294 ClientPacketType: client packets prepared.
INFO 02:13:18:354 EffectParser: initialized.
INFO 02:13:18:370 RandomManager: initialized.
INFO 02:13:18:370 IdFactory: prepare npc ids...
INFO 02:13:18:370 BitSetIdGenerator: 102912 id's available.
INFO 02:13:18:370 IdFactory: prepare objects ids...
INFO 02:13:18:370 BitSetIdGenerator: 102912 id's available.
INFO 02:13:18:370 IdFactory: prepare players ids...
INFO 02:13:18:370 BitSetIdGenerator: extracted 14 ids.
INFO 02:13:18:385 BitSetIdGenerator: 102912 id's available.
INFO 02:13:18:385 IdFactory: prepare guilds ids...
INFO 02:13:18:385 BitSetIdGenerator: extracted 1 ids.
INFO 02:13:18:385 BitSetIdGenerator: 102912 id's available.
INFO 02:13:18:385 IdFactory: prepare item ids...
INFO 02:13:18:401 BitSetIdGenerator: extracted 274 ids.
INFO 02:13:18:401 BitSetIdGenerator: 102912 id's available.
INFO 02:13:18:464 ServerVarManager: loaded 0 variables.
INFO 02:13:18:479 BossSpawnManager: loaded 0 boss spawns.
INFO 02:13:21:432 TerritoryTable: loaded 160 territories for 18803 regions.
INFO 02:13:25:182 WorldZoneTable: loaded 12 world zones for 31986 regions.
INFO 02:13:25:229 ConditionParser: initializable.
WARNING 02:13:33:963 SkillTable: detected once the file C:\Users\Administrator\Documents\GitHub\TeraOnlineServer_Shock_1732\gameserver\.\data\skills\summon_skills\deprecated.zip
INFO 02:13:34:042 SkillTable: loaded 4613 skills for 19 classes.
WARNING 02:13:34:060 ItemTable: detected once the file C:\Users\Administrator\Documents\GitHub\TeraOnlineServer_Shock_1732\gameserver\.\data\items\adaptations.txt
INFO 02:13:36:510 ItemTable: loaded 10138 items.
INFO 02:13:36:573 Race: race appearances initializable.
INFO 02:13:36:604 PlayerTable: loaded 104 player templates.
WARNING 02:13:37:526 DropTable: not found items [50048]
INFO 02:13:37:526 DropTable: load drop for 407 npcs and 126 for resourse.
INFO 02:13:37:542 TownTable: initialized.
WARNING 02:13:37:667 NpcDialogTable: detected once the file C:\Users\Administrator\Documents\GitHub\TeraOnlineServer_Shock_1732\gameserver\.\data\dialogs\dialogs.txt
INFO 02:13:37:886 NpcDialogTable: loaded 87 dialogs.
INFO 02:13:37:901 MessagePackageTable: loaded 34 message packages.
INFO 02:13:38:073 ConfigAITable: loaded 45 npc ai configs.
INFO 02:13:38:136 NpcAppearanceTable: initialized. Loaded 59 appearances.
WARNING 02:13:38:557 DocumentNpc: incorrect file .\data\npcs\playable\bandits.xml
WARNING 02:13:38:557 DocumentNpc: SAXParseException : The string "--" is not permitted within comments. : stack trace:
java.xml/com.sun.org.apache.xerces.internal.parsers.DOMParser.parse(DOMParser.java:261)
java.xml/com.sun.org.apache.xerces.internal.jaxp.DocumentBuilderImpl.parse(DocumentBuilderImpl.java:339)
java.xml/javax.xml.parsers.DocumentBuilder.parse(DocumentBuilder.java:206)
rlib.data.AbstractDocument.parse(AbstractDocument.java:55)
tera.gameserver.tables.NpcTable.<init>(NpcTable.java:68)
tera.gameserver.tables.NpcTable.getInstance(NpcTable.java:37)
tera.gameserver.GameServer.run(GameServer.java:224)

WARNING 02:13:38:557 DocumentNpc: incorrect file .\data\npcs\playable\bandits.xml
WARNING 02:13:38:557 DocumentNpc: NullPointerException : null : stack trace:
tera.gameserver.document.DocumentNpc.parse(DocumentNpc.java:42)
rlib.data.AbstractDocument.parse(AbstractDocument.java:67)
tera.gameserver.tables.NpcTable.<init>(NpcTable.java:68)
tera.gameserver.tables.NpcTable.getInstance(NpcTable.java:37)
tera.gameserver.GameServer.run(GameServer.java:224)

WARNING 02:13:38:839 NpcTable: detected once the file C:\Users\Administrator\Documents\GitHub\TeraOnlineServer_Shock_1732\gameserver\.\data\npcs\summons\playable_summons.zip
INFO 02:13:38:963 NpcTable: loaded  815 npcs.
INFO 02:13:39:042 ResourseTable: loaded  253 resourses.
INFO 02:13:39:073 MinionTable: loaded 303 minions for 42 npcs.
INFO 02:13:39:073 RegenTaskManager: initializable.
INFO 02:13:39:088 Formulas: initialized.
INFO 02:13:39:088 EffectTaskManager: initialized.
INFO 02:13:41:057 ObjectEventManager: initialized.
INFO 02:13:41:073 MoveTaskManager: initialized.
INFO 02:14:00:120 SpawnTable: loaded 19523 spawns for 622 npcs and 2013 spawns for 60 resourses.
INFO 02:14:01:261 GeoMap3D: start fast import geodata_1.dat
INFO 02:14:03:479 GeoMap3D: import ended. load 1867238 quards.
INFO 02:14:03:713 GeoMap3D: start fast import geodata_2.dat
INFO 02:14:04:026 GeoMap3D: import ended. load 440227 quards.
INFO 02:14:04:073 GeoMap3D: start fast import geodata_3.dat
INFO 02:14:04:151 GeoMap3D: import ended. load 58040 quards.
INFO 02:14:04:151 GeoManager: initialized.
INFO 02:14:04:183 ItemExecutorManager: loaded 0 executor items.
INFO 02:14:04:213 CommandManager: loaded 96 commands.
INFO 02:14:05:545 SkillLearnManager: loaded 950 skill learn's for 8 clases.
INFO 02:14:05:620 AnnounceManager: loaded 0 start announces and 0 running announces.
INFO 02:14:05:620 AccountManager: initialized.
INFO 02:14:05:714 GuildManager: loaded 1 guilds.
INFO 02:14:07:746 QuestManager: loaded 455 quests.
INFO 02:14:07:761 OnlineManager: initialized.
INFO 02:14:07:780 GameLogManager: initialized.
INFO 02:14:08:354 Region: next battle "Veritas District" in 2020.08.30 16:00.
INFO 02:14:08:432 Region: next battle "Ostgarath" in 2020.08.30 16:00.
INFO 02:14:08:432 Region: next battle "Val Palrada" in 2020.08.29 20:00.
INFO 02:14:08:450 Region: next battle "Val Aureum" in 2020.08.29 20:00.
INFO 02:14:08:450 EventManager: loaded 5 events.
INFO 02:14:08:620 EventManager: the nearest event in 44 minutes.
INFO 02:14:08:651 PlayerManager: initialized.
INFO 02:14:08:667 Network: started.
INFO 02:14:08:667 GameServer: started.
INFO 02:32:00:432 AccountManager: authed islanzadie
WARNING 02:54:37:272 SkillTable: detected once the file C:\Users\Administrator\Documents\GitHub\TeraOnlineServer_Shock_1732\gameserver\.\data\skills\summon_skills\deprecated.zip
INFO 02:54:37:350 SkillTable: skills reloaded.
INFO 03:04:19:771 AccountManager: close islanzadie
INFO 03:18:58:596 AccountManager: close islanzadie
INFO 03:18:06:393 AccountManager: authed islanzadie
INFO 03:28:35:970 AccountManager: authed islanzadie
INFO 03:28:35:970 AccountManager: close islanzadie
INFO 03:28:35:970 AccountManager: authed islanzadie
INFO 03:28:35:970 AccountManager: close islanzadie
INFO 03:28:35:970 AccountManager: authed islanzadie
INFO 03:28:35:970 AccountManager: close islanzadie
INFO 03:28:35:986 AccountManager: authed islanzadie
INFO 03:43:33:921 AccountManager: close islanzadie
INFO 07:00:16:314 AccountManager: authed islanzadie
INFO 07:26:40:040 AccountManager: close islanzadie
INFO 12:29:45:709 AccountManager: authed islanzadie
INFO 13:03:51:437 AccountManager: close islanzadie
INFO 02:04:31:871 AccountManager: authed tsuka
INFO 02:08:41:854 AccountManager: close tsuka
