INFO 13:15:26:087 ServerControl: open server socket on 2101 port.
INFO 13:15:26:093 ExecutorManager: initialized.
INFO 13:15:26:472 CleaningManager: delete 0 reuses from a character_skill_reuses.
INFO 13:15:26:474 CleaningManager: delete 0 spawns from a boss_spawn.
INFO 13:15:26:475 CleaningManager: delete 0 appearances from a character_appearances.
INFO 13:15:26:475 CleaningManager: delete 0 effects from a character_save_effects.
INFO 13:15:26:476 CleaningManager: delete 0 inventors from a character_inventors.
INFO 13:15:26:477 CleaningManager: delete 0 skills from a character_skills.
INFO 13:15:26:477 CleaningManager: delete 0 hotkeys from a character_hotkey.
INFO 13:15:26:479 CleaningManager: delete 0 chars from a character_friends.
INFO 13:15:26:480 CleaningManager: delete 0 friends from a character_friends.
INFO 13:15:26:480 CleaningManager: delete 0 settings from a character_settings.
INFO 13:15:26:481 CleaningManager: delete 1 empty items from a items.
INFO 13:15:26:482 CleaningManager: delete 0 no owner items from a items.
INFO 13:15:26:482 CleaningManager: delete 0 no owner guild items from a items.
INFO 13:15:26:531 CleaningManager: create buffer table items.
INFO 13:15:26:533 CleaningManager: copy 163 items to buffer_items.
INFO 13:15:26:534 CleaningManager: delete 0 no owner items from a buffer_items.
INFO 13:15:26:547 CleaningManager: drop buffer table items.
INFO 13:15:26:548 CleaningManager: delete 0 from a quests.
INFO 13:15:26:548 CleaningManager: delete 0 from a quest variables.
INFO 13:15:26:550 CleaningManager: delete 0 from a guild ranks.
INFO 13:15:26:596 ClientPacketType: client packets prepared.
INFO 13:15:26:607 EffectParser: initialized.
INFO 13:15:26:609 RandomManager: initialized.
INFO 13:15:26:610 IdFactory: prepare npc ids...
INFO 13:15:26:612 BitSetIdGenerator: 102912 id's available.
INFO 13:15:26:613 IdFactory: prepare objects ids...
INFO 13:15:26:613 BitSetIdGenerator: 102912 id's available.
INFO 13:15:26:614 IdFactory: prepare players ids...
INFO 13:15:26:617 BitSetIdGenerator: extracted 11 ids.
INFO 13:15:26:617 BitSetIdGenerator: 102912 id's available.
INFO 13:15:26:617 IdFactory: prepare guilds ids...
INFO 13:15:26:618 BitSetIdGenerator: extracted 1 ids.
INFO 13:15:26:619 BitSetIdGenerator: 102912 id's available.
INFO 13:15:26:619 IdFactory: prepare item ids...
INFO 13:15:26:621 BitSetIdGenerator: extracted 163 ids.
INFO 13:15:26:621 BitSetIdGenerator: 102912 id's available.
INFO 13:15:26:634 ServerVarManager: loaded 0 variables.
INFO 13:15:26:636 BossSpawnManager: loaded 0 boss spawns.
INFO 13:15:27:334 TerritoryTable: loaded 160 territories for 18803 regions.
INFO 13:15:28:761 WorldZoneTable: loaded 12 world zones for 31986 regions.
INFO 13:15:28:763 ConditionParser: initializable.
WARNING 13:15:29:358 SkillTable: detected once the file C:\Users\jorou\Downloads\TeraOnlineServer_Shock_1732\gameserver\.\data\skills\summon_skills\deprecated.zip
INFO 13:15:29:397 SkillTable: loaded 4613 skills for 19 classes.
INFO 13:15:29:890 ItemTable: loaded 10138 items.
INFO 13:15:29:916 Race: race appearances initializable.
INFO 13:15:29:931 PlayerTable: loaded 104 player templates.
WARNING 13:15:30:179 DropTable: not found items [50048]
INFO 13:15:30:180 DropTable: load drop for 407 npcs and 126 for resourse.
INFO 13:15:30:194 TownTable: initialized.
WARNING 13:15:30:216 NpcDialogTable: detected once the file C:\Users\jorou\Downloads\TeraOnlineServer_Shock_1732\gameserver\.\data\dialogs\dialogs.txt
INFO 13:15:30:256 NpcDialogTable: loaded 87 dialogs.
INFO 13:15:30:264 MessagePackageTable: loaded 34 message packages.
INFO 13:15:30:297 ConfigAITable: loaded 45 npc ai configs.
INFO 13:15:30:311 NpcAppearanceTable: initialized. Loaded 59 appearances.
WARNING 13:15:30:453 NpcTable: detected once the file C:\Users\jorou\Downloads\TeraOnlineServer_Shock_1732\gameserver\.\data\npcs\summons\playable_summons.zip
INFO 13:15:30:464 NpcTable: loaded  816 npcs.
INFO 13:15:30:479 ResourseTable: loaded  253 resourses.
INFO 13:15:30:496 MinionTable: loaded 303 minions for 42 npcs.
INFO 13:15:30:496 RegenTaskManager: initializable.
INFO 13:15:30:508 Formulas: initialized.
INFO 13:15:30:509 EffectTaskManager: initialized.
INFO 13:15:30:923 ObjectEventManager: initialized.
INFO 13:15:30:923 MoveTaskManager: initialized.
INFO 13:15:31:259 SpawnTable: loaded 19515 spawns for 617 npcs and 2013 spawns for 60 resourses.
INFO 13:15:31:267 GeoMap3D: start fast import geodata_1.dat
INFO 13:15:31:594 GeoMap3D: import ended. load 1867238 quards.
INFO 13:15:31:597 GeoMap3D: start fast import geodata_2.dat
INFO 13:15:31:694 GeoMap3D: import ended. load 440227 quards.
INFO 13:15:31:704 GeoMap3D: start fast import geodata_3.dat
INFO 13:15:31:711 GeoMap3D: import ended. load 58040 quards.
INFO 13:15:31:712 GeoManager: initialized.
INFO 13:15:31:720 ItemExecutorManager: loaded 0 executor items.
INFO 13:15:31:736 CommandManager: loaded 95 commands.
INFO 13:15:31:753 SkillLearnManager: loaded 950 skill learn's for 8 clases.
INFO 13:15:31:765 AnnounceManager: loaded 0 start announces and 0 running announces.
INFO 13:15:31:767 AccountManager: initialized.
INFO 13:15:31:785 GuildManager: loaded 1 guilds.
INFO 13:15:32:257 QuestManager: loaded 455 quests.
INFO 13:15:32:268 OnlineManager: initialized.
INFO 13:15:32:283 GameLogManager: initialized.
INFO 13:15:32:361 Region: next battle "Veritas District" in 2020.06.28 16:00.
INFO 13:15:32:364 Region: next battle "Ostgarath" in 2020.06.28 16:00.
INFO 13:15:32:367 Region: next battle "Val Palrada" in 2020.06.27 20:00.
INFO 13:15:32:368 Region: next battle "Val Aureum" in 2020.06.27 20:00.
INFO 13:15:32:368 EventManager: loaded 5 events.
INFO 13:15:32:483 EventManager: the nearest event in 47 minutes.
INFO 13:15:32:486 PlayerManager: initialized.
INFO 13:15:32:493 Network: started.
INFO 13:15:32:493 GameServer: started.
INFO 13:15:33:013 AccountManager: authed islanzadie
INFO 13:24:11:701 AccountManager: close islanzadie
