INFO 14:10:23:911 ServerControl: open server socket on 2101 port.
INFO 14:10:23:917 ExecutorManager: initialized.
INFO 14:10:24:384 CleaningManager: delete 0 reuses from a character_skill_reuses.
INFO 14:10:24:386 CleaningManager: delete 0 spawns from a boss_spawn.
INFO 14:10:24:388 CleaningManager: delete 0 appearances from a character_appearances.
INFO 14:10:24:389 CleaningManager: delete 0 effects from a character_save_effects.
INFO 14:10:24:390 CleaningManager: delete 0 inventors from a character_inventors.
INFO 14:10:24:391 CleaningManager: delete 0 skills from a character_skills.
INFO 14:10:24:392 CleaningManager: delete 0 hotkeys from a character_hotkey.
INFO 14:10:24:393 CleaningManager: delete 0 chars from a character_friends.
INFO 14:10:24:395 CleaningManager: delete 0 friends from a character_friends.
INFO 14:10:24:396 CleaningManager: delete 0 settings from a character_settings.
INFO 14:10:24:397 CleaningManager: delete 0 empty items from a items.
INFO 14:10:24:398 CleaningManager: delete 0 no owner items from a items.
INFO 14:10:24:399 CleaningManager: delete 0 no owner guild items from a items.
INFO 14:10:24:465 CleaningManager: create buffer table items.
INFO 14:10:24:468 CleaningManager: copy 254 items to buffer_items.
INFO 14:10:24:469 CleaningManager: delete 0 no owner items from a buffer_items.
INFO 14:10:24:489 CleaningManager: drop buffer table items.
INFO 14:10:24:489 CleaningManager: delete 0 from a quests.
INFO 14:10:24:493 CleaningManager: delete 0 from a quest variables.
INFO 14:10:24:496 CleaningManager: delete 0 from a guild ranks.
INFO 14:10:24:546 ClientPacketType: client packets prepared.
INFO 14:10:24:558 EffectParser: initialized.
INFO 14:10:24:561 RandomManager: initialized.
INFO 14:10:24:562 IdFactory: prepare npc ids...
INFO 14:10:24:565 BitSetIdGenerator: 102912 id's available.
INFO 14:10:24:565 IdFactory: prepare objects ids...
INFO 14:10:24:565 BitSetIdGenerator: 102912 id's available.
INFO 14:10:24:566 IdFactory: prepare players ids...
INFO 14:10:24:568 BitSetIdGenerator: extracted 13 ids.
INFO 14:10:24:568 BitSetIdGenerator: 102912 id's available.
INFO 14:10:24:570 IdFactory: prepare guilds ids...
INFO 14:10:24:575 BitSetIdGenerator: extracted 1 ids.
INFO 14:10:24:575 BitSetIdGenerator: 102912 id's available.
INFO 14:10:24:576 IdFactory: prepare item ids...
INFO 14:10:24:579 BitSetIdGenerator: extracted 254 ids.
INFO 14:10:24:579 BitSetIdGenerator: 102912 id's available.
INFO 14:10:24:596 ServerVarManager: loaded 0 variables.
INFO 14:10:24:599 BossSpawnManager: loaded 0 boss spawns.
INFO 14:10:25:362 TerritoryTable: loaded 160 territories for 18803 regions.
INFO 14:10:26:788 WorldZoneTable: loaded 12 world zones for 31986 regions.
INFO 14:10:26:789 ConditionParser: initializable.
WARNING 14:10:28:264 SkillTable: detected once the file C:\Users\jorou\Downloads\TeraOnlineServer_Shock_1732\gameserver\.\data\skills\summon_skills\deprecated.zip
INFO 14:10:28:377 SkillTable: loaded 4613 skills for 19 classes.
WARNING 14:10:28:394 ItemTable: detected once the file C:\Users\jorou\Downloads\TeraOnlineServer_Shock_1732\gameserver\.\data\items\adaptations.txt
INFO 14:10:29:039 ItemTable: loaded 10138 items.
INFO 14:10:29:107 Race: race appearances initializable.
INFO 14:10:29:122 PlayerTable: loaded 104 player templates.
WARNING 14:10:29:373 DropTable: not found items [50048]
INFO 14:10:29:376 DropTable: load drop for 407 npcs and 126 for resourse.
INFO 14:10:29:389 TownTable: initialized.
WARNING 14:10:29:442 NpcDialogTable: detected once the file C:\Users\jorou\Downloads\TeraOnlineServer_Shock_1732\gameserver\.\data\dialogs\dialogs.txt
INFO 14:10:29:526 NpcDialogTable: loaded 87 dialogs.
INFO 14:10:29:535 MessagePackageTable: loaded 34 message packages.
INFO 14:10:29:610 ConfigAITable: loaded 45 npc ai configs.
INFO 14:10:29:641 NpcAppearanceTable: initialized. Loaded 59 appearances.
WARNING 14:10:29:833 NpcTable: found duplicate npc template NpcTemplate npcId = 30002, exp = 0, attack = 300000, defense = 1000, owerAttack = 15000, owerDefense = 13000, level = 100, aggro = 100, factionRange = 5000, name = *Elleon*, title = Valkyon's Hero, factionId = Alliance of Argons, type = 300, isRaid = false, canDrop = false, drop = null, minions = null, dialog = null, geomRadius = 20.0, geomHeight = 60.0, npcType = PLAYER_KILLER in file .\data\npcs\south_arun\velika_outskirt.xml
WARNING 14:10:29:845 NpcTable: found duplicate npc template NpcTemplate npcId = 30004, exp = 0, attack = 40000, defense = 4000, owerAttack = 1500, owerDefense = 7000, level = 100, aggro = 100, factionRange = 5000, name = *Klaris*, title = Wise mage, factionId = Alliance of Argons, type = 300, isRaid = false, canDrop = false, drop = null, minions = null, dialog = null, geomRadius = 20.0, geomHeight = 60.0, npcType = PLAYER_KILLER in file .\data\npcs\south_arun\velika_outskirt.xml
WARNING 14:10:29:846 NpcTable: found duplicate npc template NpcTemplate npcId = 30005, exp = 0, attack = 91000, defense = 5000, owerAttack = 1500, owerDefense = 10000, level = 100, aggro = 100, factionRange = 5000, name = *Joff*, title = Open minded, factionId = Alliance of Argons, type = 300, isRaid = false, canDrop = false, drop = null, minions = null, dialog = null, geomRadius = 30.0, geomHeight = 70.0, npcType = PLAYER_KILLER in file .\data\npcs\south_arun\velika_outskirt.xml
WARNING 14:10:29:847 NpcTable: found duplicate npc template NpcTemplate npcId = 30007, exp = 0, attack = 300000, defense = 5000, owerAttack = 14500, owerDefense = 15000, level = 100, aggro = 100, factionRange = 5000, name = *KLei*, title = Testing, factionId = Alliance of Argons, type = 300, isRaid = false, canDrop = false, drop = null, minions = null, dialog = null, geomRadius = 25.0, geomHeight = 70.0, npcType = PLAYER_KILLER in file .\data\npcs\south_arun\velika_outskirt.xml
WARNING 14:10:29:847 NpcTable: found duplicate npc template NpcTemplate npcId = 30008, exp = 0, attack = 91000, defense = 11000, owerAttack = 1000, owerDefense = 20000, level = 100, aggro = 100, factionRange = 5000, name = *Arei*, title = HUrrrr durrrr, factionId = Alliance of Argons, type = 300, isRaid = false, canDrop = false, drop = null, minions = null, dialog = null, geomRadius = 30.0, geomHeight = 70.0, npcType = PLAYER_KILLER in file .\data\npcs\south_arun\velika_outskirt.xml
WARNING 14:10:29:849 NpcTable: found duplicate npc template NpcTemplate npcId = 30010, exp = 0, attack = 410000, defense = 4000, owerAttack = 1500, owerDefense = 7000, level = 100, aggro = 100, factionRange = 5000, name = *Lola*, title = Lover, factionId = Alliance of Argons, type = 300, isRaid = false, canDrop = false, drop = null, minions = null, dialog = null, geomRadius = 20.0, geomHeight = 60.0, npcType = PLAYER_KILLER in file .\data\npcs\south_arun\velika_outskirt.xml
WARNING 14:10:29:869 NpcTable: detected once the file C:\Users\jorou\Downloads\TeraOnlineServer_Shock_1732\gameserver\.\data\npcs\summons\playable_summons.zip
INFO 14:10:29:889 NpcTable: loaded  816 npcs.
INFO 14:10:29:942 ResourseTable: loaded  253 resourses.
INFO 14:10:29:976 MinionTable: loaded 303 minions for 42 npcs.
INFO 14:10:29:980 RegenTaskManager: initializable.
INFO 14:10:29:987 Formulas: initialized.
INFO 14:10:29:988 EffectTaskManager: initialized.
INFO 14:10:30:470 ObjectEventManager: initialized.
INFO 14:10:30:471 MoveTaskManager: initialized.
INFO 14:10:31:039 SpawnTable: loaded 19523 spawns for 622 npcs and 2013 spawns for 60 resourses.
INFO 14:10:31:061 GeoMap3D: start fast import geodata_1.dat
INFO 14:10:31:403 GeoMap3D: import ended. load 1867238 quards.
INFO 14:10:31:407 GeoMap3D: start fast import geodata_2.dat
INFO 14:10:31:459 GeoMap3D: import ended. load 440227 quards.
INFO 14:10:31:487 GeoMap3D: start fast import geodata_3.dat
INFO 14:10:31:537 GeoMap3D: import ended. load 58040 quards.
INFO 14:10:31:551 GeoManager: initialized.
INFO 14:10:31:555 ItemExecutorManager: loaded 0 executor items.
INFO 14:10:31:580 CommandManager: loaded 96 commands.
INFO 14:10:31:602 SkillLearnManager: loaded 950 skill learn's for 8 clases.
INFO 14:10:31:692 AnnounceManager: loaded 0 start announces and 0 running announces.
INFO 14:10:31:706 AccountManager: initialized.
INFO 14:10:31:758 GuildManager: loaded 1 guilds.
INFO 14:10:32:390 QuestManager: loaded 455 quests.
INFO 14:10:32:392 OnlineManager: initialized.
INFO 14:10:32:405 GameLogManager: initialized.
INFO 14:10:32:510 Region: next battle "Veritas District" in 2020.06.28 16:00.
INFO 14:10:32:512 Region: next battle "Ostgarath" in 2020.06.28 16:00.
INFO 14:10:32:514 Region: next battle "Val Palrada" in 2020.07.04 20:00.
INFO 14:10:32:518 Region: next battle "Val Aureum" in 2020.07.04 20:00.
INFO 14:10:32:519 EventManager: loaded 5 events.
INFO 14:10:32:709 EventManager: the nearest event in 58 minutes.
INFO 14:10:32:713 PlayerManager: initialized.
INFO 14:10:32:723 Network: started.
INFO 14:10:32:724 GameServer: started.
INFO 14:10:49:846 AccountManager: authed islanzadie
INFO 14:17:38:500 AccountManager: close islanzadie
