INFO 17:28:47:364 ServerControl: open server socket on 2101 port.
INFO 17:28:47:404 ExecutorManager: initialized.
INFO 17:28:48:320 CleaningManager: delete 1 reuses from a character_skill_reuses.
INFO 17:28:48:369 CleaningManager: delete 0 spawns from a boss_spawn.
INFO 17:28:48:445 CleaningManager: delete 0 appearances from a character_appearances.
INFO 17:28:48:469 CleaningManager: delete 0 effects from a character_save_effects.
INFO 17:28:48:512 CleaningManager: delete 0 inventors from a character_inventors.
INFO 17:28:48:549 CleaningManager: delete 0 skills from a character_skills.
INFO 17:28:48:592 CleaningManager: delete 0 hotkeys from a character_hotkey.
INFO 17:28:48:667 CleaningManager: delete 0 chars from a character_friends.
INFO 17:28:48:668 CleaningManager: delete 0 friends from a character_friends.
INFO 17:28:48:688 CleaningManager: delete 0 settings from a character_settings.
INFO 17:28:48:743 CleaningManager: delete 0 empty items from a items.
INFO 17:28:48:744 CleaningManager: delete 0 no owner items from a items.
INFO 17:28:48:779 CleaningManager: delete 0 no owner guild items from a items.
INFO 17:28:48:827 CleaningManager: create buffer table items.
INFO 17:28:48:828 CleaningManager: copy 13 items to buffer_items.
INFO 17:28:48:829 CleaningManager: delete 0 no owner items from a buffer_items.
INFO 17:28:48:836 CleaningManager: drop buffer table items.
INFO 17:28:48:871 CleaningManager: delete 0 from a quests.
INFO 17:28:48:881 CleaningManager: delete 0 from a quest variables.
INFO 17:28:48:891 CleaningManager: delete 0 from a guild ranks.
INFO 17:28:48:990 ClientPacketType: client packets prepared.
INFO 17:28:49:002 EffectParser: initialized.
INFO 17:28:49:027 RandomManager: initialized.
INFO 17:28:49:028 IdFactory: prepare npc ids...
INFO 17:28:49:031 BitSetIdGenerator: 102912 id's available.
INFO 17:28:49:031 IdFactory: prepare objects ids...
INFO 17:28:49:031 BitSetIdGenerator: 102912 id's available.
INFO 17:28:49:032 IdFactory: prepare players ids...
INFO 17:28:49:034 BitSetIdGenerator: extracted 2 ids.
INFO 17:28:49:034 BitSetIdGenerator: 102912 id's available.
INFO 17:28:49:035 IdFactory: prepare guilds ids...
INFO 17:28:49:036 BitSetIdGenerator: extracted 0 ids.
INFO 17:28:49:036 BitSetIdGenerator: 102912 id's available.
INFO 17:28:49:036 IdFactory: prepare item ids...
INFO 17:28:49:037 BitSetIdGenerator: extracted 13 ids.
INFO 17:28:49:038 BitSetIdGenerator: 102912 id's available.
INFO 17:28:49:073 ServerVarManager: loaded 0 variables.
INFO 17:28:49:076 BossSpawnManager: loaded 0 boss spawns.
INFO 17:28:49:716 TerritoryTable: loaded 160 territories for 18803 regions.
INFO 17:28:50:747 WorldZoneTable: loaded 12 world zones for 31986 regions.
INFO 17:28:50:748 ConditionParser: initializable.
INFO 17:28:51:734 SkillTable: loaded 4613 skills for 19 classes.
INFO 17:28:52:555 ItemTable: loaded 10138 items.
INFO 17:28:52:624 Race: race appearances initializable.
INFO 17:28:52:666 PlayerTable: loaded 104 player templates.
INFO 17:28:53:160 DropTable: load drop for 407 npcs and 126 for resourse.
INFO 17:28:53:181 TownTable: initialized.
INFO 17:28:53:393 NpcDialogTable: loaded 87 dialogs.
INFO 17:28:53:436 MessagePackageTable: loaded 34 message packages.
INFO 17:28:53:580 ConfigAITable: loaded 45 npc ai configs.
INFO 17:28:53:649 NpcAppearanceTable: initialized. Loaded 59 appearances.
INFO 17:28:54:173 NpcTable: loaded  816 npcs.
INFO 17:28:54:203 ResourseTable: loaded  253 resourses.
INFO 17:28:54:226 MinionTable: loaded 303 minions for 42 npcs.
INFO 17:28:54:227 RegenTaskManager: initializable.
INFO 17:28:54:249 Formulas: initialized.
INFO 17:28:54:251 EffectTaskManager: initialized.
INFO 17:28:55:323 ObjectEventManager: initialized.
INFO 17:28:55:323 MoveTaskManager: initialized.
INFO 17:28:55:598 SpawnTable: loaded 19515 spawns for 617 npcs and 2013 spawns for 60 resourses.
INFO 17:28:55:603 GeoMap3D: start fast import geodata_1.dat
INFO 17:28:56:059 GeoMap3D: import ended. load 1867238 quards.
INFO 17:28:56:060 GeoMap3D: start fast import geodata_2.dat
INFO 17:28:56:170 GeoMap3D: import ended. load 440227 quards.
INFO 17:28:56:172 GeoMap3D: start fast import geodata_3.dat
INFO 17:28:56:250 GeoMap3D: import ended. load 58040 quards.
INFO 17:28:56:250 GeoManager: initialized.
INFO 17:28:56:254 ItemExecutorManager: loaded 0 executor items.
INFO 17:28:56:279 CommandManager: loaded 94 commands.
INFO 17:28:56:304 SkillLearnManager: loaded 950 skill learn's for 8 clases.
INFO 17:28:56:309 AnnounceManager: loaded 0 start announces and 0 running announces.
INFO 17:28:56:318 AccountManager: initialized.
INFO 17:28:56:324 GuildManager: loaded 0 guilds.
INFO 17:28:56:924 QuestManager: loaded 455 quests.
INFO 17:28:56:925 OnlineManager: initialized.
INFO 17:28:56:942 GameLogManager: initialized.
INFO 17:28:57:401 Region: next battle "Veritas District" in 2020.05.10 16:00.
INFO 17:28:57:404 Region: next battle "Ostgarath" in 2020.05.10 16:00.
INFO 17:28:57:406 Region: next battle "Val Palrada" in 2020.05.09 20:00.
INFO 17:28:57:408 Region: next battle "Val Aureum" in 2020.05.09 20:00.
INFO 17:28:57:409 EventManager: loaded 5 events.
INFO 17:28:57:799 EventManager: the nearest event in 58 minutes.
INFO 17:28:57:802 PlayerManager: initialized.
INFO 17:28:57:849 Network: started.
INFO 17:28:57:849 GameServer: started.
INFO 17:33:31:350 AccountManager: authed islanzadie
INFO 17:33:35:442 AccountManager: close islanzadie
INFO 17:33:45:523 AccountManager: authed islanzadie
WARNING 17:54:27:274 CommandManager: NullPointerException : null : stack trace:
tera.gameserver.scripts.commands.WorldCommand.execution(WorldCommand.java:89)
tera.gameserver.manager.CommandManager.execute(CommandManager.java:74)
tera.gameserver.network.clientpackets.PlayerSay.runImpl(PlayerSay.java:84)
rlib.network.packets.AbstractReadeablePacket.run(AbstractReadeablePacket.java:175)
java.base/java.util.concurrent.ThreadPoolExecutor.runWorker(ThreadPoolExecutor.java:1128)
java.base/java.util.concurrent.ThreadPoolExecutor$Worker.run(ThreadPoolExecutor.java:628)
java.base/java.lang.Thread.run(Thread.java:830)

WARNING 17:54:31:943 CommandManager: NullPointerException : null : stack trace:
tera.gameserver.scripts.commands.WorldCommand.execution(WorldCommand.java:89)
tera.gameserver.manager.CommandManager.execute(CommandManager.java:74)
tera.gameserver.network.clientpackets.PlayerSay.runImpl(PlayerSay.java:84)
rlib.network.packets.AbstractReadeablePacket.run(AbstractReadeablePacket.java:175)
java.base/java.util.concurrent.ThreadPoolExecutor.runWorker(ThreadPoolExecutor.java:1128)
java.base/java.util.concurrent.ThreadPoolExecutor$Worker.run(ThreadPoolExecutor.java:628)
java.base/java.lang.Thread.run(Thread.java:830)

WARNING 17:55:47:612 CommandManager: NullPointerException : null : stack trace:
tera.gameserver.scripts.commands.WorldCommand.execution(WorldCommand.java:89)
tera.gameserver.manager.CommandManager.execute(CommandManager.java:74)
tera.gameserver.network.clientpackets.PlayerSay.runImpl(PlayerSay.java:84)
rlib.network.packets.AbstractReadeablePacket.run(AbstractReadeablePacket.java:175)
java.base/java.util.concurrent.ThreadPoolExecutor.runWorker(ThreadPoolExecutor.java:1128)
java.base/java.util.concurrent.ThreadPoolExecutor$Worker.run(ThreadPoolExecutor.java:628)
java.base/java.lang.Thread.run(Thread.java:830)

WARNING 17:55:49:575 CommandManager: NullPointerException : null : stack trace:
tera.gameserver.scripts.commands.WorldCommand.execution(WorldCommand.java:89)
tera.gameserver.manager.CommandManager.execute(CommandManager.java:74)
tera.gameserver.network.clientpackets.PlayerSay.runImpl(PlayerSay.java:84)
rlib.network.packets.AbstractReadeablePacket.run(AbstractReadeablePacket.java:175)
java.base/java.util.concurrent.ThreadPoolExecutor.runWorker(ThreadPoolExecutor.java:1128)
java.base/java.util.concurrent.ThreadPoolExecutor$Worker.run(ThreadPoolExecutor.java:628)
java.base/java.lang.Thread.run(Thread.java:830)

WARNING 17:55:55:004 CommandManager: NullPointerException : null : stack trace:
tera.gameserver.scripts.commands.WorldCommand.execution(WorldCommand.java:89)
tera.gameserver.manager.CommandManager.execute(CommandManager.java:74)
tera.gameserver.network.clientpackets.PlayerSay.runImpl(PlayerSay.java:84)
rlib.network.packets.AbstractReadeablePacket.run(AbstractReadeablePacket.java:175)
java.base/java.util.concurrent.ThreadPoolExecutor.runWorker(ThreadPoolExecutor.java:1128)
java.base/java.util.concurrent.ThreadPoolExecutor$Worker.run(ThreadPoolExecutor.java:628)
java.base/java.lang.Thread.run(Thread.java:830)

 INFO 17:56:26:962 HealCommand: parsing error of 999999999999
 INFO 17:56:29:365 HealCommand: parsing error of 99999999999
 INFO 17:56:31:841 HealCommand: parsing error of 9999999999
WARNING 17:58:34:109 CommandManager: NumberFormatException : For input string: "Kishale" : stack trace:
java.base/java.lang.NumberFormatException.forInputString(NumberFormatException.java:68)
java.base/java.lang.Integer.parseInt(Integer.java:658)
java.base/java.lang.Integer.parseInt(Integer.java:776)
tera.gameserver.scripts.commands.NpcCommands.execution(NpcCommands.java:227)
tera.gameserver.manager.CommandManager.execute(CommandManager.java:74)
tera.gameserver.network.clientpackets.PlayerSay.runImpl(PlayerSay.java:84)
rlib.network.packets.AbstractReadeablePacket.run(AbstractReadeablePacket.java:175)
java.base/java.util.concurrent.ThreadPoolExecutor.runWorker(ThreadPoolExecutor.java:1128)
java.base/java.util.concurrent.ThreadPoolExecutor$Worker.run(ThreadPoolExecutor.java:628)
java.base/java.lang.Thread.run(Thread.java:830)

WARNING 17:58:39:937 CommandManager: NumberFormatException : For input string: "Kishale" : stack trace:
java.base/java.lang.NumberFormatException.forInputString(NumberFormatException.java:68)
java.base/java.lang.Integer.parseInt(Integer.java:658)
java.base/java.lang.Integer.parseInt(Integer.java:776)
tera.gameserver.scripts.commands.NpcCommands.execution(NpcCommands.java:227)
tera.gameserver.manager.CommandManager.execute(CommandManager.java:74)
tera.gameserver.network.clientpackets.PlayerSay.runImpl(PlayerSay.java:84)
rlib.network.packets.AbstractReadeablePacket.run(AbstractReadeablePacket.java:175)
java.base/java.util.concurrent.ThreadPoolExecutor.runWorker(ThreadPoolExecutor.java:1128)
java.base/java.util.concurrent.ThreadPoolExecutor$Worker.run(ThreadPoolExecutor.java:628)
java.base/java.lang.Thread.run(Thread.java:830)

INFO 17:59:10:200 SkillTable: skills reloaded.
WARNING 17:59:11:568 CommandManager: NumberFormatException : null : stack trace:
java.base/java.lang.Integer.parseInt(Integer.java:620)
java.base/java.lang.Integer.parseInt(Integer.java:776)
tera.gameserver.scripts.commands.SkillCommand.execution(SkillCommand.java:85)
tera.gameserver.manager.CommandManager.execute(CommandManager.java:74)
tera.gameserver.network.clientpackets.PlayerSay.runImpl(PlayerSay.java:84)
rlib.network.packets.AbstractReadeablePacket.run(AbstractReadeablePacket.java:175)
java.base/java.util.concurrent.ThreadPoolExecutor.runWorker(ThreadPoolExecutor.java:1128)
java.base/java.util.concurrent.ThreadPoolExecutor$Worker.run(ThreadPoolExecutor.java:628)
java.base/java.lang.Thread.run(Thread.java:830)

WARNING 17:59:20:781 CommandManager: NumberFormatException : null : stack trace:
java.base/java.lang.Integer.parseInt(Integer.java:620)
java.base/java.lang.Integer.parseInt(Integer.java:776)
tera.gameserver.scripts.commands.SkillCommand.execution(SkillCommand.java:66)
tera.gameserver.manager.CommandManager.execute(CommandManager.java:74)
tera.gameserver.network.clientpackets.PlayerSay.runImpl(PlayerSay.java:84)
rlib.network.packets.AbstractReadeablePacket.run(AbstractReadeablePacket.java:175)
java.base/java.util.concurrent.ThreadPoolExecutor.runWorker(ThreadPoolExecutor.java:1128)
java.base/java.util.concurrent.ThreadPoolExecutor$Worker.run(ThreadPoolExecutor.java:628)
java.base/java.lang.Thread.run(Thread.java:830)

WARNING 18:00:05:974 CommandManager: NumberFormatException : null : stack trace:
java.base/java.lang.Integer.parseInt(Integer.java:620)
java.base/java.lang.Integer.parseInt(Integer.java:776)
tera.gameserver.scripts.commands.ItemCommand.execution(ItemCommand.java:103)
tera.gameserver.manager.CommandManager.execute(CommandManager.java:74)
tera.gameserver.network.clientpackets.PlayerSay.runImpl(PlayerSay.java:84)
rlib.network.packets.AbstractReadeablePacket.run(AbstractReadeablePacket.java:175)
java.base/java.util.concurrent.ThreadPoolExecutor.runWorker(ThreadPoolExecutor.java:1128)
java.base/java.util.concurrent.ThreadPoolExecutor$Worker.run(ThreadPoolExecutor.java:628)
java.base/java.lang.Thread.run(Thread.java:830)

WARNING 18:00:11:412 CommandManager: NullPointerException : null : stack trace:
tera.gameserver.scripts.commands.ItemCommand.execution(ItemCommand.java:109)
tera.gameserver.manager.CommandManager.execute(CommandManager.java:74)
tera.gameserver.network.clientpackets.PlayerSay.runImpl(PlayerSay.java:84)
rlib.network.packets.AbstractReadeablePacket.run(AbstractReadeablePacket.java:175)
java.base/java.util.concurrent.ThreadPoolExecutor.runWorker(ThreadPoolExecutor.java:1128)
java.base/java.util.concurrent.ThreadPoolExecutor$Worker.run(ThreadPoolExecutor.java:628)
java.base/java.lang.Thread.run(Thread.java:830)

INFO 18:03:53:098 AccountManager: close islanzadie
