INFO 20:12:31:785 ServerControl: open server socket on 2101 port.
INFO 20:12:31:791 ExecutorManager: initialized.
INFO 20:12:32:155 CleaningManager: delete 0 reuses from a character_skill_reuses.
INFO 20:12:32:156 CleaningManager: delete 0 spawns from a boss_spawn.
INFO 20:12:32:156 CleaningManager: delete 0 appearances from a character_appearances.
INFO 20:12:32:157 CleaningManager: delete 0 effects from a character_save_effects.
INFO 20:12:32:157 CleaningManager: delete 0 inventors from a character_inventors.
INFO 20:12:32:158 CleaningManager: delete 0 skills from a character_skills.
INFO 20:12:32:159 CleaningManager: delete 0 hotkeys from a character_hotkey.
INFO 20:12:32:159 CleaningManager: delete 0 chars from a character_friends.
INFO 20:12:32:160 CleaningManager: delete 0 friends from a character_friends.
INFO 20:12:32:161 CleaningManager: delete 0 settings from a character_settings.
INFO 20:12:32:161 CleaningManager: delete 0 empty items from a items.
INFO 20:12:32:162 CleaningManager: delete 0 no owner items from a items.
INFO 20:12:32:163 CleaningManager: delete 0 no owner guild items from a items.
INFO 20:12:32:201 CleaningManager: create buffer table items.
INFO 20:12:32:203 CleaningManager: copy 81 items to buffer_items.
INFO 20:12:32:204 CleaningManager: delete 0 no owner items from a buffer_items.
INFO 20:12:32:211 CleaningManager: drop buffer table items.
INFO 20:12:32:212 CleaningManager: delete 0 from a quests.
INFO 20:12:32:213 CleaningManager: delete 0 from a quest variables.
INFO 20:12:32:214 CleaningManager: delete 0 from a guild ranks.
INFO 20:12:32:260 ClientPacketType: client packets prepared.
INFO 20:12:32:271 EffectParser: initialized.
INFO 20:12:32:274 RandomManager: initialized.
INFO 20:12:32:274 IdFactory: prepare npc ids...
INFO 20:12:32:276 BitSetIdGenerator: 102912 id's available.
INFO 20:12:32:276 IdFactory: prepare objects ids...
INFO 20:12:32:277 BitSetIdGenerator: 102912 id's available.
INFO 20:12:32:277 IdFactory: prepare players ids...
INFO 20:12:32:279 BitSetIdGenerator: extracted 7 ids.
INFO 20:12:32:280 BitSetIdGenerator: 102912 id's available.
INFO 20:12:32:281 IdFactory: prepare guilds ids...
INFO 20:12:32:284 BitSetIdGenerator: extracted 0 ids.
INFO 20:12:32:285 BitSetIdGenerator: 102912 id's available.
INFO 20:12:32:285 IdFactory: prepare item ids...
INFO 20:12:32:286 BitSetIdGenerator: extracted 81 ids.
INFO 20:12:32:287 BitSetIdGenerator: 102912 id's available.
INFO 20:12:32:297 ServerVarManager: loaded 0 variables.
INFO 20:12:32:299 BossSpawnManager: loaded 0 boss spawns.
INFO 20:12:32:933 TerritoryTable: loaded 160 territories for 18803 regions.
INFO 20:12:34:198 WorldZoneTable: loaded 12 world zones for 31986 regions.
INFO 20:12:34:199 ConditionParser: initializable.
WARNING 20:12:34:698 SkillTable: detected once the file C:\Users\jorou\Downloads\TeraOnlineServer_Shock_1732\gameserver\.\data\skills\summon_skills\deprecated.zip
INFO 20:12:34:724 SkillTable: loaded 4613 skills for 19 classes.
INFO 20:12:35:145 ItemTable: loaded 10138 items.
INFO 20:12:35:155 Race: race appearances initializable.
INFO 20:12:35:166 PlayerTable: loaded 104 player templates.
INFO 20:12:35:389 DropTable: load drop for 407 npcs and 126 for resourse.
INFO 20:12:35:393 TownTable: initialized.
WARNING 20:12:35:415 NpcDialogTable: detected once the file C:\Users\jorou\Downloads\TeraOnlineServer_Shock_1732\gameserver\.\data\dialogs\dialogs.txt
INFO 20:12:35:442 NpcDialogTable: loaded 87 dialogs.
INFO 20:12:35:453 MessagePackageTable: loaded 34 message packages.
INFO 20:12:35:482 ConfigAITable: loaded 45 npc ai configs.
INFO 20:12:35:493 NpcAppearanceTable: initialized. Loaded 59 appearances.
WARNING 20:12:35:601 NpcTable: detected once the file C:\Users\jorou\Downloads\TeraOnlineServer_Shock_1732\gameserver\.\data\npcs\summons\playable_summons.zip
INFO 20:12:35:609 NpcTable: loaded  816 npcs.
INFO 20:12:35:620 ResourseTable: loaded  253 resourses.
INFO 20:12:35:630 MinionTable: loaded 303 minions for 42 npcs.
INFO 20:12:35:631 RegenTaskManager: initializable.
INFO 20:12:35:636 Formulas: initialized.
INFO 20:12:35:641 EffectTaskManager: initialized.
INFO 20:12:35:967 ObjectEventManager: initialized.
INFO 20:12:35:967 MoveTaskManager: initialized.
INFO 20:12:36:435 SpawnTable: loaded 19515 spawns for 617 npcs and 2013 spawns for 60 resourses.
INFO 20:12:36:462 GeoMap3D: start fast import geodata_1.dat
INFO 20:12:36:669 GeoMap3D: import ended. load 1867238 quards.
INFO 20:12:36:672 GeoMap3D: start fast import geodata_2.dat
INFO 20:12:36:738 GeoMap3D: import ended. load 440227 quards.
INFO 20:12:36:740 GeoMap3D: start fast import geodata_3.dat
INFO 20:12:36:759 GeoMap3D: import ended. load 58040 quards.
INFO 20:12:36:762 GeoManager: initialized.
INFO 20:12:36:767 ItemExecutorManager: loaded 0 executor items.
INFO 20:12:36:781 CommandManager: loaded 94 commands.
INFO 20:12:36:807 SkillLearnManager: loaded 950 skill learn's for 8 clases.
INFO 20:12:36:812 AnnounceManager: loaded 0 start announces and 0 running announces.
INFO 20:12:36:815 AccountManager: initialized.
INFO 20:12:36:818 GuildManager: loaded 0 guilds.
INFO 20:12:37:210 QuestManager: loaded 455 quests.
INFO 20:12:37:212 OnlineManager: initialized.
INFO 20:12:37:222 GameLogManager: initialized.
INFO 20:12:37:323 Region: next battle "Veritas District" in 2020.06.28 16:00.
INFO 20:12:37:328 Region: next battle "Ostgarath" in 2020.06.28 16:00.
INFO 20:12:37:342 Region: next battle "Val Palrada" in 2020.06.27 20:00.
INFO 20:12:37:345 Region: next battle "Val Aureum" in 2020.06.27 20:00.
INFO 20:12:37:346 EventManager: loaded 5 events.
INFO 20:12:37:462 EventManager: the nearest event in 45 minutes.
INFO 20:12:37:465 PlayerManager: initialized.
INFO 20:12:37:471 Network: started.
INFO 20:12:37:472 GameServer: started.
INFO 20:12:43:164 AccountManager: authed islanzadie
INFO 20:13:41:314 AccountManager: close islanzadie
