INFO 12:40:13:273 ServerControl: open server socket on 2101 port.
INFO 12:40:13:280 ExecutorManager: initialized.
INFO 12:40:13:609 CleaningManager: delete 8 reuses from a character_skill_reuses.
INFO 12:40:13:611 CleaningManager: delete 0 spawns from a boss_spawn.
INFO 12:40:13:612 CleaningManager: delete 0 appearances from a character_appearances.
INFO 12:40:13:612 CleaningManager: delete 0 effects from a character_save_effects.
INFO 12:40:13:613 CleaningManager: delete 0 inventors from a character_inventors.
INFO 12:40:13:614 CleaningManager: delete 0 skills from a character_skills.
INFO 12:40:13:615 CleaningManager: delete 0 hotkeys from a character_hotkey.
INFO 12:40:13:615 CleaningManager: delete 0 chars from a character_friends.
INFO 12:40:13:617 CleaningManager: delete 0 friends from a character_friends.
INFO 12:40:13:617 CleaningManager: delete 0 settings from a character_settings.
INFO 12:40:13:618 CleaningManager: delete 0 empty items from a items.
INFO 12:40:13:619 CleaningManager: delete 0 no owner items from a items.
INFO 12:40:13:620 CleaningManager: delete 0 no owner guild items from a items.
INFO 12:40:13:670 CleaningManager: create buffer table items.
INFO 12:40:13:673 CleaningManager: copy 217 items to buffer_items.
INFO 12:40:13:674 CleaningManager: delete 0 no owner items from a buffer_items.
INFO 12:40:13:680 CleaningManager: drop buffer table items.
INFO 12:40:13:681 CleaningManager: delete 0 from a quests.
INFO 12:40:13:682 CleaningManager: delete 0 from a quest variables.
INFO 12:40:13:682 CleaningManager: delete 0 from a guild ranks.
INFO 12:40:13:725 ClientPacketType: client packets prepared.
INFO 12:40:13:736 EffectParser: initialized.
INFO 12:40:13:738 RandomManager: initialized.
INFO 12:40:13:739 IdFactory: prepare npc ids...
INFO 12:40:13:740 BitSetIdGenerator: 102912 id's available.
INFO 12:40:13:741 IdFactory: prepare objects ids...
INFO 12:40:13:741 BitSetIdGenerator: 102912 id's available.
INFO 12:40:13:741 IdFactory: prepare players ids...
INFO 12:40:13:744 BitSetIdGenerator: extracted 12 ids.
INFO 12:40:13:744 BitSetIdGenerator: 102912 id's available.
INFO 12:40:13:744 IdFactory: prepare guilds ids...
INFO 12:40:13:745 BitSetIdGenerator: extracted 1 ids.
INFO 12:40:13:745 BitSetIdGenerator: 102912 id's available.
INFO 12:40:13:746 IdFactory: prepare item ids...
INFO 12:40:13:747 BitSetIdGenerator: extracted 217 ids.
INFO 12:40:13:748 BitSetIdGenerator: 102912 id's available.
INFO 12:40:13:758 ServerVarManager: loaded 0 variables.
INFO 12:40:13:761 BossSpawnManager: loaded 0 boss spawns.
INFO 12:40:14:331 TerritoryTable: loaded 160 territories for 18803 regions.
INFO 12:40:15:456 WorldZoneTable: loaded 12 world zones for 31986 regions.
INFO 12:40:15:457 ConditionParser: initializable.
WARNING 12:40:15:879 SkillTable: detected once the file C:\Users\jorou\Downloads\TeraOnlineServer_Shock_1732\gameserver\.\data\skills\summon_skills\deprecated.zip
INFO 12:40:15:894 SkillTable: loaded 4613 skills for 19 classes.
WARNING 12:40:15:898 ItemTable: detected once the file C:\Users\jorou\Downloads\TeraOnlineServer_Shock_1732\gameserver\.\data\items\adaptations.txt
INFO 12:40:16:211 ItemTable: loaded 10138 items.
INFO 12:40:16:219 Race: race appearances initializable.
INFO 12:40:16:225 PlayerTable: loaded 104 player templates.
WARNING 12:40:16:399 DropTable: not found items [50048]
INFO 12:40:16:399 DropTable: load drop for 407 npcs and 126 for resourse.
INFO 12:40:16:404 TownTable: initialized.
WARNING 12:40:16:425 NpcDialogTable: detected once the file C:\Users\jorou\Downloads\TeraOnlineServer_Shock_1732\gameserver\.\data\dialogs\dialogs.txt
INFO 12:40:16:453 NpcDialogTable: loaded 87 dialogs.
INFO 12:40:16:460 MessagePackageTable: loaded 34 message packages.
INFO 12:40:16:493 ConfigAITable: loaded 45 npc ai configs.
INFO 12:40:16:506 NpcAppearanceTable: initialized. Loaded 59 appearances.
WARNING 12:40:16:621 NpcTable: detected once the file C:\Users\jorou\Downloads\TeraOnlineServer_Shock_1732\gameserver\.\data\npcs\summons\playable_summons.zip
INFO 12:40:16:630 NpcTable: loaded  816 npcs.
INFO 12:40:16:641 ResourseTable: loaded  253 resourses.
INFO 12:40:16:649 MinionTable: loaded 303 minions for 42 npcs.
INFO 12:40:16:650 RegenTaskManager: initializable.
INFO 12:40:16:656 Formulas: initialized.
INFO 12:40:16:658 EffectTaskManager: initialized.
INFO 12:40:16:935 ObjectEventManager: initialized.
INFO 12:40:16:936 MoveTaskManager: initialized.
INFO 12:40:17:269 SpawnTable: loaded 19515 spawns for 617 npcs and 2013 spawns for 60 resourses.
INFO 12:40:17:278 GeoMap3D: start fast import geodata_1.dat
INFO 12:40:17:516 GeoMap3D: import ended. load 1867238 quards.
INFO 12:40:17:517 GeoMap3D: start fast import geodata_2.dat
INFO 12:40:17:588 GeoMap3D: import ended. load 440227 quards.
INFO 12:40:17:591 GeoMap3D: start fast import geodata_3.dat
INFO 12:40:17:596 GeoMap3D: import ended. load 58040 quards.
INFO 12:40:17:596 GeoManager: initialized.
INFO 12:40:17:599 ItemExecutorManager: loaded 0 executor items.
INFO 12:40:17:610 CommandManager: loaded 95 commands.
INFO 12:40:17:623 SkillLearnManager: loaded 950 skill learn's for 8 clases.
INFO 12:40:17:627 AnnounceManager: loaded 0 start announces and 0 running announces.
INFO 12:40:17:629 AccountManager: initialized.
INFO 12:40:17:640 GuildManager: loaded 1 guilds.
INFO 12:40:17:912 QuestManager: loaded 455 quests.
INFO 12:40:17:914 OnlineManager: initialized.
INFO 12:40:17:919 GameLogManager: initialized.
INFO 12:40:17:994 Region: next battle "Veritas District" in 2020.06.28 16:00.
INFO 12:40:17:996 Region: next battle "Ostgarath" in 2020.06.28 16:00.
INFO 12:40:17:998 Region: next battle "Val Palrada" in 2020.06.27 20:00.
INFO 12:40:18:000 Region: next battle "Val Aureum" in 2020.06.27 20:00.
INFO 12:40:18:000 EventManager: loaded 5 events.
INFO 12:40:18:183 EventManager: the nearest event in 32 minutes.
INFO 12:40:18:186 PlayerManager: initialized.
INFO 12:40:18:195 Network: started.
INFO 12:40:18:195 GameServer: started.
INFO 12:42:17:061 AccountManager: authed islanzadie
WARNING 12:42:46:929 CommandManager: NumberFormatException : For input string: "" : stack trace:
java.base/java.lang.NumberFormatException.forInputString(NumberFormatException.java:68)
java.base/java.lang.Integer.parseInt(Integer.java:668)
java.base/java.lang.Integer.parseInt(Integer.java:776)
tera.gameserver.scripts.commands.NpcCommands.execution(NpcCommands.java:227)
tera.gameserver.manager.CommandManager.execute(CommandManager.java:74)
tera.gameserver.network.clientpackets.PlayerSay.runImpl(PlayerSay.java:84)
rlib.network.packets.AbstractReadeablePacket.run(AbstractReadeablePacket.java:175)
java.base/java.util.concurrent.ThreadPoolExecutor.runWorker(ThreadPoolExecutor.java:1128)
java.base/java.util.concurrent.ThreadPoolExecutor$Worker.run(ThreadPoolExecutor.java:628)
java.base/java.lang.Thread.run(Thread.java:830)

WARNING 12:43:01:374 NpcTable: detected once the file C:\Users\jorou\Downloads\TeraOnlineServer_Shock_1732\gameserver\.\data\npcs\summons\playable_summons.zip
INFO 12:43:01:387 NpcTable: npcs reloaded.
INFO 12:43:04:721 SpawnTable: reloaded.
WARNING 12:46:22:158 NpcTable: detected once the file C:\Users\jorou\Downloads\TeraOnlineServer_Shock_1732\gameserver\.\data\npcs\summons\playable_summons.zip
INFO 12:46:22:167 NpcTable: npcs reloaded.
INFO 12:46:31:467 SpawnTable: reloaded.
INFO 12:50:13:915 SpawnTable: reloaded.
INFO 12:53:30:257 AccountManager: authed Joalin
WARNING 12:53:58:160 NpcTable: detected once the file C:\Users\jorou\Downloads\TeraOnlineServer_Shock_1732\gameserver\.\data\npcs\summons\playable_summons.zip
INFO 12:53:58:188 NpcTable: npcs reloaded.
INFO 12:54:01:117 SpawnTable: reloaded.
WARNING 12:54:56:187 NpcTable: detected once the file C:\Users\jorou\Downloads\TeraOnlineServer_Shock_1732\gameserver\.\data\npcs\summons\playable_summons.zip
INFO 12:54:56:194 NpcTable: npcs reloaded.
INFO 12:55:02:221 SpawnTable: reloaded.
INFO 12:55:20:457 SpawnTable: reloaded.
INFO 12:55:24:004 SpawnTable: reloaded.
INFO 12:55:27:853 SpawnTable: reloaded.
INFO 12:55:31:438 SpawnTable: reloaded.
WARNING 12:55:37:493 NpcTable: detected once the file C:\Users\jorou\Downloads\TeraOnlineServer_Shock_1732\gameserver\.\data\npcs\summons\playable_summons.zip
INFO 12:55:37:506 NpcTable: npcs reloaded.
INFO 12:55:38:792 SpawnTable: reloaded.
WARNING 12:56:00:454 NpcTable: detected once the file C:\Users\jorou\Downloads\TeraOnlineServer_Shock_1732\gameserver\.\data\npcs\summons\playable_summons.zip
INFO 12:56:00:470 NpcTable: npcs reloaded.
INFO 12:56:02:958 SpawnTable: reloaded.
WARNING 12:57:15:570 NpcTable: detected once the file C:\Users\jorou\Downloads\TeraOnlineServer_Shock_1732\gameserver\.\data\npcs\summons\playable_summons.zip
INFO 12:57:15:582 NpcTable: npcs reloaded.
INFO 12:57:17:379 SpawnTable: reloaded.
WARNING 12:57:42:592 NpcTable: detected once the file C:\Users\jorou\Downloads\TeraOnlineServer_Shock_1732\gameserver\.\data\npcs\summons\playable_summons.zip
INFO 12:57:42:606 NpcTable: npcs reloaded.
INFO 12:57:43:757 SpawnTable: reloaded.
INFO 13:00:44:273 SpawnTable: reloaded.
WARNING 13:00:48:606 NpcTable: detected once the file C:\Users\jorou\Downloads\TeraOnlineServer_Shock_1732\gameserver\.\data\npcs\summons\playable_summons.zip
INFO 13:00:48:628 NpcTable: npcs reloaded.
INFO 13:00:52:964 SpawnTable: reloaded.
INFO 13:03:29:684 Config: reloaded.
INFO 13:04:53:515 AccountManager: close islanzadie
INFO 13:05:07:451 AccountManager: close Joalin
