INFO 00:03:57:802 ServerControl: open server socket on 2101 port.
INFO 00:03:57:809 ExecutorManager: initialized.
INFO 00:03:58:160 CleaningManager: delete 0 reuses from a character_skill_reuses.
INFO 00:03:58:161 CleaningManager: delete 0 spawns from a boss_spawn.
INFO 00:03:58:162 CleaningManager: delete 0 appearances from a character_appearances.
INFO 00:03:58:162 CleaningManager: delete 0 effects from a character_save_effects.
INFO 00:03:58:163 CleaningManager: delete 0 inventors from a character_inventors.
INFO 00:03:58:163 CleaningManager: delete 0 skills from a character_skills.
INFO 00:03:58:164 CleaningManager: delete 0 hotkeys from a character_hotkey.
INFO 00:03:58:165 CleaningManager: delete 0 chars from a character_friends.
INFO 00:03:58:166 CleaningManager: delete 0 friends from a character_friends.
INFO 00:03:58:167 CleaningManager: delete 0 settings from a character_settings.
INFO 00:03:58:167 CleaningManager: delete 0 empty items from a items.
INFO 00:03:58:168 CleaningManager: delete 0 no owner items from a items.
INFO 00:03:58:168 CleaningManager: delete 0 no owner guild items from a items.
INFO 00:03:58:209 CleaningManager: create buffer table items.
INFO 00:03:58:211 CleaningManager: copy 30 items to buffer_items.
INFO 00:03:58:212 CleaningManager: delete 0 no owner items from a buffer_items.
INFO 00:03:58:220 CleaningManager: drop buffer table items.
INFO 00:03:58:221 CleaningManager: delete 0 from a quests.
INFO 00:03:58:221 CleaningManager: delete 0 from a quest variables.
INFO 00:03:58:222 CleaningManager: delete 0 from a guild ranks.
INFO 00:03:58:268 ClientPacketType: client packets prepared.
INFO 00:03:58:280 EffectParser: initialized.
INFO 00:03:58:283 RandomManager: initialized.
INFO 00:03:58:283 IdFactory: prepare npc ids...
INFO 00:03:58:285 BitSetIdGenerator: 102912 id's available.
INFO 00:03:58:286 IdFactory: prepare objects ids...
INFO 00:03:58:286 BitSetIdGenerator: 102912 id's available.
INFO 00:03:58:288 IdFactory: prepare players ids...
INFO 00:03:58:291 BitSetIdGenerator: extracted 3 ids.
INFO 00:03:58:292 BitSetIdGenerator: 102912 id's available.
INFO 00:03:58:292 IdFactory: prepare guilds ids...
INFO 00:03:58:293 BitSetIdGenerator: extracted 0 ids.
INFO 00:03:58:293 BitSetIdGenerator: 102912 id's available.
INFO 00:03:58:294 IdFactory: prepare item ids...
INFO 00:03:58:295 BitSetIdGenerator: extracted 30 ids.
INFO 00:03:58:296 BitSetIdGenerator: 102912 id's available.
INFO 00:03:58:307 ServerVarManager: loaded 0 variables.
INFO 00:03:58:310 BossSpawnManager: loaded 0 boss spawns.
INFO 00:03:59:001 TerritoryTable: loaded 160 territories for 18803 regions.
INFO 00:04:00:147 WorldZoneTable: loaded 12 world zones for 31986 regions.
INFO 00:04:00:148 ConditionParser: initializable.
WARNING 00:04:00:623 SkillTable: detected once the file C:\Users\jorou\Downloads\TeraOnlineServer_Shock_1732\gameserver\.\data\skills\summon_skills\deprecated.zip
INFO 00:04:00:642 SkillTable: loaded 4613 skills for 19 classes.
INFO 00:04:01:196 ItemTable: loaded 10138 items.
INFO 00:04:01:212 Race: race appearances initializable.
INFO 00:04:01:224 PlayerTable: loaded 104 player templates.
INFO 00:04:01:468 DropTable: load drop for 407 npcs and 126 for resourse.
INFO 00:04:01:478 TownTable: initialized.
WARNING 00:04:01:503 NpcDialogTable: detected once the file C:\Users\jorou\Downloads\TeraOnlineServer_Shock_1732\gameserver\.\data\dialogs\dialogs.txt
INFO 00:04:01:532 NpcDialogTable: loaded 87 dialogs.
INFO 00:04:01:543 MessagePackageTable: loaded 34 message packages.
INFO 00:04:01:573 ConfigAITable: loaded 45 npc ai configs.
INFO 00:04:01:584 NpcAppearanceTable: initialized. Loaded 59 appearances.
WARNING 00:04:01:723 NpcTable: detected once the file C:\Users\jorou\Downloads\TeraOnlineServer_Shock_1732\gameserver\.\data\npcs\summons\playable_summons.zip
INFO 00:04:01:735 NpcTable: loaded  816 npcs.
INFO 00:04:01:750 ResourseTable: loaded  253 resourses.
INFO 00:04:01:763 MinionTable: loaded 303 minions for 42 npcs.
INFO 00:04:01:764 RegenTaskManager: initializable.
INFO 00:04:01:775 Formulas: initialized.
INFO 00:04:01:777 EffectTaskManager: initialized.
INFO 00:04:02:143 ObjectEventManager: initialized.
INFO 00:04:02:144 MoveTaskManager: initialized.
INFO 00:04:02:641 SpawnTable: loaded 19515 spawns for 617 npcs and 2013 spawns for 60 resourses.
INFO 00:04:02:659 GeoMap3D: start fast import geodata_1.dat
INFO 00:04:02:968 GeoMap3D: import ended. load 1867238 quards.
INFO 00:04:02:988 GeoMap3D: start fast import geodata_2.dat
INFO 00:04:03:080 GeoMap3D: import ended. load 440227 quards.
INFO 00:04:03:084 GeoMap3D: start fast import geodata_3.dat
INFO 00:04:03:102 GeoMap3D: import ended. load 58040 quards.
INFO 00:04:03:102 GeoManager: initialized.
INFO 00:04:03:105 ItemExecutorManager: loaded 0 executor items.
INFO 00:04:03:127 CommandManager: loaded 94 commands.
INFO 00:04:03:155 SkillLearnManager: loaded 950 skill learn's for 8 clases.
INFO 00:04:03:168 AnnounceManager: loaded 0 start announces and 0 running announces.
INFO 00:04:03:172 AccountManager: initialized.
INFO 00:04:03:213 GuildManager: loaded 0 guilds.
INFO 00:04:03:640 QuestManager: loaded 455 quests.
INFO 00:04:03:642 OnlineManager: initialized.
INFO 00:04:03:650 GameLogManager: initialized.
INFO 00:04:03:728 Region: next battle "Veritas District" in 2020.06.21 16:00.
INFO 00:04:03:734 Region: next battle "Ostgarath" in 2020.06.21 16:00.
INFO 00:04:03:738 Region: next battle "Val Palrada" in 2020.06.27 20:00.
INFO 00:04:03:741 Region: next battle "Val Aureum" in 2020.06.27 20:00.
INFO 00:04:03:741 EventManager: loaded 5 events.
INFO 00:04:03:850 EventManager: the nearest event in 49 minutes.
INFO 00:04:03:853 PlayerManager: initialized.
INFO 00:04:03:861 Network: started.
INFO 00:04:03:862 GameServer: started.
INFO 00:05:29:251 AccountManager: authed islanzadie
INFO 00:05:34:176 AccountManager: close islanzadie
INFO 00:05:43:276 AccountManager: authed islanzadie
INFO 00:06:36:021 AccountManager: close islanzadie
