INFO 14:51:16:757 ServerControl: open server socket on 2101 port.
INFO 14:51:16:779 ExecutorManager: initialized.
INFO 14:51:17:175 CleaningManager: delete 0 reuses from a character_skill_reuses.
INFO 14:51:17:175 CleaningManager: delete 0 spawns from a boss_spawn.
INFO 14:51:17:176 CleaningManager: delete 0 appearances from a character_appearances.
INFO 14:51:17:177 CleaningManager: delete 0 effects from a character_save_effects.
INFO 14:51:17:178 CleaningManager: delete 0 inventors from a character_inventors.
INFO 14:51:17:179 CleaningManager: delete 0 skills from a character_skills.
INFO 14:51:17:180 CleaningManager: delete 0 hotkeys from a character_hotkey.
INFO 14:51:17:180 CleaningManager: delete 0 chars from a character_friends.
INFO 14:51:17:182 CleaningManager: delete 0 friends from a character_friends.
INFO 14:51:17:182 CleaningManager: delete 0 settings from a character_settings.
INFO 14:51:17:183 CleaningManager: delete 0 empty items from a items.
INFO 14:51:17:184 CleaningManager: delete 0 no owner items from a items.
INFO 14:51:17:186 CleaningManager: delete 0 no owner guild items from a items.
INFO 14:51:17:247 CleaningManager: create buffer table items.
INFO 14:51:17:250 CleaningManager: copy 92 items to buffer_items.
INFO 14:51:17:252 CleaningManager: delete 0 no owner items from a buffer_items.
INFO 14:51:17:260 CleaningManager: drop buffer table items.
INFO 14:51:17:261 CleaningManager: delete 0 from a quests.
INFO 14:51:17:262 CleaningManager: delete 0 from a quest variables.
INFO 14:51:17:263 CleaningManager: delete 0 from a guild ranks.
INFO 14:51:17:314 ClientPacketType: client packets prepared.
INFO 14:51:17:351 EffectParser: initialized.
INFO 14:51:17:367 RandomManager: initialized.
INFO 14:51:17:368 IdFactory: prepare npc ids...
INFO 14:51:17:370 BitSetIdGenerator: 102912 id's available.
INFO 14:51:17:371 IdFactory: prepare objects ids...
INFO 14:51:17:374 BitSetIdGenerator: 102912 id's available.
INFO 14:51:17:375 IdFactory: prepare players ids...
INFO 14:51:17:379 BitSetIdGenerator: extracted 7 ids.
INFO 14:51:17:379 BitSetIdGenerator: 102912 id's available.
INFO 14:51:17:380 IdFactory: prepare guilds ids...
INFO 14:51:17:381 BitSetIdGenerator: extracted 0 ids.
INFO 14:51:17:381 BitSetIdGenerator: 102912 id's available.
INFO 14:51:17:382 IdFactory: prepare item ids...
INFO 14:51:17:383 BitSetIdGenerator: extracted 92 ids.
INFO 14:51:17:384 BitSetIdGenerator: 102912 id's available.
INFO 14:51:17:414 ServerVarManager: loaded 0 variables.
INFO 14:51:17:417 BossSpawnManager: loaded 0 boss spawns.
INFO 14:51:18:118 TerritoryTable: loaded 160 territories for 18803 regions.
INFO 14:51:19:692 WorldZoneTable: loaded 12 world zones for 31986 regions.
INFO 14:51:19:694 ConditionParser: initializable.
WARNING 14:51:20:302 SkillTable: detected once the file C:\Users\jorou\Downloads\TeraOnlineServer_Shock_1732\gameserver\.\data\skills\summon_skills\deprecated.zip
INFO 14:51:20:320 SkillTable: loaded 4613 skills for 19 classes.
INFO 14:51:20:750 ItemTable: loaded 10138 items.
INFO 14:51:20:765 Race: race appearances initializable.
INFO 14:51:20:770 PlayerTable: loaded 104 player templates.
WARNING 14:51:21:107 DropTable: not found items [50048]
INFO 14:51:21:112 DropTable: load drop for 407 npcs and 126 for resourse.
INFO 14:51:21:117 TownTable: initialized.
WARNING 14:51:21:142 NpcDialogTable: detected once the file C:\Users\jorou\Downloads\TeraOnlineServer_Shock_1732\gameserver\.\data\dialogs\dialogs.txt
INFO 14:51:21:183 NpcDialogTable: loaded 87 dialogs.
INFO 14:51:21:188 MessagePackageTable: loaded 34 message packages.
INFO 14:51:21:244 ConfigAITable: loaded 45 npc ai configs.
INFO 14:51:21:260 NpcAppearanceTable: initialized. Loaded 59 appearances.
WARNING 14:51:21:406 NpcTable: detected once the file C:\Users\jorou\Downloads\TeraOnlineServer_Shock_1732\gameserver\.\data\npcs\summons\playable_summons.zip
INFO 14:51:21:415 NpcTable: loaded  816 npcs.
INFO 14:51:21:434 ResourseTable: loaded  253 resourses.
INFO 14:51:21:442 MinionTable: loaded 303 minions for 42 npcs.
INFO 14:51:21:443 RegenTaskManager: initializable.
INFO 14:51:21:450 Formulas: initialized.
INFO 14:51:21:451 EffectTaskManager: initialized.
INFO 14:51:21:835 ObjectEventManager: initialized.
INFO 14:51:21:851 MoveTaskManager: initialized.
INFO 14:51:22:364 SpawnTable: loaded 19515 spawns for 617 npcs and 2013 spawns for 60 resourses.
INFO 14:51:22:416 GeoMap3D: start fast import geodata_1.dat
INFO 14:51:22:699 GeoMap3D: import ended. load 1867238 quards.
INFO 14:51:22:699 GeoMap3D: start fast import geodata_2.dat
INFO 14:51:22:789 GeoMap3D: import ended. load 440227 quards.
INFO 14:51:22:792 GeoMap3D: start fast import geodata_3.dat
INFO 14:51:22:809 GeoMap3D: import ended. load 58040 quards.
INFO 14:51:22:812 GeoManager: initialized.
INFO 14:51:22:816 ItemExecutorManager: loaded 0 executor items.
INFO 14:51:22:839 CommandManager: loaded 94 commands.
INFO 14:51:22:850 SkillLearnManager: loaded 950 skill learn's for 8 clases.
INFO 14:51:22:853 AnnounceManager: loaded 0 start announces and 0 running announces.
INFO 14:51:22:854 AccountManager: initialized.
INFO 14:51:22:858 GuildManager: loaded 0 guilds.
INFO 14:51:23:176 QuestManager: loaded 455 quests.
INFO 14:51:23:179 OnlineManager: initialized.
INFO 14:51:23:188 GameLogManager: initialized.
INFO 14:51:23:248 Region: next battle "Veritas District" in 2020.06.28 16:00.
INFO 14:51:23:254 Region: next battle "Ostgarath" in 2020.06.28 16:00.
INFO 14:51:23:256 Region: next battle "Val Palrada" in 2020.06.27 20:00.
INFO 14:51:23:258 Region: next battle "Val Aureum" in 2020.06.27 20:00.
INFO 14:51:23:258 EventManager: loaded 5 events.
INFO 14:51:23:409 EventManager: the nearest event in 53 minutes.
INFO 14:51:23:413 PlayerManager: initialized.
INFO 14:51:23:420 Network: started.
INFO 14:51:23:421 GameServer: started.
INFO 14:51:51:233 AccountManager: authed islanzadie
WARNING 14:53:16:392 RequestNpcLink: ArrayIndexOutOfBoundsException : Index 62 out of bounds for length 62 : stack trace:
tera.gameserver.model.playable.Player.addExp(Player.java:349)
tera.gameserver.model.quests.actions.ActionAddExp.apply(ActionAddExp.java:56)
tera.gameserver.model.quests.Reward.giveReward(Reward.java:114)
tera.gameserver.model.quests.classes.AbstractQuest.finish(AbstractQuest.java:306)
tera.gameserver.model.quests.actions.ActionQuestFinish.apply(ActionQuestFinish.java:27)
tera.gameserver.model.quests.events.AbstractQuestEventListener.notifyQuest(AbstractQuestEventListener.java:74)
tera.gameserver.model.quests.events.LinkSelectListener.notifyQuest(LinkSelectListener.java:45)
tera.gameserver.model.quests.classes.AbstractQuest.notifyQuest(AbstractQuest.java:410)
tera.gameserver.model.quests.classes.AbstractQuest.notifyQuest(AbstractQuest.java:393)
tera.gameserver.model.quests.classes.AbstractQuest.reply(AbstractQuest.java:541)
tera.gameserver.model.npc.interaction.links.AbstractLink.reply(AbstractLink.java:90)
tera.gameserver.network.clientpackets.RequestNpcLink.runImpl(RequestNpcLink.java:77)
rlib.network.packets.AbstractReadeablePacket.run(AbstractReadeablePacket.java:175)
java.base/java.util.concurrent.ThreadPoolExecutor.runWorker(ThreadPoolExecutor.java:1128)
java.base/java.util.concurrent.ThreadPoolExecutor$Worker.run(ThreadPoolExecutor.java:628)
java.base/java.lang.Thread.run(Thread.java:830)

INFO 15:07:34:512 AccountManager: authed Joalin
