INFO 20:57:00:642 ServerControl: open server socket on 2101 port.
INFO 20:57:00:648 ExecutorManager: initialized.
INFO 20:57:01:018 CleaningManager: delete 0 reuses from a character_skill_reuses.
INFO 20:57:01:019 CleaningManager: delete 0 spawns from a boss_spawn.
INFO 20:57:01:019 CleaningManager: delete 0 appearances from a character_appearances.
INFO 20:57:01:020 CleaningManager: delete 0 effects from a character_save_effects.
INFO 20:57:01:021 CleaningManager: delete 0 inventors from a character_inventors.
INFO 20:57:01:021 CleaningManager: delete 0 skills from a character_skills.
INFO 20:57:01:022 CleaningManager: delete 0 hotkeys from a character_hotkey.
INFO 20:57:01:022 CleaningManager: delete 0 chars from a character_friends.
INFO 20:57:01:023 CleaningManager: delete 0 friends from a character_friends.
INFO 20:57:01:024 CleaningManager: delete 0 settings from a character_settings.
INFO 20:57:01:024 CleaningManager: delete 0 empty items from a items.
INFO 20:57:01:025 CleaningManager: delete 0 no owner items from a items.
INFO 20:57:01:025 CleaningManager: delete 0 no owner guild items from a items.
INFO 20:57:01:074 CleaningManager: create buffer table items.
INFO 20:57:01:076 CleaningManager: copy 224 items to buffer_items.
INFO 20:57:01:077 CleaningManager: delete 0 no owner items from a buffer_items.
INFO 20:57:01:085 CleaningManager: drop buffer table items.
INFO 20:57:01:085 CleaningManager: delete 0 from a quests.
INFO 20:57:01:086 CleaningManager: delete 0 from a quest variables.
INFO 20:57:01:086 CleaningManager: delete 0 from a guild ranks.
INFO 20:57:01:132 ClientPacketType: client packets prepared.
INFO 20:57:01:143 EffectParser: initialized.
INFO 20:57:01:145 RandomManager: initialized.
INFO 20:57:01:146 IdFactory: prepare npc ids...
INFO 20:57:01:148 BitSetIdGenerator: 102912 id's available.
INFO 20:57:01:149 IdFactory: prepare objects ids...
INFO 20:57:01:149 BitSetIdGenerator: 102912 id's available.
INFO 20:57:01:150 IdFactory: prepare players ids...
INFO 20:57:01:152 BitSetIdGenerator: extracted 12 ids.
INFO 20:57:01:152 BitSetIdGenerator: 102912 id's available.
INFO 20:57:01:153 IdFactory: prepare guilds ids...
INFO 20:57:01:154 BitSetIdGenerator: extracted 1 ids.
INFO 20:57:01:154 BitSetIdGenerator: 102912 id's available.
INFO 20:57:01:155 IdFactory: prepare item ids...
INFO 20:57:01:156 BitSetIdGenerator: extracted 224 ids.
INFO 20:57:01:157 BitSetIdGenerator: 102912 id's available.
INFO 20:57:01:167 ServerVarManager: loaded 0 variables.
INFO 20:57:01:170 BossSpawnManager: loaded 0 boss spawns.
INFO 20:57:01:790 TerritoryTable: loaded 160 territories for 18803 regions.
INFO 20:57:03:074 WorldZoneTable: loaded 12 world zones for 31986 regions.
INFO 20:57:03:075 ConditionParser: initializable.
WARNING 20:57:03:557 SkillTable: detected once the file C:\Users\jorou\Downloads\TeraOnlineServer_Shock_1732\gameserver\.\data\skills\summon_skills\deprecated.zip
INFO 20:57:03:580 SkillTable: loaded 4613 skills for 19 classes.
WARNING 20:57:03:588 ItemTable: detected once the file C:\Users\jorou\Downloads\TeraOnlineServer_Shock_1732\gameserver\.\data\items\adaptations.txt
INFO 20:57:03:997 ItemTable: loaded 10138 items.
INFO 20:57:04:012 Race: race appearances initializable.
INFO 20:57:04:022 PlayerTable: loaded 104 player templates.
WARNING 20:57:04:254 DropTable: not found items [50048]
INFO 20:57:04:255 DropTable: load drop for 407 npcs and 126 for resourse.
INFO 20:57:04:259 TownTable: initialized.
WARNING 20:57:04:292 NpcDialogTable: detected once the file C:\Users\jorou\Downloads\TeraOnlineServer_Shock_1732\gameserver\.\data\dialogs\dialogs.txt
INFO 20:57:04:322 NpcDialogTable: loaded 87 dialogs.
INFO 20:57:04:330 MessagePackageTable: loaded 34 message packages.
INFO 20:57:04:368 ConfigAITable: loaded 45 npc ai configs.
INFO 20:57:04:380 NpcAppearanceTable: initialized. Loaded 59 appearances.
WARNING 20:57:04:531 NpcTable: found duplicate npc template NpcTemplate npcId = 30002, exp = 0, attack = 300000, defense = 1000, owerAttack = 15000, owerDefense = 13000, level = 100, aggro = 100, factionRange = 5000, name = *Elleon*, title = Valkyon's Hero, factionId = Alliance of Argons, type = 300, isRaid = false, canDrop = false, drop = null, minions = null, dialog = null, geomRadius = 20.0, geomHeight = 60.0, npcType = PLAYER_KILLER in file .\data\npcs\south_arun\velika_outskirt.xml
WARNING 20:57:04:531 NpcTable: found duplicate npc template NpcTemplate npcId = 30004, exp = 0, attack = 40000, defense = 4000, owerAttack = 1500, owerDefense = 7000, level = 100, aggro = 100, factionRange = 5000, name = *Klaris*, title = Wise mage, factionId = Alliance of Argons, type = 300, isRaid = false, canDrop = false, drop = null, minions = null, dialog = null, geomRadius = 20.0, geomHeight = 60.0, npcType = PLAYER_KILLER in file .\data\npcs\south_arun\velika_outskirt.xml
WARNING 20:57:04:533 NpcTable: found duplicate npc template NpcTemplate npcId = 30005, exp = 0, attack = 91000, defense = 5000, owerAttack = 1500, owerDefense = 10000, level = 100, aggro = 100, factionRange = 5000, name = *Joff*, title = Open minded, factionId = Alliance of Argons, type = 300, isRaid = false, canDrop = false, drop = null, minions = null, dialog = null, geomRadius = 30.0, geomHeight = 70.0, npcType = PLAYER_KILLER in file .\data\npcs\south_arun\velika_outskirt.xml
WARNING 20:57:04:539 NpcTable: found duplicate npc template NpcTemplate npcId = 30007, exp = 0, attack = 300000, defense = 5000, owerAttack = 14500, owerDefense = 15000, level = 100, aggro = 100, factionRange = 5000, name = *KLei*, title = Testing, factionId = Alliance of Argons, type = 300, isRaid = false, canDrop = false, drop = null, minions = null, dialog = null, geomRadius = 25.0, geomHeight = 70.0, npcType = PLAYER_KILLER in file .\data\npcs\south_arun\velika_outskirt.xml
WARNING 20:57:04:545 NpcTable: found duplicate npc template NpcTemplate npcId = 30008, exp = 0, attack = 91000, defense = 11000, owerAttack = 1000, owerDefense = 20000, level = 100, aggro = 100, factionRange = 5000, name = *Arei*, title = HUrrrr durrrr, factionId = Alliance of Argons, type = 300, isRaid = false, canDrop = false, drop = null, minions = null, dialog = null, geomRadius = 30.0, geomHeight = 70.0, npcType = PLAYER_KILLER in file .\data\npcs\south_arun\velika_outskirt.xml
WARNING 20:57:04:548 NpcTable: found duplicate npc template NpcTemplate npcId = 30010, exp = 0, attack = 410000, defense = 4000, owerAttack = 1500, owerDefense = 7000, level = 100, aggro = 100, factionRange = 5000, name = *Lola*, title = Lover, factionId = Alliance of Argons, type = 300, isRaid = false, canDrop = false, drop = null, minions = null, dialog = null, geomRadius = 20.0, geomHeight = 60.0, npcType = PLAYER_KILLER in file .\data\npcs\south_arun\velika_outskirt.xml
WARNING 20:57:04:557 NpcTable: detected once the file C:\Users\jorou\Downloads\TeraOnlineServer_Shock_1732\gameserver\.\data\npcs\summons\playable_summons.zip
INFO 20:57:04:571 NpcTable: loaded  816 npcs.
INFO 20:57:04:592 ResourseTable: loaded  253 resourses.
INFO 20:57:04:606 MinionTable: loaded 303 minions for 42 npcs.
INFO 20:57:04:607 RegenTaskManager: initializable.
INFO 20:57:04:620 Formulas: initialized.
INFO 20:57:04:621 EffectTaskManager: initialized.
INFO 20:57:04:939 ObjectEventManager: initialized.
INFO 20:57:04:939 MoveTaskManager: initialized.
INFO 20:57:05:382 SpawnTable: loaded 19523 spawns for 622 npcs and 2013 spawns for 60 resourses.
INFO 20:57:05:438 GeoMap3D: start fast import geodata_1.dat
INFO 20:57:05:626 GeoMap3D: import ended. load 1867238 quards.
INFO 20:57:05:627 GeoMap3D: start fast import geodata_2.dat
INFO 20:57:05:702 GeoMap3D: import ended. load 440227 quards.
INFO 20:57:05:715 GeoMap3D: start fast import geodata_3.dat
INFO 20:57:05:735 GeoMap3D: import ended. load 58040 quards.
INFO 20:57:05:741 GeoManager: initialized.
INFO 20:57:05:744 ItemExecutorManager: loaded 0 executor items.
INFO 20:57:05:756 CommandManager: loaded 95 commands.
INFO 20:57:05:772 SkillLearnManager: loaded 950 skill learn's for 8 clases.
INFO 20:57:05:777 AnnounceManager: loaded 0 start announces and 0 running announces.
INFO 20:57:05:781 AccountManager: initialized.
INFO 20:57:05:810 GuildManager: loaded 1 guilds.
INFO 20:57:06:160 QuestManager: loaded 455 quests.
INFO 20:57:06:163 OnlineManager: initialized.
INFO 20:57:06:168 GameLogManager: initialized.
INFO 20:57:06:249 Region: next battle "Veritas District" in 2020.06.28 16:00.
INFO 20:57:06:252 Region: next battle "Ostgarath" in 2020.06.28 16:00.
INFO 20:57:06:256 Region: next battle "Val Palrada" in 2020.06.27 20:00.
INFO 20:57:06:257 Region: next battle "Val Aureum" in 2020.06.27 20:00.
INFO 20:57:06:258 EventManager: loaded 5 events.
INFO 20:57:06:391 EventManager: the nearest event in 30 minutes.
INFO 20:57:06:396 PlayerManager: initialized.
INFO 20:57:06:403 Network: started.
INFO 20:57:06:404 GameServer: started.
INFO 20:57:09:095 AccountManager: authed islanzadie
WARNING 21:08:34:339 SkillTable: detected once the file C:\Users\jorou\Downloads\TeraOnlineServer_Shock_1732\gameserver\.\data\skills\summon_skills\deprecated.zip
INFO 21:08:34:664 SkillTable: skills reloaded.
WARNING 21:16:23:648 SkillTable: detected once the file C:\Users\jorou\Downloads\TeraOnlineServer_Shock_1732\gameserver\.\data\skills\summon_skills\deprecated.zip
INFO 21:16:23:670 SkillTable: skills reloaded.
WARNING 21:16:36:330 SkillTable: detected once the file C:\Users\jorou\Downloads\TeraOnlineServer_Shock_1732\gameserver\.\data\skills\summon_skills\deprecated.zip
INFO 21:16:36:350 SkillTable: skills reloaded.
WARNING 21:16:47:625 SkillTable: detected once the file C:\Users\jorou\Downloads\TeraOnlineServer_Shock_1732\gameserver\.\data\skills\summon_skills\deprecated.zip
INFO 21:16:47:642 SkillTable: skills reloaded.
WARNING 21:28:35:428 DocumentSkill: incorrect file .\data\skills\player_skills\sork.xml, and skill id="67189864"
WARNING 21:28:35:429 DocumentSkill: IllegalArgumentException : No enum constant tera.gameserver.model.skillengine.SkillName.FLAME_PILLAR : stack trace:
java.base/java.lang.Enum.valueOf(Enum.java:266)
tera.gameserver.model.skillengine.SkillName.valueOf(SkillName.java:8)
tera.gameserver.templates.SkillTemplate.<init>(SkillTemplate.java:290)
tera.gameserver.document.DocumentSkill.parseSkill(DocumentSkill.java:260)
tera.gameserver.document.DocumentSkill.parse(DocumentSkill.java:53)
rlib.data.AbstractDocument.parse(AbstractDocument.java:67)
tera.gameserver.tables.SkillTable.reload(SkillTable.java:340)
tera.gameserver.scripts.commands.SkillCommand.execution(SkillCommand.java:122)
tera.gameserver.manager.CommandManager.execute(CommandManager.java:74)
tera.gameserver.network.clientpackets.PlayerSay.runImpl(PlayerSay.java:84)
rlib.network.packets.AbstractReadeablePacket.run(AbstractReadeablePacket.java:175)
java.base/java.util.concurrent.ThreadPoolExecutor.runWorker(ThreadPoolExecutor.java:1128)
java.base/java.util.concurrent.ThreadPoolExecutor$Worker.run(ThreadPoolExecutor.java:628)
java.base/java.lang.Thread.run(Thread.java:830)

WARNING 21:28:35:454 SkillTable: detected once the file C:\Users\jorou\Downloads\TeraOnlineServer_Shock_1732\gameserver\.\data\skills\summon_skills\deprecated.zip
INFO 21:28:35:467 SkillTable: skills reloaded.
WARNING 21:29:50:449 DocumentSkill: incorrect file .\data\skills\player_skills\sork.xml, and skill id="67189864"
WARNING 21:29:50:450 DocumentSkill: IllegalArgumentException : No enum constant tera.gameserver.model.skillengine.SkillName.FLAME_PILLAR : stack trace:
java.base/java.lang.Enum.valueOf(Enum.java:266)
tera.gameserver.model.skillengine.SkillName.valueOf(SkillName.java:8)
tera.gameserver.templates.SkillTemplate.<init>(SkillTemplate.java:290)
tera.gameserver.document.DocumentSkill.parseSkill(DocumentSkill.java:260)
tera.gameserver.document.DocumentSkill.parse(DocumentSkill.java:53)
rlib.data.AbstractDocument.parse(AbstractDocument.java:67)
tera.gameserver.tables.SkillTable.reload(SkillTable.java:340)
tera.gameserver.scripts.commands.SkillCommand.execution(SkillCommand.java:122)
tera.gameserver.manager.CommandManager.execute(CommandManager.java:74)
tera.gameserver.network.clientpackets.PlayerSay.runImpl(PlayerSay.java:84)
rlib.network.packets.AbstractReadeablePacket.run(AbstractReadeablePacket.java:175)
java.base/java.util.concurrent.ThreadPoolExecutor.runWorker(ThreadPoolExecutor.java:1128)
java.base/java.util.concurrent.ThreadPoolExecutor$Worker.run(ThreadPoolExecutor.java:628)
java.base/java.lang.Thread.run(Thread.java:830)

WARNING 21:29:50:474 SkillTable: detected once the file C:\Users\jorou\Downloads\TeraOnlineServer_Shock_1732\gameserver\.\data\skills\summon_skills\deprecated.zip
INFO 21:29:50:484 SkillTable: skills reloaded.
WARNING 21:31:57:093 DocumentSkill: incorrect file .\data\skills\player_skills\sork.xml, and skill id="67189864"
WARNING 21:31:57:093 DocumentSkill: IllegalArgumentException : No enum constant tera.gameserver.model.skillengine.SkillName.FLAME_PILLAR : stack trace:
java.base/java.lang.Enum.valueOf(Enum.java:266)
tera.gameserver.model.skillengine.SkillName.valueOf(SkillName.java:8)
tera.gameserver.templates.SkillTemplate.<init>(SkillTemplate.java:290)
tera.gameserver.document.DocumentSkill.parseSkill(DocumentSkill.java:260)
tera.gameserver.document.DocumentSkill.parse(DocumentSkill.java:53)
rlib.data.AbstractDocument.parse(AbstractDocument.java:67)
tera.gameserver.tables.SkillTable.reload(SkillTable.java:340)
tera.gameserver.scripts.commands.SkillCommand.execution(SkillCommand.java:122)
tera.gameserver.manager.CommandManager.execute(CommandManager.java:74)
tera.gameserver.network.clientpackets.PlayerSay.runImpl(PlayerSay.java:84)
rlib.network.packets.AbstractReadeablePacket.run(AbstractReadeablePacket.java:175)
java.base/java.util.concurrent.ThreadPoolExecutor.runWorker(ThreadPoolExecutor.java:1128)
java.base/java.util.concurrent.ThreadPoolExecutor$Worker.run(ThreadPoolExecutor.java:628)
java.base/java.lang.Thread.run(Thread.java:830)

WARNING 21:31:57:097 DocumentSkill: incorrect file .\data\skills\player_skills\sork.xml, and skill id="67139064"
WARNING 21:31:57:098 DocumentSkill: NullPointerException : null : stack trace:
tera.gameserver.document.DocumentSkill.parseSkill(DocumentSkill.java:190)
tera.gameserver.document.DocumentSkill.parse(DocumentSkill.java:53)
rlib.data.AbstractDocument.parse(AbstractDocument.java:67)
tera.gameserver.tables.SkillTable.reload(SkillTable.java:340)
tera.gameserver.scripts.commands.SkillCommand.execution(SkillCommand.java:122)
tera.gameserver.manager.CommandManager.execute(CommandManager.java:74)
tera.gameserver.network.clientpackets.PlayerSay.runImpl(PlayerSay.java:84)
rlib.network.packets.AbstractReadeablePacket.run(AbstractReadeablePacket.java:175)
java.base/java.util.concurrent.ThreadPoolExecutor.runWorker(ThreadPoolExecutor.java:1128)
java.base/java.util.concurrent.ThreadPoolExecutor$Worker.run(ThreadPoolExecutor.java:628)
java.base/java.lang.Thread.run(Thread.java:830)

WARNING 21:31:57:144 SkillTable: detected once the file C:\Users\jorou\Downloads\TeraOnlineServer_Shock_1732\gameserver\.\data\skills\summon_skills\deprecated.zip
INFO 21:31:57:163 SkillTable: skills reloaded.
WARNING 21:34:56:969 DocumentSkill: incorrect file .\data\skills\player_skills\sork.xml, and skill id="67189864"
WARNING 21:34:56:971 DocumentSkill: IllegalArgumentException : No enum constant tera.gameserver.model.skillengine.SkillName.FLAME_PILLAR : stack trace:
java.base/java.lang.Enum.valueOf(Enum.java:266)
tera.gameserver.model.skillengine.SkillName.valueOf(SkillName.java:8)
tera.gameserver.templates.SkillTemplate.<init>(SkillTemplate.java:290)
tera.gameserver.document.DocumentSkill.parseSkill(DocumentSkill.java:260)
tera.gameserver.document.DocumentSkill.parse(DocumentSkill.java:53)
rlib.data.AbstractDocument.parse(AbstractDocument.java:67)
tera.gameserver.tables.SkillTable.reload(SkillTable.java:340)
tera.gameserver.scripts.commands.SkillCommand.execution(SkillCommand.java:122)
tera.gameserver.manager.CommandManager.execute(CommandManager.java:74)
tera.gameserver.network.clientpackets.PlayerSay.runImpl(PlayerSay.java:84)
rlib.network.packets.AbstractReadeablePacket.run(AbstractReadeablePacket.java:175)
java.base/java.util.concurrent.ThreadPoolExecutor.runWorker(ThreadPoolExecutor.java:1128)
java.base/java.util.concurrent.ThreadPoolExecutor$Worker.run(ThreadPoolExecutor.java:628)
java.base/java.lang.Thread.run(Thread.java:830)

WARNING 21:34:56:973 DocumentSkill: incorrect file .\data\skills\player_skills\sork.xml, and skill id="67139064"
WARNING 21:34:56:975 DocumentSkill: NullPointerException : null : stack trace:

WARNING 21:34:56:998 SkillTable: detected once the file C:\Users\jorou\Downloads\TeraOnlineServer_Shock_1732\gameserver\.\data\skills\summon_skills\deprecated.zip
INFO 21:34:57:008 SkillTable: skills reloaded.
WARNING 21:39:10:886 DocumentSkill: incorrect file .\data\skills\player_skills\sork.xml, and skill id="67189864"
WARNING 21:39:10:887 DocumentSkill: IllegalArgumentException : No enum constant tera.gameserver.model.skillengine.SkillName.FLAME_PILLAR : stack trace:
java.base/java.lang.Enum.valueOf(Enum.java:266)
tera.gameserver.model.skillengine.SkillName.valueOf(SkillName.java:8)
tera.gameserver.templates.SkillTemplate.<init>(SkillTemplate.java:290)
tera.gameserver.document.DocumentSkill.parseSkill(DocumentSkill.java:260)
tera.gameserver.document.DocumentSkill.parse(DocumentSkill.java:53)
rlib.data.AbstractDocument.parse(AbstractDocument.java:67)
tera.gameserver.tables.SkillTable.reload(SkillTable.java:340)
tera.gameserver.scripts.commands.SkillCommand.execution(SkillCommand.java:122)
tera.gameserver.manager.CommandManager.execute(CommandManager.java:74)
tera.gameserver.network.clientpackets.PlayerSay.runImpl(PlayerSay.java:84)
rlib.network.packets.AbstractReadeablePacket.run(AbstractReadeablePacket.java:175)
java.base/java.util.concurrent.ThreadPoolExecutor.runWorker(ThreadPoolExecutor.java:1128)
java.base/java.util.concurrent.ThreadPoolExecutor$Worker.run(ThreadPoolExecutor.java:628)
java.base/java.lang.Thread.run(Thread.java:830)

WARNING 21:39:10:889 DocumentSkill: incorrect file .\data\skills\player_skills\sork.xml, and skill id="67139064"
WARNING 21:39:10:890 DocumentSkill: NullPointerException : null : stack trace:

WARNING 21:39:10:890 DocumentSkill: incorrect file .\data\skills\player_skills\sork.xml, and skill id="67139084"
WARNING 21:39:10:891 DocumentSkill: NullPointerException : null : stack trace:

WARNING 21:39:10:914 SkillTable: detected once the file C:\Users\jorou\Downloads\TeraOnlineServer_Shock_1732\gameserver\.\data\skills\summon_skills\deprecated.zip
INFO 21:39:10:924 SkillTable: skills reloaded.
WARNING 21:40:16:953 DocumentSkill: incorrect file .\data\skills\player_skills\sork.xml, and skill id="67189864"
WARNING 21:40:16:953 DocumentSkill: IllegalArgumentException : No enum constant tera.gameserver.model.skillengine.SkillName.FLAME_PILLAR : stack trace:
java.base/java.lang.Enum.valueOf(Enum.java:266)
tera.gameserver.model.skillengine.SkillName.valueOf(SkillName.java:8)
tera.gameserver.templates.SkillTemplate.<init>(SkillTemplate.java:290)
tera.gameserver.document.DocumentSkill.parseSkill(DocumentSkill.java:260)
tera.gameserver.document.DocumentSkill.parse(DocumentSkill.java:53)
rlib.data.AbstractDocument.parse(AbstractDocument.java:67)
tera.gameserver.tables.SkillTable.reload(SkillTable.java:340)
tera.gameserver.scripts.commands.SkillCommand.execution(SkillCommand.java:122)
tera.gameserver.manager.CommandManager.execute(CommandManager.java:74)
tera.gameserver.network.clientpackets.PlayerSay.runImpl(PlayerSay.java:84)
rlib.network.packets.AbstractReadeablePacket.run(AbstractReadeablePacket.java:175)
java.base/java.util.concurrent.ThreadPoolExecutor.runWorker(ThreadPoolExecutor.java:1128)
java.base/java.util.concurrent.ThreadPoolExecutor$Worker.run(ThreadPoolExecutor.java:628)
java.base/java.lang.Thread.run(Thread.java:830)

WARNING 21:40:16:956 DocumentSkill: incorrect file .\data\skills\player_skills\sork.xml, and skill id="67139064"
WARNING 21:40:16:956 DocumentSkill: NullPointerException : null : stack trace:

WARNING 21:40:16:957 DocumentSkill: incorrect file .\data\skills\player_skills\sork.xml, and skill id="67139084"
WARNING 21:40:16:957 DocumentSkill: NullPointerException : null : stack trace:

WARNING 21:40:16:981 SkillTable: detected once the file C:\Users\jorou\Downloads\TeraOnlineServer_Shock_1732\gameserver\.\data\skills\summon_skills\deprecated.zip
INFO 21:40:16:991 SkillTable: skills reloaded.
WARNING 21:42:01:994 DocumentSkill: incorrect file .\data\skills\player_skills\sork.xml, and skill id="67189864"
WARNING 21:42:01:995 DocumentSkill: IllegalArgumentException : No enum constant tera.gameserver.model.skillengine.SkillName.FLAME_PILLAR : stack trace:
java.base/java.lang.Enum.valueOf(Enum.java:266)
tera.gameserver.model.skillengine.SkillName.valueOf(SkillName.java:8)
tera.gameserver.templates.SkillTemplate.<init>(SkillTemplate.java:290)
tera.gameserver.document.DocumentSkill.parseSkill(DocumentSkill.java:260)
tera.gameserver.document.DocumentSkill.parse(DocumentSkill.java:53)
rlib.data.AbstractDocument.parse(AbstractDocument.java:67)
tera.gameserver.tables.SkillTable.reload(SkillTable.java:340)
tera.gameserver.scripts.commands.SkillCommand.execution(SkillCommand.java:122)
tera.gameserver.manager.CommandManager.execute(CommandManager.java:74)
tera.gameserver.network.clientpackets.PlayerSay.runImpl(PlayerSay.java:84)
rlib.network.packets.AbstractReadeablePacket.run(AbstractReadeablePacket.java:175)
java.base/java.util.concurrent.ThreadPoolExecutor.runWorker(ThreadPoolExecutor.java:1128)
java.base/java.util.concurrent.ThreadPoolExecutor$Worker.run(ThreadPoolExecutor.java:628)
java.base/java.lang.Thread.run(Thread.java:830)

WARNING 21:42:01:999 DocumentSkill: incorrect file .\data\skills\player_skills\sork.xml, and skill id="67139064"
WARNING 21:42:01:999 DocumentSkill: NullPointerException : null : stack trace:

WARNING 21:42:02:006 DocumentSkill: incorrect file .\data\skills\player_skills\sork.xml, and skill id="67139084"
WARNING 21:42:02:006 DocumentSkill: NullPointerException : null : stack trace:

WARNING 21:42:02:029 SkillTable: detected once the file C:\Users\jorou\Downloads\TeraOnlineServer_Shock_1732\gameserver\.\data\skills\summon_skills\deprecated.zip
INFO 21:42:02:041 SkillTable: skills reloaded.
INFO 21:50:01:778 AccountManager: close islanzadie
