INFO 09:53:01:346 ServerControl: open server socket on 2101 port.
INFO 09:53:01:352 ExecutorManager: initialized.
INFO 09:53:01:708 CleaningManager: delete 0 reuses from a character_skill_reuses.
INFO 09:53:01:710 CleaningManager: delete 0 spawns from a boss_spawn.
INFO 09:53:01:711 CleaningManager: delete 0 appearances from a character_appearances.
INFO 09:53:01:711 CleaningManager: delete 0 effects from a character_save_effects.
INFO 09:53:01:713 CleaningManager: delete 0 inventors from a character_inventors.
INFO 09:53:01:715 CleaningManager: delete 0 skills from a character_skills.
INFO 09:53:01:716 CleaningManager: delete 0 hotkeys from a character_hotkey.
INFO 09:53:01:717 CleaningManager: delete 0 chars from a character_friends.
INFO 09:53:01:718 CleaningManager: delete 0 friends from a character_friends.
INFO 09:53:01:718 CleaningManager: delete 0 settings from a character_settings.
INFO 09:53:01:719 CleaningManager: delete 6 empty items from a items.
INFO 09:53:01:720 CleaningManager: delete 0 no owner items from a items.
INFO 09:53:01:721 CleaningManager: delete 0 no owner guild items from a items.
INFO 09:53:01:770 CleaningManager: create buffer table items.
INFO 09:53:01:772 CleaningManager: copy 35 items to buffer_items.
INFO 09:53:01:773 CleaningManager: delete 0 no owner items from a buffer_items.
INFO 09:53:01:786 CleaningManager: drop buffer table items.
INFO 09:53:01:787 CleaningManager: delete 0 from a quests.
INFO 09:53:01:788 CleaningManager: delete 0 from a quest variables.
INFO 09:53:01:788 CleaningManager: delete 0 from a guild ranks.
INFO 09:53:01:836 ClientPacketType: client packets prepared.
INFO 09:53:01:849 EffectParser: initialized.
INFO 09:53:01:853 RandomManager: initialized.
INFO 09:53:01:853 IdFactory: prepare npc ids...
INFO 09:53:01:855 BitSetIdGenerator: 102912 id's available.
INFO 09:53:01:856 IdFactory: prepare objects ids...
INFO 09:53:01:856 BitSetIdGenerator: 102912 id's available.
INFO 09:53:01:856 IdFactory: prepare players ids...
INFO 09:53:01:859 BitSetIdGenerator: extracted 4 ids.
INFO 09:53:01:860 BitSetIdGenerator: 102912 id's available.
INFO 09:53:01:860 IdFactory: prepare guilds ids...
INFO 09:53:01:861 BitSetIdGenerator: extracted 0 ids.
INFO 09:53:01:861 BitSetIdGenerator: 102912 id's available.
INFO 09:53:01:862 IdFactory: prepare item ids...
INFO 09:53:01:863 BitSetIdGenerator: extracted 35 ids.
INFO 09:53:01:864 BitSetIdGenerator: 102912 id's available.
INFO 09:53:01:875 ServerVarManager: loaded 0 variables.
INFO 09:53:01:878 BossSpawnManager: loaded 0 boss spawns.
INFO 09:53:02:520 TerritoryTable: loaded 160 territories for 18803 regions.
INFO 09:53:03:892 WorldZoneTable: loaded 12 world zones for 31986 regions.
INFO 09:53:03:894 ConditionParser: initializable.
WARNING 09:53:04:419 SkillTable: detected once the file C:\Users\jorou\Downloads\TeraOnlineServer_Shock_1732\gameserver\.\data\skills\summon_skills\deprecated.zip
INFO 09:53:04:451 SkillTable: loaded 4613 skills for 19 classes.
INFO 09:53:04:929 ItemTable: loaded 10138 items.
INFO 09:53:04:941 Race: race appearances initializable.
INFO 09:53:04:948 PlayerTable: loaded 104 player templates.
INFO 09:53:05:122 DropTable: load drop for 407 npcs and 126 for resourse.
INFO 09:53:05:126 TownTable: initialized.
WARNING 09:53:05:147 NpcDialogTable: detected once the file C:\Users\jorou\Downloads\TeraOnlineServer_Shock_1732\gameserver\.\data\dialogs\dialogs.txt
INFO 09:53:05:174 NpcDialogTable: loaded 87 dialogs.
INFO 09:53:05:184 MessagePackageTable: loaded 34 message packages.
INFO 09:53:05:217 ConfigAITable: loaded 45 npc ai configs.
INFO 09:53:05:229 NpcAppearanceTable: initialized. Loaded 59 appearances.
WARNING 09:53:05:349 NpcTable: detected once the file C:\Users\jorou\Downloads\TeraOnlineServer_Shock_1732\gameserver\.\data\npcs\summons\playable_summons.zip
INFO 09:53:05:361 NpcTable: loaded  816 npcs.
INFO 09:53:05:375 ResourseTable: loaded  253 resourses.
INFO 09:53:05:385 MinionTable: loaded 303 minions for 42 npcs.
INFO 09:53:05:386 RegenTaskManager: initializable.
INFO 09:53:05:390 Formulas: initialized.
INFO 09:53:05:392 EffectTaskManager: initialized.
INFO 09:53:05:731 ObjectEventManager: initialized.
INFO 09:53:05:731 MoveTaskManager: initialized.
INFO 09:53:06:180 SpawnTable: loaded 19515 spawns for 617 npcs and 2013 spawns for 60 resourses.
INFO 09:53:06:238 GeoMap3D: start fast import geodata_1.dat
INFO 09:53:06:415 GeoMap3D: import ended. load 1867238 quards.
INFO 09:53:06:416 GeoMap3D: start fast import geodata_2.dat
INFO 09:53:06:489 GeoMap3D: import ended. load 440227 quards.
INFO 09:53:06:490 GeoMap3D: start fast import geodata_3.dat
INFO 09:53:06:505 GeoMap3D: import ended. load 58040 quards.
INFO 09:53:06:506 GeoManager: initialized.
INFO 09:53:06:510 ItemExecutorManager: loaded 0 executor items.
INFO 09:53:06:523 CommandManager: loaded 94 commands.
INFO 09:53:06:532 SkillLearnManager: loaded 950 skill learn's for 8 clases.
INFO 09:53:06:540 AnnounceManager: loaded 0 start announces and 0 running announces.
INFO 09:53:06:544 AccountManager: initialized.
INFO 09:53:06:547 GuildManager: loaded 0 guilds.
INFO 09:53:06:953 QuestManager: loaded 455 quests.
INFO 09:53:06:955 OnlineManager: initialized.
INFO 09:53:06:974 GameLogManager: initialized.
INFO 09:53:07:071 Region: next battle "Veritas District" in 2020.06.21 16:00.
INFO 09:53:07:073 Region: next battle "Ostgarath" in 2020.06.21 16:00.
INFO 09:53:07:076 Region: next battle "Val Palrada" in 2020.06.27 20:00.
INFO 09:53:07:078 Region: next battle "Val Aureum" in 2020.06.27 20:00.
INFO 09:53:07:079 EventManager: loaded 5 events.
INFO 09:53:07:188 EventManager: the nearest event in 42 minutes.
INFO 09:53:07:192 PlayerManager: initialized.
INFO 09:53:07:203 Network: started.
INFO 09:53:07:203 GameServer: started.
INFO 09:53:09:569 AccountManager: authed islanzadie
INFO 10:06:24:046 AccountManager: close islanzadie
