INFO 08:36:22:065 ServerControl: open server socket on 2101 port.
INFO 08:36:22:071 ExecutorManager: initialized.
INFO 08:36:22:943 CleaningManager: delete 9 reuses from a character_skill_reuses.
INFO 08:36:22:987 CleaningManager: delete 0 spawns from a boss_spawn.
INFO 08:36:23:154 CleaningManager: delete 0 appearances from a character_appearances.
INFO 08:36:23:185 CleaningManager: delete 0 effects from a character_save_effects.
INFO 08:36:23:208 CleaningManager: delete 0 inventors from a character_inventors.
INFO 08:36:23:284 CleaningManager: delete 0 skills from a character_skills.
INFO 08:36:23:311 CleaningManager: delete 0 hotkeys from a character_hotkey.
INFO 08:36:23:341 CleaningManager: delete 0 chars from a character_friends.
INFO 08:36:23:342 CleaningManager: delete 0 friends from a character_friends.
INFO 08:36:23:386 CleaningManager: delete 0 settings from a character_settings.
INFO 08:36:23:437 CleaningManager: delete 0 empty items from a items.
INFO 08:36:23:438 CleaningManager: delete 0 no owner items from a items.
INFO 08:36:23:505 CleaningManager: delete 0 no owner guild items from a items.
INFO 08:36:23:675 CleaningManager: create buffer table items.
INFO 08:36:23:697 CleaningManager: copy 256 items to buffer_items.
INFO 08:36:23:698 CleaningManager: delete 0 no owner items from a buffer_items.
INFO 08:36:23:709 CleaningManager: drop buffer table items.
INFO 08:36:23:817 CleaningManager: delete 0 from a quests.
INFO 08:36:23:852 CleaningManager: delete 0 from a quest variables.
INFO 08:36:23:873 CleaningManager: delete 0 from a guild ranks.
INFO 08:36:24:012 ClientPacketType: client packets prepared.
INFO 08:36:24:023 EffectParser: initialized.
INFO 08:36:24:025 RandomManager: initialized.
INFO 08:36:24:026 IdFactory: prepare npc ids...
INFO 08:36:24:027 BitSetIdGenerator: 102912 id's available.
INFO 08:36:24:028 IdFactory: prepare objects ids...
INFO 08:36:24:028 BitSetIdGenerator: 102912 id's available.
INFO 08:36:24:028 IdFactory: prepare players ids...
INFO 08:36:24:031 BitSetIdGenerator: extracted 13 ids.
INFO 08:36:24:031 BitSetIdGenerator: 102912 id's available.
INFO 08:36:24:032 IdFactory: prepare guilds ids...
INFO 08:36:24:033 BitSetIdGenerator: extracted 1 ids.
INFO 08:36:24:033 BitSetIdGenerator: 102912 id's available.
INFO 08:36:24:033 IdFactory: prepare item ids...
INFO 08:36:24:035 BitSetIdGenerator: extracted 256 ids.
INFO 08:36:24:035 BitSetIdGenerator: 102912 id's available.
INFO 08:36:24:084 ServerVarManager: loaded 0 variables.
INFO 08:36:24:087 BossSpawnManager: loaded 0 boss spawns.
INFO 08:36:24:692 TerritoryTable: loaded 160 territories for 18803 regions.
INFO 08:36:25:763 WorldZoneTable: loaded 12 world zones for 31986 regions.
INFO 08:36:25:764 ConditionParser: initializable.
WARNING 08:36:26:078 SkillTable: detected once the file C:\Users\jorou\Downloads\TeraOnlineServer_Shock_1732\gameserver\.\data\skills\summon_skills\deprecated.zip
INFO 08:36:26:091 SkillTable: loaded 4613 skills for 19 classes.
WARNING 08:36:26:104 ItemTable: detected once the file C:\Users\jorou\Downloads\TeraOnlineServer_Shock_1732\gameserver\.\data\items\adaptations.txt
INFO 08:36:26:359 ItemTable: loaded 10138 items.
INFO 08:36:26:369 Race: race appearances initializable.
INFO 08:36:26:375 PlayerTable: loaded 104 player templates.
WARNING 08:36:26:548 DropTable: not found items [50048]
INFO 08:36:26:548 DropTable: load drop for 407 npcs and 126 for resourse.
INFO 08:36:26:553 TownTable: initialized.
WARNING 08:36:26:573 NpcDialogTable: detected once the file C:\Users\jorou\Downloads\TeraOnlineServer_Shock_1732\gameserver\.\data\dialogs\dialogs.txt
INFO 08:36:26:611 NpcDialogTable: loaded 87 dialogs.
INFO 08:36:26:617 MessagePackageTable: loaded 34 message packages.
INFO 08:36:26:665 ConfigAITable: loaded 45 npc ai configs.
INFO 08:36:26:685 NpcAppearanceTable: initialized. Loaded 59 appearances.
WARNING 08:36:26:775 DocumentNpc: incorrect file .\data\npcs\playable\bandits.xml
WARNING 08:36:26:776 DocumentNpc: SAXParseException : The string "--" is not permitted within comments. : stack trace:
java.xml/com.sun.org.apache.xerces.internal.parsers.DOMParser.parse(DOMParser.java:261)
java.xml/com.sun.org.apache.xerces.internal.jaxp.DocumentBuilderImpl.parse(DocumentBuilderImpl.java:339)
java.xml/javax.xml.parsers.DocumentBuilder.parse(DocumentBuilder.java:206)
rlib.data.AbstractDocument.parse(AbstractDocument.java:55)
tera.gameserver.tables.NpcTable.<init>(NpcTable.java:68)
tera.gameserver.tables.NpcTable.getInstance(NpcTable.java:37)
tera.gameserver.GameServer.run(GameServer.java:224)

WARNING 08:36:26:778 DocumentNpc: incorrect file .\data\npcs\playable\bandits.xml
WARNING 08:36:26:779 DocumentNpc: NullPointerException : null : stack trace:
tera.gameserver.document.DocumentNpc.parse(DocumentNpc.java:42)
rlib.data.AbstractDocument.parse(AbstractDocument.java:67)
tera.gameserver.tables.NpcTable.<init>(NpcTable.java:68)
tera.gameserver.tables.NpcTable.getInstance(NpcTable.java:37)
tera.gameserver.GameServer.run(GameServer.java:224)

WARNING 08:36:26:843 NpcTable: detected once the file C:\Users\jorou\Downloads\TeraOnlineServer_Shock_1732\gameserver\.\data\npcs\summons\playable_summons.zip
INFO 08:36:26:852 NpcTable: loaded  815 npcs.
INFO 08:36:26:868 ResourseTable: loaded  253 resourses.
INFO 08:36:26:881 MinionTable: loaded 303 minions for 42 npcs.
INFO 08:36:26:882 RegenTaskManager: initializable.
INFO 08:36:26:889 Formulas: initialized.
INFO 08:36:26:891 EffectTaskManager: initialized.
INFO 08:36:27:145 ObjectEventManager: initialized.
INFO 08:36:27:145 MoveTaskManager: initialized.
INFO 08:36:27:462 SpawnTable: loaded 19523 spawns for 622 npcs and 2013 spawns for 60 resourses.
INFO 08:36:27:510 GeoMap3D: start fast import geodata_1.dat
INFO 08:36:27:711 GeoMap3D: import ended. load 1867238 quards.
INFO 08:36:27:712 GeoMap3D: start fast import geodata_2.dat
INFO 08:36:27:777 GeoMap3D: import ended. load 440227 quards.
INFO 08:36:27:778 GeoMap3D: start fast import geodata_3.dat
INFO 08:36:27:809 GeoMap3D: import ended. load 58040 quards.
INFO 08:36:27:810 GeoManager: initialized.
INFO 08:36:27:843 ItemExecutorManager: loaded 0 executor items.
INFO 08:36:27:896 CommandManager: loaded 96 commands.
INFO 08:36:27:936 SkillLearnManager: loaded 950 skill learn's for 8 clases.
INFO 08:36:27:946 AnnounceManager: loaded 0 start announces and 0 running announces.
INFO 08:36:27:949 AccountManager: initialized.
INFO 08:36:28:020 GuildManager: loaded 1 guilds.
INFO 08:36:28:649 QuestManager: loaded 455 quests.
INFO 08:36:28:650 OnlineManager: initialized.
INFO 08:36:28:752 GameLogManager: initialized.
INFO 08:36:29:151 Region: next battle "Veritas District" in 2020.07.05 16:00.
INFO 08:36:29:153 Region: next battle "Ostgarath" in 2020.07.05 16:00.
INFO 08:36:29:155 Region: next battle "Val Palrada" in 2020.07.04 20:00.
INFO 08:36:29:156 Region: next battle "Val Aureum" in 2020.07.04 20:00.
INFO 08:36:29:157 EventManager: loaded 5 events.
INFO 08:36:29:407 EventManager: the nearest event in 31 minutes.
INFO 08:36:29:441 PlayerManager: initialized.
INFO 08:36:29:514 Network: started.
INFO 08:36:29:514 GameServer: started.
INFO 20:19:57:670 AccountManager: authed islanzadie
WARNING 20:24:51:250 CommandManager: NumberFormatException : For input string: "9999999999" : stack trace:
java.base/java.lang.NumberFormatException.forInputString(NumberFormatException.java:68)
java.base/java.lang.Integer.parseInt(Integer.java:658)
java.base/java.lang.Integer.parseInt(Integer.java:776)
tera.gameserver.scripts.commands.ItemCommand.execution(ItemCommand.java:143)
tera.gameserver.manager.CommandManager.execute(CommandManager.java:74)
tera.gameserver.network.clientpackets.PlayerSay.runImpl(PlayerSay.java:84)
rlib.network.packets.AbstractReadeablePacket.run(AbstractReadeablePacket.java:175)
java.base/java.util.concurrent.ThreadPoolExecutor.runWorker(ThreadPoolExecutor.java:1128)
java.base/java.util.concurrent.ThreadPoolExecutor$Worker.run(ThreadPoolExecutor.java:628)
java.base/java.lang.Thread.run(Thread.java:830)

WARNING 20:40:24:646 ItemCommand: Exception : not create donate item for id 13227 : stack trace:
tera.gameserver.scripts.commands.ItemCommand.execution(ItemCommand.java:124)
tera.gameserver.manager.CommandManager.execute(CommandManager.java:74)
tera.gameserver.network.clientpackets.PlayerSay.runImpl(PlayerSay.java:84)
rlib.network.packets.AbstractReadeablePacket.run(AbstractReadeablePacket.java:175)
java.base/java.util.concurrent.ThreadPoolExecutor.runWorker(ThreadPoolExecutor.java:1128)
java.base/java.util.concurrent.ThreadPoolExecutor$Worker.run(ThreadPoolExecutor.java:628)
java.base/java.lang.Thread.run(Thread.java:830)

WARNING 20:40:33:500 ItemCommand: Exception : not create donate item for id 13235 : stack trace:
tera.gameserver.scripts.commands.ItemCommand.execution(ItemCommand.java:124)
tera.gameserver.manager.CommandManager.execute(CommandManager.java:74)
tera.gameserver.network.clientpackets.PlayerSay.runImpl(PlayerSay.java:84)
rlib.network.packets.AbstractReadeablePacket.run(AbstractReadeablePacket.java:175)
java.base/java.util.concurrent.ThreadPoolExecutor.runWorker(ThreadPoolExecutor.java:1128)
java.base/java.util.concurrent.ThreadPoolExecutor$Worker.run(ThreadPoolExecutor.java:628)
java.base/java.lang.Thread.run(Thread.java:830)

WARNING 20:48:27:547 ItemTable: detected once the file C:\Users\jorou\Downloads\TeraOnlineServer_Shock_1732\gameserver\.\data\items\adaptations.txt
WARNING 20:48:28:119 DocumentItem: incorrect file .\data\items\weapons\bow.xml
WARNING 20:48:28:142 DocumentItem: SAXParseException : The element type "weapon" must be terminated by the matching end-tag "</weapon>". : stack trace:
java.xml/com.sun.org.apache.xerces.internal.parsers.DOMParser.parse(DOMParser.java:261)
java.xml/com.sun.org.apache.xerces.internal.jaxp.DocumentBuilderImpl.parse(DocumentBuilderImpl.java:339)
java.xml/javax.xml.parsers.DocumentBuilder.parse(DocumentBuilder.java:206)
rlib.data.AbstractDocument.parse(AbstractDocument.java:55)
tera.gameserver.tables.ItemTable.reload(ItemTable.java:241)
tera.gameserver.scripts.commands.ItemCommand.execution(ItemCommand.java:39)
tera.gameserver.manager.CommandManager.execute(CommandManager.java:74)
tera.gameserver.network.clientpackets.PlayerSay.runImpl(PlayerSay.java:84)
rlib.network.packets.AbstractReadeablePacket.run(AbstractReadeablePacket.java:175)
java.base/java.util.concurrent.ThreadPoolExecutor.runWorker(ThreadPoolExecutor.java:1128)
java.base/java.util.concurrent.ThreadPoolExecutor$Worker.run(ThreadPoolExecutor.java:628)
java.base/java.lang.Thread.run(Thread.java:830)

WARNING 20:48:28:167 DocumentItem: incorrect file .\data\items\weapons\bow.xml
WARNING 20:48:28:167 DocumentItem: NullPointerException : null : stack trace:
tera.gameserver.document.DocumentItem.parse(DocumentItem.java:47)
rlib.data.AbstractDocument.parse(AbstractDocument.java:67)
tera.gameserver.tables.ItemTable.reload(ItemTable.java:241)
tera.gameserver.scripts.commands.ItemCommand.execution(ItemCommand.java:39)
tera.gameserver.manager.CommandManager.execute(CommandManager.java:74)
tera.gameserver.network.clientpackets.PlayerSay.runImpl(PlayerSay.java:84)
rlib.network.packets.AbstractReadeablePacket.run(AbstractReadeablePacket.java:175)
java.base/java.util.concurrent.ThreadPoolExecutor.runWorker(ThreadPoolExecutor.java:1128)
java.base/java.util.concurrent.ThreadPoolExecutor$Worker.run(ThreadPoolExecutor.java:628)
java.base/java.lang.Thread.run(Thread.java:830)

INFO 20:48:28:830 ItemTable: reloaded items.
WARNING 20:48:59:841 ItemTable: detected once the file C:\Users\jorou\Downloads\TeraOnlineServer_Shock_1732\gameserver\.\data\items\adaptations.txt
WARNING 20:49:00:087 DocumentItem: incorrect file .\data\items\weapons\bow.xml
WARNING 20:49:00:088 DocumentItem: SAXParseException : The element type "weapon" must be terminated by the matching end-tag "</weapon>". : stack trace:
java.xml/com.sun.org.apache.xerces.internal.parsers.DOMParser.parse(DOMParser.java:261)
java.xml/com.sun.org.apache.xerces.internal.jaxp.DocumentBuilderImpl.parse(DocumentBuilderImpl.java:339)
java.xml/javax.xml.parsers.DocumentBuilder.parse(DocumentBuilder.java:206)
rlib.data.AbstractDocument.parse(AbstractDocument.java:55)
tera.gameserver.tables.ItemTable.reload(ItemTable.java:241)
tera.gameserver.scripts.commands.ItemCommand.execution(ItemCommand.java:39)
tera.gameserver.manager.CommandManager.execute(CommandManager.java:74)
tera.gameserver.network.clientpackets.PlayerSay.runImpl(PlayerSay.java:84)
rlib.network.packets.AbstractReadeablePacket.run(AbstractReadeablePacket.java:175)
java.base/java.util.concurrent.ThreadPoolExecutor.runWorker(ThreadPoolExecutor.java:1128)
java.base/java.util.concurrent.ThreadPoolExecutor$Worker.run(ThreadPoolExecutor.java:628)
java.base/java.lang.Thread.run(Thread.java:830)

WARNING 20:49:00:089 DocumentItem: incorrect file .\data\items\weapons\bow.xml
WARNING 20:49:00:089 DocumentItem: NullPointerException : null : stack trace:
tera.gameserver.document.DocumentItem.parse(DocumentItem.java:47)
rlib.data.AbstractDocument.parse(AbstractDocument.java:67)
tera.gameserver.tables.ItemTable.reload(ItemTable.java:241)
tera.gameserver.scripts.commands.ItemCommand.execution(ItemCommand.java:39)
tera.gameserver.manager.CommandManager.execute(CommandManager.java:74)
tera.gameserver.network.clientpackets.PlayerSay.runImpl(PlayerSay.java:84)
rlib.network.packets.AbstractReadeablePacket.run(AbstractReadeablePacket.java:175)
java.base/java.util.concurrent.ThreadPoolExecutor.runWorker(ThreadPoolExecutor.java:1128)
java.base/java.util.concurrent.ThreadPoolExecutor$Worker.run(ThreadPoolExecutor.java:628)
java.base/java.lang.Thread.run(Thread.java:830)

INFO 20:49:00:332 ItemTable: reloaded items.
WARNING 20:49:34:606 ItemTable: detected once the file C:\Users\jorou\Downloads\TeraOnlineServer_Shock_1732\gameserver\.\data\items\adaptations.txt
INFO 20:49:35:370 ItemTable: reloaded items.
WARNING 20:50:04:929 ItemTable: detected once the file C:\Users\jorou\Downloads\TeraOnlineServer_Shock_1732\gameserver\.\data\items\adaptations.txt
INFO 20:50:05:280 ItemTable: reloaded items.
INFO 20:53:50:129 AccountManager: authed tsuka
WARNING 21:01:44:854 ItemTable: detected once the file C:\Users\jorou\Downloads\TeraOnlineServer_Shock_1732\gameserver\.\data\items\adaptations.txt
INFO 21:01:45:486 ItemTable: reloaded items.
WARNING 21:05:59:067 ItemTable: detected once the file C:\Users\jorou\Downloads\TeraOnlineServer_Shock_1732\gameserver\.\data\items\adaptations.txt
INFO 21:05:59:705 ItemTable: reloaded items.
INFO 21:16:26:907 AccountManager: close islanzadie
INFO 21:16:39:300 AccountManager: close tsuka
INFO 21:17:45:663 AccountManager: authed islanzadie
INFO 22:14:22:118 AccountManager: close islanzadie
