INFO 19:35:38:563 ServerControl: open server socket on 2101 port.
INFO 19:35:38:571 ExecutorManager: initialized.
INFO 19:35:38:974 CleaningManager: delete 0 reuses from a character_skill_reuses.
INFO 19:35:38:975 CleaningManager: delete 0 spawns from a boss_spawn.
INFO 19:35:38:976 CleaningManager: delete 0 appearances from a character_appearances.
INFO 19:35:38:977 CleaningManager: delete 0 effects from a character_save_effects.
INFO 19:35:38:979 CleaningManager: delete 0 inventors from a character_inventors.
INFO 19:35:38:980 CleaningManager: delete 0 skills from a character_skills.
INFO 19:35:38:981 CleaningManager: delete 0 hotkeys from a character_hotkey.
INFO 19:35:38:982 CleaningManager: delete 0 chars from a character_friends.
INFO 19:35:38:983 CleaningManager: delete 0 friends from a character_friends.
INFO 19:35:38:985 CleaningManager: delete 0 settings from a character_settings.
INFO 19:35:38:985 CleaningManager: delete 0 empty items from a items.
INFO 19:35:38:986 CleaningManager: delete 0 no owner items from a items.
INFO 19:35:38:987 CleaningManager: delete 0 no owner guild items from a items.
INFO 19:35:39:047 CleaningManager: create buffer table items.
INFO 19:35:39:049 CleaningManager: copy 257 items to buffer_items.
INFO 19:35:39:051 CleaningManager: delete 0 no owner items from a buffer_items.
INFO 19:35:39:065 CleaningManager: drop buffer table items.
INFO 19:35:39:067 CleaningManager: delete 0 from a quests.
INFO 19:35:39:068 CleaningManager: delete 0 from a quest variables.
INFO 19:35:39:069 CleaningManager: delete 0 from a guild ranks.
INFO 19:35:39:135 ClientPacketType: client packets prepared.
INFO 19:35:39:149 EffectParser: initialized.
INFO 19:35:39:153 RandomManager: initialized.
INFO 19:35:39:154 IdFactory: prepare npc ids...
INFO 19:35:39:157 BitSetIdGenerator: 102912 id's available.
INFO 19:35:39:158 IdFactory: prepare objects ids...
INFO 19:35:39:158 BitSetIdGenerator: 102912 id's available.
INFO 19:35:39:158 IdFactory: prepare players ids...
INFO 19:35:39:161 BitSetIdGenerator: extracted 13 ids.
INFO 19:35:39:161 BitSetIdGenerator: 102912 id's available.
INFO 19:35:39:162 IdFactory: prepare guilds ids...
INFO 19:35:39:163 BitSetIdGenerator: extracted 1 ids.
INFO 19:35:39:164 BitSetIdGenerator: 102912 id's available.
INFO 19:35:39:168 IdFactory: prepare item ids...
INFO 19:35:39:171 BitSetIdGenerator: extracted 257 ids.
INFO 19:35:39:171 BitSetIdGenerator: 102912 id's available.
INFO 19:35:39:185 ServerVarManager: loaded 0 variables.
INFO 19:35:39:188 BossSpawnManager: loaded 0 boss spawns.
INFO 19:35:39:903 TerritoryTable: loaded 160 territories for 18803 regions.
INFO 19:35:41:095 WorldZoneTable: loaded 12 world zones for 31986 regions.
INFO 19:35:41:097 ConditionParser: initializable.
WARNING 19:35:41:575 SkillTable: detected once the file C:\Users\jorou\Downloads\TeraOnlineServer_Shock_1732\gameserver\.\data\skills\summon_skills\deprecated.zip
INFO 19:35:41:599 SkillTable: loaded 4613 skills for 19 classes.
WARNING 19:35:41:610 ItemTable: detected once the file C:\Users\jorou\Downloads\TeraOnlineServer_Shock_1732\gameserver\.\data\items\adaptations.txt
INFO 19:35:42:026 ItemTable: loaded 10138 items.
INFO 19:35:42:051 Race: race appearances initializable.
INFO 19:35:42:062 PlayerTable: loaded 104 player templates.
WARNING 19:35:42:257 DropTable: not found items [50048]
INFO 19:35:42:259 DropTable: load drop for 407 npcs and 126 for resourse.
INFO 19:35:42:263 TownTable: initialized.
WARNING 19:35:42:289 NpcDialogTable: detected once the file C:\Users\jorou\Downloads\TeraOnlineServer_Shock_1732\gameserver\.\data\dialogs\dialogs.txt
INFO 19:35:42:316 NpcDialogTable: loaded 87 dialogs.
INFO 19:35:42:326 MessagePackageTable: loaded 34 message packages.
INFO 19:35:42:356 ConfigAITable: loaded 45 npc ai configs.
INFO 19:35:42:370 NpcAppearanceTable: initialized. Loaded 59 appearances.
WARNING 19:35:42:440 DocumentNpc: incorrect file .\data\npcs\playable\bandits.xml
WARNING 19:35:42:441 DocumentNpc: SAXParseException : The string "--" is not permitted within comments. : stack trace:
java.xml/com.sun.org.apache.xerces.internal.parsers.DOMParser.parse(DOMParser.java:261)
java.xml/com.sun.org.apache.xerces.internal.jaxp.DocumentBuilderImpl.parse(DocumentBuilderImpl.java:339)
java.xml/javax.xml.parsers.DocumentBuilder.parse(DocumentBuilder.java:206)
rlib.data.AbstractDocument.parse(AbstractDocument.java:55)
tera.gameserver.tables.NpcTable.<init>(NpcTable.java:68)
tera.gameserver.tables.NpcTable.getInstance(NpcTable.java:37)
tera.gameserver.GameServer.run(GameServer.java:224)

WARNING 19:35:42:442 DocumentNpc: incorrect file .\data\npcs\playable\bandits.xml
WARNING 19:35:42:446 DocumentNpc: NullPointerException : null : stack trace:
tera.gameserver.document.DocumentNpc.parse(DocumentNpc.java:42)
rlib.data.AbstractDocument.parse(AbstractDocument.java:67)
tera.gameserver.tables.NpcTable.<init>(NpcTable.java:68)
tera.gameserver.tables.NpcTable.getInstance(NpcTable.java:37)
tera.gameserver.GameServer.run(GameServer.java:224)

WARNING 19:35:42:510 NpcTable: detected once the file C:\Users\jorou\Downloads\TeraOnlineServer_Shock_1732\gameserver\.\data\npcs\summons\playable_summons.zip
INFO 19:35:42:519 NpcTable: loaded  815 npcs.
INFO 19:35:42:535 ResourseTable: loaded  253 resourses.
INFO 19:35:42:562 MinionTable: loaded 303 minions for 42 npcs.
INFO 19:35:42:564 RegenTaskManager: initializable.
INFO 19:35:42:576 Formulas: initialized.
INFO 19:35:42:578 EffectTaskManager: initialized.
INFO 19:35:42:938 ObjectEventManager: initialized.
INFO 19:35:42:938 MoveTaskManager: initialized.
INFO 19:35:43:361 SpawnTable: loaded 19523 spawns for 622 npcs and 2013 spawns for 60 resourses.
INFO 19:35:43:373 GeoMap3D: start fast import geodata_1.dat
INFO 19:35:43:742 GeoMap3D: import ended. load 1867238 quards.
INFO 19:35:43:747 GeoMap3D: start fast import geodata_2.dat
INFO 19:35:43:825 GeoMap3D: import ended. load 440227 quards.
INFO 19:35:43:827 GeoMap3D: start fast import geodata_3.dat
INFO 19:35:43:850 GeoMap3D: import ended. load 58040 quards.
INFO 19:35:43:852 GeoManager: initialized.
INFO 19:35:43:855 ItemExecutorManager: loaded 0 executor items.
INFO 19:35:43:874 CommandManager: loaded 96 commands.
INFO 19:35:43:890 SkillLearnManager: loaded 950 skill learn's for 8 clases.
INFO 19:35:43:892 AnnounceManager: loaded 0 start announces and 0 running announces.
INFO 19:35:43:898 AccountManager: initialized.
INFO 19:35:43:914 GuildManager: loaded 1 guilds.
INFO 19:35:44:356 QuestManager: loaded 455 quests.
INFO 19:35:44:357 OnlineManager: initialized.
INFO 19:35:44:363 GameLogManager: initialized.
INFO 19:35:44:432 Region: next battle "Veritas District" in 2020.07.05 16:00.
INFO 19:35:44:439 Region: next battle "Ostgarath" in 2020.07.05 16:00.
INFO 19:35:44:442 Region: next battle "Val Palrada" in 2020.07.04 20:00.
INFO 19:35:44:444 Region: next battle "Val Aureum" in 2020.07.04 20:00.
INFO 19:35:44:445 EventManager: loaded 5 events.
INFO 19:35:44:554 EventManager: the nearest event in 38 minutes.
INFO 19:35:44:556 PlayerManager: initialized.
INFO 19:35:44:565 Network: started.
INFO 19:35:44:565 GameServer: started.
INFO 19:35:47:983 AccountManager: authed islanzadie
INFO 19:43:36:207 AccountManager: close islanzadie
