INFO 19:21:02:944 ServerControl: open server socket on 2101 port.
INFO 19:21:02:950 ExecutorManager: initialized.
INFO 19:21:03:319 CleaningManager: delete 0 reuses from a character_skill_reuses.
INFO 19:21:03:329 CleaningManager: delete 0 spawns from a boss_spawn.
INFO 19:21:03:366 CleaningManager: delete 0 appearances from a character_appearances.
INFO 19:21:03:420 CleaningManager: delete 0 effects from a character_save_effects.
INFO 19:21:03:439 CleaningManager: delete 0 inventors from a character_inventors.
INFO 19:21:03:472 CleaningManager: delete 0 skills from a character_skills.
INFO 19:21:03:491 CleaningManager: delete 0 hotkeys from a character_hotkey.
INFO 19:21:03:510 CleaningManager: delete 0 chars from a character_friends.
INFO 19:21:03:511 CleaningManager: delete 0 friends from a character_friends.
INFO 19:21:03:530 CleaningManager: delete 0 settings from a character_settings.
INFO 19:21:03:568 CleaningManager: delete 0 empty items from a items.
INFO 19:21:03:569 CleaningManager: delete 0 no owner items from a items.
INFO 19:21:03:579 CleaningManager: delete 0 no owner guild items from a items.
INFO 19:21:03:625 CleaningManager: create buffer table items.
INFO 19:21:03:627 CleaningManager: copy 72 items to buffer_items.
INFO 19:21:03:628 CleaningManager: delete 0 no owner items from a buffer_items.
INFO 19:21:03:635 CleaningManager: drop buffer table items.
INFO 19:21:03:656 CleaningManager: delete 0 from a quests.
INFO 19:21:03:675 CleaningManager: delete 0 from a quest variables.
INFO 19:21:03:684 CleaningManager: delete 0 from a guild ranks.
INFO 19:21:03:745 ClientPacketType: client packets prepared.
INFO 19:21:03:758 EffectParser: initialized.
INFO 19:21:03:760 RandomManager: initialized.
INFO 19:21:03:761 IdFactory: prepare npc ids...
INFO 19:21:03:763 BitSetIdGenerator: 102912 id's available.
INFO 19:21:03:763 IdFactory: prepare objects ids...
INFO 19:21:03:764 BitSetIdGenerator: 102912 id's available.
INFO 19:21:03:764 IdFactory: prepare players ids...
INFO 19:21:03:768 BitSetIdGenerator: extracted 6 ids.
INFO 19:21:03:768 BitSetIdGenerator: 102912 id's available.
INFO 19:21:03:768 IdFactory: prepare guilds ids...
INFO 19:21:03:769 BitSetIdGenerator: extracted 0 ids.
INFO 19:21:03:769 BitSetIdGenerator: 102912 id's available.
INFO 19:21:03:769 IdFactory: prepare item ids...
INFO 19:21:03:771 BitSetIdGenerator: extracted 72 ids.
INFO 19:21:03:771 BitSetIdGenerator: 102912 id's available.
INFO 19:21:03:791 ServerVarManager: loaded 0 variables.
INFO 19:21:03:794 BossSpawnManager: loaded 0 boss spawns.
WARNING 19:21:03:816 DocumentTerritory: incorrect file .\data\territories.xml
WARNING 19:21:03:816 DocumentTerritory: IllegalArgumentException : not found type : stack trace:
rlib.util.VarTable.getEnum(VarTable.java:467)
tera.gameserver.document.DocumentTerritory.parse(DocumentTerritory.java:49)
rlib.data.AbstractDocument.parse(AbstractDocument.java:67)
tera.gameserver.tables.TerritoryTable.<init>(TerritoryTable.java:56)
tera.gameserver.tables.TerritoryTable.getInstance(TerritoryTable.java:34)
tera.gameserver.GameServer.run(GameServer.java:209)

INFO 19:21:03:853 TerritoryTable: loaded 1 territories for 1 regions.
INFO 19:21:04:496 WorldZoneTable: loaded 12 world zones for 31986 regions.
INFO 19:21:04:497 ConditionParser: initializable.
WARNING 19:21:04:841 SkillTable: detected once the file C:\Users\jorou\Downloads\TeraOnlineServer_Shock_1732\gameserver\.\data\skills\summon_skills\deprecated.zip
INFO 19:21:04:860 SkillTable: loaded 4613 skills for 19 classes.
INFO 19:21:05:306 ItemTable: loaded 10138 items.
INFO 19:21:05:333 Race: race appearances initializable.
INFO 19:21:05:343 PlayerTable: loaded 104 player templates.
INFO 19:21:05:542 DropTable: load drop for 407 npcs and 126 for resourse.
INFO 19:21:05:546 TownTable: initialized.
WARNING 19:21:05:564 NpcDialogTable: detected once the file C:\Users\jorou\Downloads\TeraOnlineServer_Shock_1732\gameserver\.\data\dialogs\dialogs.txt
WARNING 19:21:05:572 ReplyTeleport: not found territory for name Leander's Outpost
WARNING 19:21:05:573 ReplyTeleport: not found territory for name Tainted Gorge
WARNING 19:21:05:573 DocumentDialog: InvocationTargetException : null : stack trace:
java.base/jdk.internal.reflect.NativeConstructorAccessorImpl.newInstance0(Native Method)
java.base/jdk.internal.reflect.NativeConstructorAccessorImpl.newInstance(NativeConstructorAccessorImpl.java:62)
java.base/jdk.internal.reflect.DelegatingConstructorAccessorImpl.newInstance(DelegatingConstructorAccessorImpl.java:45)
java.base/java.lang.reflect.Constructor.newInstanceWithCaller(Constructor.java:500)
java.base/java.lang.reflect.Constructor.newInstance(Constructor.java:481)
tera.gameserver.document.DocumentDialog.parseLink(DocumentDialog.java:64)
tera.gameserver.document.DocumentDialog.parseNpc(DocumentDialog.java:136)
tera.gameserver.document.DocumentDialog.parse(DocumentDialog.java:99)
rlib.data.AbstractDocument.parse(AbstractDocument.java:67)
tera.gameserver.tables.NpcDialogTable.<init>(NpcDialogTable.java:63)
tera.gameserver.tables.NpcDialogTable.getInstance(NpcDialogTable.java:32)
tera.gameserver.GameServer.run(GameServer.java:220)

WARNING 19:21:05:575 ReplyTeleport: not found territory for name Maon's Cabin
WARNING 19:21:05:576 ReplyTeleport: not found territory for name Faevine Vale Camp
WARNING 19:21:05:577 ReplyTeleport: not found territory for name Bulwark Camp
WARNING 19:21:05:578 ReplyTeleport: not found territory for name Vanguard Outpost
WARNING 19:21:05:578 ReplyTeleport: not found territory for name Casidhe's Stand
WARNING 19:21:05:579 ReplyTeleport: not found territory for name Sanctum Mysterium
WARNING 19:21:05:579 ReplyTeleport: not found territory for name Marshlands
WARNING 19:21:05:580 ReplyTeleport: not found territory for name Tuwangi Garrison
WARNING 19:21:05:580 ReplyTeleport: not found territory for name Echo Ranch
WARNING 19:21:05:581 ReplyTeleport: not found territory for name Vindicator Camp
WARNING 19:21:05:582 ReplyTeleport: not found territory for name Two Oaks Ranch
WARNING 19:21:05:584 DocumentDialog: InvocationTargetException : null : stack trace:
java.base/jdk.internal.reflect.NativeConstructorAccessorImpl.newInstance0(Native Method)
java.base/jdk.internal.reflect.NativeConstructorAccessorImpl.newInstance(NativeConstructorAccessorImpl.java:62)
java.base/jdk.internal.reflect.DelegatingConstructorAccessorImpl.newInstance(DelegatingConstructorAccessorImpl.java:45)
java.base/java.lang.reflect.Constructor.newInstanceWithCaller(Constructor.java:500)
java.base/java.lang.reflect.Constructor.newInstance(Constructor.java:481)
tera.gameserver.document.DocumentDialog.parseLink(DocumentDialog.java:64)
tera.gameserver.document.DocumentDialog.parseNpc(DocumentDialog.java:136)
tera.gameserver.document.DocumentDialog.parse(DocumentDialog.java:99)
rlib.data.AbstractDocument.parse(AbstractDocument.java:67)
tera.gameserver.tables.NpcDialogTable.<init>(NpcDialogTable.java:63)
tera.gameserver.tables.NpcDialogTable.getInstance(NpcDialogTable.java:32)
tera.gameserver.GameServer.run(GameServer.java:220)

WARNING 19:21:05:585 ReplyTeleport: not found territory for name Maon's Cabin
WARNING 19:21:05:585 ReplyTeleport: not found territory for name Faevine Vale Camp
WARNING 19:21:05:588 ReplyTeleport: not found territory for name Bulwark Camp
WARNING 19:21:05:588 ReplyTeleport: not found territory for name Vanguard Outpost
WARNING 19:21:05:590 ReplyTeleport: not found territory for name Casidhe's Stand
WARNING 19:21:05:590 ReplyTeleport: not found territory for name Sanctum Mysterium
WARNING 19:21:05:591 ReplyTeleport: not found territory for name Marshlands
WARNING 19:21:05:592 ReplyTeleport: not found territory for name Tuwangi Garrison
WARNING 19:21:05:593 ReplyTeleport: not found territory for name Echo Ranch
WARNING 19:21:05:594 ReplyTeleport: not found territory for name Vindicator Camp
WARNING 19:21:05:595 ReplyTeleport: not found territory for name Two Oaks Ranch
WARNING 19:21:05:595 DocumentDialog: InvocationTargetException : null : stack trace:
java.base/jdk.internal.reflect.NativeConstructorAccessorImpl.newInstance0(Native Method)
java.base/jdk.internal.reflect.NativeConstructorAccessorImpl.newInstance(NativeConstructorAccessorImpl.java:62)
java.base/jdk.internal.reflect.DelegatingConstructorAccessorImpl.newInstance(DelegatingConstructorAccessorImpl.java:45)
java.base/java.lang.reflect.Constructor.newInstanceWithCaller(Constructor.java:500)
java.base/java.lang.reflect.Constructor.newInstance(Constructor.java:481)
tera.gameserver.document.DocumentDialog.parseLink(DocumentDialog.java:64)
tera.gameserver.document.DocumentDialog.parseNpc(DocumentDialog.java:136)
tera.gameserver.document.DocumentDialog.parse(DocumentDialog.java:99)
rlib.data.AbstractDocument.parse(AbstractDocument.java:67)
tera.gameserver.tables.NpcDialogTable.<init>(NpcDialogTable.java:63)
tera.gameserver.tables.NpcDialogTable.getInstance(NpcDialogTable.java:32)
tera.gameserver.GameServer.run(GameServer.java:220)

WARNING 19:21:05:598 ReplyTeleport: not found territory for name Desert Research Station
WARNING 19:21:05:599 ReplyTeleport: not found territory for name Barrens Outpost
WARNING 19:21:05:599 ReplyTeleport: not found territory for name Velik's Vigil
WARNING 19:21:05:602 ReplyTeleport: not found territory for name Lee's End Stead
WARNING 19:21:05:604 ReplyTeleport: not found territory for name Desert Overwatch
WARNING 19:21:05:605 ReplyTeleport: not found territory for name Camp Marrakeen
WARNING 19:21:05:605 ReplyTeleport: not found territory for name Sietch Bidaum
WARNING 19:21:05:606 ReplyTeleport: not found territory for name West Watchpost
WARNING 19:21:05:608 ReplyTeleport: not found territory for name Sandwalker Refuge
WARNING 19:21:05:609 ReplyTeleport: not found territory for name Torrent Outpost
WARNING 19:21:05:610 ReplyTeleport: not found territory for name Crusader Camp
WARNING 19:21:05:613 ReplyTeleport: not found territory for name Cathedral Redoubt
WARNING 19:21:05:614 DocumentDialog: InvocationTargetException : null : stack trace:
java.base/jdk.internal.reflect.NativeConstructorAccessorImpl.newInstance0(Native Method)
java.base/jdk.internal.reflect.NativeConstructorAccessorImpl.newInstance(NativeConstructorAccessorImpl.java:62)
java.base/jdk.internal.reflect.DelegatingConstructorAccessorImpl.newInstance(DelegatingConstructorAccessorImpl.java:45)
java.base/java.lang.reflect.Constructor.newInstanceWithCaller(Constructor.java:500)
java.base/java.lang.reflect.Constructor.newInstance(Constructor.java:481)
tera.gameserver.document.DocumentDialog.parseLink(DocumentDialog.java:64)
tera.gameserver.document.DocumentDialog.parseNpc(DocumentDialog.java:136)
tera.gameserver.document.DocumentDialog.parse(DocumentDialog.java:99)
rlib.data.AbstractDocument.parse(AbstractDocument.java:67)
tera.gameserver.tables.NpcDialogTable.<init>(NpcDialogTable.java:63)
tera.gameserver.tables.NpcDialogTable.getInstance(NpcDialogTable.java:32)
tera.gameserver.GameServer.run(GameServer.java:220)

WARNING 19:21:05:615 ReplyTeleport: not found territory for name Desert Research Station
WARNING 19:21:05:615 ReplyTeleport: not found territory for name Barrens Outpost
WARNING 19:21:05:616 ReplyTeleport: not found territory for name Velik's Vigil
WARNING 19:21:05:616 ReplyTeleport: not found territory for name Lee's End Stead
WARNING 19:21:05:617 ReplyTeleport: not found territory for name Desert Overwatch
WARNING 19:21:05:617 ReplyTeleport: not found territory for name Camp Marrakeen
WARNING 19:21:05:617 ReplyTeleport: not found territory for name Sietch Bidaum
WARNING 19:21:05:618 ReplyTeleport: not found territory for name West Watchpost
WARNING 19:21:05:619 ReplyTeleport: not found territory for name Sandwalker Refuge
WARNING 19:21:05:620 ReplyTeleport: not found territory for name Torrent Outpost
WARNING 19:21:05:620 ReplyTeleport: not found territory for name Crusader Camp
WARNING 19:21:05:620 ReplyTeleport: not found territory for name Cathedral Redoubt
WARNING 19:21:05:621 DocumentDialog: InvocationTargetException : null : stack trace:
java.base/jdk.internal.reflect.NativeConstructorAccessorImpl.newInstance0(Native Method)
java.base/jdk.internal.reflect.NativeConstructorAccessorImpl.newInstance(NativeConstructorAccessorImpl.java:62)
java.base/jdk.internal.reflect.DelegatingConstructorAccessorImpl.newInstance(DelegatingConstructorAccessorImpl.java:45)
java.base/java.lang.reflect.Constructor.newInstanceWithCaller(Constructor.java:500)
java.base/java.lang.reflect.Constructor.newInstance(Constructor.java:481)
tera.gameserver.document.DocumentDialog.parseLink(DocumentDialog.java:64)
tera.gameserver.document.DocumentDialog.parseNpc(DocumentDialog.java:136)
tera.gameserver.document.DocumentDialog.parse(DocumentDialog.java:99)
rlib.data.AbstractDocument.parse(AbstractDocument.java:67)
tera.gameserver.tables.NpcDialogTable.<init>(NpcDialogTable.java:63)
tera.gameserver.tables.NpcDialogTable.getInstance(NpcDialogTable.java:32)
tera.gameserver.GameServer.run(GameServer.java:220)

WARNING 19:21:05:622 ReplyTeleport: not found territory for name Cauldron Outpost
WARNING 19:21:05:622 ReplyTeleport: not found territory for name Firebase Intrepid
WARNING 19:21:05:622 ReplyTeleport: not found territory for name Firebase Valor
WARNING 19:21:05:623 DocumentDialog: InvocationTargetException : null : stack trace:
java.base/jdk.internal.reflect.NativeConstructorAccessorImpl.newInstance0(Native Method)
java.base/jdk.internal.reflect.NativeConstructorAccessorImpl.newInstance(NativeConstructorAccessorImpl.java:62)
java.base/jdk.internal.reflect.DelegatingConstructorAccessorImpl.newInstance(DelegatingConstructorAccessorImpl.java:45)
java.base/java.lang.reflect.Constructor.newInstanceWithCaller(Constructor.java:500)
java.base/java.lang.reflect.Constructor.newInstance(Constructor.java:481)
tera.gameserver.document.DocumentDialog.parseLink(DocumentDialog.java:64)
tera.gameserver.document.DocumentDialog.parseNpc(DocumentDialog.java:136)
tera.gameserver.document.DocumentDialog.parse(DocumentDialog.java:99)
rlib.data.AbstractDocument.parse(AbstractDocument.java:67)
tera.gameserver.tables.NpcDialogTable.<init>(NpcDialogTable.java:63)
tera.gameserver.tables.NpcDialogTable.getInstance(NpcDialogTable.java:32)
tera.gameserver.GameServer.run(GameServer.java:220)

WARNING 19:21:05:623 ReplyTeleport: not found territory for name Runicar Research Camp
WARNING 19:21:05:624 ReplyTeleport: not found territory for name Alethea's Last Hope
WARNING 19:21:05:625 ReplyTeleport: not found territory for name Camp Retrebution
WARNING 19:21:05:625 ReplyTeleport: not found territory for name Camp Vigilance
WARNING 19:21:05:626 ReplyTeleport: not found territory for name Embattled Outpost
WARNING 19:21:05:626 ReplyTeleport: not found territory for name Gloomy Outpost
WARNING 19:21:05:626 ReplyTeleport: not found territory for name Spirit Outpost
WARNING 19:21:05:627 ReplyTeleport: not found territory for name Emergency Camp
WARNING 19:21:05:627 ReplyTeleport: not found territory for name Valkyon Federation Camp
WARNING 19:21:05:628 DocumentDialog: InvocationTargetException : null : stack trace:
java.base/jdk.internal.reflect.NativeConstructorAccessorImpl.newInstance0(Native Method)
java.base/jdk.internal.reflect.NativeConstructorAccessorImpl.newInstance(NativeConstructorAccessorImpl.java:62)
java.base/jdk.internal.reflect.DelegatingConstructorAccessorImpl.newInstance(DelegatingConstructorAccessorImpl.java:45)
java.base/java.lang.reflect.Constructor.newInstanceWithCaller(Constructor.java:500)
java.base/java.lang.reflect.Constructor.newInstance(Constructor.java:481)
tera.gameserver.document.DocumentDialog.parseLink(DocumentDialog.java:64)
tera.gameserver.document.DocumentDialog.parseNpc(DocumentDialog.java:136)
tera.gameserver.document.DocumentDialog.parse(DocumentDialog.java:99)
rlib.data.AbstractDocument.parse(AbstractDocument.java:67)
tera.gameserver.tables.NpcDialogTable.<init>(NpcDialogTable.java:63)
tera.gameserver.tables.NpcDialogTable.getInstance(NpcDialogTable.java:32)
tera.gameserver.GameServer.run(GameServer.java:220)

WARNING 19:21:05:628 ReplyTeleport: not found territory for name Runicar Research Camp
WARNING 19:21:05:628 ReplyTeleport: not found territory for name Alethea's Last Hope
WARNING 19:21:05:629 ReplyTeleport: not found territory for name Camp Retrebution
WARNING 19:21:05:629 ReplyTeleport: not found territory for name Camp Vigilance
WARNING 19:21:05:629 ReplyTeleport: not found territory for name Embattled Outpost
WARNING 19:21:05:631 ReplyTeleport: not found territory for name Gloomy Outpost
WARNING 19:21:05:631 ReplyTeleport: not found territory for name Spirit Outpost
WARNING 19:21:05:632 ReplyTeleport: not found territory for name Emergency Camp
WARNING 19:21:05:633 ReplyTeleport: not found territory for name Valkyon Federation Camp
WARNING 19:21:05:633 DocumentDialog: InvocationTargetException : null : stack trace:
java.base/jdk.internal.reflect.NativeConstructorAccessorImpl.newInstance0(Native Method)
java.base/jdk.internal.reflect.NativeConstructorAccessorImpl.newInstance(NativeConstructorAccessorImpl.java:62)
java.base/jdk.internal.reflect.DelegatingConstructorAccessorImpl.newInstance(DelegatingConstructorAccessorImpl.java:45)
java.base/java.lang.reflect.Constructor.newInstanceWithCaller(Constructor.java:500)
java.base/java.lang.reflect.Constructor.newInstance(Constructor.java:481)
tera.gameserver.document.DocumentDialog.parseLink(DocumentDialog.java:64)
tera.gameserver.document.DocumentDialog.parseNpc(DocumentDialog.java:136)
tera.gameserver.document.DocumentDialog.parse(DocumentDialog.java:99)
rlib.data.AbstractDocument.parse(AbstractDocument.java:67)
tera.gameserver.tables.NpcDialogTable.<init>(NpcDialogTable.java:63)
tera.gameserver.tables.NpcDialogTable.getInstance(NpcDialogTable.java:32)
tera.gameserver.GameServer.run(GameServer.java:220)

WARNING 19:21:05:633 ReplyTeleport: not found territory for name Quarantine Zone Research Center
WARNING 19:21:05:635 DocumentDialog: InvocationTargetException : null : stack trace:
java.base/jdk.internal.reflect.NativeConstructorAccessorImpl.newInstance0(Native Method)
java.base/jdk.internal.reflect.NativeConstructorAccessorImpl.newInstance(NativeConstructorAccessorImpl.java:62)
java.base/jdk.internal.reflect.DelegatingConstructorAccessorImpl.newInstance(DelegatingConstructorAccessorImpl.java:45)
java.base/java.lang.reflect.Constructor.newInstanceWithCaller(Constructor.java:500)
java.base/java.lang.reflect.Constructor.newInstance(Constructor.java:481)
tera.gameserver.document.DocumentDialog.parseLink(DocumentDialog.java:64)
tera.gameserver.document.DocumentDialog.parseNpc(DocumentDialog.java:136)
tera.gameserver.document.DocumentDialog.parse(DocumentDialog.java:99)
rlib.data.AbstractDocument.parse(AbstractDocument.java:67)
tera.gameserver.tables.NpcDialogTable.<init>(NpcDialogTable.java:63)
tera.gameserver.tables.NpcDialogTable.getInstance(NpcDialogTable.java:32)
tera.gameserver.GameServer.run(GameServer.java:220)

WARNING 19:21:05:636 ReplyTeleport: not found territory for name Stronghold Camp
WARNING 19:21:05:636 ReplyTeleport: not found territory for name Camp Curiosity
WARNING 19:21:05:636 ReplyTeleport: not found territory for name Camp Sagacity
WARNING 19:21:05:637 ReplyTeleport: not found territory for name Camp Sunlight
WARNING 19:21:05:637 DocumentDialog: InvocationTargetException : null : stack trace:
java.base/jdk.internal.reflect.NativeConstructorAccessorImpl.newInstance0(Native Method)
java.base/jdk.internal.reflect.NativeConstructorAccessorImpl.newInstance(NativeConstructorAccessorImpl.java:62)
java.base/jdk.internal.reflect.DelegatingConstructorAccessorImpl.newInstance(DelegatingConstructorAccessorImpl.java:45)
java.base/java.lang.reflect.Constructor.newInstanceWithCaller(Constructor.java:500)
java.base/java.lang.reflect.Constructor.newInstance(Constructor.java:481)
tera.gameserver.document.DocumentDialog.parseLink(DocumentDialog.java:64)
tera.gameserver.document.DocumentDialog.parseNpc(DocumentDialog.java:136)
tera.gameserver.document.DocumentDialog.parse(DocumentDialog.java:99)
rlib.data.AbstractDocument.parse(AbstractDocument.java:67)
tera.gameserver.tables.NpcDialogTable.<init>(NpcDialogTable.java:63)
tera.gameserver.tables.NpcDialogTable.getInstance(NpcDialogTable.java:32)
tera.gameserver.GameServer.run(GameServer.java:220)

INFO 19:21:05:656 NpcDialogTable: loaded 87 dialogs.
INFO 19:21:05:661 MessagePackageTable: loaded 34 message packages.
INFO 19:21:05:696 ConfigAITable: loaded 45 npc ai configs.
INFO 19:21:05:708 NpcAppearanceTable: initialized. Loaded 59 appearances.
WARNING 19:21:05:831 NpcTable: detected once the file C:\Users\jorou\Downloads\TeraOnlineServer_Shock_1732\gameserver\.\data\npcs\summons\playable_summons.zip
INFO 19:21:05:839 NpcTable: loaded  816 npcs.
INFO 19:21:05:849 ResourseTable: loaded  253 resourses.
INFO 19:21:05:856 MinionTable: loaded 303 minions for 42 npcs.
INFO 19:21:05:857 RegenTaskManager: initializable.
INFO 19:21:05:861 Formulas: initialized.
INFO 19:21:05:862 EffectTaskManager: initialized.
INFO 19:21:06:112 ObjectEventManager: initialized.
INFO 19:21:06:112 MoveTaskManager: initialized.
INFO 19:21:06:452 SpawnTable: loaded 19515 spawns for 617 npcs and 2013 spawns for 60 resourses.
INFO 19:21:06:459 GeoMap3D: start fast import geodata_1.dat
INFO 19:21:06:691 GeoMap3D: import ended. load 1867238 quards.
INFO 19:21:06:692 GeoMap3D: start fast import geodata_2.dat
INFO 19:21:06:734 GeoMap3D: import ended. load 440227 quards.
INFO 19:21:06:735 GeoMap3D: start fast import geodata_3.dat
INFO 19:21:06:781 GeoMap3D: import ended. load 58040 quards.
INFO 19:21:06:783 GeoManager: initialized.
INFO 19:21:06:789 ItemExecutorManager: loaded 0 executor items.
INFO 19:21:06:799 CommandManager: loaded 94 commands.
INFO 19:21:06:815 SkillLearnManager: loaded 950 skill learn's for 8 clases.
INFO 19:21:06:821 AnnounceManager: loaded 0 start announces and 0 running announces.
INFO 19:21:06:824 AccountManager: initialized.
INFO 19:21:06:828 GuildManager: loaded 0 guilds.
INFO 19:21:07:125 QuestManager: loaded 455 quests.
INFO 19:21:07:126 OnlineManager: initialized.
INFO 19:21:07:130 GameLogManager: initialized.
WARNING 19:21:07:145 DocumentRegionWar: not found territory for 400
WARNING 19:21:07:146 DocumentRegionWar: not found territory for 401
WARNING 19:21:07:147 DocumentRegionWar: not found territory for 402
WARNING 19:21:07:148 DocumentRegionWar: not found territory for 403
INFO 19:21:07:149 EventManager: loaded 5 events.
INFO 19:21:07:326 EventManager: the nearest event in 32 minutes.
INFO 19:21:07:329 PlayerManager: initialized.
INFO 19:21:07:337 Network: started.
INFO 19:21:07:337 GameServer: started.
