INFO 11:07:13:193 ServerControl: open server socket on 2101 port.
INFO 11:07:13:199 ExecutorManager: initialized.
INFO 11:07:13:587 CleaningManager: delete 12 reuses from a character_skill_reuses.
INFO 11:07:13:590 CleaningManager: delete 0 spawns from a boss_spawn.
INFO 11:07:13:591 CleaningManager: delete 0 appearances from a character_appearances.
INFO 11:07:13:592 CleaningManager: delete 0 effects from a character_save_effects.
INFO 11:07:13:593 CleaningManager: delete 0 inventors from a character_inventors.
INFO 11:07:13:594 CleaningManager: delete 0 skills from a character_skills.
INFO 11:07:13:595 CleaningManager: delete 0 hotkeys from a character_hotkey.
INFO 11:07:13:595 CleaningManager: delete 0 chars from a character_friends.
INFO 11:07:13:596 CleaningManager: delete 0 friends from a character_friends.
INFO 11:07:13:601 CleaningManager: delete 0 settings from a character_settings.
INFO 11:07:13:602 CleaningManager: delete 0 empty items from a items.
INFO 11:07:13:604 CleaningManager: delete 0 no owner items from a items.
INFO 11:07:13:605 CleaningManager: delete 0 no owner guild items from a items.
INFO 11:07:13:648 CleaningManager: create buffer table items.
INFO 11:07:13:651 CleaningManager: copy 230 items to buffer_items.
INFO 11:07:13:652 CleaningManager: delete 0 no owner items from a buffer_items.
INFO 11:07:13:663 CleaningManager: drop buffer table items.
INFO 11:07:13:665 CleaningManager: delete 0 from a quests.
INFO 11:07:13:665 CleaningManager: delete 0 from a quest variables.
INFO 11:07:13:666 CleaningManager: delete 0 from a guild ranks.
INFO 11:07:13:712 ClientPacketType: client packets prepared.
INFO 11:07:13:724 EffectParser: initialized.
INFO 11:07:13:727 RandomManager: initialized.
INFO 11:07:13:727 IdFactory: prepare npc ids...
INFO 11:07:13:729 BitSetIdGenerator: 102912 id's available.
INFO 11:07:13:729 IdFactory: prepare objects ids...
INFO 11:07:13:730 BitSetIdGenerator: 102912 id's available.
INFO 11:07:13:732 IdFactory: prepare players ids...
INFO 11:07:13:735 BitSetIdGenerator: extracted 12 ids.
INFO 11:07:13:735 BitSetIdGenerator: 102912 id's available.
INFO 11:07:13:736 IdFactory: prepare guilds ids...
INFO 11:07:13:737 BitSetIdGenerator: extracted 1 ids.
INFO 11:07:13:738 BitSetIdGenerator: 102912 id's available.
INFO 11:07:13:739 IdFactory: prepare item ids...
INFO 11:07:13:742 BitSetIdGenerator: extracted 230 ids.
INFO 11:07:13:743 BitSetIdGenerator: 102912 id's available.
INFO 11:07:13:755 ServerVarManager: loaded 0 variables.
INFO 11:07:13:758 BossSpawnManager: loaded 0 boss spawns.
INFO 11:07:14:435 TerritoryTable: loaded 160 territories for 18803 regions.
INFO 11:07:15:671 WorldZoneTable: loaded 12 world zones for 31986 regions.
INFO 11:07:15:672 ConditionParser: initializable.
WARNING 11:07:16:173 SkillTable: detected once the file C:\Users\jorou\Downloads\TeraOnlineServer_Shock_1732\gameserver\.\data\skills\summon_skills\deprecated.zip
INFO 11:07:16:199 SkillTable: loaded 4613 skills for 19 classes.
WARNING 11:07:16:209 ItemTable: detected once the file C:\Users\jorou\Downloads\TeraOnlineServer_Shock_1732\gameserver\.\data\items\adaptations.txt
INFO 11:07:16:642 ItemTable: loaded 10138 items.
INFO 11:07:16:655 Race: race appearances initializable.
INFO 11:07:16:661 PlayerTable: loaded 104 player templates.
WARNING 11:07:16:864 DropTable: not found items [50048]
INFO 11:07:16:865 DropTable: load drop for 407 npcs and 126 for resourse.
INFO 11:07:16:871 TownTable: initialized.
WARNING 11:07:16:902 NpcDialogTable: detected once the file C:\Users\jorou\Downloads\TeraOnlineServer_Shock_1732\gameserver\.\data\dialogs\dialogs.txt
INFO 11:07:16:931 NpcDialogTable: loaded 87 dialogs.
INFO 11:07:16:941 MessagePackageTable: loaded 34 message packages.
INFO 11:07:16:970 ConfigAITable: loaded 45 npc ai configs.
INFO 11:07:16:982 NpcAppearanceTable: initialized. Loaded 59 appearances.
WARNING 11:07:17:129 NpcTable: found duplicate npc template NpcTemplate npcId = 30002, exp = 0, attack = 300000, defense = 1000, owerAttack = 15000, owerDefense = 13000, level = 100, aggro = 100, factionRange = 5000, name = *Elleon*, title = Valkyon's Hero, factionId = Alliance of Argons, type = 300, isRaid = false, canDrop = false, drop = null, minions = null, dialog = null, geomRadius = 20.0, geomHeight = 60.0, npcType = PLAYER_KILLER in file .\data\npcs\south_arun\velika_outskirt.xml
WARNING 11:07:17:130 NpcTable: found duplicate npc template NpcTemplate npcId = 30004, exp = 0, attack = 40000, defense = 4000, owerAttack = 1500, owerDefense = 7000, level = 100, aggro = 100, factionRange = 5000, name = *Klaris*, title = Wise mage, factionId = Alliance of Argons, type = 300, isRaid = false, canDrop = false, drop = null, minions = null, dialog = null, geomRadius = 20.0, geomHeight = 60.0, npcType = PLAYER_KILLER in file .\data\npcs\south_arun\velika_outskirt.xml
WARNING 11:07:17:131 NpcTable: found duplicate npc template NpcTemplate npcId = 30005, exp = 0, attack = 91000, defense = 5000, owerAttack = 1500, owerDefense = 10000, level = 100, aggro = 100, factionRange = 5000, name = *Joff*, title = Open minded, factionId = Alliance of Argons, type = 300, isRaid = false, canDrop = false, drop = null, minions = null, dialog = null, geomRadius = 30.0, geomHeight = 70.0, npcType = PLAYER_KILLER in file .\data\npcs\south_arun\velika_outskirt.xml
WARNING 11:07:17:132 NpcTable: found duplicate npc template NpcTemplate npcId = 30007, exp = 0, attack = 300000, defense = 5000, owerAttack = 14500, owerDefense = 15000, level = 100, aggro = 100, factionRange = 5000, name = *KLei*, title = Testing, factionId = Alliance of Argons, type = 300, isRaid = false, canDrop = false, drop = null, minions = null, dialog = null, geomRadius = 25.0, geomHeight = 70.0, npcType = PLAYER_KILLER in file .\data\npcs\south_arun\velika_outskirt.xml
WARNING 11:07:17:133 NpcTable: found duplicate npc template NpcTemplate npcId = 30008, exp = 0, attack = 91000, defense = 11000, owerAttack = 1000, owerDefense = 20000, level = 100, aggro = 100, factionRange = 5000, name = *Arei*, title = HUrrrr durrrr, factionId = Alliance of Argons, type = 300, isRaid = false, canDrop = false, drop = null, minions = null, dialog = null, geomRadius = 30.0, geomHeight = 70.0, npcType = PLAYER_KILLER in file .\data\npcs\south_arun\velika_outskirt.xml
WARNING 11:07:17:135 NpcTable: found duplicate npc template NpcTemplate npcId = 30010, exp = 0, attack = 410000, defense = 4000, owerAttack = 1500, owerDefense = 7000, level = 100, aggro = 100, factionRange = 5000, name = *Lola*, title = Lover, factionId = Alliance of Argons, type = 300, isRaid = false, canDrop = false, drop = null, minions = null, dialog = null, geomRadius = 20.0, geomHeight = 60.0, npcType = PLAYER_KILLER in file .\data\npcs\south_arun\velika_outskirt.xml
WARNING 11:07:17:149 NpcTable: detected once the file C:\Users\jorou\Downloads\TeraOnlineServer_Shock_1732\gameserver\.\data\npcs\summons\playable_summons.zip
INFO 11:07:17:159 NpcTable: loaded  816 npcs.
INFO 11:07:17:175 ResourseTable: loaded  253 resourses.
INFO 11:07:17:190 MinionTable: loaded 303 minions for 42 npcs.
INFO 11:07:17:191 RegenTaskManager: initializable.
INFO 11:07:17:201 Formulas: initialized.
INFO 11:07:17:202 EffectTaskManager: initialized.
INFO 11:07:17:607 ObjectEventManager: initialized.
INFO 11:07:17:607 MoveTaskManager: initialized.
INFO 11:07:17:978 SpawnTable: loaded 19523 spawns for 622 npcs and 2013 spawns for 60 resourses.
INFO 11:07:17:993 GeoMap3D: start fast import geodata_1.dat
INFO 11:07:18:312 GeoMap3D: import ended. load 1867238 quards.
INFO 11:07:18:313 GeoMap3D: start fast import geodata_2.dat
INFO 11:07:18:399 GeoMap3D: import ended. load 440227 quards.
INFO 11:07:18:403 GeoMap3D: start fast import geodata_3.dat
INFO 11:07:18:409 GeoMap3D: import ended. load 58040 quards.
INFO 11:07:18:409 GeoManager: initialized.
INFO 11:07:18:413 ItemExecutorManager: loaded 0 executor items.
INFO 11:07:18:422 CommandManager: loaded 96 commands.
INFO 11:07:18:437 SkillLearnManager: loaded 950 skill learn's for 8 clases.
INFO 11:07:18:442 AnnounceManager: loaded 0 start announces and 0 running announces.
INFO 11:07:18:444 AccountManager: initialized.
INFO 11:07:18:462 GuildManager: loaded 1 guilds.
INFO 11:07:19:005 QuestManager: loaded 455 quests.
INFO 11:07:19:010 OnlineManager: initialized.
INFO 11:07:19:017 GameLogManager: initialized.
INFO 11:07:19:118 Region: next battle "Veritas District" in 2020.06.28 16:00.
INFO 11:07:19:121 Region: next battle "Ostgarath" in 2020.06.28 16:00.
INFO 11:07:19:126 Region: next battle "Val Palrada" in 2020.06.27 20:00.
INFO 11:07:19:128 Region: next battle "Val Aureum" in 2020.06.27 20:00.
INFO 11:07:19:128 EventManager: loaded 5 events.
INFO 11:07:19:246 EventManager: the nearest event in 30 minutes.
INFO 11:07:19:249 PlayerManager: initialized.
INFO 11:07:19:257 Network: started.
INFO 11:07:19:257 GameServer: started.
