INFO 19:56:37:708 ServerControl: open server socket on 2101 port.
INFO 19:56:37:714 ExecutorManager: initialized.
INFO 19:56:38:090 CleaningManager: delete 0 reuses from a character_skill_reuses.
INFO 19:56:38:099 CleaningManager: delete 0 spawns from a boss_spawn.
INFO 19:56:38:127 CleaningManager: delete 0 appearances from a character_appearances.
INFO 19:56:38:146 CleaningManager: delete 0 effects from a character_save_effects.
INFO 19:56:38:157 CleaningManager: delete 0 inventors from a character_inventors.
INFO 19:56:38:171 CleaningManager: delete 0 skills from a character_skills.
INFO 19:56:38:198 CleaningManager: delete 0 hotkeys from a character_hotkey.
INFO 19:56:38:211 CleaningManager: delete 0 chars from a character_friends.
INFO 19:56:38:267 CleaningManager: delete 0 friends from a character_friends.
INFO 19:56:38:287 CleaningManager: delete 0 settings from a character_settings.
INFO 19:56:38:325 CleaningManager: delete 0 empty items from a items.
INFO 19:56:38:326 CleaningManager: delete 0 no owner items from a items.
INFO 19:56:38:341 CleaningManager: delete 0 no owner guild items from a items.
INFO 19:56:38:380 CleaningManager: create buffer table items.
INFO 19:56:38:382 CleaningManager: copy 217 items to buffer_items.
INFO 19:56:38:383 CleaningManager: delete 0 no owner items from a buffer_items.
INFO 19:56:38:394 CleaningManager: drop buffer table items.
INFO 19:56:38:404 CleaningManager: delete 0 from a quests.
INFO 19:56:38:422 CleaningManager: delete 0 from a quest variables.
INFO 19:56:38:435 CleaningManager: delete 0 from a guild ranks.
INFO 19:56:38:492 ClientPacketType: client packets prepared.
INFO 19:56:38:502 EffectParser: initialized.
INFO 19:56:38:504 RandomManager: initialized.
INFO 19:56:38:505 IdFactory: prepare npc ids...
INFO 19:56:38:506 BitSetIdGenerator: 102912 id's available.
INFO 19:56:38:507 IdFactory: prepare objects ids...
INFO 19:56:38:507 BitSetIdGenerator: 102912 id's available.
INFO 19:56:38:507 IdFactory: prepare players ids...
INFO 19:56:38:510 BitSetIdGenerator: extracted 12 ids.
INFO 19:56:38:510 BitSetIdGenerator: 102912 id's available.
INFO 19:56:38:510 IdFactory: prepare guilds ids...
INFO 19:56:38:512 BitSetIdGenerator: extracted 1 ids.
INFO 19:56:38:512 BitSetIdGenerator: 102912 id's available.
INFO 19:56:38:512 IdFactory: prepare item ids...
INFO 19:56:38:514 BitSetIdGenerator: extracted 217 ids.
INFO 19:56:38:514 BitSetIdGenerator: 102912 id's available.
INFO 19:56:38:533 ServerVarManager: loaded 0 variables.
INFO 19:56:38:536 BossSpawnManager: loaded 0 boss spawns.
INFO 19:56:39:129 TerritoryTable: loaded 160 territories for 18803 regions.
INFO 19:56:40:167 WorldZoneTable: loaded 12 world zones for 31986 regions.
INFO 19:56:40:168 ConditionParser: initializable.
WARNING 19:56:40:496 SkillTable: detected once the file C:\Users\jorou\Downloads\TeraOnlineServer_Shock_1732\gameserver\.\data\skills\summon_skills\deprecated.zip
INFO 19:56:40:508 SkillTable: loaded 4613 skills for 19 classes.
WARNING 19:56:40:513 ItemTable: detected once the file C:\Users\jorou\Downloads\TeraOnlineServer_Shock_1732\gameserver\.\data\items\adaptations.txt
INFO 19:56:40:822 ItemTable: loaded 10138 items.
INFO 19:56:40:837 Race: race appearances initializable.
INFO 19:56:40:845 PlayerTable: loaded 104 player templates.
WARNING 19:56:41:068 DropTable: not found items [50048]
INFO 19:56:41:068 DropTable: load drop for 407 npcs and 126 for resourse.
INFO 19:56:41:074 TownTable: initialized.
WARNING 19:56:41:097 NpcDialogTable: detected once the file C:\Users\jorou\Downloads\TeraOnlineServer_Shock_1732\gameserver\.\data\dialogs\dialogs.txt
INFO 19:56:41:127 NpcDialogTable: loaded 87 dialogs.
INFO 19:56:41:133 MessagePackageTable: loaded 34 message packages.
INFO 19:56:41:167 ConfigAITable: loaded 45 npc ai configs.
INFO 19:56:41:182 NpcAppearanceTable: initialized. Loaded 59 appearances.
WARNING 19:56:41:320 NpcTable: found duplicate npc template NpcTemplate npcId = 30002, exp = 0, attack = 300000, defense = 1000, owerAttack = 15000, owerDefense = 13000, level = 100, aggro = 100, factionRange = 5000, name = *Elleon*, title = Valkyon's Hero, factionId = Alliance of Argons, type = 300, isRaid = false, canDrop = false, drop = null, minions = null, dialog = null, geomRadius = 20.0, geomHeight = 60.0, npcType = PLAYER_KILLER in file .\data\npcs\south_arun\velika.xml
WARNING 19:56:41:321 NpcTable: found duplicate npc template NpcTemplate npcId = 30004, exp = 0, attack = 40000, defense = 4000, owerAttack = 1500, owerDefense = 7000, level = 100, aggro = 100, factionRange = 5000, name = *Klaris*, title = Wise mage, factionId = Alliance of Argons, type = 300, isRaid = false, canDrop = false, drop = null, minions = null, dialog = null, geomRadius = 20.0, geomHeight = 60.0, npcType = PLAYER_KILLER in file .\data\npcs\south_arun\velika.xml
WARNING 19:56:41:322 NpcTable: found duplicate npc template NpcTemplate npcId = 30005, exp = 0, attack = 91000, defense = 5000, owerAttack = 1500, owerDefense = 10000, level = 100, aggro = 100, factionRange = 5000, name = *Joff*, title = Open minded, factionId = Alliance of Argons, type = 300, isRaid = false, canDrop = false, drop = null, minions = null, dialog = null, geomRadius = 30.0, geomHeight = 70.0, npcType = PLAYER_KILLER in file .\data\npcs\south_arun\velika.xml
WARNING 19:56:41:335 NpcTable: detected once the file C:\Users\jorou\Downloads\TeraOnlineServer_Shock_1732\gameserver\.\data\npcs\summons\playable_summons.zip
INFO 19:56:41:343 NpcTable: loaded  816 npcs.
INFO 19:56:41:354 ResourseTable: loaded  253 resourses.
INFO 19:56:41:363 MinionTable: loaded 303 minions for 42 npcs.
INFO 19:56:41:364 RegenTaskManager: initializable.
INFO 19:56:41:369 Formulas: initialized.
INFO 19:56:41:370 EffectTaskManager: initialized.
INFO 19:56:41:634 ObjectEventManager: initialized.
INFO 19:56:41:635 MoveTaskManager: initialized.
INFO 19:56:41:980 SpawnTable: loaded 19518 spawns for 620 npcs and 2013 spawns for 60 resourses.
INFO 19:56:41:988 GeoMap3D: start fast import geodata_1.dat
INFO 19:56:42:186 GeoMap3D: import ended. load 1867238 quards.
INFO 19:56:42:187 GeoMap3D: start fast import geodata_2.dat
INFO 19:56:42:234 GeoMap3D: import ended. load 440227 quards.
INFO 19:56:42:235 GeoMap3D: start fast import geodata_3.dat
INFO 19:56:42:286 GeoMap3D: import ended. load 58040 quards.
INFO 19:56:42:287 GeoManager: initialized.
INFO 19:56:42:290 ItemExecutorManager: loaded 0 executor items.
INFO 19:56:42:301 CommandManager: loaded 95 commands.
INFO 19:56:42:309 SkillLearnManager: loaded 950 skill learn's for 8 clases.
INFO 19:56:42:313 AnnounceManager: loaded 0 start announces and 0 running announces.
INFO 19:56:42:314 AccountManager: initialized.
INFO 19:56:42:325 GuildManager: loaded 1 guilds.
INFO 19:56:42:488 QuestManager: loaded 455 quests.
INFO 19:56:42:489 OnlineManager: initialized.
INFO 19:56:42:495 GameLogManager: initialized.
INFO 19:56:42:586 Region: next battle "Veritas District" in 2020.06.28 16:00.
INFO 19:56:42:588 Region: next battle "Ostgarath" in 2020.06.28 16:00.
INFO 19:56:42:590 Region: next battle "Val Palrada" in 2020.06.27 20:00.
INFO 19:56:42:592 Region: next battle "Val Aureum" in 2020.06.27 20:00.
INFO 19:56:42:593 EventManager: loaded 5 events.
INFO 19:56:42:715 EventManager: the nearest event in 31 minutes.
INFO 19:56:42:719 PlayerManager: initialized.
INFO 19:56:42:729 Network: started.
INFO 19:56:42:730 GameServer: started.
INFO 19:57:38:739 AccountManager: authed islanzadie
WARNING 20:01:24:799 NpcTable: detected once the file C:\Users\jorou\Downloads\TeraOnlineServer_Shock_1732\gameserver\.\data\npcs\summons\playable_summons.zip
INFO 20:01:24:811 NpcTable: npcs reloaded.
INFO 20:01:39:321 SpawnTable: reloaded.
WARNING 20:14:09:908 NpcTable: detected once the file C:\Users\jorou\Downloads\TeraOnlineServer_Shock_1732\gameserver\.\data\npcs\summons\playable_summons.zip
INFO 20:14:09:917 NpcTable: npcs reloaded.
INFO 20:14:18:633 SpawnTable: reloaded.
INFO 20:16:11:049 SpawnTable: reloaded.
INFO 20:16:18:074 SpawnTable: reloaded.
INFO 20:17:38:334 SpawnTable: reloaded.
WARNING 20:18:27:388 SkillTable: detected once the file C:\Users\jorou\Downloads\TeraOnlineServer_Shock_1732\gameserver\.\data\skills\summon_skills\deprecated.zip
INFO 20:18:27:482 SkillTable: skills reloaded.
INFO 20:18:39:040 SpawnTable: reloaded.
WARNING 20:19:39:177 NpcTable: detected once the file C:\Users\jorou\Downloads\TeraOnlineServer_Shock_1732\gameserver\.\data\npcs\summons\playable_summons.zip
INFO 20:19:39:186 NpcTable: npcs reloaded.
INFO 20:19:42:476 SpawnTable: reloaded.
WARNING 20:20:54:325 NpcTable: detected once the file C:\Users\jorou\Downloads\TeraOnlineServer_Shock_1732\gameserver\.\data\npcs\summons\playable_summons.zip
INFO 20:20:54:334 NpcTable: npcs reloaded.
INFO 20:20:56:029 SpawnTable: reloaded.
WARNING 20:22:38:407 NpcTable: detected once the file C:\Users\jorou\Downloads\TeraOnlineServer_Shock_1732\gameserver\.\data\npcs\summons\playable_summons.zip
INFO 20:22:38:417 NpcTable: npcs reloaded.
INFO 20:22:45:003 SpawnTable: reloaded.
WARNING 20:30:03:724 NpcTable: detected once the file C:\Users\jorou\Downloads\TeraOnlineServer_Shock_1732\gameserver\.\data\npcs\summons\playable_summons.zip
INFO 20:30:03:734 NpcTable: npcs reloaded.
INFO 20:30:08:756 SpawnTable: reloaded.
WARNING 20:32:49:581 CommandManager: NullPointerException : key is null. : stack trace:
rlib.util.table.FastObjectTable.get(FastObjectTable.java:437)
tera.gameserver.manager.EventManager.registerPlayer(EventManager.java:158)
tera.gameserver.scripts.commands.DeveloperCommand.execution(DeveloperCommand.java:65)
tera.gameserver.manager.CommandManager.execute(CommandManager.java:74)
tera.gameserver.network.clientpackets.PlayerSay.runImpl(PlayerSay.java:84)
rlib.network.packets.AbstractReadeablePacket.run(AbstractReadeablePacket.java:175)
java.base/java.util.concurrent.ThreadPoolExecutor.runWorker(ThreadPoolExecutor.java:1128)
java.base/java.util.concurrent.ThreadPoolExecutor$Worker.run(ThreadPoolExecutor.java:628)
java.base/java.lang.Thread.run(Thread.java:830)

WARNING 20:33:45:303 CommandManager: NullPointerException : null : stack trace:
tera.gameserver.scripts.commands.WorldCommand.execution(WorldCommand.java:89)
tera.gameserver.manager.CommandManager.execute(CommandManager.java:74)
tera.gameserver.network.clientpackets.PlayerSay.runImpl(PlayerSay.java:84)
rlib.network.packets.AbstractReadeablePacket.run(AbstractReadeablePacket.java:175)
java.base/java.util.concurrent.ThreadPoolExecutor.runWorker(ThreadPoolExecutor.java:1128)
java.base/java.util.concurrent.ThreadPoolExecutor$Worker.run(ThreadPoolExecutor.java:628)
java.base/java.lang.Thread.run(Thread.java:830)

WARNING 20:36:37:827 CommandManager: NullPointerException : null : stack trace:
tera.gameserver.model.playable.Player.teleToLocation(Player.java:2407)
tera.gameserver.model.Character.teleToLocation(Character.java:3828)
tera.gameserver.scripts.commands.WorldCommand.execution(WorldCommand.java:78)
tera.gameserver.manager.CommandManager.execute(CommandManager.java:74)
tera.gameserver.network.clientpackets.PlayerSay.runImpl(PlayerSay.java:84)
rlib.network.packets.AbstractReadeablePacket.run(AbstractReadeablePacket.java:175)
java.base/java.util.concurrent.ThreadPoolExecutor.runWorker(ThreadPoolExecutor.java:1128)
java.base/java.util.concurrent.ThreadPoolExecutor$Worker.run(ThreadPoolExecutor.java:628)
java.base/java.lang.Thread.run(Thread.java:830)

WARNING 20:36:39:881 CommandManager: NullPointerException : null : stack trace:
tera.gameserver.model.playable.Player.teleToLocation(Player.java:2407)
tera.gameserver.model.Character.teleToLocation(Character.java:3828)
tera.gameserver.scripts.commands.WorldCommand.execution(WorldCommand.java:78)
tera.gameserver.manager.CommandManager.execute(CommandManager.java:74)
tera.gameserver.network.clientpackets.PlayerSay.runImpl(PlayerSay.java:84)
rlib.network.packets.AbstractReadeablePacket.run(AbstractReadeablePacket.java:175)
java.base/java.util.concurrent.ThreadPoolExecutor.runWorker(ThreadPoolExecutor.java:1128)
java.base/java.util.concurrent.ThreadPoolExecutor$Worker.run(ThreadPoolExecutor.java:628)
java.base/java.lang.Thread.run(Thread.java:830)

WARNING 20:41:52:192 CommandManager: NullPointerException : null : stack trace:
tera.gameserver.scripts.commands.WorldCommand.execution(WorldCommand.java:89)
tera.gameserver.manager.CommandManager.execute(CommandManager.java:74)
tera.gameserver.network.clientpackets.PlayerSay.runImpl(PlayerSay.java:84)
rlib.network.packets.AbstractReadeablePacket.run(AbstractReadeablePacket.java:175)
java.base/java.util.concurrent.ThreadPoolExecutor.runWorker(ThreadPoolExecutor.java:1128)
java.base/java.util.concurrent.ThreadPoolExecutor$Worker.run(ThreadPoolExecutor.java:628)
java.base/java.lang.Thread.run(Thread.java:830)

WARNING 20:46:37:716 NpcTable: detected once the file C:\Users\jorou\Downloads\TeraOnlineServer_Shock_1732\gameserver\.\data\npcs\summons\playable_summons.zip
INFO 20:46:37:728 NpcTable: npcs reloaded.
INFO 20:46:41:049 SpawnTable: reloaded.
WARNING 20:47:27:544 NpcTable: detected once the file C:\Users\jorou\Downloads\TeraOnlineServer_Shock_1732\gameserver\.\data\npcs\summons\playable_summons.zip
INFO 20:47:27:561 NpcTable: npcs reloaded.
INFO 20:47:29:350 SpawnTable: reloaded.
INFO 20:47:52:120 AccountManager: close islanzadie
