INFO 23:51:58:368 ServerControl: open server socket on 2101 port.
INFO 23:51:58:373 ExecutorManager: initialized.
INFO 23:51:58:738 CleaningManager: delete 0 reuses from a character_skill_reuses.
INFO 23:51:58:738 CleaningManager: delete 0 spawns from a boss_spawn.
INFO 23:51:58:739 CleaningManager: delete 0 appearances from a character_appearances.
INFO 23:51:58:739 CleaningManager: delete 0 effects from a character_save_effects.
INFO 23:51:58:740 CleaningManager: delete 0 inventors from a character_inventors.
INFO 23:51:58:741 CleaningManager: delete 0 skills from a character_skills.
INFO 23:51:58:742 CleaningManager: delete 0 hotkeys from a character_hotkey.
INFO 23:51:58:743 CleaningManager: delete 0 chars from a character_friends.
INFO 23:51:58:744 CleaningManager: delete 0 friends from a character_friends.
INFO 23:51:58:744 CleaningManager: delete 0 settings from a character_settings.
INFO 23:51:58:745 CleaningManager: delete 0 empty items from a items.
INFO 23:51:58:746 CleaningManager: delete 0 no owner items from a items.
INFO 23:51:58:747 CleaningManager: delete 0 no owner guild items from a items.
INFO 23:51:58:801 CleaningManager: create buffer table items.
INFO 23:51:58:803 CleaningManager: copy 80 items to buffer_items.
INFO 23:51:58:804 CleaningManager: delete 0 no owner items from a buffer_items.
INFO 23:51:58:812 CleaningManager: drop buffer table items.
INFO 23:51:58:813 CleaningManager: delete 0 from a quests.
INFO 23:51:58:813 CleaningManager: delete 0 from a quest variables.
INFO 23:51:58:814 CleaningManager: delete 0 from a guild ranks.
INFO 23:51:58:861 ClientPacketType: client packets prepared.
INFO 23:51:58:874 EffectParser: initialized.
INFO 23:51:58:878 RandomManager: initialized.
INFO 23:51:58:878 IdFactory: prepare npc ids...
INFO 23:51:58:880 BitSetIdGenerator: 102912 id's available.
INFO 23:51:58:880 IdFactory: prepare objects ids...
INFO 23:51:58:881 BitSetIdGenerator: 102912 id's available.
INFO 23:51:58:881 IdFactory: prepare players ids...
INFO 23:51:58:884 BitSetIdGenerator: extracted 7 ids.
INFO 23:51:58:885 BitSetIdGenerator: 102912 id's available.
INFO 23:51:58:885 IdFactory: prepare guilds ids...
INFO 23:51:58:886 BitSetIdGenerator: extracted 0 ids.
INFO 23:51:58:886 BitSetIdGenerator: 102912 id's available.
INFO 23:51:58:887 IdFactory: prepare item ids...
INFO 23:51:58:889 BitSetIdGenerator: extracted 80 ids.
INFO 23:51:58:890 BitSetIdGenerator: 102912 id's available.
INFO 23:51:58:903 ServerVarManager: loaded 0 variables.
INFO 23:51:58:906 BossSpawnManager: loaded 0 boss spawns.
INFO 23:51:59:553 TerritoryTable: loaded 160 territories for 18803 regions.
INFO 23:52:00:783 WorldZoneTable: loaded 12 world zones for 31986 regions.
INFO 23:52:00:785 ConditionParser: initializable.
WARNING 23:52:01:270 SkillTable: detected once the file C:\Users\jorou\Downloads\TeraOnlineServer_Shock_1732\gameserver\.\data\skills\summon_skills\deprecated.zip
INFO 23:52:01:295 SkillTable: loaded 4613 skills for 19 classes.
INFO 23:52:01:709 ItemTable: loaded 10138 items.
INFO 23:52:01:724 Race: race appearances initializable.
INFO 23:52:01:735 PlayerTable: loaded 104 player templates.
INFO 23:52:01:968 DropTable: load drop for 407 npcs and 126 for resourse.
INFO 23:52:01:972 TownTable: initialized.
WARNING 23:52:01:995 NpcDialogTable: detected once the file C:\Users\jorou\Downloads\TeraOnlineServer_Shock_1732\gameserver\.\data\dialogs\dialogs.txt
INFO 23:52:02:030 NpcDialogTable: loaded 87 dialogs.
INFO 23:52:02:036 MessagePackageTable: loaded 34 message packages.
INFO 23:52:02:070 ConfigAITable: loaded 45 npc ai configs.
INFO 23:52:02:082 NpcAppearanceTable: initialized. Loaded 59 appearances.
WARNING 23:52:02:235 NpcTable: detected once the file C:\Users\jorou\Downloads\TeraOnlineServer_Shock_1732\gameserver\.\data\npcs\summons\playable_summons.zip
INFO 23:52:02:244 NpcTable: loaded  816 npcs.
INFO 23:52:02:255 ResourseTable: loaded  253 resourses.
INFO 23:52:02:268 MinionTable: loaded 303 minions for 42 npcs.
INFO 23:52:02:269 RegenTaskManager: initializable.
INFO 23:52:02:280 Formulas: initialized.
INFO 23:52:02:281 EffectTaskManager: initialized.
INFO 23:52:02:611 ObjectEventManager: initialized.
INFO 23:52:02:611 MoveTaskManager: initialized.
INFO 23:52:03:064 SpawnTable: loaded 19515 spawns for 617 npcs and 2013 spawns for 60 resourses.
INFO 23:52:03:124 GeoMap3D: start fast import geodata_1.dat
INFO 23:52:03:302 GeoMap3D: import ended. load 1867238 quards.
INFO 23:52:03:304 GeoMap3D: start fast import geodata_2.dat
INFO 23:52:03:376 GeoMap3D: import ended. load 440227 quards.
INFO 23:52:03:379 GeoMap3D: start fast import geodata_3.dat
INFO 23:52:03:404 GeoMap3D: import ended. load 58040 quards.
INFO 23:52:03:408 GeoManager: initialized.
INFO 23:52:03:413 ItemExecutorManager: loaded 0 executor items.
INFO 23:52:03:427 CommandManager: loaded 94 commands.
INFO 23:52:03:439 SkillLearnManager: loaded 950 skill learn's for 8 clases.
INFO 23:52:03:446 AnnounceManager: loaded 0 start announces and 0 running announces.
INFO 23:52:03:449 AccountManager: initialized.
INFO 23:52:03:453 GuildManager: loaded 0 guilds.
INFO 23:52:03:826 QuestManager: loaded 455 quests.
INFO 23:52:03:827 OnlineManager: initialized.
INFO 23:52:03:837 GameLogManager: initialized.
INFO 23:52:03:928 Region: next battle "Veritas District" in 2020.06.28 16:00.
INFO 23:52:03:933 Region: next battle "Ostgarath" in 2020.06.28 16:00.
INFO 23:52:03:936 Region: next battle "Val Palrada" in 2020.06.27 20:00.
INFO 23:52:03:938 Region: next battle "Val Aureum" in 2020.06.27 20:00.
INFO 23:52:03:939 EventManager: loaded 5 events.
INFO 23:52:04:055 EventManager: the nearest event in 55 minutes.
INFO 23:52:04:058 PlayerManager: initialized.
INFO 23:52:04:066 Network: started.
INFO 23:52:04:066 GameServer: started.
INFO 23:52:12:351 AccountManager: authed islanzadie
INFO 23:52:20:169 AccountManager: close islanzadie
