INFO 13:45:23:889 ServerControl: open server socket on 2101 port.
INFO 13:45:23:896 ExecutorManager: initialized.
INFO 13:45:24:301 CleaningManager: delete 0 reuses from a character_skill_reuses.
INFO 13:45:24:302 CleaningManager: delete 0 spawns from a boss_spawn.
INFO 13:45:24:302 CleaningManager: delete 0 appearances from a character_appearances.
INFO 13:45:24:303 CleaningManager: delete 0 effects from a character_save_effects.
INFO 13:45:24:304 CleaningManager: delete 0 inventors from a character_inventors.
INFO 13:45:24:305 CleaningManager: delete 0 skills from a character_skills.
INFO 13:45:24:306 CleaningManager: delete 0 hotkeys from a character_hotkey.
INFO 13:45:24:306 CleaningManager: delete 0 chars from a character_friends.
INFO 13:45:24:307 CleaningManager: delete 0 friends from a character_friends.
INFO 13:45:24:308 CleaningManager: delete 0 settings from a character_settings.
INFO 13:45:24:308 CleaningManager: delete 0 empty items from a items.
INFO 13:45:24:309 CleaningManager: delete 0 no owner items from a items.
INFO 13:45:24:311 CleaningManager: delete 0 no owner guild items from a items.
INFO 13:45:24:383 CleaningManager: create buffer table items.
INFO 13:45:24:386 CleaningManager: copy 254 items to buffer_items.
INFO 13:45:24:387 CleaningManager: delete 0 no owner items from a buffer_items.
INFO 13:45:24:415 CleaningManager: drop buffer table items.
INFO 13:45:24:417 CleaningManager: delete 0 from a quests.
INFO 13:45:24:418 CleaningManager: delete 0 from a quest variables.
INFO 13:45:24:419 CleaningManager: delete 0 from a guild ranks.
INFO 13:45:24:466 ClientPacketType: client packets prepared.
INFO 13:45:24:499 EffectParser: initialized.
INFO 13:45:24:502 RandomManager: initialized.
INFO 13:45:24:503 IdFactory: prepare npc ids...
INFO 13:45:24:506 BitSetIdGenerator: 102912 id's available.
INFO 13:45:24:507 IdFactory: prepare objects ids...
INFO 13:45:24:508 BitSetIdGenerator: 102912 id's available.
INFO 13:45:24:509 IdFactory: prepare players ids...
INFO 13:45:24:521 BitSetIdGenerator: extracted 13 ids.
INFO 13:45:24:522 BitSetIdGenerator: 102912 id's available.
INFO 13:45:24:523 IdFactory: prepare guilds ids...
INFO 13:45:24:527 BitSetIdGenerator: extracted 1 ids.
INFO 13:45:24:527 BitSetIdGenerator: 102912 id's available.
INFO 13:45:24:527 IdFactory: prepare item ids...
INFO 13:45:24:530 BitSetIdGenerator: extracted 254 ids.
INFO 13:45:24:531 BitSetIdGenerator: 102912 id's available.
INFO 13:45:24:542 ServerVarManager: loaded 0 variables.
INFO 13:45:24:547 BossSpawnManager: loaded 0 boss spawns.
INFO 13:45:25:245 TerritoryTable: loaded 160 territories for 18803 regions.
INFO 13:45:26:592 WorldZoneTable: loaded 12 world zones for 31986 regions.
INFO 13:45:26:593 ConditionParser: initializable.
WARNING 13:45:27:124 SkillTable: detected once the file C:\Users\jorou\Downloads\TeraOnlineServer_Shock_1732\gameserver\.\data\skills\summon_skills\deprecated.zip
INFO 13:45:27:169 SkillTable: loaded 4613 skills for 19 classes.
WARNING 13:45:27:178 ItemTable: detected once the file C:\Users\jorou\Downloads\TeraOnlineServer_Shock_1732\gameserver\.\data\items\adaptations.txt
INFO 13:45:27:673 ItemTable: loaded 10138 items.
INFO 13:45:27:687 Race: race appearances initializable.
INFO 13:45:27:694 PlayerTable: loaded 104 player templates.
WARNING 13:45:27:968 DropTable: not found items [50048]
INFO 13:45:27:968 DropTable: load drop for 407 npcs and 126 for resourse.
INFO 13:45:27:979 TownTable: initialized.
WARNING 13:45:27:999 NpcDialogTable: detected once the file C:\Users\jorou\Downloads\TeraOnlineServer_Shock_1732\gameserver\.\data\dialogs\dialogs.txt
INFO 13:45:28:036 NpcDialogTable: loaded 87 dialogs.
INFO 13:45:28:047 MessagePackageTable: loaded 34 message packages.
INFO 13:45:28:080 ConfigAITable: loaded 45 npc ai configs.
INFO 13:45:28:094 NpcAppearanceTable: initialized. Loaded 59 appearances.
WARNING 13:45:28:263 NpcTable: found duplicate npc template NpcTemplate npcId = 30002, exp = 0, attack = 300000, defense = 1000, owerAttack = 15000, owerDefense = 13000, level = 100, aggro = 100, factionRange = 5000, name = *Elleon*, title = Valkyon's Hero, factionId = Alliance of Argons, type = 300, isRaid = false, canDrop = false, drop = null, minions = null, dialog = null, geomRadius = 20.0, geomHeight = 60.0, npcType = PLAYER_KILLER in file .\data\npcs\south_arun\velika_outskirt.xml
WARNING 13:45:28:265 NpcTable: found duplicate npc template NpcTemplate npcId = 30004, exp = 0, attack = 40000, defense = 4000, owerAttack = 1500, owerDefense = 7000, level = 100, aggro = 100, factionRange = 5000, name = *Klaris*, title = Wise mage, factionId = Alliance of Argons, type = 300, isRaid = false, canDrop = false, drop = null, minions = null, dialog = null, geomRadius = 20.0, geomHeight = 60.0, npcType = PLAYER_KILLER in file .\data\npcs\south_arun\velika_outskirt.xml
WARNING 13:45:28:269 NpcTable: found duplicate npc template NpcTemplate npcId = 30005, exp = 0, attack = 91000, defense = 5000, owerAttack = 1500, owerDefense = 10000, level = 100, aggro = 100, factionRange = 5000, name = *Joff*, title = Open minded, factionId = Alliance of Argons, type = 300, isRaid = false, canDrop = false, drop = null, minions = null, dialog = null, geomRadius = 30.0, geomHeight = 70.0, npcType = PLAYER_KILLER in file .\data\npcs\south_arun\velika_outskirt.xml
WARNING 13:45:28:286 NpcTable: found duplicate npc template NpcTemplate npcId = 30007, exp = 0, attack = 300000, defense = 5000, owerAttack = 14500, owerDefense = 15000, level = 100, aggro = 100, factionRange = 5000, name = *KLei*, title = Testing, factionId = Alliance of Argons, type = 300, isRaid = false, canDrop = false, drop = null, minions = null, dialog = null, geomRadius = 25.0, geomHeight = 70.0, npcType = PLAYER_KILLER in file .\data\npcs\south_arun\velika_outskirt.xml
WARNING 13:45:28:291 NpcTable: found duplicate npc template NpcTemplate npcId = 30008, exp = 0, attack = 91000, defense = 11000, owerAttack = 1000, owerDefense = 20000, level = 100, aggro = 100, factionRange = 5000, name = *Arei*, title = HUrrrr durrrr, factionId = Alliance of Argons, type = 300, isRaid = false, canDrop = false, drop = null, minions = null, dialog = null, geomRadius = 30.0, geomHeight = 70.0, npcType = PLAYER_KILLER in file .\data\npcs\south_arun\velika_outskirt.xml
WARNING 13:45:28:293 NpcTable: found duplicate npc template NpcTemplate npcId = 30010, exp = 0, attack = 410000, defense = 4000, owerAttack = 1500, owerDefense = 7000, level = 100, aggro = 100, factionRange = 5000, name = *Lola*, title = Lover, factionId = Alliance of Argons, type = 300, isRaid = false, canDrop = false, drop = null, minions = null, dialog = null, geomRadius = 20.0, geomHeight = 60.0, npcType = PLAYER_KILLER in file .\data\npcs\south_arun\velika_outskirt.xml
WARNING 13:45:28:308 NpcTable: detected once the file C:\Users\jorou\Downloads\TeraOnlineServer_Shock_1732\gameserver\.\data\npcs\summons\playable_summons.zip
INFO 13:45:28:327 NpcTable: loaded  816 npcs.
INFO 13:45:28:350 ResourseTable: loaded  253 resourses.
INFO 13:45:28:367 MinionTable: loaded 303 minions for 42 npcs.
INFO 13:45:28:368 RegenTaskManager: initializable.
INFO 13:45:28:374 Formulas: initialized.
INFO 13:45:28:376 EffectTaskManager: initialized.
INFO 13:45:28:754 ObjectEventManager: initialized.
INFO 13:45:28:755 MoveTaskManager: initialized.
INFO 13:45:29:240 SpawnTable: loaded 19523 spawns for 622 npcs and 2013 spawns for 60 resourses.
INFO 13:45:29:260 GeoMap3D: start fast import geodata_1.dat
INFO 13:45:29:576 GeoMap3D: import ended. load 1867238 quards.
INFO 13:45:29:577 GeoMap3D: start fast import geodata_2.dat
INFO 13:45:29:653 GeoMap3D: import ended. load 440227 quards.
INFO 13:45:29:656 GeoMap3D: start fast import geodata_3.dat
INFO 13:45:29:709 GeoMap3D: import ended. load 58040 quards.
INFO 13:45:29:709 GeoManager: initialized.
INFO 13:45:29:714 ItemExecutorManager: loaded 0 executor items.
INFO 13:45:29:724 CommandManager: loaded 96 commands.
INFO 13:45:29:742 SkillLearnManager: loaded 950 skill learn's for 8 clases.
INFO 13:45:29:748 AnnounceManager: loaded 0 start announces and 0 running announces.
INFO 13:45:29:749 AccountManager: initialized.
INFO 13:45:29:770 GuildManager: loaded 1 guilds.
INFO 13:45:30:210 QuestManager: loaded 455 quests.
INFO 13:45:30:213 OnlineManager: initialized.
INFO 13:45:30:228 GameLogManager: initialized.
INFO 13:45:30:310 Region: next battle "Veritas District" in 2020.06.28 16:00.
INFO 13:45:30:315 Region: next battle "Ostgarath" in 2020.06.28 16:00.
INFO 13:45:30:325 Region: next battle "Val Palrada" in 2020.07.04 20:00.
INFO 13:45:30:331 Region: next battle "Val Aureum" in 2020.07.04 20:00.
INFO 13:45:30:331 EventManager: loaded 5 events.
INFO 13:45:30:459 EventManager: the nearest event in 34 minutes.
INFO 13:45:30:463 PlayerManager: initialized.
INFO 13:45:30:471 Network: started.
INFO 13:45:30:478 GameServer: started.
INFO 13:45:49:146 AccountManager: authed islanzadie
INFO 14:04:38:455 AccountManager: close islanzadie
