INFO 20:48:00:984 ServerControl: open server socket on 2101 port.
INFO 20:48:00:991 ExecutorManager: initialized.
INFO 20:48:01:381 CleaningManager: delete 1 reuses from a character_skill_reuses.
INFO 20:48:01:381 CleaningManager: delete 0 spawns from a boss_spawn.
INFO 20:48:01:382 CleaningManager: delete 0 appearances from a character_appearances.
INFO 20:48:01:382 CleaningManager: delete 0 effects from a character_save_effects.
INFO 20:48:01:383 CleaningManager: delete 0 inventors from a character_inventors.
INFO 20:48:01:384 CleaningManager: delete 0 skills from a character_skills.
INFO 20:48:01:384 CleaningManager: delete 0 hotkeys from a character_hotkey.
INFO 20:48:01:385 CleaningManager: delete 0 chars from a character_friends.
INFO 20:48:01:386 CleaningManager: delete 0 friends from a character_friends.
INFO 20:48:01:387 CleaningManager: delete 0 settings from a character_settings.
INFO 20:48:01:388 CleaningManager: delete 2 empty items from a items.
INFO 20:48:01:388 CleaningManager: delete 0 no owner items from a items.
INFO 20:48:01:389 CleaningManager: delete 0 no owner guild items from a items.
INFO 20:48:01:438 CleaningManager: create buffer table items.
INFO 20:48:01:441 CleaningManager: copy 217 items to buffer_items.
INFO 20:48:01:442 CleaningManager: delete 0 no owner items from a buffer_items.
INFO 20:48:01:454 CleaningManager: drop buffer table items.
INFO 20:48:01:454 CleaningManager: delete 0 from a quests.
INFO 20:48:01:455 CleaningManager: delete 0 from a quest variables.
INFO 20:48:01:455 CleaningManager: delete 0 from a guild ranks.
INFO 20:48:01:501 ClientPacketType: client packets prepared.
INFO 20:48:01:513 EffectParser: initialized.
INFO 20:48:01:517 RandomManager: initialized.
INFO 20:48:01:517 IdFactory: prepare npc ids...
INFO 20:48:01:519 BitSetIdGenerator: 102912 id's available.
INFO 20:48:01:519 IdFactory: prepare objects ids...
INFO 20:48:01:519 BitSetIdGenerator: 102912 id's available.
INFO 20:48:01:520 IdFactory: prepare players ids...
INFO 20:48:01:522 BitSetIdGenerator: extracted 12 ids.
INFO 20:48:01:522 BitSetIdGenerator: 102912 id's available.
INFO 20:48:01:523 IdFactory: prepare guilds ids...
INFO 20:48:01:525 BitSetIdGenerator: extracted 1 ids.
INFO 20:48:01:525 BitSetIdGenerator: 102912 id's available.
INFO 20:48:01:526 IdFactory: prepare item ids...
INFO 20:48:01:529 BitSetIdGenerator: extracted 217 ids.
INFO 20:48:01:530 BitSetIdGenerator: 102912 id's available.
INFO 20:48:01:540 ServerVarManager: loaded 0 variables.
INFO 20:48:01:543 BossSpawnManager: loaded 0 boss spawns.
INFO 20:48:02:228 TerritoryTable: loaded 160 territories for 18803 regions.
INFO 20:48:03:533 WorldZoneTable: loaded 12 world zones for 31986 regions.
INFO 20:48:03:534 ConditionParser: initializable.
WARNING 20:48:04:075 SkillTable: detected once the file C:\Users\jorou\Downloads\TeraOnlineServer_Shock_1732\gameserver\.\data\skills\summon_skills\deprecated.zip
INFO 20:48:04:103 SkillTable: loaded 4613 skills for 19 classes.
WARNING 20:48:04:108 ItemTable: detected once the file C:\Users\jorou\Downloads\TeraOnlineServer_Shock_1732\gameserver\.\data\items\adaptations.txt
INFO 20:48:04:495 ItemTable: loaded 10138 items.
INFO 20:48:04:524 Race: race appearances initializable.
INFO 20:48:04:534 PlayerTable: loaded 104 player templates.
WARNING 20:48:04:745 DropTable: not found items [50048]
INFO 20:48:04:745 DropTable: load drop for 407 npcs and 126 for resourse.
INFO 20:48:04:752 TownTable: initialized.
WARNING 20:48:04:772 NpcDialogTable: detected once the file C:\Users\jorou\Downloads\TeraOnlineServer_Shock_1732\gameserver\.\data\dialogs\dialogs.txt
INFO 20:48:04:805 NpcDialogTable: loaded 87 dialogs.
INFO 20:48:04:816 MessagePackageTable: loaded 34 message packages.
INFO 20:48:04:846 ConfigAITable: loaded 45 npc ai configs.
INFO 20:48:04:858 NpcAppearanceTable: initialized. Loaded 59 appearances.
WARNING 20:48:05:014 NpcTable: found duplicate npc template NpcTemplate npcId = 30002, exp = 0, attack = 300000, defense = 1000, owerAttack = 15000, owerDefense = 13000, level = 100, aggro = 100, factionRange = 5000, name = *Elleon*, title = Valkyon's Hero, factionId = Alliance of Argons, type = 300, isRaid = false, canDrop = false, drop = null, minions = null, dialog = null, geomRadius = 20.0, geomHeight = 60.0, npcType = PLAYER_KILLER in file .\data\npcs\south_arun\velika_outskirt.xml
WARNING 20:48:05:015 NpcTable: found duplicate npc template NpcTemplate npcId = 30004, exp = 0, attack = 40000, defense = 4000, owerAttack = 1500, owerDefense = 7000, level = 100, aggro = 100, factionRange = 5000, name = *Klaris*, title = Wise mage, factionId = Alliance of Argons, type = 300, isRaid = false, canDrop = false, drop = null, minions = null, dialog = null, geomRadius = 20.0, geomHeight = 60.0, npcType = PLAYER_KILLER in file .\data\npcs\south_arun\velika_outskirt.xml
WARNING 20:48:05:016 NpcTable: found duplicate npc template NpcTemplate npcId = 30005, exp = 0, attack = 91000, defense = 5000, owerAttack = 1500, owerDefense = 10000, level = 100, aggro = 100, factionRange = 5000, name = *Joff*, title = Open minded, factionId = Alliance of Argons, type = 300, isRaid = false, canDrop = false, drop = null, minions = null, dialog = null, geomRadius = 30.0, geomHeight = 70.0, npcType = PLAYER_KILLER in file .\data\npcs\south_arun\velika_outskirt.xml
WARNING 20:48:05:017 NpcTable: found duplicate npc template NpcTemplate npcId = 30007, exp = 0, attack = 300000, defense = 5000, owerAttack = 14500, owerDefense = 15000, level = 100, aggro = 100, factionRange = 5000, name = *KLei*, title = Testing, factionId = Alliance of Argons, type = 300, isRaid = false, canDrop = false, drop = null, minions = null, dialog = null, geomRadius = 25.0, geomHeight = 70.0, npcType = PLAYER_KILLER in file .\data\npcs\south_arun\velika_outskirt.xml
WARNING 20:48:05:017 NpcTable: found duplicate npc template NpcTemplate npcId = 30008, exp = 0, attack = 91000, defense = 11000, owerAttack = 1000, owerDefense = 20000, level = 100, aggro = 100, factionRange = 5000, name = *Arei*, title = HUrrrr durrrr, factionId = Alliance of Argons, type = 300, isRaid = false, canDrop = false, drop = null, minions = null, dialog = null, geomRadius = 30.0, geomHeight = 70.0, npcType = PLAYER_KILLER in file .\data\npcs\south_arun\velika_outskirt.xml
WARNING 20:48:05:019 NpcTable: found duplicate npc template NpcTemplate npcId = 30010, exp = 0, attack = 410000, defense = 4000, owerAttack = 1500, owerDefense = 7000, level = 100, aggro = 100, factionRange = 5000, name = *Lola*, title = Lover, factionId = Alliance of Argons, type = 300, isRaid = false, canDrop = false, drop = null, minions = null, dialog = null, geomRadius = 20.0, geomHeight = 60.0, npcType = PLAYER_KILLER in file .\data\npcs\south_arun\velika_outskirt.xml
WARNING 20:48:05:039 NpcTable: detected once the file C:\Users\jorou\Downloads\TeraOnlineServer_Shock_1732\gameserver\.\data\npcs\summons\playable_summons.zip
INFO 20:48:05:049 NpcTable: loaded  816 npcs.
INFO 20:48:05:065 ResourseTable: loaded  253 resourses.
INFO 20:48:05:079 MinionTable: loaded 303 minions for 42 npcs.
INFO 20:48:05:081 RegenTaskManager: initializable.
INFO 20:48:05:092 Formulas: initialized.
INFO 20:48:05:094 EffectTaskManager: initialized.
INFO 20:48:05:463 ObjectEventManager: initialized.
INFO 20:48:05:464 MoveTaskManager: initialized.
INFO 20:48:05:848 SpawnTable: loaded 19523 spawns for 622 npcs and 2013 spawns for 60 resourses.
INFO 20:48:05:865 GeoMap3D: start fast import geodata_1.dat
INFO 20:48:06:119 GeoMap3D: import ended. load 1867238 quards.
INFO 20:48:06:121 GeoMap3D: start fast import geodata_2.dat
INFO 20:48:06:186 GeoMap3D: import ended. load 440227 quards.
INFO 20:48:06:187 GeoMap3D: start fast import geodata_3.dat
INFO 20:48:06:213 GeoMap3D: import ended. load 58040 quards.
INFO 20:48:06:214 GeoManager: initialized.
INFO 20:48:06:217 ItemExecutorManager: loaded 0 executor items.
INFO 20:48:06:227 CommandManager: loaded 95 commands.
INFO 20:48:06:236 SkillLearnManager: loaded 950 skill learn's for 8 clases.
INFO 20:48:06:246 AnnounceManager: loaded 0 start announces and 0 running announces.
INFO 20:48:06:247 AccountManager: initialized.
INFO 20:48:06:260 GuildManager: loaded 1 guilds.
INFO 20:48:06:547 QuestManager: loaded 455 quests.
INFO 20:48:06:549 OnlineManager: initialized.
INFO 20:48:06:591 GameLogManager: initialized.
INFO 20:48:06:703 Region: next battle "Veritas District" in 2020.06.28 16:00.
INFO 20:48:06:708 Region: next battle "Ostgarath" in 2020.06.28 16:00.
INFO 20:48:06:712 Region: next battle "Val Palrada" in 2020.06.27 20:00.
INFO 20:48:06:714 Region: next battle "Val Aureum" in 2020.06.27 20:00.
INFO 20:48:06:716 EventManager: loaded 5 events.
INFO 20:48:06:869 EventManager: the nearest event in 55 minutes.
INFO 20:48:06:875 PlayerManager: initialized.
INFO 20:48:06:885 Network: started.
INFO 20:48:06:885 GameServer: started.
INFO 20:48:22:669 AccountManager: authed islanzadie
WARNING 20:51:25:773 NpcTable: detected once the file C:\Users\jorou\Downloads\TeraOnlineServer_Shock_1732\gameserver\.\data\npcs\summons\playable_summons.zip
INFO 20:51:25:794 NpcTable: npcs reloaded.
INFO 20:51:30:129 SpawnTable: reloaded.
WARNING 20:53:03:746 NpcTable: detected once the file C:\Users\jorou\Downloads\TeraOnlineServer_Shock_1732\gameserver\.\data\npcs\summons\playable_summons.zip
INFO 20:53:03:756 NpcTable: npcs reloaded.
INFO 20:53:05:286 SpawnTable: reloaded.
WARNING 20:53:34:274 NpcTable: detected once the file C:\Users\jorou\Downloads\TeraOnlineServer_Shock_1732\gameserver\.\data\npcs\summons\playable_summons.zip
INFO 20:53:34:291 NpcTable: npcs reloaded.
INFO 20:53:35:551 SpawnTable: reloaded.
WARNING 21:00:43:383 ItemTable: detected once the file C:\Users\jorou\Downloads\TeraOnlineServer_Shock_1732\gameserver\.\data\items\adaptations.txt
INFO 21:00:44:122 ItemTable: reloaded items.
 INFO 21:04:13:824 DeveloperCommand: error parsing null
INFO 21:05:45:570 Config: reloaded.
WARNING 21:12:12:710 NpcTable: detected once the file C:\Users\jorou\Downloads\TeraOnlineServer_Shock_1732\gameserver\.\data\npcs\summons\playable_summons.zip
INFO 21:12:12:721 NpcTable: npcs reloaded.
INFO 21:12:16:422 SpawnTable: reloaded.
INFO 21:51:51:939 AccountManager: close islanzadie
