INFO 00:31:23:291 ServerControl: open server socket on 2101 port.
INFO 00:31:23:298 ExecutorManager: initialized.
INFO 00:31:23:665 CleaningManager: delete 0 reuses from a character_skill_reuses.
INFO 00:31:23:666 CleaningManager: delete 0 spawns from a boss_spawn.
INFO 00:31:23:667 CleaningManager: delete 0 appearances from a character_appearances.
INFO 00:31:23:668 CleaningManager: delete 0 effects from a character_save_effects.
INFO 00:31:23:669 CleaningManager: delete 0 inventors from a character_inventors.
INFO 00:31:23:670 CleaningManager: delete 0 skills from a character_skills.
INFO 00:31:23:671 CleaningManager: delete 0 hotkeys from a character_hotkey.
INFO 00:31:23:672 CleaningManager: delete 0 chars from a character_friends.
INFO 00:31:23:673 CleaningManager: delete 0 friends from a character_friends.
INFO 00:31:23:673 CleaningManager: delete 0 settings from a character_settings.
INFO 00:31:23:674 CleaningManager: delete 0 empty items from a items.
INFO 00:31:23:675 CleaningManager: delete 0 no owner items from a items.
INFO 00:31:23:677 CleaningManager: delete 0 no owner guild items from a items.
INFO 00:31:23:725 CleaningManager: create buffer table items.
INFO 00:31:23:728 CleaningManager: copy 218 items to buffer_items.
INFO 00:31:23:729 CleaningManager: delete 0 no owner items from a buffer_items.
INFO 00:31:23:737 CleaningManager: drop buffer table items.
INFO 00:31:23:738 CleaningManager: delete 0 from a quests.
INFO 00:31:23:738 CleaningManager: delete 0 from a quest variables.
INFO 00:31:23:739 CleaningManager: delete 0 from a guild ranks.
INFO 00:31:23:782 ClientPacketType: client packets prepared.
INFO 00:31:23:794 EffectParser: initialized.
INFO 00:31:23:797 RandomManager: initialized.
INFO 00:31:23:798 IdFactory: prepare npc ids...
INFO 00:31:23:800 BitSetIdGenerator: 102912 id's available.
INFO 00:31:23:800 IdFactory: prepare objects ids...
INFO 00:31:23:801 BitSetIdGenerator: 102912 id's available.
INFO 00:31:23:801 IdFactory: prepare players ids...
INFO 00:31:23:804 BitSetIdGenerator: extracted 12 ids.
INFO 00:31:23:805 BitSetIdGenerator: 102912 id's available.
INFO 00:31:23:805 IdFactory: prepare guilds ids...
INFO 00:31:23:806 BitSetIdGenerator: extracted 1 ids.
INFO 00:31:23:807 BitSetIdGenerator: 102912 id's available.
INFO 00:31:23:807 IdFactory: prepare item ids...
INFO 00:31:23:809 BitSetIdGenerator: extracted 218 ids.
INFO 00:31:23:810 BitSetIdGenerator: 102912 id's available.
INFO 00:31:23:821 ServerVarManager: loaded 0 variables.
INFO 00:31:23:823 BossSpawnManager: loaded 0 boss spawns.
INFO 00:31:24:436 TerritoryTable: loaded 160 territories for 18803 regions.
INFO 00:31:25:728 WorldZoneTable: loaded 12 world zones for 31986 regions.
INFO 00:31:25:731 ConditionParser: initializable.
WARNING 00:31:26:259 SkillTable: detected once the file C:\Users\jorou\Downloads\TeraOnlineServer_Shock_1732\gameserver\.\data\skills\summon_skills\deprecated.zip
INFO 00:31:26:284 SkillTable: loaded 4613 skills for 19 classes.
WARNING 00:31:26:290 ItemTable: detected once the file C:\Users\jorou\Downloads\TeraOnlineServer_Shock_1732\gameserver\.\data\items\adaptations.txt
INFO 00:31:26:649 ItemTable: loaded 10138 items.
INFO 00:31:26:659 Race: race appearances initializable.
INFO 00:31:26:665 PlayerTable: loaded 104 player templates.
WARNING 00:31:26:850 DropTable: not found items [50048]
INFO 00:31:26:851 DropTable: load drop for 407 npcs and 126 for resourse.
INFO 00:31:26:858 TownTable: initialized.
WARNING 00:31:26:885 NpcDialogTable: detected once the file C:\Users\jorou\Downloads\TeraOnlineServer_Shock_1732\gameserver\.\data\dialogs\dialogs.txt
INFO 00:31:26:918 NpcDialogTable: loaded 87 dialogs.
INFO 00:31:26:924 MessagePackageTable: loaded 34 message packages.
INFO 00:31:26:955 ConfigAITable: loaded 45 npc ai configs.
INFO 00:31:26:966 NpcAppearanceTable: initialized. Loaded 59 appearances.
WARNING 00:31:27:088 NpcTable: found duplicate npc template NpcTemplate npcId = 21001, exp = 0, attack = 180000, defense = 5000, owerAttack = 1500, owerDefense = 10000, level = 60, aggro = 700, factionRange = 300, name = *Бандит*, title = Молния, factionId = Захватчик Veritas District, type = 300, isRaid = false, canDrop = false, drop = null, minions = null, dialog = null, geomRadius = 20.0, geomHeight = 60.0, npcType = PLAYER_KILLER in file .\data\npcs\playable\top_playable_npcs.xml
WARNING 00:31:27:139 NpcTable: detected once the file C:\Users\jorou\Downloads\TeraOnlineServer_Shock_1732\gameserver\.\data\npcs\summons\playable_summons.zip
INFO 00:31:27:152 NpcTable: loaded  816 npcs.
INFO 00:31:27:167 ResourseTable: loaded  253 resourses.
INFO 00:31:27:186 MinionTable: loaded 303 minions for 42 npcs.
INFO 00:31:27:188 RegenTaskManager: initializable.
INFO 00:31:27:200 Formulas: initialized.
INFO 00:31:27:202 EffectTaskManager: initialized.
INFO 00:31:27:517 ObjectEventManager: initialized.
INFO 00:31:27:517 MoveTaskManager: initialized.
INFO 00:31:27:974 SpawnTable: loaded 19515 spawns for 617 npcs and 2013 spawns for 60 resourses.
INFO 00:31:27:998 GeoMap3D: start fast import geodata_1.dat
INFO 00:31:28:186 GeoMap3D: import ended. load 1867238 quards.
INFO 00:31:28:190 GeoMap3D: start fast import geodata_2.dat
INFO 00:31:28:256 GeoMap3D: import ended. load 440227 quards.
INFO 00:31:28:258 GeoMap3D: start fast import geodata_3.dat
INFO 00:31:28:281 GeoMap3D: import ended. load 58040 quards.
INFO 00:31:28:282 GeoManager: initialized.
INFO 00:31:28:285 ItemExecutorManager: loaded 0 executor items.
INFO 00:31:28:302 CommandManager: loaded 95 commands.
INFO 00:31:28:312 SkillLearnManager: loaded 950 skill learn's for 8 clases.
INFO 00:31:28:331 AnnounceManager: loaded 0 start announces and 0 running announces.
INFO 00:31:28:334 AccountManager: initialized.
INFO 00:31:28:345 GuildManager: loaded 1 guilds.
INFO 00:31:28:783 QuestManager: loaded 455 quests.
INFO 00:31:28:789 OnlineManager: initialized.
INFO 00:31:28:805 GameLogManager: initialized.
INFO 00:31:28:878 Region: next battle "Veritas District" in 2020.06.28 16:00.
INFO 00:31:28:882 Region: next battle "Ostgarath" in 2020.06.28 16:00.
INFO 00:31:28:884 Region: next battle "Val Palrada" in 2020.06.27 20:00.
INFO 00:31:28:886 Region: next battle "Val Aureum" in 2020.06.27 20:00.
INFO 00:31:28:887 EventManager: loaded 5 events.
INFO 00:31:29:010 EventManager: the nearest event in 30 minutes.
INFO 00:31:29:014 PlayerManager: initialized.
INFO 00:31:29:022 Network: started.
INFO 00:31:29:022 GameServer: started.
