INFO 20:05:17:173 ServerControl: open server socket on 2101 port.
INFO 20:05:22:678 ExecutorManager: initialized.
INFO 20:05:23:996 CleaningManager: delete 0 reuses from a character_skill_reuses.
INFO 20:05:23:999 CleaningManager: delete 0 spawns from a boss_spawn.
INFO 20:05:24:000 CleaningManager: delete 0 appearances from a character_appearances.
INFO 20:05:24:001 CleaningManager: delete 0 effects from a character_save_effects.
INFO 20:05:24:003 CleaningManager: delete 0 inventors from a character_inventors.
INFO 20:05:24:004 CleaningManager: delete 0 skills from a character_skills.
INFO 20:05:24:005 CleaningManager: delete 0 hotkeys from a character_hotkey.
INFO 20:05:24:006 CleaningManager: delete 0 chars from a character_friends.
INFO 20:05:24:011 CleaningManager: delete 0 friends from a character_friends.
INFO 20:05:24:012 CleaningManager: delete 0 settings from a character_settings.
INFO 20:05:24:013 CleaningManager: delete 6 empty items from a items.
INFO 20:05:24:015 CleaningManager: delete 0 no owner items from a items.
INFO 20:05:24:016 CleaningManager: delete 0 no owner guild items from a items.
INFO 20:05:24:073 CleaningManager: create buffer table items.
INFO 20:05:24:110 CleaningManager: copy 82 items to buffer_items.
INFO 20:05:24:117 CleaningManager: delete 1 no owner items from a buffer_items.
INFO 20:05:24:149 CleaningManager: drop buffer table items.
INFO 20:05:24:150 CleaningManager: delete 0 from a quests.
INFO 20:05:24:152 CleaningManager: delete 0 from a quest variables.
INFO 20:05:24:166 CleaningManager: delete 0 from a guild ranks.
INFO 20:05:24:338 ClientPacketType: client packets prepared.
INFO 20:05:24:467 EffectParser: initialized.
INFO 20:05:24:495 RandomManager: initialized.
INFO 20:05:24:578 IdFactory: prepare npc ids...
INFO 20:05:24:588 BitSetIdGenerator: 102912 id's available.
INFO 20:05:24:595 IdFactory: prepare objects ids...
INFO 20:05:24:596 BitSetIdGenerator: 102912 id's available.
INFO 20:05:24:598 IdFactory: prepare players ids...
INFO 20:05:24:604 BitSetIdGenerator: extracted 7 ids.
INFO 20:05:24:605 BitSetIdGenerator: 102912 id's available.
INFO 20:05:24:605 IdFactory: prepare guilds ids...
INFO 20:05:24:607 BitSetIdGenerator: extracted 0 ids.
INFO 20:05:24:607 BitSetIdGenerator: 102912 id's available.
INFO 20:05:24:607 IdFactory: prepare item ids...
INFO 20:05:24:611 BitSetIdGenerator: extracted 81 ids.
INFO 20:05:24:611 BitSetIdGenerator: 102912 id's available.
INFO 20:05:24:622 ServerVarManager: loaded 0 variables.
INFO 20:05:24:638 BossSpawnManager: loaded 0 boss spawns.
INFO 20:05:26:844 TerritoryTable: loaded 160 territories for 18803 regions.
INFO 20:05:28:705 WorldZoneTable: loaded 12 world zones for 31986 regions.
INFO 20:05:28:707 ConditionParser: initializable.
WARNING 20:05:29:680 SkillTable: detected once the file C:\Users\jorou\Downloads\TeraOnlineServer_Shock_1732\gameserver\.\data\skills\summon_skills\deprecated.zip
INFO 20:05:29:716 SkillTable: loaded 4613 skills for 19 classes.
INFO 20:05:30:337 ItemTable: loaded 10138 items.
INFO 20:05:30:347 Race: race appearances initializable.
INFO 20:05:30:364 PlayerTable: loaded 104 player templates.
INFO 20:05:30:572 DropTable: load drop for 407 npcs and 126 for resourse.
INFO 20:05:30:577 TownTable: initialized.
WARNING 20:05:30:601 NpcDialogTable: detected once the file C:\Users\jorou\Downloads\TeraOnlineServer_Shock_1732\gameserver\.\data\dialogs\dialogs.txt
INFO 20:05:30:634 NpcDialogTable: loaded 87 dialogs.
INFO 20:05:30:644 MessagePackageTable: loaded 34 message packages.
INFO 20:05:30:675 ConfigAITable: loaded 45 npc ai configs.
INFO 20:05:30:686 NpcAppearanceTable: initialized. Loaded 59 appearances.
WARNING 20:05:30:798 NpcTable: detected once the file C:\Users\jorou\Downloads\TeraOnlineServer_Shock_1732\gameserver\.\data\npcs\summons\playable_summons.zip
INFO 20:05:30:810 NpcTable: loaded  816 npcs.
INFO 20:05:30:823 ResourseTable: loaded  253 resourses.
INFO 20:05:30:832 MinionTable: loaded 303 minions for 42 npcs.
INFO 20:05:30:833 RegenTaskManager: initializable.
INFO 20:05:30:838 Formulas: initialized.
INFO 20:05:30:842 EffectTaskManager: initialized.
INFO 20:05:31:213 ObjectEventManager: initialized.
INFO 20:05:31:216 MoveTaskManager: initialized.
INFO 20:05:31:695 SpawnTable: loaded 19515 spawns for 617 npcs and 2013 spawns for 60 resourses.
INFO 20:05:31:751 GeoMap3D: start fast import geodata_1.dat
INFO 20:05:31:965 GeoMap3D: import ended. load 1867238 quards.
INFO 20:05:31:967 GeoMap3D: start fast import geodata_2.dat
INFO 20:05:32:035 GeoMap3D: import ended. load 440227 quards.
INFO 20:05:32:559 GeoMap3D: start fast import geodata_3.dat
INFO 20:05:32:707 GeoMap3D: import ended. load 58040 quards.
INFO 20:05:32:786 GeoManager: initialized.
INFO 20:05:32:789 ItemExecutorManager: loaded 0 executor items.
INFO 20:05:32:809 CommandManager: loaded 94 commands.
INFO 20:05:32:949 SkillLearnManager: loaded 950 skill learn's for 8 clases.
INFO 20:05:32:968 AnnounceManager: loaded 0 start announces and 0 running announces.
INFO 20:05:32:970 AccountManager: initialized.
INFO 20:05:32:990 GuildManager: loaded 0 guilds.
INFO 20:05:33:916 QuestManager: loaded 455 quests.
INFO 20:05:33:943 OnlineManager: initialized.
INFO 20:05:33:989 GameLogManager: initialized.
INFO 20:05:34:748 Region: next battle "Veritas District" in 2020.06.28 16:00.
INFO 20:05:34:757 Region: next battle "Ostgarath" in 2020.06.28 16:00.
INFO 20:05:34:760 Region: next battle "Val Palrada" in 2020.06.27 20:00.
INFO 20:05:34:770 Region: next battle "Val Aureum" in 2020.06.27 20:00.
INFO 20:05:34:774 EventManager: loaded 5 events.
INFO 20:05:35:078 EventManager: the nearest event in 31 minutes.
INFO 20:05:35:089 PlayerManager: initialized.
INFO 20:05:35:112 Network: started.
INFO 20:05:35:112 GameServer: started.
INFO 20:07:18:208 AccountManager: authed islanzadie
INFO 20:09:58:326 AccountManager: close islanzadie
