INFO 12:52:51:086 ServerControl: open server socket on 2101 port.
INFO 12:52:51:092 ExecutorManager: initialized.
INFO 12:52:51:501 CleaningManager: delete 0 reuses from a character_skill_reuses.
INFO 12:52:51:502 CleaningManager: delete 0 spawns from a boss_spawn.
INFO 12:52:51:502 CleaningManager: delete 0 appearances from a character_appearances.
INFO 12:52:51:503 CleaningManager: delete 0 effects from a character_save_effects.
INFO 12:52:51:504 CleaningManager: delete 0 inventors from a character_inventors.
INFO 12:52:51:504 CleaningManager: delete 0 skills from a character_skills.
INFO 12:52:51:506 CleaningManager: delete 0 hotkeys from a character_hotkey.
INFO 12:52:51:506 CleaningManager: delete 0 chars from a character_friends.
INFO 12:52:51:507 CleaningManager: delete 0 friends from a character_friends.
INFO 12:52:51:508 CleaningManager: delete 0 settings from a character_settings.
INFO 12:52:51:509 CleaningManager: delete 0 empty items from a items.
INFO 12:52:51:511 CleaningManager: delete 0 no owner items from a items.
INFO 12:52:51:513 CleaningManager: delete 0 no owner guild items from a items.
INFO 12:52:51:576 CleaningManager: create buffer table items.
INFO 12:52:51:579 CleaningManager: copy 254 items to buffer_items.
INFO 12:52:51:580 CleaningManager: delete 0 no owner items from a buffer_items.
INFO 12:52:51:595 CleaningManager: drop buffer table items.
INFO 12:52:51:596 CleaningManager: delete 0 from a quests.
INFO 12:52:51:597 CleaningManager: delete 0 from a quest variables.
INFO 12:52:51:597 CleaningManager: delete 0 from a guild ranks.
INFO 12:52:51:643 ClientPacketType: client packets prepared.
INFO 12:52:51:656 EffectParser: initialized.
INFO 12:52:51:663 RandomManager: initialized.
INFO 12:52:51:664 IdFactory: prepare npc ids...
INFO 12:52:51:667 BitSetIdGenerator: 102912 id's available.
INFO 12:52:51:667 IdFactory: prepare objects ids...
INFO 12:52:51:668 BitSetIdGenerator: 102912 id's available.
INFO 12:52:51:668 IdFactory: prepare players ids...
INFO 12:52:51:671 BitSetIdGenerator: extracted 13 ids.
INFO 12:52:51:671 BitSetIdGenerator: 102912 id's available.
INFO 12:52:51:672 IdFactory: prepare guilds ids...
INFO 12:52:51:672 BitSetIdGenerator: extracted 1 ids.
INFO 12:52:51:673 BitSetIdGenerator: 102912 id's available.
INFO 12:52:51:673 IdFactory: prepare item ids...
INFO 12:52:51:675 BitSetIdGenerator: extracted 254 ids.
INFO 12:52:51:675 BitSetIdGenerator: 102912 id's available.
INFO 12:52:51:687 ServerVarManager: loaded 0 variables.
INFO 12:52:51:690 BossSpawnManager: loaded 0 boss spawns.
INFO 12:52:52:474 TerritoryTable: loaded 160 territories for 18803 regions.
INFO 12:52:54:268 WorldZoneTable: loaded 12 world zones for 31986 regions.
INFO 12:52:54:272 ConditionParser: initializable.
WARNING 12:52:55:004 SkillTable: detected once the file C:\Users\jorou\Downloads\TeraOnlineServer_Shock_1732\gameserver\.\data\skills\summon_skills\deprecated.zip
INFO 12:52:55:047 SkillTable: loaded 4613 skills for 19 classes.
WARNING 12:52:55:052 ItemTable: detected once the file C:\Users\jorou\Downloads\TeraOnlineServer_Shock_1732\gameserver\.\data\items\adaptations.txt
INFO 12:52:55:558 ItemTable: loaded 10138 items.
INFO 12:52:55:574 Race: race appearances initializable.
INFO 12:52:55:583 PlayerTable: loaded 104 player templates.
WARNING 12:52:55:799 DropTable: not found items [50048]
INFO 12:52:55:799 DropTable: load drop for 407 npcs and 126 for resourse.
INFO 12:52:55:806 TownTable: initialized.
WARNING 12:52:55:839 NpcDialogTable: detected once the file C:\Users\jorou\Downloads\TeraOnlineServer_Shock_1732\gameserver\.\data\dialogs\dialogs.txt
INFO 12:52:55:881 NpcDialogTable: loaded 87 dialogs.
INFO 12:52:55:887 MessagePackageTable: loaded 34 message packages.
INFO 12:52:55:925 ConfigAITable: loaded 45 npc ai configs.
INFO 12:52:55:941 NpcAppearanceTable: initialized. Loaded 59 appearances.
WARNING 12:52:56:108 NpcTable: found duplicate npc template NpcTemplate npcId = 30002, exp = 0, attack = 300000, defense = 1000, owerAttack = 15000, owerDefense = 13000, level = 100, aggro = 100, factionRange = 5000, name = *Elleon*, title = Valkyon's Hero, factionId = Alliance of Argons, type = 300, isRaid = false, canDrop = false, drop = null, minions = null, dialog = null, geomRadius = 20.0, geomHeight = 60.0, npcType = PLAYER_KILLER in file .\data\npcs\south_arun\velika_outskirt.xml
WARNING 12:52:56:135 NpcTable: found duplicate npc template NpcTemplate npcId = 30004, exp = 0, attack = 40000, defense = 4000, owerAttack = 1500, owerDefense = 7000, level = 100, aggro = 100, factionRange = 5000, name = *Klaris*, title = Wise mage, factionId = Alliance of Argons, type = 300, isRaid = false, canDrop = false, drop = null, minions = null, dialog = null, geomRadius = 20.0, geomHeight = 60.0, npcType = PLAYER_KILLER in file .\data\npcs\south_arun\velika_outskirt.xml
WARNING 12:52:56:138 NpcTable: found duplicate npc template NpcTemplate npcId = 30005, exp = 0, attack = 91000, defense = 5000, owerAttack = 1500, owerDefense = 10000, level = 100, aggro = 100, factionRange = 5000, name = *Joff*, title = Open minded, factionId = Alliance of Argons, type = 300, isRaid = false, canDrop = false, drop = null, minions = null, dialog = null, geomRadius = 30.0, geomHeight = 70.0, npcType = PLAYER_KILLER in file .\data\npcs\south_arun\velika_outskirt.xml
WARNING 12:52:56:141 NpcTable: found duplicate npc template NpcTemplate npcId = 30007, exp = 0, attack = 300000, defense = 5000, owerAttack = 14500, owerDefense = 15000, level = 100, aggro = 100, factionRange = 5000, name = *KLei*, title = Testing, factionId = Alliance of Argons, type = 300, isRaid = false, canDrop = false, drop = null, minions = null, dialog = null, geomRadius = 25.0, geomHeight = 70.0, npcType = PLAYER_KILLER in file .\data\npcs\south_arun\velika_outskirt.xml
WARNING 12:52:56:141 NpcTable: found duplicate npc template NpcTemplate npcId = 30008, exp = 0, attack = 91000, defense = 11000, owerAttack = 1000, owerDefense = 20000, level = 100, aggro = 100, factionRange = 5000, name = *Arei*, title = HUrrrr durrrr, factionId = Alliance of Argons, type = 300, isRaid = false, canDrop = false, drop = null, minions = null, dialog = null, geomRadius = 30.0, geomHeight = 70.0, npcType = PLAYER_KILLER in file .\data\npcs\south_arun\velika_outskirt.xml
WARNING 12:52:56:142 NpcTable: found duplicate npc template NpcTemplate npcId = 30010, exp = 0, attack = 410000, defense = 4000, owerAttack = 1500, owerDefense = 7000, level = 100, aggro = 100, factionRange = 5000, name = *Lola*, title = Lover, factionId = Alliance of Argons, type = 300, isRaid = false, canDrop = false, drop = null, minions = null, dialog = null, geomRadius = 20.0, geomHeight = 60.0, npcType = PLAYER_KILLER in file .\data\npcs\south_arun\velika_outskirt.xml
WARNING 12:52:56:163 NpcTable: detected once the file C:\Users\jorou\Downloads\TeraOnlineServer_Shock_1732\gameserver\.\data\npcs\summons\playable_summons.zip
INFO 12:52:56:171 NpcTable: loaded  816 npcs.
INFO 12:52:56:206 ResourseTable: loaded  253 resourses.
INFO 12:52:56:231 MinionTable: loaded 303 minions for 42 npcs.
INFO 12:52:56:233 RegenTaskManager: initializable.
INFO 12:52:56:239 Formulas: initialized.
INFO 12:52:56:244 EffectTaskManager: initialized.
INFO 12:52:56:627 ObjectEventManager: initialized.
INFO 12:52:56:628 MoveTaskManager: initialized.
INFO 12:52:57:175 SpawnTable: loaded 19523 spawns for 622 npcs and 2013 spawns for 60 resourses.
INFO 12:52:57:276 GeoMap3D: start fast import geodata_1.dat
INFO 12:52:57:552 GeoMap3D: import ended. load 1867238 quards.
INFO 12:52:57:565 GeoMap3D: start fast import geodata_2.dat
INFO 12:52:57:673 GeoMap3D: import ended. load 440227 quards.
INFO 12:52:57:689 GeoMap3D: start fast import geodata_3.dat
INFO 12:52:57:717 GeoMap3D: import ended. load 58040 quards.
INFO 12:52:57:717 GeoManager: initialized.
INFO 12:52:57:721 ItemExecutorManager: loaded 0 executor items.
INFO 12:52:57:739 CommandManager: loaded 96 commands.
INFO 12:52:57:751 SkillLearnManager: loaded 950 skill learn's for 8 clases.
INFO 12:52:57:764 AnnounceManager: loaded 0 start announces and 0 running announces.
INFO 12:52:57:773 AccountManager: initialized.
INFO 12:52:57:803 GuildManager: loaded 1 guilds.
INFO 12:52:58:192 QuestManager: loaded 455 quests.
INFO 12:52:58:197 OnlineManager: initialized.
INFO 12:52:58:202 GameLogManager: initialized.
INFO 12:52:58:299 Region: next battle "Veritas District" in 2020.06.28 16:00.
INFO 12:52:58:302 Region: next battle "Ostgarath" in 2020.06.28 16:00.
INFO 12:52:58:303 Region: next battle "Val Palrada" in 2020.07.04 20:00.
INFO 12:52:58:312 Region: next battle "Val Aureum" in 2020.07.04 20:00.
INFO 12:52:58:313 EventManager: loaded 5 events.
INFO 12:52:58:485 EventManager: the nearest event in 36 minutes.
INFO 12:52:58:488 PlayerManager: initialized.
INFO 12:52:58:498 Network: started.
INFO 12:52:58:505 GameServer: started.
INFO 12:53:00:470 AccountManager: authed islanzadie
WARNING 12:53:33:934 CommandManager: NullPointerException : null : stack trace:
tera.gameserver.scripts.commands.DeveloperCommand.execution(DeveloperCommand.java:341)
tera.gameserver.manager.CommandManager.execute(CommandManager.java:74)
tera.gameserver.network.clientpackets.PlayerSay.runImpl(PlayerSay.java:84)
rlib.network.packets.AbstractReadeablePacket.run(AbstractReadeablePacket.java:175)
java.base/java.util.concurrent.ThreadPoolExecutor.runWorker(ThreadPoolExecutor.java:1128)
java.base/java.util.concurrent.ThreadPoolExecutor$Worker.run(ThreadPoolExecutor.java:628)
java.base/java.lang.Thread.run(Thread.java:830)

INFO 12:55:22:367 AccountManager: close islanzadie
