INFO 13:45:26:645 ServerControl: open server socket on 2101 port.
INFO 13:45:26:682 ExecutorManager: initialized.
INFO 13:45:27:741 CleaningManager: delete 12 reuses from a character_skill_reuses.
INFO 13:45:27:768 CleaningManager: delete 0 spawns from a boss_spawn.
INFO 13:45:27:825 CleaningManager: delete 0 appearances from a character_appearances.
INFO 13:45:27:908 CleaningManager: delete 0 effects from a character_save_effects.
INFO 13:45:27:939 CleaningManager: delete 0 inventors from a character_inventors.
INFO 13:45:28:016 CleaningManager: delete 0 skills from a character_skills.
INFO 13:45:28:041 CleaningManager: delete 0 hotkeys from a character_hotkey.
INFO 13:45:28:055 CleaningManager: delete 0 chars from a character_friends.
INFO 13:45:28:056 CleaningManager: delete 0 friends from a character_friends.
INFO 13:45:28:097 CleaningManager: delete 0 settings from a character_settings.
INFO 13:45:28:152 CleaningManager: delete 0 empty items from a items.
INFO 13:45:28:153 CleaningManager: delete 0 no owner items from a items.
INFO 13:45:28:213 CleaningManager: delete 0 no owner guild items from a items.
INFO 13:45:28:290 CleaningManager: create buffer table items.
INFO 13:45:28:292 CleaningManager: copy 256 items to buffer_items.
INFO 13:45:28:293 CleaningManager: delete 0 no owner items from a buffer_items.
INFO 13:45:28:305 CleaningManager: drop buffer table items.
INFO 13:45:28:367 CleaningManager: delete 0 from a quests.
INFO 13:45:28:398 CleaningManager: delete 0 from a quest variables.
INFO 13:45:28:421 CleaningManager: delete 0 from a guild ranks.
INFO 13:45:28:499 ClientPacketType: client packets prepared.
INFO 13:45:28:513 EffectParser: initialized.
INFO 13:45:28:540 RandomManager: initialized.
INFO 13:45:28:540 IdFactory: prepare npc ids...
INFO 13:45:28:542 BitSetIdGenerator: 102912 id's available.
INFO 13:45:28:542 IdFactory: prepare objects ids...
INFO 13:45:28:543 BitSetIdGenerator: 102912 id's available.
INFO 13:45:28:543 IdFactory: prepare players ids...
INFO 13:45:28:544 BitSetIdGenerator: extracted 13 ids.
INFO 13:45:28:545 BitSetIdGenerator: 102912 id's available.
INFO 13:45:28:545 IdFactory: prepare guilds ids...
INFO 13:45:28:546 BitSetIdGenerator: extracted 1 ids.
INFO 13:45:28:546 BitSetIdGenerator: 102912 id's available.
INFO 13:45:28:546 IdFactory: prepare item ids...
INFO 13:45:28:547 BitSetIdGenerator: extracted 256 ids.
INFO 13:45:28:548 BitSetIdGenerator: 102912 id's available.
INFO 13:45:28:594 ServerVarManager: loaded 0 variables.
INFO 13:45:28:650 BossSpawnManager: loaded 0 boss spawns.
INFO 13:45:29:314 TerritoryTable: loaded 160 territories for 18803 regions.
INFO 13:45:30:513 WorldZoneTable: loaded 12 world zones for 31986 regions.
INFO 13:45:30:515 ConditionParser: initializable.
WARNING 13:45:30:881 SkillTable: detected once the file C:\Users\jorou\Downloads\TeraOnlineServer_Shock_1732\gameserver\.\data\skills\summon_skills\deprecated.zip
INFO 13:45:30:898 SkillTable: loaded 4613 skills for 19 classes.
WARNING 13:45:30:920 ItemTable: detected once the file C:\Users\jorou\Downloads\TeraOnlineServer_Shock_1732\gameserver\.\data\items\adaptations.txt
INFO 13:45:31:631 ItemTable: loaded 10138 items.
INFO 13:45:31:707 Race: race appearances initializable.
INFO 13:45:31:724 PlayerTable: loaded 104 player templates.
WARNING 13:45:32:118 DropTable: not found items [50048]
INFO 13:45:32:118 DropTable: load drop for 407 npcs and 126 for resourse.
INFO 13:45:32:179 TownTable: initialized.
WARNING 13:45:32:229 NpcDialogTable: detected once the file C:\Users\jorou\Downloads\TeraOnlineServer_Shock_1732\gameserver\.\data\dialogs\dialogs.txt
INFO 13:45:32:311 NpcDialogTable: loaded 87 dialogs.
INFO 13:45:32:333 MessagePackageTable: loaded 34 message packages.
INFO 13:45:32:415 ConfigAITable: loaded 45 npc ai configs.
INFO 13:45:32:472 NpcAppearanceTable: initialized. Loaded 59 appearances.
WARNING 13:45:32:736 DocumentNpc: incorrect file .\data\npcs\playable\bandits.xml
WARNING 13:45:32:737 DocumentNpc: SAXParseException : The string "--" is not permitted within comments. : stack trace:
java.xml/com.sun.org.apache.xerces.internal.parsers.DOMParser.parse(DOMParser.java:261)
java.xml/com.sun.org.apache.xerces.internal.jaxp.DocumentBuilderImpl.parse(DocumentBuilderImpl.java:339)
java.xml/javax.xml.parsers.DocumentBuilder.parse(DocumentBuilder.java:206)
rlib.data.AbstractDocument.parse(AbstractDocument.java:55)
tera.gameserver.tables.NpcTable.<init>(NpcTable.java:68)
tera.gameserver.tables.NpcTable.getInstance(NpcTable.java:37)
tera.gameserver.GameServer.run(GameServer.java:224)

WARNING 13:45:32:738 DocumentNpc: incorrect file .\data\npcs\playable\bandits.xml
WARNING 13:45:32:740 DocumentNpc: NullPointerException : null : stack trace:
tera.gameserver.document.DocumentNpc.parse(DocumentNpc.java:42)
rlib.data.AbstractDocument.parse(AbstractDocument.java:67)
tera.gameserver.tables.NpcTable.<init>(NpcTable.java:68)
tera.gameserver.tables.NpcTable.getInstance(NpcTable.java:37)
tera.gameserver.GameServer.run(GameServer.java:224)

WARNING 13:45:32:971 NpcTable: detected once the file C:\Users\jorou\Downloads\TeraOnlineServer_Shock_1732\gameserver\.\data\npcs\summons\playable_summons.zip
INFO 13:45:33:005 NpcTable: loaded  815 npcs.
INFO 13:45:33:066 ResourseTable: loaded  253 resourses.
INFO 13:45:33:083 MinionTable: loaded 303 minions for 42 npcs.
INFO 13:45:33:091 RegenTaskManager: initializable.
INFO 13:45:33:114 Formulas: initialized.
INFO 13:45:33:115 EffectTaskManager: initialized.
INFO 13:45:33:931 ObjectEventManager: initialized.
INFO 13:45:33:932 MoveTaskManager: initialized.
INFO 13:45:34:251 SpawnTable: loaded 19523 spawns for 622 npcs and 2013 spawns for 60 resourses.
INFO 13:45:34:261 GeoMap3D: start fast import geodata_1.dat
INFO 13:45:34:630 GeoMap3D: import ended. load 1867238 quards.
INFO 13:45:34:641 GeoMap3D: start fast import geodata_2.dat
INFO 13:45:34:734 GeoMap3D: import ended. load 440227 quards.
INFO 13:45:34:739 GeoMap3D: start fast import geodata_3.dat
INFO 13:45:34:788 GeoMap3D: import ended. load 58040 quards.
INFO 13:45:34:794 GeoManager: initialized.
INFO 13:45:34:799 ItemExecutorManager: loaded 0 executor items.
INFO 13:45:34:824 CommandManager: loaded 96 commands.
INFO 13:45:34:858 SkillLearnManager: loaded 950 skill learn's for 8 clases.
INFO 13:45:34:869 AnnounceManager: loaded 0 start announces and 0 running announces.
INFO 13:45:34:871 AccountManager: initialized.
INFO 13:45:34:883 GuildManager: loaded 1 guilds.
INFO 13:45:35:472 QuestManager: loaded 455 quests.
INFO 13:45:35:473 OnlineManager: initialized.
INFO 13:45:35:477 GameLogManager: initialized.
INFO 13:45:35:907 Region: next battle "Veritas District" in 2020.07.05 16:00.
INFO 13:45:35:909 Region: next battle "Ostgarath" in 2020.07.05 16:00.
INFO 13:45:35:911 Region: next battle "Val Palrada" in 2020.07.04 20:00.
INFO 13:45:35:913 Region: next battle "Val Aureum" in 2020.07.04 20:00.
INFO 13:45:35:914 EventManager: loaded 5 events.
INFO 13:45:36:147 EventManager: the nearest event in 57 minutes.
INFO 13:45:36:151 PlayerManager: initialized.
INFO 13:45:36:186 Network: started.
INFO 13:45:36:186 GameServer: started.
INFO 18:40:43:412 AccountManager: authed islanzadie
INFO 18:42:58:112 AccountManager: close islanzadie
INFO 18:42:58:134 AccountManager: authed islanzadie
INFO 18:44:52:867 AccountManager: authed tsuka
WARNING 18:47:23:347 SkillTable: detected once the file C:\Users\jorou\Downloads\TeraOnlineServer_Shock_1732\gameserver\.\data\skills\summon_skills\deprecated.zip
INFO 18:47:23:458 SkillTable: skills reloaded.
WARNING 18:48:11:508 SkillTable: detected once the file C:\Users\jorou\Downloads\TeraOnlineServer_Shock_1732\gameserver\.\data\skills\summon_skills\deprecated.zip
INFO 18:48:11:559 SkillTable: skills reloaded.
WARNING 18:48:25:685 SkillTable: detected once the file C:\Users\jorou\Downloads\TeraOnlineServer_Shock_1732\gameserver\.\data\skills\summon_skills\deprecated.zip
INFO 18:48:25:706 SkillTable: skills reloaded.
WARNING 18:50:11:583 SkillTable: detected once the file C:\Users\jorou\Downloads\TeraOnlineServer_Shock_1732\gameserver\.\data\skills\summon_skills\deprecated.zip
INFO 18:50:11:608 SkillTable: skills reloaded.
WARNING 18:50:32:022 SkillTable: detected once the file C:\Users\jorou\Downloads\TeraOnlineServer_Shock_1732\gameserver\.\data\skills\summon_skills\deprecated.zip
INFO 18:50:32:040 SkillTable: skills reloaded.
WARNING 18:50:45:757 SkillTable: detected once the file C:\Users\jorou\Downloads\TeraOnlineServer_Shock_1732\gameserver\.\data\skills\summon_skills\deprecated.zip
INFO 18:50:45:788 SkillTable: skills reloaded.
WARNING 18:51:07:317 SkillTable: detected once the file C:\Users\jorou\Downloads\TeraOnlineServer_Shock_1732\gameserver\.\data\skills\summon_skills\deprecated.zip
INFO 18:51:07:334 SkillTable: skills reloaded.
WARNING 18:51:36:580 SkillTable: detected once the file C:\Users\jorou\Downloads\TeraOnlineServer_Shock_1732\gameserver\.\data\skills\summon_skills\deprecated.zip
INFO 18:51:36:598 SkillTable: skills reloaded.
WARNING 18:51:51:741 SkillTable: detected once the file C:\Users\jorou\Downloads\TeraOnlineServer_Shock_1732\gameserver\.\data\skills\summon_skills\deprecated.zip
INFO 18:51:51:762 SkillTable: skills reloaded.
WARNING 18:52:09:416 SkillTable: detected once the file C:\Users\jorou\Downloads\TeraOnlineServer_Shock_1732\gameserver\.\data\skills\summon_skills\deprecated.zip
INFO 18:52:09:434 SkillTable: skills reloaded.
WARNING 18:52:19:606 SkillTable: detected once the file C:\Users\jorou\Downloads\TeraOnlineServer_Shock_1732\gameserver\.\data\skills\summon_skills\deprecated.zip
INFO 18:52:19:620 SkillTable: skills reloaded.
WARNING 18:57:41:873 SkillTable: detected once the file C:\Users\jorou\Downloads\TeraOnlineServer_Shock_1732\gameserver\.\data\skills\summon_skills\deprecated.zip
INFO 18:57:41:901 SkillTable: skills reloaded.
WARNING 18:58:55:503 SkillTable: detected once the file C:\Users\jorou\Downloads\TeraOnlineServer_Shock_1732\gameserver\.\data\skills\summon_skills\deprecated.zip
INFO 18:58:55:535 SkillTable: skills reloaded.
WARNING 18:59:13:693 SkillTable: detected once the file C:\Users\jorou\Downloads\TeraOnlineServer_Shock_1732\gameserver\.\data\skills\summon_skills\deprecated.zip
INFO 18:59:13:714 SkillTable: skills reloaded.
WARNING 19:01:35:437 SkillTable: detected once the file C:\Users\jorou\Downloads\TeraOnlineServer_Shock_1732\gameserver\.\data\skills\summon_skills\deprecated.zip
INFO 19:01:35:451 SkillTable: skills reloaded.
WARNING 19:02:37:585 SkillTable: detected once the file C:\Users\jorou\Downloads\TeraOnlineServer_Shock_1732\gameserver\.\data\skills\summon_skills\deprecated.zip
INFO 19:02:37:594 SkillTable: skills reloaded.
WARNING 19:03:08:642 SkillTable: detected once the file C:\Users\jorou\Downloads\TeraOnlineServer_Shock_1732\gameserver\.\data\skills\summon_skills\deprecated.zip
INFO 19:03:08:674 SkillTable: skills reloaded.
WARNING 19:03:44:112 SkillTable: detected once the file C:\Users\jorou\Downloads\TeraOnlineServer_Shock_1732\gameserver\.\data\skills\summon_skills\deprecated.zip
INFO 19:03:44:125 SkillTable: skills reloaded.
INFO 19:04:53:272 AccountManager: close tsuka
