INFO 20:31:50:529 ServerControl: open server socket on 2101 port.
INFO 20:31:50:536 ExecutorManager: initialized.
INFO 20:31:50:841 CleaningManager: delete 0 reuses from a character_skill_reuses.
INFO 20:31:50:842 CleaningManager: delete 0 spawns from a boss_spawn.
INFO 20:31:50:843 CleaningManager: delete 0 appearances from a character_appearances.
INFO 20:31:50:844 CleaningManager: delete 0 effects from a character_save_effects.
INFO 20:31:50:845 CleaningManager: delete 0 inventors from a character_inventors.
INFO 20:31:50:846 CleaningManager: delete 0 skills from a character_skills.
INFO 20:31:50:847 CleaningManager: delete 0 hotkeys from a character_hotkey.
INFO 20:31:50:850 CleaningManager: delete 0 chars from a character_friends.
INFO 20:31:50:851 CleaningManager: delete 0 friends from a character_friends.
INFO 20:31:50:852 CleaningManager: delete 0 settings from a character_settings.
INFO 20:31:50:853 CleaningManager: delete 0 empty items from a items.
INFO 20:31:50:854 CleaningManager: delete 0 no owner items from a items.
INFO 20:31:50:855 CleaningManager: delete 0 no owner guild items from a items.
INFO 20:31:50:897 CleaningManager: create buffer table items.
INFO 20:31:50:899 CleaningManager: copy 119 items to buffer_items.
INFO 20:31:50:900 CleaningManager: delete 0 no owner items from a buffer_items.
INFO 20:31:50:906 CleaningManager: drop buffer table items.
INFO 20:31:50:907 CleaningManager: delete 0 from a quests.
INFO 20:31:50:908 CleaningManager: delete 0 from a quest variables.
INFO 20:31:50:908 CleaningManager: delete 0 from a guild ranks.
INFO 20:31:50:946 ClientPacketType: client packets prepared.
INFO 20:31:50:956 EffectParser: initialized.
INFO 20:31:50:958 RandomManager: initialized.
INFO 20:31:50:959 IdFactory: prepare npc ids...
INFO 20:31:50:961 BitSetIdGenerator: 102912 id's available.
INFO 20:31:50:961 IdFactory: prepare objects ids...
INFO 20:31:50:962 BitSetIdGenerator: 102912 id's available.
INFO 20:31:50:962 IdFactory: prepare players ids...
INFO 20:31:50:964 BitSetIdGenerator: extracted 10 ids.
INFO 20:31:50:964 BitSetIdGenerator: 102912 id's available.
INFO 20:31:50:965 IdFactory: prepare guilds ids...
INFO 20:31:50:967 BitSetIdGenerator: extracted 1 ids.
INFO 20:31:50:967 BitSetIdGenerator: 102912 id's available.
INFO 20:31:50:967 IdFactory: prepare item ids...
INFO 20:31:50:969 BitSetIdGenerator: extracted 119 ids.
INFO 20:31:50:969 BitSetIdGenerator: 102912 id's available.
INFO 20:31:50:979 ServerVarManager: loaded 0 variables.
INFO 20:31:50:982 BossSpawnManager: loaded 0 boss spawns.
INFO 20:31:51:566 TerritoryTable: loaded 160 territories for 18803 regions.
INFO 20:31:52:653 WorldZoneTable: loaded 12 world zones for 31986 regions.
INFO 20:31:52:654 ConditionParser: initializable.
WARNING 20:31:52:983 SkillTable: detected once the file C:\Users\jorou\Downloads\TeraOnlineServer_Shock_1732\gameserver\.\data\skills\summon_skills\deprecated.zip
INFO 20:31:52:996 SkillTable: loaded 4613 skills for 19 classes.
INFO 20:31:53:266 ItemTable: loaded 10138 items.
INFO 20:31:53:275 Race: race appearances initializable.
INFO 20:31:53:282 PlayerTable: loaded 104 player templates.
WARNING 20:31:53:447 DropTable: not found items [50048]
INFO 20:31:53:448 DropTable: load drop for 407 npcs and 126 for resourse.
INFO 20:31:53:452 TownTable: initialized.
WARNING 20:31:53:471 NpcDialogTable: detected once the file C:\Users\jorou\Downloads\TeraOnlineServer_Shock_1732\gameserver\.\data\dialogs\dialogs.txt
INFO 20:31:53:499 NpcDialogTable: loaded 87 dialogs.
INFO 20:31:53:504 MessagePackageTable: loaded 34 message packages.
INFO 20:31:53:531 ConfigAITable: loaded 45 npc ai configs.
INFO 20:31:53:541 NpcAppearanceTable: initialized. Loaded 59 appearances.
WARNING 20:31:53:644 NpcTable: detected once the file C:\Users\jorou\Downloads\TeraOnlineServer_Shock_1732\gameserver\.\data\npcs\summons\playable_summons.zip
INFO 20:31:53:652 NpcTable: loaded  816 npcs.
INFO 20:31:53:663 ResourseTable: loaded  253 resourses.
INFO 20:31:53:671 MinionTable: loaded 303 minions for 42 npcs.
INFO 20:31:53:672 RegenTaskManager: initializable.
INFO 20:31:53:677 Formulas: initialized.
INFO 20:31:53:678 EffectTaskManager: initialized.
INFO 20:31:53:955 ObjectEventManager: initialized.
INFO 20:31:53:956 MoveTaskManager: initialized.
INFO 20:31:54:255 SpawnTable: loaded 19515 spawns for 617 npcs and 2013 spawns for 60 resourses.
INFO 20:31:54:263 GeoMap3D: start fast import geodata_1.dat
INFO 20:31:54:512 GeoMap3D: import ended. load 1867238 quards.
INFO 20:31:54:513 GeoMap3D: start fast import geodata_2.dat
INFO 20:31:54:569 GeoMap3D: import ended. load 440227 quards.
INFO 20:31:54:570 GeoMap3D: start fast import geodata_3.dat
INFO 20:31:54:600 GeoMap3D: import ended. load 58040 quards.
INFO 20:31:54:600 GeoManager: initialized.
INFO 20:31:54:604 ItemExecutorManager: loaded 0 executor items.
INFO 20:31:54:615 CommandManager: loaded 94 commands.
INFO 20:31:54:625 SkillLearnManager: loaded 950 skill learn's for 8 clases.
INFO 20:31:54:630 AnnounceManager: loaded 0 start announces and 0 running announces.
INFO 20:31:54:631 AccountManager: initialized.
INFO 20:31:54:641 GuildManager: loaded 1 guilds.
INFO 20:31:54:877 QuestManager: loaded 455 quests.
INFO 20:31:54:880 OnlineManager: initialized.
INFO 20:31:54:897 GameLogManager: initialized.
INFO 20:31:54:996 Region: next battle "Veritas District" in 2020.06.28 16:00.
INFO 20:31:54:998 Region: next battle "Ostgarath" in 2020.06.28 16:00.
INFO 20:31:55:000 Region: next battle "Val Palrada" in 2020.06.27 20:00.
INFO 20:31:55:002 Region: next battle "Val Aureum" in 2020.06.27 20:00.
INFO 20:31:55:003 EventManager: loaded 5 events.
INFO 20:31:55:144 EventManager: the nearest event in 31 minutes.
INFO 20:31:55:147 PlayerManager: initialized.
INFO 20:31:55:154 Network: started.
INFO 20:31:55:155 GameServer: started.
