INFO 23:48:03:335 ServerControl: open server socket on 2101 port.
INFO 23:48:03:341 ExecutorManager: initialized.
INFO 23:48:03:832 CleaningManager: delete 0 reuses from a character_skill_reuses.
INFO 23:48:03:834 CleaningManager: delete 0 spawns from a boss_spawn.
INFO 23:48:03:857 CleaningManager: delete 0 appearances from a character_appearances.
INFO 23:48:03:859 CleaningManager: delete 0 effects from a character_save_effects.
INFO 23:48:03:860 CleaningManager: delete 0 inventors from a character_inventors.
INFO 23:48:03:862 CleaningManager: delete 0 skills from a character_skills.
INFO 23:48:03:870 CleaningManager: delete 0 hotkeys from a character_hotkey.
INFO 23:48:03:871 CleaningManager: delete 0 chars from a character_friends.
INFO 23:48:03:882 CleaningManager: delete 0 friends from a character_friends.
INFO 23:48:03:890 CleaningManager: delete 0 settings from a character_settings.
INFO 23:48:03:944 CleaningManager: delete 0 empty items from a items.
INFO 23:48:03:945 CleaningManager: delete 0 no owner items from a items.
INFO 23:48:03:946 CleaningManager: delete 0 no owner guild items from a items.
INFO 23:48:04:027 CleaningManager: create buffer table items.
INFO 23:48:04:030 CleaningManager: copy 274 items to buffer_items.
INFO 23:48:04:032 CleaningManager: delete 0 no owner items from a buffer_items.
INFO 23:48:04:043 CleaningManager: drop buffer table items.
INFO 23:48:04:044 CleaningManager: delete 0 from a quests.
INFO 23:48:04:052 CleaningManager: delete 0 from a quest variables.
INFO 23:48:04:053 CleaningManager: delete 0 from a guild ranks.
INFO 23:48:04:109 ClientPacketType: client packets prepared.
INFO 23:48:04:122 EffectParser: initialized.
INFO 23:48:04:126 RandomManager: initialized.
INFO 23:48:04:129 IdFactory: prepare npc ids...
INFO 23:48:04:134 BitSetIdGenerator: 102912 id's available.
INFO 23:48:04:134 IdFactory: prepare objects ids...
INFO 23:48:04:135 BitSetIdGenerator: 102912 id's available.
INFO 23:48:04:136 IdFactory: prepare players ids...
INFO 23:48:04:139 BitSetIdGenerator: extracted 14 ids.
INFO 23:48:04:139 BitSetIdGenerator: 102912 id's available.
INFO 23:48:04:139 IdFactory: prepare guilds ids...
INFO 23:48:04:140 BitSetIdGenerator: extracted 1 ids.
INFO 23:48:04:140 BitSetIdGenerator: 102912 id's available.
INFO 23:48:04:141 IdFactory: prepare item ids...
INFO 23:48:04:142 BitSetIdGenerator: extracted 274 ids.
INFO 23:48:04:143 BitSetIdGenerator: 102912 id's available.
INFO 23:48:04:156 ServerVarManager: loaded 0 variables.
INFO 23:48:04:159 BossSpawnManager: loaded 0 boss spawns.
INFO 23:48:04:938 TerritoryTable: loaded 160 territories for 18803 regions.
INFO 23:48:06:223 WorldZoneTable: loaded 12 world zones for 31986 regions.
INFO 23:48:06:224 ConditionParser: initializable.
WARNING 23:48:06:824 SkillTable: detected once the file C:\Users\jorou\Downloads\TeraOnlineServer_Shock_1732\gameserver\.\data\skills\summon_skills\deprecated.zip
INFO 23:48:06:874 SkillTable: loaded 4613 skills for 19 classes.
WARNING 23:48:06:881 ItemTable: detected once the file C:\Users\jorou\Downloads\TeraOnlineServer_Shock_1732\gameserver\.\data\items\adaptations.txt
INFO 23:48:07:313 ItemTable: loaded 10138 items.
INFO 23:48:07:326 Race: race appearances initializable.
INFO 23:48:07:336 PlayerTable: loaded 104 player templates.
WARNING 23:48:07:620 DropTable: not found items [50048]
INFO 23:48:07:621 DropTable: load drop for 407 npcs and 126 for resourse.
INFO 23:48:07:627 TownTable: initialized.
WARNING 23:48:07:667 NpcDialogTable: detected once the file C:\Users\jorou\Downloads\TeraOnlineServer_Shock_1732\gameserver\.\data\dialogs\dialogs.txt
INFO 23:48:07:699 NpcDialogTable: loaded 87 dialogs.
INFO 23:48:07:706 MessagePackageTable: loaded 34 message packages.
INFO 23:48:07:744 ConfigAITable: loaded 45 npc ai configs.
INFO 23:48:07:757 NpcAppearanceTable: initialized. Loaded 59 appearances.
WARNING 23:48:07:856 DocumentNpc: incorrect file .\data\npcs\playable\bandits.xml
WARNING 23:48:07:857 DocumentNpc: SAXParseException : The string "--" is not permitted within comments. : stack trace:
java.xml/com.sun.org.apache.xerces.internal.parsers.DOMParser.parse(DOMParser.java:261)
java.xml/com.sun.org.apache.xerces.internal.jaxp.DocumentBuilderImpl.parse(DocumentBuilderImpl.java:339)
java.xml/javax.xml.parsers.DocumentBuilder.parse(DocumentBuilder.java:206)
rlib.data.AbstractDocument.parse(AbstractDocument.java:55)
tera.gameserver.tables.NpcTable.<init>(NpcTable.java:68)
tera.gameserver.tables.NpcTable.getInstance(NpcTable.java:37)
tera.gameserver.GameServer.run(GameServer.java:224)

WARNING 23:48:07:858 DocumentNpc: incorrect file .\data\npcs\playable\bandits.xml
WARNING 23:48:07:859 DocumentNpc: NullPointerException : null : stack trace:
tera.gameserver.document.DocumentNpc.parse(DocumentNpc.java:42)
rlib.data.AbstractDocument.parse(AbstractDocument.java:67)
tera.gameserver.tables.NpcTable.<init>(NpcTable.java:68)
tera.gameserver.tables.NpcTable.getInstance(NpcTable.java:37)
tera.gameserver.GameServer.run(GameServer.java:224)

WARNING 23:48:07:911 NpcTable: detected once the file C:\Users\jorou\Downloads\TeraOnlineServer_Shock_1732\gameserver\.\data\npcs\summons\playable_summons.zip
INFO 23:48:07:919 NpcTable: loaded  815 npcs.
INFO 23:48:07:930 ResourseTable: loaded  253 resourses.
INFO 23:48:07:943 MinionTable: loaded 303 minions for 42 npcs.
INFO 23:48:07:944 RegenTaskManager: initializable.
INFO 23:48:07:950 Formulas: initialized.
INFO 23:48:07:962 EffectTaskManager: initialized.
INFO 23:48:08:361 ObjectEventManager: initialized.
INFO 23:48:08:362 MoveTaskManager: initialized.
INFO 23:48:08:837 SpawnTable: loaded 19523 spawns for 622 npcs and 2013 spawns for 60 resourses.
INFO 23:48:08:846 GeoMap3D: start fast import geodata_1.dat
INFO 23:48:09:082 GeoMap3D: import ended. load 1867238 quards.
INFO 23:48:09:092 GeoMap3D: start fast import geodata_2.dat
INFO 23:48:09:192 GeoMap3D: import ended. load 440227 quards.
INFO 23:48:09:195 GeoMap3D: start fast import geodata_3.dat
INFO 23:48:09:227 GeoMap3D: import ended. load 58040 quards.
INFO 23:48:09:227 GeoManager: initialized.
INFO 23:48:09:232 ItemExecutorManager: loaded 0 executor items.
INFO 23:48:09:251 CommandManager: loaded 96 commands.
INFO 23:48:09:271 SkillLearnManager: loaded 950 skill learn's for 8 clases.
INFO 23:48:09:277 AnnounceManager: loaded 0 start announces and 0 running announces.
INFO 23:48:09:279 AccountManager: initialized.
INFO 23:48:09:302 GuildManager: loaded 1 guilds.
INFO 23:48:09:835 QuestManager: loaded 455 quests.
INFO 23:48:09:838 OnlineManager: initialized.
INFO 23:48:09:842 GameLogManager: initialized.
INFO 23:48:09:945 Region: next battle "Veritas District" in 2020.08.16 16:00.
INFO 23:48:09:949 Region: next battle "Ostgarath" in 2020.08.16 16:00.
INFO 23:48:09:955 Region: next battle "Val Palrada" in 2020.08.15 20:00.
INFO 23:48:09:958 Region: next battle "Val Aureum" in 2020.08.15 20:00.
INFO 23:48:09:959 EventManager: loaded 5 events.
INFO 23:48:10:084 EventManager: the nearest event in 31 minutes.
INFO 23:48:10:089 PlayerManager: initialized.
INFO 23:48:10:153 Network: started.
INFO 23:48:10:156 GameServer: started.
INFO 23:49:26:424 AccountManager: authed islanzadie
INFO 23:49:53:902 AccountManager: close islanzadie
