INFO 12:49:54:158 ServerControl: open server socket on 2101 port.
INFO 12:49:54:165 ExecutorManager: initialized.
INFO 12:49:54:555 CleaningManager: delete 0 reuses from a character_skill_reuses.
INFO 12:49:54:556 CleaningManager: delete 0 spawns from a boss_spawn.
INFO 12:49:54:557 CleaningManager: delete 0 appearances from a character_appearances.
INFO 12:49:54:558 CleaningManager: delete 0 effects from a character_save_effects.
INFO 12:49:54:558 CleaningManager: delete 0 inventors from a character_inventors.
INFO 12:49:54:559 CleaningManager: delete 0 skills from a character_skills.
INFO 12:49:54:560 CleaningManager: delete 0 hotkeys from a character_hotkey.
INFO 12:49:54:560 CleaningManager: delete 0 chars from a character_friends.
INFO 12:49:54:561 CleaningManager: delete 0 friends from a character_friends.
INFO 12:49:54:562 CleaningManager: delete 0 settings from a character_settings.
INFO 12:49:54:563 CleaningManager: delete 2 empty items from a items.
INFO 12:49:54:564 CleaningManager: delete 0 no owner items from a items.
INFO 12:49:54:565 CleaningManager: delete 0 no owner guild items from a items.
INFO 12:49:54:706 CleaningManager: create buffer table items.
INFO 12:49:54:709 CleaningManager: copy 163 items to buffer_items.
INFO 12:49:54:711 CleaningManager: delete 0 no owner items from a buffer_items.
INFO 12:49:54:726 CleaningManager: drop buffer table items.
INFO 12:49:54:727 CleaningManager: delete 0 from a quests.
INFO 12:49:54:728 CleaningManager: delete 0 from a quest variables.
INFO 12:49:54:729 CleaningManager: delete 0 from a guild ranks.
INFO 12:49:54:778 ClientPacketType: client packets prepared.
INFO 12:49:54:793 EffectParser: initialized.
INFO 12:49:54:797 RandomManager: initialized.
INFO 12:49:54:797 IdFactory: prepare npc ids...
INFO 12:49:54:799 BitSetIdGenerator: 102912 id's available.
INFO 12:49:54:800 IdFactory: prepare objects ids...
INFO 12:49:54:800 BitSetIdGenerator: 102912 id's available.
INFO 12:49:54:801 IdFactory: prepare players ids...
INFO 12:49:54:804 BitSetIdGenerator: extracted 11 ids.
INFO 12:49:54:805 BitSetIdGenerator: 102912 id's available.
INFO 12:49:54:805 IdFactory: prepare guilds ids...
INFO 12:49:54:808 BitSetIdGenerator: extracted 1 ids.
INFO 12:49:54:809 BitSetIdGenerator: 102912 id's available.
INFO 12:49:54:809 IdFactory: prepare item ids...
INFO 12:49:54:812 BitSetIdGenerator: extracted 163 ids.
INFO 12:49:54:812 BitSetIdGenerator: 102912 id's available.
INFO 12:49:54:824 ServerVarManager: loaded 0 variables.
INFO 12:49:54:827 BossSpawnManager: loaded 0 boss spawns.
INFO 12:49:55:516 TerritoryTable: loaded 160 territories for 18803 regions.
INFO 12:49:56:795 WorldZoneTable: loaded 12 world zones for 31986 regions.
INFO 12:49:56:797 ConditionParser: initializable.
WARNING 12:49:57:297 SkillTable: detected once the file C:\Users\jorou\Downloads\TeraOnlineServer_Shock_1732\gameserver\.\data\skills\summon_skills\deprecated.zip
INFO 12:49:57:323 SkillTable: loaded 4613 skills for 19 classes.
INFO 12:49:57:755 ItemTable: loaded 10138 items.
INFO 12:49:57:765 Race: race appearances initializable.
INFO 12:49:57:771 PlayerTable: loaded 104 player templates.
WARNING 12:49:57:964 DropTable: not found items [50048]
INFO 12:49:57:964 DropTable: load drop for 407 npcs and 126 for resourse.
INFO 12:49:57:976 TownTable: initialized.
WARNING 12:49:58:003 NpcDialogTable: detected once the file C:\Users\jorou\Downloads\TeraOnlineServer_Shock_1732\gameserver\.\data\dialogs\dialogs.txt
INFO 12:49:58:049 NpcDialogTable: loaded 87 dialogs.
INFO 12:49:58:067 MessagePackageTable: loaded 34 message packages.
INFO 12:49:58:109 ConfigAITable: loaded 45 npc ai configs.
INFO 12:49:58:125 NpcAppearanceTable: initialized. Loaded 59 appearances.
WARNING 12:49:58:331 NpcTable: detected once the file C:\Users\jorou\Downloads\TeraOnlineServer_Shock_1732\gameserver\.\data\npcs\summons\playable_summons.zip
INFO 12:49:58:341 NpcTable: loaded  816 npcs.
INFO 12:49:58:354 ResourseTable: loaded  253 resourses.
INFO 12:49:58:365 MinionTable: loaded 303 minions for 42 npcs.
INFO 12:49:58:365 RegenTaskManager: initializable.
INFO 12:49:58:371 Formulas: initialized.
INFO 12:49:58:373 EffectTaskManager: initialized.
INFO 12:49:58:731 ObjectEventManager: initialized.
INFO 12:49:58:733 MoveTaskManager: initialized.
INFO 12:49:59:197 SpawnTable: loaded 19515 spawns for 617 npcs and 2013 spawns for 60 resourses.
INFO 12:49:59:205 GeoMap3D: start fast import geodata_1.dat
INFO 12:49:59:469 GeoMap3D: import ended. load 1867238 quards.
INFO 12:49:59:471 GeoMap3D: start fast import geodata_2.dat
INFO 12:49:59:533 GeoMap3D: import ended. load 440227 quards.
INFO 12:49:59:535 GeoMap3D: start fast import geodata_3.dat
INFO 12:49:59:573 GeoMap3D: import ended. load 58040 quards.
INFO 12:49:59:574 GeoManager: initialized.
INFO 12:49:59:580 ItemExecutorManager: loaded 0 executor items.
INFO 12:49:59:592 CommandManager: loaded 95 commands.
INFO 12:49:59:604 SkillLearnManager: loaded 950 skill learn's for 8 clases.
INFO 12:49:59:611 AnnounceManager: loaded 0 start announces and 0 running announces.
INFO 12:49:59:613 AccountManager: initialized.
INFO 12:49:59:631 GuildManager: loaded 1 guilds.
INFO 12:49:59:972 QuestManager: loaded 455 quests.
INFO 12:49:59:974 OnlineManager: initialized.
INFO 12:49:59:978 GameLogManager: initialized.
INFO 12:50:00:067 Region: next battle "Veritas District" in 2020.06.28 16:00.
INFO 12:50:00:069 Region: next battle "Ostgarath" in 2020.06.28 16:00.
INFO 12:50:00:074 Region: next battle "Val Palrada" in 2020.06.27 20:00.
INFO 12:50:00:077 Region: next battle "Val Aureum" in 2020.06.27 20:00.
INFO 12:50:00:080 EventManager: loaded 5 events.
INFO 12:50:00:206 EventManager: the nearest event in 39 minutes.
INFO 12:50:00:210 PlayerManager: initialized.
INFO 12:50:00:217 Network: started.
INFO 12:50:00:217 GameServer: started.
INFO 12:50:09:184 AccountManager: authed islanzadie
INFO 13:14:48:913 AccountManager: close islanzadie
