INFO 23:29:18:906 ServerControl: open server socket on 2101 port.
INFO 23:29:18:912 ExecutorManager: initialized.
INFO 23:29:19:258 CleaningManager: delete 0 reuses from a character_skill_reuses.
INFO 23:29:19:267 CleaningManager: delete 0 spawns from a boss_spawn.
INFO 23:29:19:306 CleaningManager: delete 0 appearances from a character_appearances.
INFO 23:29:19:324 CleaningManager: delete 0 effects from a character_save_effects.
INFO 23:29:19:337 CleaningManager: delete 0 inventors from a character_inventors.
INFO 23:29:19:350 CleaningManager: delete 0 skills from a character_skills.
INFO 23:29:19:369 CleaningManager: delete 0 hotkeys from a character_hotkey.
INFO 23:29:19:379 CleaningManager: delete 0 chars from a character_friends.
INFO 23:29:19:380 CleaningManager: delete 0 friends from a character_friends.
INFO 23:29:19:399 CleaningManager: delete 0 settings from a character_settings.
INFO 23:29:19:421 CleaningManager: delete 0 empty items from a items.
INFO 23:29:19:423 CleaningManager: delete 0 no owner items from a items.
INFO 23:29:19:433 CleaningManager: delete 0 no owner guild items from a items.
INFO 23:29:19:468 CleaningManager: create buffer table items.
INFO 23:29:19:470 CleaningManager: copy 30 items to buffer_items.
INFO 23:29:19:470 CleaningManager: delete 0 no owner items from a buffer_items.
INFO 23:29:19:480 CleaningManager: drop buffer table items.
INFO 23:29:19:502 CleaningManager: delete 0 from a quests.
INFO 23:29:19:511 CleaningManager: delete 0 from a quest variables.
INFO 23:29:19:520 CleaningManager: delete 0 from a guild ranks.
INFO 23:29:19:574 ClientPacketType: client packets prepared.
INFO 23:29:19:584 EffectParser: initialized.
INFO 23:29:19:586 RandomManager: initialized.
INFO 23:29:19:587 IdFactory: prepare npc ids...
INFO 23:29:19:588 BitSetIdGenerator: 102912 id's available.
INFO 23:29:19:589 IdFactory: prepare objects ids...
INFO 23:29:19:589 BitSetIdGenerator: 102912 id's available.
INFO 23:29:19:590 IdFactory: prepare players ids...
INFO 23:29:19:592 BitSetIdGenerator: extracted 3 ids.
INFO 23:29:19:592 BitSetIdGenerator: 102912 id's available.
INFO 23:29:19:593 IdFactory: prepare guilds ids...
INFO 23:29:19:593 BitSetIdGenerator: extracted 0 ids.
INFO 23:29:19:594 BitSetIdGenerator: 102912 id's available.
INFO 23:29:19:594 IdFactory: prepare item ids...
INFO 23:29:19:595 BitSetIdGenerator: extracted 30 ids.
INFO 23:29:19:595 BitSetIdGenerator: 102912 id's available.
INFO 23:29:19:614 ServerVarManager: loaded 0 variables.
INFO 23:29:19:617 BossSpawnManager: loaded 0 boss spawns.
INFO 23:29:20:222 TerritoryTable: loaded 160 territories for 18803 regions.
INFO 23:29:21:274 WorldZoneTable: loaded 12 world zones for 31986 regions.
INFO 23:29:21:275 ConditionParser: initializable.
WARNING 23:29:21:627 SkillTable: detected once the file C:\Users\jorou\Downloads\TeraOnlineServer_Shock_1732\gameserver\.\data\skills\summon_skills\deprecated.zip
INFO 23:29:21:641 SkillTable: loaded 4613 skills for 19 classes.
INFO 23:29:22:082 ItemTable: loaded 10138 items.
INFO 23:29:22:094 Race: race appearances initializable.
INFO 23:29:22:102 PlayerTable: loaded 104 player templates.
INFO 23:29:22:274 DropTable: load drop for 407 npcs and 126 for resourse.
INFO 23:29:22:280 TownTable: initialized.
WARNING 23:29:22:298 NpcDialogTable: detected once the file C:\Users\jorou\Downloads\TeraOnlineServer_Shock_1732\gameserver\.\data\dialogs\dialogs.txt
INFO 23:29:22:323 NpcDialogTable: loaded 87 dialogs.
INFO 23:29:22:330 MessagePackageTable: loaded 34 message packages.
INFO 23:29:22:361 ConfigAITable: loaded 45 npc ai configs.
INFO 23:29:22:373 NpcAppearanceTable: initialized. Loaded 59 appearances.
WARNING 23:29:22:503 NpcTable: detected once the file C:\Users\jorou\Downloads\TeraOnlineServer_Shock_1732\gameserver\.\data\npcs\summons\playable_summons.zip
INFO 23:29:22:512 NpcTable: loaded  816 npcs.
INFO 23:29:22:523 ResourseTable: loaded  253 resourses.
INFO 23:29:22:532 MinionTable: loaded 303 minions for 42 npcs.
INFO 23:29:22:533 RegenTaskManager: initializable.
INFO 23:29:22:537 Formulas: initialized.
INFO 23:29:22:539 EffectTaskManager: initialized.
INFO 23:29:22:851 ObjectEventManager: initialized.
INFO 23:29:22:852 MoveTaskManager: initialized.
INFO 23:29:23:182 SpawnTable: loaded 19515 spawns for 617 npcs and 2013 spawns for 60 resourses.
INFO 23:29:23:191 GeoMap3D: start fast import geodata_1.dat
INFO 23:29:23:470 GeoMap3D: import ended. load 1867238 quards.
INFO 23:29:23:471 GeoMap3D: start fast import geodata_2.dat
INFO 23:29:23:554 GeoMap3D: import ended. load 440227 quards.
INFO 23:29:23:556 GeoMap3D: start fast import geodata_3.dat
INFO 23:29:23:564 GeoMap3D: import ended. load 58040 quards.
INFO 23:29:23:565 GeoManager: initialized.
INFO 23:29:23:577 ItemExecutorManager: loaded 0 executor items.
INFO 23:29:23:598 CommandManager: loaded 94 commands.
INFO 23:29:23:624 SkillLearnManager: loaded 950 skill learn's for 8 clases.
INFO 23:29:23:627 AnnounceManager: loaded 0 start announces and 0 running announces.
INFO 23:29:23:629 AccountManager: initialized.
INFO 23:29:23:632 GuildManager: loaded 0 guilds.
INFO 23:29:23:934 QuestManager: loaded 455 quests.
INFO 23:29:24:002 OnlineManager: initialized.
INFO 23:29:24:009 GameLogManager: initialized.
INFO 23:29:24:137 Region: next battle "Veritas District" in 2020.06.21 16:00.
INFO 23:29:24:139 Region: next battle "Ostgarath" in 2020.06.21 16:00.
INFO 23:29:24:142 Region: next battle "Val Palrada" in 2020.06.27 20:00.
INFO 23:29:24:144 Region: next battle "Val Aureum" in 2020.06.27 20:00.
INFO 23:29:24:144 EventManager: loaded 5 events.
INFO 23:29:24:242 EventManager: the nearest event in 55 minutes.
INFO 23:29:24:245 PlayerManager: initialized.
INFO 23:29:24:252 Network: started.
INFO 23:29:24:252 GameServer: started.
INFO 23:30:09:290 AccountManager: authed islanzadie
INFO 23:32:47:591 AccountManager: close islanzadie
