INFO 20:50:02:982 ServerControl: open server socket on 2101 port.
INFO 20:50:02:989 ExecutorManager: initialized.
INFO 20:50:03:305 CleaningManager: delete 14 reuses from a character_skill_reuses.
INFO 20:50:03:305 CleaningManager: delete 0 spawns from a boss_spawn.
INFO 20:50:03:306 CleaningManager: delete 0 appearances from a character_appearances.
INFO 20:50:03:307 CleaningManager: delete 0 effects from a character_save_effects.
INFO 20:50:03:307 CleaningManager: delete 0 inventors from a character_inventors.
INFO 20:50:03:308 CleaningManager: delete 0 skills from a character_skills.
INFO 20:50:03:309 CleaningManager: delete 0 hotkeys from a character_hotkey.
INFO 20:50:03:310 CleaningManager: delete 0 chars from a character_friends.
INFO 20:50:03:310 CleaningManager: delete 0 friends from a character_friends.
INFO 20:50:03:311 CleaningManager: delete 0 settings from a character_settings.
INFO 20:50:03:312 CleaningManager: delete 11 empty items from a items.
INFO 20:50:03:313 CleaningManager: delete 0 no owner items from a items.
INFO 20:50:03:314 CleaningManager: delete 0 no owner guild items from a items.
INFO 20:50:03:354 CleaningManager: create buffer table items.
INFO 20:50:03:356 CleaningManager: copy 224 items to buffer_items.
INFO 20:50:03:357 CleaningManager: delete 0 no owner items from a buffer_items.
INFO 20:50:03:368 CleaningManager: drop buffer table items.
INFO 20:50:03:369 CleaningManager: delete 0 from a quests.
INFO 20:50:03:369 CleaningManager: delete 0 from a quest variables.
INFO 20:50:03:370 CleaningManager: delete 0 from a guild ranks.
INFO 20:50:03:416 ClientPacketType: client packets prepared.
INFO 20:50:03:427 EffectParser: initialized.
INFO 20:50:03:430 RandomManager: initialized.
INFO 20:50:03:431 IdFactory: prepare npc ids...
INFO 20:50:03:432 BitSetIdGenerator: 102912 id's available.
INFO 20:50:03:433 IdFactory: prepare objects ids...
INFO 20:50:03:433 BitSetIdGenerator: 102912 id's available.
INFO 20:50:03:433 IdFactory: prepare players ids...
INFO 20:50:03:436 BitSetIdGenerator: extracted 12 ids.
INFO 20:50:03:436 BitSetIdGenerator: 102912 id's available.
INFO 20:50:03:437 IdFactory: prepare guilds ids...
INFO 20:50:03:437 BitSetIdGenerator: extracted 1 ids.
INFO 20:50:03:438 BitSetIdGenerator: 102912 id's available.
INFO 20:50:03:438 IdFactory: prepare item ids...
INFO 20:50:03:440 BitSetIdGenerator: extracted 224 ids.
INFO 20:50:03:441 BitSetIdGenerator: 102912 id's available.
INFO 20:50:03:451 ServerVarManager: loaded 0 variables.
INFO 20:50:03:454 BossSpawnManager: loaded 0 boss spawns.
INFO 20:50:04:071 TerritoryTable: loaded 160 territories for 18803 regions.
INFO 20:50:05:140 WorldZoneTable: loaded 12 world zones for 31986 regions.
INFO 20:50:05:141 ConditionParser: initializable.
WARNING 20:50:05:440 SkillTable: detected once the file C:\Users\jorou\Downloads\TeraOnlineServer_Shock_1732\gameserver\.\data\skills\summon_skills\deprecated.zip
INFO 20:50:05:454 SkillTable: loaded 4613 skills for 19 classes.
WARNING 20:50:05:458 ItemTable: detected once the file C:\Users\jorou\Downloads\TeraOnlineServer_Shock_1732\gameserver\.\data\items\adaptations.txt
INFO 20:50:05:793 ItemTable: loaded 10138 items.
INFO 20:50:05:804 Race: race appearances initializable.
INFO 20:50:05:812 PlayerTable: loaded 104 player templates.
WARNING 20:50:05:994 DropTable: not found items [50048]
INFO 20:50:05:994 DropTable: load drop for 407 npcs and 126 for resourse.
INFO 20:50:05:999 TownTable: initialized.
WARNING 20:50:06:018 NpcDialogTable: detected once the file C:\Users\jorou\Downloads\TeraOnlineServer_Shock_1732\gameserver\.\data\dialogs\dialogs.txt
INFO 20:50:06:044 NpcDialogTable: loaded 87 dialogs.
INFO 20:50:06:050 MessagePackageTable: loaded 34 message packages.
INFO 20:50:06:079 ConfigAITable: loaded 45 npc ai configs.
INFO 20:50:06:108 NpcAppearanceTable: initialized. Loaded 59 appearances.
WARNING 20:50:06:256 NpcTable: found duplicate npc template NpcTemplate npcId = 30002, exp = 0, attack = 300000, defense = 1000, owerAttack = 15000, owerDefense = 13000, level = 100, aggro = 100, factionRange = 5000, name = *Elleon*, title = Valkyon's Hero, factionId = Alliance of Argons, type = 300, isRaid = false, canDrop = false, drop = null, minions = null, dialog = null, geomRadius = 20.0, geomHeight = 60.0, npcType = PLAYER_KILLER in file .\data\npcs\south_arun\velika_outskirt.xml
WARNING 20:50:06:257 NpcTable: found duplicate npc template NpcTemplate npcId = 30004, exp = 0, attack = 40000, defense = 4000, owerAttack = 1500, owerDefense = 7000, level = 100, aggro = 100, factionRange = 5000, name = *Klaris*, title = Wise mage, factionId = Alliance of Argons, type = 300, isRaid = false, canDrop = false, drop = null, minions = null, dialog = null, geomRadius = 20.0, geomHeight = 60.0, npcType = PLAYER_KILLER in file .\data\npcs\south_arun\velika_outskirt.xml
WARNING 20:50:06:258 NpcTable: found duplicate npc template NpcTemplate npcId = 30005, exp = 0, attack = 91000, defense = 5000, owerAttack = 1500, owerDefense = 10000, level = 100, aggro = 100, factionRange = 5000, name = *Joff*, title = Open minded, factionId = Alliance of Argons, type = 300, isRaid = false, canDrop = false, drop = null, minions = null, dialog = null, geomRadius = 30.0, geomHeight = 70.0, npcType = PLAYER_KILLER in file .\data\npcs\south_arun\velika_outskirt.xml
WARNING 20:50:06:259 NpcTable: found duplicate npc template NpcTemplate npcId = 30007, exp = 0, attack = 300000, defense = 5000, owerAttack = 14500, owerDefense = 15000, level = 100, aggro = 100, factionRange = 5000, name = *KLei*, title = Testing, factionId = Alliance of Argons, type = 300, isRaid = false, canDrop = false, drop = null, minions = null, dialog = null, geomRadius = 25.0, geomHeight = 70.0, npcType = PLAYER_KILLER in file .\data\npcs\south_arun\velika_outskirt.xml
WARNING 20:50:06:260 NpcTable: found duplicate npc template NpcTemplate npcId = 30008, exp = 0, attack = 91000, defense = 11000, owerAttack = 1000, owerDefense = 20000, level = 100, aggro = 100, factionRange = 5000, name = *Arei*, title = HUrrrr durrrr, factionId = Alliance of Argons, type = 300, isRaid = false, canDrop = false, drop = null, minions = null, dialog = null, geomRadius = 30.0, geomHeight = 70.0, npcType = PLAYER_KILLER in file .\data\npcs\south_arun\velika_outskirt.xml
WARNING 20:50:06:261 NpcTable: found duplicate npc template NpcTemplate npcId = 30010, exp = 0, attack = 410000, defense = 4000, owerAttack = 1500, owerDefense = 7000, level = 100, aggro = 100, factionRange = 5000, name = *Lola*, title = Lover, factionId = Alliance of Argons, type = 300, isRaid = false, canDrop = false, drop = null, minions = null, dialog = null, geomRadius = 20.0, geomHeight = 60.0, npcType = PLAYER_KILLER in file .\data\npcs\south_arun\velika_outskirt.xml
WARNING 20:50:06:270 NpcTable: detected once the file C:\Users\jorou\Downloads\TeraOnlineServer_Shock_1732\gameserver\.\data\npcs\summons\playable_summons.zip
INFO 20:50:06:278 NpcTable: loaded  816 npcs.
INFO 20:50:06:290 ResourseTable: loaded  253 resourses.
INFO 20:50:06:299 MinionTable: loaded 303 minions for 42 npcs.
INFO 20:50:06:299 RegenTaskManager: initializable.
INFO 20:50:06:305 Formulas: initialized.
INFO 20:50:06:306 EffectTaskManager: initialized.
INFO 20:50:06:642 ObjectEventManager: initialized.
INFO 20:50:06:642 MoveTaskManager: initialized.
INFO 20:50:07:024 SpawnTable: loaded 19523 spawns for 622 npcs and 2013 spawns for 60 resourses.
INFO 20:50:07:032 GeoMap3D: start fast import geodata_1.dat
INFO 20:50:07:227 GeoMap3D: import ended. load 1867238 quards.
INFO 20:50:07:230 GeoMap3D: start fast import geodata_2.dat
INFO 20:50:07:321 GeoMap3D: import ended. load 440227 quards.
INFO 20:50:07:323 GeoMap3D: start fast import geodata_3.dat
INFO 20:50:07:343 GeoMap3D: import ended. load 58040 quards.
INFO 20:50:07:344 GeoManager: initialized.
INFO 20:50:07:347 ItemExecutorManager: loaded 0 executor items.
INFO 20:50:07:357 CommandManager: loaded 95 commands.
INFO 20:50:07:374 SkillLearnManager: loaded 950 skill learn's for 8 clases.
INFO 20:50:07:377 AnnounceManager: loaded 0 start announces and 0 running announces.
INFO 20:50:07:379 AccountManager: initialized.
INFO 20:50:07:395 GuildManager: loaded 1 guilds.
INFO 20:50:07:773 QuestManager: loaded 455 quests.
INFO 20:50:07:782 OnlineManager: initialized.
INFO 20:50:07:787 GameLogManager: initialized.
INFO 20:50:07:920 Region: next battle "Veritas District" in 2020.06.28 16:00.
INFO 20:50:07:924 Region: next battle "Ostgarath" in 2020.06.28 16:00.
INFO 20:50:07:926 Region: next battle "Val Palrada" in 2020.06.27 20:00.
INFO 20:50:07:927 Region: next battle "Val Aureum" in 2020.06.27 20:00.
INFO 20:50:07:928 EventManager: loaded 5 events.
INFO 20:50:08:048 EventManager: the nearest event in 39 minutes.
INFO 20:50:08:051 PlayerManager: initialized.
INFO 20:50:08:065 Network: started.
INFO 20:50:08:066 GameServer: started.
