INFO 09:39:34:825 ServerControl: open server socket on 2101 port.
INFO 09:39:34:831 ExecutorManager: initialized.
INFO 09:39:35:138 CleaningManager: delete 1 reuses from a character_skill_reuses.
INFO 09:39:35:139 CleaningManager: delete 0 spawns from a boss_spawn.
INFO 09:39:35:140 CleaningManager: delete 0 appearances from a character_appearances.
INFO 09:39:35:140 CleaningManager: delete 0 effects from a character_save_effects.
INFO 09:39:35:141 CleaningManager: delete 0 inventors from a character_inventors.
INFO 09:39:35:142 CleaningManager: delete 0 skills from a character_skills.
INFO 09:39:35:142 CleaningManager: delete 0 hotkeys from a character_hotkey.
INFO 09:39:35:143 CleaningManager: delete 0 chars from a character_friends.
INFO 09:39:35:144 CleaningManager: delete 0 friends from a character_friends.
INFO 09:39:35:144 CleaningManager: delete 0 settings from a character_settings.
INFO 09:39:35:145 CleaningManager: delete 2 empty items from a items.
INFO 09:39:35:145 CleaningManager: delete 0 no owner items from a items.
INFO 09:39:35:146 CleaningManager: delete 0 no owner guild items from a items.
INFO 09:39:35:195 CleaningManager: create buffer table items.
INFO 09:39:35:197 CleaningManager: copy 35 items to buffer_items.
INFO 09:39:35:198 CleaningManager: delete 0 no owner items from a buffer_items.
INFO 09:39:35:208 CleaningManager: drop buffer table items.
INFO 09:39:35:209 CleaningManager: delete 0 from a quests.
INFO 09:39:35:209 CleaningManager: delete 0 from a quest variables.
INFO 09:39:35:210 CleaningManager: delete 0 from a guild ranks.
INFO 09:39:35:250 ClientPacketType: client packets prepared.
INFO 09:39:35:262 EffectParser: initialized.
INFO 09:39:35:263 RandomManager: initialized.
INFO 09:39:35:264 IdFactory: prepare npc ids...
INFO 09:39:35:266 BitSetIdGenerator: 102912 id's available.
INFO 09:39:35:266 IdFactory: prepare objects ids...
INFO 09:39:35:266 BitSetIdGenerator: 102912 id's available.
INFO 09:39:35:267 IdFactory: prepare players ids...
INFO 09:39:35:270 BitSetIdGenerator: extracted 4 ids.
INFO 09:39:35:270 BitSetIdGenerator: 102912 id's available.
INFO 09:39:35:271 IdFactory: prepare guilds ids...
INFO 09:39:35:272 BitSetIdGenerator: extracted 0 ids.
INFO 09:39:35:272 BitSetIdGenerator: 102912 id's available.
INFO 09:39:35:272 IdFactory: prepare item ids...
INFO 09:39:35:273 BitSetIdGenerator: extracted 35 ids.
INFO 09:39:35:274 BitSetIdGenerator: 102912 id's available.
INFO 09:39:35:284 ServerVarManager: loaded 0 variables.
INFO 09:39:35:287 BossSpawnManager: loaded 0 boss spawns.
INFO 09:39:35:842 TerritoryTable: loaded 160 territories for 18803 regions.
INFO 09:39:37:005 WorldZoneTable: loaded 12 world zones for 31986 regions.
INFO 09:39:37:006 ConditionParser: initializable.
WARNING 09:39:37:354 SkillTable: detected once the file C:\Users\jorou\Downloads\TeraOnlineServer_Shock_1732\gameserver\.\data\skills\summon_skills\deprecated.zip
INFO 09:39:37:369 SkillTable: loaded 4613 skills for 19 classes.
INFO 09:39:37:746 ItemTable: loaded 10138 items.
INFO 09:39:37:756 Race: race appearances initializable.
INFO 09:39:37:762 PlayerTable: loaded 104 player templates.
INFO 09:39:37:918 DropTable: load drop for 407 npcs and 126 for resourse.
INFO 09:39:37:921 TownTable: initialized.
WARNING 09:39:37:937 NpcDialogTable: detected once the file C:\Users\jorou\Downloads\TeraOnlineServer_Shock_1732\gameserver\.\data\dialogs\dialogs.txt
INFO 09:39:37:959 NpcDialogTable: loaded 87 dialogs.
INFO 09:39:37:964 MessagePackageTable: loaded 34 message packages.
INFO 09:39:37:992 ConfigAITable: loaded 45 npc ai configs.
INFO 09:39:38:002 NpcAppearanceTable: initialized. Loaded 59 appearances.
WARNING 09:39:38:098 NpcTable: detected once the file C:\Users\jorou\Downloads\TeraOnlineServer_Shock_1732\gameserver\.\data\npcs\summons\playable_summons.zip
INFO 09:39:38:107 NpcTable: loaded  816 npcs.
INFO 09:39:38:119 ResourseTable: loaded  253 resourses.
INFO 09:39:38:128 MinionTable: loaded 303 minions for 42 npcs.
INFO 09:39:38:129 RegenTaskManager: initializable.
INFO 09:39:38:133 Formulas: initialized.
INFO 09:39:38:135 EffectTaskManager: initialized.
INFO 09:39:38:440 ObjectEventManager: initialized.
INFO 09:39:38:440 MoveTaskManager: initialized.
INFO 09:39:38:679 SpawnTable: loaded 19515 spawns for 617 npcs and 2013 spawns for 60 resourses.
INFO 09:39:38:687 GeoMap3D: start fast import geodata_1.dat
INFO 09:39:39:014 GeoMap3D: import ended. load 1867238 quards.
INFO 09:39:39:016 GeoMap3D: start fast import geodata_2.dat
INFO 09:39:39:142 GeoMap3D: import ended. load 440227 quards.
INFO 09:39:39:154 GeoMap3D: start fast import geodata_3.dat
INFO 09:39:39:159 GeoMap3D: import ended. load 58040 quards.
INFO 09:39:39:160 GeoManager: initialized.
INFO 09:39:39:163 ItemExecutorManager: loaded 0 executor items.
INFO 09:39:39:171 CommandManager: loaded 94 commands.
INFO 09:39:39:183 SkillLearnManager: loaded 950 skill learn's for 8 clases.
INFO 09:39:39:189 AnnounceManager: loaded 0 start announces and 0 running announces.
INFO 09:39:39:194 AccountManager: initialized.
INFO 09:39:39:197 GuildManager: loaded 0 guilds.
INFO 09:39:39:554 QuestManager: loaded 455 quests.
INFO 09:39:39:556 OnlineManager: initialized.
INFO 09:39:39:561 GameLogManager: initialized.
INFO 09:39:39:636 Region: next battle "Veritas District" in 2020.06.21 16:00.
INFO 09:39:39:639 Region: next battle "Ostgarath" in 2020.06.21 16:00.
INFO 09:39:39:651 Region: next battle "Val Palrada" in 2020.06.27 20:00.
INFO 09:39:39:653 Region: next battle "Val Aureum" in 2020.06.27 20:00.
INFO 09:39:39:654 EventManager: loaded 5 events.
INFO 09:39:39:763 EventManager: the nearest event in 41 minutes.
INFO 09:39:39:767 PlayerManager: initialized.
INFO 09:39:39:774 Network: started.
INFO 09:39:39:775 GameServer: started.
INFO 09:42:53:845 AccountManager: authed islanzadie
INFO 09:50:40:779 AccountManager: close islanzadie
