INFO 20:24:36:625 ServerControl: open server socket on 2101 port.
INFO 20:24:36:632 ExecutorManager: initialized.
INFO 20:24:36:957 CleaningManager: delete 0 reuses from a character_skill_reuses.
INFO 20:24:36:958 CleaningManager: delete 0 spawns from a boss_spawn.
INFO 20:24:36:959 CleaningManager: delete 0 appearances from a character_appearances.
INFO 20:24:36:959 CleaningManager: delete 0 effects from a character_save_effects.
INFO 20:24:36:960 CleaningManager: delete 0 inventors from a character_inventors.
INFO 20:24:36:961 CleaningManager: delete 0 skills from a character_skills.
INFO 20:24:36:962 CleaningManager: delete 0 hotkeys from a character_hotkey.
INFO 20:24:36:962 CleaningManager: delete 0 chars from a character_friends.
INFO 20:24:36:963 CleaningManager: delete 0 friends from a character_friends.
INFO 20:24:36:964 CleaningManager: delete 0 settings from a character_settings.
INFO 20:24:36:964 CleaningManager: delete 0 empty items from a items.
INFO 20:24:36:965 CleaningManager: delete 0 no owner items from a items.
INFO 20:24:36:966 CleaningManager: delete 0 no owner guild items from a items.
INFO 20:24:37:008 CleaningManager: create buffer table items.
INFO 20:24:37:010 CleaningManager: copy 119 items to buffer_items.
INFO 20:24:37:011 CleaningManager: delete 0 no owner items from a buffer_items.
INFO 20:24:37:018 CleaningManager: drop buffer table items.
INFO 20:24:37:018 CleaningManager: delete 0 from a quests.
INFO 20:24:37:019 CleaningManager: delete 0 from a quest variables.
INFO 20:24:37:020 CleaningManager: delete 0 from a guild ranks.
INFO 20:24:37:058 ClientPacketType: client packets prepared.
INFO 20:24:37:069 EffectParser: initialized.
INFO 20:24:37:071 RandomManager: initialized.
INFO 20:24:37:071 IdFactory: prepare npc ids...
INFO 20:24:37:073 BitSetIdGenerator: 102912 id's available.
INFO 20:24:37:073 IdFactory: prepare objects ids...
INFO 20:24:37:074 BitSetIdGenerator: 102912 id's available.
INFO 20:24:37:074 IdFactory: prepare players ids...
INFO 20:24:37:077 BitSetIdGenerator: extracted 10 ids.
INFO 20:24:37:077 BitSetIdGenerator: 102912 id's available.
INFO 20:24:37:077 IdFactory: prepare guilds ids...
INFO 20:24:37:078 BitSetIdGenerator: extracted 1 ids.
INFO 20:24:37:078 BitSetIdGenerator: 102912 id's available.
INFO 20:24:37:079 IdFactory: prepare item ids...
INFO 20:24:37:080 BitSetIdGenerator: extracted 119 ids.
INFO 20:24:37:080 BitSetIdGenerator: 102912 id's available.
INFO 20:24:37:090 ServerVarManager: loaded 0 variables.
INFO 20:24:37:094 BossSpawnManager: loaded 0 boss spawns.
INFO 20:24:37:684 TerritoryTable: loaded 160 territories for 18803 regions.
INFO 20:24:38:801 WorldZoneTable: loaded 12 world zones for 31986 regions.
INFO 20:24:38:802 ConditionParser: initializable.
WARNING 20:24:39:118 SkillTable: detected once the file C:\Users\jorou\Downloads\TeraOnlineServer_Shock_1732\gameserver\.\data\skills\summon_skills\deprecated.zip
INFO 20:24:39:140 SkillTable: loaded 4613 skills for 19 classes.
INFO 20:24:39:411 ItemTable: loaded 10138 items.
INFO 20:24:39:424 Race: race appearances initializable.
INFO 20:24:39:430 PlayerTable: loaded 104 player templates.
WARNING 20:24:39:631 DropTable: not found items [50048]
INFO 20:24:39:633 DropTable: load drop for 407 npcs and 126 for resourse.
INFO 20:24:39:637 TownTable: initialized.
WARNING 20:24:39:655 NpcDialogTable: detected once the file C:\Users\jorou\Downloads\TeraOnlineServer_Shock_1732\gameserver\.\data\dialogs\dialogs.txt
INFO 20:24:39:681 NpcDialogTable: loaded 87 dialogs.
INFO 20:24:39:688 MessagePackageTable: loaded 34 message packages.
INFO 20:24:39:715 ConfigAITable: loaded 45 npc ai configs.
INFO 20:24:39:726 NpcAppearanceTable: initialized. Loaded 59 appearances.
WARNING 20:24:39:832 NpcTable: detected once the file C:\Users\jorou\Downloads\TeraOnlineServer_Shock_1732\gameserver\.\data\npcs\summons\playable_summons.zip
INFO 20:24:39:840 NpcTable: loaded  816 npcs.
INFO 20:24:39:850 ResourseTable: loaded  253 resourses.
INFO 20:24:39:857 MinionTable: loaded 303 minions for 42 npcs.
INFO 20:24:39:858 RegenTaskManager: initializable.
INFO 20:24:39:863 Formulas: initialized.
INFO 20:24:39:864 EffectTaskManager: initialized.
INFO 20:24:40:137 ObjectEventManager: initialized.
INFO 20:24:40:137 MoveTaskManager: initialized.
INFO 20:24:40:554 SpawnTable: loaded 19515 spawns for 617 npcs and 2013 spawns for 60 resourses.
INFO 20:24:40:592 GeoMap3D: start fast import geodata_1.dat
INFO 20:24:40:761 GeoMap3D: import ended. load 1867238 quards.
INFO 20:24:40:762 GeoMap3D: start fast import geodata_2.dat
INFO 20:24:40:836 GeoMap3D: import ended. load 440227 quards.
INFO 20:24:40:844 GeoMap3D: start fast import geodata_3.dat
INFO 20:24:40:874 GeoMap3D: import ended. load 58040 quards.
INFO 20:24:40:875 GeoManager: initialized.
INFO 20:24:40:881 ItemExecutorManager: loaded 0 executor items.
INFO 20:24:40:890 CommandManager: loaded 94 commands.
INFO 20:24:40:901 SkillLearnManager: loaded 950 skill learn's for 8 clases.
INFO 20:24:40:907 AnnounceManager: loaded 0 start announces and 0 running announces.
INFO 20:24:40:908 AccountManager: initialized.
INFO 20:24:40:923 GuildManager: loaded 1 guilds.
INFO 20:24:41:167 QuestManager: loaded 455 quests.
INFO 20:24:41:169 OnlineManager: initialized.
INFO 20:24:41:174 GameLogManager: initialized.
INFO 20:24:41:240 Region: next battle "Veritas District" in 2020.06.28 16:00.
INFO 20:24:41:244 Region: next battle "Ostgarath" in 2020.06.28 16:00.
INFO 20:24:41:245 Region: next battle "Val Palrada" in 2020.06.27 20:00.
INFO 20:24:41:247 Region: next battle "Val Aureum" in 2020.06.27 20:00.
INFO 20:24:41:247 EventManager: loaded 5 events.
INFO 20:24:41:389 EventManager: the nearest event in 38 minutes.
INFO 20:24:41:392 PlayerManager: initialized.
INFO 20:24:41:399 Network: started.
INFO 20:24:41:400 GameServer: started.
INFO 20:25:51:294 AccountManager: authed islanzadie
WARNING 20:27:16:729 ItemCommand: Exception : not create donate item for id 13226 : stack trace:
tera.gameserver.scripts.commands.ItemCommand.execution(ItemCommand.java:58)
tera.gameserver.manager.CommandManager.execute(CommandManager.java:74)
tera.gameserver.network.clientpackets.PlayerSay.runImpl(PlayerSay.java:84)
rlib.network.packets.AbstractReadeablePacket.run(AbstractReadeablePacket.java:175)
java.base/java.util.concurrent.ThreadPoolExecutor.runWorker(ThreadPoolExecutor.java:1128)
java.base/java.util.concurrent.ThreadPoolExecutor$Worker.run(ThreadPoolExecutor.java:628)
java.base/java.lang.Thread.run(Thread.java:830)

