INFO 11:28:57:155 ServerControl: open server socket on 2101 port.
INFO 11:28:57:206 ExecutorManager: initialized.
INFO 11:28:58:232 CleaningManager: delete 0 reuses from a character_skill_reuses.
INFO 11:28:58:284 CleaningManager: delete 0 spawns from a boss_spawn.
INFO 11:28:58:340 CleaningManager: delete 0 appearances from a character_appearances.
INFO 11:28:58:367 CleaningManager: delete 0 effects from a character_save_effects.
INFO 11:28:58:398 CleaningManager: delete 0 inventors from a character_inventors.
INFO 11:28:58:438 CleaningManager: delete 0 skills from a character_skills.
INFO 11:28:58:466 CleaningManager: delete 0 hotkeys from a character_hotkey.
INFO 11:28:58:513 CleaningManager: delete 0 chars from a character_friends.
INFO 11:28:58:514 CleaningManager: delete 0 friends from a character_friends.
INFO 11:28:58:551 CleaningManager: delete 0 settings from a character_settings.
INFO 11:28:58:641 CleaningManager: delete 0 empty items from a items.
INFO 11:28:58:643 CleaningManager: delete 0 no owner items from a items.
INFO 11:28:58:702 CleaningManager: delete 0 no owner guild items from a items.
INFO 11:28:58:796 CleaningManager: create buffer table items.
INFO 11:28:58:800 CleaningManager: copy 274 items to buffer_items.
INFO 11:28:58:801 CleaningManager: delete 0 no owner items from a buffer_items.
INFO 11:28:58:812 CleaningManager: drop buffer table items.
INFO 11:28:58:884 CleaningManager: delete 0 from a quests.
INFO 11:28:58:914 CleaningManager: delete 0 from a quest variables.
INFO 11:28:58:946 CleaningManager: delete 0 from a guild ranks.
INFO 11:28:59:034 ClientPacketType: client packets prepared.
INFO 11:28:59:058 EffectParser: initialized.
INFO 11:28:59:089 RandomManager: initialized.
INFO 11:28:59:089 IdFactory: prepare npc ids...
INFO 11:28:59:124 BitSetIdGenerator: 102912 id's available.
INFO 11:28:59:125 IdFactory: prepare objects ids...
INFO 11:28:59:125 BitSetIdGenerator: 102912 id's available.
INFO 11:28:59:126 IdFactory: prepare players ids...
INFO 11:28:59:128 BitSetIdGenerator: extracted 14 ids.
INFO 11:28:59:129 BitSetIdGenerator: 102912 id's available.
INFO 11:28:59:129 IdFactory: prepare guilds ids...
INFO 11:28:59:130 BitSetIdGenerator: extracted 1 ids.
INFO 11:28:59:130 BitSetIdGenerator: 102912 id's available.
INFO 11:28:59:131 IdFactory: prepare item ids...
INFO 11:28:59:133 BitSetIdGenerator: extracted 274 ids.
INFO 11:28:59:133 BitSetIdGenerator: 102912 id's available.
INFO 11:28:59:176 ServerVarManager: loaded 0 variables.
INFO 11:28:59:191 BossSpawnManager: loaded 0 boss spawns.
INFO 11:28:59:885 TerritoryTable: loaded 160 territories for 18803 regions.
INFO 11:29:01:368 WorldZoneTable: loaded 12 world zones for 31986 regions.
INFO 11:29:01:370 ConditionParser: initializable.
WARNING 11:29:02:313 SkillTable: detected once the file C:\Users\jorou\Downloads\TeraOnlineServer_Shock_1732\gameserver\.\data\skills\summon_skills\deprecated.zip
INFO 11:29:02:382 SkillTable: loaded 4613 skills for 19 classes.
WARNING 11:29:02:493 ItemTable: detected once the file C:\Users\jorou\Downloads\TeraOnlineServer_Shock_1732\gameserver\.\data\items\adaptations.txt
INFO 11:29:03:277 ItemTable: loaded 10138 items.
INFO 11:29:03:365 Race: race appearances initializable.
INFO 11:29:03:381 PlayerTable: loaded 104 player templates.
WARNING 11:29:03:690 DropTable: not found items [50048]
INFO 11:29:03:690 DropTable: load drop for 407 npcs and 126 for resourse.
INFO 11:29:03:725 TownTable: initialized.
WARNING 11:29:03:785 NpcDialogTable: detected once the file C:\Users\jorou\Downloads\TeraOnlineServer_Shock_1732\gameserver\.\data\dialogs\dialogs.txt
INFO 11:29:03:867 NpcDialogTable: loaded 87 dialogs.
INFO 11:29:03:889 MessagePackageTable: loaded 34 message packages.
INFO 11:29:03:982 ConfigAITable: loaded 45 npc ai configs.
INFO 11:29:04:112 NpcAppearanceTable: initialized. Loaded 59 appearances.
WARNING 11:29:04:536 DocumentNpc: incorrect file .\data\npcs\playable\bandits.xml
WARNING 11:29:04:536 DocumentNpc: SAXParseException : The string "--" is not permitted within comments. : stack trace:
java.xml/com.sun.org.apache.xerces.internal.parsers.DOMParser.parse(DOMParser.java:261)
java.xml/com.sun.org.apache.xerces.internal.jaxp.DocumentBuilderImpl.parse(DocumentBuilderImpl.java:339)
java.xml/javax.xml.parsers.DocumentBuilder.parse(DocumentBuilder.java:206)
rlib.data.AbstractDocument.parse(AbstractDocument.java:55)
tera.gameserver.tables.NpcTable.<init>(NpcTable.java:68)
tera.gameserver.tables.NpcTable.getInstance(NpcTable.java:37)
tera.gameserver.GameServer.run(GameServer.java:224)

WARNING 11:29:04:536 DocumentNpc: incorrect file .\data\npcs\playable\bandits.xml
WARNING 11:29:04:537 DocumentNpc: NullPointerException : null : stack trace:
tera.gameserver.document.DocumentNpc.parse(DocumentNpc.java:42)
rlib.data.AbstractDocument.parse(AbstractDocument.java:67)
tera.gameserver.tables.NpcTable.<init>(NpcTable.java:68)
tera.gameserver.tables.NpcTable.getInstance(NpcTable.java:37)
tera.gameserver.GameServer.run(GameServer.java:224)

WARNING 11:29:04:812 NpcTable: detected once the file C:\Users\jorou\Downloads\TeraOnlineServer_Shock_1732\gameserver\.\data\npcs\summons\playable_summons.zip
INFO 11:29:04:846 NpcTable: loaded  815 npcs.
INFO 11:29:04:898 ResourseTable: loaded  253 resourses.
INFO 11:29:04:916 MinionTable: loaded 303 minions for 42 npcs.
INFO 11:29:04:916 RegenTaskManager: initializable.
INFO 11:29:04:937 Formulas: initialized.
INFO 11:29:04:938 EffectTaskManager: initialized.
INFO 11:29:05:835 ObjectEventManager: initialized.
INFO 11:29:05:836 MoveTaskManager: initialized.
INFO 11:29:06:193 SpawnTable: loaded 19523 spawns for 622 npcs and 2013 spawns for 60 resourses.
INFO 11:29:06:219 GeoMap3D: start fast import geodata_1.dat
INFO 11:29:06:573 GeoMap3D: import ended. load 1867238 quards.
INFO 11:29:06:589 GeoMap3D: start fast import geodata_2.dat
INFO 11:29:06:717 GeoMap3D: import ended. load 440227 quards.
INFO 11:29:06:721 GeoMap3D: start fast import geodata_3.dat
INFO 11:29:06:749 GeoMap3D: import ended. load 58040 quards.
INFO 11:29:06:750 GeoManager: initialized.
INFO 11:29:06:760 ItemExecutorManager: loaded 0 executor items.
INFO 11:29:06:798 CommandManager: loaded 96 commands.
INFO 11:29:06:822 SkillLearnManager: loaded 950 skill learn's for 8 clases.
INFO 11:29:06:838 AnnounceManager: loaded 0 start announces and 0 running announces.
INFO 11:29:06:839 AccountManager: initialized.
INFO 11:29:06:852 GuildManager: loaded 1 guilds.
INFO 11:29:07:331 QuestManager: loaded 455 quests.
INFO 11:29:07:332 OnlineManager: initialized.
INFO 11:29:07:368 GameLogManager: initialized.
INFO 11:29:07:822 Region: next battle "Veritas District" in 2020.07.12 16:00.
INFO 11:29:07:824 Region: next battle "Ostgarath" in 2020.07.12 16:00.
INFO 11:29:07:826 Region: next battle "Val Palrada" in 2020.07.11 20:00.
INFO 11:29:07:827 Region: next battle "Val Aureum" in 2020.07.11 20:00.
INFO 11:29:07:828 EventManager: loaded 5 events.
INFO 11:29:08:037 EventManager: the nearest event in 55 minutes.
INFO 11:29:08:040 PlayerManager: initialized.
INFO 11:29:08:118 Network: started.
INFO 11:29:08:119 GameServer: started.
