INFO 18:46:11:992 ServerControl: open server socket on 2101 port.
INFO 18:46:12:008 ExecutorManager: initialized.
INFO 18:46:13:898 CleaningManager: delete 0 reuses from a character_skill_reuses.
INFO 18:46:13:914 CleaningManager: delete 0 spawns from a boss_spawn.
INFO 18:46:13:914 CleaningManager: delete 0 appearances from a character_appearances.
INFO 18:46:13:914 CleaningManager: delete 0 effects from a character_save_effects.
INFO 18:46:13:914 CleaningManager: delete 0 inventors from a character_inventors.
INFO 18:46:13:914 CleaningManager: delete 0 skills from a character_skills.
INFO 18:46:13:914 CleaningManager: delete 0 hotkeys from a character_hotkey.
INFO 18:46:13:914 CleaningManager: delete 0 chars from a character_friends.
INFO 18:46:13:930 CleaningManager: delete 0 friends from a character_friends.
INFO 18:46:13:930 CleaningManager: delete 0 settings from a character_settings.
INFO 18:46:13:930 CleaningManager: delete 0 empty items from a items.
INFO 18:46:13:930 CleaningManager: delete 0 no owner items from a items.
INFO 18:46:13:930 CleaningManager: delete 0 no owner guild items from a items.
INFO 18:46:13:992 CleaningManager: create buffer table items.
INFO 18:46:14:008 CleaningManager: copy 274 items to buffer_items.
INFO 18:46:14:008 CleaningManager: delete 0 no owner items from a buffer_items.
INFO 18:46:14:039 CleaningManager: drop buffer table items.
INFO 18:46:14:055 CleaningManager: delete 0 from a quests.
INFO 18:46:14:055 CleaningManager: delete 0 from a quest variables.
INFO 18:46:14:055 CleaningManager: delete 0 from a guild ranks.
INFO 18:46:14:352 ClientPacketType: client packets prepared.
INFO 18:46:14:399 EffectParser: initialized.
INFO 18:46:14:446 RandomManager: initialized.
INFO 18:46:14:446 IdFactory: prepare npc ids...
INFO 18:46:14:446 BitSetIdGenerator: 102912 id's available.
INFO 18:46:14:446 IdFactory: prepare objects ids...
INFO 18:46:14:446 BitSetIdGenerator: 102912 id's available.
INFO 18:46:14:461 IdFactory: prepare players ids...
INFO 18:46:14:461 BitSetIdGenerator: extracted 14 ids.
INFO 18:46:14:461 BitSetIdGenerator: 102912 id's available.
INFO 18:46:14:461 IdFactory: prepare guilds ids...
INFO 18:46:14:461 BitSetIdGenerator: extracted 1 ids.
INFO 18:46:14:461 BitSetIdGenerator: 102912 id's available.
INFO 18:46:14:461 IdFactory: prepare item ids...
INFO 18:46:14:492 BitSetIdGenerator: extracted 274 ids.
INFO 18:46:14:508 BitSetIdGenerator: 102912 id's available.
INFO 18:46:14:555 ServerVarManager: loaded 0 variables.
INFO 18:46:14:571 BossSpawnManager: loaded 0 boss spawns.
INFO 18:46:18:273 TerritoryTable: loaded 160 territories for 18803 regions.
INFO 18:46:22:695 WorldZoneTable: loaded 12 world zones for 31986 regions.
INFO 18:46:22:711 ConditionParser: initializable.
WARNING 18:46:30:242 SkillTable: detected once the file C:\Users\Administrator\Documents\GitHub\TeraOnlineServer_Shock_1732\gameserver\.\data\skills\summon_skills\deprecated.zip
INFO 18:46:30:336 SkillTable: loaded 4613 skills for 19 classes.
WARNING 18:46:30:352 ItemTable: detected once the file C:\Users\Administrator\Documents\GitHub\TeraOnlineServer_Shock_1732\gameserver\.\data\items\adaptations.txt
INFO 18:46:32:945 ItemTable: loaded 10138 items.
INFO 18:46:33:008 Race: race appearances initializable.
INFO 18:46:33:039 PlayerTable: loaded 104 player templates.
WARNING 18:46:34:039 DropTable: not found items [50048]
INFO 18:46:34:055 DropTable: load drop for 407 npcs and 126 for resourse.
INFO 18:46:34:086 TownTable: initialized.
WARNING 18:46:34:211 NpcDialogTable: detected once the file C:\Users\Administrator\Documents\GitHub\TeraOnlineServer_Shock_1732\gameserver\.\data\dialogs\dialogs.txt
INFO 18:46:34:414 NpcDialogTable: loaded 87 dialogs.
INFO 18:46:34:445 MessagePackageTable: loaded 34 message packages.
INFO 18:46:34:664 ConfigAITable: loaded 45 npc ai configs.
INFO 18:46:34:742 NpcAppearanceTable: initialized. Loaded 59 appearances.
WARNING 18:46:35:180 DocumentNpc: incorrect file .\data\npcs\playable\bandits.xml
WARNING 18:46:35:180 DocumentNpc: SAXParseException : The string "--" is not permitted within comments. : stack trace:
java.xml/com.sun.org.apache.xerces.internal.parsers.DOMParser.parse(DOMParser.java:261)
java.xml/com.sun.org.apache.xerces.internal.jaxp.DocumentBuilderImpl.parse(DocumentBuilderImpl.java:339)
java.xml/javax.xml.parsers.DocumentBuilder.parse(DocumentBuilder.java:206)
rlib.data.AbstractDocument.parse(AbstractDocument.java:55)
tera.gameserver.tables.NpcTable.<init>(NpcTable.java:68)
tera.gameserver.tables.NpcTable.getInstance(NpcTable.java:37)
tera.gameserver.GameServer.run(GameServer.java:224)

WARNING 18:46:35:196 DocumentNpc: incorrect file .\data\npcs\playable\bandits.xml
WARNING 18:46:35:196 DocumentNpc: NullPointerException : null : stack trace:
tera.gameserver.document.DocumentNpc.parse(DocumentNpc.java:42)
rlib.data.AbstractDocument.parse(AbstractDocument.java:67)
tera.gameserver.tables.NpcTable.<init>(NpcTable.java:68)
tera.gameserver.tables.NpcTable.getInstance(NpcTable.java:37)
tera.gameserver.GameServer.run(GameServer.java:224)

WARNING 18:46:35:492 NpcTable: detected once the file C:\Users\Administrator\Documents\GitHub\TeraOnlineServer_Shock_1732\gameserver\.\data\npcs\summons\playable_summons.zip
INFO 18:46:35:664 NpcTable: loaded  815 npcs.
INFO 18:46:35:742 ResourseTable: loaded  253 resourses.
INFO 18:46:35:773 MinionTable: loaded 303 minions for 42 npcs.
INFO 18:46:35:773 RegenTaskManager: initializable.
INFO 18:46:35:789 Formulas: initialized.
INFO 18:46:35:789 EffectTaskManager: initialized.
INFO 18:46:37:945 ObjectEventManager: initialized.
INFO 18:46:37:961 MoveTaskManager: initialized.
INFO 18:47:01:180 SpawnTable: loaded 19523 spawns for 622 npcs and 2013 spawns for 60 resourses.
INFO 18:47:01:524 GeoMap3D: start fast import geodata_1.dat
INFO 18:47:03:664 GeoMap3D: import ended. load 1867238 quards.
INFO 18:47:03:790 GeoMap3D: start fast import geodata_2.dat
INFO 18:47:04:070 GeoMap3D: import ended. load 440227 quards.
INFO 18:47:04:102 GeoMap3D: start fast import geodata_3.dat
INFO 18:47:04:164 GeoMap3D: import ended. load 58040 quards.
INFO 18:47:04:180 GeoManager: initialized.
INFO 18:47:04:195 ItemExecutorManager: loaded 0 executor items.
INFO 18:47:04:242 CommandManager: loaded 96 commands.
INFO 18:47:04:414 SkillLearnManager: loaded 950 skill learn's for 8 clases.
INFO 18:47:04:445 AnnounceManager: loaded 0 start announces and 0 running announces.
INFO 18:47:04:445 AccountManager: initialized.
INFO 18:47:04:508 GuildManager: loaded 1 guilds.
INFO 18:47:06:867 QuestManager: loaded 455 quests.
INFO 18:47:06:867 OnlineManager: initialized.
INFO 18:47:06:883 GameLogManager: initialized.
INFO 18:47:07:446 Region: next battle "Veritas District" in 2020.08.30 16:00.
INFO 18:47:07:446 Region: next battle "Ostgarath" in 2020.08.30 16:00.
INFO 18:47:07:461 Region: next battle "Val Palrada" in 2020.08.29 20:00.
INFO 18:47:07:461 Region: next battle "Val Aureum" in 2020.08.29 20:00.
INFO 18:47:07:461 EventManager: loaded 5 events.
INFO 18:47:07:555 EventManager: the nearest event in 46 minutes.
INFO 18:47:07:574 PlayerManager: initialized.
INFO 18:47:07:601 Network: started.
INFO 18:47:07:601 GameServer: started.
INFO 18:50:33:863 AccountManager: authed islanzadie
INFO 18:56:37:035 AccountManager: close islanzadie
INFO 02:34:38:821 AccountManager: authed islanzadie
WARNING 02:45:29:069 CommandManager: NullPointerException : null : stack trace:
tera.gameserver.scripts.commands.WorldCommand.execution(WorldCommand.java:89)
tera.gameserver.manager.CommandManager.execute(CommandManager.java:74)
tera.gameserver.network.clientpackets.PlayerSay.runImpl(PlayerSay.java:84)
rlib.network.packets.AbstractReadeablePacket.run(AbstractReadeablePacket.java:175)
java.base/java.util.concurrent.ThreadPoolExecutor.runWorker(ThreadPoolExecutor.java:1128)
java.base/java.util.concurrent.ThreadPoolExecutor$Worker.run(ThreadPoolExecutor.java:628)
java.base/java.lang.Thread.run(Thread.java:830)

INFO 02:46:44:350 AccountManager: close islanzadie
INFO 02:47:41:115 AccountManager: authed islanzadie
INFO 04:22:42:266 AccountManager: close islanzadie
INFO 04:23:39:953 AccountManager: authed islanzadie
INFO 04:47:06:526 AccountManager: close islanzadie
INFO 04:48:14:214 AccountManager: authed tsuka
INFO 04:58:01:431 AccountManager: close tsuka
