INFO 19:16:58:083 ServerControl: open server socket on 2101 port.
INFO 19:16:58:089 ExecutorManager: initialized.
INFO 19:16:58:398 CleaningManager: delete 4 reuses from a character_skill_reuses.
INFO 19:16:58:399 CleaningManager: delete 0 spawns from a boss_spawn.
INFO 19:16:58:400 CleaningManager: delete 0 appearances from a character_appearances.
INFO 19:16:58:400 CleaningManager: delete 0 effects from a character_save_effects.
INFO 19:16:58:401 CleaningManager: delete 0 inventors from a character_inventors.
INFO 19:16:58:401 CleaningManager: delete 0 skills from a character_skills.
INFO 19:16:58:402 CleaningManager: delete 0 hotkeys from a character_hotkey.
INFO 19:16:58:403 CleaningManager: delete 0 chars from a character_friends.
INFO 19:16:58:404 CleaningManager: delete 0 friends from a character_friends.
INFO 19:16:58:405 CleaningManager: delete 0 settings from a character_settings.
INFO 19:16:58:408 CleaningManager: delete 105 empty items from a items.
INFO 19:16:58:409 CleaningManager: delete 0 no owner items from a items.
INFO 19:16:58:409 CleaningManager: delete 0 no owner guild items from a items.
INFO 19:16:58:453 CleaningManager: create buffer table items.
INFO 19:16:58:455 CleaningManager: copy 73 items to buffer_items.
INFO 19:16:58:456 CleaningManager: delete 1 no owner items from a buffer_items.
INFO 19:16:58:478 CleaningManager: drop buffer table items.
INFO 19:16:58:478 CleaningManager: delete 0 from a quests.
INFO 19:16:58:479 CleaningManager: delete 0 from a quest variables.
INFO 19:16:58:479 CleaningManager: delete 0 from a guild ranks.
INFO 19:16:58:506 ClientPacketType: client packets prepared.
INFO 19:16:58:519 EffectParser: initialized.
INFO 19:16:58:521 RandomManager: initialized.
INFO 19:16:58:521 IdFactory: prepare npc ids...
INFO 19:16:58:523 BitSetIdGenerator: 102912 id's available.
INFO 19:16:58:523 IdFactory: prepare objects ids...
INFO 19:16:58:524 BitSetIdGenerator: 102912 id's available.
INFO 19:16:58:524 IdFactory: prepare players ids...
INFO 19:16:58:526 BitSetIdGenerator: extracted 6 ids.
INFO 19:16:58:526 BitSetIdGenerator: 102912 id's available.
INFO 19:16:58:527 IdFactory: prepare guilds ids...
INFO 19:16:58:527 BitSetIdGenerator: extracted 0 ids.
INFO 19:16:58:527 BitSetIdGenerator: 102912 id's available.
INFO 19:16:58:528 IdFactory: prepare item ids...
INFO 19:16:58:529 BitSetIdGenerator: extracted 72 ids.
INFO 19:16:58:529 BitSetIdGenerator: 102912 id's available.
INFO 19:16:58:539 ServerVarManager: loaded 0 variables.
INFO 19:16:58:542 BossSpawnManager: loaded 0 boss spawns.
WARNING 19:16:58:560 DocumentTerritory: incorrect file .\data\territories.xml
WARNING 19:16:58:561 DocumentTerritory: IllegalArgumentException : not found type : stack trace:
rlib.util.VarTable.getEnum(VarTable.java:467)
tera.gameserver.document.DocumentTerritory.parse(DocumentTerritory.java:49)
rlib.data.AbstractDocument.parse(AbstractDocument.java:67)
tera.gameserver.tables.TerritoryTable.<init>(TerritoryTable.java:56)
tera.gameserver.tables.TerritoryTable.getInstance(TerritoryTable.java:34)
tera.gameserver.GameServer.run(GameServer.java:209)

INFO 19:16:58:598 TerritoryTable: loaded 1 territories for 1 regions.
INFO 19:16:59:253 WorldZoneTable: loaded 12 world zones for 31986 regions.
INFO 19:16:59:255 ConditionParser: initializable.
WARNING 19:16:59:605 SkillTable: detected once the file C:\Users\jorou\Downloads\TeraOnlineServer_Shock_1732\gameserver\.\data\skills\summon_skills\deprecated.zip
INFO 19:16:59:618 SkillTable: loaded 4613 skills for 19 classes.
INFO 19:16:59:947 ItemTable: loaded 10138 items.
INFO 19:16:59:963 Race: race appearances initializable.
INFO 19:16:59:969 PlayerTable: loaded 104 player templates.
INFO 19:17:00:134 DropTable: load drop for 407 npcs and 126 for resourse.
INFO 19:17:00:138 TownTable: initialized.
WARNING 19:17:00:162 NpcDialogTable: detected once the file C:\Users\jorou\Downloads\TeraOnlineServer_Shock_1732\gameserver\.\data\dialogs\dialogs.txt
WARNING 19:17:00:172 ReplyTeleport: not found territory for name Leander's Outpost
WARNING 19:17:00:172 ReplyTeleport: not found territory for name Tainted Gorge
WARNING 19:17:00:173 DocumentDialog: InvocationTargetException : null : stack trace:
java.base/jdk.internal.reflect.NativeConstructorAccessorImpl.newInstance0(Native Method)
java.base/jdk.internal.reflect.NativeConstructorAccessorImpl.newInstance(NativeConstructorAccessorImpl.java:62)
java.base/jdk.internal.reflect.DelegatingConstructorAccessorImpl.newInstance(DelegatingConstructorAccessorImpl.java:45)
java.base/java.lang.reflect.Constructor.newInstanceWithCaller(Constructor.java:500)
java.base/java.lang.reflect.Constructor.newInstance(Constructor.java:481)
tera.gameserver.document.DocumentDialog.parseLink(DocumentDialog.java:64)
tera.gameserver.document.DocumentDialog.parseNpc(DocumentDialog.java:136)
tera.gameserver.document.DocumentDialog.parse(DocumentDialog.java:99)
rlib.data.AbstractDocument.parse(AbstractDocument.java:67)
tera.gameserver.tables.NpcDialogTable.<init>(NpcDialogTable.java:63)
tera.gameserver.tables.NpcDialogTable.getInstance(NpcDialogTable.java:32)
tera.gameserver.GameServer.run(GameServer.java:220)

WARNING 19:17:00:175 ReplyTeleport: not found territory for name Maon's Cabin
WARNING 19:17:00:176 ReplyTeleport: not found territory for name Faevine Vale Camp
WARNING 19:17:00:177 ReplyTeleport: not found territory for name Bulwark Camp
WARNING 19:17:00:178 ReplyTeleport: not found territory for name Vanguard Outpost
WARNING 19:17:00:179 ReplyTeleport: not found territory for name Casidhe's Stand
WARNING 19:17:00:179 ReplyTeleport: not found territory for name Sanctum Mysterium
WARNING 19:17:00:180 ReplyTeleport: not found territory for name Marshlands
WARNING 19:17:00:180 ReplyTeleport: not found territory for name Tuwangi Garrison
WARNING 19:17:00:180 ReplyTeleport: not found territory for name Echo Ranch
WARNING 19:17:00:181 ReplyTeleport: not found territory for name Vindicator Camp
WARNING 19:17:00:181 ReplyTeleport: not found territory for name Two Oaks Ranch
WARNING 19:17:00:182 DocumentDialog: InvocationTargetException : null : stack trace:
java.base/jdk.internal.reflect.NativeConstructorAccessorImpl.newInstance0(Native Method)
java.base/jdk.internal.reflect.NativeConstructorAccessorImpl.newInstance(NativeConstructorAccessorImpl.java:62)
java.base/jdk.internal.reflect.DelegatingConstructorAccessorImpl.newInstance(DelegatingConstructorAccessorImpl.java:45)
java.base/java.lang.reflect.Constructor.newInstanceWithCaller(Constructor.java:500)
java.base/java.lang.reflect.Constructor.newInstance(Constructor.java:481)
tera.gameserver.document.DocumentDialog.parseLink(DocumentDialog.java:64)
tera.gameserver.document.DocumentDialog.parseNpc(DocumentDialog.java:136)
tera.gameserver.document.DocumentDialog.parse(DocumentDialog.java:99)
rlib.data.AbstractDocument.parse(AbstractDocument.java:67)
tera.gameserver.tables.NpcDialogTable.<init>(NpcDialogTable.java:63)
tera.gameserver.tables.NpcDialogTable.getInstance(NpcDialogTable.java:32)
tera.gameserver.GameServer.run(GameServer.java:220)

WARNING 19:17:00:183 ReplyTeleport: not found territory for name Maon's Cabin
WARNING 19:17:00:183 ReplyTeleport: not found territory for name Faevine Vale Camp
WARNING 19:17:00:184 ReplyTeleport: not found territory for name Bulwark Camp
WARNING 19:17:00:184 ReplyTeleport: not found territory for name Vanguard Outpost
WARNING 19:17:00:184 ReplyTeleport: not found territory for name Casidhe's Stand
WARNING 19:17:00:185 ReplyTeleport: not found territory for name Sanctum Mysterium
WARNING 19:17:00:185 ReplyTeleport: not found territory for name Marshlands
WARNING 19:17:00:186 ReplyTeleport: not found territory for name Tuwangi Garrison
WARNING 19:17:00:187 ReplyTeleport: not found territory for name Echo Ranch
WARNING 19:17:00:187 ReplyTeleport: not found territory for name Vindicator Camp
WARNING 19:17:00:187 ReplyTeleport: not found territory for name Two Oaks Ranch
WARNING 19:17:00:188 DocumentDialog: InvocationTargetException : null : stack trace:
java.base/jdk.internal.reflect.NativeConstructorAccessorImpl.newInstance0(Native Method)
java.base/jdk.internal.reflect.NativeConstructorAccessorImpl.newInstance(NativeConstructorAccessorImpl.java:62)
java.base/jdk.internal.reflect.DelegatingConstructorAccessorImpl.newInstance(DelegatingConstructorAccessorImpl.java:45)
java.base/java.lang.reflect.Constructor.newInstanceWithCaller(Constructor.java:500)
java.base/java.lang.reflect.Constructor.newInstance(Constructor.java:481)
tera.gameserver.document.DocumentDialog.parseLink(DocumentDialog.java:64)
tera.gameserver.document.DocumentDialog.parseNpc(DocumentDialog.java:136)
tera.gameserver.document.DocumentDialog.parse(DocumentDialog.java:99)
rlib.data.AbstractDocument.parse(AbstractDocument.java:67)
tera.gameserver.tables.NpcDialogTable.<init>(NpcDialogTable.java:63)
tera.gameserver.tables.NpcDialogTable.getInstance(NpcDialogTable.java:32)
tera.gameserver.GameServer.run(GameServer.java:220)

WARNING 19:17:00:189 ReplyTeleport: not found territory for name Desert Research Station
WARNING 19:17:00:189 ReplyTeleport: not found territory for name Barrens Outpost
WARNING 19:17:00:189 ReplyTeleport: not found territory for name Velik's Vigil
WARNING 19:17:00:190 ReplyTeleport: not found territory for name Lee's End Stead
WARNING 19:17:00:191 ReplyTeleport: not found territory for name Desert Overwatch
WARNING 19:17:00:192 ReplyTeleport: not found territory for name Camp Marrakeen
WARNING 19:17:00:192 ReplyTeleport: not found territory for name Sietch Bidaum
WARNING 19:17:00:193 ReplyTeleport: not found territory for name West Watchpost
WARNING 19:17:00:193 ReplyTeleport: not found territory for name Sandwalker Refuge
WARNING 19:17:00:193 ReplyTeleport: not found territory for name Torrent Outpost
WARNING 19:17:00:194 ReplyTeleport: not found territory for name Crusader Camp
WARNING 19:17:00:194 ReplyTeleport: not found territory for name Cathedral Redoubt
WARNING 19:17:00:195 DocumentDialog: InvocationTargetException : null : stack trace:
java.base/jdk.internal.reflect.NativeConstructorAccessorImpl.newInstance0(Native Method)
java.base/jdk.internal.reflect.NativeConstructorAccessorImpl.newInstance(NativeConstructorAccessorImpl.java:62)
java.base/jdk.internal.reflect.DelegatingConstructorAccessorImpl.newInstance(DelegatingConstructorAccessorImpl.java:45)
java.base/java.lang.reflect.Constructor.newInstanceWithCaller(Constructor.java:500)
java.base/java.lang.reflect.Constructor.newInstance(Constructor.java:481)
tera.gameserver.document.DocumentDialog.parseLink(DocumentDialog.java:64)
tera.gameserver.document.DocumentDialog.parseNpc(DocumentDialog.java:136)
tera.gameserver.document.DocumentDialog.parse(DocumentDialog.java:99)
rlib.data.AbstractDocument.parse(AbstractDocument.java:67)
tera.gameserver.tables.NpcDialogTable.<init>(NpcDialogTable.java:63)
tera.gameserver.tables.NpcDialogTable.getInstance(NpcDialogTable.java:32)
tera.gameserver.GameServer.run(GameServer.java:220)

WARNING 19:17:00:195 ReplyTeleport: not found territory for name Desert Research Station
WARNING 19:17:00:196 ReplyTeleport: not found territory for name Barrens Outpost
WARNING 19:17:00:196 ReplyTeleport: not found territory for name Velik's Vigil
WARNING 19:17:00:197 ReplyTeleport: not found territory for name Lee's End Stead
WARNING 19:17:00:197 ReplyTeleport: not found territory for name Desert Overwatch
WARNING 19:17:00:197 ReplyTeleport: not found territory for name Camp Marrakeen
WARNING 19:17:00:198 ReplyTeleport: not found territory for name Sietch Bidaum
WARNING 19:17:00:198 ReplyTeleport: not found territory for name West Watchpost
WARNING 19:17:00:199 ReplyTeleport: not found territory for name Sandwalker Refuge
WARNING 19:17:00:199 ReplyTeleport: not found territory for name Torrent Outpost
WARNING 19:17:00:199 ReplyTeleport: not found territory for name Crusader Camp
WARNING 19:17:00:200 ReplyTeleport: not found territory for name Cathedral Redoubt
WARNING 19:17:00:200 DocumentDialog: InvocationTargetException : null : stack trace:
java.base/jdk.internal.reflect.NativeConstructorAccessorImpl.newInstance0(Native Method)
java.base/jdk.internal.reflect.NativeConstructorAccessorImpl.newInstance(NativeConstructorAccessorImpl.java:62)
java.base/jdk.internal.reflect.DelegatingConstructorAccessorImpl.newInstance(DelegatingConstructorAccessorImpl.java:45)
java.base/java.lang.reflect.Constructor.newInstanceWithCaller(Constructor.java:500)
java.base/java.lang.reflect.Constructor.newInstance(Constructor.java:481)
tera.gameserver.document.DocumentDialog.parseLink(DocumentDialog.java:64)
tera.gameserver.document.DocumentDialog.parseNpc(DocumentDialog.java:136)
tera.gameserver.document.DocumentDialog.parse(DocumentDialog.java:99)
rlib.data.AbstractDocument.parse(AbstractDocument.java:67)
tera.gameserver.tables.NpcDialogTable.<init>(NpcDialogTable.java:63)
tera.gameserver.tables.NpcDialogTable.getInstance(NpcDialogTable.java:32)
tera.gameserver.GameServer.run(GameServer.java:220)

WARNING 19:17:00:201 ReplyTeleport: not found territory for name Cauldron Outpost
WARNING 19:17:00:201 ReplyTeleport: not found territory for name Firebase Intrepid
WARNING 19:17:00:202 ReplyTeleport: not found territory for name Firebase Valor
WARNING 19:17:00:202 DocumentDialog: InvocationTargetException : null : stack trace:
java.base/jdk.internal.reflect.NativeConstructorAccessorImpl.newInstance0(Native Method)
java.base/jdk.internal.reflect.NativeConstructorAccessorImpl.newInstance(NativeConstructorAccessorImpl.java:62)
java.base/jdk.internal.reflect.DelegatingConstructorAccessorImpl.newInstance(DelegatingConstructorAccessorImpl.java:45)
java.base/java.lang.reflect.Constructor.newInstanceWithCaller(Constructor.java:500)
java.base/java.lang.reflect.Constructor.newInstance(Constructor.java:481)
tera.gameserver.document.DocumentDialog.parseLink(DocumentDialog.java:64)
tera.gameserver.document.DocumentDialog.parseNpc(DocumentDialog.java:136)
tera.gameserver.document.DocumentDialog.parse(DocumentDialog.java:99)
rlib.data.AbstractDocument.parse(AbstractDocument.java:67)
tera.gameserver.tables.NpcDialogTable.<init>(NpcDialogTable.java:63)
tera.gameserver.tables.NpcDialogTable.getInstance(NpcDialogTable.java:32)
tera.gameserver.GameServer.run(GameServer.java:220)

WARNING 19:17:00:203 ReplyTeleport: not found territory for name Runicar Research Camp
WARNING 19:17:00:204 ReplyTeleport: not found territory for name Alethea's Last Hope
WARNING 19:17:00:204 ReplyTeleport: not found territory for name Camp Retrebution
WARNING 19:17:00:204 ReplyTeleport: not found territory for name Camp Vigilance
WARNING 19:17:00:205 ReplyTeleport: not found territory for name Embattled Outpost
WARNING 19:17:00:205 ReplyTeleport: not found territory for name Gloomy Outpost
WARNING 19:17:00:206 ReplyTeleport: not found territory for name Spirit Outpost
WARNING 19:17:00:207 ReplyTeleport: not found territory for name Emergency Camp
WARNING 19:17:00:208 ReplyTeleport: not found territory for name Valkyon Federation Camp
WARNING 19:17:00:208 DocumentDialog: InvocationTargetException : null : stack trace:
java.base/jdk.internal.reflect.NativeConstructorAccessorImpl.newInstance0(Native Method)
java.base/jdk.internal.reflect.NativeConstructorAccessorImpl.newInstance(NativeConstructorAccessorImpl.java:62)
java.base/jdk.internal.reflect.DelegatingConstructorAccessorImpl.newInstance(DelegatingConstructorAccessorImpl.java:45)
java.base/java.lang.reflect.Constructor.newInstanceWithCaller(Constructor.java:500)
java.base/java.lang.reflect.Constructor.newInstance(Constructor.java:481)
tera.gameserver.document.DocumentDialog.parseLink(DocumentDialog.java:64)
tera.gameserver.document.DocumentDialog.parseNpc(DocumentDialog.java:136)
tera.gameserver.document.DocumentDialog.parse(DocumentDialog.java:99)
rlib.data.AbstractDocument.parse(AbstractDocument.java:67)
tera.gameserver.tables.NpcDialogTable.<init>(NpcDialogTable.java:63)
tera.gameserver.tables.NpcDialogTable.getInstance(NpcDialogTable.java:32)
tera.gameserver.GameServer.run(GameServer.java:220)

WARNING 19:17:00:209 ReplyTeleport: not found territory for name Runicar Research Camp
WARNING 19:17:00:209 ReplyTeleport: not found territory for name Alethea's Last Hope
WARNING 19:17:00:209 ReplyTeleport: not found territory for name Camp Retrebution
WARNING 19:17:00:210 ReplyTeleport: not found territory for name Camp Vigilance
WARNING 19:17:00:210 ReplyTeleport: not found territory for name Embattled Outpost
WARNING 19:17:00:211 ReplyTeleport: not found territory for name Gloomy Outpost
WARNING 19:17:00:211 ReplyTeleport: not found territory for name Spirit Outpost
WARNING 19:17:00:211 ReplyTeleport: not found territory for name Emergency Camp
WARNING 19:17:00:212 ReplyTeleport: not found territory for name Valkyon Federation Camp
WARNING 19:17:00:212 DocumentDialog: InvocationTargetException : null : stack trace:
java.base/jdk.internal.reflect.NativeConstructorAccessorImpl.newInstance0(Native Method)
java.base/jdk.internal.reflect.NativeConstructorAccessorImpl.newInstance(NativeConstructorAccessorImpl.java:62)
java.base/jdk.internal.reflect.DelegatingConstructorAccessorImpl.newInstance(DelegatingConstructorAccessorImpl.java:45)
java.base/java.lang.reflect.Constructor.newInstanceWithCaller(Constructor.java:500)
java.base/java.lang.reflect.Constructor.newInstance(Constructor.java:481)
tera.gameserver.document.DocumentDialog.parseLink(DocumentDialog.java:64)
tera.gameserver.document.DocumentDialog.parseNpc(DocumentDialog.java:136)
tera.gameserver.document.DocumentDialog.parse(DocumentDialog.java:99)
rlib.data.AbstractDocument.parse(AbstractDocument.java:67)
tera.gameserver.tables.NpcDialogTable.<init>(NpcDialogTable.java:63)
tera.gameserver.tables.NpcDialogTable.getInstance(NpcDialogTable.java:32)
tera.gameserver.GameServer.run(GameServer.java:220)

WARNING 19:17:00:213 ReplyTeleport: not found territory for name Quarantine Zone Research Center
WARNING 19:17:00:213 DocumentDialog: InvocationTargetException : null : stack trace:
java.base/jdk.internal.reflect.NativeConstructorAccessorImpl.newInstance0(Native Method)
java.base/jdk.internal.reflect.NativeConstructorAccessorImpl.newInstance(NativeConstructorAccessorImpl.java:62)
java.base/jdk.internal.reflect.DelegatingConstructorAccessorImpl.newInstance(DelegatingConstructorAccessorImpl.java:45)
java.base/java.lang.reflect.Constructor.newInstanceWithCaller(Constructor.java:500)
java.base/java.lang.reflect.Constructor.newInstance(Constructor.java:481)
tera.gameserver.document.DocumentDialog.parseLink(DocumentDialog.java:64)
tera.gameserver.document.DocumentDialog.parseNpc(DocumentDialog.java:136)
tera.gameserver.document.DocumentDialog.parse(DocumentDialog.java:99)
rlib.data.AbstractDocument.parse(AbstractDocument.java:67)
tera.gameserver.tables.NpcDialogTable.<init>(NpcDialogTable.java:63)
tera.gameserver.tables.NpcDialogTable.getInstance(NpcDialogTable.java:32)
tera.gameserver.GameServer.run(GameServer.java:220)

WARNING 19:17:00:214 ReplyTeleport: not found territory for name Stronghold Camp
WARNING 19:17:00:214 ReplyTeleport: not found territory for name Camp Curiosity
WARNING 19:17:00:214 ReplyTeleport: not found territory for name Camp Sagacity
WARNING 19:17:00:215 ReplyTeleport: not found territory for name Camp Sunlight
WARNING 19:17:00:215 DocumentDialog: InvocationTargetException : null : stack trace:
java.base/jdk.internal.reflect.NativeConstructorAccessorImpl.newInstance0(Native Method)
java.base/jdk.internal.reflect.NativeConstructorAccessorImpl.newInstance(NativeConstructorAccessorImpl.java:62)
java.base/jdk.internal.reflect.DelegatingConstructorAccessorImpl.newInstance(DelegatingConstructorAccessorImpl.java:45)
java.base/java.lang.reflect.Constructor.newInstanceWithCaller(Constructor.java:500)
java.base/java.lang.reflect.Constructor.newInstance(Constructor.java:481)
tera.gameserver.document.DocumentDialog.parseLink(DocumentDialog.java:64)
tera.gameserver.document.DocumentDialog.parseNpc(DocumentDialog.java:136)
tera.gameserver.document.DocumentDialog.parse(DocumentDialog.java:99)
rlib.data.AbstractDocument.parse(AbstractDocument.java:67)
tera.gameserver.tables.NpcDialogTable.<init>(NpcDialogTable.java:63)
tera.gameserver.tables.NpcDialogTable.getInstance(NpcDialogTable.java:32)
tera.gameserver.GameServer.run(GameServer.java:220)

INFO 19:17:00:232 NpcDialogTable: loaded 87 dialogs.
INFO 19:17:00:237 MessagePackageTable: loaded 34 message packages.
INFO 19:17:00:267 ConfigAITable: loaded 45 npc ai configs.
INFO 19:17:00:279 NpcAppearanceTable: initialized. Loaded 59 appearances.
WARNING 19:17:00:380 NpcTable: detected once the file C:\Users\jorou\Downloads\TeraOnlineServer_Shock_1732\gameserver\.\data\npcs\summons\playable_summons.zip
INFO 19:17:00:388 NpcTable: loaded  816 npcs.
INFO 19:17:00:398 ResourseTable: loaded  253 resourses.
INFO 19:17:00:406 MinionTable: loaded 303 minions for 42 npcs.
INFO 19:17:00:406 RegenTaskManager: initializable.
INFO 19:17:00:411 Formulas: initialized.
INFO 19:17:00:412 EffectTaskManager: initialized.
INFO 19:17:00:692 ObjectEventManager: initialized.
INFO 19:17:00:693 MoveTaskManager: initialized.
INFO 19:17:01:071 SpawnTable: loaded 19515 spawns for 617 npcs and 2013 spawns for 60 resourses.
INFO 19:17:01:094 GeoMap3D: start fast import geodata_1.dat
INFO 19:17:01:316 GeoMap3D: import ended. load 1867238 quards.
INFO 19:17:01:317 GeoMap3D: start fast import geodata_2.dat
INFO 19:17:01:385 GeoMap3D: import ended. load 440227 quards.
INFO 19:17:01:388 GeoMap3D: start fast import geodata_3.dat
INFO 19:17:01:416 GeoMap3D: import ended. load 58040 quards.
INFO 19:17:01:418 GeoManager: initialized.
INFO 19:17:01:424 ItemExecutorManager: loaded 0 executor items.
INFO 19:17:01:446 CommandManager: loaded 94 commands.
INFO 19:17:01:467 SkillLearnManager: loaded 950 skill learn's for 8 clases.
INFO 19:17:01:476 AnnounceManager: loaded 0 start announces and 0 running announces.
INFO 19:17:01:479 AccountManager: initialized.
INFO 19:17:01:483 GuildManager: loaded 0 guilds.
INFO 19:17:01:795 QuestManager: loaded 455 quests.
INFO 19:17:01:796 OnlineManager: initialized.
INFO 19:17:01:800 GameLogManager: initialized.
WARNING 19:17:01:811 DocumentRegionWar: not found territory for 400
WARNING 19:17:01:811 DocumentRegionWar: not found territory for 401
WARNING 19:17:01:812 DocumentRegionWar: not found territory for 402
WARNING 19:17:01:812 DocumentRegionWar: not found territory for 403
INFO 19:17:01:813 EventManager: loaded 5 events.
INFO 19:17:01:920 EventManager: the nearest event in 35 minutes.
INFO 19:17:01:923 PlayerManager: initialized.
INFO 19:17:01:930 Network: started.
INFO 19:17:01:930 GameServer: started.
