INFO 09:01:09:585 ServerControl: open server socket on 2101 port.
INFO 09:01:09:593 ExecutorManager: initialized.
INFO 09:01:10:031 CleaningManager: delete 4 reuses from a character_skill_reuses.
INFO 09:01:10:031 CleaningManager: delete 0 spawns from a boss_spawn.
INFO 09:01:10:032 CleaningManager: delete 0 appearances from a character_appearances.
INFO 09:01:10:033 CleaningManager: delete 0 effects from a character_save_effects.
INFO 09:01:10:033 CleaningManager: delete 0 inventors from a character_inventors.
INFO 09:01:10:034 CleaningManager: delete 0 skills from a character_skills.
INFO 09:01:10:034 CleaningManager: delete 0 hotkeys from a character_hotkey.
INFO 09:01:10:035 CleaningManager: delete 0 chars from a character_friends.
INFO 09:01:10:036 CleaningManager: delete 0 friends from a character_friends.
INFO 09:01:10:037 CleaningManager: delete 0 settings from a character_settings.
INFO 09:01:10:038 CleaningManager: delete 0 empty items from a items.
INFO 09:01:10:040 CleaningManager: delete 0 no owner items from a items.
INFO 09:01:10:040 CleaningManager: delete 0 no owner guild items from a items.
INFO 09:01:10:092 CleaningManager: create buffer table items.
INFO 09:01:10:094 CleaningManager: copy 218 items to buffer_items.
INFO 09:01:10:095 CleaningManager: delete 0 no owner items from a buffer_items.
INFO 09:01:10:107 CleaningManager: drop buffer table items.
INFO 09:01:10:108 CleaningManager: delete 0 from a quests.
INFO 09:01:10:109 CleaningManager: delete 0 from a quest variables.
INFO 09:01:10:109 CleaningManager: delete 0 from a guild ranks.
INFO 09:01:10:153 ClientPacketType: client packets prepared.
INFO 09:01:10:166 EffectParser: initialized.
INFO 09:01:10:169 RandomManager: initialized.
INFO 09:01:10:170 IdFactory: prepare npc ids...
INFO 09:01:10:171 BitSetIdGenerator: 102912 id's available.
INFO 09:01:10:172 IdFactory: prepare objects ids...
INFO 09:01:10:172 BitSetIdGenerator: 102912 id's available.
INFO 09:01:10:173 IdFactory: prepare players ids...
INFO 09:01:10:175 BitSetIdGenerator: extracted 12 ids.
INFO 09:01:10:175 BitSetIdGenerator: 102912 id's available.
INFO 09:01:10:176 IdFactory: prepare guilds ids...
INFO 09:01:10:177 BitSetIdGenerator: extracted 1 ids.
INFO 09:01:10:177 BitSetIdGenerator: 102912 id's available.
INFO 09:01:10:178 IdFactory: prepare item ids...
INFO 09:01:10:180 BitSetIdGenerator: extracted 218 ids.
INFO 09:01:10:180 BitSetIdGenerator: 102912 id's available.
INFO 09:01:10:191 ServerVarManager: loaded 0 variables.
INFO 09:01:10:194 BossSpawnManager: loaded 0 boss spawns.
INFO 09:01:10:865 TerritoryTable: loaded 160 territories for 18803 regions.
INFO 09:01:12:189 WorldZoneTable: loaded 12 world zones for 31986 regions.
INFO 09:01:12:190 ConditionParser: initializable.
WARNING 09:01:12:742 SkillTable: detected once the file C:\Users\jorou\Downloads\TeraOnlineServer_Shock_1732\gameserver\.\data\skills\summon_skills\deprecated.zip
INFO 09:01:12:769 SkillTable: loaded 4613 skills for 19 classes.
WARNING 09:01:12:779 ItemTable: detected once the file C:\Users\jorou\Downloads\TeraOnlineServer_Shock_1732\gameserver\.\data\items\adaptations.txt
INFO 09:01:13:157 ItemTable: loaded 10138 items.
INFO 09:01:13:173 Race: race appearances initializable.
INFO 09:01:13:185 PlayerTable: loaded 104 player templates.
WARNING 09:01:13:436 DropTable: not found items [50048]
INFO 09:01:13:436 DropTable: load drop for 407 npcs and 126 for resourse.
INFO 09:01:13:442 TownTable: initialized.
WARNING 09:01:13:464 NpcDialogTable: detected once the file C:\Users\jorou\Downloads\TeraOnlineServer_Shock_1732\gameserver\.\data\dialogs\dialogs.txt
INFO 09:01:13:503 NpcDialogTable: loaded 87 dialogs.
INFO 09:01:13:518 MessagePackageTable: loaded 34 message packages.
INFO 09:01:13:556 ConfigAITable: loaded 45 npc ai configs.
INFO 09:01:13:571 NpcAppearanceTable: initialized. Loaded 59 appearances.
WARNING 09:01:13:762 NpcTable: found duplicate npc template NpcTemplate npcId = 20001, exp = 0, attack = 126000, defense = 5000, owerAttack = 1500, owerDefense = 10000, level = 60, aggro = 5000, factionRange = 5000, name = *Шальной*, title = Мастер мечей, factionId = Элита, type = 300, isRaid = false, canDrop = false, drop = null, minions = null, dialog = null, geomRadius = 20.0, geomHeight = 60.0, npcType = PLAYER_KILLER in file .\data\npcs\south_arun\velika.xml
WARNING 09:01:13:800 NpcTable: detected once the file C:\Users\jorou\Downloads\TeraOnlineServer_Shock_1732\gameserver\.\data\npcs\summons\playable_summons.zip
INFO 09:01:13:816 NpcTable: loaded  816 npcs.
INFO 09:01:13:839 ResourseTable: loaded  253 resourses.
INFO 09:01:13:854 MinionTable: loaded 303 minions for 42 npcs.
INFO 09:01:13:856 RegenTaskManager: initializable.
INFO 09:01:13:864 Formulas: initialized.
INFO 09:01:13:866 EffectTaskManager: initialized.
INFO 09:01:14:230 ObjectEventManager: initialized.
INFO 09:01:14:231 MoveTaskManager: initialized.
INFO 09:01:14:713 SpawnTable: loaded 19516 spawns for 618 npcs and 2013 spawns for 60 resourses.
INFO 09:01:14:790 GeoMap3D: start fast import geodata_1.dat
INFO 09:01:15:039 GeoMap3D: import ended. load 1867238 quards.
INFO 09:01:15:040 GeoMap3D: start fast import geodata_2.dat
INFO 09:01:15:115 GeoMap3D: import ended. load 440227 quards.
INFO 09:01:15:120 GeoMap3D: start fast import geodata_3.dat
INFO 09:01:15:171 GeoMap3D: import ended. load 58040 quards.
INFO 09:01:15:176 GeoManager: initialized.
INFO 09:01:15:181 ItemExecutorManager: loaded 0 executor items.
INFO 09:01:15:198 CommandManager: loaded 95 commands.
INFO 09:01:15:213 SkillLearnManager: loaded 950 skill learn's for 8 clases.
INFO 09:01:15:224 AnnounceManager: loaded 0 start announces and 0 running announces.
INFO 09:01:15:227 AccountManager: initialized.
INFO 09:01:15:245 GuildManager: loaded 1 guilds.
INFO 09:01:15:604 QuestManager: loaded 455 quests.
INFO 09:01:15:608 OnlineManager: initialized.
INFO 09:01:15:618 GameLogManager: initialized.
INFO 09:01:15:689 Region: next battle "Veritas District" in 2020.06.28 16:00.
INFO 09:01:15:694 Region: next battle "Ostgarath" in 2020.06.28 16:00.
INFO 09:01:15:696 Region: next battle "Val Palrada" in 2020.06.27 20:00.
INFO 09:01:15:697 Region: next battle "Val Aureum" in 2020.06.27 20:00.
INFO 09:01:15:698 EventManager: loaded 5 events.
INFO 09:01:15:815 EventManager: the nearest event in 56 minutes.
INFO 09:01:15:820 PlayerManager: initialized.
INFO 09:01:15:827 Network: started.
INFO 09:01:15:828 GameServer: started.
INFO 09:01:21:113 AccountManager: authed islanzadie
WARNING 09:03:56:261 NpcTable: detected once the file C:\Users\jorou\Downloads\TeraOnlineServer_Shock_1732\gameserver\.\data\npcs\summons\playable_summons.zip
INFO 09:03:56:273 NpcTable: npcs reloaded.
INFO 09:04:05:177 SpawnTable: reloaded.
WARNING 09:06:20:780 NpcTable: detected once the file C:\Users\jorou\Downloads\TeraOnlineServer_Shock_1732\gameserver\.\data\npcs\summons\playable_summons.zip
INFO 09:06:20:791 NpcTable: npcs reloaded.
WARNING 09:35:56:377 CommandManager: NullPointerException : null : stack trace:
tera.gameserver.scripts.commands.WorldCommand.execution(WorldCommand.java:89)
tera.gameserver.manager.CommandManager.execute(CommandManager.java:74)
tera.gameserver.network.clientpackets.PlayerSay.runImpl(PlayerSay.java:84)
rlib.network.packets.AbstractReadeablePacket.run(AbstractReadeablePacket.java:175)
java.base/java.util.concurrent.ThreadPoolExecutor.runWorker(ThreadPoolExecutor.java:1128)
java.base/java.util.concurrent.ThreadPoolExecutor$Worker.run(ThreadPoolExecutor.java:628)
java.base/java.lang.Thread.run(Thread.java:830)

WARNING 09:36:00:232 CommandManager: NullPointerException : null : stack trace:
tera.gameserver.scripts.commands.WorldCommand.execution(WorldCommand.java:89)
tera.gameserver.manager.CommandManager.execute(CommandManager.java:74)
tera.gameserver.network.clientpackets.PlayerSay.runImpl(PlayerSay.java:84)
rlib.network.packets.AbstractReadeablePacket.run(AbstractReadeablePacket.java:175)
java.base/java.util.concurrent.ThreadPoolExecutor.runWorker(ThreadPoolExecutor.java:1128)
java.base/java.util.concurrent.ThreadPoolExecutor$Worker.run(ThreadPoolExecutor.java:628)
java.base/java.lang.Thread.run(Thread.java:830)

WARNING 09:36:10:107 CommandManager: NullPointerException : null : stack trace:
tera.gameserver.scripts.commands.WorldCommand.execution(WorldCommand.java:89)
tera.gameserver.manager.CommandManager.execute(CommandManager.java:74)
tera.gameserver.network.clientpackets.PlayerSay.runImpl(PlayerSay.java:84)
rlib.network.packets.AbstractReadeablePacket.run(AbstractReadeablePacket.java:175)
java.base/java.util.concurrent.ThreadPoolExecutor.runWorker(ThreadPoolExecutor.java:1128)
java.base/java.util.concurrent.ThreadPoolExecutor$Worker.run(ThreadPoolExecutor.java:628)
java.base/java.lang.Thread.run(Thread.java:830)

WARNING 09:36:19:262 CommandManager: ArrayIndexOutOfBoundsException : Index 1 out of bounds for length 1 : stack trace:
tera.gameserver.scripts.commands.NpcCommands.execution(NpcCommands.java:227)
tera.gameserver.manager.CommandManager.execute(CommandManager.java:74)
tera.gameserver.network.clientpackets.PlayerSay.runImpl(PlayerSay.java:84)
rlib.network.packets.AbstractReadeablePacket.run(AbstractReadeablePacket.java:175)
java.base/java.util.concurrent.ThreadPoolExecutor.runWorker(ThreadPoolExecutor.java:1128)
java.base/java.util.concurrent.ThreadPoolExecutor$Worker.run(ThreadPoolExecutor.java:628)
java.base/java.lang.Thread.run(Thread.java:830)

WARNING 09:38:20:962 NpcTable: detected once the file C:\Users\jorou\Downloads\TeraOnlineServer_Shock_1732\gameserver\.\data\npcs\summons\playable_summons.zip
INFO 09:38:20:970 NpcTable: npcs reloaded.
INFO 09:38:25:288 SpawnTable: reloaded.
WARNING 10:36:59:484 NpcTable: detected once the file C:\Users\jorou\Downloads\TeraOnlineServer_Shock_1732\gameserver\.\data\npcs\summons\playable_summons.zip
INFO 10:36:59:497 NpcTable: npcs reloaded.
INFO 10:37:06:311 SpawnTable: reloaded.
WARNING 10:40:23:508 NpcTable: detected once the file C:\Users\jorou\Downloads\TeraOnlineServer_Shock_1732\gameserver\.\data\npcs\summons\playable_summons.zip
INFO 10:40:23:519 NpcTable: npcs reloaded.
WARNING 10:42:12:416 NpcTable: detected once the file C:\Users\jorou\Downloads\TeraOnlineServer_Shock_1732\gameserver\.\data\npcs\summons\playable_summons.zip
INFO 10:42:12:426 NpcTable: npcs reloaded.
INFO 10:42:14:374 SpawnTable: reloaded.
WARNING 10:43:43:469 NpcTable: detected once the file C:\Users\jorou\Downloads\TeraOnlineServer_Shock_1732\gameserver\.\data\npcs\summons\playable_summons.zip
INFO 10:43:43:478 NpcTable: npcs reloaded.
WARNING 10:46:37:539 CommandManager: ArrayIndexOutOfBoundsException : Index 1 out of bounds for length 1 : stack trace:
tera.gameserver.scripts.commands.NpcCommands.execution(NpcCommands.java:227)
tera.gameserver.manager.CommandManager.execute(CommandManager.java:74)
tera.gameserver.network.clientpackets.PlayerSay.runImpl(PlayerSay.java:84)
rlib.network.packets.AbstractReadeablePacket.run(AbstractReadeablePacket.java:175)
java.base/java.util.concurrent.ThreadPoolExecutor.runWorker(ThreadPoolExecutor.java:1128)
java.base/java.util.concurrent.ThreadPoolExecutor$Worker.run(ThreadPoolExecutor.java:628)
java.base/java.lang.Thread.run(Thread.java:830)

INFO 10:47:09:674 SpawnTable: reloaded.
WARNING 10:51:02:285 NpcTable: detected once the file C:\Users\jorou\Downloads\TeraOnlineServer_Shock_1732\gameserver\.\data\npcs\summons\playable_summons.zip
INFO 10:51:02:299 NpcTable: npcs reloaded.
WARNING 10:51:18:664 NpcTable: detected once the file C:\Users\jorou\Downloads\TeraOnlineServer_Shock_1732\gameserver\.\data\npcs\summons\playable_summons.zip
INFO 10:51:18:669 NpcTable: npcs reloaded.
INFO 10:51:23:595 SpawnTable: reloaded.
INFO 10:53:28:654 AccountManager: close islanzadie
