INFO 23:43:25:026 ServerControl: open server socket on 2101 port.
INFO 23:43:25:032 ExecutorManager: initialized.
INFO 23:43:25:367 CleaningManager: delete 0 reuses from a character_skill_reuses.
INFO 23:43:25:368 CleaningManager: delete 0 spawns from a boss_spawn.
INFO 23:43:25:376 CleaningManager: delete 0 appearances from a character_appearances.
INFO 23:43:25:382 CleaningManager: delete 0 effects from a character_save_effects.
INFO 23:43:25:383 CleaningManager: delete 0 inventors from a character_inventors.
INFO 23:43:25:384 CleaningManager: delete 0 skills from a character_skills.
INFO 23:43:25:391 CleaningManager: delete 0 hotkeys from a character_hotkey.
INFO 23:43:25:392 CleaningManager: delete 0 chars from a character_friends.
INFO 23:43:25:393 CleaningManager: delete 0 friends from a character_friends.
INFO 23:43:25:399 CleaningManager: delete 0 settings from a character_settings.
INFO 23:43:25:401 CleaningManager: delete 0 empty items from a items.
INFO 23:43:25:401 CleaningManager: delete 0 no owner items from a items.
INFO 23:43:25:402 CleaningManager: delete 0 no owner guild items from a items.
INFO 23:43:25:439 CleaningManager: create buffer table items.
INFO 23:43:25:441 CleaningManager: copy 30 items to buffer_items.
INFO 23:43:25:442 CleaningManager: delete 0 no owner items from a buffer_items.
INFO 23:43:25:448 CleaningManager: drop buffer table items.
INFO 23:43:25:450 CleaningManager: delete 0 from a quests.
INFO 23:43:25:451 CleaningManager: delete 0 from a quest variables.
INFO 23:43:25:452 CleaningManager: delete 0 from a guild ranks.
INFO 23:43:25:497 ClientPacketType: client packets prepared.
INFO 23:43:25:507 EffectParser: initialized.
INFO 23:43:25:509 RandomManager: initialized.
INFO 23:43:25:509 IdFactory: prepare npc ids...
INFO 23:43:25:511 BitSetIdGenerator: 102912 id's available.
INFO 23:43:25:511 IdFactory: prepare objects ids...
INFO 23:43:25:512 BitSetIdGenerator: 102912 id's available.
INFO 23:43:25:513 IdFactory: prepare players ids...
INFO 23:43:25:515 BitSetIdGenerator: extracted 3 ids.
INFO 23:43:25:515 BitSetIdGenerator: 102912 id's available.
INFO 23:43:25:516 IdFactory: prepare guilds ids...
INFO 23:43:25:517 BitSetIdGenerator: extracted 0 ids.
INFO 23:43:25:517 BitSetIdGenerator: 102912 id's available.
INFO 23:43:25:518 IdFactory: prepare item ids...
INFO 23:43:25:519 BitSetIdGenerator: extracted 30 ids.
INFO 23:43:25:519 BitSetIdGenerator: 102912 id's available.
INFO 23:43:25:530 ServerVarManager: loaded 0 variables.
INFO 23:43:25:532 BossSpawnManager: loaded 0 boss spawns.
INFO 23:43:26:112 TerritoryTable: loaded 160 territories for 18803 regions.
INFO 23:43:27:162 WorldZoneTable: loaded 12 world zones for 31986 regions.
INFO 23:43:27:163 ConditionParser: initializable.
WARNING 23:43:27:473 SkillTable: detected once the file C:\Users\jorou\Downloads\TeraOnlineServer_Shock_1732\gameserver\.\data\skills\summon_skills\deprecated.zip
INFO 23:43:27:487 SkillTable: loaded 4613 skills for 19 classes.
INFO 23:43:27:759 ItemTable: loaded 10138 items.
INFO 23:43:27:768 Race: race appearances initializable.
INFO 23:43:27:774 PlayerTable: loaded 104 player templates.
INFO 23:43:28:051 DropTable: load drop for 407 npcs and 126 for resourse.
INFO 23:43:28:055 TownTable: initialized.
WARNING 23:43:28:071 NpcDialogTable: detected once the file C:\Users\jorou\Downloads\TeraOnlineServer_Shock_1732\gameserver\.\data\dialogs\dialogs.txt
INFO 23:43:28:101 NpcDialogTable: loaded 87 dialogs.
INFO 23:43:28:106 MessagePackageTable: loaded 34 message packages.
INFO 23:43:28:136 ConfigAITable: loaded 45 npc ai configs.
INFO 23:43:28:147 NpcAppearanceTable: initialized. Loaded 59 appearances.
WARNING 23:43:28:246 NpcTable: detected once the file C:\Users\jorou\Downloads\TeraOnlineServer_Shock_1732\gameserver\.\data\npcs\summons\playable_summons.zip
INFO 23:43:28:255 NpcTable: loaded  816 npcs.
INFO 23:43:28:267 ResourseTable: loaded  253 resourses.
INFO 23:43:28:275 MinionTable: loaded 303 minions for 42 npcs.
INFO 23:43:28:276 RegenTaskManager: initializable.
INFO 23:43:28:281 Formulas: initialized.
INFO 23:43:28:282 EffectTaskManager: initialized.
INFO 23:43:28:581 ObjectEventManager: initialized.
INFO 23:43:28:582 MoveTaskManager: initialized.
INFO 23:43:29:040 SpawnTable: loaded 19515 spawns for 617 npcs and 2013 spawns for 60 resourses.
INFO 23:43:29:062 GeoMap3D: start fast import geodata_1.dat
INFO 23:43:29:255 GeoMap3D: import ended. load 1867238 quards.
INFO 23:43:29:257 GeoMap3D: start fast import geodata_2.dat
INFO 23:43:29:338 GeoMap3D: import ended. load 440227 quards.
INFO 23:43:29:341 GeoMap3D: start fast import geodata_3.dat
INFO 23:43:29:360 GeoMap3D: import ended. load 58040 quards.
INFO 23:43:29:363 GeoManager: initialized.
INFO 23:43:29:367 ItemExecutorManager: loaded 0 executor items.
INFO 23:43:29:380 CommandManager: loaded 94 commands.
INFO 23:43:29:396 SkillLearnManager: loaded 950 skill learn's for 8 clases.
INFO 23:43:29:399 AnnounceManager: loaded 0 start announces and 0 running announces.
INFO 23:43:29:401 AccountManager: initialized.
INFO 23:43:29:404 GuildManager: loaded 0 guilds.
INFO 23:43:29:691 QuestManager: loaded 455 quests.
INFO 23:43:29:694 OnlineManager: initialized.
INFO 23:43:29:706 GameLogManager: initialized.
INFO 23:43:29:787 Region: next battle "Veritas District" in 2020.06.21 16:00.
INFO 23:43:29:790 Region: next battle "Ostgarath" in 2020.06.21 16:00.
INFO 23:43:29:793 Region: next battle "Val Palrada" in 2020.06.27 20:00.
INFO 23:43:29:795 Region: next battle "Val Aureum" in 2020.06.27 20:00.
INFO 23:43:29:795 EventManager: loaded 5 events.
INFO 23:43:29:908 EventManager: the nearest event in 43 minutes.
INFO 23:43:29:913 PlayerManager: initialized.
INFO 23:43:29:920 Network: started.
INFO 23:43:29:922 GameServer: started.
INFO 23:44:39:419 AccountManager: authed islanzadie
INFO 23:44:46:506 AccountManager: close islanzadie
INFO 23:44:55:723 AccountManager: authed islanzadie
INFO 23:45:30:902 AccountManager: close islanzadie
