INFO 20:39:08:754 ServerControl: open server socket on 2101 port.
INFO 20:39:08:760 ExecutorManager: initialized.
INFO 20:39:09:081 CleaningManager: delete 0 reuses from a character_skill_reuses.
INFO 20:39:09:082 CleaningManager: delete 0 spawns from a boss_spawn.
INFO 20:39:09:083 CleaningManager: delete 0 appearances from a character_appearances.
INFO 20:39:09:083 CleaningManager: delete 0 effects from a character_save_effects.
INFO 20:39:09:084 CleaningManager: delete 0 inventors from a character_inventors.
INFO 20:39:09:084 CleaningManager: delete 0 skills from a character_skills.
INFO 20:39:09:085 CleaningManager: delete 0 hotkeys from a character_hotkey.
INFO 20:39:09:086 CleaningManager: delete 0 chars from a character_friends.
INFO 20:39:09:086 CleaningManager: delete 0 friends from a character_friends.
INFO 20:39:09:087 CleaningManager: delete 0 settings from a character_settings.
INFO 20:39:09:087 CleaningManager: delete 0 empty items from a items.
INFO 20:39:09:088 CleaningManager: delete 0 no owner items from a items.
INFO 20:39:09:088 CleaningManager: delete 0 no owner guild items from a items.
INFO 20:39:09:126 CleaningManager: create buffer table items.
INFO 20:39:09:128 CleaningManager: copy 119 items to buffer_items.
INFO 20:39:09:129 CleaningManager: delete 0 no owner items from a buffer_items.
INFO 20:39:09:136 CleaningManager: drop buffer table items.
INFO 20:39:09:136 CleaningManager: delete 0 from a quests.
INFO 20:39:09:137 CleaningManager: delete 0 from a quest variables.
INFO 20:39:09:137 CleaningManager: delete 0 from a guild ranks.
INFO 20:39:09:177 ClientPacketType: client packets prepared.
INFO 20:39:09:187 EffectParser: initialized.
INFO 20:39:09:189 RandomManager: initialized.
INFO 20:39:09:190 IdFactory: prepare npc ids...
INFO 20:39:09:192 BitSetIdGenerator: 102912 id's available.
INFO 20:39:09:192 IdFactory: prepare objects ids...
INFO 20:39:09:192 BitSetIdGenerator: 102912 id's available.
INFO 20:39:09:193 IdFactory: prepare players ids...
INFO 20:39:09:195 BitSetIdGenerator: extracted 10 ids.
INFO 20:39:09:195 BitSetIdGenerator: 102912 id's available.
INFO 20:39:09:195 IdFactory: prepare guilds ids...
INFO 20:39:09:196 BitSetIdGenerator: extracted 1 ids.
INFO 20:39:09:196 BitSetIdGenerator: 102912 id's available.
INFO 20:39:09:197 IdFactory: prepare item ids...
INFO 20:39:09:198 BitSetIdGenerator: extracted 119 ids.
INFO 20:39:09:198 BitSetIdGenerator: 102912 id's available.
INFO 20:39:09:208 ServerVarManager: loaded 0 variables.
INFO 20:39:09:211 BossSpawnManager: loaded 0 boss spawns.
INFO 20:39:09:788 TerritoryTable: loaded 160 territories for 18803 regions.
INFO 20:39:11:031 WorldZoneTable: loaded 12 world zones for 31986 regions.
INFO 20:39:11:033 ConditionParser: initializable.
WARNING 20:39:11:506 SkillTable: detected once the file C:\Users\jorou\Downloads\TeraOnlineServer_Shock_1732\gameserver\.\data\skills\summon_skills\deprecated.zip
INFO 20:39:11:527 SkillTable: loaded 4613 skills for 19 classes.
INFO 20:39:11:918 ItemTable: loaded 10138 items.
INFO 20:39:11:930 Race: race appearances initializable.
INFO 20:39:11:936 PlayerTable: loaded 104 player templates.
WARNING 20:39:12:153 DropTable: not found items [50048]
INFO 20:39:12:158 DropTable: load drop for 407 npcs and 126 for resourse.
INFO 20:39:12:166 TownTable: initialized.
WARNING 20:39:12:185 NpcDialogTable: detected once the file C:\Users\jorou\Downloads\TeraOnlineServer_Shock_1732\gameserver\.\data\dialogs\dialogs.txt
INFO 20:39:12:218 NpcDialogTable: loaded 87 dialogs.
INFO 20:39:12:227 MessagePackageTable: loaded 34 message packages.
INFO 20:39:12:257 ConfigAITable: loaded 45 npc ai configs.
INFO 20:39:12:270 NpcAppearanceTable: initialized. Loaded 59 appearances.
WARNING 20:39:12:375 NpcTable: detected once the file C:\Users\jorou\Downloads\TeraOnlineServer_Shock_1732\gameserver\.\data\npcs\summons\playable_summons.zip
INFO 20:39:12:382 NpcTable: loaded  816 npcs.
INFO 20:39:12:391 ResourseTable: loaded  253 resourses.
INFO 20:39:12:400 MinionTable: loaded 303 minions for 42 npcs.
INFO 20:39:12:400 RegenTaskManager: initializable.
INFO 20:39:12:405 Formulas: initialized.
INFO 20:39:12:406 EffectTaskManager: initialized.
INFO 20:39:12:682 ObjectEventManager: initialized.
INFO 20:39:12:683 MoveTaskManager: initialized.
INFO 20:39:13:043 SpawnTable: loaded 19515 spawns for 617 npcs and 2013 spawns for 60 resourses.
INFO 20:39:13:107 GeoMap3D: start fast import geodata_1.dat
INFO 20:39:13:289 GeoMap3D: import ended. load 1867238 quards.
INFO 20:39:13:290 GeoMap3D: start fast import geodata_2.dat
INFO 20:39:13:362 GeoMap3D: import ended. load 440227 quards.
INFO 20:39:13:363 GeoMap3D: start fast import geodata_3.dat
INFO 20:39:13:394 GeoMap3D: import ended. load 58040 quards.
INFO 20:39:13:394 GeoManager: initialized.
INFO 20:39:13:397 ItemExecutorManager: loaded 0 executor items.
INFO 20:39:13:410 CommandManager: loaded 94 commands.
INFO 20:39:13:422 SkillLearnManager: loaded 950 skill learn's for 8 clases.
INFO 20:39:13:426 AnnounceManager: loaded 0 start announces and 0 running announces.
INFO 20:39:13:428 AccountManager: initialized.
INFO 20:39:13:438 GuildManager: loaded 1 guilds.
INFO 20:39:13:646 QuestManager: loaded 455 quests.
INFO 20:39:13:649 OnlineManager: initialized.
INFO 20:39:13:655 GameLogManager: initialized.
INFO 20:39:13:721 Region: next battle "Veritas District" in 2020.06.28 16:00.
INFO 20:39:13:723 Region: next battle "Ostgarath" in 2020.06.28 16:00.
INFO 20:39:13:726 Region: next battle "Val Palrada" in 2020.06.27 20:00.
INFO 20:39:13:727 Region: next battle "Val Aureum" in 2020.06.27 20:00.
INFO 20:39:13:728 EventManager: loaded 5 events.
INFO 20:39:13:853 EventManager: the nearest event in 32 minutes.
INFO 20:39:13:856 PlayerManager: initialized.
INFO 20:39:13:863 Network: started.
INFO 20:39:13:864 GameServer: started.
INFO 20:40:08:732 AccountManager: authed islanzadie
WARNING 20:45:35:024 ItemCommand: Exception : not create donate item for id 13226 : stack trace:
tera.gameserver.scripts.commands.ItemCommand.execution(ItemCommand.java:58)
tera.gameserver.manager.CommandManager.execute(CommandManager.java:74)
tera.gameserver.network.clientpackets.PlayerSay.runImpl(PlayerSay.java:84)
rlib.network.packets.AbstractReadeablePacket.run(AbstractReadeablePacket.java:175)
java.base/java.util.concurrent.ThreadPoolExecutor.runWorker(ThreadPoolExecutor.java:1128)
java.base/java.util.concurrent.ThreadPoolExecutor$Worker.run(ThreadPoolExecutor.java:628)
java.base/java.lang.Thread.run(Thread.java:830)

WARNING 20:46:05:016 ItemCommand: Exception : not create donate item for id 13234 : stack trace:
tera.gameserver.scripts.commands.ItemCommand.execution(ItemCommand.java:58)
tera.gameserver.manager.CommandManager.execute(CommandManager.java:74)
tera.gameserver.network.clientpackets.PlayerSay.runImpl(PlayerSay.java:84)
rlib.network.packets.AbstractReadeablePacket.run(AbstractReadeablePacket.java:175)
java.base/java.util.concurrent.ThreadPoolExecutor.runWorker(ThreadPoolExecutor.java:1128)
java.base/java.util.concurrent.ThreadPoolExecutor$Worker.run(ThreadPoolExecutor.java:628)
java.base/java.lang.Thread.run(Thread.java:830)

WARNING 20:49:03:815 ItemCommand: Exception : not create donate item for id 20434 : stack trace:
tera.gameserver.scripts.commands.ItemCommand.execution(ItemCommand.java:58)
tera.gameserver.manager.CommandManager.execute(CommandManager.java:74)
tera.gameserver.network.clientpackets.PlayerSay.runImpl(PlayerSay.java:84)
rlib.network.packets.AbstractReadeablePacket.run(AbstractReadeablePacket.java:175)
java.base/java.util.concurrent.ThreadPoolExecutor.runWorker(ThreadPoolExecutor.java:1128)
java.base/java.util.concurrent.ThreadPoolExecutor$Worker.run(ThreadPoolExecutor.java:628)
java.base/java.lang.Thread.run(Thread.java:830)

WARNING 20:49:08:560 ItemCommand: Exception : not create donate item for id 20434 : stack trace:
tera.gameserver.scripts.commands.ItemCommand.execution(ItemCommand.java:58)
tera.gameserver.manager.CommandManager.execute(CommandManager.java:74)
tera.gameserver.network.clientpackets.PlayerSay.runImpl(PlayerSay.java:84)
rlib.network.packets.AbstractReadeablePacket.run(AbstractReadeablePacket.java:175)
java.base/java.util.concurrent.ThreadPoolExecutor.runWorker(ThreadPoolExecutor.java:1128)
java.base/java.util.concurrent.ThreadPoolExecutor$Worker.run(ThreadPoolExecutor.java:628)
java.base/java.lang.Thread.run(Thread.java:830)

WARNING 20:50:09:476 ItemCommand: Exception : not create donate item for id 13226 : stack trace:
tera.gameserver.scripts.commands.ItemCommand.execution(ItemCommand.java:58)
tera.gameserver.manager.CommandManager.execute(CommandManager.java:74)
tera.gameserver.network.clientpackets.PlayerSay.runImpl(PlayerSay.java:84)
rlib.network.packets.AbstractReadeablePacket.run(AbstractReadeablePacket.java:175)
java.base/java.util.concurrent.ThreadPoolExecutor.runWorker(ThreadPoolExecutor.java:1128)
java.base/java.util.concurrent.ThreadPoolExecutor$Worker.run(ThreadPoolExecutor.java:628)
java.base/java.lang.Thread.run(Thread.java:830)

WARNING 20:50:12:971 ItemCommand: Exception : not create donate item for id 13226 : stack trace:
tera.gameserver.scripts.commands.ItemCommand.execution(ItemCommand.java:58)
tera.gameserver.manager.CommandManager.execute(CommandManager.java:74)
tera.gameserver.network.clientpackets.PlayerSay.runImpl(PlayerSay.java:84)
rlib.network.packets.AbstractReadeablePacket.run(AbstractReadeablePacket.java:175)
java.base/java.util.concurrent.ThreadPoolExecutor.runWorker(ThreadPoolExecutor.java:1128)
java.base/java.util.concurrent.ThreadPoolExecutor$Worker.run(ThreadPoolExecutor.java:628)
java.base/java.lang.Thread.run(Thread.java:830)

INFO 20:52:07:153 ItemTable: reloaded items.
WARNING 20:52:55:805 ItemCommand: Exception : not create donate item for id 20722 : stack trace:
tera.gameserver.scripts.commands.ItemCommand.execution(ItemCommand.java:58)
tera.gameserver.manager.CommandManager.execute(CommandManager.java:74)
tera.gameserver.network.clientpackets.PlayerSay.runImpl(PlayerSay.java:84)
rlib.network.packets.AbstractReadeablePacket.run(AbstractReadeablePacket.java:175)
java.base/java.util.concurrent.ThreadPoolExecutor.runWorker(ThreadPoolExecutor.java:1128)
java.base/java.util.concurrent.ThreadPoolExecutor$Worker.run(ThreadPoolExecutor.java:628)
java.base/java.lang.Thread.run(Thread.java:830)

WARNING 20:53:43:362 ItemCommand: Exception : not create donate item for id 20134 : stack trace:
tera.gameserver.scripts.commands.ItemCommand.execution(ItemCommand.java:58)
tera.gameserver.manager.CommandManager.execute(CommandManager.java:74)
tera.gameserver.network.clientpackets.PlayerSay.runImpl(PlayerSay.java:84)
rlib.network.packets.AbstractReadeablePacket.run(AbstractReadeablePacket.java:175)
java.base/java.util.concurrent.ThreadPoolExecutor.runWorker(ThreadPoolExecutor.java:1128)
java.base/java.util.concurrent.ThreadPoolExecutor$Worker.run(ThreadPoolExecutor.java:628)
java.base/java.lang.Thread.run(Thread.java:830)

WARNING 20:53:45:806 ItemCommand: Exception : not create donate item for id 20134 : stack trace:
tera.gameserver.scripts.commands.ItemCommand.execution(ItemCommand.java:58)
tera.gameserver.manager.CommandManager.execute(CommandManager.java:74)
tera.gameserver.network.clientpackets.PlayerSay.runImpl(PlayerSay.java:84)
rlib.network.packets.AbstractReadeablePacket.run(AbstractReadeablePacket.java:175)
java.base/java.util.concurrent.ThreadPoolExecutor.runWorker(ThreadPoolExecutor.java:1128)
java.base/java.util.concurrent.ThreadPoolExecutor$Worker.run(ThreadPoolExecutor.java:628)
java.base/java.lang.Thread.run(Thread.java:830)

INFO 20:55:36:357 AccountManager: close islanzadie
