INFO 08:44:18:230 ServerControl: open server socket on 2101 port.
INFO 08:44:18:245 ExecutorManager: initialized.
INFO 08:44:18:867 CleaningManager: delete 6 reuses from a character_skill_reuses.
INFO 08:44:19:051 CleaningManager: delete 0 spawns from a boss_spawn.
INFO 08:44:19:235 CleaningManager: delete 0 appearances from a character_appearances.
INFO 08:44:19:256 CleaningManager: delete 0 effects from a character_save_effects.
INFO 08:44:19:299 CleaningManager: delete 0 inventors from a character_inventors.
INFO 08:44:19:363 CleaningManager: delete 0 skills from a character_skills.
INFO 08:44:19:414 CleaningManager: delete 0 hotkeys from a character_hotkey.
INFO 08:44:19:443 CleaningManager: delete 0 chars from a character_friends.
INFO 08:44:19:444 CleaningManager: delete 0 friends from a character_friends.
INFO 08:44:19:498 CleaningManager: delete 0 settings from a character_settings.
INFO 08:44:19:522 CleaningManager: delete 34 empty items from a items.
INFO 08:44:19:523 CleaningManager: delete 0 no owner items from a items.
INFO 08:44:19:620 CleaningManager: delete 0 no owner guild items from a items.
INFO 08:44:19:715 CleaningManager: create buffer table items.
INFO 08:44:19:719 CleaningManager: copy 162 items to buffer_items.
INFO 08:44:19:720 CleaningManager: delete 0 no owner items from a buffer_items.
INFO 08:44:19:758 CleaningManager: drop buffer table items.
INFO 08:44:19:835 CleaningManager: delete 0 from a quests.
INFO 08:44:19:867 CleaningManager: delete 0 from a quest variables.
INFO 08:44:19:912 CleaningManager: delete 0 from a guild ranks.
INFO 08:44:19:977 ClientPacketType: client packets prepared.
INFO 08:44:19:989 EffectParser: initialized.
INFO 08:44:19:992 RandomManager: initialized.
INFO 08:44:19:992 IdFactory: prepare npc ids...
INFO 08:44:19:994 BitSetIdGenerator: 102912 id's available.
INFO 08:44:19:994 IdFactory: prepare objects ids...
INFO 08:44:19:995 BitSetIdGenerator: 102912 id's available.
INFO 08:44:19:995 IdFactory: prepare players ids...
INFO 08:44:19:997 BitSetIdGenerator: extracted 11 ids.
INFO 08:44:19:998 BitSetIdGenerator: 102912 id's available.
INFO 08:44:19:998 IdFactory: prepare guilds ids...
INFO 08:44:19:999 BitSetIdGenerator: extracted 1 ids.
INFO 08:44:19:999 BitSetIdGenerator: 102912 id's available.
INFO 08:44:20:000 IdFactory: prepare item ids...
INFO 08:44:20:001 BitSetIdGenerator: extracted 162 ids.
INFO 08:44:20:002 BitSetIdGenerator: 102912 id's available.
INFO 08:44:20:057 ServerVarManager: loaded 0 variables.
INFO 08:44:20:059 BossSpawnManager: loaded 0 boss spawns.
INFO 08:44:20:661 TerritoryTable: loaded 160 territories for 18803 regions.
INFO 08:44:21:894 WorldZoneTable: loaded 12 world zones for 31986 regions.
INFO 08:44:21:913 ConditionParser: initializable.
WARNING 08:44:24:710 SkillTable: detected once the file C:\Users\jorou\Downloads\TeraOnlineServer_Shock_1732\gameserver\.\data\skills\summon_skills\deprecated.zip
INFO 08:44:24:989 SkillTable: loaded 4613 skills for 19 classes.
INFO 08:44:27:128 ItemTable: loaded 10138 items.
INFO 08:44:27:456 Race: race appearances initializable.
INFO 08:44:27:636 PlayerTable: loaded 104 player templates.
WARNING 08:44:29:898 DropTable: not found items [50048]
INFO 08:44:29:898 DropTable: load drop for 407 npcs and 126 for resourse.
INFO 08:44:30:021 TownTable: initialized.
WARNING 08:44:30:550 NpcDialogTable: detected once the file C:\Users\jorou\Downloads\TeraOnlineServer_Shock_1732\gameserver\.\data\dialogs\dialogs.txt
INFO 08:44:30:957 NpcDialogTable: loaded 87 dialogs.
INFO 08:44:31:123 MessagePackageTable: loaded 34 message packages.
INFO 08:44:31:537 ConfigAITable: loaded 45 npc ai configs.
INFO 08:44:31:693 NpcAppearanceTable: initialized. Loaded 59 appearances.
WARNING 08:44:33:259 NpcTable: detected once the file C:\Users\jorou\Downloads\TeraOnlineServer_Shock_1732\gameserver\.\data\npcs\summons\playable_summons.zip
INFO 08:44:33:325 NpcTable: loaded  816 npcs.
INFO 08:44:33:470 ResourseTable: loaded  253 resourses.
INFO 08:44:33:512 MinionTable: loaded 303 minions for 42 npcs.
INFO 08:44:33:524 RegenTaskManager: initializable.
INFO 08:44:33:580 Formulas: initialized.
INFO 08:44:33:592 EffectTaskManager: initialized.
INFO 08:44:34:823 ObjectEventManager: initialized.
INFO 08:44:34:824 MoveTaskManager: initialized.
INFO 08:44:35:210 SpawnTable: loaded 19515 spawns for 617 npcs and 2013 spawns for 60 resourses.
INFO 08:44:35:253 GeoMap3D: start fast import geodata_1.dat
INFO 08:44:35:599 GeoMap3D: import ended. load 1867238 quards.
INFO 08:44:35:610 GeoMap3D: start fast import geodata_2.dat
INFO 08:44:35:738 GeoMap3D: import ended. load 440227 quards.
INFO 08:44:35:748 GeoMap3D: start fast import geodata_3.dat
INFO 08:44:35:782 GeoMap3D: import ended. load 58040 quards.
INFO 08:44:35:784 GeoManager: initialized.
INFO 08:44:35:834 ItemExecutorManager: loaded 0 executor items.
INFO 08:44:35:895 CommandManager: loaded 94 commands.
INFO 08:44:35:931 SkillLearnManager: loaded 950 skill learn's for 8 clases.
INFO 08:44:35:943 AnnounceManager: loaded 0 start announces and 0 running announces.
INFO 08:44:35:945 AccountManager: initialized.
INFO 08:44:36:042 GuildManager: loaded 1 guilds.
INFO 08:44:36:744 QuestManager: loaded 455 quests.
INFO 08:44:36:745 OnlineManager: initialized.
INFO 08:44:36:748 GameLogManager: initialized.
INFO 08:44:37:328 Region: next battle "Veritas District" in 2020.06.28 16:00.
INFO 08:44:37:330 Region: next battle "Ostgarath" in 2020.06.28 16:00.
INFO 08:44:37:332 Region: next battle "Val Palrada" in 2020.06.27 20:00.
INFO 08:44:37:334 Region: next battle "Val Aureum" in 2020.06.27 20:00.
INFO 08:44:37:334 EventManager: loaded 5 events.
INFO 08:44:37:434 EventManager: the nearest event in 36 minutes.
INFO 08:44:37:437 PlayerManager: initialized.
INFO 08:44:37:494 Network: started.
INFO 08:44:37:494 GameServer: started.
INFO 08:50:26:598 AccountManager: authed islanzadie
INFO 08:51:39:878 AccountManager: authed tsuka
INFO 09:04:00:036 ItemTable: reloaded items.
INFO 09:05:26:698 ItemTable: reloaded items.
INFO 09:05:40:763 ItemTable: reloaded items.
INFO 09:06:23:963 ItemTable: reloaded items.
INFO 09:08:05:526 ItemTable: reloaded items.
WARNING 09:13:37:160 DocumentItem: incorrect file .\data\items\weapons\disc.xml
WARNING 09:13:37:161 DocumentItem: IllegalArgumentException : not found val : stack trace:
rlib.util.VarTable.getString(VarTable.java:1023)
tera.gameserver.parser.StatFuncParser.parseFunc(StatFuncParser.java:177)
tera.gameserver.parser.FuncParser.parse(FuncParser.java:103)
tera.gameserver.document.DocumentItem.parseFuncs(DocumentItem.java:98)
tera.gameserver.document.DocumentItem.parse(DocumentItem.java:74)
rlib.data.AbstractDocument.parse(AbstractDocument.java:67)
tera.gameserver.tables.ItemTable.reload(ItemTable.java:241)
tera.gameserver.scripts.commands.ItemCommand.execution(ItemCommand.java:39)
tera.gameserver.manager.CommandManager.execute(CommandManager.java:74)
tera.gameserver.network.clientpackets.PlayerSay.runImpl(PlayerSay.java:84)
rlib.network.packets.AbstractReadeablePacket.run(AbstractReadeablePacket.java:175)
java.base/java.util.concurrent.ThreadPoolExecutor.runWorker(ThreadPoolExecutor.java:1128)
java.base/java.util.concurrent.ThreadPoolExecutor$Worker.run(ThreadPoolExecutor.java:628)
java.base/java.lang.Thread.run(Thread.java:830)

INFO 09:13:37:458 ItemTable: reloaded items.
WARNING 09:18:03:940 DocumentItem: incorrect file .\data\items\weapons\disc.xml
WARNING 09:18:03:942 DocumentItem: IllegalArgumentException : not found val : stack trace:
rlib.util.VarTable.getString(VarTable.java:1023)
tera.gameserver.parser.StatFuncParser.parseFunc(StatFuncParser.java:177)
tera.gameserver.parser.FuncParser.parse(FuncParser.java:103)
tera.gameserver.document.DocumentItem.parseFuncs(DocumentItem.java:98)
tera.gameserver.document.DocumentItem.parse(DocumentItem.java:74)
rlib.data.AbstractDocument.parse(AbstractDocument.java:67)
tera.gameserver.tables.ItemTable.reload(ItemTable.java:241)
tera.gameserver.scripts.commands.ItemCommand.execution(ItemCommand.java:39)
tera.gameserver.manager.CommandManager.execute(CommandManager.java:74)
tera.gameserver.network.clientpackets.PlayerSay.runImpl(PlayerSay.java:84)
rlib.network.packets.AbstractReadeablePacket.run(AbstractReadeablePacket.java:175)
java.base/java.util.concurrent.ThreadPoolExecutor.runWorker(ThreadPoolExecutor.java:1128)
java.base/java.util.concurrent.ThreadPoolExecutor$Worker.run(ThreadPoolExecutor.java:628)
java.base/java.lang.Thread.run(Thread.java:830)

INFO 09:18:04:200 ItemTable: reloaded items.
INFO 09:19:49:256 ItemTable: reloaded items.
INFO 09:23:47:667 ItemTable: reloaded items.
INFO 09:24:04:896 ItemTable: reloaded items.
INFO 09:27:20:644 ItemTable: reloaded items.
INFO 09:30:11:356 ItemTable: reloaded items.
INFO 09:32:48:297 ItemTable: reloaded items.
INFO 09:43:33:668 AccountManager: close islanzadie
INFO 09:43:41:129 AccountManager: close tsuka
