INFO 17:14:40:580 ServerControl: open server socket on 2101 port.
INFO 17:14:40:586 ExecutorManager: initialized.
INFO 17:14:41:006 CleaningManager: delete 3 reuses from a character_skill_reuses.
INFO 17:14:41:007 CleaningManager: delete 0 spawns from a boss_spawn.
INFO 17:14:41:009 CleaningManager: delete 0 appearances from a character_appearances.
INFO 17:14:41:009 CleaningManager: delete 0 effects from a character_save_effects.
INFO 17:14:41:010 CleaningManager: delete 0 inventors from a character_inventors.
INFO 17:14:41:011 CleaningManager: delete 0 skills from a character_skills.
INFO 17:14:41:012 CleaningManager: delete 0 hotkeys from a character_hotkey.
INFO 17:14:41:014 CleaningManager: delete 0 chars from a character_friends.
INFO 17:14:41:016 CleaningManager: delete 0 friends from a character_friends.
INFO 17:14:41:017 CleaningManager: delete 0 settings from a character_settings.
INFO 17:14:41:018 CleaningManager: delete 30 empty items from a items.
INFO 17:14:41:019 CleaningManager: delete 0 no owner items from a items.
INFO 17:14:41:020 CleaningManager: delete 0 no owner guild items from a items.
INFO 17:14:41:082 CleaningManager: create buffer table items.
INFO 17:14:41:085 CleaningManager: copy 99 items to buffer_items.
INFO 17:14:41:086 CleaningManager: delete 0 no owner items from a buffer_items.
INFO 17:14:41:100 CleaningManager: drop buffer table items.
INFO 17:14:41:101 CleaningManager: delete 0 from a quests.
INFO 17:14:41:101 CleaningManager: delete 0 from a quest variables.
INFO 17:14:41:101 CleaningManager: delete 0 from a guild ranks.
INFO 17:14:41:150 ClientPacketType: client packets prepared.
INFO 17:14:41:162 EffectParser: initialized.
INFO 17:14:41:166 RandomManager: initialized.
INFO 17:14:41:166 IdFactory: prepare npc ids...
INFO 17:14:41:168 BitSetIdGenerator: 102912 id's available.
INFO 17:14:41:168 IdFactory: prepare objects ids...
INFO 17:14:41:168 BitSetIdGenerator: 102912 id's available.
INFO 17:14:41:169 IdFactory: prepare players ids...
INFO 17:14:41:171 BitSetIdGenerator: extracted 7 ids.
INFO 17:14:41:171 BitSetIdGenerator: 102912 id's available.
INFO 17:14:41:172 IdFactory: prepare guilds ids...
INFO 17:14:41:173 BitSetIdGenerator: extracted 1 ids.
INFO 17:14:41:173 BitSetIdGenerator: 102912 id's available.
INFO 17:14:41:174 IdFactory: prepare item ids...
INFO 17:14:41:176 BitSetIdGenerator: extracted 99 ids.
INFO 17:14:41:176 BitSetIdGenerator: 102912 id's available.
INFO 17:14:41:188 ServerVarManager: loaded 0 variables.
INFO 17:14:41:191 BossSpawnManager: loaded 0 boss spawns.
INFO 17:14:41:873 TerritoryTable: loaded 160 territories for 18803 regions.
INFO 17:14:43:134 WorldZoneTable: loaded 12 world zones for 31986 regions.
INFO 17:14:43:135 ConditionParser: initializable.
WARNING 17:14:43:586 SkillTable: detected once the file C:\Users\jorou\Downloads\TeraOnlineServer_Shock_1732\gameserver\.\data\skills\summon_skills\deprecated.zip
INFO 17:14:43:616 SkillTable: loaded 4613 skills for 19 classes.
INFO 17:14:44:094 ItemTable: loaded 10138 items.
INFO 17:14:44:114 Race: race appearances initializable.
INFO 17:14:44:135 PlayerTable: loaded 104 player templates.
WARNING 17:14:44:409 DropTable: not found items [50048]
INFO 17:14:44:410 DropTable: load drop for 407 npcs and 126 for resourse.
INFO 17:14:44:417 TownTable: initialized.
WARNING 17:14:44:445 NpcDialogTable: detected once the file C:\Users\jorou\Downloads\TeraOnlineServer_Shock_1732\gameserver\.\data\dialogs\dialogs.txt
INFO 17:14:44:486 NpcDialogTable: loaded 87 dialogs.
INFO 17:14:44:494 MessagePackageTable: loaded 34 message packages.
INFO 17:14:44:534 ConfigAITable: loaded 45 npc ai configs.
INFO 17:14:44:547 NpcAppearanceTable: initialized. Loaded 59 appearances.
WARNING 17:14:44:662 NpcTable: detected once the file C:\Users\jorou\Downloads\TeraOnlineServer_Shock_1732\gameserver\.\data\npcs\summons\playable_summons.zip
INFO 17:14:44:668 NpcTable: loaded  816 npcs.
INFO 17:14:44:678 ResourseTable: loaded  253 resourses.
INFO 17:14:44:689 MinionTable: loaded 303 minions for 42 npcs.
INFO 17:14:44:690 RegenTaskManager: initializable.
INFO 17:14:44:698 Formulas: initialized.
INFO 17:14:44:700 EffectTaskManager: initialized.
INFO 17:14:45:000 ObjectEventManager: initialized.
INFO 17:14:45:001 MoveTaskManager: initialized.
INFO 17:14:45:396 SpawnTable: loaded 19515 spawns for 617 npcs and 2013 spawns for 60 resourses.
INFO 17:14:45:413 GeoMap3D: start fast import geodata_1.dat
INFO 17:14:45:666 GeoMap3D: import ended. load 1867238 quards.
INFO 17:14:45:667 GeoMap3D: start fast import geodata_2.dat
INFO 17:14:45:775 GeoMap3D: import ended. load 440227 quards.
INFO 17:14:45:785 GeoMap3D: start fast import geodata_3.dat
INFO 17:14:45:797 GeoMap3D: import ended. load 58040 quards.
INFO 17:14:45:797 GeoManager: initialized.
INFO 17:14:45:802 ItemExecutorManager: loaded 0 executor items.
INFO 17:14:45:812 CommandManager: loaded 94 commands.
INFO 17:14:45:824 SkillLearnManager: loaded 950 skill learn's for 8 clases.
INFO 17:14:45:831 AnnounceManager: loaded 0 start announces and 0 running announces.
INFO 17:14:45:832 AccountManager: initialized.
INFO 17:14:45:844 GuildManager: loaded 1 guilds.
INFO 17:14:46:319 QuestManager: loaded 455 quests.
INFO 17:14:46:331 OnlineManager: initialized.
INFO 17:14:46:341 GameLogManager: initialized.
INFO 17:14:46:410 Region: next battle "Veritas District" in 2020.06.28 16:00.
INFO 17:14:46:414 Region: next battle "Ostgarath" in 2020.06.28 16:00.
INFO 17:14:46:416 Region: next battle "Val Palrada" in 2020.06.27 20:00.
INFO 17:14:46:417 Region: next battle "Val Aureum" in 2020.06.27 20:00.
INFO 17:14:46:417 EventManager: loaded 5 events.
INFO 17:14:46:533 EventManager: the nearest event in 51 minutes.
INFO 17:14:46:536 PlayerManager: initialized.
INFO 17:14:46:545 Network: started.
INFO 17:14:46:545 GameServer: started.
INFO 17:14:56:311 AccountManager: authed islanzadie
INFO 17:15:40:666 AccountManager: close islanzadie
INFO 17:15:44:619 AccountManager: authed islanzadie
INFO 17:21:25:435 AccountManager: authed Joalin
INFO 17:45:24:240 AccountManager: close islanzadie
