INFO 00:01:15:016 ServerControl: open server socket on 2101 port.
INFO 00:01:15:022 ExecutorManager: initialized.
INFO 00:01:15:356 CleaningManager: delete 0 reuses from a character_skill_reuses.
INFO 00:01:15:356 CleaningManager: delete 0 spawns from a boss_spawn.
INFO 00:01:15:357 CleaningManager: delete 0 appearances from a character_appearances.
INFO 00:01:15:357 CleaningManager: delete 0 effects from a character_save_effects.
INFO 00:01:15:358 CleaningManager: delete 0 inventors from a character_inventors.
INFO 00:01:15:358 CleaningManager: delete 0 skills from a character_skills.
INFO 00:01:15:359 CleaningManager: delete 0 hotkeys from a character_hotkey.
INFO 00:01:15:359 CleaningManager: delete 0 chars from a character_friends.
INFO 00:01:15:363 CleaningManager: delete 0 friends from a character_friends.
INFO 00:01:15:364 CleaningManager: delete 0 settings from a character_settings.
INFO 00:01:15:364 CleaningManager: delete 0 empty items from a items.
INFO 00:01:15:365 CleaningManager: delete 0 no owner items from a items.
INFO 00:01:15:365 CleaningManager: delete 0 no owner guild items from a items.
INFO 00:01:15:412 CleaningManager: create buffer table items.
INFO 00:01:15:414 CleaningManager: copy 80 items to buffer_items.
INFO 00:01:15:415 CleaningManager: delete 0 no owner items from a buffer_items.
INFO 00:01:15:422 CleaningManager: drop buffer table items.
INFO 00:01:15:422 CleaningManager: delete 0 from a quests.
INFO 00:01:15:423 CleaningManager: delete 0 from a quest variables.
INFO 00:01:15:423 CleaningManager: delete 0 from a guild ranks.
INFO 00:01:15:462 ClientPacketType: client packets prepared.
INFO 00:01:15:473 EffectParser: initialized.
INFO 00:01:15:475 RandomManager: initialized.
INFO 00:01:15:476 IdFactory: prepare npc ids...
INFO 00:01:15:477 BitSetIdGenerator: 102912 id's available.
INFO 00:01:15:478 IdFactory: prepare objects ids...
INFO 00:01:15:479 BitSetIdGenerator: 102912 id's available.
INFO 00:01:15:479 IdFactory: prepare players ids...
INFO 00:01:15:481 BitSetIdGenerator: extracted 7 ids.
INFO 00:01:15:482 BitSetIdGenerator: 102912 id's available.
INFO 00:01:15:482 IdFactory: prepare guilds ids...
INFO 00:01:15:483 BitSetIdGenerator: extracted 0 ids.
INFO 00:01:15:483 BitSetIdGenerator: 102912 id's available.
INFO 00:01:15:484 IdFactory: prepare item ids...
INFO 00:01:15:485 BitSetIdGenerator: extracted 80 ids.
INFO 00:01:15:485 BitSetIdGenerator: 102912 id's available.
INFO 00:01:15:495 ServerVarManager: loaded 0 variables.
INFO 00:01:15:498 BossSpawnManager: loaded 0 boss spawns.
INFO 00:01:16:046 TerritoryTable: loaded 160 territories for 18803 regions.
INFO 00:01:17:149 WorldZoneTable: loaded 12 world zones for 31986 regions.
INFO 00:01:17:150 ConditionParser: initializable.
WARNING 00:01:17:482 SkillTable: detected once the file C:\Users\jorou\Downloads\TeraOnlineServer_Shock_1732\gameserver\.\data\skills\summon_skills\deprecated.zip
INFO 00:01:17:494 SkillTable: loaded 4613 skills for 19 classes.
INFO 00:01:17:780 ItemTable: loaded 10138 items.
INFO 00:01:17:789 Race: race appearances initializable.
INFO 00:01:17:795 PlayerTable: loaded 104 player templates.
INFO 00:01:17:975 DropTable: load drop for 407 npcs and 126 for resourse.
INFO 00:01:17:983 TownTable: initialized.
WARNING 00:01:18:004 NpcDialogTable: detected once the file C:\Users\jorou\Downloads\TeraOnlineServer_Shock_1732\gameserver\.\data\dialogs\dialogs.txt
INFO 00:01:18:029 NpcDialogTable: loaded 87 dialogs.
INFO 00:01:18:035 MessagePackageTable: loaded 34 message packages.
INFO 00:01:18:063 ConfigAITable: loaded 45 npc ai configs.
INFO 00:01:18:074 NpcAppearanceTable: initialized. Loaded 59 appearances.
WARNING 00:01:18:178 NpcTable: detected once the file C:\Users\jorou\Downloads\TeraOnlineServer_Shock_1732\gameserver\.\data\npcs\summons\playable_summons.zip
INFO 00:01:18:191 NpcTable: loaded  816 npcs.
INFO 00:01:18:205 ResourseTable: loaded  253 resourses.
INFO 00:01:18:214 MinionTable: loaded 303 minions for 42 npcs.
INFO 00:01:18:215 RegenTaskManager: initializable.
INFO 00:01:18:220 Formulas: initialized.
INFO 00:01:18:221 EffectTaskManager: initialized.
INFO 00:01:18:498 ObjectEventManager: initialized.
INFO 00:01:18:499 MoveTaskManager: initialized.
INFO 00:01:18:873 SpawnTable: loaded 19515 spawns for 617 npcs and 2013 spawns for 60 resourses.
INFO 00:01:18:886 GeoMap3D: start fast import geodata_1.dat
INFO 00:01:19:082 GeoMap3D: import ended. load 1867238 quards.
INFO 00:01:19:083 GeoMap3D: start fast import geodata_2.dat
INFO 00:01:19:122 GeoMap3D: import ended. load 440227 quards.
INFO 00:01:19:123 GeoMap3D: start fast import geodata_3.dat
INFO 00:01:19:137 GeoMap3D: import ended. load 58040 quards.
INFO 00:01:19:138 GeoManager: initialized.
INFO 00:01:19:140 ItemExecutorManager: loaded 0 executor items.
INFO 00:01:19:152 CommandManager: loaded 94 commands.
INFO 00:01:19:165 SkillLearnManager: loaded 950 skill learn's for 8 clases.
INFO 00:01:19:168 AnnounceManager: loaded 0 start announces and 0 running announces.
INFO 00:01:19:169 AccountManager: initialized.
INFO 00:01:19:171 GuildManager: loaded 0 guilds.
INFO 00:01:19:412 QuestManager: loaded 455 quests.
INFO 00:01:19:415 OnlineManager: initialized.
INFO 00:01:19:425 GameLogManager: initialized.
INFO 00:01:19:500 Region: next battle "Veritas District" in 2020.06.28 16:00.
INFO 00:01:19:504 Region: next battle "Ostgarath" in 2020.06.28 16:00.
INFO 00:01:19:507 Region: next battle "Val Palrada" in 2020.06.27 20:00.
INFO 00:01:19:510 Region: next battle "Val Aureum" in 2020.06.27 20:00.
INFO 00:01:19:510 EventManager: loaded 5 events.
INFO 00:01:19:638 EventManager: the nearest event in 41 minutes.
INFO 00:01:19:641 PlayerManager: initialized.
INFO 00:01:19:647 Network: started.
INFO 00:01:19:647 GameServer: started.
INFO 00:01:56:986 AccountManager: authed islanzadie
INFO 00:02:07:474 AccountManager: close islanzadie
