INFO 19:20:04:266 ServerControl: open server socket on 2101 port.
INFO 19:20:04:273 ExecutorManager: initialized.
INFO 19:20:04:636 CleaningManager: delete 0 reuses from a character_skill_reuses.
INFO 19:20:04:636 CleaningManager: delete 0 spawns from a boss_spawn.
INFO 19:20:04:637 CleaningManager: delete 0 appearances from a character_appearances.
INFO 19:20:04:638 CleaningManager: delete 0 effects from a character_save_effects.
INFO 19:20:04:638 CleaningManager: delete 0 inventors from a character_inventors.
INFO 19:20:04:639 CleaningManager: delete 0 skills from a character_skills.
INFO 19:20:04:639 CleaningManager: delete 0 hotkeys from a character_hotkey.
INFO 19:20:04:640 CleaningManager: delete 0 chars from a character_friends.
INFO 19:20:04:656 CleaningManager: delete 0 friends from a character_friends.
INFO 19:20:04:657 CleaningManager: delete 0 settings from a character_settings.
INFO 19:20:04:657 CleaningManager: delete 0 empty items from a items.
INFO 19:20:04:658 CleaningManager: delete 0 no owner items from a items.
INFO 19:20:04:659 CleaningManager: delete 0 no owner guild items from a items.
INFO 19:20:04:725 CleaningManager: create buffer table items.
INFO 19:20:04:727 CleaningManager: copy 72 items to buffer_items.
INFO 19:20:04:728 CleaningManager: delete 0 no owner items from a buffer_items.
INFO 19:20:04:739 CleaningManager: drop buffer table items.
INFO 19:20:04:739 CleaningManager: delete 0 from a quests.
INFO 19:20:04:740 CleaningManager: delete 0 from a quest variables.
INFO 19:20:04:740 CleaningManager: delete 0 from a guild ranks.
INFO 19:20:04:769 ClientPacketType: client packets prepared.
INFO 19:20:04:783 EffectParser: initialized.
INFO 19:20:04:786 RandomManager: initialized.
INFO 19:20:04:786 IdFactory: prepare npc ids...
INFO 19:20:04:788 BitSetIdGenerator: 102912 id's available.
INFO 19:20:04:790 IdFactory: prepare objects ids...
INFO 19:20:04:790 BitSetIdGenerator: 102912 id's available.
INFO 19:20:04:790 IdFactory: prepare players ids...
INFO 19:20:04:793 BitSetIdGenerator: extracted 6 ids.
INFO 19:20:04:793 BitSetIdGenerator: 102912 id's available.
INFO 19:20:04:793 IdFactory: prepare guilds ids...
INFO 19:20:04:794 BitSetIdGenerator: extracted 0 ids.
INFO 19:20:04:794 BitSetIdGenerator: 102912 id's available.
INFO 19:20:04:795 IdFactory: prepare item ids...
INFO 19:20:04:796 BitSetIdGenerator: extracted 72 ids.
INFO 19:20:04:797 BitSetIdGenerator: 102912 id's available.
INFO 19:20:04:807 ServerVarManager: loaded 0 variables.
INFO 19:20:04:811 BossSpawnManager: loaded 0 boss spawns.
WARNING 19:20:04:833 DocumentTerritory: incorrect file .\data\territories.xml
WARNING 19:20:04:838 DocumentTerritory: IllegalArgumentException : not found type : stack trace:
rlib.util.VarTable.getEnum(VarTable.java:467)
tera.gameserver.document.DocumentTerritory.parse(DocumentTerritory.java:49)
rlib.data.AbstractDocument.parse(AbstractDocument.java:67)
tera.gameserver.tables.TerritoryTable.<init>(TerritoryTable.java:56)
tera.gameserver.tables.TerritoryTable.getInstance(TerritoryTable.java:34)
tera.gameserver.GameServer.run(GameServer.java:209)

INFO 19:20:04:875 TerritoryTable: loaded 1 territories for 1 regions.
INFO 19:20:05:611 WorldZoneTable: loaded 12 world zones for 31986 regions.
INFO 19:20:05:612 ConditionParser: initializable.
WARNING 19:20:06:150 SkillTable: detected once the file C:\Users\jorou\Downloads\TeraOnlineServer_Shock_1732\gameserver\.\data\skills\summon_skills\deprecated.zip
INFO 19:20:06:201 SkillTable: loaded 4613 skills for 19 classes.
INFO 19:20:06:575 ItemTable: loaded 10138 items.
INFO 19:20:06:591 Race: race appearances initializable.
INFO 19:20:06:601 PlayerTable: loaded 104 player templates.
INFO 19:20:06:810 DropTable: load drop for 407 npcs and 126 for resourse.
INFO 19:20:06:813 TownTable: initialized.
WARNING 19:20:06:832 NpcDialogTable: detected once the file C:\Users\jorou\Downloads\TeraOnlineServer_Shock_1732\gameserver\.\data\dialogs\dialogs.txt
WARNING 19:20:06:840 ReplyTeleport: not found territory for name Leander's Outpost
WARNING 19:20:06:840 ReplyTeleport: not found territory for name Tainted Gorge
WARNING 19:20:06:843 DocumentDialog: InvocationTargetException : null : stack trace:
java.base/jdk.internal.reflect.NativeConstructorAccessorImpl.newInstance0(Native Method)
java.base/jdk.internal.reflect.NativeConstructorAccessorImpl.newInstance(NativeConstructorAccessorImpl.java:62)
java.base/jdk.internal.reflect.DelegatingConstructorAccessorImpl.newInstance(DelegatingConstructorAccessorImpl.java:45)
java.base/java.lang.reflect.Constructor.newInstanceWithCaller(Constructor.java:500)
java.base/java.lang.reflect.Constructor.newInstance(Constructor.java:481)
tera.gameserver.document.DocumentDialog.parseLink(DocumentDialog.java:64)
tera.gameserver.document.DocumentDialog.parseNpc(DocumentDialog.java:136)
tera.gameserver.document.DocumentDialog.parse(DocumentDialog.java:99)
rlib.data.AbstractDocument.parse(AbstractDocument.java:67)
tera.gameserver.tables.NpcDialogTable.<init>(NpcDialogTable.java:63)
tera.gameserver.tables.NpcDialogTable.getInstance(NpcDialogTable.java:32)
tera.gameserver.GameServer.run(GameServer.java:220)

WARNING 19:20:06:846 ReplyTeleport: not found territory for name Maon's Cabin
WARNING 19:20:06:847 ReplyTeleport: not found territory for name Faevine Vale Camp
WARNING 19:20:06:847 ReplyTeleport: not found territory for name Bulwark Camp
WARNING 19:20:06:848 ReplyTeleport: not found territory for name Vanguard Outpost
WARNING 19:20:06:849 ReplyTeleport: not found territory for name Casidhe's Stand
WARNING 19:20:06:849 ReplyTeleport: not found territory for name Sanctum Mysterium
WARNING 19:20:06:850 ReplyTeleport: not found territory for name Marshlands
WARNING 19:20:06:851 ReplyTeleport: not found territory for name Tuwangi Garrison
WARNING 19:20:06:851 ReplyTeleport: not found territory for name Echo Ranch
WARNING 19:20:06:852 ReplyTeleport: not found territory for name Vindicator Camp
WARNING 19:20:06:852 ReplyTeleport: not found territory for name Two Oaks Ranch
WARNING 19:20:06:854 DocumentDialog: InvocationTargetException : null : stack trace:
java.base/jdk.internal.reflect.NativeConstructorAccessorImpl.newInstance0(Native Method)
java.base/jdk.internal.reflect.NativeConstructorAccessorImpl.newInstance(NativeConstructorAccessorImpl.java:62)
java.base/jdk.internal.reflect.DelegatingConstructorAccessorImpl.newInstance(DelegatingConstructorAccessorImpl.java:45)
java.base/java.lang.reflect.Constructor.newInstanceWithCaller(Constructor.java:500)
java.base/java.lang.reflect.Constructor.newInstance(Constructor.java:481)
tera.gameserver.document.DocumentDialog.parseLink(DocumentDialog.java:64)
tera.gameserver.document.DocumentDialog.parseNpc(DocumentDialog.java:136)
tera.gameserver.document.DocumentDialog.parse(DocumentDialog.java:99)
rlib.data.AbstractDocument.parse(AbstractDocument.java:67)
tera.gameserver.tables.NpcDialogTable.<init>(NpcDialogTable.java:63)
tera.gameserver.tables.NpcDialogTable.getInstance(NpcDialogTable.java:32)
tera.gameserver.GameServer.run(GameServer.java:220)

WARNING 19:20:06:855 ReplyTeleport: not found territory for name Maon's Cabin
WARNING 19:20:06:855 ReplyTeleport: not found territory for name Faevine Vale Camp
WARNING 19:20:06:855 ReplyTeleport: not found territory for name Bulwark Camp
WARNING 19:20:06:856 ReplyTeleport: not found territory for name Vanguard Outpost
WARNING 19:20:06:856 ReplyTeleport: not found territory for name Casidhe's Stand
WARNING 19:20:06:856 ReplyTeleport: not found territory for name Sanctum Mysterium
WARNING 19:20:06:857 ReplyTeleport: not found territory for name Marshlands
WARNING 19:20:06:858 ReplyTeleport: not found territory for name Tuwangi Garrison
WARNING 19:20:06:858 ReplyTeleport: not found territory for name Echo Ranch
WARNING 19:20:06:858 ReplyTeleport: not found territory for name Vindicator Camp
WARNING 19:20:06:859 ReplyTeleport: not found territory for name Two Oaks Ranch
WARNING 19:20:06:859 DocumentDialog: InvocationTargetException : null : stack trace:
java.base/jdk.internal.reflect.NativeConstructorAccessorImpl.newInstance0(Native Method)
java.base/jdk.internal.reflect.NativeConstructorAccessorImpl.newInstance(NativeConstructorAccessorImpl.java:62)
java.base/jdk.internal.reflect.DelegatingConstructorAccessorImpl.newInstance(DelegatingConstructorAccessorImpl.java:45)
java.base/java.lang.reflect.Constructor.newInstanceWithCaller(Constructor.java:500)
java.base/java.lang.reflect.Constructor.newInstance(Constructor.java:481)
tera.gameserver.document.DocumentDialog.parseLink(DocumentDialog.java:64)
tera.gameserver.document.DocumentDialog.parseNpc(DocumentDialog.java:136)
tera.gameserver.document.DocumentDialog.parse(DocumentDialog.java:99)
rlib.data.AbstractDocument.parse(AbstractDocument.java:67)
tera.gameserver.tables.NpcDialogTable.<init>(NpcDialogTable.java:63)
tera.gameserver.tables.NpcDialogTable.getInstance(NpcDialogTable.java:32)
tera.gameserver.GameServer.run(GameServer.java:220)

WARNING 19:20:06:860 ReplyTeleport: not found territory for name Desert Research Station
WARNING 19:20:06:860 ReplyTeleport: not found territory for name Barrens Outpost
WARNING 19:20:06:860 ReplyTeleport: not found territory for name Velik's Vigil
WARNING 19:20:06:861 ReplyTeleport: not found territory for name Lee's End Stead
WARNING 19:20:06:861 ReplyTeleport: not found territory for name Desert Overwatch
WARNING 19:20:06:861 ReplyTeleport: not found territory for name Camp Marrakeen
WARNING 19:20:06:862 ReplyTeleport: not found territory for name Sietch Bidaum
WARNING 19:20:06:862 ReplyTeleport: not found territory for name West Watchpost
WARNING 19:20:06:862 ReplyTeleport: not found territory for name Sandwalker Refuge
WARNING 19:20:06:863 ReplyTeleport: not found territory for name Torrent Outpost
WARNING 19:20:06:863 ReplyTeleport: not found territory for name Crusader Camp
WARNING 19:20:06:864 ReplyTeleport: not found territory for name Cathedral Redoubt
WARNING 19:20:06:864 DocumentDialog: InvocationTargetException : null : stack trace:
java.base/jdk.internal.reflect.NativeConstructorAccessorImpl.newInstance0(Native Method)
java.base/jdk.internal.reflect.NativeConstructorAccessorImpl.newInstance(NativeConstructorAccessorImpl.java:62)
java.base/jdk.internal.reflect.DelegatingConstructorAccessorImpl.newInstance(DelegatingConstructorAccessorImpl.java:45)
java.base/java.lang.reflect.Constructor.newInstanceWithCaller(Constructor.java:500)
java.base/java.lang.reflect.Constructor.newInstance(Constructor.java:481)
tera.gameserver.document.DocumentDialog.parseLink(DocumentDialog.java:64)
tera.gameserver.document.DocumentDialog.parseNpc(DocumentDialog.java:136)
tera.gameserver.document.DocumentDialog.parse(DocumentDialog.java:99)
rlib.data.AbstractDocument.parse(AbstractDocument.java:67)
tera.gameserver.tables.NpcDialogTable.<init>(NpcDialogTable.java:63)
tera.gameserver.tables.NpcDialogTable.getInstance(NpcDialogTable.java:32)
tera.gameserver.GameServer.run(GameServer.java:220)

WARNING 19:20:06:865 ReplyTeleport: not found territory for name Desert Research Station
WARNING 19:20:06:866 ReplyTeleport: not found territory for name Barrens Outpost
WARNING 19:20:06:868 ReplyTeleport: not found territory for name Velik's Vigil
WARNING 19:20:06:868 ReplyTeleport: not found territory for name Lee's End Stead
WARNING 19:20:06:869 ReplyTeleport: not found territory for name Desert Overwatch
WARNING 19:20:06:869 ReplyTeleport: not found territory for name Camp Marrakeen
WARNING 19:20:06:870 ReplyTeleport: not found territory for name Sietch Bidaum
WARNING 19:20:06:871 ReplyTeleport: not found territory for name West Watchpost
WARNING 19:20:06:871 ReplyTeleport: not found territory for name Sandwalker Refuge
WARNING 19:20:06:872 ReplyTeleport: not found territory for name Torrent Outpost
WARNING 19:20:06:872 ReplyTeleport: not found territory for name Crusader Camp
WARNING 19:20:06:873 ReplyTeleport: not found territory for name Cathedral Redoubt
WARNING 19:20:06:873 DocumentDialog: InvocationTargetException : null : stack trace:
java.base/jdk.internal.reflect.NativeConstructorAccessorImpl.newInstance0(Native Method)
java.base/jdk.internal.reflect.NativeConstructorAccessorImpl.newInstance(NativeConstructorAccessorImpl.java:62)
java.base/jdk.internal.reflect.DelegatingConstructorAccessorImpl.newInstance(DelegatingConstructorAccessorImpl.java:45)
java.base/java.lang.reflect.Constructor.newInstanceWithCaller(Constructor.java:500)
java.base/java.lang.reflect.Constructor.newInstance(Constructor.java:481)
tera.gameserver.document.DocumentDialog.parseLink(DocumentDialog.java:64)
tera.gameserver.document.DocumentDialog.parseNpc(DocumentDialog.java:136)
tera.gameserver.document.DocumentDialog.parse(DocumentDialog.java:99)
rlib.data.AbstractDocument.parse(AbstractDocument.java:67)
tera.gameserver.tables.NpcDialogTable.<init>(NpcDialogTable.java:63)
tera.gameserver.tables.NpcDialogTable.getInstance(NpcDialogTable.java:32)
tera.gameserver.GameServer.run(GameServer.java:220)

WARNING 19:20:06:874 ReplyTeleport: not found territory for name Cauldron Outpost
WARNING 19:20:06:874 ReplyTeleport: not found territory for name Firebase Intrepid
WARNING 19:20:06:874 ReplyTeleport: not found territory for name Firebase Valor
WARNING 19:20:06:875 DocumentDialog: InvocationTargetException : null : stack trace:
java.base/jdk.internal.reflect.NativeConstructorAccessorImpl.newInstance0(Native Method)
java.base/jdk.internal.reflect.NativeConstructorAccessorImpl.newInstance(NativeConstructorAccessorImpl.java:62)
java.base/jdk.internal.reflect.DelegatingConstructorAccessorImpl.newInstance(DelegatingConstructorAccessorImpl.java:45)
java.base/java.lang.reflect.Constructor.newInstanceWithCaller(Constructor.java:500)
java.base/java.lang.reflect.Constructor.newInstance(Constructor.java:481)
tera.gameserver.document.DocumentDialog.parseLink(DocumentDialog.java:64)
tera.gameserver.document.DocumentDialog.parseNpc(DocumentDialog.java:136)
tera.gameserver.document.DocumentDialog.parse(DocumentDialog.java:99)
rlib.data.AbstractDocument.parse(AbstractDocument.java:67)
tera.gameserver.tables.NpcDialogTable.<init>(NpcDialogTable.java:63)
tera.gameserver.tables.NpcDialogTable.getInstance(NpcDialogTable.java:32)
tera.gameserver.GameServer.run(GameServer.java:220)

WARNING 19:20:06:876 ReplyTeleport: not found territory for name Runicar Research Camp
WARNING 19:20:06:876 ReplyTeleport: not found territory for name Alethea's Last Hope
WARNING 19:20:06:876 ReplyTeleport: not found territory for name Camp Retrebution
WARNING 19:20:06:877 ReplyTeleport: not found territory for name Camp Vigilance
WARNING 19:20:06:877 ReplyTeleport: not found territory for name Embattled Outpost
WARNING 19:20:06:878 ReplyTeleport: not found territory for name Gloomy Outpost
WARNING 19:20:06:878 ReplyTeleport: not found territory for name Spirit Outpost
WARNING 19:20:06:879 ReplyTeleport: not found territory for name Emergency Camp
WARNING 19:20:06:879 ReplyTeleport: not found territory for name Valkyon Federation Camp
WARNING 19:20:06:880 DocumentDialog: InvocationTargetException : null : stack trace:
java.base/jdk.internal.reflect.NativeConstructorAccessorImpl.newInstance0(Native Method)
java.base/jdk.internal.reflect.NativeConstructorAccessorImpl.newInstance(NativeConstructorAccessorImpl.java:62)
java.base/jdk.internal.reflect.DelegatingConstructorAccessorImpl.newInstance(DelegatingConstructorAccessorImpl.java:45)
java.base/java.lang.reflect.Constructor.newInstanceWithCaller(Constructor.java:500)
java.base/java.lang.reflect.Constructor.newInstance(Constructor.java:481)
tera.gameserver.document.DocumentDialog.parseLink(DocumentDialog.java:64)
tera.gameserver.document.DocumentDialog.parseNpc(DocumentDialog.java:136)
tera.gameserver.document.DocumentDialog.parse(DocumentDialog.java:99)
rlib.data.AbstractDocument.parse(AbstractDocument.java:67)
tera.gameserver.tables.NpcDialogTable.<init>(NpcDialogTable.java:63)
tera.gameserver.tables.NpcDialogTable.getInstance(NpcDialogTable.java:32)
tera.gameserver.GameServer.run(GameServer.java:220)

WARNING 19:20:06:881 ReplyTeleport: not found territory for name Runicar Research Camp
WARNING 19:20:06:881 ReplyTeleport: not found territory for name Alethea's Last Hope
WARNING 19:20:06:881 ReplyTeleport: not found territory for name Camp Retrebution
WARNING 19:20:06:883 ReplyTeleport: not found territory for name Camp Vigilance
WARNING 19:20:06:884 ReplyTeleport: not found territory for name Embattled Outpost
WARNING 19:20:06:884 ReplyTeleport: not found territory for name Gloomy Outpost
WARNING 19:20:06:884 ReplyTeleport: not found territory for name Spirit Outpost
WARNING 19:20:06:885 ReplyTeleport: not found territory for name Emergency Camp
WARNING 19:20:06:885 ReplyTeleport: not found territory for name Valkyon Federation Camp
WARNING 19:20:06:885 DocumentDialog: InvocationTargetException : null : stack trace:
java.base/jdk.internal.reflect.NativeConstructorAccessorImpl.newInstance0(Native Method)
java.base/jdk.internal.reflect.NativeConstructorAccessorImpl.newInstance(NativeConstructorAccessorImpl.java:62)
java.base/jdk.internal.reflect.DelegatingConstructorAccessorImpl.newInstance(DelegatingConstructorAccessorImpl.java:45)
java.base/java.lang.reflect.Constructor.newInstanceWithCaller(Constructor.java:500)
java.base/java.lang.reflect.Constructor.newInstance(Constructor.java:481)
tera.gameserver.document.DocumentDialog.parseLink(DocumentDialog.java:64)
tera.gameserver.document.DocumentDialog.parseNpc(DocumentDialog.java:136)
tera.gameserver.document.DocumentDialog.parse(DocumentDialog.java:99)
rlib.data.AbstractDocument.parse(AbstractDocument.java:67)
tera.gameserver.tables.NpcDialogTable.<init>(NpcDialogTable.java:63)
tera.gameserver.tables.NpcDialogTable.getInstance(NpcDialogTable.java:32)
tera.gameserver.GameServer.run(GameServer.java:220)

WARNING 19:20:06:886 ReplyTeleport: not found territory for name Quarantine Zone Research Center
WARNING 19:20:06:886 DocumentDialog: InvocationTargetException : null : stack trace:
java.base/jdk.internal.reflect.NativeConstructorAccessorImpl.newInstance0(Native Method)
java.base/jdk.internal.reflect.NativeConstructorAccessorImpl.newInstance(NativeConstructorAccessorImpl.java:62)
java.base/jdk.internal.reflect.DelegatingConstructorAccessorImpl.newInstance(DelegatingConstructorAccessorImpl.java:45)
java.base/java.lang.reflect.Constructor.newInstanceWithCaller(Constructor.java:500)
java.base/java.lang.reflect.Constructor.newInstance(Constructor.java:481)
tera.gameserver.document.DocumentDialog.parseLink(DocumentDialog.java:64)
tera.gameserver.document.DocumentDialog.parseNpc(DocumentDialog.java:136)
tera.gameserver.document.DocumentDialog.parse(DocumentDialog.java:99)
rlib.data.AbstractDocument.parse(AbstractDocument.java:67)
tera.gameserver.tables.NpcDialogTable.<init>(NpcDialogTable.java:63)
tera.gameserver.tables.NpcDialogTable.getInstance(NpcDialogTable.java:32)
tera.gameserver.GameServer.run(GameServer.java:220)

WARNING 19:20:06:887 ReplyTeleport: not found territory for name Stronghold Camp
WARNING 19:20:06:887 ReplyTeleport: not found territory for name Camp Curiosity
WARNING 19:20:06:887 ReplyTeleport: not found territory for name Camp Sagacity
WARNING 19:20:06:888 ReplyTeleport: not found territory for name Camp Sunlight
WARNING 19:20:06:888 DocumentDialog: InvocationTargetException : null : stack trace:
java.base/jdk.internal.reflect.NativeConstructorAccessorImpl.newInstance0(Native Method)
java.base/jdk.internal.reflect.NativeConstructorAccessorImpl.newInstance(NativeConstructorAccessorImpl.java:62)
java.base/jdk.internal.reflect.DelegatingConstructorAccessorImpl.newInstance(DelegatingConstructorAccessorImpl.java:45)
java.base/java.lang.reflect.Constructor.newInstanceWithCaller(Constructor.java:500)
java.base/java.lang.reflect.Constructor.newInstance(Constructor.java:481)
tera.gameserver.document.DocumentDialog.parseLink(DocumentDialog.java:64)
tera.gameserver.document.DocumentDialog.parseNpc(DocumentDialog.java:136)
tera.gameserver.document.DocumentDialog.parse(DocumentDialog.java:99)
rlib.data.AbstractDocument.parse(AbstractDocument.java:67)
tera.gameserver.tables.NpcDialogTable.<init>(NpcDialogTable.java:63)
tera.gameserver.tables.NpcDialogTable.getInstance(NpcDialogTable.java:32)
tera.gameserver.GameServer.run(GameServer.java:220)

INFO 19:20:06:908 NpcDialogTable: loaded 87 dialogs.
INFO 19:20:06:914 MessagePackageTable: loaded 34 message packages.
INFO 19:20:06:954 ConfigAITable: loaded 45 npc ai configs.
INFO 19:20:06:966 NpcAppearanceTable: initialized. Loaded 59 appearances.
WARNING 19:20:07:102 NpcTable: detected once the file C:\Users\jorou\Downloads\TeraOnlineServer_Shock_1732\gameserver\.\data\npcs\summons\playable_summons.zip
INFO 19:20:07:110 NpcTable: loaded  816 npcs.
INFO 19:20:07:121 ResourseTable: loaded  253 resourses.
INFO 19:20:07:129 MinionTable: loaded 303 minions for 42 npcs.
INFO 19:20:07:130 RegenTaskManager: initializable.
INFO 19:20:07:136 Formulas: initialized.
INFO 19:20:07:137 EffectTaskManager: initialized.
INFO 19:20:07:455 ObjectEventManager: initialized.
INFO 19:20:07:456 MoveTaskManager: initialized.
INFO 19:20:07:943 SpawnTable: loaded 19515 spawns for 617 npcs and 2013 spawns for 60 resourses.
INFO 19:20:07:970 GeoMap3D: start fast import geodata_1.dat
INFO 19:20:08:197 GeoMap3D: import ended. load 1867238 quards.
INFO 19:20:08:199 GeoMap3D: start fast import geodata_2.dat
INFO 19:20:08:241 GeoMap3D: import ended. load 440227 quards.
INFO 19:20:08:242 GeoMap3D: start fast import geodata_3.dat
INFO 19:20:08:291 GeoMap3D: import ended. load 58040 quards.
INFO 19:20:08:292 GeoManager: initialized.
INFO 19:20:08:296 ItemExecutorManager: loaded 0 executor items.
INFO 19:20:08:307 CommandManager: loaded 94 commands.
INFO 19:20:08:319 SkillLearnManager: loaded 950 skill learn's for 8 clases.
INFO 19:20:08:330 AnnounceManager: loaded 0 start announces and 0 running announces.
INFO 19:20:08:335 AccountManager: initialized.
INFO 19:20:08:347 GuildManager: loaded 0 guilds.
INFO 19:20:08:705 QuestManager: loaded 455 quests.
INFO 19:20:08:706 OnlineManager: initialized.
INFO 19:20:08:709 GameLogManager: initialized.
WARNING 19:20:08:722 DocumentRegionWar: not found territory for 400
WARNING 19:20:08:722 DocumentRegionWar: not found territory for 401
WARNING 19:20:08:722 DocumentRegionWar: not found territory for 402
WARNING 19:20:08:723 DocumentRegionWar: not found territory for 403
INFO 19:20:08:724 EventManager: loaded 5 events.
INFO 19:20:08:834 EventManager: the nearest event in 33 minutes.
INFO 19:20:08:837 PlayerManager: initialized.
INFO 19:20:08:845 Network: started.
INFO 19:20:08:845 GameServer: started.
