INFO 20:10:07:265 ServerControl: open server socket on 2101 port.
INFO 20:10:07:272 ExecutorManager: initialized.
INFO 20:10:07:664 CleaningManager: delete 0 reuses from a character_skill_reuses.
INFO 20:10:07:665 CleaningManager: delete 0 spawns from a boss_spawn.
INFO 20:10:07:666 CleaningManager: delete 0 appearances from a character_appearances.
INFO 20:10:07:667 CleaningManager: delete 0 effects from a character_save_effects.
INFO 20:10:07:667 CleaningManager: delete 0 inventors from a character_inventors.
INFO 20:10:07:668 CleaningManager: delete 0 skills from a character_skills.
INFO 20:10:07:668 CleaningManager: delete 0 hotkeys from a character_hotkey.
INFO 20:10:07:669 CleaningManager: delete 0 chars from a character_friends.
INFO 20:10:07:671 CleaningManager: delete 0 friends from a character_friends.
INFO 20:10:07:671 CleaningManager: delete 0 settings from a character_settings.
INFO 20:10:07:672 CleaningManager: delete 0 empty items from a items.
INFO 20:10:07:672 CleaningManager: delete 0 no owner items from a items.
INFO 20:10:07:673 CleaningManager: delete 0 no owner guild items from a items.
INFO 20:10:07:710 CleaningManager: create buffer table items.
INFO 20:10:07:712 CleaningManager: copy 81 items to buffer_items.
INFO 20:10:07:714 CleaningManager: delete 0 no owner items from a buffer_items.
INFO 20:10:07:726 CleaningManager: drop buffer table items.
INFO 20:10:07:726 CleaningManager: delete 0 from a quests.
INFO 20:10:07:727 CleaningManager: delete 0 from a quest variables.
INFO 20:10:07:728 CleaningManager: delete 0 from a guild ranks.
INFO 20:10:07:772 ClientPacketType: client packets prepared.
INFO 20:10:07:784 EffectParser: initialized.
INFO 20:10:07:787 RandomManager: initialized.
INFO 20:10:07:788 IdFactory: prepare npc ids...
INFO 20:10:07:789 BitSetIdGenerator: 102912 id's available.
INFO 20:10:07:790 IdFactory: prepare objects ids...
INFO 20:10:07:790 BitSetIdGenerator: 102912 id's available.
INFO 20:10:07:791 IdFactory: prepare players ids...
INFO 20:10:07:793 BitSetIdGenerator: extracted 7 ids.
INFO 20:10:07:793 BitSetIdGenerator: 102912 id's available.
INFO 20:10:07:794 IdFactory: prepare guilds ids...
INFO 20:10:07:795 BitSetIdGenerator: extracted 0 ids.
INFO 20:10:07:795 BitSetIdGenerator: 102912 id's available.
INFO 20:10:07:795 IdFactory: prepare item ids...
INFO 20:10:07:796 BitSetIdGenerator: extracted 81 ids.
INFO 20:10:07:797 BitSetIdGenerator: 102912 id's available.
INFO 20:10:07:807 ServerVarManager: loaded 0 variables.
INFO 20:10:07:809 BossSpawnManager: loaded 0 boss spawns.
INFO 20:10:08:447 TerritoryTable: loaded 160 territories for 18803 regions.
INFO 20:10:09:637 WorldZoneTable: loaded 12 world zones for 31986 regions.
INFO 20:10:09:639 ConditionParser: initializable.
WARNING 20:10:10:083 SkillTable: detected once the file C:\Users\jorou\Downloads\TeraOnlineServer_Shock_1732\gameserver\.\data\skills\summon_skills\deprecated.zip
INFO 20:10:10:116 SkillTable: loaded 4613 skills for 19 classes.
INFO 20:10:10:572 ItemTable: loaded 10138 items.
INFO 20:10:10:593 Race: race appearances initializable.
INFO 20:10:10:607 PlayerTable: loaded 104 player templates.
INFO 20:10:10:840 DropTable: load drop for 407 npcs and 126 for resourse.
INFO 20:10:10:844 TownTable: initialized.
WARNING 20:10:10:862 NpcDialogTable: detected once the file C:\Users\jorou\Downloads\TeraOnlineServer_Shock_1732\gameserver\.\data\dialogs\dialogs.txt
INFO 20:10:10:896 NpcDialogTable: loaded 87 dialogs.
INFO 20:10:10:907 MessagePackageTable: loaded 34 message packages.
INFO 20:10:10:964 ConfigAITable: loaded 45 npc ai configs.
INFO 20:10:10:978 NpcAppearanceTable: initialized. Loaded 59 appearances.
WARNING 20:10:11:100 NpcTable: detected once the file C:\Users\jorou\Downloads\TeraOnlineServer_Shock_1732\gameserver\.\data\npcs\summons\playable_summons.zip
INFO 20:10:11:111 NpcTable: loaded  816 npcs.
INFO 20:10:11:121 ResourseTable: loaded  253 resourses.
INFO 20:10:11:129 MinionTable: loaded 303 minions for 42 npcs.
INFO 20:10:11:129 RegenTaskManager: initializable.
INFO 20:10:11:140 Formulas: initialized.
INFO 20:10:11:142 EffectTaskManager: initialized.
INFO 20:10:11:467 ObjectEventManager: initialized.
INFO 20:10:11:467 MoveTaskManager: initialized.
INFO 20:10:11:816 SpawnTable: loaded 19515 spawns for 617 npcs and 2013 spawns for 60 resourses.
INFO 20:10:11:829 GeoMap3D: start fast import geodata_1.dat
INFO 20:10:12:087 GeoMap3D: import ended. load 1867238 quards.
INFO 20:10:12:089 GeoMap3D: start fast import geodata_2.dat
INFO 20:10:12:160 GeoMap3D: import ended. load 440227 quards.
INFO 20:10:12:165 GeoMap3D: start fast import geodata_3.dat
INFO 20:10:12:195 GeoMap3D: import ended. load 58040 quards.
INFO 20:10:12:196 GeoManager: initialized.
INFO 20:10:12:205 ItemExecutorManager: loaded 0 executor items.
INFO 20:10:12:221 CommandManager: loaded 94 commands.
INFO 20:10:12:241 SkillLearnManager: loaded 950 skill learn's for 8 clases.
INFO 20:10:12:245 AnnounceManager: loaded 0 start announces and 0 running announces.
INFO 20:10:12:247 AccountManager: initialized.
INFO 20:10:12:250 GuildManager: loaded 0 guilds.
INFO 20:10:12:614 QuestManager: loaded 455 quests.
INFO 20:10:12:616 OnlineManager: initialized.
INFO 20:10:12:627 GameLogManager: initialized.
INFO 20:10:12:691 Region: next battle "Veritas District" in 2020.06.28 16:00.
INFO 20:10:12:694 Region: next battle "Ostgarath" in 2020.06.28 16:00.
INFO 20:10:12:696 Region: next battle "Val Palrada" in 2020.06.27 20:00.
INFO 20:10:12:698 Region: next battle "Val Aureum" in 2020.06.27 20:00.
INFO 20:10:12:699 EventManager: loaded 5 events.
INFO 20:10:12:812 EventManager: the nearest event in 60 minutes.
INFO 20:10:12:816 PlayerManager: initialized.
INFO 20:10:12:823 Network: started.
INFO 20:10:12:823 GameServer: started.
INFO 20:10:17:584 AccountManager: authed islanzadie
INFO 20:12:26:195 AccountManager: close islanzadie
