INFO 14:35:37:617 ServerControl: open server socket on 2101 port.
INFO 14:35:37:623 ExecutorManager: initialized.
INFO 14:35:38:039 CleaningManager: delete 0 reuses from a character_skill_reuses.
INFO 14:35:38:040 CleaningManager: delete 0 spawns from a boss_spawn.
INFO 14:35:38:041 CleaningManager: delete 0 appearances from a character_appearances.
INFO 14:35:38:041 CleaningManager: delete 0 effects from a character_save_effects.
INFO 14:35:38:042 CleaningManager: delete 0 inventors from a character_inventors.
INFO 14:35:38:043 CleaningManager: delete 0 skills from a character_skills.
INFO 14:35:38:044 CleaningManager: delete 0 hotkeys from a character_hotkey.
INFO 14:35:38:045 CleaningManager: delete 0 chars from a character_friends.
INFO 14:35:38:046 CleaningManager: delete 0 friends from a character_friends.
INFO 14:35:38:047 CleaningManager: delete 0 settings from a character_settings.
INFO 14:35:38:048 CleaningManager: delete 3 empty items from a items.
INFO 14:35:38:049 CleaningManager: delete 0 no owner items from a items.
INFO 14:35:38:050 CleaningManager: delete 0 no owner guild items from a items.
INFO 14:35:38:111 CleaningManager: create buffer table items.
INFO 14:35:38:114 CleaningManager: copy 254 items to buffer_items.
INFO 14:35:38:115 CleaningManager: delete 0 no owner items from a buffer_items.
INFO 14:35:38:130 CleaningManager: drop buffer table items.
INFO 14:35:38:131 CleaningManager: delete 0 from a quests.
INFO 14:35:38:131 CleaningManager: delete 0 from a quest variables.
INFO 14:35:38:132 CleaningManager: delete 0 from a guild ranks.
INFO 14:35:38:182 ClientPacketType: client packets prepared.
INFO 14:35:38:194 EffectParser: initialized.
INFO 14:35:38:197 RandomManager: initialized.
INFO 14:35:38:197 IdFactory: prepare npc ids...
INFO 14:35:38:203 BitSetIdGenerator: 102912 id's available.
INFO 14:35:38:205 IdFactory: prepare objects ids...
INFO 14:35:38:206 BitSetIdGenerator: 102912 id's available.
INFO 14:35:38:207 IdFactory: prepare players ids...
INFO 14:35:38:209 BitSetIdGenerator: extracted 13 ids.
INFO 14:35:38:209 BitSetIdGenerator: 102912 id's available.
INFO 14:35:38:210 IdFactory: prepare guilds ids...
INFO 14:35:38:211 BitSetIdGenerator: extracted 1 ids.
INFO 14:35:38:211 BitSetIdGenerator: 102912 id's available.
INFO 14:35:38:212 IdFactory: prepare item ids...
INFO 14:35:38:214 BitSetIdGenerator: extracted 254 ids.
INFO 14:35:38:214 BitSetIdGenerator: 102912 id's available.
INFO 14:35:38:225 ServerVarManager: loaded 0 variables.
INFO 14:35:38:227 BossSpawnManager: loaded 0 boss spawns.
INFO 14:35:39:038 TerritoryTable: loaded 160 territories for 18803 regions.
INFO 14:35:40:500 WorldZoneTable: loaded 12 world zones for 31986 regions.
INFO 14:35:40:503 ConditionParser: initializable.
WARNING 14:35:41:376 SkillTable: detected once the file C:\Users\jorou\Downloads\TeraOnlineServer_Shock_1732\gameserver\.\data\skills\summon_skills\deprecated.zip
INFO 14:35:41:412 SkillTable: loaded 4613 skills for 19 classes.
WARNING 14:35:41:418 ItemTable: detected once the file C:\Users\jorou\Downloads\TeraOnlineServer_Shock_1732\gameserver\.\data\items\adaptations.txt
INFO 14:35:42:137 ItemTable: loaded 10138 items.
INFO 14:35:42:159 Race: race appearances initializable.
INFO 14:35:42:182 PlayerTable: loaded 104 player templates.
WARNING 14:35:42:442 DropTable: not found items [50048]
INFO 14:35:42:443 DropTable: load drop for 407 npcs and 126 for resourse.
INFO 14:35:42:452 TownTable: initialized.
WARNING 14:35:42:493 NpcDialogTable: detected once the file C:\Users\jorou\Downloads\TeraOnlineServer_Shock_1732\gameserver\.\data\dialogs\dialogs.txt
INFO 14:35:42:537 NpcDialogTable: loaded 87 dialogs.
INFO 14:35:42:555 MessagePackageTable: loaded 34 message packages.
INFO 14:35:42:603 ConfigAITable: loaded 45 npc ai configs.
INFO 14:35:42:618 NpcAppearanceTable: initialized. Loaded 59 appearances.
WARNING 14:35:42:773 NpcTable: found duplicate npc template NpcTemplate npcId = 30002, exp = 0, attack = 300000, defense = 1000, owerAttack = 15000, owerDefense = 13000, level = 100, aggro = 100, factionRange = 5000, name = *Elleon*, title = Valkyon's Hero, factionId = Alliance of Argons, type = 300, isRaid = false, canDrop = false, drop = null, minions = null, dialog = null, geomRadius = 20.0, geomHeight = 60.0, npcType = PLAYER_KILLER in file .\data\npcs\south_arun\velika_outskirt.xml
WARNING 14:35:42:777 NpcTable: found duplicate npc template NpcTemplate npcId = 30004, exp = 0, attack = 40000, defense = 4000, owerAttack = 1500, owerDefense = 7000, level = 100, aggro = 100, factionRange = 5000, name = *Klaris*, title = Wise mage, factionId = Alliance of Argons, type = 300, isRaid = false, canDrop = false, drop = null, minions = null, dialog = null, geomRadius = 20.0, geomHeight = 60.0, npcType = PLAYER_KILLER in file .\data\npcs\south_arun\velika_outskirt.xml
WARNING 14:35:42:778 NpcTable: found duplicate npc template NpcTemplate npcId = 30005, exp = 0, attack = 91000, defense = 5000, owerAttack = 1500, owerDefense = 10000, level = 100, aggro = 100, factionRange = 5000, name = *Joff*, title = Open minded, factionId = Alliance of Argons, type = 300, isRaid = false, canDrop = false, drop = null, minions = null, dialog = null, geomRadius = 30.0, geomHeight = 70.0, npcType = PLAYER_KILLER in file .\data\npcs\south_arun\velika_outskirt.xml
WARNING 14:35:42:778 NpcTable: found duplicate npc template NpcTemplate npcId = 30007, exp = 0, attack = 300000, defense = 5000, owerAttack = 14500, owerDefense = 15000, level = 100, aggro = 100, factionRange = 5000, name = *KLei*, title = Testing, factionId = Alliance of Argons, type = 300, isRaid = false, canDrop = false, drop = null, minions = null, dialog = null, geomRadius = 25.0, geomHeight = 70.0, npcType = PLAYER_KILLER in file .\data\npcs\south_arun\velika_outskirt.xml
WARNING 14:35:42:778 NpcTable: found duplicate npc template NpcTemplate npcId = 30008, exp = 0, attack = 91000, defense = 11000, owerAttack = 1000, owerDefense = 20000, level = 100, aggro = 100, factionRange = 5000, name = *Arei*, title = HUrrrr durrrr, factionId = Alliance of Argons, type = 300, isRaid = false, canDrop = false, drop = null, minions = null, dialog = null, geomRadius = 30.0, geomHeight = 70.0, npcType = PLAYER_KILLER in file .\data\npcs\south_arun\velika_outskirt.xml
WARNING 14:35:42:779 NpcTable: found duplicate npc template NpcTemplate npcId = 30010, exp = 0, attack = 410000, defense = 4000, owerAttack = 1500, owerDefense = 7000, level = 100, aggro = 100, factionRange = 5000, name = *Lola*, title = Lover, factionId = Alliance of Argons, type = 300, isRaid = false, canDrop = false, drop = null, minions = null, dialog = null, geomRadius = 20.0, geomHeight = 60.0, npcType = PLAYER_KILLER in file .\data\npcs\south_arun\velika_outskirt.xml
WARNING 14:35:42:791 NpcTable: detected once the file C:\Users\jorou\Downloads\TeraOnlineServer_Shock_1732\gameserver\.\data\npcs\summons\playable_summons.zip
INFO 14:35:42:807 NpcTable: loaded  816 npcs.
INFO 14:35:42:835 ResourseTable: loaded  253 resourses.
INFO 14:35:42:858 MinionTable: loaded 303 minions for 42 npcs.
INFO 14:35:42:859 RegenTaskManager: initializable.
INFO 14:35:42:865 Formulas: initialized.
INFO 14:35:42:870 EffectTaskManager: initialized.
INFO 14:35:43:276 ObjectEventManager: initialized.
INFO 14:35:43:277 MoveTaskManager: initialized.
INFO 14:35:43:810 SpawnTable: loaded 19523 spawns for 622 npcs and 2013 spawns for 60 resourses.
INFO 14:35:43:871 GeoMap3D: start fast import geodata_1.dat
INFO 14:35:44:120 GeoMap3D: import ended. load 1867238 quards.
INFO 14:35:44:122 GeoMap3D: start fast import geodata_2.dat
INFO 14:35:44:198 GeoMap3D: import ended. load 440227 quards.
INFO 14:35:44:215 GeoMap3D: start fast import geodata_3.dat
INFO 14:35:44:249 GeoMap3D: import ended. load 58040 quards.
INFO 14:35:44:249 GeoManager: initialized.
INFO 14:35:44:255 ItemExecutorManager: loaded 0 executor items.
INFO 14:35:44:270 CommandManager: loaded 96 commands.
INFO 14:35:44:292 SkillLearnManager: loaded 950 skill learn's for 8 clases.
INFO 14:35:44:296 AnnounceManager: loaded 0 start announces and 0 running announces.
INFO 14:35:44:299 AccountManager: initialized.
INFO 14:35:44:327 GuildManager: loaded 1 guilds.
INFO 14:35:44:823 QuestManager: loaded 455 quests.
INFO 14:35:44:829 OnlineManager: initialized.
INFO 14:35:44:835 GameLogManager: initialized.
INFO 14:35:44:985 Region: next battle "Veritas District" in 2020.06.28 16:00.
INFO 14:35:44:993 Region: next battle "Ostgarath" in 2020.06.28 16:00.
INFO 14:35:45:006 Region: next battle "Val Palrada" in 2020.07.04 20:00.
INFO 14:35:45:008 Region: next battle "Val Aureum" in 2020.07.04 20:00.
INFO 14:35:45:008 EventManager: loaded 5 events.
INFO 14:35:45:197 EventManager: the nearest event in 43 minutes.
INFO 14:35:45:201 PlayerManager: initialized.
INFO 14:35:45:222 Network: started.
INFO 14:35:45:237 GameServer: started.
INFO 14:35:46:702 AccountManager: authed islanzadie
INFO 14:37:41:972 Config: reloaded.
WARNING 14:37:54:137 ResourseCollectTask: NullPointerException : null : stack trace:
tera.gameserver.network.serverpackets.ResourseIncreaseLevel.getInstance(ResourseIncreaseLevel.java:45)
tera.gameserver.model.resourse.PlantResourse.increaseReq(PlantResourse.java:41)
tera.gameserver.model.resourse.ResourseInstance.onCollected(ResourseInstance.java:348)
tera.gameserver.tasks.ResourseCollectTask.runImpl(ResourseCollectTask.java:190)
rlib.util.SafeTask.run(SafeTask.java:18)
java.base/java.util.concurrent.Executors$RunnableAdapter.call(Executors.java:515)
java.base/java.util.concurrent.FutureTask.runAndReset(FutureTask.java:305)
java.base/java.util.concurrent.ScheduledThreadPoolExecutor$ScheduledFutureTask.run(ScheduledThreadPoolExecutor.java:305)
java.base/java.util.concurrent.ThreadPoolExecutor.runWorker(ThreadPoolExecutor.java:1128)
java.base/java.util.concurrent.ThreadPoolExecutor$Worker.run(ThreadPoolExecutor.java:628)
java.base/java.lang.Thread.run(Thread.java:830)

INFO 14:38:45:074 Config: reloaded.
INFO 14:39:09:005 Config: reloaded.
INFO 14:41:03:249 AccountManager: close islanzadie
