INFO 23:34:40:552 ServerControl: open server socket on 2101 port.
INFO 23:34:40:558 ExecutorManager: initialized.
INFO 23:34:40:854 CleaningManager: delete 2 reuses from a character_skill_reuses.
INFO 23:34:40:855 CleaningManager: delete 0 spawns from a boss_spawn.
INFO 23:34:40:856 CleaningManager: delete 0 appearances from a character_appearances.
INFO 23:34:40:856 CleaningManager: delete 0 effects from a character_save_effects.
INFO 23:34:40:857 CleaningManager: delete 0 inventors from a character_inventors.
INFO 23:34:40:858 CleaningManager: delete 0 skills from a character_skills.
INFO 23:34:40:858 CleaningManager: delete 0 hotkeys from a character_hotkey.
INFO 23:34:40:859 CleaningManager: delete 0 chars from a character_friends.
INFO 23:34:40:860 CleaningManager: delete 0 friends from a character_friends.
INFO 23:34:40:860 CleaningManager: delete 0 settings from a character_settings.
INFO 23:34:40:861 CleaningManager: delete 0 empty items from a items.
INFO 23:34:40:862 CleaningManager: delete 0 no owner items from a items.
INFO 23:34:40:862 CleaningManager: delete 0 no owner guild items from a items.
INFO 23:34:40:899 CleaningManager: create buffer table items.
INFO 23:34:40:902 CleaningManager: copy 81 items to buffer_items.
INFO 23:34:40:903 CleaningManager: delete 0 no owner items from a buffer_items.
INFO 23:34:40:914 CleaningManager: drop buffer table items.
INFO 23:34:40:915 CleaningManager: delete 0 from a quests.
INFO 23:34:40:915 CleaningManager: delete 0 from a quest variables.
INFO 23:34:40:916 CleaningManager: delete 0 from a guild ranks.
INFO 23:34:40:954 ClientPacketType: client packets prepared.
INFO 23:34:40:965 EffectParser: initialized.
INFO 23:34:40:967 RandomManager: initialized.
INFO 23:34:40:967 IdFactory: prepare npc ids...
INFO 23:34:40:969 BitSetIdGenerator: 102912 id's available.
INFO 23:34:40:969 IdFactory: prepare objects ids...
INFO 23:34:40:969 BitSetIdGenerator: 102912 id's available.
INFO 23:34:40:970 IdFactory: prepare players ids...
INFO 23:34:40:972 BitSetIdGenerator: extracted 7 ids.
INFO 23:34:40:972 BitSetIdGenerator: 102912 id's available.
INFO 23:34:40:972 IdFactory: prepare guilds ids...
INFO 23:34:40:973 BitSetIdGenerator: extracted 0 ids.
INFO 23:34:40:973 BitSetIdGenerator: 102912 id's available.
INFO 23:34:40:974 IdFactory: prepare item ids...
INFO 23:34:40:976 BitSetIdGenerator: extracted 81 ids.
INFO 23:34:40:976 BitSetIdGenerator: 102912 id's available.
INFO 23:34:40:987 ServerVarManager: loaded 0 variables.
INFO 23:34:40:989 BossSpawnManager: loaded 0 boss spawns.
INFO 23:34:41:551 TerritoryTable: loaded 160 territories for 18803 regions.
INFO 23:34:42:615 WorldZoneTable: loaded 12 world zones for 31986 regions.
INFO 23:34:42:616 ConditionParser: initializable.
WARNING 23:34:42:912 SkillTable: detected once the file C:\Users\jorou\Downloads\TeraOnlineServer_Shock_1732\gameserver\.\data\skills\summon_skills\deprecated.zip
INFO 23:34:42:925 SkillTable: loaded 4613 skills for 19 classes.
INFO 23:34:43:183 ItemTable: loaded 10138 items.
INFO 23:34:43:192 Race: race appearances initializable.
INFO 23:34:43:197 PlayerTable: loaded 104 player templates.
INFO 23:34:43:382 DropTable: load drop for 407 npcs and 126 for resourse.
INFO 23:34:43:387 TownTable: initialized.
WARNING 23:34:43:405 NpcDialogTable: detected once the file C:\Users\jorou\Downloads\TeraOnlineServer_Shock_1732\gameserver\.\data\dialogs\dialogs.txt
INFO 23:34:43:432 NpcDialogTable: loaded 87 dialogs.
INFO 23:34:43:438 MessagePackageTable: loaded 34 message packages.
INFO 23:34:43:473 ConfigAITable: loaded 45 npc ai configs.
INFO 23:34:43:485 NpcAppearanceTable: initialized. Loaded 59 appearances.
WARNING 23:34:43:608 NpcTable: detected once the file C:\Users\jorou\Downloads\TeraOnlineServer_Shock_1732\gameserver\.\data\npcs\summons\playable_summons.zip
INFO 23:34:43:617 NpcTable: loaded  816 npcs.
INFO 23:34:43:627 ResourseTable: loaded  253 resourses.
INFO 23:34:43:636 MinionTable: loaded 303 minions for 42 npcs.
INFO 23:34:43:637 RegenTaskManager: initializable.
INFO 23:34:43:644 Formulas: initialized.
INFO 23:34:43:649 EffectTaskManager: initialized.
INFO 23:34:43:921 ObjectEventManager: initialized.
INFO 23:34:43:921 MoveTaskManager: initialized.
INFO 23:34:44:278 SpawnTable: loaded 19515 spawns for 617 npcs and 2013 spawns for 60 resourses.
INFO 23:34:44:311 GeoMap3D: start fast import geodata_1.dat
INFO 23:34:44:484 GeoMap3D: import ended. load 1867238 quards.
INFO 23:34:44:485 GeoMap3D: start fast import geodata_2.dat
INFO 23:34:44:561 GeoMap3D: import ended. load 440227 quards.
INFO 23:34:44:563 GeoMap3D: start fast import geodata_3.dat
INFO 23:34:44:594 GeoMap3D: import ended. load 58040 quards.
INFO 23:34:44:594 GeoManager: initialized.
INFO 23:34:44:600 ItemExecutorManager: loaded 0 executor items.
INFO 23:34:44:609 CommandManager: loaded 94 commands.
INFO 23:34:44:633 SkillLearnManager: loaded 950 skill learn's for 8 clases.
INFO 23:34:44:638 AnnounceManager: loaded 0 start announces and 0 running announces.
INFO 23:34:44:640 AccountManager: initialized.
INFO 23:34:44:644 GuildManager: loaded 0 guilds.
INFO 23:34:44:925 QuestManager: loaded 455 quests.
INFO 23:34:44:926 OnlineManager: initialized.
INFO 23:34:44:930 GameLogManager: initialized.
INFO 23:34:45:015 Region: next battle "Veritas District" in 2020.06.28 16:00.
INFO 23:34:45:018 Region: next battle "Ostgarath" in 2020.06.28 16:00.
INFO 23:34:45:020 Region: next battle "Val Palrada" in 2020.06.27 20:00.
INFO 23:34:45:023 Region: next battle "Val Aureum" in 2020.06.27 20:00.
INFO 23:34:45:023 EventManager: loaded 5 events.
INFO 23:34:45:137 EventManager: the nearest event in 39 minutes.
INFO 23:34:45:140 PlayerManager: initialized.
INFO 23:34:45:149 Network: started.
INFO 23:34:45:149 GameServer: started.
INFO 23:35:38:502 AccountManager: authed islanzadie
INFO 23:36:47:528 AccountManager: close islanzadie
