INFO 15:30:13:956 ServerControl: open server socket on 2101 port.
INFO 15:30:14:001 ExecutorManager: initialized.
INFO 15:30:14:725 CleaningManager: delete 0 reuses from a character_skill_reuses.
INFO 15:30:14:726 CleaningManager: delete 0 spawns from a boss_spawn.
INFO 15:30:14:726 CleaningManager: delete 0 appearances from a character_appearances.
INFO 15:30:14:727 CleaningManager: delete 0 effects from a character_save_effects.
INFO 15:30:14:727 CleaningManager: delete 0 inventors from a character_inventors.
INFO 15:30:14:728 CleaningManager: delete 0 skills from a character_skills.
INFO 15:30:14:729 CleaningManager: delete 0 hotkeys from a character_hotkey.
INFO 15:30:14:730 CleaningManager: delete 0 chars from a character_friends.
INFO 15:30:14:730 CleaningManager: delete 0 friends from a character_friends.
INFO 15:30:14:731 CleaningManager: delete 0 settings from a character_settings.
INFO 15:30:14:732 CleaningManager: delete 2 empty items from a items.
INFO 15:30:14:734 CleaningManager: delete 0 no owner items from a items.
INFO 15:30:14:735 CleaningManager: delete 0 no owner guild items from a items.
INFO 15:30:14:798 CleaningManager: create buffer table items.
INFO 15:30:14:802 CleaningManager: copy 162 items to buffer_items.
INFO 15:30:14:804 CleaningManager: delete 0 no owner items from a buffer_items.
INFO 15:30:14:816 CleaningManager: drop buffer table items.
INFO 15:30:14:817 CleaningManager: delete 0 from a quests.
INFO 15:30:14:818 CleaningManager: delete 0 from a quest variables.
INFO 15:30:14:818 CleaningManager: delete 0 from a guild ranks.
INFO 15:30:14:866 ClientPacketType: client packets prepared.
INFO 15:30:14:892 EffectParser: initialized.
INFO 15:30:14:895 RandomManager: initialized.
INFO 15:30:14:895 IdFactory: prepare npc ids...
INFO 15:30:14:897 BitSetIdGenerator: 102912 id's available.
INFO 15:30:14:898 IdFactory: prepare objects ids...
INFO 15:30:14:899 BitSetIdGenerator: 102912 id's available.
INFO 15:30:14:899 IdFactory: prepare players ids...
INFO 15:30:14:902 BitSetIdGenerator: extracted 11 ids.
INFO 15:30:14:902 BitSetIdGenerator: 102912 id's available.
INFO 15:30:14:902 IdFactory: prepare guilds ids...
INFO 15:30:14:903 BitSetIdGenerator: extracted 1 ids.
INFO 15:30:14:903 BitSetIdGenerator: 102912 id's available.
INFO 15:30:14:904 IdFactory: prepare item ids...
INFO 15:30:14:906 BitSetIdGenerator: extracted 162 ids.
INFO 15:30:14:906 BitSetIdGenerator: 102912 id's available.
INFO 15:30:14:918 ServerVarManager: loaded 0 variables.
INFO 15:30:14:921 BossSpawnManager: loaded 0 boss spawns.
INFO 15:30:15:697 TerritoryTable: loaded 160 territories for 18803 regions.
INFO 15:30:17:242 WorldZoneTable: loaded 12 world zones for 31986 regions.
INFO 15:30:17:243 ConditionParser: initializable.
WARNING 15:30:18:143 SkillTable: detected once the file C:\Users\jorou\Downloads\TeraOnlineServer_Shock_1732\gameserver\.\data\skills\summon_skills\deprecated.zip
INFO 15:30:18:287 SkillTable: loaded 4613 skills for 19 classes.
INFO 15:30:19:145 ItemTable: loaded 10138 items.
INFO 15:30:19:222 Race: race appearances initializable.
INFO 15:30:19:243 PlayerTable: loaded 104 player templates.
WARNING 15:30:19:640 DropTable: not found items [50048]
INFO 15:30:19:641 DropTable: load drop for 407 npcs and 126 for resourse.
INFO 15:30:19:656 TownTable: initialized.
WARNING 15:30:19:732 NpcDialogTable: detected once the file C:\Users\jorou\Downloads\TeraOnlineServer_Shock_1732\gameserver\.\data\dialogs\dialogs.txt
INFO 15:30:19:822 NpcDialogTable: loaded 87 dialogs.
INFO 15:30:19:844 MessagePackageTable: loaded 34 message packages.
INFO 15:30:19:927 ConfigAITable: loaded 45 npc ai configs.
INFO 15:30:19:968 NpcAppearanceTable: initialized. Loaded 59 appearances.
WARNING 15:30:20:308 NpcTable: detected once the file C:\Users\jorou\Downloads\TeraOnlineServer_Shock_1732\gameserver\.\data\npcs\summons\playable_summons.zip
INFO 15:30:20:383 NpcTable: loaded  816 npcs.
INFO 15:30:20:426 ResourseTable: loaded  253 resourses.
INFO 15:30:20:445 MinionTable: loaded 303 minions for 42 npcs.
INFO 15:30:20:445 RegenTaskManager: initializable.
INFO 15:30:20:458 Formulas: initialized.
INFO 15:30:20:459 EffectTaskManager: initialized.
INFO 15:30:21:220 ObjectEventManager: initialized.
INFO 15:30:21:221 MoveTaskManager: initialized.
INFO 15:30:21:742 SpawnTable: loaded 19515 spawns for 617 npcs and 2013 spawns for 60 resourses.
INFO 15:30:21:777 GeoMap3D: start fast import geodata_1.dat
INFO 15:30:22:089 GeoMap3D: import ended. load 1867238 quards.
INFO 15:30:22:091 GeoMap3D: start fast import geodata_2.dat
INFO 15:30:22:243 GeoMap3D: import ended. load 440227 quards.
INFO 15:30:22:245 GeoMap3D: start fast import geodata_3.dat
INFO 15:30:22:277 GeoMap3D: import ended. load 58040 quards.
INFO 15:30:22:277 GeoManager: initialized.
INFO 15:30:22:282 ItemExecutorManager: loaded 0 executor items.
INFO 15:30:22:298 CommandManager: loaded 95 commands.
INFO 15:30:22:319 SkillLearnManager: loaded 950 skill learn's for 8 clases.
INFO 15:30:22:330 AnnounceManager: loaded 0 start announces and 0 running announces.
INFO 15:30:22:335 AccountManager: initialized.
INFO 15:30:22:354 GuildManager: loaded 1 guilds.
INFO 15:30:22:913 QuestManager: loaded 455 quests.
INFO 15:30:22:914 OnlineManager: initialized.
INFO 15:30:22:923 GameLogManager: initialized.
INFO 15:30:23:160 Region: next battle "Veritas District" in 2020.06.28 16:00.
INFO 15:30:23:162 Region: next battle "Ostgarath" in 2020.06.28 16:00.
INFO 15:30:23:164 Region: next battle "Val Palrada" in 2020.06.27 20:00.
INFO 15:30:23:165 Region: next battle "Val Aureum" in 2020.06.27 20:00.
INFO 15:30:23:169 EventManager: loaded 5 events.
INFO 15:30:23:297 EventManager: the nearest event in 33 minutes.
INFO 15:30:23:301 PlayerManager: initialized.
INFO 15:30:23:341 Network: started.
INFO 15:30:23:341 GameServer: started.
INFO 16:08:10:241 AccountManager: authed islanzadie
INFO 17:13:55:504 AccountManager: close islanzadie
INFO 17:39:21:827 AccountManager: authed islanzadie
INFO 17:41:52:570 ItemTable: reloaded items.
INFO 17:42:13:817 ItemTable: reloaded items.
INFO 17:44:53:734 ItemTable: reloaded items.
INFO 17:45:41:708 ItemTable: reloaded items.
INFO 17:46:07:558 ItemTable: reloaded items.
INFO 17:46:24:746 ItemTable: reloaded items.
INFO 17:52:13:238 ItemTable: reloaded items.
WARNING 18:06:19:005 ItemCommand: Exception : not create donate item for id 13225 : stack trace:
tera.gameserver.scripts.commands.ItemCommand.execution(ItemCommand.java:124)
tera.gameserver.manager.CommandManager.execute(CommandManager.java:74)
tera.gameserver.network.clientpackets.PlayerSay.runImpl(PlayerSay.java:84)
rlib.network.packets.AbstractReadeablePacket.run(AbstractReadeablePacket.java:175)
java.base/java.util.concurrent.ThreadPoolExecutor.runWorker(ThreadPoolExecutor.java:1128)
java.base/java.util.concurrent.ThreadPoolExecutor$Worker.run(ThreadPoolExecutor.java:628)
java.base/java.lang.Thread.run(Thread.java:830)

WARNING 18:07:41:309 ItemCommand: Exception : not create donate item for id 13233 : stack trace:
tera.gameserver.scripts.commands.ItemCommand.execution(ItemCommand.java:124)
tera.gameserver.manager.CommandManager.execute(CommandManager.java:74)
tera.gameserver.network.clientpackets.PlayerSay.runImpl(PlayerSay.java:84)
rlib.network.packets.AbstractReadeablePacket.run(AbstractReadeablePacket.java:175)
java.base/java.util.concurrent.ThreadPoolExecutor.runWorker(ThreadPoolExecutor.java:1128)
java.base/java.util.concurrent.ThreadPoolExecutor$Worker.run(ThreadPoolExecutor.java:628)
java.base/java.lang.Thread.run(Thread.java:830)

WARNING 18:11:57:937 ItemCommand: Exception : not create donate item for id 20722 : stack trace:
tera.gameserver.scripts.commands.ItemCommand.execution(ItemCommand.java:124)
tera.gameserver.manager.CommandManager.execute(CommandManager.java:74)
tera.gameserver.network.clientpackets.PlayerSay.runImpl(PlayerSay.java:84)
rlib.network.packets.AbstractReadeablePacket.run(AbstractReadeablePacket.java:175)
java.base/java.util.concurrent.ThreadPoolExecutor.runWorker(ThreadPoolExecutor.java:1128)
java.base/java.util.concurrent.ThreadPoolExecutor$Worker.run(ThreadPoolExecutor.java:628)
java.base/java.lang.Thread.run(Thread.java:830)

INFO 18:15:25:835 AccountManager: authed islanzadie
INFO 18:15:25:838 AccountManager: close islanzadie
INFO 18:16:15:779 AccountManager: authed tsuka
WARNING 18:19:28:720 ItemTable: detected once the file C:\Users\jorou\Downloads\TeraOnlineServer_Shock_1732\gameserver\.\data\items\adaptations.txt
INFO 18:19:29:350 ItemTable: reloaded items.
WARNING 18:21:09:157 ItemTable: detected once the file C:\Users\jorou\Downloads\TeraOnlineServer_Shock_1732\gameserver\.\data\items\adaptations.txt
INFO 18:21:09:623 ItemTable: reloaded items.
WARNING 18:22:38:289 ItemTable: detected once the file C:\Users\jorou\Downloads\TeraOnlineServer_Shock_1732\gameserver\.\data\items\adaptations.txt
INFO 18:22:38:809 ItemTable: reloaded items.
WARNING 18:27:28:807 ItemTable: detected once the file C:\Users\jorou\Downloads\TeraOnlineServer_Shock_1732\gameserver\.\data\items\adaptations.txt
INFO 18:27:29:343 ItemTable: reloaded items.
WARNING 18:30:48:757 ItemTable: detected once the file C:\Users\jorou\Downloads\TeraOnlineServer_Shock_1732\gameserver\.\data\items\adaptations.txt
INFO 18:30:49:251 ItemTable: reloaded items.
WARNING 18:31:28:568 ItemCommand: Exception : not create donate item for id 18556 : stack trace:
tera.gameserver.scripts.commands.ItemCommand.execution(ItemCommand.java:60)
tera.gameserver.manager.CommandManager.execute(CommandManager.java:74)
tera.gameserver.network.clientpackets.PlayerSay.runImpl(PlayerSay.java:84)
rlib.network.packets.AbstractReadeablePacket.run(AbstractReadeablePacket.java:175)
java.base/java.util.concurrent.ThreadPoolExecutor.runWorker(ThreadPoolExecutor.java:1128)
java.base/java.util.concurrent.ThreadPoolExecutor$Worker.run(ThreadPoolExecutor.java:628)
java.base/java.lang.Thread.run(Thread.java:830)

WARNING 18:39:18:070 ItemTable: detected once the file C:\Users\jorou\Downloads\TeraOnlineServer_Shock_1732\gameserver\.\data\items\adaptations.txt
INFO 18:39:18:632 ItemTable: reloaded items.
WARNING 18:40:02:722 ItemTable: detected once the file C:\Users\jorou\Downloads\TeraOnlineServer_Shock_1732\gameserver\.\data\items\adaptations.txt
INFO 18:40:03:210 ItemTable: reloaded items.
WARNING 18:44:27:607 ItemTable: detected once the file C:\Users\jorou\Downloads\TeraOnlineServer_Shock_1732\gameserver\.\data\items\adaptations.txt
INFO 18:44:28:059 ItemTable: reloaded items.
WARNING 18:55:02:155 CommandManager: NullPointerException : Name is null : stack trace:
java.base/java.lang.Enum.valueOf(Enum.java:264)
tera.gameserver.model.base.PlayerClass.valueOf(PlayerClass.java:8)
tera.gameserver.scripts.commands.DeveloperCommand.execution(DeveloperCommand.java:82)
tera.gameserver.manager.CommandManager.execute(CommandManager.java:74)
tera.gameserver.network.clientpackets.PlayerSay.runImpl(PlayerSay.java:84)
rlib.network.packets.AbstractReadeablePacket.run(AbstractReadeablePacket.java:175)
java.base/java.util.concurrent.ThreadPoolExecutor.runWorker(ThreadPoolExecutor.java:1128)
java.base/java.util.concurrent.ThreadPoolExecutor$Worker.run(ThreadPoolExecutor.java:628)
java.base/java.lang.Thread.run(Thread.java:830)

WARNING 19:00:43:719 ItemCommand: Exception : not create donate item for id 20722 : stack trace:
tera.gameserver.scripts.commands.ItemCommand.execution(ItemCommand.java:60)
tera.gameserver.manager.CommandManager.execute(CommandManager.java:74)
tera.gameserver.network.clientpackets.PlayerSay.runImpl(PlayerSay.java:84)
rlib.network.packets.AbstractReadeablePacket.run(AbstractReadeablePacket.java:175)
java.base/java.util.concurrent.ThreadPoolExecutor.runWorker(ThreadPoolExecutor.java:1128)
java.base/java.util.concurrent.ThreadPoolExecutor$Worker.run(ThreadPoolExecutor.java:628)
java.base/java.lang.Thread.run(Thread.java:830)

WARNING 19:16:01:675 ItemTable: detected once the file C:\Users\jorou\Downloads\TeraOnlineServer_Shock_1732\gameserver\.\data\items\adaptations.txt
INFO 19:16:02:162 ItemTable: reloaded items.
WARNING 19:34:18:146 ItemCommand: Exception : not create donate item for id 20434 : stack trace:
tera.gameserver.scripts.commands.ItemCommand.execution(ItemCommand.java:60)
tera.gameserver.manager.CommandManager.execute(CommandManager.java:74)
tera.gameserver.network.clientpackets.PlayerSay.runImpl(PlayerSay.java:84)
rlib.network.packets.AbstractReadeablePacket.run(AbstractReadeablePacket.java:175)
java.base/java.util.concurrent.ThreadPoolExecutor.runWorker(ThreadPoolExecutor.java:1128)
java.base/java.util.concurrent.ThreadPoolExecutor$Worker.run(ThreadPoolExecutor.java:628)
java.base/java.lang.Thread.run(Thread.java:830)

WARNING 19:34:37:976 ItemCommand: Exception : not create donate item for id 20722 : stack trace:
tera.gameserver.scripts.commands.ItemCommand.execution(ItemCommand.java:60)
tera.gameserver.manager.CommandManager.execute(CommandManager.java:74)
tera.gameserver.network.clientpackets.PlayerSay.runImpl(PlayerSay.java:84)
rlib.network.packets.AbstractReadeablePacket.run(AbstractReadeablePacket.java:175)
java.base/java.util.concurrent.ThreadPoolExecutor.runWorker(ThreadPoolExecutor.java:1128)
java.base/java.util.concurrent.ThreadPoolExecutor$Worker.run(ThreadPoolExecutor.java:628)
java.base/java.lang.Thread.run(Thread.java:830)

WARNING 19:36:00:886 ItemCommand: Exception : not create donate item for id 18558 : stack trace:
tera.gameserver.scripts.commands.ItemCommand.execution(ItemCommand.java:124)
tera.gameserver.manager.CommandManager.execute(CommandManager.java:74)
tera.gameserver.network.clientpackets.PlayerSay.runImpl(PlayerSay.java:84)
rlib.network.packets.AbstractReadeablePacket.run(AbstractReadeablePacket.java:175)
java.base/java.util.concurrent.ThreadPoolExecutor.runWorker(ThreadPoolExecutor.java:1128)
java.base/java.util.concurrent.ThreadPoolExecutor$Worker.run(ThreadPoolExecutor.java:628)
java.base/java.lang.Thread.run(Thread.java:830)

WARNING 19:39:00:435 ItemCommand: Exception : not create donate item for id 13238 : stack trace:
tera.gameserver.scripts.commands.ItemCommand.execution(ItemCommand.java:124)
tera.gameserver.manager.CommandManager.execute(CommandManager.java:74)
tera.gameserver.network.clientpackets.PlayerSay.runImpl(PlayerSay.java:84)
rlib.network.packets.AbstractReadeablePacket.run(AbstractReadeablePacket.java:175)
java.base/java.util.concurrent.ThreadPoolExecutor.runWorker(ThreadPoolExecutor.java:1128)
java.base/java.util.concurrent.ThreadPoolExecutor$Worker.run(ThreadPoolExecutor.java:628)
java.base/java.lang.Thread.run(Thread.java:830)

WARNING 19:39:19:735 ItemCommand: Exception : not create donate item for id 13230 : stack trace:
tera.gameserver.scripts.commands.ItemCommand.execution(ItemCommand.java:124)
tera.gameserver.manager.CommandManager.execute(CommandManager.java:74)
tera.gameserver.network.clientpackets.PlayerSay.runImpl(PlayerSay.java:84)
rlib.network.packets.AbstractReadeablePacket.run(AbstractReadeablePacket.java:175)
java.base/java.util.concurrent.ThreadPoolExecutor.runWorker(ThreadPoolExecutor.java:1128)
java.base/java.util.concurrent.ThreadPoolExecutor$Worker.run(ThreadPoolExecutor.java:628)
java.base/java.lang.Thread.run(Thread.java:830)

WARNING 19:39:27:426 ItemCommand: Exception : not create donate item for id 13222 : stack trace:
tera.gameserver.scripts.commands.ItemCommand.execution(ItemCommand.java:124)
tera.gameserver.manager.CommandManager.execute(CommandManager.java:74)
tera.gameserver.network.clientpackets.PlayerSay.runImpl(PlayerSay.java:84)
rlib.network.packets.AbstractReadeablePacket.run(AbstractReadeablePacket.java:175)
java.base/java.util.concurrent.ThreadPoolExecutor.runWorker(ThreadPoolExecutor.java:1128)
java.base/java.util.concurrent.ThreadPoolExecutor$Worker.run(ThreadPoolExecutor.java:628)
java.base/java.lang.Thread.run(Thread.java:830)

WARNING 19:40:04:531 ItemCommand: Exception : not create donate item for id 13230 : stack trace:
tera.gameserver.scripts.commands.ItemCommand.execution(ItemCommand.java:124)
tera.gameserver.manager.CommandManager.execute(CommandManager.java:74)
tera.gameserver.network.clientpackets.PlayerSay.runImpl(PlayerSay.java:84)
rlib.network.packets.AbstractReadeablePacket.run(AbstractReadeablePacket.java:175)
java.base/java.util.concurrent.ThreadPoolExecutor.runWorker(ThreadPoolExecutor.java:1128)
java.base/java.util.concurrent.ThreadPoolExecutor$Worker.run(ThreadPoolExecutor.java:628)
java.base/java.lang.Thread.run(Thread.java:830)

WARNING 19:43:21:493 ItemTable: detected once the file C:\Users\jorou\Downloads\TeraOnlineServer_Shock_1732\gameserver\.\data\items\adaptations.txt
WARNING 19:43:21:848 DocumentItem: incorrect file .\data\items\weapons\twinSword.xml
WARNING 19:43:21:850 DocumentItem: SAXParseException : The element type "mul" must be terminated by the matching end-tag "</mul>". : stack trace:
java.xml/com.sun.org.apache.xerces.internal.parsers.DOMParser.parse(DOMParser.java:261)
java.xml/com.sun.org.apache.xerces.internal.jaxp.DocumentBuilderImpl.parse(DocumentBuilderImpl.java:339)
java.xml/javax.xml.parsers.DocumentBuilder.parse(DocumentBuilder.java:206)
rlib.data.AbstractDocument.parse(AbstractDocument.java:55)
tera.gameserver.tables.ItemTable.reload(ItemTable.java:241)
tera.gameserver.scripts.commands.ItemCommand.execution(ItemCommand.java:39)
tera.gameserver.manager.CommandManager.execute(CommandManager.java:74)
tera.gameserver.network.clientpackets.PlayerSay.runImpl(PlayerSay.java:84)
rlib.network.packets.AbstractReadeablePacket.run(AbstractReadeablePacket.java:175)
java.base/java.util.concurrent.ThreadPoolExecutor.runWorker(ThreadPoolExecutor.java:1128)
java.base/java.util.concurrent.ThreadPoolExecutor$Worker.run(ThreadPoolExecutor.java:628)
java.base/java.lang.Thread.run(Thread.java:830)

WARNING 19:43:21:851 DocumentItem: incorrect file .\data\items\weapons\twinSword.xml
WARNING 19:43:21:851 DocumentItem: NullPointerException : null : stack trace:
tera.gameserver.document.DocumentItem.parse(DocumentItem.java:47)
rlib.data.AbstractDocument.parse(AbstractDocument.java:67)
tera.gameserver.tables.ItemTable.reload(ItemTable.java:241)
tera.gameserver.scripts.commands.ItemCommand.execution(ItemCommand.java:39)
tera.gameserver.manager.CommandManager.execute(CommandManager.java:74)
tera.gameserver.network.clientpackets.PlayerSay.runImpl(PlayerSay.java:84)
rlib.network.packets.AbstractReadeablePacket.run(AbstractReadeablePacket.java:175)
java.base/java.util.concurrent.ThreadPoolExecutor.runWorker(ThreadPoolExecutor.java:1128)
java.base/java.util.concurrent.ThreadPoolExecutor$Worker.run(ThreadPoolExecutor.java:628)
java.base/java.lang.Thread.run(Thread.java:830)

INFO 19:43:22:062 ItemTable: reloaded items.
WARNING 19:43:41:944 ItemTable: detected once the file C:\Users\jorou\Downloads\TeraOnlineServer_Shock_1732\gameserver\.\data\items\adaptations.txt
INFO 19:43:42:403 ItemTable: reloaded items.
INFO 19:53:54:651 AccountManager: authed Joalin
INFO 19:56:56:574 AccountManager: close tsuka
WARNING 20:01:02:845 ItemCommand: Exception : not create donate item for id 18558 : stack trace:
tera.gameserver.scripts.commands.ItemCommand.execution(ItemCommand.java:60)
tera.gameserver.manager.CommandManager.execute(CommandManager.java:74)
tera.gameserver.network.clientpackets.PlayerSay.runImpl(PlayerSay.java:84)
rlib.network.packets.AbstractReadeablePacket.run(AbstractReadeablePacket.java:175)
java.base/java.util.concurrent.ThreadPoolExecutor.runWorker(ThreadPoolExecutor.java:1128)
java.base/java.util.concurrent.ThreadPoolExecutor$Worker.run(ThreadPoolExecutor.java:628)
java.base/java.lang.Thread.run(Thread.java:830)

WARNING 20:05:52:856 ItemTable: detected once the file C:\Users\jorou\Downloads\TeraOnlineServer_Shock_1732\gameserver\.\data\items\adaptations.txt
INFO 20:05:53:140 ItemTable: reloaded items.
WARNING 20:07:13:459 ItemCommand: Exception : not create donate item for id 13230 : stack trace:
tera.gameserver.scripts.commands.ItemCommand.execution(ItemCommand.java:60)
tera.gameserver.manager.CommandManager.execute(CommandManager.java:74)
tera.gameserver.network.clientpackets.PlayerSay.runImpl(PlayerSay.java:84)
rlib.network.packets.AbstractReadeablePacket.run(AbstractReadeablePacket.java:175)
java.base/java.util.concurrent.ThreadPoolExecutor.runWorker(ThreadPoolExecutor.java:1128)
java.base/java.util.concurrent.ThreadPoolExecutor$Worker.run(ThreadPoolExecutor.java:628)
java.base/java.lang.Thread.run(Thread.java:830)

WARNING 20:07:38:905 ItemCommand: Exception : not create donate item for id 13182 : stack trace:
tera.gameserver.scripts.commands.ItemCommand.execution(ItemCommand.java:60)
tera.gameserver.manager.CommandManager.execute(CommandManager.java:74)
tera.gameserver.network.clientpackets.PlayerSay.runImpl(PlayerSay.java:84)
rlib.network.packets.AbstractReadeablePacket.run(AbstractReadeablePacket.java:175)
java.base/java.util.concurrent.ThreadPoolExecutor.runWorker(ThreadPoolExecutor.java:1128)
java.base/java.util.concurrent.ThreadPoolExecutor$Worker.run(ThreadPoolExecutor.java:628)
java.base/java.lang.Thread.run(Thread.java:830)

WARNING 20:09:19:765 ItemTable: detected once the file C:\Users\jorou\Downloads\TeraOnlineServer_Shock_1732\gameserver\.\data\items\adaptations.txt
INFO 20:09:20:067 ItemTable: reloaded items.
WARNING 20:29:26:077 CommandManager: NullPointerException : null : stack trace:
tera.gameserver.scripts.commands.WorldCommand.execution(WorldCommand.java:89)
tera.gameserver.manager.CommandManager.execute(CommandManager.java:74)
tera.gameserver.network.clientpackets.PlayerSay.runImpl(PlayerSay.java:84)
rlib.network.packets.AbstractReadeablePacket.run(AbstractReadeablePacket.java:175)
java.base/java.util.concurrent.ThreadPoolExecutor.runWorker(ThreadPoolExecutor.java:1128)
java.base/java.util.concurrent.ThreadPoolExecutor$Worker.run(ThreadPoolExecutor.java:628)
java.base/java.lang.Thread.run(Thread.java:830)

WARNING 20:29:31:814 CommandManager: NullPointerException : null : stack trace:
tera.gameserver.scripts.commands.WorldCommand.execution(WorldCommand.java:89)
tera.gameserver.manager.CommandManager.execute(CommandManager.java:74)
tera.gameserver.network.clientpackets.PlayerSay.runImpl(PlayerSay.java:84)
rlib.network.packets.AbstractReadeablePacket.run(AbstractReadeablePacket.java:175)
java.base/java.util.concurrent.ThreadPoolExecutor.runWorker(ThreadPoolExecutor.java:1128)
java.base/java.util.concurrent.ThreadPoolExecutor$Worker.run(ThreadPoolExecutor.java:628)
java.base/java.lang.Thread.run(Thread.java:830)

WARNING 20:29:49:448 CommandManager: NullPointerException : null : stack trace:
tera.gameserver.scripts.commands.WorldCommand.execution(WorldCommand.java:89)
tera.gameserver.manager.CommandManager.execute(CommandManager.java:74)
tera.gameserver.network.clientpackets.PlayerSay.runImpl(PlayerSay.java:84)
rlib.network.packets.AbstractReadeablePacket.run(AbstractReadeablePacket.java:175)
java.base/java.util.concurrent.ThreadPoolExecutor.runWorker(ThreadPoolExecutor.java:1128)
java.base/java.util.concurrent.ThreadPoolExecutor$Worker.run(ThreadPoolExecutor.java:628)
java.base/java.lang.Thread.run(Thread.java:830)

INFO 20:30:50:967 AccountManager: close islanzadie
INFO 20:32:18:411 AccountManager: close Joalin
