INFO 21:59:00:915 ServerControl: open server socket on 2101 port.
INFO 21:59:00:921 ExecutorManager: initialized.
INFO 21:59:01:295 CleaningManager: delete 1 reuses from a character_skill_reuses.
INFO 21:59:01:297 CleaningManager: delete 0 spawns from a boss_spawn.
INFO 21:59:01:297 CleaningManager: delete 0 appearances from a character_appearances.
INFO 21:59:01:298 CleaningManager: delete 0 effects from a character_save_effects.
INFO 21:59:01:299 CleaningManager: delete 0 inventors from a character_inventors.
INFO 21:59:01:300 CleaningManager: delete 0 skills from a character_skills.
INFO 21:59:01:301 CleaningManager: delete 0 hotkeys from a character_hotkey.
INFO 21:59:01:302 CleaningManager: delete 0 chars from a character_friends.
INFO 21:59:01:310 CleaningManager: delete 0 friends from a character_friends.
INFO 21:59:01:311 CleaningManager: delete 0 settings from a character_settings.
INFO 21:59:01:312 CleaningManager: delete 6 empty items from a items.
INFO 21:59:01:313 CleaningManager: delete 0 no owner items from a items.
INFO 21:59:01:314 CleaningManager: delete 0 no owner guild items from a items.
INFO 21:59:01:361 CleaningManager: create buffer table items.
INFO 21:59:01:364 CleaningManager: copy 220 items to buffer_items.
INFO 21:59:01:365 CleaningManager: delete 0 no owner items from a buffer_items.
INFO 21:59:01:380 CleaningManager: drop buffer table items.
INFO 21:59:01:381 CleaningManager: delete 0 from a quests.
INFO 21:59:01:381 CleaningManager: delete 0 from a quest variables.
INFO 21:59:01:382 CleaningManager: delete 0 from a guild ranks.
INFO 21:59:01:427 ClientPacketType: client packets prepared.
INFO 21:59:01:440 EffectParser: initialized.
INFO 21:59:01:442 RandomManager: initialized.
INFO 21:59:01:442 IdFactory: prepare npc ids...
INFO 21:59:01:444 BitSetIdGenerator: 102912 id's available.
INFO 21:59:01:445 IdFactory: prepare objects ids...
INFO 21:59:01:446 BitSetIdGenerator: 102912 id's available.
INFO 21:59:01:446 IdFactory: prepare players ids...
INFO 21:59:01:449 BitSetIdGenerator: extracted 12 ids.
INFO 21:59:01:449 BitSetIdGenerator: 102912 id's available.
INFO 21:59:01:450 IdFactory: prepare guilds ids...
INFO 21:59:01:451 BitSetIdGenerator: extracted 1 ids.
INFO 21:59:01:451 BitSetIdGenerator: 102912 id's available.
INFO 21:59:01:452 IdFactory: prepare item ids...
INFO 21:59:01:453 BitSetIdGenerator: extracted 220 ids.
INFO 21:59:01:454 BitSetIdGenerator: 102912 id's available.
INFO 21:59:01:465 ServerVarManager: loaded 0 variables.
INFO 21:59:01:468 BossSpawnManager: loaded 0 boss spawns.
INFO 21:59:02:145 TerritoryTable: loaded 160 territories for 18803 regions.
INFO 21:59:03:597 WorldZoneTable: loaded 12 world zones for 31986 regions.
INFO 21:59:03:598 ConditionParser: initializable.
WARNING 21:59:04:057 SkillTable: detected once the file C:\Users\jorou\Downloads\TeraOnlineServer_Shock_1732\gameserver\.\data\skills\summon_skills\deprecated.zip
INFO 21:59:04:074 SkillTable: loaded 4613 skills for 19 classes.
WARNING 21:59:04:085 ItemTable: detected once the file C:\Users\jorou\Downloads\TeraOnlineServer_Shock_1732\gameserver\.\data\items\adaptations.txt
INFO 21:59:04:527 ItemTable: loaded 10138 items.
INFO 21:59:04:543 Race: race appearances initializable.
INFO 21:59:04:555 PlayerTable: loaded 104 player templates.
WARNING 21:59:04:760 DropTable: not found items [50048]
INFO 21:59:04:761 DropTable: load drop for 407 npcs and 126 for resourse.
INFO 21:59:04:765 TownTable: initialized.
WARNING 21:59:04:788 NpcDialogTable: detected once the file C:\Users\jorou\Downloads\TeraOnlineServer_Shock_1732\gameserver\.\data\dialogs\dialogs.txt
INFO 21:59:04:814 NpcDialogTable: loaded 87 dialogs.
INFO 21:59:04:824 MessagePackageTable: loaded 34 message packages.
INFO 21:59:04:859 ConfigAITable: loaded 45 npc ai configs.
INFO 21:59:04:873 NpcAppearanceTable: initialized. Loaded 59 appearances.
WARNING 21:59:05:017 NpcTable: found duplicate npc template NpcTemplate npcId = 30002, exp = 0, attack = 300000, defense = 1000, owerAttack = 15000, owerDefense = 13000, level = 100, aggro = 100, factionRange = 5000, name = *Elleon*, title = Valkyon's Hero, factionId = Alliance of Argons, type = 300, isRaid = false, canDrop = false, drop = null, minions = null, dialog = null, geomRadius = 20.0, geomHeight = 60.0, npcType = PLAYER_KILLER in file .\data\npcs\south_arun\velika_outskirt.xml
WARNING 21:59:05:018 NpcTable: found duplicate npc template NpcTemplate npcId = 30004, exp = 0, attack = 40000, defense = 4000, owerAttack = 1500, owerDefense = 7000, level = 100, aggro = 100, factionRange = 5000, name = *Klaris*, title = Wise mage, factionId = Alliance of Argons, type = 300, isRaid = false, canDrop = false, drop = null, minions = null, dialog = null, geomRadius = 20.0, geomHeight = 60.0, npcType = PLAYER_KILLER in file .\data\npcs\south_arun\velika_outskirt.xml
WARNING 21:59:05:019 NpcTable: found duplicate npc template NpcTemplate npcId = 30005, exp = 0, attack = 91000, defense = 5000, owerAttack = 1500, owerDefense = 10000, level = 100, aggro = 100, factionRange = 5000, name = *Joff*, title = Open minded, factionId = Alliance of Argons, type = 300, isRaid = false, canDrop = false, drop = null, minions = null, dialog = null, geomRadius = 30.0, geomHeight = 70.0, npcType = PLAYER_KILLER in file .\data\npcs\south_arun\velika_outskirt.xml
WARNING 21:59:05:020 NpcTable: found duplicate npc template NpcTemplate npcId = 30007, exp = 0, attack = 300000, defense = 5000, owerAttack = 14500, owerDefense = 15000, level = 100, aggro = 100, factionRange = 5000, name = *KLei*, title = Testing, factionId = Alliance of Argons, type = 300, isRaid = false, canDrop = false, drop = null, minions = null, dialog = null, geomRadius = 25.0, geomHeight = 70.0, npcType = PLAYER_KILLER in file .\data\npcs\south_arun\velika_outskirt.xml
WARNING 21:59:05:020 NpcTable: found duplicate npc template NpcTemplate npcId = 30008, exp = 0, attack = 91000, defense = 11000, owerAttack = 1000, owerDefense = 20000, level = 100, aggro = 100, factionRange = 5000, name = *Arei*, title = HUrrrr durrrr, factionId = Alliance of Argons, type = 300, isRaid = false, canDrop = false, drop = null, minions = null, dialog = null, geomRadius = 30.0, geomHeight = 70.0, npcType = PLAYER_KILLER in file .\data\npcs\south_arun\velika_outskirt.xml
WARNING 21:59:05:021 NpcTable: found duplicate npc template NpcTemplate npcId = 30010, exp = 0, attack = 410000, defense = 4000, owerAttack = 1500, owerDefense = 7000, level = 100, aggro = 100, factionRange = 5000, name = *Lola*, title = Lover, factionId = Alliance of Argons, type = 300, isRaid = false, canDrop = false, drop = null, minions = null, dialog = null, geomRadius = 20.0, geomHeight = 60.0, npcType = PLAYER_KILLER in file .\data\npcs\south_arun\velika_outskirt.xml
WARNING 21:59:05:034 NpcTable: detected once the file C:\Users\jorou\Downloads\TeraOnlineServer_Shock_1732\gameserver\.\data\npcs\summons\playable_summons.zip
INFO 21:59:05:043 NpcTable: loaded  816 npcs.
INFO 21:59:05:055 ResourseTable: loaded  253 resourses.
INFO 21:59:05:080 MinionTable: loaded 303 minions for 42 npcs.
INFO 21:59:05:088 RegenTaskManager: initializable.
INFO 21:59:05:096 Formulas: initialized.
INFO 21:59:05:097 EffectTaskManager: initialized.
INFO 21:59:05:384 ObjectEventManager: initialized.
INFO 21:59:05:384 MoveTaskManager: initialized.
INFO 21:59:05:833 SpawnTable: loaded 19523 spawns for 622 npcs and 2013 spawns for 60 resourses.
INFO 21:59:05:885 GeoMap3D: start fast import geodata_1.dat
INFO 21:59:06:174 GeoMap3D: import ended. load 1867238 quards.
INFO 21:59:06:177 GeoMap3D: start fast import geodata_2.dat
INFO 21:59:06:273 GeoMap3D: import ended. load 440227 quards.
INFO 21:59:06:277 GeoMap3D: start fast import geodata_3.dat
INFO 21:59:06:298 GeoMap3D: import ended. load 58040 quards.
INFO 21:59:06:299 GeoManager: initialized.
INFO 21:59:06:307 ItemExecutorManager: loaded 0 executor items.
INFO 21:59:06:318 CommandManager: loaded 95 commands.
INFO 21:59:06:326 SkillLearnManager: loaded 950 skill learn's for 8 clases.
INFO 21:59:06:336 AnnounceManager: loaded 0 start announces and 0 running announces.
INFO 21:59:06:339 AccountManager: initialized.
INFO 21:59:06:379 GuildManager: loaded 1 guilds.
INFO 21:59:06:741 QuestManager: loaded 455 quests.
INFO 21:59:06:747 OnlineManager: initialized.
INFO 21:59:06:752 GameLogManager: initialized.
INFO 21:59:06:870 Region: next battle "Veritas District" in 2020.06.28 16:00.
INFO 21:59:06:878 Region: next battle "Ostgarath" in 2020.06.28 16:00.
INFO 21:59:06:884 Region: next battle "Val Palrada" in 2020.06.27 20:00.
INFO 21:59:06:886 Region: next battle "Val Aureum" in 2020.06.27 20:00.
INFO 21:59:06:887 EventManager: loaded 5 events.
INFO 21:59:07:034 EventManager: the nearest event in 31 minutes.
INFO 21:59:07:037 PlayerManager: initialized.
INFO 21:59:07:046 Network: started.
INFO 21:59:07:047 GameServer: started.
INFO 21:59:32:432 AccountManager: authed islanzadie
INFO 22:58:15:504 AccountManager: close islanzadie
