INFO 22:05:52:486 ServerControl: open server socket on 2101 port.
INFO 22:05:52:493 ExecutorManager: initialized.
INFO 22:05:52:855 CleaningManager: delete 20 reuses from a character_skill_reuses.
INFO 22:05:52:856 CleaningManager: delete 0 spawns from a boss_spawn.
INFO 22:05:52:857 CleaningManager: delete 0 appearances from a character_appearances.
INFO 22:05:52:857 CleaningManager: delete 0 effects from a character_save_effects.
INFO 22:05:52:858 CleaningManager: delete 0 inventors from a character_inventors.
INFO 22:05:52:859 CleaningManager: delete 0 skills from a character_skills.
INFO 22:05:52:860 CleaningManager: delete 0 hotkeys from a character_hotkey.
INFO 22:05:52:860 CleaningManager: delete 0 chars from a character_friends.
INFO 22:05:52:861 CleaningManager: delete 0 friends from a character_friends.
INFO 22:05:52:862 CleaningManager: delete 0 settings from a character_settings.
INFO 22:05:52:864 CleaningManager: delete 67 empty items from a items.
INFO 22:05:52:865 CleaningManager: delete 0 no owner items from a items.
INFO 22:05:52:865 CleaningManager: delete 0 no owner guild items from a items.
INFO 22:05:52:921 CleaningManager: create buffer table items.
INFO 22:05:52:924 CleaningManager: copy 212 items to buffer_items.
INFO 22:05:52:925 CleaningManager: delete 0 no owner items from a buffer_items.
INFO 22:05:52:937 CleaningManager: drop buffer table items.
INFO 22:05:52:937 CleaningManager: delete 0 from a quests.
INFO 22:05:52:938 CleaningManager: delete 0 from a quest variables.
INFO 22:05:52:938 CleaningManager: delete 0 from a guild ranks.
INFO 22:05:52:984 ClientPacketType: client packets prepared.
INFO 22:05:52:996 EffectParser: initialized.
INFO 22:05:52:999 RandomManager: initialized.
INFO 22:05:52:999 IdFactory: prepare npc ids...
INFO 22:05:53:001 BitSetIdGenerator: 102912 id's available.
INFO 22:05:53:001 IdFactory: prepare objects ids...
INFO 22:05:53:002 BitSetIdGenerator: 102912 id's available.
INFO 22:05:53:002 IdFactory: prepare players ids...
INFO 22:05:53:004 BitSetIdGenerator: extracted 12 ids.
INFO 22:05:53:004 BitSetIdGenerator: 102912 id's available.
INFO 22:05:53:005 IdFactory: prepare guilds ids...
INFO 22:05:53:006 BitSetIdGenerator: extracted 1 ids.
INFO 22:05:53:007 BitSetIdGenerator: 102912 id's available.
INFO 22:05:53:007 IdFactory: prepare item ids...
INFO 22:05:53:009 BitSetIdGenerator: extracted 212 ids.
INFO 22:05:53:010 BitSetIdGenerator: 102912 id's available.
INFO 22:05:53:020 ServerVarManager: loaded 0 variables.
INFO 22:05:53:023 BossSpawnManager: loaded 0 boss spawns.
INFO 22:05:53:734 TerritoryTable: loaded 160 territories for 18803 regions.
INFO 22:05:54:889 WorldZoneTable: loaded 12 world zones for 31986 regions.
INFO 22:05:54:890 ConditionParser: initializable.
WARNING 22:05:55:368 SkillTable: detected once the file C:\Users\jorou\Downloads\TeraOnlineServer_Shock_1732\gameserver\.\data\skills\summon_skills\deprecated.zip
INFO 22:05:55:388 SkillTable: loaded 4613 skills for 19 classes.
WARNING 22:05:55:395 ItemTable: detected once the file C:\Users\jorou\Downloads\TeraOnlineServer_Shock_1732\gameserver\.\data\items\adaptations.txt
INFO 22:05:55:778 ItemTable: loaded 10138 items.
INFO 22:05:55:803 Race: race appearances initializable.
INFO 22:05:55:809 PlayerTable: loaded 104 player templates.
WARNING 22:05:56:074 DropTable: not found items [50048]
INFO 22:05:56:076 DropTable: load drop for 407 npcs and 126 for resourse.
INFO 22:05:56:085 TownTable: initialized.
WARNING 22:05:56:114 NpcDialogTable: detected once the file C:\Users\jorou\Downloads\TeraOnlineServer_Shock_1732\gameserver\.\data\dialogs\dialogs.txt
INFO 22:05:56:160 NpcDialogTable: loaded 87 dialogs.
INFO 22:05:56:170 MessagePackageTable: loaded 34 message packages.
INFO 22:05:56:221 ConfigAITable: loaded 45 npc ai configs.
INFO 22:05:56:240 NpcAppearanceTable: initialized. Loaded 59 appearances.
WARNING 22:05:56:388 NpcTable: detected once the file C:\Users\jorou\Downloads\TeraOnlineServer_Shock_1732\gameserver\.\data\npcs\summons\playable_summons.zip
INFO 22:05:56:398 NpcTable: loaded  816 npcs.
INFO 22:05:56:411 ResourseTable: loaded  253 resourses.
INFO 22:05:56:425 MinionTable: loaded 303 minions for 42 npcs.
INFO 22:05:56:425 RegenTaskManager: initializable.
INFO 22:05:56:431 Formulas: initialized.
INFO 22:05:56:433 EffectTaskManager: initialized.
INFO 22:05:56:768 ObjectEventManager: initialized.
INFO 22:05:56:768 MoveTaskManager: initialized.
INFO 22:05:57:186 SpawnTable: loaded 19515 spawns for 617 npcs and 2013 spawns for 60 resourses.
INFO 22:05:57:237 GeoMap3D: start fast import geodata_1.dat
INFO 22:05:57:441 GeoMap3D: import ended. load 1867238 quards.
INFO 22:05:57:445 GeoMap3D: start fast import geodata_2.dat
INFO 22:05:57:525 GeoMap3D: import ended. load 440227 quards.
INFO 22:05:57:531 GeoMap3D: start fast import geodata_3.dat
INFO 22:05:57:555 GeoMap3D: import ended. load 58040 quards.
INFO 22:05:57:556 GeoManager: initialized.
INFO 22:05:57:563 ItemExecutorManager: loaded 0 executor items.
INFO 22:05:57:576 CommandManager: loaded 95 commands.
INFO 22:05:57:588 SkillLearnManager: loaded 950 skill learn's for 8 clases.
INFO 22:05:57:594 AnnounceManager: loaded 0 start announces and 0 running announces.
INFO 22:05:57:596 AccountManager: initialized.
INFO 22:05:57:607 GuildManager: loaded 1 guilds.
INFO 22:05:57:922 QuestManager: loaded 455 quests.
INFO 22:05:57:931 OnlineManager: initialized.
INFO 22:05:57:936 GameLogManager: initialized.
INFO 22:05:58:009 Region: next battle "Veritas District" in 2020.06.28 16:00.
INFO 22:05:58:011 Region: next battle "Ostgarath" in 2020.06.28 16:00.
INFO 22:05:58:015 Region: next battle "Val Palrada" in 2020.06.27 20:00.
INFO 22:05:58:017 Region: next battle "Val Aureum" in 2020.06.27 20:00.
INFO 22:05:58:017 EventManager: loaded 5 events.
INFO 22:05:58:130 EventManager: the nearest event in 49 minutes.
INFO 22:05:58:133 PlayerManager: initialized.
INFO 22:05:58:143 Network: started.
INFO 22:05:58:144 GameServer: started.
INFO 22:06:02:646 AccountManager: authed islanzadie
WARNING 22:12:03:352 CommandManager: NumberFormatException : null : stack trace:
java.base/java.lang.Integer.parseInt(Integer.java:620)
java.base/java.lang.Integer.parseInt(Integer.java:776)
tera.gameserver.scripts.commands.NpcCommands.execution(NpcCommands.java:71)
tera.gameserver.manager.CommandManager.execute(CommandManager.java:74)
tera.gameserver.network.clientpackets.PlayerSay.runImpl(PlayerSay.java:84)
rlib.network.packets.AbstractReadeablePacket.run(AbstractReadeablePacket.java:175)
java.base/java.util.concurrent.ThreadPoolExecutor.runWorker(ThreadPoolExecutor.java:1128)
java.base/java.util.concurrent.ThreadPoolExecutor$Worker.run(ThreadPoolExecutor.java:628)
java.base/java.lang.Thread.run(Thread.java:830)

WARNING 22:12:42:886 CommandManager: ArrayIndexOutOfBoundsException : Index 1 out of bounds for length 1 : stack trace:
tera.gameserver.scripts.commands.NpcCommands.execution(NpcCommands.java:198)
tera.gameserver.manager.CommandManager.execute(CommandManager.java:74)
tera.gameserver.network.clientpackets.PlayerSay.runImpl(PlayerSay.java:84)
rlib.network.packets.AbstractReadeablePacket.run(AbstractReadeablePacket.java:175)
java.base/java.util.concurrent.ThreadPoolExecutor.runWorker(ThreadPoolExecutor.java:1128)
java.base/java.util.concurrent.ThreadPoolExecutor$Worker.run(ThreadPoolExecutor.java:628)
java.base/java.lang.Thread.run(Thread.java:830)

WARNING 22:12:59:572 CommandManager: ArrayIndexOutOfBoundsException : Index 1 out of bounds for length 1 : stack trace:
tera.gameserver.scripts.commands.NpcCommands.execution(NpcCommands.java:198)
tera.gameserver.manager.CommandManager.execute(CommandManager.java:74)
tera.gameserver.network.clientpackets.PlayerSay.runImpl(PlayerSay.java:84)
rlib.network.packets.AbstractReadeablePacket.run(AbstractReadeablePacket.java:175)
java.base/java.util.concurrent.ThreadPoolExecutor.runWorker(ThreadPoolExecutor.java:1128)
java.base/java.util.concurrent.ThreadPoolExecutor$Worker.run(ThreadPoolExecutor.java:628)
java.base/java.lang.Thread.run(Thread.java:830)

WARNING 22:13:48:198 CommandManager: NumberFormatException : For input string: "DefaultMonster" : stack trace:
java.base/java.lang.NumberFormatException.forInputString(NumberFormatException.java:68)
java.base/java.lang.Integer.parseInt(Integer.java:658)
java.base/java.lang.Integer.parseInt(Integer.java:776)
tera.gameserver.scripts.commands.NpcCommands.execution(NpcCommands.java:198)
tera.gameserver.manager.CommandManager.execute(CommandManager.java:74)
tera.gameserver.network.clientpackets.PlayerSay.runImpl(PlayerSay.java:84)
rlib.network.packets.AbstractReadeablePacket.run(AbstractReadeablePacket.java:175)
java.base/java.util.concurrent.ThreadPoolExecutor.runWorker(ThreadPoolExecutor.java:1128)
java.base/java.util.concurrent.ThreadPoolExecutor$Worker.run(ThreadPoolExecutor.java:628)
java.base/java.lang.Thread.run(Thread.java:830)

INFO 22:16:14:551 SpawnTable: reloaded.
WARNING 22:16:41:750 CommandManager: NumberFormatException : For input string: "Baracos" : stack trace:
java.base/java.lang.NumberFormatException.forInputString(NumberFormatException.java:68)
java.base/java.lang.Integer.parseInt(Integer.java:658)
java.base/java.lang.Integer.parseInt(Integer.java:776)
tera.gameserver.scripts.commands.NpcCommands.execution(NpcCommands.java:227)
tera.gameserver.manager.CommandManager.execute(CommandManager.java:74)
tera.gameserver.network.clientpackets.PlayerSay.runImpl(PlayerSay.java:84)
rlib.network.packets.AbstractReadeablePacket.run(AbstractReadeablePacket.java:175)
java.base/java.util.concurrent.ThreadPoolExecutor.runWorker(ThreadPoolExecutor.java:1128)
java.base/java.util.concurrent.ThreadPoolExecutor$Worker.run(ThreadPoolExecutor.java:628)
java.base/java.lang.Thread.run(Thread.java:830)

WARNING 22:16:46:384 CommandManager: NumberFormatException : For input string: "BARACOS" : stack trace:
java.base/java.lang.NumberFormatException.forInputString(NumberFormatException.java:68)
java.base/java.lang.Integer.parseInt(Integer.java:658)
java.base/java.lang.Integer.parseInt(Integer.java:776)
tera.gameserver.scripts.commands.NpcCommands.execution(NpcCommands.java:227)
tera.gameserver.manager.CommandManager.execute(CommandManager.java:74)
tera.gameserver.network.clientpackets.PlayerSay.runImpl(PlayerSay.java:84)
rlib.network.packets.AbstractReadeablePacket.run(AbstractReadeablePacket.java:175)
java.base/java.util.concurrent.ThreadPoolExecutor.runWorker(ThreadPoolExecutor.java:1128)
java.base/java.util.concurrent.ThreadPoolExecutor$Worker.run(ThreadPoolExecutor.java:628)
java.base/java.lang.Thread.run(Thread.java:830)

INFO 22:19:33:959 AccountManager: close islanzadie
INFO 00:09:30:063 AccountManager: authed islanzadie
WARNING 00:25:57:949 NpcTable: detected once the file C:\Users\jorou\Downloads\TeraOnlineServer_Shock_1732\gameserver\.\data\npcs\summons\playable_summons.zip
INFO 00:25:57:973 NpcTable: npcs reloaded.
WARNING 00:26:16:221 CommandManager: NullPointerException : null : stack trace:
java.base/java.lang.Integer.decode(Integer.java:1412)
tera.gameserver.scripts.commands.NpcCommands.execution(NpcCommands.java:134)
tera.gameserver.manager.CommandManager.execute(CommandManager.java:74)
tera.gameserver.network.clientpackets.PlayerSay.runImpl(PlayerSay.java:84)
rlib.network.packets.AbstractReadeablePacket.run(AbstractReadeablePacket.java:175)
java.base/java.util.concurrent.ThreadPoolExecutor.runWorker(ThreadPoolExecutor.java:1128)
java.base/java.util.concurrent.ThreadPoolExecutor$Worker.run(ThreadPoolExecutor.java:628)
java.base/java.lang.Thread.run(Thread.java:830)

WARNING 00:29:25:341 NpcTable: detected once the file C:\Users\jorou\Downloads\TeraOnlineServer_Shock_1732\gameserver\.\data\npcs\summons\playable_summons.zip
INFO 00:29:25:359 NpcTable: npcs reloaded.
INFO 00:29:55:258 AccountManager: close islanzadie
