INFO 19:23:01:978 ServerControl: open server socket on 2101 port.
INFO 19:23:01:985 ExecutorManager: initialized.
INFO 19:23:02:316 CleaningManager: delete 0 reuses from a character_skill_reuses.
INFO 19:23:02:317 CleaningManager: delete 0 spawns from a boss_spawn.
INFO 19:23:02:318 CleaningManager: delete 0 appearances from a character_appearances.
INFO 19:23:02:318 CleaningManager: delete 0 effects from a character_save_effects.
INFO 19:23:02:318 CleaningManager: delete 0 inventors from a character_inventors.
INFO 19:23:02:319 CleaningManager: delete 0 skills from a character_skills.
INFO 19:23:02:320 CleaningManager: delete 0 hotkeys from a character_hotkey.
INFO 19:23:02:320 CleaningManager: delete 0 chars from a character_friends.
INFO 19:23:02:321 CleaningManager: delete 0 friends from a character_friends.
INFO 19:23:02:321 CleaningManager: delete 0 settings from a character_settings.
INFO 19:23:02:322 CleaningManager: delete 0 empty items from a items.
INFO 19:23:02:322 CleaningManager: delete 0 no owner items from a items.
INFO 19:23:02:323 CleaningManager: delete 0 no owner guild items from a items.
INFO 19:23:02:375 CleaningManager: create buffer table items.
INFO 19:23:02:377 CleaningManager: copy 72 items to buffer_items.
INFO 19:23:02:378 CleaningManager: delete 0 no owner items from a buffer_items.
INFO 19:23:02:384 CleaningManager: drop buffer table items.
INFO 19:23:02:385 CleaningManager: delete 0 from a quests.
INFO 19:23:02:386 CleaningManager: delete 0 from a quest variables.
INFO 19:23:02:386 CleaningManager: delete 0 from a guild ranks.
INFO 19:23:02:426 ClientPacketType: client packets prepared.
INFO 19:23:02:437 EffectParser: initialized.
INFO 19:23:02:439 RandomManager: initialized.
INFO 19:23:02:439 IdFactory: prepare npc ids...
INFO 19:23:02:441 BitSetIdGenerator: 102912 id's available.
INFO 19:23:02:441 IdFactory: prepare objects ids...
INFO 19:23:02:442 BitSetIdGenerator: 102912 id's available.
INFO 19:23:02:442 IdFactory: prepare players ids...
INFO 19:23:02:444 BitSetIdGenerator: extracted 6 ids.
INFO 19:23:02:445 BitSetIdGenerator: 102912 id's available.
INFO 19:23:02:445 IdFactory: prepare guilds ids...
INFO 19:23:02:446 BitSetIdGenerator: extracted 0 ids.
INFO 19:23:02:446 BitSetIdGenerator: 102912 id's available.
INFO 19:23:02:446 IdFactory: prepare item ids...
INFO 19:23:02:448 BitSetIdGenerator: extracted 72 ids.
INFO 19:23:02:448 BitSetIdGenerator: 102912 id's available.
INFO 19:23:02:458 ServerVarManager: loaded 0 variables.
INFO 19:23:02:461 BossSpawnManager: loaded 0 boss spawns.
WARNING 19:23:02:476 DocumentTerritory: incorrect file .\data\territories.xml
WARNING 19:23:02:477 DocumentTerritory: IllegalArgumentException : not found type : stack trace:
rlib.util.VarTable.getEnum(VarTable.java:467)
tera.gameserver.document.DocumentTerritory.parse(DocumentTerritory.java:49)
rlib.data.AbstractDocument.parse(AbstractDocument.java:67)
tera.gameserver.tables.TerritoryTable.<init>(TerritoryTable.java:56)
tera.gameserver.tables.TerritoryTable.getInstance(TerritoryTable.java:34)
tera.gameserver.GameServer.run(GameServer.java:209)

INFO 19:23:02:516 TerritoryTable: loaded 1 territories for 1 regions.
INFO 19:23:03:149 WorldZoneTable: loaded 12 world zones for 31986 regions.
INFO 19:23:03:151 ConditionParser: initializable.
WARNING 19:23:03:550 SkillTable: detected once the file C:\Users\jorou\Downloads\TeraOnlineServer_Shock_1732\gameserver\.\data\skills\summon_skills\deprecated.zip
INFO 19:23:03:564 SkillTable: loaded 4613 skills for 19 classes.
INFO 19:23:03:833 ItemTable: loaded 10138 items.
INFO 19:23:03:841 Race: race appearances initializable.
INFO 19:23:03:848 PlayerTable: loaded 104 player templates.
INFO 19:23:04:019 DropTable: load drop for 407 npcs and 126 for resourse.
INFO 19:23:04:025 TownTable: initialized.
WARNING 19:23:04:045 NpcDialogTable: detected once the file C:\Users\jorou\Downloads\TeraOnlineServer_Shock_1732\gameserver\.\data\dialogs\dialogs.txt
WARNING 19:23:04:055 ReplyTeleport: not found territory for name Leander's Outpost
WARNING 19:23:04:057 ReplyTeleport: not found territory for name Tainted Gorge
WARNING 19:23:04:058 DocumentDialog: InvocationTargetException : null : stack trace:
java.base/jdk.internal.reflect.NativeConstructorAccessorImpl.newInstance0(Native Method)
java.base/jdk.internal.reflect.NativeConstructorAccessorImpl.newInstance(NativeConstructorAccessorImpl.java:62)
java.base/jdk.internal.reflect.DelegatingConstructorAccessorImpl.newInstance(DelegatingConstructorAccessorImpl.java:45)
java.base/java.lang.reflect.Constructor.newInstanceWithCaller(Constructor.java:500)
java.base/java.lang.reflect.Constructor.newInstance(Constructor.java:481)
tera.gameserver.document.DocumentDialog.parseLink(DocumentDialog.java:64)
tera.gameserver.document.DocumentDialog.parseNpc(DocumentDialog.java:136)
tera.gameserver.document.DocumentDialog.parse(DocumentDialog.java:99)
rlib.data.AbstractDocument.parse(AbstractDocument.java:67)
tera.gameserver.tables.NpcDialogTable.<init>(NpcDialogTable.java:63)
tera.gameserver.tables.NpcDialogTable.getInstance(NpcDialogTable.java:32)
tera.gameserver.GameServer.run(GameServer.java:220)

WARNING 19:23:04:059 ReplyTeleport: not found territory for name Maon's Cabin
WARNING 19:23:04:060 ReplyTeleport: not found territory for name Faevine Vale Camp
WARNING 19:23:04:062 ReplyTeleport: not found territory for name Bulwark Camp
WARNING 19:23:04:063 ReplyTeleport: not found territory for name Vanguard Outpost
WARNING 19:23:04:063 ReplyTeleport: not found territory for name Casidhe's Stand
WARNING 19:23:04:064 ReplyTeleport: not found territory for name Sanctum Mysterium
WARNING 19:23:04:065 ReplyTeleport: not found territory for name Marshlands
WARNING 19:23:04:065 ReplyTeleport: not found territory for name Tuwangi Garrison
WARNING 19:23:04:066 ReplyTeleport: not found territory for name Echo Ranch
WARNING 19:23:04:066 ReplyTeleport: not found territory for name Vindicator Camp
WARNING 19:23:04:067 ReplyTeleport: not found territory for name Two Oaks Ranch
WARNING 19:23:04:068 DocumentDialog: InvocationTargetException : null : stack trace:
java.base/jdk.internal.reflect.NativeConstructorAccessorImpl.newInstance0(Native Method)
java.base/jdk.internal.reflect.NativeConstructorAccessorImpl.newInstance(NativeConstructorAccessorImpl.java:62)
java.base/jdk.internal.reflect.DelegatingConstructorAccessorImpl.newInstance(DelegatingConstructorAccessorImpl.java:45)
java.base/java.lang.reflect.Constructor.newInstanceWithCaller(Constructor.java:500)
java.base/java.lang.reflect.Constructor.newInstance(Constructor.java:481)
tera.gameserver.document.DocumentDialog.parseLink(DocumentDialog.java:64)
tera.gameserver.document.DocumentDialog.parseNpc(DocumentDialog.java:136)
tera.gameserver.document.DocumentDialog.parse(DocumentDialog.java:99)
rlib.data.AbstractDocument.parse(AbstractDocument.java:67)
tera.gameserver.tables.NpcDialogTable.<init>(NpcDialogTable.java:63)
tera.gameserver.tables.NpcDialogTable.getInstance(NpcDialogTable.java:32)
tera.gameserver.GameServer.run(GameServer.java:220)

WARNING 19:23:04:070 ReplyTeleport: not found territory for name Maon's Cabin
WARNING 19:23:04:071 ReplyTeleport: not found territory for name Faevine Vale Camp
WARNING 19:23:04:071 ReplyTeleport: not found territory for name Bulwark Camp
WARNING 19:23:04:072 ReplyTeleport: not found territory for name Vanguard Outpost
WARNING 19:23:04:072 ReplyTeleport: not found territory for name Casidhe's Stand
WARNING 19:23:04:074 ReplyTeleport: not found territory for name Sanctum Mysterium
WARNING 19:23:04:074 ReplyTeleport: not found territory for name Marshlands
WARNING 19:23:04:075 ReplyTeleport: not found territory for name Tuwangi Garrison
WARNING 19:23:04:075 ReplyTeleport: not found territory for name Echo Ranch
WARNING 19:23:04:076 ReplyTeleport: not found territory for name Vindicator Camp
WARNING 19:23:04:077 ReplyTeleport: not found territory for name Two Oaks Ranch
WARNING 19:23:04:077 DocumentDialog: InvocationTargetException : null : stack trace:
java.base/jdk.internal.reflect.NativeConstructorAccessorImpl.newInstance0(Native Method)
java.base/jdk.internal.reflect.NativeConstructorAccessorImpl.newInstance(NativeConstructorAccessorImpl.java:62)
java.base/jdk.internal.reflect.DelegatingConstructorAccessorImpl.newInstance(DelegatingConstructorAccessorImpl.java:45)
java.base/java.lang.reflect.Constructor.newInstanceWithCaller(Constructor.java:500)
java.base/java.lang.reflect.Constructor.newInstance(Constructor.java:481)
tera.gameserver.document.DocumentDialog.parseLink(DocumentDialog.java:64)
tera.gameserver.document.DocumentDialog.parseNpc(DocumentDialog.java:136)
tera.gameserver.document.DocumentDialog.parse(DocumentDialog.java:99)
rlib.data.AbstractDocument.parse(AbstractDocument.java:67)
tera.gameserver.tables.NpcDialogTable.<init>(NpcDialogTable.java:63)
tera.gameserver.tables.NpcDialogTable.getInstance(NpcDialogTable.java:32)
tera.gameserver.GameServer.run(GameServer.java:220)

WARNING 19:23:04:078 ReplyTeleport: not found territory for name Desert Research Station
WARNING 19:23:04:079 ReplyTeleport: not found territory for name Barrens Outpost
WARNING 19:23:04:080 ReplyTeleport: not found territory for name Velik's Vigil
WARNING 19:23:04:082 ReplyTeleport: not found territory for name Lee's End Stead
WARNING 19:23:04:082 ReplyTeleport: not found territory for name Desert Overwatch
WARNING 19:23:04:082 ReplyTeleport: not found territory for name Camp Marrakeen
WARNING 19:23:04:083 ReplyTeleport: not found territory for name Sietch Bidaum
WARNING 19:23:04:083 ReplyTeleport: not found territory for name West Watchpost
WARNING 19:23:04:084 ReplyTeleport: not found territory for name Sandwalker Refuge
WARNING 19:23:04:085 ReplyTeleport: not found territory for name Torrent Outpost
WARNING 19:23:04:087 ReplyTeleport: not found territory for name Crusader Camp
WARNING 19:23:04:087 ReplyTeleport: not found territory for name Cathedral Redoubt
WARNING 19:23:04:088 DocumentDialog: InvocationTargetException : null : stack trace:
java.base/jdk.internal.reflect.NativeConstructorAccessorImpl.newInstance0(Native Method)
java.base/jdk.internal.reflect.NativeConstructorAccessorImpl.newInstance(NativeConstructorAccessorImpl.java:62)
java.base/jdk.internal.reflect.DelegatingConstructorAccessorImpl.newInstance(DelegatingConstructorAccessorImpl.java:45)
java.base/java.lang.reflect.Constructor.newInstanceWithCaller(Constructor.java:500)
java.base/java.lang.reflect.Constructor.newInstance(Constructor.java:481)
tera.gameserver.document.DocumentDialog.parseLink(DocumentDialog.java:64)
tera.gameserver.document.DocumentDialog.parseNpc(DocumentDialog.java:136)
tera.gameserver.document.DocumentDialog.parse(DocumentDialog.java:99)
rlib.data.AbstractDocument.parse(AbstractDocument.java:67)
tera.gameserver.tables.NpcDialogTable.<init>(NpcDialogTable.java:63)
tera.gameserver.tables.NpcDialogTable.getInstance(NpcDialogTable.java:32)
tera.gameserver.GameServer.run(GameServer.java:220)

WARNING 19:23:04:089 ReplyTeleport: not found territory for name Desert Research Station
WARNING 19:23:04:089 ReplyTeleport: not found territory for name Barrens Outpost
WARNING 19:23:04:089 ReplyTeleport: not found territory for name Velik's Vigil
WARNING 19:23:04:090 ReplyTeleport: not found territory for name Lee's End Stead
WARNING 19:23:04:090 ReplyTeleport: not found territory for name Desert Overwatch
WARNING 19:23:04:091 ReplyTeleport: not found territory for name Camp Marrakeen
WARNING 19:23:04:091 ReplyTeleport: not found territory for name Sietch Bidaum
WARNING 19:23:04:092 ReplyTeleport: not found territory for name West Watchpost
WARNING 19:23:04:092 ReplyTeleport: not found territory for name Sandwalker Refuge
WARNING 19:23:04:093 ReplyTeleport: not found territory for name Torrent Outpost
WARNING 19:23:04:093 ReplyTeleport: not found territory for name Crusader Camp
WARNING 19:23:04:093 ReplyTeleport: not found territory for name Cathedral Redoubt
WARNING 19:23:04:094 DocumentDialog: InvocationTargetException : null : stack trace:
java.base/jdk.internal.reflect.NativeConstructorAccessorImpl.newInstance0(Native Method)
java.base/jdk.internal.reflect.NativeConstructorAccessorImpl.newInstance(NativeConstructorAccessorImpl.java:62)
java.base/jdk.internal.reflect.DelegatingConstructorAccessorImpl.newInstance(DelegatingConstructorAccessorImpl.java:45)
java.base/java.lang.reflect.Constructor.newInstanceWithCaller(Constructor.java:500)
java.base/java.lang.reflect.Constructor.newInstance(Constructor.java:481)
tera.gameserver.document.DocumentDialog.parseLink(DocumentDialog.java:64)
tera.gameserver.document.DocumentDialog.parseNpc(DocumentDialog.java:136)
tera.gameserver.document.DocumentDialog.parse(DocumentDialog.java:99)
rlib.data.AbstractDocument.parse(AbstractDocument.java:67)
tera.gameserver.tables.NpcDialogTable.<init>(NpcDialogTable.java:63)
tera.gameserver.tables.NpcDialogTable.getInstance(NpcDialogTable.java:32)
tera.gameserver.GameServer.run(GameServer.java:220)

WARNING 19:23:04:095 ReplyTeleport: not found territory for name Cauldron Outpost
WARNING 19:23:04:096 ReplyTeleport: not found territory for name Firebase Intrepid
WARNING 19:23:04:096 ReplyTeleport: not found territory for name Firebase Valor
WARNING 19:23:04:097 DocumentDialog: InvocationTargetException : null : stack trace:
java.base/jdk.internal.reflect.NativeConstructorAccessorImpl.newInstance0(Native Method)
java.base/jdk.internal.reflect.NativeConstructorAccessorImpl.newInstance(NativeConstructorAccessorImpl.java:62)
java.base/jdk.internal.reflect.DelegatingConstructorAccessorImpl.newInstance(DelegatingConstructorAccessorImpl.java:45)
java.base/java.lang.reflect.Constructor.newInstanceWithCaller(Constructor.java:500)
java.base/java.lang.reflect.Constructor.newInstance(Constructor.java:481)
tera.gameserver.document.DocumentDialog.parseLink(DocumentDialog.java:64)
tera.gameserver.document.DocumentDialog.parseNpc(DocumentDialog.java:136)
tera.gameserver.document.DocumentDialog.parse(DocumentDialog.java:99)
rlib.data.AbstractDocument.parse(AbstractDocument.java:67)
tera.gameserver.tables.NpcDialogTable.<init>(NpcDialogTable.java:63)
tera.gameserver.tables.NpcDialogTable.getInstance(NpcDialogTable.java:32)
tera.gameserver.GameServer.run(GameServer.java:220)

WARNING 19:23:04:098 ReplyTeleport: not found territory for name Runicar Research Camp
WARNING 19:23:04:099 ReplyTeleport: not found territory for name Alethea's Last Hope
WARNING 19:23:04:099 ReplyTeleport: not found territory for name Camp Retrebution
WARNING 19:23:04:099 ReplyTeleport: not found territory for name Camp Vigilance
WARNING 19:23:04:100 ReplyTeleport: not found territory for name Embattled Outpost
WARNING 19:23:04:100 ReplyTeleport: not found territory for name Gloomy Outpost
WARNING 19:23:04:102 ReplyTeleport: not found territory for name Spirit Outpost
WARNING 19:23:04:103 ReplyTeleport: not found territory for name Emergency Camp
WARNING 19:23:04:103 ReplyTeleport: not found territory for name Valkyon Federation Camp
WARNING 19:23:04:104 DocumentDialog: InvocationTargetException : null : stack trace:
java.base/jdk.internal.reflect.NativeConstructorAccessorImpl.newInstance0(Native Method)
java.base/jdk.internal.reflect.NativeConstructorAccessorImpl.newInstance(NativeConstructorAccessorImpl.java:62)
java.base/jdk.internal.reflect.DelegatingConstructorAccessorImpl.newInstance(DelegatingConstructorAccessorImpl.java:45)
java.base/java.lang.reflect.Constructor.newInstanceWithCaller(Constructor.java:500)
java.base/java.lang.reflect.Constructor.newInstance(Constructor.java:481)
tera.gameserver.document.DocumentDialog.parseLink(DocumentDialog.java:64)
tera.gameserver.document.DocumentDialog.parseNpc(DocumentDialog.java:136)
tera.gameserver.document.DocumentDialog.parse(DocumentDialog.java:99)
rlib.data.AbstractDocument.parse(AbstractDocument.java:67)
tera.gameserver.tables.NpcDialogTable.<init>(NpcDialogTable.java:63)
tera.gameserver.tables.NpcDialogTable.getInstance(NpcDialogTable.java:32)
tera.gameserver.GameServer.run(GameServer.java:220)

WARNING 19:23:04:106 ReplyTeleport: not found territory for name Runicar Research Camp
WARNING 19:23:04:107 ReplyTeleport: not found territory for name Alethea's Last Hope
WARNING 19:23:04:108 ReplyTeleport: not found territory for name Camp Retrebution
WARNING 19:23:04:108 ReplyTeleport: not found territory for name Camp Vigilance
WARNING 19:23:04:109 ReplyTeleport: not found territory for name Embattled Outpost
WARNING 19:23:04:110 ReplyTeleport: not found territory for name Gloomy Outpost
WARNING 19:23:04:111 ReplyTeleport: not found territory for name Spirit Outpost
WARNING 19:23:04:111 ReplyTeleport: not found territory for name Emergency Camp
WARNING 19:23:04:112 ReplyTeleport: not found territory for name Valkyon Federation Camp
WARNING 19:23:04:113 DocumentDialog: InvocationTargetException : null : stack trace:
java.base/jdk.internal.reflect.NativeConstructorAccessorImpl.newInstance0(Native Method)
java.base/jdk.internal.reflect.NativeConstructorAccessorImpl.newInstance(NativeConstructorAccessorImpl.java:62)
java.base/jdk.internal.reflect.DelegatingConstructorAccessorImpl.newInstance(DelegatingConstructorAccessorImpl.java:45)
java.base/java.lang.reflect.Constructor.newInstanceWithCaller(Constructor.java:500)
java.base/java.lang.reflect.Constructor.newInstance(Constructor.java:481)
tera.gameserver.document.DocumentDialog.parseLink(DocumentDialog.java:64)
tera.gameserver.document.DocumentDialog.parseNpc(DocumentDialog.java:136)
tera.gameserver.document.DocumentDialog.parse(DocumentDialog.java:99)
rlib.data.AbstractDocument.parse(AbstractDocument.java:67)
tera.gameserver.tables.NpcDialogTable.<init>(NpcDialogTable.java:63)
tera.gameserver.tables.NpcDialogTable.getInstance(NpcDialogTable.java:32)
tera.gameserver.GameServer.run(GameServer.java:220)

WARNING 19:23:04:114 ReplyTeleport: not found territory for name Quarantine Zone Research Center
WARNING 19:23:04:114 DocumentDialog: InvocationTargetException : null : stack trace:
java.base/jdk.internal.reflect.NativeConstructorAccessorImpl.newInstance0(Native Method)
java.base/jdk.internal.reflect.NativeConstructorAccessorImpl.newInstance(NativeConstructorAccessorImpl.java:62)
java.base/jdk.internal.reflect.DelegatingConstructorAccessorImpl.newInstance(DelegatingConstructorAccessorImpl.java:45)
java.base/java.lang.reflect.Constructor.newInstanceWithCaller(Constructor.java:500)
java.base/java.lang.reflect.Constructor.newInstance(Constructor.java:481)
tera.gameserver.document.DocumentDialog.parseLink(DocumentDialog.java:64)
tera.gameserver.document.DocumentDialog.parseNpc(DocumentDialog.java:136)
tera.gameserver.document.DocumentDialog.parse(DocumentDialog.java:99)
rlib.data.AbstractDocument.parse(AbstractDocument.java:67)
tera.gameserver.tables.NpcDialogTable.<init>(NpcDialogTable.java:63)
tera.gameserver.tables.NpcDialogTable.getInstance(NpcDialogTable.java:32)
tera.gameserver.GameServer.run(GameServer.java:220)

WARNING 19:23:04:115 ReplyTeleport: not found territory for name Stronghold Camp
WARNING 19:23:04:115 ReplyTeleport: not found territory for name Camp Curiosity
WARNING 19:23:04:116 ReplyTeleport: not found territory for name Camp Sagacity
WARNING 19:23:04:116 ReplyTeleport: not found territory for name Camp Sunlight
WARNING 19:23:04:117 DocumentDialog: InvocationTargetException : null : stack trace:
java.base/jdk.internal.reflect.NativeConstructorAccessorImpl.newInstance0(Native Method)
java.base/jdk.internal.reflect.NativeConstructorAccessorImpl.newInstance(NativeConstructorAccessorImpl.java:62)
java.base/jdk.internal.reflect.DelegatingConstructorAccessorImpl.newInstance(DelegatingConstructorAccessorImpl.java:45)
java.base/java.lang.reflect.Constructor.newInstanceWithCaller(Constructor.java:500)
java.base/java.lang.reflect.Constructor.newInstance(Constructor.java:481)
tera.gameserver.document.DocumentDialog.parseLink(DocumentDialog.java:64)
tera.gameserver.document.DocumentDialog.parseNpc(DocumentDialog.java:136)
tera.gameserver.document.DocumentDialog.parse(DocumentDialog.java:99)
rlib.data.AbstractDocument.parse(AbstractDocument.java:67)
tera.gameserver.tables.NpcDialogTable.<init>(NpcDialogTable.java:63)
tera.gameserver.tables.NpcDialogTable.getInstance(NpcDialogTable.java:32)
tera.gameserver.GameServer.run(GameServer.java:220)

INFO 19:23:04:138 NpcDialogTable: loaded 87 dialogs.
INFO 19:23:04:144 MessagePackageTable: loaded 34 message packages.
INFO 19:23:04:173 ConfigAITable: loaded 45 npc ai configs.
INFO 19:23:04:188 NpcAppearanceTable: initialized. Loaded 59 appearances.
WARNING 19:23:04:330 NpcTable: detected once the file C:\Users\jorou\Downloads\TeraOnlineServer_Shock_1732\gameserver\.\data\npcs\summons\playable_summons.zip
INFO 19:23:04:338 NpcTable: loaded  816 npcs.
INFO 19:23:04:349 ResourseTable: loaded  253 resourses.
INFO 19:23:04:357 MinionTable: loaded 303 minions for 42 npcs.
INFO 19:23:04:358 RegenTaskManager: initializable.
INFO 19:23:04:364 Formulas: initialized.
INFO 19:23:04:365 EffectTaskManager: initialized.
INFO 19:23:04:647 ObjectEventManager: initialized.
INFO 19:23:04:648 MoveTaskManager: initialized.
INFO 19:23:05:079 SpawnTable: loaded 19515 spawns for 617 npcs and 2013 spawns for 60 resourses.
INFO 19:23:05:094 GeoMap3D: start fast import geodata_1.dat
INFO 19:23:05:306 GeoMap3D: import ended. load 1867238 quards.
INFO 19:23:05:307 GeoMap3D: start fast import geodata_2.dat
INFO 19:23:05:357 GeoMap3D: import ended. load 440227 quards.
INFO 19:23:05:359 GeoMap3D: start fast import geodata_3.dat
INFO 19:23:05:376 GeoMap3D: import ended. load 58040 quards.
INFO 19:23:05:377 GeoManager: initialized.
INFO 19:23:05:382 ItemExecutorManager: loaded 0 executor items.
INFO 19:23:05:392 CommandManager: loaded 94 commands.
INFO 19:23:05:417 SkillLearnManager: loaded 950 skill learn's for 8 clases.
INFO 19:23:05:422 AnnounceManager: loaded 0 start announces and 0 running announces.
INFO 19:23:05:424 AccountManager: initialized.
INFO 19:23:05:429 GuildManager: loaded 0 guilds.
INFO 19:23:05:764 QuestManager: loaded 455 quests.
INFO 19:23:05:766 OnlineManager: initialized.
INFO 19:23:05:772 GameLogManager: initialized.
WARNING 19:23:05:797 DocumentRegionWar: not found territory for 400
WARNING 19:23:05:825 DocumentRegionWar: not found territory for 401
WARNING 19:23:05:846 DocumentRegionWar: not found territory for 402
WARNING 19:23:05:847 DocumentRegionWar: not found territory for 403
INFO 19:23:05:849 EventManager: loaded 5 events.
INFO 19:23:05:951 EventManager: the nearest event in 48 minutes.
INFO 19:23:05:954 PlayerManager: initialized.
INFO 19:23:05:961 Network: started.
INFO 19:23:05:961 GameServer: started.
INFO 19:23:34:155 AccountManager: authed islanzadie
INFO 19:41:58:690 AccountManager: close islanzadie
