INFO 00:39:18:784 ServerControl: open server socket on 2101 port.
INFO 00:39:18:791 ExecutorManager: initialized.
INFO 00:39:19:153 CleaningManager: delete 0 reuses from a character_skill_reuses.
INFO 00:39:19:153 CleaningManager: delete 0 spawns from a boss_spawn.
INFO 00:39:19:154 CleaningManager: delete 0 appearances from a character_appearances.
INFO 00:39:19:156 CleaningManager: delete 0 effects from a character_save_effects.
INFO 00:39:19:156 CleaningManager: delete 0 inventors from a character_inventors.
INFO 00:39:19:157 CleaningManager: delete 0 skills from a character_skills.
INFO 00:39:19:158 CleaningManager: delete 0 hotkeys from a character_hotkey.
INFO 00:39:19:159 CleaningManager: delete 0 chars from a character_friends.
INFO 00:39:19:160 CleaningManager: delete 0 friends from a character_friends.
INFO 00:39:19:160 CleaningManager: delete 0 settings from a character_settings.
INFO 00:39:19:161 CleaningManager: delete 0 empty items from a items.
INFO 00:39:19:162 CleaningManager: delete 0 no owner items from a items.
INFO 00:39:19:162 CleaningManager: delete 0 no owner guild items from a items.
INFO 00:39:19:209 CleaningManager: create buffer table items.
INFO 00:39:19:212 CleaningManager: copy 218 items to buffer_items.
INFO 00:39:19:213 CleaningManager: delete 0 no owner items from a buffer_items.
INFO 00:39:19:220 CleaningManager: drop buffer table items.
INFO 00:39:19:221 CleaningManager: delete 0 from a quests.
INFO 00:39:19:222 CleaningManager: delete 0 from a quest variables.
INFO 00:39:19:223 CleaningManager: delete 0 from a guild ranks.
INFO 00:39:19:264 ClientPacketType: client packets prepared.
INFO 00:39:19:275 EffectParser: initialized.
INFO 00:39:19:278 RandomManager: initialized.
INFO 00:39:19:278 IdFactory: prepare npc ids...
INFO 00:39:19:280 BitSetIdGenerator: 102912 id's available.
INFO 00:39:19:280 IdFactory: prepare objects ids...
INFO 00:39:19:281 BitSetIdGenerator: 102912 id's available.
INFO 00:39:19:282 IdFactory: prepare players ids...
INFO 00:39:19:286 BitSetIdGenerator: extracted 12 ids.
INFO 00:39:19:286 BitSetIdGenerator: 102912 id's available.
INFO 00:39:19:287 IdFactory: prepare guilds ids...
INFO 00:39:19:288 BitSetIdGenerator: extracted 1 ids.
INFO 00:39:19:288 BitSetIdGenerator: 102912 id's available.
INFO 00:39:19:289 IdFactory: prepare item ids...
INFO 00:39:19:291 BitSetIdGenerator: extracted 218 ids.
INFO 00:39:19:291 BitSetIdGenerator: 102912 id's available.
INFO 00:39:19:303 ServerVarManager: loaded 0 variables.
INFO 00:39:19:307 BossSpawnManager: loaded 0 boss spawns.
INFO 00:39:19:955 TerritoryTable: loaded 160 territories for 18803 regions.
INFO 00:39:21:205 WorldZoneTable: loaded 12 world zones for 31986 regions.
INFO 00:39:21:206 ConditionParser: initializable.
WARNING 00:39:21:697 SkillTable: detected once the file C:\Users\jorou\Downloads\TeraOnlineServer_Shock_1732\gameserver\.\data\skills\summon_skills\deprecated.zip
INFO 00:39:21:726 SkillTable: loaded 4613 skills for 19 classes.
WARNING 00:39:21:730 ItemTable: detected once the file C:\Users\jorou\Downloads\TeraOnlineServer_Shock_1732\gameserver\.\data\items\adaptations.txt
INFO 00:39:22:116 ItemTable: loaded 10138 items.
INFO 00:39:22:126 Race: race appearances initializable.
INFO 00:39:22:133 PlayerTable: loaded 104 player templates.
WARNING 00:39:22:328 DropTable: not found items [50048]
INFO 00:39:22:330 DropTable: load drop for 407 npcs and 126 for resourse.
INFO 00:39:22:334 TownTable: initialized.
WARNING 00:39:22:352 NpcDialogTable: detected once the file C:\Users\jorou\Downloads\TeraOnlineServer_Shock_1732\gameserver\.\data\dialogs\dialogs.txt
INFO 00:39:22:383 NpcDialogTable: loaded 87 dialogs.
INFO 00:39:22:392 MessagePackageTable: loaded 34 message packages.
INFO 00:39:22:425 ConfigAITable: loaded 45 npc ai configs.
INFO 00:39:22:436 NpcAppearanceTable: initialized. Loaded 59 appearances.
WARNING 00:39:22:583 NpcTable: detected once the file C:\Users\jorou\Downloads\TeraOnlineServer_Shock_1732\gameserver\.\data\npcs\summons\playable_summons.zip
INFO 00:39:22:591 NpcTable: loaded  816 npcs.
INFO 00:39:22:602 ResourseTable: loaded  253 resourses.
INFO 00:39:22:611 MinionTable: loaded 303 minions for 42 npcs.
INFO 00:39:22:612 RegenTaskManager: initializable.
INFO 00:39:22:629 Formulas: initialized.
INFO 00:39:22:630 EffectTaskManager: initialized.
INFO 00:39:22:993 ObjectEventManager: initialized.
INFO 00:39:22:995 MoveTaskManager: initialized.
INFO 00:39:23:424 SpawnTable: loaded 19515 spawns for 617 npcs and 2013 spawns for 60 resourses.
INFO 00:39:23:476 GeoMap3D: start fast import geodata_1.dat
INFO 00:39:23:660 GeoMap3D: import ended. load 1867238 quards.
INFO 00:39:23:661 GeoMap3D: start fast import geodata_2.dat
INFO 00:39:23:734 GeoMap3D: import ended. load 440227 quards.
INFO 00:39:23:740 GeoMap3D: start fast import geodata_3.dat
INFO 00:39:23:767 GeoMap3D: import ended. load 58040 quards.
INFO 00:39:23:768 GeoManager: initialized.
INFO 00:39:23:771 ItemExecutorManager: loaded 0 executor items.
INFO 00:39:23:781 CommandManager: loaded 95 commands.
INFO 00:39:23:795 SkillLearnManager: loaded 950 skill learn's for 8 clases.
INFO 00:39:23:802 AnnounceManager: loaded 0 start announces and 0 running announces.
INFO 00:39:23:807 AccountManager: initialized.
INFO 00:39:23:818 GuildManager: loaded 1 guilds.
INFO 00:39:24:169 QuestManager: loaded 455 quests.
INFO 00:39:24:170 OnlineManager: initialized.
INFO 00:39:24:179 GameLogManager: initialized.
INFO 00:39:24:286 Region: next battle "Veritas District" in 2020.06.28 16:00.
INFO 00:39:24:291 Region: next battle "Ostgarath" in 2020.06.28 16:00.
INFO 00:39:24:294 Region: next battle "Val Palrada" in 2020.06.27 20:00.
INFO 00:39:24:300 Region: next battle "Val Aureum" in 2020.06.27 20:00.
INFO 00:39:24:300 EventManager: loaded 5 events.
INFO 00:39:24:413 EventManager: the nearest event in 50 minutes.
INFO 00:39:24:416 PlayerManager: initialized.
INFO 00:39:24:426 Network: started.
INFO 00:39:24:426 GameServer: started.
INFO 00:39:27:913 AccountManager: authed islanzadie
WARNING 00:45:05:819 NpcTable: detected once the file C:\Users\jorou\Downloads\TeraOnlineServer_Shock_1732\gameserver\.\data\npcs\summons\playable_summons.zip
INFO 00:45:05:853 NpcTable: npcs reloaded.
WARNING 00:45:12:523 DocumentNpcSpawn: incorrect file .\data\spawns\south_arun\velika.xml
WARNING 00:45:12:529 DocumentNpcSpawn: IllegalArgumentException : No enum constant tera.gameserver.model.ai.npc.NpcAIClass.EPIC_BATTLE_NPC : stack trace:
java.base/java.lang.Enum.valueOf(Enum.java:266)
rlib.util.VarTable.getEnum(VarTable.java:473)
tera.gameserver.document.DocumentNpcSpawn.parseAiSpawns(DocumentNpcSpawn.java:68)
tera.gameserver.document.DocumentNpcSpawn.parseSpawns(DocumentNpcSpawn.java:119)
tera.gameserver.document.DocumentNpcSpawn.parse(DocumentNpcSpawn.java:51)
rlib.data.AbstractDocument.parse(AbstractDocument.java:67)
tera.gameserver.tables.SpawnTable.reload(SpawnTable.java:212)
tera.gameserver.scripts.commands.NpcCommands.execution(NpcCommands.java:122)
tera.gameserver.manager.CommandManager.execute(CommandManager.java:74)
tera.gameserver.network.clientpackets.PlayerSay.runImpl(PlayerSay.java:84)
rlib.network.packets.AbstractReadeablePacket.run(AbstractReadeablePacket.java:175)
java.base/java.util.concurrent.ThreadPoolExecutor.runWorker(ThreadPoolExecutor.java:1128)
java.base/java.util.concurrent.ThreadPoolExecutor$Worker.run(ThreadPoolExecutor.java:628)
java.base/java.lang.Thread.run(Thread.java:830)

INFO 00:45:12:890 SpawnTable: reloaded.
WARNING 00:46:19:774 DocumentNpcSpawn: incorrect file .\data\spawns\south_arun\velika.xml
WARNING 00:46:19:780 DocumentNpcSpawn: IllegalArgumentException : No enum constant tera.gameserver.model.ai.npc.NpcAIClass.EPIC_BATTLE_NPC : stack trace:
java.base/java.lang.Enum.valueOf(Enum.java:266)
rlib.util.VarTable.getEnum(VarTable.java:473)
tera.gameserver.document.DocumentNpcSpawn.parseAiSpawns(DocumentNpcSpawn.java:68)
tera.gameserver.document.DocumentNpcSpawn.parseSpawns(DocumentNpcSpawn.java:119)
tera.gameserver.document.DocumentNpcSpawn.parse(DocumentNpcSpawn.java:51)
rlib.data.AbstractDocument.parse(AbstractDocument.java:67)
tera.gameserver.tables.SpawnTable.reload(SpawnTable.java:212)
tera.gameserver.scripts.commands.NpcCommands.execution(NpcCommands.java:122)
tera.gameserver.manager.CommandManager.execute(CommandManager.java:74)
tera.gameserver.network.clientpackets.PlayerSay.runImpl(PlayerSay.java:84)
rlib.network.packets.AbstractReadeablePacket.run(AbstractReadeablePacket.java:175)
java.base/java.util.concurrent.ThreadPoolExecutor.runWorker(ThreadPoolExecutor.java:1128)
java.base/java.util.concurrent.ThreadPoolExecutor$Worker.run(ThreadPoolExecutor.java:628)
java.base/java.lang.Thread.run(Thread.java:830)

INFO 00:46:19:977 SpawnTable: reloaded.
WARNING 00:46:22:343 NpcTable: detected once the file C:\Users\jorou\Downloads\TeraOnlineServer_Shock_1732\gameserver\.\data\npcs\summons\playable_summons.zip
INFO 00:46:22:353 NpcTable: npcs reloaded.
WARNING 00:46:26:008 DocumentNpcSpawn: incorrect file .\data\spawns\south_arun\velika.xml
WARNING 00:46:26:012 DocumentNpcSpawn: IllegalArgumentException : No enum constant tera.gameserver.model.ai.npc.NpcAIClass.EPIC_BATTLE_NPC : stack trace:
java.base/java.lang.Enum.valueOf(Enum.java:266)
rlib.util.VarTable.getEnum(VarTable.java:473)
tera.gameserver.document.DocumentNpcSpawn.parseAiSpawns(DocumentNpcSpawn.java:68)
tera.gameserver.document.DocumentNpcSpawn.parseSpawns(DocumentNpcSpawn.java:119)
tera.gameserver.document.DocumentNpcSpawn.parse(DocumentNpcSpawn.java:51)
rlib.data.AbstractDocument.parse(AbstractDocument.java:67)
tera.gameserver.tables.SpawnTable.reload(SpawnTable.java:212)
tera.gameserver.scripts.commands.NpcCommands.execution(NpcCommands.java:122)
tera.gameserver.manager.CommandManager.execute(CommandManager.java:74)
tera.gameserver.network.clientpackets.PlayerSay.runImpl(PlayerSay.java:84)
rlib.network.packets.AbstractReadeablePacket.run(AbstractReadeablePacket.java:175)
java.base/java.util.concurrent.ThreadPoolExecutor.runWorker(ThreadPoolExecutor.java:1128)
java.base/java.util.concurrent.ThreadPoolExecutor$Worker.run(ThreadPoolExecutor.java:628)
java.base/java.lang.Thread.run(Thread.java:830)

INFO 00:46:26:175 SpawnTable: reloaded.
INFO 00:46:46:619 SpawnTable: reloaded.
WARNING 00:46:52:499 NpcTable: detected once the file C:\Users\jorou\Downloads\TeraOnlineServer_Shock_1732\gameserver\.\data\npcs\summons\playable_summons.zip
INFO 00:46:52:535 NpcTable: npcs reloaded.
INFO 00:46:54:554 SpawnTable: reloaded.
WARNING 00:47:06:549 CommandManager: NumberFormatException : For input string: "on" : stack trace:
java.base/java.lang.NumberFormatException.forInputString(NumberFormatException.java:68)
java.base/java.lang.Integer.parseInt(Integer.java:658)
java.base/java.lang.Integer.parseInt(Integer.java:776)
tera.gameserver.scripts.commands.NpcCommands.execution(NpcCommands.java:197)
tera.gameserver.manager.CommandManager.execute(CommandManager.java:74)
tera.gameserver.network.clientpackets.PlayerSay.runImpl(PlayerSay.java:84)
rlib.network.packets.AbstractReadeablePacket.run(AbstractReadeablePacket.java:175)
java.base/java.util.concurrent.ThreadPoolExecutor.runWorker(ThreadPoolExecutor.java:1128)
java.base/java.util.concurrent.ThreadPoolExecutor$Worker.run(ThreadPoolExecutor.java:628)
java.base/java.lang.Thread.run(Thread.java:830)

WARNING 00:47:57:324 NpcTable: detected once the file C:\Users\jorou\Downloads\TeraOnlineServer_Shock_1732\gameserver\.\data\npcs\summons\playable_summons.zip
INFO 00:47:57:331 NpcTable: npcs reloaded.
INFO 00:47:59:933 SpawnTable: reloaded.
INFO 00:48:21:320 AccountManager: close islanzadie
