INFO 19:17:30:133 ServerControl: open server socket on 2101 port.
INFO 19:17:30:139 ExecutorManager: initialized.
WARNING 19:17:32:055 BoneCPConnectFactory: SQLException : could not init DB connection:java.sql.SQLException: Unable to open a test connection to the given database. JDBC url = jdbc:mysql://localhost/tera_server, username = root. Terminating connection pool. Original Exception: ------
com.mysql.jdbc.exceptions.jdbc4.MySQLSyntaxErrorException: Unknown database 'tera_server'
	at java.base/jdk.internal.reflect.NativeConstructorAccessorImpl.newInstance0(Native Method)
	at java.base/jdk.internal.reflect.NativeConstructorAccessorImpl.newInstance(NativeConstructorAccessorImpl.java:62)
	at java.base/jdk.internal.reflect.DelegatingConstructorAccessorImpl.newInstance(DelegatingConstructorAccessorImpl.java:45)
	at java.base/java.lang.reflect.Constructor.newInstanceWithCaller(Constructor.java:500)
	at java.base/java.lang.reflect.Constructor.newInstance(Constructor.java:481)
	at com.mysql.jdbc.Util.handleNewInstance(Util.java:411)
	at com.mysql.jdbc.Util.getInstance(Util.java:386)
	at com.mysql.jdbc.SQLError.createSQLException(SQLError.java:1052)
	at com.mysql.jdbc.MysqlIO.checkErrorPacket(MysqlIO.java:3597)
	at com.mysql.jdbc.MysqlIO.checkErrorPacket(MysqlIO.java:3529)
	at com.mysql.jdbc.MysqlIO.checkErrorPacket(MysqlIO.java:935)
	at com.mysql.jdbc.MysqlIO.secureAuth411(MysqlIO.java:4101)
	at com.mysql.jdbc.MysqlIO.doHandshake(MysqlIO.java:1300)
	at com.mysql.jdbc.ConnectionImpl.coreConnect(ConnectionImpl.java:2337)
	at com.mysql.jdbc.ConnectionImpl.connectOneTryOnly(ConnectionImpl.java:2370)
	at com.mysql.jdbc.ConnectionImpl.createNewIO(ConnectionImpl.java:2154)
	at com.mysql.jdbc.ConnectionImpl.<init>(ConnectionImpl.java:792)
	at com.mysql.jdbc.JDBC4Connection.<init>(JDBC4Connection.java:47)
	at java.base/jdk.internal.reflect.NativeConstructorAccessorImpl.newInstance0(Native Method)
	at java.base/jdk.internal.reflect.NativeConstructorAccessorImpl.newInstance(NativeConstructorAccessorImpl.java:62)
	at java.base/jdk.internal.reflect.DelegatingConstructorAccessorImpl.newInstance(DelegatingConstructorAccessorImpl.java:45)
	at java.base/java.lang.reflect.Constructor.newInstanceWithCaller(Constructor.java:500)
	at java.base/java.lang.reflect.Constructor.newInstance(Constructor.java:481)
	at com.mysql.jdbc.Util.handleNewInstance(Util.java:411)
	at com.mysql.jdbc.ConnectionImpl.getInstance(ConnectionImpl.java:381)
	at com.mysql.jdbc.NonRegisteringDriver.connect(NonRegisteringDriver.java:305)
	at java.sql/java.sql.DriverManager.getConnection(DriverManager.java:677)
	at java.sql/java.sql.DriverManager.getConnection(DriverManager.java:189)
	at com.jolbox.bonecp.BoneCP.obtainRawInternalConnection(BoneCP.java:254)
	at com.jolbox.bonecp.BoneCP.<init>(BoneCP.java:305)
	at rlib.database.BoneCPConnectFactory.init(BoneCPConnectFactory.java:56)
	at rlib.database.ConnectFactory.newBoneCPConnectFactory(ConnectFactory.java:23)
	at tera.gameserver.manager.DataBaseManager.<init>(DataBaseManager.java:215)
	at tera.gameserver.manager.DataBaseManager.getInstance(DataBaseManager.java:205)
	at tera.gameserver.GameServer.main(GameServer.java:120)
------
 : stack trace:
rlib.database.BoneCPConnectFactory.init(BoneCPConnectFactory.java:61)
rlib.database.ConnectFactory.newBoneCPConnectFactory(ConnectFactory.java:23)
tera.gameserver.manager.DataBaseManager.<init>(DataBaseManager.java:215)
tera.gameserver.manager.DataBaseManager.getInstance(DataBaseManager.java:205)
tera.gameserver.GameServer.main(GameServer.java:120)

