INFO 19:27:47:842 ServerControl: open server socket on 2101 port.
INFO 19:27:47:849 ExecutorManager: initialized.
INFO 19:27:48:254 CleaningManager: delete 14 reuses from a character_skill_reuses.
INFO 19:27:48:255 CleaningManager: delete 0 spawns from a boss_spawn.
INFO 19:27:48:256 CleaningManager: delete 0 appearances from a character_appearances.
INFO 19:27:48:256 CleaningManager: delete 0 effects from a character_save_effects.
INFO 19:27:48:257 CleaningManager: delete 0 inventors from a character_inventors.
INFO 19:27:48:257 CleaningManager: delete 0 skills from a character_skills.
INFO 19:27:48:258 CleaningManager: delete 0 hotkeys from a character_hotkey.
INFO 19:27:48:259 CleaningManager: delete 0 chars from a character_friends.
INFO 19:27:48:262 CleaningManager: delete 0 friends from a character_friends.
INFO 19:27:48:262 CleaningManager: delete 0 settings from a character_settings.
INFO 19:27:48:264 CleaningManager: delete 27 empty items from a items.
INFO 19:27:48:266 CleaningManager: delete 0 no owner items from a items.
INFO 19:27:48:268 CleaningManager: delete 0 no owner guild items from a items.
INFO 19:27:48:317 CleaningManager: create buffer table items.
INFO 19:27:48:321 CleaningManager: copy 257 items to buffer_items.
INFO 19:27:48:322 CleaningManager: delete 1 no owner items from a buffer_items.
INFO 19:27:48:338 CleaningManager: drop buffer table items.
INFO 19:27:48:339 CleaningManager: delete 0 from a quests.
INFO 19:27:48:340 CleaningManager: delete 0 from a quest variables.
INFO 19:27:48:341 CleaningManager: delete 0 from a guild ranks.
INFO 19:27:48:397 ClientPacketType: client packets prepared.
INFO 19:27:48:408 EffectParser: initialized.
INFO 19:27:48:411 RandomManager: initialized.
INFO 19:27:48:412 IdFactory: prepare npc ids...
INFO 19:27:48:414 BitSetIdGenerator: 102912 id's available.
INFO 19:27:48:415 IdFactory: prepare objects ids...
INFO 19:27:48:415 BitSetIdGenerator: 102912 id's available.
INFO 19:27:48:418 IdFactory: prepare players ids...
INFO 19:27:48:421 BitSetIdGenerator: extracted 13 ids.
INFO 19:27:48:422 BitSetIdGenerator: 102912 id's available.
INFO 19:27:48:422 IdFactory: prepare guilds ids...
INFO 19:27:48:423 BitSetIdGenerator: extracted 1 ids.
INFO 19:27:48:424 BitSetIdGenerator: 102912 id's available.
INFO 19:27:48:424 IdFactory: prepare item ids...
INFO 19:27:48:428 BitSetIdGenerator: extracted 256 ids.
INFO 19:27:48:429 BitSetIdGenerator: 102912 id's available.
INFO 19:27:48:442 ServerVarManager: loaded 0 variables.
INFO 19:27:48:446 BossSpawnManager: loaded 0 boss spawns.
INFO 19:27:49:249 TerritoryTable: loaded 160 territories for 18803 regions.
INFO 19:27:50:482 WorldZoneTable: loaded 12 world zones for 31986 regions.
INFO 19:27:50:496 ConditionParser: initializable.
WARNING 19:27:50:998 SkillTable: detected once the file C:\Users\jorou\Downloads\TeraOnlineServer_Shock_1732\gameserver\.\data\skills\summon_skills\deprecated.zip
INFO 19:27:51:033 SkillTable: loaded 4613 skills for 19 classes.
WARNING 19:27:51:037 ItemTable: detected once the file C:\Users\jorou\Downloads\TeraOnlineServer_Shock_1732\gameserver\.\data\items\adaptations.txt
INFO 19:27:52:774 ItemTable: loaded 10138 items.
INFO 19:27:52:794 Race: race appearances initializable.
INFO 19:27:52:812 PlayerTable: loaded 104 player templates.
WARNING 19:27:53:044 DropTable: not found items [50048]
INFO 19:27:53:044 DropTable: load drop for 407 npcs and 126 for resourse.
INFO 19:27:53:048 TownTable: initialized.
WARNING 19:27:53:079 NpcDialogTable: detected once the file C:\Users\jorou\Downloads\TeraOnlineServer_Shock_1732\gameserver\.\data\dialogs\dialogs.txt
INFO 19:27:53:107 NpcDialogTable: loaded 87 dialogs.
INFO 19:27:53:117 MessagePackageTable: loaded 34 message packages.
INFO 19:27:53:147 ConfigAITable: loaded 45 npc ai configs.
INFO 19:27:53:158 NpcAppearanceTable: initialized. Loaded 59 appearances.
WARNING 19:27:53:233 DocumentNpc: incorrect file .\data\npcs\playable\bandits.xml
WARNING 19:27:53:234 DocumentNpc: SAXParseException : The string "--" is not permitted within comments. : stack trace:
java.xml/com.sun.org.apache.xerces.internal.parsers.DOMParser.parse(DOMParser.java:261)
java.xml/com.sun.org.apache.xerces.internal.jaxp.DocumentBuilderImpl.parse(DocumentBuilderImpl.java:339)
java.xml/javax.xml.parsers.DocumentBuilder.parse(DocumentBuilder.java:206)
rlib.data.AbstractDocument.parse(AbstractDocument.java:55)
tera.gameserver.tables.NpcTable.<init>(NpcTable.java:68)
tera.gameserver.tables.NpcTable.getInstance(NpcTable.java:37)
tera.gameserver.GameServer.run(GameServer.java:224)

WARNING 19:27:53:239 DocumentNpc: incorrect file .\data\npcs\playable\bandits.xml
WARNING 19:27:53:240 DocumentNpc: NullPointerException : null : stack trace:
tera.gameserver.document.DocumentNpc.parse(DocumentNpc.java:42)
rlib.data.AbstractDocument.parse(AbstractDocument.java:67)
tera.gameserver.tables.NpcTable.<init>(NpcTable.java:68)
tera.gameserver.tables.NpcTable.getInstance(NpcTable.java:37)
tera.gameserver.GameServer.run(GameServer.java:224)

WARNING 19:27:53:286 NpcTable: detected once the file C:\Users\jorou\Downloads\TeraOnlineServer_Shock_1732\gameserver\.\data\npcs\summons\playable_summons.zip
INFO 19:27:53:295 NpcTable: loaded  815 npcs.
INFO 19:27:53:308 ResourseTable: loaded  253 resourses.
INFO 19:27:53:322 MinionTable: loaded 303 minions for 42 npcs.
INFO 19:27:53:323 RegenTaskManager: initializable.
INFO 19:27:53:332 Formulas: initialized.
INFO 19:27:53:333 EffectTaskManager: initialized.
INFO 19:27:53:674 ObjectEventManager: initialized.
INFO 19:27:53:674 MoveTaskManager: initialized.
INFO 19:27:54:115 SpawnTable: loaded 19523 spawns for 622 npcs and 2013 spawns for 60 resourses.
INFO 19:27:54:136 GeoMap3D: start fast import geodata_1.dat
INFO 19:27:54:422 GeoMap3D: import ended. load 1867238 quards.
INFO 19:27:54:423 GeoMap3D: start fast import geodata_2.dat
INFO 19:27:54:510 GeoMap3D: import ended. load 440227 quards.
INFO 19:27:54:512 GeoMap3D: start fast import geodata_3.dat
INFO 19:27:54:541 GeoMap3D: import ended. load 58040 quards.
INFO 19:27:54:545 GeoManager: initialized.
INFO 19:27:54:549 ItemExecutorManager: loaded 0 executor items.
INFO 19:27:54:571 CommandManager: loaded 96 commands.
INFO 19:27:54:588 SkillLearnManager: loaded 950 skill learn's for 8 clases.
INFO 19:27:54:599 AnnounceManager: loaded 0 start announces and 0 running announces.
INFO 19:27:54:600 AccountManager: initialized.
INFO 19:27:54:614 GuildManager: loaded 1 guilds.
INFO 19:27:55:106 QuestManager: loaded 455 quests.
INFO 19:27:55:107 OnlineManager: initialized.
INFO 19:27:55:114 GameLogManager: initialized.
INFO 19:27:55:186 Region: next battle "Veritas District" in 2020.07.05 16:00.
INFO 19:27:55:189 Region: next battle "Ostgarath" in 2020.07.05 16:00.
INFO 19:27:55:191 Region: next battle "Val Palrada" in 2020.07.04 20:00.
INFO 19:27:55:192 Region: next battle "Val Aureum" in 2020.07.04 20:00.
INFO 19:27:55:193 EventManager: loaded 5 events.
INFO 19:27:55:305 EventManager: the nearest event in 50 minutes.
INFO 19:27:55:308 PlayerManager: initialized.
INFO 19:27:55:318 Network: started.
INFO 19:27:55:318 GameServer: started.
INFO 19:28:07:265 AccountManager: authed islanzadie
INFO 19:35:20:537 AccountManager: close islanzadie
