INFO 21:14:16:567 ServerControl: open server socket on 2101 port.
INFO 21:14:16:574 ExecutorManager: initialized.
INFO 21:14:16:959 CleaningManager: delete 0 reuses from a character_skill_reuses.
INFO 21:14:16:960 CleaningManager: delete 0 spawns from a boss_spawn.
INFO 21:14:16:961 CleaningManager: delete 0 appearances from a character_appearances.
INFO 21:14:16:962 CleaningManager: delete 0 effects from a character_save_effects.
INFO 21:14:16:963 CleaningManager: delete 0 inventors from a character_inventors.
INFO 21:14:16:964 CleaningManager: delete 0 skills from a character_skills.
INFO 21:14:16:964 CleaningManager: delete 0 hotkeys from a character_hotkey.
INFO 21:14:16:965 CleaningManager: delete 0 chars from a character_friends.
INFO 21:14:16:966 CleaningManager: delete 0 friends from a character_friends.
INFO 21:14:16:967 CleaningManager: delete 0 settings from a character_settings.
INFO 21:14:16:968 CleaningManager: delete 0 empty items from a items.
INFO 21:14:16:969 CleaningManager: delete 0 no owner items from a items.
INFO 21:14:16:970 CleaningManager: delete 0 no owner guild items from a items.
INFO 21:14:17:017 CleaningManager: create buffer table items.
INFO 21:14:17:019 CleaningManager: copy 125 items to buffer_items.
INFO 21:14:17:020 CleaningManager: delete 0 no owner items from a buffer_items.
INFO 21:14:17:032 CleaningManager: drop buffer table items.
INFO 21:14:17:033 CleaningManager: delete 0 from a quests.
INFO 21:14:17:034 CleaningManager: delete 0 from a quest variables.
INFO 21:14:17:035 CleaningManager: delete 0 from a guild ranks.
INFO 21:14:17:078 ClientPacketType: client packets prepared.
INFO 21:14:17:090 EffectParser: initialized.
INFO 21:14:17:093 RandomManager: initialized.
INFO 21:14:17:094 IdFactory: prepare npc ids...
INFO 21:14:17:096 BitSetIdGenerator: 102912 id's available.
INFO 21:14:17:096 IdFactory: prepare objects ids...
INFO 21:14:17:096 BitSetIdGenerator: 102912 id's available.
INFO 21:14:17:097 IdFactory: prepare players ids...
INFO 21:14:17:099 BitSetIdGenerator: extracted 10 ids.
INFO 21:14:17:099 BitSetIdGenerator: 102912 id's available.
INFO 21:14:17:100 IdFactory: prepare guilds ids...
INFO 21:14:17:100 BitSetIdGenerator: extracted 1 ids.
INFO 21:14:17:100 BitSetIdGenerator: 102912 id's available.
INFO 21:14:17:101 IdFactory: prepare item ids...
INFO 21:14:17:103 BitSetIdGenerator: extracted 125 ids.
INFO 21:14:17:103 BitSetIdGenerator: 102912 id's available.
INFO 21:14:17:114 ServerVarManager: loaded 0 variables.
INFO 21:14:17:117 BossSpawnManager: loaded 0 boss spawns.
INFO 21:14:17:737 TerritoryTable: loaded 160 territories for 18803 regions.
INFO 21:14:19:039 WorldZoneTable: loaded 12 world zones for 31986 regions.
INFO 21:14:19:040 ConditionParser: initializable.
WARNING 21:14:19:493 SkillTable: detected once the file C:\Users\jorou\Downloads\TeraOnlineServer_Shock_1732\gameserver\.\data\skills\summon_skills\deprecated.zip
INFO 21:14:19:537 SkillTable: loaded 4613 skills for 19 classes.
INFO 21:14:19:953 ItemTable: loaded 10138 items.
INFO 21:14:19:982 Race: race appearances initializable.
INFO 21:14:19:993 PlayerTable: loaded 104 player templates.
WARNING 21:14:20:234 DropTable: not found items [50048]
INFO 21:14:20:235 DropTable: load drop for 407 npcs and 126 for resourse.
INFO 21:14:20:239 TownTable: initialized.
WARNING 21:14:20:259 NpcDialogTable: detected once the file C:\Users\jorou\Downloads\TeraOnlineServer_Shock_1732\gameserver\.\data\dialogs\dialogs.txt
INFO 21:14:20:291 NpcDialogTable: loaded 87 dialogs.
INFO 21:14:20:297 MessagePackageTable: loaded 34 message packages.
INFO 21:14:20:334 ConfigAITable: loaded 45 npc ai configs.
INFO 21:14:20:345 NpcAppearanceTable: initialized. Loaded 59 appearances.
WARNING 21:14:20:468 NpcTable: detected once the file C:\Users\jorou\Downloads\TeraOnlineServer_Shock_1732\gameserver\.\data\npcs\summons\playable_summons.zip
INFO 21:14:20:476 NpcTable: loaded  816 npcs.
INFO 21:14:20:490 ResourseTable: loaded  253 resourses.
INFO 21:14:20:499 MinionTable: loaded 303 minions for 42 npcs.
INFO 21:14:20:500 RegenTaskManager: initializable.
INFO 21:14:20:507 Formulas: initialized.
INFO 21:14:20:511 EffectTaskManager: initialized.
INFO 21:14:20:855 ObjectEventManager: initialized.
INFO 21:14:20:857 MoveTaskManager: initialized.
INFO 21:14:21:279 SpawnTable: loaded 19515 spawns for 617 npcs and 2013 spawns for 60 resourses.
INFO 21:14:21:298 GeoMap3D: start fast import geodata_1.dat
INFO 21:14:21:558 GeoMap3D: import ended. load 1867238 quards.
INFO 21:14:21:562 GeoMap3D: start fast import geodata_2.dat
INFO 21:14:21:611 GeoMap3D: import ended. load 440227 quards.
INFO 21:14:21:617 GeoMap3D: start fast import geodata_3.dat
INFO 21:14:21:671 GeoMap3D: import ended. load 58040 quards.
INFO 21:14:21:671 GeoManager: initialized.
INFO 21:14:21:682 ItemExecutorManager: loaded 0 executor items.
INFO 21:14:21:697 CommandManager: loaded 94 commands.
INFO 21:14:21:716 SkillLearnManager: loaded 950 skill learn's for 8 clases.
INFO 21:14:21:727 AnnounceManager: loaded 0 start announces and 0 running announces.
INFO 21:14:21:728 AccountManager: initialized.
INFO 21:14:21:749 GuildManager: loaded 1 guilds.
INFO 21:14:22:090 QuestManager: loaded 455 quests.
INFO 21:14:22:092 OnlineManager: initialized.
INFO 21:14:22:100 GameLogManager: initialized.
INFO 21:14:22:210 Region: next battle "Veritas District" in 2020.06.28 16:00.
INFO 21:14:22:215 Region: next battle "Ostgarath" in 2020.06.28 16:00.
INFO 21:14:22:218 Region: next battle "Val Palrada" in 2020.06.27 20:00.
INFO 21:14:22:220 Region: next battle "Val Aureum" in 2020.06.27 20:00.
INFO 21:14:22:221 EventManager: loaded 5 events.
INFO 21:14:22:337 EventManager: the nearest event in 57 minutes.
INFO 21:14:22:341 PlayerManager: initialized.
INFO 21:14:22:348 Network: started.
INFO 21:14:22:349 GameServer: started.
INFO 21:14:32:509 AccountManager: authed islanzadie
INFO 21:16:35:672 ItemTable: reloaded items.
INFO 21:16:57:385 ItemTable: reloaded items.
INFO 21:17:17:859 ItemTable: reloaded items.
INFO 21:19:53:469 ItemTable: reloaded items.
INFO 21:20:29:374 ItemTable: reloaded items.
WARNING 21:21:35:397 ItemCommand: Exception : not create donate item for id 20100 : stack trace:
tera.gameserver.scripts.commands.ItemCommand.execution(ItemCommand.java:58)
tera.gameserver.manager.CommandManager.execute(CommandManager.java:74)
tera.gameserver.network.clientpackets.PlayerSay.runImpl(PlayerSay.java:84)
rlib.network.packets.AbstractReadeablePacket.run(AbstractReadeablePacket.java:175)
java.base/java.util.concurrent.ThreadPoolExecutor.runWorker(ThreadPoolExecutor.java:1128)
java.base/java.util.concurrent.ThreadPoolExecutor$Worker.run(ThreadPoolExecutor.java:628)
java.base/java.lang.Thread.run(Thread.java:830)

INFO 21:22:31:705 ItemTable: reloaded items.
INFO 21:23:32:186 ItemTable: reloaded items.
INFO 21:24:38:094 ItemTable: reloaded items.
INFO 21:24:45:377 ItemTable: reloaded items.
INFO 21:25:23:989 ItemTable: reloaded items.
WARNING 21:25:40:673 ItemCommand: Exception : not create donate item for id 20134 : stack trace:
tera.gameserver.scripts.commands.ItemCommand.execution(ItemCommand.java:58)
tera.gameserver.manager.CommandManager.execute(CommandManager.java:74)
tera.gameserver.network.clientpackets.PlayerSay.runImpl(PlayerSay.java:84)
rlib.network.packets.AbstractReadeablePacket.run(AbstractReadeablePacket.java:175)
java.base/java.util.concurrent.ThreadPoolExecutor.runWorker(ThreadPoolExecutor.java:1128)
java.base/java.util.concurrent.ThreadPoolExecutor$Worker.run(ThreadPoolExecutor.java:628)
java.base/java.lang.Thread.run(Thread.java:830)

WARNING 21:26:06:454 ItemCommand: Exception : not create donate item for id 20134 : stack trace:
tera.gameserver.scripts.commands.ItemCommand.execution(ItemCommand.java:58)
tera.gameserver.manager.CommandManager.execute(CommandManager.java:74)
tera.gameserver.network.clientpackets.PlayerSay.runImpl(PlayerSay.java:84)
rlib.network.packets.AbstractReadeablePacket.run(AbstractReadeablePacket.java:175)
java.base/java.util.concurrent.ThreadPoolExecutor.runWorker(ThreadPoolExecutor.java:1128)
java.base/java.util.concurrent.ThreadPoolExecutor$Worker.run(ThreadPoolExecutor.java:628)
java.base/java.lang.Thread.run(Thread.java:830)

WARNING 21:26:08:999 ItemCommand: Exception : not create donate item for id 20134 : stack trace:
tera.gameserver.scripts.commands.ItemCommand.execution(ItemCommand.java:58)
tera.gameserver.manager.CommandManager.execute(CommandManager.java:74)
tera.gameserver.network.clientpackets.PlayerSay.runImpl(PlayerSay.java:84)
rlib.network.packets.AbstractReadeablePacket.run(AbstractReadeablePacket.java:175)
java.base/java.util.concurrent.ThreadPoolExecutor.runWorker(ThreadPoolExecutor.java:1128)
java.base/java.util.concurrent.ThreadPoolExecutor$Worker.run(ThreadPoolExecutor.java:628)
java.base/java.lang.Thread.run(Thread.java:830)

INFO 21:26:19:924 ItemTable: reloaded items.
WARNING 21:27:02:941 ItemCommand: Exception : not create donate item for id 20134 : stack trace:
tera.gameserver.scripts.commands.ItemCommand.execution(ItemCommand.java:119)
tera.gameserver.manager.CommandManager.execute(CommandManager.java:74)
tera.gameserver.network.clientpackets.PlayerSay.runImpl(PlayerSay.java:84)
rlib.network.packets.AbstractReadeablePacket.run(AbstractReadeablePacket.java:175)
java.base/java.util.concurrent.ThreadPoolExecutor.runWorker(ThreadPoolExecutor.java:1128)
java.base/java.util.concurrent.ThreadPoolExecutor$Worker.run(ThreadPoolExecutor.java:628)
java.base/java.lang.Thread.run(Thread.java:830)

WARNING 21:27:11:099 ItemCommand: Exception : not create donate item for id 20134 : stack trace:
tera.gameserver.scripts.commands.ItemCommand.execution(ItemCommand.java:119)
tera.gameserver.manager.CommandManager.execute(CommandManager.java:74)
tera.gameserver.network.clientpackets.PlayerSay.runImpl(PlayerSay.java:84)
rlib.network.packets.AbstractReadeablePacket.run(AbstractReadeablePacket.java:175)
java.base/java.util.concurrent.ThreadPoolExecutor.runWorker(ThreadPoolExecutor.java:1128)
java.base/java.util.concurrent.ThreadPoolExecutor$Worker.run(ThreadPoolExecutor.java:628)
java.base/java.lang.Thread.run(Thread.java:830)

INFO 21:29:34:897 ItemTable: reloaded items.
INFO 21:31:12:366 ItemTable: reloaded items.
INFO 21:32:35:681 ItemTable: reloaded items.
WARNING 21:43:47:571 ConditionParser: unrecognized <player> condition in skill 0 in file .\data\items\armors\robes.xml
INFO 21:43:47:925 ItemTable: reloaded items.
WARNING 21:45:13:684 ConditionParser: unrecognized <player> condition in skill 0 in file .\data\items\armors\robes.xml
INFO 21:45:13:920 ItemTable: reloaded items.
WARNING 21:45:47:386 ConditionParser: unrecognized <player> condition in skill 0 in file .\data\items\armors\robes.xml
INFO 21:45:47:589 ItemTable: reloaded items.
WARNING 21:46:41:414 ConditionParser: unrecognized <player> condition in skill 0 in file .\data\items\armors\robes.xml
INFO 21:46:41:640 ItemTable: reloaded items.
INFO 21:47:11:399 ItemTable: reloaded items.
INFO 21:49:12:682 ItemTable: reloaded items.
INFO 21:49:37:507 ItemTable: reloaded items.
WARNING 21:50:41:586 CommandManager: NullPointerException : null : stack trace:
tera.gameserver.scripts.commands.WorldCommand.execution(WorldCommand.java:89)
tera.gameserver.manager.CommandManager.execute(CommandManager.java:74)
tera.gameserver.network.clientpackets.PlayerSay.runImpl(PlayerSay.java:84)
rlib.network.packets.AbstractReadeablePacket.run(AbstractReadeablePacket.java:175)
java.base/java.util.concurrent.ThreadPoolExecutor.runWorker(ThreadPoolExecutor.java:1128)
java.base/java.util.concurrent.ThreadPoolExecutor$Worker.run(ThreadPoolExecutor.java:628)
java.base/java.lang.Thread.run(Thread.java:830)

INFO 22:14:47:989 AccountManager: close islanzadie
