INFO 22:30:02:155 ServerControl: open server socket on 2101 port.
INFO 22:30:02:162 ExecutorManager: initialized.
INFO 22:30:02:506 CleaningManager: delete 2 reuses from a character_skill_reuses.
INFO 22:30:02:507 CleaningManager: delete 0 spawns from a boss_spawn.
INFO 22:30:02:508 CleaningManager: delete 0 appearances from a character_appearances.
INFO 22:30:02:508 CleaningManager: delete 0 effects from a character_save_effects.
INFO 22:30:02:509 CleaningManager: delete 0 inventors from a character_inventors.
INFO 22:30:02:509 CleaningManager: delete 0 skills from a character_skills.
INFO 22:30:02:510 CleaningManager: delete 0 hotkeys from a character_hotkey.
INFO 22:30:02:511 CleaningManager: delete 0 chars from a character_friends.
INFO 22:30:02:512 CleaningManager: delete 0 friends from a character_friends.
INFO 22:30:02:512 CleaningManager: delete 0 settings from a character_settings.
INFO 22:30:02:513 CleaningManager: delete 1 empty items from a items.
INFO 22:30:02:514 CleaningManager: delete 0 no owner items from a items.
INFO 22:30:02:515 CleaningManager: delete 0 no owner guild items from a items.
INFO 22:30:02:592 CleaningManager: create buffer table items.
INFO 22:30:02:593 CleaningManager: copy 30 items to buffer_items.
INFO 22:30:02:594 CleaningManager: delete 0 no owner items from a buffer_items.
INFO 22:30:02:604 CleaningManager: drop buffer table items.
INFO 22:30:02:605 CleaningManager: delete 0 from a quests.
INFO 22:30:02:605 CleaningManager: delete 0 from a quest variables.
INFO 22:30:02:606 CleaningManager: delete 0 from a guild ranks.
INFO 22:30:02:645 ClientPacketType: client packets prepared.
INFO 22:30:02:656 EffectParser: initialized.
INFO 22:30:02:659 RandomManager: initialized.
INFO 22:30:02:659 IdFactory: prepare npc ids...
INFO 22:30:02:661 BitSetIdGenerator: 102912 id's available.
INFO 22:30:02:661 IdFactory: prepare objects ids...
INFO 22:30:02:662 BitSetIdGenerator: 102912 id's available.
INFO 22:30:02:662 IdFactory: prepare players ids...
INFO 22:30:02:664 BitSetIdGenerator: extracted 3 ids.
INFO 22:30:02:665 BitSetIdGenerator: 102912 id's available.
INFO 22:30:02:665 IdFactory: prepare guilds ids...
INFO 22:30:02:666 BitSetIdGenerator: extracted 0 ids.
INFO 22:30:02:666 BitSetIdGenerator: 102912 id's available.
INFO 22:30:02:667 IdFactory: prepare item ids...
INFO 22:30:02:668 BitSetIdGenerator: extracted 30 ids.
INFO 22:30:02:668 BitSetIdGenerator: 102912 id's available.
INFO 22:30:02:679 ServerVarManager: loaded 0 variables.
INFO 22:30:02:681 BossSpawnManager: loaded 0 boss spawns.
INFO 22:30:03:254 TerritoryTable: loaded 160 territories for 18803 regions.
INFO 22:30:04:343 WorldZoneTable: loaded 12 world zones for 31986 regions.
INFO 22:30:04:344 ConditionParser: initializable.
WARNING 22:30:05:109 SkillTable: detected once the file C:\Users\jorou\Downloads\TeraOnlineServer_Shock_1732\gameserver\.\data\skills\summon_skills\deprecated.zip
INFO 22:30:05:161 SkillTable: loaded 4613 skills for 19 classes.
INFO 22:30:05:671 ItemTable: loaded 10138 items.
INFO 22:30:05:705 Race: race appearances initializable.
INFO 22:30:05:718 PlayerTable: loaded 104 player templates.
INFO 22:30:05:889 DropTable: load drop for 407 npcs and 126 for resourse.
INFO 22:30:05:893 TownTable: initialized.
WARNING 22:30:05:910 NpcDialogTable: detected once the file C:\Users\jorou\Downloads\TeraOnlineServer_Shock_1732\gameserver\.\data\dialogs\dialogs.txt
INFO 22:30:05:932 NpcDialogTable: loaded 87 dialogs.
INFO 22:30:05:937 MessagePackageTable: loaded 34 message packages.
INFO 22:30:05:964 ConfigAITable: loaded 45 npc ai configs.
INFO 22:30:05:974 NpcAppearanceTable: initialized. Loaded 59 appearances.
WARNING 22:30:06:077 NpcTable: detected once the file C:\Users\jorou\Downloads\TeraOnlineServer_Shock_1732\gameserver\.\data\npcs\summons\playable_summons.zip
INFO 22:30:06:085 NpcTable: loaded  816 npcs.
INFO 22:30:06:095 ResourseTable: loaded  253 resourses.
INFO 22:30:06:103 MinionTable: loaded 303 minions for 42 npcs.
INFO 22:30:06:104 RegenTaskManager: initializable.
INFO 22:30:06:109 Formulas: initialized.
INFO 22:30:06:110 EffectTaskManager: initialized.
INFO 22:30:06:364 ObjectEventManager: initialized.
INFO 22:30:06:364 MoveTaskManager: initialized.
INFO 22:30:06:679 SpawnTable: loaded 19515 spawns for 617 npcs and 2013 spawns for 60 resourses.
INFO 22:30:06:724 GeoMap3D: start fast import geodata_1.dat
INFO 22:30:06:945 GeoMap3D: import ended. load 1867238 quards.
INFO 22:30:06:946 GeoMap3D: start fast import geodata_2.dat
INFO 22:30:07:004 GeoMap3D: import ended. load 440227 quards.
INFO 22:30:07:005 GeoMap3D: start fast import geodata_3.dat
INFO 22:30:07:031 GeoMap3D: import ended. load 58040 quards.
INFO 22:30:07:031 GeoManager: initialized.
INFO 22:30:07:034 ItemExecutorManager: loaded 0 executor items.
INFO 22:30:07:045 CommandManager: loaded 94 commands.
INFO 22:30:07:069 SkillLearnManager: loaded 950 skill learn's for 8 clases.
INFO 22:30:07:073 AnnounceManager: loaded 0 start announces and 0 running announces.
INFO 22:30:07:074 AccountManager: initialized.
INFO 22:30:07:077 GuildManager: loaded 0 guilds.
INFO 22:30:07:323 QuestManager: loaded 455 quests.
INFO 22:30:07:324 OnlineManager: initialized.
INFO 22:30:07:329 GameLogManager: initialized.
INFO 22:30:07:389 Region: next battle "Veritas District" in 2020.06.21 16:00.
INFO 22:30:07:393 Region: next battle "Ostgarath" in 2020.06.21 16:00.
INFO 22:30:07:395 Region: next battle "Val Palrada" in 2020.06.27 20:00.
INFO 22:30:07:396 Region: next battle "Val Aureum" in 2020.06.27 20:00.
INFO 22:30:07:397 EventManager: loaded 5 events.
INFO 22:30:07:523 EventManager: the nearest event in 49 minutes.
INFO 22:30:07:526 PlayerManager: initialized.
INFO 22:30:07:532 Network: started.
INFO 22:30:07:532 GameServer: started.
INFO 22:33:47:657 AccountManager: authed islanzadie
INFO 22:34:19:912 AccountManager: close islanzadie
