INFO 22:16:39:076 ServerControl: open server socket on 2101 port.
INFO 22:16:39:082 ExecutorManager: initialized.
INFO 22:16:39:453 CleaningManager: delete 0 reuses from a character_skill_reuses.
INFO 22:16:39:453 CleaningManager: delete 0 spawns from a boss_spawn.
INFO 22:16:39:454 CleaningManager: delete 0 appearances from a character_appearances.
INFO 22:16:39:454 CleaningManager: delete 0 effects from a character_save_effects.
INFO 22:16:39:455 CleaningManager: delete 0 inventors from a character_inventors.
INFO 22:16:39:455 CleaningManager: delete 0 skills from a character_skills.
INFO 22:16:39:456 CleaningManager: delete 0 hotkeys from a character_hotkey.
INFO 22:16:39:456 CleaningManager: delete 0 chars from a character_friends.
INFO 22:16:39:457 CleaningManager: delete 0 friends from a character_friends.
INFO 22:16:39:458 CleaningManager: delete 0 settings from a character_settings.
INFO 22:16:39:458 CleaningManager: delete 10 empty items from a items.
INFO 22:16:39:459 CleaningManager: delete 0 no owner items from a items.
INFO 22:16:39:460 CleaningManager: delete 0 no owner guild items from a items.
INFO 22:16:39:557 CleaningManager: create buffer table items.
INFO 22:16:39:559 CleaningManager: copy 125 items to buffer_items.
INFO 22:16:39:560 CleaningManager: delete 0 no owner items from a buffer_items.
INFO 22:16:39:573 CleaningManager: drop buffer table items.
INFO 22:16:39:574 CleaningManager: delete 0 from a quests.
INFO 22:16:39:574 CleaningManager: delete 0 from a quest variables.
INFO 22:16:39:575 CleaningManager: delete 0 from a guild ranks.
INFO 22:16:39:619 ClientPacketType: client packets prepared.
INFO 22:16:39:631 EffectParser: initialized.
INFO 22:16:39:634 RandomManager: initialized.
INFO 22:16:39:635 IdFactory: prepare npc ids...
INFO 22:16:39:637 BitSetIdGenerator: 102912 id's available.
INFO 22:16:39:638 IdFactory: prepare objects ids...
INFO 22:16:39:638 BitSetIdGenerator: 102912 id's available.
INFO 22:16:39:639 IdFactory: prepare players ids...
INFO 22:16:39:641 BitSetIdGenerator: extracted 10 ids.
INFO 22:16:39:642 BitSetIdGenerator: 102912 id's available.
INFO 22:16:39:642 IdFactory: prepare guilds ids...
INFO 22:16:39:644 BitSetIdGenerator: extracted 1 ids.
INFO 22:16:39:644 BitSetIdGenerator: 102912 id's available.
INFO 22:16:39:645 IdFactory: prepare item ids...
INFO 22:16:39:646 BitSetIdGenerator: extracted 125 ids.
INFO 22:16:39:648 BitSetIdGenerator: 102912 id's available.
INFO 22:16:39:661 ServerVarManager: loaded 0 variables.
INFO 22:16:39:664 BossSpawnManager: loaded 0 boss spawns.
INFO 22:16:40:349 TerritoryTable: loaded 160 territories for 18803 regions.
INFO 22:16:41:632 WorldZoneTable: loaded 12 world zones for 31986 regions.
INFO 22:16:41:633 ConditionParser: initializable.
WARNING 22:16:42:108 SkillTable: detected once the file C:\Users\jorou\Downloads\TeraOnlineServer_Shock_1732\gameserver\.\data\skills\summon_skills\deprecated.zip
INFO 22:16:42:134 SkillTable: loaded 4613 skills for 19 classes.
INFO 22:16:42:536 ItemTable: loaded 10138 items.
INFO 22:16:42:548 Race: race appearances initializable.
INFO 22:16:42:553 PlayerTable: loaded 104 player templates.
WARNING 22:16:42:734 DropTable: not found items [50048]
INFO 22:16:42:735 DropTable: load drop for 407 npcs and 126 for resourse.
INFO 22:16:42:740 TownTable: initialized.
WARNING 22:16:42:766 NpcDialogTable: detected once the file C:\Users\jorou\Downloads\TeraOnlineServer_Shock_1732\gameserver\.\data\dialogs\dialogs.txt
INFO 22:16:42:790 NpcDialogTable: loaded 87 dialogs.
INFO 22:16:42:802 MessagePackageTable: loaded 34 message packages.
INFO 22:16:42:831 ConfigAITable: loaded 45 npc ai configs.
INFO 22:16:42:842 NpcAppearanceTable: initialized. Loaded 59 appearances.
WARNING 22:16:42:969 NpcTable: detected once the file C:\Users\jorou\Downloads\TeraOnlineServer_Shock_1732\gameserver\.\data\npcs\summons\playable_summons.zip
INFO 22:16:42:979 NpcTable: loaded  816 npcs.
INFO 22:16:42:998 ResourseTable: loaded  253 resourses.
INFO 22:16:43:010 MinionTable: loaded 303 minions for 42 npcs.
INFO 22:16:43:012 RegenTaskManager: initializable.
INFO 22:16:43:020 Formulas: initialized.
INFO 22:16:43:028 EffectTaskManager: initialized.
INFO 22:16:43:411 ObjectEventManager: initialized.
INFO 22:16:43:412 MoveTaskManager: initialized.
INFO 22:16:43:851 SpawnTable: loaded 19515 spawns for 617 npcs and 2013 spawns for 60 resourses.
INFO 22:16:43:926 GeoMap3D: start fast import geodata_1.dat
INFO 22:16:44:120 GeoMap3D: import ended. load 1867238 quards.
INFO 22:16:44:121 GeoMap3D: start fast import geodata_2.dat
INFO 22:16:44:180 GeoMap3D: import ended. load 440227 quards.
INFO 22:16:44:185 GeoMap3D: start fast import geodata_3.dat
INFO 22:16:44:206 GeoMap3D: import ended. load 58040 quards.
INFO 22:16:44:210 GeoManager: initialized.
INFO 22:16:44:213 ItemExecutorManager: loaded 0 executor items.
INFO 22:16:44:226 CommandManager: loaded 94 commands.
INFO 22:16:44:238 SkillLearnManager: loaded 950 skill learn's for 8 clases.
INFO 22:16:44:242 AnnounceManager: loaded 0 start announces and 0 running announces.
INFO 22:16:44:244 AccountManager: initialized.
INFO 22:16:44:262 GuildManager: loaded 1 guilds.
INFO 22:16:44:627 QuestManager: loaded 455 quests.
INFO 22:16:44:644 OnlineManager: initialized.
INFO 22:16:44:683 GameLogManager: initialized.
INFO 22:16:44:781 Region: next battle "Veritas District" in 2020.06.28 16:00.
INFO 22:16:44:784 Region: next battle "Ostgarath" in 2020.06.28 16:00.
INFO 22:16:44:788 Region: next battle "Val Palrada" in 2020.06.27 20:00.
INFO 22:16:44:790 Region: next battle "Val Aureum" in 2020.06.27 20:00.
INFO 22:16:44:790 EventManager: loaded 5 events.
INFO 22:16:44:909 EventManager: the nearest event in 31 minutes.
INFO 22:16:44:913 PlayerManager: initialized.
INFO 22:16:44:920 Network: started.
INFO 22:16:44:921 GameServer: started.
INFO 22:18:34:959 AccountManager: authed islanzadie
WARNING 22:30:25:045 ItemCommand: Exception : not create donate item for id 13234 : stack trace:
tera.gameserver.scripts.commands.ItemCommand.execution(ItemCommand.java:58)
tera.gameserver.manager.CommandManager.execute(CommandManager.java:74)
tera.gameserver.network.clientpackets.PlayerSay.runImpl(PlayerSay.java:84)
rlib.network.packets.AbstractReadeablePacket.run(AbstractReadeablePacket.java:175)
java.base/java.util.concurrent.ThreadPoolExecutor.runWorker(ThreadPoolExecutor.java:1128)
java.base/java.util.concurrent.ThreadPoolExecutor$Worker.run(ThreadPoolExecutor.java:628)
java.base/java.lang.Thread.run(Thread.java:830)

WARNING 22:30:32:583 ItemCommand: Exception : not create donate item for id 13226 : stack trace:
tera.gameserver.scripts.commands.ItemCommand.execution(ItemCommand.java:58)
tera.gameserver.manager.CommandManager.execute(CommandManager.java:74)
tera.gameserver.network.clientpackets.PlayerSay.runImpl(PlayerSay.java:84)
rlib.network.packets.AbstractReadeablePacket.run(AbstractReadeablePacket.java:175)
java.base/java.util.concurrent.ThreadPoolExecutor.runWorker(ThreadPoolExecutor.java:1128)
java.base/java.util.concurrent.ThreadPoolExecutor$Worker.run(ThreadPoolExecutor.java:628)
java.base/java.lang.Thread.run(Thread.java:830)

INFO 22:32:33:615 ItemTable: reloaded items.
INFO 22:33:55:326 ItemTable: reloaded items.
INFO 22:33:59:485 ItemTable: reloaded items.
INFO 22:36:57:478 ItemTable: reloaded items.
WARNING 22:45:05:679 DocumentItem: incorrect file .\data\items\armors\robes.xml
WARNING 22:45:05:716 DocumentItem: SAXParseException : Element type "add" must be followed by either attribute specifications, ">" or "/>". : stack trace:
java.xml/com.sun.org.apache.xerces.internal.parsers.DOMParser.parse(DOMParser.java:261)
java.xml/com.sun.org.apache.xerces.internal.jaxp.DocumentBuilderImpl.parse(DocumentBuilderImpl.java:339)
java.xml/javax.xml.parsers.DocumentBuilder.parse(DocumentBuilder.java:206)
rlib.data.AbstractDocument.parse(AbstractDocument.java:55)
tera.gameserver.tables.ItemTable.reload(ItemTable.java:241)
tera.gameserver.scripts.commands.ItemCommand.execution(ItemCommand.java:39)
tera.gameserver.manager.CommandManager.execute(CommandManager.java:74)
tera.gameserver.network.clientpackets.PlayerSay.runImpl(PlayerSay.java:84)
rlib.network.packets.AbstractReadeablePacket.run(AbstractReadeablePacket.java:175)
java.base/java.util.concurrent.ThreadPoolExecutor.runWorker(ThreadPoolExecutor.java:1128)
java.base/java.util.concurrent.ThreadPoolExecutor$Worker.run(ThreadPoolExecutor.java:628)
java.base/java.lang.Thread.run(Thread.java:830)

WARNING 22:45:05:749 DocumentItem: incorrect file .\data\items\armors\robes.xml
WARNING 22:45:05:787 DocumentItem: NullPointerException : null : stack trace:
tera.gameserver.document.DocumentItem.parse(DocumentItem.java:47)
rlib.data.AbstractDocument.parse(AbstractDocument.java:67)
tera.gameserver.tables.ItemTable.reload(ItemTable.java:241)
tera.gameserver.scripts.commands.ItemCommand.execution(ItemCommand.java:39)
tera.gameserver.manager.CommandManager.execute(CommandManager.java:74)
tera.gameserver.network.clientpackets.PlayerSay.runImpl(PlayerSay.java:84)
rlib.network.packets.AbstractReadeablePacket.run(AbstractReadeablePacket.java:175)
java.base/java.util.concurrent.ThreadPoolExecutor.runWorker(ThreadPoolExecutor.java:1128)
java.base/java.util.concurrent.ThreadPoolExecutor$Worker.run(ThreadPoolExecutor.java:628)
java.base/java.lang.Thread.run(Thread.java:830)

INFO 22:45:06:682 ItemTable: reloaded items.
INFO 22:45:42:269 ItemTable: reloaded items.
INFO 22:47:25:970 ItemTable: reloaded items.
INFO 22:47:52:738 ItemTable: reloaded items.
INFO 22:48:09:283 ItemTable: reloaded items.
INFO 22:49:09:237 ItemTable: reloaded items.
INFO 22:50:55:503 ItemTable: reloaded items.
INFO 22:53:43:990 ItemTable: reloaded items.
INFO 22:54:47:653 ItemTable: reloaded items.
INFO 22:56:28:781 ItemTable: reloaded items.
INFO 23:09:23:456 ItemTable: reloaded items.
WARNING 23:32:25:037 ItemCommand: Exception : not create donate item for id 13234 : stack trace:
tera.gameserver.scripts.commands.ItemCommand.execution(ItemCommand.java:58)
tera.gameserver.manager.CommandManager.execute(CommandManager.java:74)
tera.gameserver.network.clientpackets.PlayerSay.runImpl(PlayerSay.java:84)
rlib.network.packets.AbstractReadeablePacket.run(AbstractReadeablePacket.java:175)
java.base/java.util.concurrent.ThreadPoolExecutor.runWorker(ThreadPoolExecutor.java:1128)
java.base/java.util.concurrent.ThreadPoolExecutor$Worker.run(ThreadPoolExecutor.java:628)
java.base/java.lang.Thread.run(Thread.java:830)

INFO 23:33:24:932 ItemTable: reloaded items.
INFO 23:36:58:477 ItemTable: reloaded items.
INFO 23:39:07:427 ItemTable: reloaded items.
INFO 23:39:11:444 ItemTable: reloaded items.
INFO 23:40:29:550 AccountManager: close islanzadie
