INFO 21:27:45:025 ServerControl: open server socket on 2101 port.
INFO 21:27:45:031 ExecutorManager: initialized.
INFO 21:27:45:541 CleaningManager: delete 0 reuses from a character_skill_reuses.
INFO 21:27:45:553 CleaningManager: delete 0 spawns from a boss_spawn.
INFO 21:27:45:574 CleaningManager: delete 0 appearances from a character_appearances.
INFO 21:27:45:610 CleaningManager: delete 0 effects from a character_save_effects.
INFO 21:27:45:626 CleaningManager: delete 0 inventors from a character_inventors.
INFO 21:27:45:645 CleaningManager: delete 0 skills from a character_skills.
INFO 21:27:45:677 CleaningManager: delete 0 hotkeys from a character_hotkey.
INFO 21:27:45:690 CleaningManager: delete 0 chars from a character_friends.
INFO 21:27:45:691 CleaningManager: delete 0 friends from a character_friends.
INFO 21:27:45:707 CleaningManager: delete 0 settings from a character_settings.
INFO 21:27:45:726 CleaningManager: delete 8 empty items from a items.
INFO 21:27:45:728 CleaningManager: delete 0 no owner items from a items.
INFO 21:27:45:771 CleaningManager: delete 0 no owner guild items from a items.
INFO 21:27:45:836 CleaningManager: create buffer table items.
INFO 21:27:45:839 CleaningManager: copy 21 items to buffer_items.
INFO 21:27:45:840 CleaningManager: delete 0 no owner items from a buffer_items.
INFO 21:27:45:850 CleaningManager: drop buffer table items.
INFO 21:27:45:870 CleaningManager: delete 0 from a quests.
INFO 21:27:45:881 CleaningManager: delete 0 from a quest variables.
INFO 21:27:45:892 CleaningManager: delete 0 from a guild ranks.
INFO 21:27:45:949 ClientPacketType: client packets prepared.
INFO 21:27:45:959 EffectParser: initialized.
INFO 21:27:45:963 RandomManager: initialized.
INFO 21:27:45:964 IdFactory: prepare npc ids...
INFO 21:27:45:968 BitSetIdGenerator: 102912 id's available.
INFO 21:27:45:969 IdFactory: prepare objects ids...
INFO 21:27:45:969 BitSetIdGenerator: 102912 id's available.
INFO 21:27:45:970 IdFactory: prepare players ids...
INFO 21:27:45:972 BitSetIdGenerator: extracted 3 ids.
INFO 21:27:45:972 BitSetIdGenerator: 102912 id's available.
INFO 21:27:45:973 IdFactory: prepare guilds ids...
INFO 21:27:45:973 BitSetIdGenerator: extracted 0 ids.
INFO 21:27:45:974 BitSetIdGenerator: 102912 id's available.
INFO 21:27:45:974 IdFactory: prepare item ids...
INFO 21:27:45:975 BitSetIdGenerator: extracted 21 ids.
INFO 21:27:45:975 BitSetIdGenerator: 102912 id's available.
INFO 21:27:45:995 ServerVarManager: loaded 0 variables.
INFO 21:27:45:998 BossSpawnManager: loaded 0 boss spawns.
INFO 21:27:46:733 TerritoryTable: loaded 160 territories for 18803 regions.
INFO 21:27:48:466 WorldZoneTable: loaded 12 world zones for 31986 regions.
INFO 21:27:48:468 ConditionParser: initializable.
WARNING 21:27:48:914 SkillTable: detected once the file C:\Users\jorou\Downloads\TeraOnlineServer_Shock_1732\gameserver\.\data\skills\summon_skills\deprecated.zip
INFO 21:27:48:944 SkillTable: loaded 4613 skills for 19 classes.
INFO 21:27:50:199 ItemTable: loaded 10138 items.
INFO 21:27:50:461 Race: race appearances initializable.
INFO 21:27:50:524 PlayerTable: loaded 104 player templates.
INFO 21:27:51:997 DropTable: load drop for 407 npcs and 126 for resourse.
INFO 21:27:52:000 TownTable: initialized.
WARNING 21:27:52:045 NpcDialogTable: detected once the file C:\Users\jorou\Downloads\TeraOnlineServer_Shock_1732\gameserver\.\data\dialogs\dialogs.txt
INFO 21:27:52:128 NpcDialogTable: loaded 87 dialogs.
INFO 21:27:52:149 MessagePackageTable: loaded 34 message packages.
INFO 21:27:52:217 ConfigAITable: loaded 45 npc ai configs.
INFO 21:27:52:256 NpcAppearanceTable: initialized. Loaded 59 appearances.
WARNING 21:27:53:175 NpcTable: detected once the file C:\Users\jorou\Downloads\TeraOnlineServer_Shock_1732\gameserver\.\data\npcs\summons\playable_summons.zip
INFO 21:27:53:237 NpcTable: loaded  816 npcs.
INFO 21:27:53:374 ResourseTable: loaded  253 resourses.
INFO 21:27:53:416 MinionTable: loaded 303 minions for 42 npcs.
INFO 21:27:53:417 RegenTaskManager: initializable.
INFO 21:27:53:439 Formulas: initialized.
INFO 21:27:53:440 EffectTaskManager: initialized.
INFO 21:27:54:232 ObjectEventManager: initialized.
INFO 21:27:54:233 MoveTaskManager: initialized.
INFO 21:27:54:644 SpawnTable: loaded 19515 spawns for 617 npcs and 2013 spawns for 60 resourses.
INFO 21:27:54:651 GeoMap3D: start fast import geodata_1.dat
INFO 21:27:55:054 GeoMap3D: import ended. load 1867238 quards.
INFO 21:27:55:060 GeoMap3D: start fast import geodata_2.dat
INFO 21:27:55:164 GeoMap3D: import ended. load 440227 quards.
INFO 21:27:55:174 GeoMap3D: start fast import geodata_3.dat
INFO 21:27:55:214 GeoMap3D: import ended. load 58040 quards.
INFO 21:27:55:215 GeoManager: initialized.
INFO 21:27:55:219 ItemExecutorManager: loaded 0 executor items.
INFO 21:27:55:227 CommandManager: loaded 94 commands.
INFO 21:27:55:236 SkillLearnManager: loaded 950 skill learn's for 8 clases.
INFO 21:27:55:239 AnnounceManager: loaded 0 start announces and 0 running announces.
INFO 21:27:55:241 AccountManager: initialized.
INFO 21:27:55:244 GuildManager: loaded 0 guilds.
INFO 21:27:55:781 QuestManager: loaded 455 quests.
INFO 21:27:55:783 OnlineManager: initialized.
INFO 21:27:55:786 GameLogManager: initialized.
INFO 21:27:55:945 Region: next battle "Veritas District" in 2020.06.21 16:00.
INFO 21:27:55:947 Region: next battle "Ostgarath" in 2020.06.21 16:00.
INFO 21:27:55:949 Region: next battle "Val Palrada" in 2020.06.20 20:00.
INFO 21:27:55:951 Region: next battle "Val Aureum" in 2020.06.20 20:00.
INFO 21:27:55:951 EventManager: loaded 5 events.
INFO 21:27:56:053 EventManager: the nearest event in 56 minutes.
INFO 21:27:56:058 PlayerManager: initialized.
INFO 21:27:56:066 Network: started.
INFO 21:27:56:066 GameServer: started.
INFO 21:28:41:468 AccountManager: authed islanzadie
INFO 21:33:22:535 AccountManager: close islanzadie
