INFO 23:40:44:316 ServerControl: open server socket on 2101 port.
INFO 23:40:44:322 ExecutorManager: initialized.
INFO 23:40:44:710 CleaningManager: delete 1 reuses from a character_skill_reuses.
INFO 23:40:44:712 CleaningManager: delete 0 spawns from a boss_spawn.
INFO 23:40:44:712 CleaningManager: delete 0 appearances from a character_appearances.
INFO 23:40:44:713 CleaningManager: delete 0 effects from a character_save_effects.
INFO 23:40:44:713 CleaningManager: delete 0 inventors from a character_inventors.
INFO 23:40:44:714 CleaningManager: delete 0 skills from a character_skills.
INFO 23:40:44:714 CleaningManager: delete 0 hotkeys from a character_hotkey.
INFO 23:40:44:715 CleaningManager: delete 0 chars from a character_friends.
INFO 23:40:44:716 CleaningManager: delete 0 friends from a character_friends.
INFO 23:40:44:716 CleaningManager: delete 0 settings from a character_settings.
INFO 23:40:44:718 CleaningManager: delete 83 empty items from a items.
INFO 23:40:44:719 CleaningManager: delete 0 no owner items from a items.
INFO 23:40:44:720 CleaningManager: delete 0 no owner guild items from a items.
INFO 23:40:44:763 CleaningManager: create buffer table items.
INFO 23:40:44:766 CleaningManager: copy 151 items to buffer_items.
INFO 23:40:44:767 CleaningManager: delete 0 no owner items from a buffer_items.
INFO 23:40:44:779 CleaningManager: drop buffer table items.
INFO 23:40:44:780 CleaningManager: delete 0 from a quests.
INFO 23:40:44:780 CleaningManager: delete 0 from a quest variables.
INFO 23:40:44:781 CleaningManager: delete 0 from a guild ranks.
INFO 23:40:44:825 ClientPacketType: client packets prepared.
INFO 23:40:44:837 EffectParser: initialized.
INFO 23:40:44:839 RandomManager: initialized.
INFO 23:40:44:840 IdFactory: prepare npc ids...
INFO 23:40:44:842 BitSetIdGenerator: 102912 id's available.
INFO 23:40:44:842 IdFactory: prepare objects ids...
INFO 23:40:44:843 BitSetIdGenerator: 102912 id's available.
INFO 23:40:44:843 IdFactory: prepare players ids...
INFO 23:40:44:846 BitSetIdGenerator: extracted 10 ids.
INFO 23:40:44:846 BitSetIdGenerator: 102912 id's available.
INFO 23:40:44:847 IdFactory: prepare guilds ids...
INFO 23:40:44:847 BitSetIdGenerator: extracted 1 ids.
INFO 23:40:44:848 BitSetIdGenerator: 102912 id's available.
INFO 23:40:44:848 IdFactory: prepare item ids...
INFO 23:40:44:850 BitSetIdGenerator: extracted 151 ids.
INFO 23:40:44:851 BitSetIdGenerator: 102912 id's available.
INFO 23:40:44:863 ServerVarManager: loaded 0 variables.
INFO 23:40:44:866 BossSpawnManager: loaded 0 boss spawns.
INFO 23:40:45:538 TerritoryTable: loaded 160 territories for 18803 regions.
INFO 23:40:46:935 WorldZoneTable: loaded 12 world zones for 31986 regions.
INFO 23:40:46:936 ConditionParser: initializable.
WARNING 23:40:47:430 SkillTable: detected once the file C:\Users\jorou\Downloads\TeraOnlineServer_Shock_1732\gameserver\.\data\skills\summon_skills\deprecated.zip
INFO 23:40:47:457 SkillTable: loaded 4613 skills for 19 classes.
INFO 23:40:47:879 ItemTable: loaded 10138 items.
INFO 23:40:47:890 Race: race appearances initializable.
INFO 23:40:47:908 PlayerTable: loaded 104 player templates.
WARNING 23:40:48:146 DropTable: not found items [50048]
INFO 23:40:48:147 DropTable: load drop for 407 npcs and 126 for resourse.
INFO 23:40:48:151 TownTable: initialized.
WARNING 23:40:48:175 NpcDialogTable: detected once the file C:\Users\jorou\Downloads\TeraOnlineServer_Shock_1732\gameserver\.\data\dialogs\dialogs.txt
INFO 23:40:48:207 NpcDialogTable: loaded 87 dialogs.
INFO 23:40:48:214 MessagePackageTable: loaded 34 message packages.
INFO 23:40:48:253 ConfigAITable: loaded 45 npc ai configs.
INFO 23:40:48:264 NpcAppearanceTable: initialized. Loaded 59 appearances.
WARNING 23:40:48:413 NpcTable: detected once the file C:\Users\jorou\Downloads\TeraOnlineServer_Shock_1732\gameserver\.\data\npcs\summons\playable_summons.zip
INFO 23:40:48:420 NpcTable: loaded  816 npcs.
INFO 23:40:48:431 ResourseTable: loaded  253 resourses.
INFO 23:40:48:442 MinionTable: loaded 303 minions for 42 npcs.
INFO 23:40:48:442 RegenTaskManager: initializable.
INFO 23:40:48:472 Formulas: initialized.
INFO 23:40:48:478 EffectTaskManager: initialized.
INFO 23:40:48:802 ObjectEventManager: initialized.
INFO 23:40:48:803 MoveTaskManager: initialized.
INFO 23:40:49:279 SpawnTable: loaded 19515 spawns for 617 npcs and 2013 spawns for 60 resourses.
INFO 23:40:49:304 GeoMap3D: start fast import geodata_1.dat
INFO 23:40:49:501 GeoMap3D: import ended. load 1867238 quards.
INFO 23:40:49:502 GeoMap3D: start fast import geodata_2.dat
INFO 23:40:49:573 GeoMap3D: import ended. load 440227 quards.
INFO 23:40:49:576 GeoMap3D: start fast import geodata_3.dat
INFO 23:40:49:594 GeoMap3D: import ended. load 58040 quards.
INFO 23:40:49:594 GeoManager: initialized.
INFO 23:40:49:600 ItemExecutorManager: loaded 0 executor items.
INFO 23:40:49:610 CommandManager: loaded 94 commands.
INFO 23:40:49:621 SkillLearnManager: loaded 950 skill learn's for 8 clases.
INFO 23:40:49:626 AnnounceManager: loaded 0 start announces and 0 running announces.
INFO 23:40:49:628 AccountManager: initialized.
INFO 23:40:49:647 GuildManager: loaded 1 guilds.
INFO 23:40:49:916 QuestManager: loaded 455 quests.
INFO 23:40:49:919 OnlineManager: initialized.
INFO 23:40:49:943 GameLogManager: initialized.
INFO 23:40:50:103 Region: next battle "Veritas District" in 2020.06.28 16:00.
INFO 23:40:50:112 Region: next battle "Ostgarath" in 2020.06.28 16:00.
INFO 23:40:50:117 Region: next battle "Val Palrada" in 2020.06.27 20:00.
INFO 23:40:50:121 Region: next battle "Val Aureum" in 2020.06.27 20:00.
INFO 23:40:50:122 EventManager: loaded 5 events.
INFO 23:40:50:289 EventManager: the nearest event in 47 minutes.
INFO 23:40:50:292 PlayerManager: initialized.
INFO 23:40:50:335 Network: started.
INFO 23:40:50:335 GameServer: started.
INFO 23:40:55:274 AccountManager: authed islanzadie
INFO 23:43:43:965 ItemTable: reloaded items.
WARNING 23:48:16:218 ItemCommand: Exception : not create donate item for id 13226 : stack trace:
tera.gameserver.scripts.commands.ItemCommand.execution(ItemCommand.java:58)
tera.gameserver.manager.CommandManager.execute(CommandManager.java:74)
tera.gameserver.network.clientpackets.PlayerSay.runImpl(PlayerSay.java:84)
rlib.network.packets.AbstractReadeablePacket.run(AbstractReadeablePacket.java:175)
java.base/java.util.concurrent.ThreadPoolExecutor.runWorker(ThreadPoolExecutor.java:1128)
java.base/java.util.concurrent.ThreadPoolExecutor$Worker.run(ThreadPoolExecutor.java:628)
java.base/java.lang.Thread.run(Thread.java:830)

INFO 23:49:02:625 ItemTable: reloaded items.
INFO 23:52:52:997 ItemTable: reloaded items.
INFO 00:07:15:769 AccountManager: authed tsuka
WARNING 00:14:38:938 ItemCommand: Exception : not create donate item for id 18556 : stack trace:
tera.gameserver.scripts.commands.ItemCommand.execution(ItemCommand.java:58)
tera.gameserver.manager.CommandManager.execute(CommandManager.java:74)
tera.gameserver.network.clientpackets.PlayerSay.runImpl(PlayerSay.java:84)
rlib.network.packets.AbstractReadeablePacket.run(AbstractReadeablePacket.java:175)
java.base/java.util.concurrent.ThreadPoolExecutor.runWorker(ThreadPoolExecutor.java:1128)
java.base/java.util.concurrent.ThreadPoolExecutor$Worker.run(ThreadPoolExecutor.java:628)
java.base/java.lang.Thread.run(Thread.java:830)

WARNING 00:15:56:729 ItemCommand: Exception : not create donate item for id 18557 : stack trace:
tera.gameserver.scripts.commands.ItemCommand.execution(ItemCommand.java:58)
tera.gameserver.manager.CommandManager.execute(CommandManager.java:74)
tera.gameserver.network.clientpackets.PlayerSay.runImpl(PlayerSay.java:84)
rlib.network.packets.AbstractReadeablePacket.run(AbstractReadeablePacket.java:175)
java.base/java.util.concurrent.ThreadPoolExecutor.runWorker(ThreadPoolExecutor.java:1128)
java.base/java.util.concurrent.ThreadPoolExecutor$Worker.run(ThreadPoolExecutor.java:628)
java.base/java.lang.Thread.run(Thread.java:830)

WARNING 00:16:50:887 ItemCommand: Exception : not create donate item for id 16486 : stack trace:
tera.gameserver.scripts.commands.ItemCommand.execution(ItemCommand.java:58)
tera.gameserver.manager.CommandManager.execute(CommandManager.java:74)
tera.gameserver.network.clientpackets.PlayerSay.runImpl(PlayerSay.java:84)
rlib.network.packets.AbstractReadeablePacket.run(AbstractReadeablePacket.java:175)
java.base/java.util.concurrent.ThreadPoolExecutor.runWorker(ThreadPoolExecutor.java:1128)
java.base/java.util.concurrent.ThreadPoolExecutor$Worker.run(ThreadPoolExecutor.java:628)
java.base/java.lang.Thread.run(Thread.java:830)

WARNING 00:17:03:667 ItemCommand: Exception : not create donate item for id 18555 : stack trace:
tera.gameserver.scripts.commands.ItemCommand.execution(ItemCommand.java:58)
tera.gameserver.manager.CommandManager.execute(CommandManager.java:74)
tera.gameserver.network.clientpackets.PlayerSay.runImpl(PlayerSay.java:84)
rlib.network.packets.AbstractReadeablePacket.run(AbstractReadeablePacket.java:175)
java.base/java.util.concurrent.ThreadPoolExecutor.runWorker(ThreadPoolExecutor.java:1128)
java.base/java.util.concurrent.ThreadPoolExecutor$Worker.run(ThreadPoolExecutor.java:628)
java.base/java.lang.Thread.run(Thread.java:830)

WARNING 00:20:19:113 ItemCommand: Exception : not create donate item for id 20134 : stack trace:
tera.gameserver.scripts.commands.ItemCommand.execution(ItemCommand.java:58)
tera.gameserver.manager.CommandManager.execute(CommandManager.java:74)
tera.gameserver.network.clientpackets.PlayerSay.runImpl(PlayerSay.java:84)
rlib.network.packets.AbstractReadeablePacket.run(AbstractReadeablePacket.java:175)
java.base/java.util.concurrent.ThreadPoolExecutor.runWorker(ThreadPoolExecutor.java:1128)
java.base/java.util.concurrent.ThreadPoolExecutor$Worker.run(ThreadPoolExecutor.java:628)
java.base/java.lang.Thread.run(Thread.java:830)

WARNING 00:32:52:784 CommandManager: NullPointerException : null : stack trace:
tera.gameserver.scripts.commands.WorldCommand.execution(WorldCommand.java:89)
tera.gameserver.manager.CommandManager.execute(CommandManager.java:74)
tera.gameserver.network.clientpackets.PlayerSay.runImpl(PlayerSay.java:84)
rlib.network.packets.AbstractReadeablePacket.run(AbstractReadeablePacket.java:175)
java.base/java.util.concurrent.ThreadPoolExecutor.runWorker(ThreadPoolExecutor.java:1128)
java.base/java.util.concurrent.ThreadPoolExecutor$Worker.run(ThreadPoolExecutor.java:628)
java.base/java.lang.Thread.run(Thread.java:830)

INFO 00:37:11:208 ItemTable: reloaded items.
INFO 00:37:19:567 ItemTable: reloaded items.
INFO 00:38:36:206 ItemTable: reloaded items.
INFO 00:39:07:561 ItemTable: reloaded items.
INFO 00:44:57:457 ItemTable: reloaded items.
INFO 00:45:31:946 ItemTable: reloaded items.
INFO 00:47:29:743 ItemTable: reloaded items.
INFO 00:49:23:356 ItemTable: reloaded items.
INFO 00:50:17:710 ItemTable: reloaded items.
INFO 00:52:13:264 ItemTable: reloaded items.
INFO 00:56:14:374 AccountManager: close islanzadie
INFO 00:56:23:295 AccountManager: close tsuka
