INFO 19:50:05:582 ServerControl: open server socket on 2101 port.
INFO 19:50:05:588 ExecutorManager: initialized.
INFO 19:50:05:909 CleaningManager: delete 0 reuses from a character_skill_reuses.
INFO 19:50:05:909 CleaningManager: delete 0 spawns from a boss_spawn.
INFO 19:50:05:910 CleaningManager: delete 0 appearances from a character_appearances.
INFO 19:50:05:911 CleaningManager: delete 0 effects from a character_save_effects.
INFO 19:50:05:912 CleaningManager: delete 0 inventors from a character_inventors.
INFO 19:50:05:912 CleaningManager: delete 0 skills from a character_skills.
INFO 19:50:05:913 CleaningManager: delete 0 hotkeys from a character_hotkey.
INFO 19:50:05:913 CleaningManager: delete 0 chars from a character_friends.
INFO 19:50:05:914 CleaningManager: delete 0 friends from a character_friends.
INFO 19:50:05:914 CleaningManager: delete 0 settings from a character_settings.
INFO 19:50:05:915 CleaningManager: delete 0 empty items from a items.
INFO 19:50:05:915 CleaningManager: delete 0 no owner items from a items.
INFO 19:50:05:916 CleaningManager: delete 0 no owner guild items from a items.
INFO 19:50:05:948 CleaningManager: create buffer table items.
INFO 19:50:05:949 CleaningManager: copy 81 items to buffer_items.
INFO 19:50:05:950 CleaningManager: delete 0 no owner items from a buffer_items.
INFO 19:50:05:957 CleaningManager: drop buffer table items.
INFO 19:50:05:958 CleaningManager: delete 0 from a quests.
INFO 19:50:05:958 CleaningManager: delete 0 from a quest variables.
INFO 19:50:05:959 CleaningManager: delete 0 from a guild ranks.
INFO 19:50:06:001 ClientPacketType: client packets prepared.
INFO 19:50:06:012 EffectParser: initialized.
INFO 19:50:06:014 RandomManager: initialized.
INFO 19:50:06:014 IdFactory: prepare npc ids...
INFO 19:50:06:016 BitSetIdGenerator: 102912 id's available.
INFO 19:50:06:016 IdFactory: prepare objects ids...
INFO 19:50:06:017 BitSetIdGenerator: 102912 id's available.
INFO 19:50:06:017 IdFactory: prepare players ids...
INFO 19:50:06:019 BitSetIdGenerator: extracted 7 ids.
INFO 19:50:06:020 BitSetIdGenerator: 102912 id's available.
INFO 19:50:06:020 IdFactory: prepare guilds ids...
INFO 19:50:06:021 BitSetIdGenerator: extracted 0 ids.
INFO 19:50:06:021 BitSetIdGenerator: 102912 id's available.
INFO 19:50:06:021 IdFactory: prepare item ids...
INFO 19:50:06:023 BitSetIdGenerator: extracted 81 ids.
INFO 19:50:06:023 BitSetIdGenerator: 102912 id's available.
INFO 19:50:06:033 ServerVarManager: loaded 0 variables.
INFO 19:50:06:036 BossSpawnManager: loaded 0 boss spawns.
WARNING 19:50:06:054 TerritoryType: InvocationTargetException : null : stack trace:
java.base/jdk.internal.reflect.NativeConstructorAccessorImpl.newInstance0(Native Method)
java.base/jdk.internal.reflect.NativeConstructorAccessorImpl.newInstance(NativeConstructorAccessorImpl.java:62)
java.base/jdk.internal.reflect.DelegatingConstructorAccessorImpl.newInstance(DelegatingConstructorAccessorImpl.java:45)
java.base/java.lang.reflect.Constructor.newInstanceWithCaller(Constructor.java:500)
java.base/java.lang.reflect.Constructor.newInstance(Constructor.java:481)
tera.gameserver.model.territory.TerritoryType.newInstance(TerritoryType.java:54)
tera.gameserver.document.DocumentTerritory.parse(DocumentTerritory.java:49)
rlib.data.AbstractDocument.parse(AbstractDocument.java:67)
tera.gameserver.tables.TerritoryTable.<init>(TerritoryTable.java:56)
tera.gameserver.tables.TerritoryTable.getInstance(TerritoryTable.java:34)
tera.gameserver.GameServer.run(GameServer.java:209)

WARNING 19:50:06:055 DocumentTerritory: incorrect file .\data\territories.xml
WARNING 19:50:06:055 DocumentTerritory: IllegalArgumentException : Incorrect creating LOCAL_TERRITORY : stack trace:
tera.gameserver.model.territory.TerritoryType.newInstance(TerritoryType.java:61)
tera.gameserver.document.DocumentTerritory.parse(DocumentTerritory.java:49)
rlib.data.AbstractDocument.parse(AbstractDocument.java:67)
tera.gameserver.tables.TerritoryTable.<init>(TerritoryTable.java:56)
tera.gameserver.tables.TerritoryTable.getInstance(TerritoryTable.java:34)
tera.gameserver.GameServer.run(GameServer.java:209)

INFO 19:50:06:056 TerritoryTable: loaded 0 territories for 0 regions.
INFO 19:50:06:736 WorldZoneTable: loaded 12 world zones for 31986 regions.
INFO 19:50:06:737 ConditionParser: initializable.
WARNING 19:50:07:088 SkillTable: detected once the file C:\Users\jorou\Downloads\TeraOnlineServer_Shock_1732\gameserver\.\data\skills\summon_skills\deprecated.zip
INFO 19:50:07:109 SkillTable: loaded 4613 skills for 19 classes.
INFO 19:50:07:510 ItemTable: loaded 10138 items.
INFO 19:50:07:520 Race: race appearances initializable.
INFO 19:50:07:529 PlayerTable: loaded 104 player templates.
INFO 19:50:07:763 DropTable: load drop for 407 npcs and 126 for resourse.
INFO 19:50:07:771 TownTable: initialized.
WARNING 19:50:07:793 NpcDialogTable: detected once the file C:\Users\jorou\Downloads\TeraOnlineServer_Shock_1732\gameserver\.\data\dialogs\dialogs.txt
WARNING 19:50:07:802 ReplyTeleport: not found territory for name Leander's Outpost
WARNING 19:50:07:802 ReplyTeleport: not found territory for name Tainted Gorge
WARNING 19:50:07:804 DocumentDialog: InvocationTargetException : null : stack trace:
java.base/jdk.internal.reflect.NativeConstructorAccessorImpl.newInstance0(Native Method)
java.base/jdk.internal.reflect.NativeConstructorAccessorImpl.newInstance(NativeConstructorAccessorImpl.java:62)
java.base/jdk.internal.reflect.DelegatingConstructorAccessorImpl.newInstance(DelegatingConstructorAccessorImpl.java:45)
java.base/java.lang.reflect.Constructor.newInstanceWithCaller(Constructor.java:500)
java.base/java.lang.reflect.Constructor.newInstance(Constructor.java:481)
tera.gameserver.document.DocumentDialog.parseLink(DocumentDialog.java:64)
tera.gameserver.document.DocumentDialog.parseNpc(DocumentDialog.java:136)
tera.gameserver.document.DocumentDialog.parse(DocumentDialog.java:99)
rlib.data.AbstractDocument.parse(AbstractDocument.java:67)
tera.gameserver.tables.NpcDialogTable.<init>(NpcDialogTable.java:63)
tera.gameserver.tables.NpcDialogTable.getInstance(NpcDialogTable.java:32)
tera.gameserver.GameServer.run(GameServer.java:220)

WARNING 19:50:07:805 ReplyTeleport: not found territory for name Maon's Cabin
WARNING 19:50:07:806 ReplyTeleport: not found territory for name Faevine Vale Camp
WARNING 19:50:07:806 ReplyTeleport: not found territory for name Bulwark Camp
WARNING 19:50:07:807 ReplyTeleport: not found territory for name Vanguard Outpost
WARNING 19:50:07:807 ReplyTeleport: not found territory for name Casidhe's Stand
WARNING 19:50:07:807 ReplyTeleport: not found territory for name Sanctum Mysterium
WARNING 19:50:07:808 ReplyTeleport: not found territory for name Marshlands
WARNING 19:50:07:808 ReplyTeleport: not found territory for name Tuwangi Garrison
WARNING 19:50:07:808 ReplyTeleport: not found territory for name Echo Ranch
WARNING 19:50:07:809 ReplyTeleport: not found territory for name Vindicator Camp
WARNING 19:50:07:809 ReplyTeleport: not found territory for name Two Oaks Ranch
WARNING 19:50:07:810 DocumentDialog: InvocationTargetException : null : stack trace:
java.base/jdk.internal.reflect.NativeConstructorAccessorImpl.newInstance0(Native Method)
java.base/jdk.internal.reflect.NativeConstructorAccessorImpl.newInstance(NativeConstructorAccessorImpl.java:62)
java.base/jdk.internal.reflect.DelegatingConstructorAccessorImpl.newInstance(DelegatingConstructorAccessorImpl.java:45)
java.base/java.lang.reflect.Constructor.newInstanceWithCaller(Constructor.java:500)
java.base/java.lang.reflect.Constructor.newInstance(Constructor.java:481)
tera.gameserver.document.DocumentDialog.parseLink(DocumentDialog.java:64)
tera.gameserver.document.DocumentDialog.parseNpc(DocumentDialog.java:136)
tera.gameserver.document.DocumentDialog.parse(DocumentDialog.java:99)
rlib.data.AbstractDocument.parse(AbstractDocument.java:67)
tera.gameserver.tables.NpcDialogTable.<init>(NpcDialogTable.java:63)
tera.gameserver.tables.NpcDialogTable.getInstance(NpcDialogTable.java:32)
tera.gameserver.GameServer.run(GameServer.java:220)

WARNING 19:50:07:812 ReplyTeleport: not found territory for name Maon's Cabin
WARNING 19:50:07:813 ReplyTeleport: not found territory for name Faevine Vale Camp
WARNING 19:50:07:813 ReplyTeleport: not found territory for name Bulwark Camp
WARNING 19:50:07:814 ReplyTeleport: not found territory for name Vanguard Outpost
WARNING 19:50:07:814 ReplyTeleport: not found territory for name Casidhe's Stand
WARNING 19:50:07:815 ReplyTeleport: not found territory for name Sanctum Mysterium
WARNING 19:50:07:815 ReplyTeleport: not found territory for name Marshlands
WARNING 19:50:07:815 ReplyTeleport: not found territory for name Tuwangi Garrison
WARNING 19:50:07:816 ReplyTeleport: not found territory for name Echo Ranch
WARNING 19:50:07:816 ReplyTeleport: not found territory for name Vindicator Camp
WARNING 19:50:07:816 ReplyTeleport: not found territory for name Two Oaks Ranch
WARNING 19:50:07:817 DocumentDialog: InvocationTargetException : null : stack trace:
java.base/jdk.internal.reflect.NativeConstructorAccessorImpl.newInstance0(Native Method)
java.base/jdk.internal.reflect.NativeConstructorAccessorImpl.newInstance(NativeConstructorAccessorImpl.java:62)
java.base/jdk.internal.reflect.DelegatingConstructorAccessorImpl.newInstance(DelegatingConstructorAccessorImpl.java:45)
java.base/java.lang.reflect.Constructor.newInstanceWithCaller(Constructor.java:500)
java.base/java.lang.reflect.Constructor.newInstance(Constructor.java:481)
tera.gameserver.document.DocumentDialog.parseLink(DocumentDialog.java:64)
tera.gameserver.document.DocumentDialog.parseNpc(DocumentDialog.java:136)
tera.gameserver.document.DocumentDialog.parse(DocumentDialog.java:99)
rlib.data.AbstractDocument.parse(AbstractDocument.java:67)
tera.gameserver.tables.NpcDialogTable.<init>(NpcDialogTable.java:63)
tera.gameserver.tables.NpcDialogTable.getInstance(NpcDialogTable.java:32)
tera.gameserver.GameServer.run(GameServer.java:220)

WARNING 19:50:07:818 ReplyTeleport: not found territory for name Desert Research Station
WARNING 19:50:07:818 ReplyTeleport: not found territory for name Barrens Outpost
WARNING 19:50:07:819 ReplyTeleport: not found territory for name Velik's Vigil
WARNING 19:50:07:820 ReplyTeleport: not found territory for name Lee's End Stead
WARNING 19:50:07:820 ReplyTeleport: not found territory for name Desert Overwatch
WARNING 19:50:07:820 ReplyTeleport: not found territory for name Camp Marrakeen
WARNING 19:50:07:821 ReplyTeleport: not found territory for name Sietch Bidaum
WARNING 19:50:07:822 ReplyTeleport: not found territory for name West Watchpost
WARNING 19:50:07:822 ReplyTeleport: not found territory for name Sandwalker Refuge
WARNING 19:50:07:822 ReplyTeleport: not found territory for name Torrent Outpost
WARNING 19:50:07:823 ReplyTeleport: not found territory for name Crusader Camp
WARNING 19:50:07:823 ReplyTeleport: not found territory for name Cathedral Redoubt
WARNING 19:50:07:824 DocumentDialog: InvocationTargetException : null : stack trace:
java.base/jdk.internal.reflect.NativeConstructorAccessorImpl.newInstance0(Native Method)
java.base/jdk.internal.reflect.NativeConstructorAccessorImpl.newInstance(NativeConstructorAccessorImpl.java:62)
java.base/jdk.internal.reflect.DelegatingConstructorAccessorImpl.newInstance(DelegatingConstructorAccessorImpl.java:45)
java.base/java.lang.reflect.Constructor.newInstanceWithCaller(Constructor.java:500)
java.base/java.lang.reflect.Constructor.newInstance(Constructor.java:481)
tera.gameserver.document.DocumentDialog.parseLink(DocumentDialog.java:64)
tera.gameserver.document.DocumentDialog.parseNpc(DocumentDialog.java:136)
tera.gameserver.document.DocumentDialog.parse(DocumentDialog.java:99)
rlib.data.AbstractDocument.parse(AbstractDocument.java:67)
tera.gameserver.tables.NpcDialogTable.<init>(NpcDialogTable.java:63)
tera.gameserver.tables.NpcDialogTable.getInstance(NpcDialogTable.java:32)
tera.gameserver.GameServer.run(GameServer.java:220)

WARNING 19:50:07:825 ReplyTeleport: not found territory for name Desert Research Station
WARNING 19:50:07:825 ReplyTeleport: not found territory for name Barrens Outpost
WARNING 19:50:07:825 ReplyTeleport: not found territory for name Velik's Vigil
WARNING 19:50:07:827 ReplyTeleport: not found territory for name Lee's End Stead
WARNING 19:50:07:828 ReplyTeleport: not found territory for name Desert Overwatch
WARNING 19:50:07:830 ReplyTeleport: not found territory for name Camp Marrakeen
WARNING 19:50:07:830 ReplyTeleport: not found territory for name Sietch Bidaum
WARNING 19:50:07:831 ReplyTeleport: not found territory for name West Watchpost
WARNING 19:50:07:831 ReplyTeleport: not found territory for name Sandwalker Refuge
WARNING 19:50:07:832 ReplyTeleport: not found territory for name Torrent Outpost
WARNING 19:50:07:832 ReplyTeleport: not found territory for name Crusader Camp
WARNING 19:50:07:832 ReplyTeleport: not found territory for name Cathedral Redoubt
WARNING 19:50:07:833 DocumentDialog: InvocationTargetException : null : stack trace:
java.base/jdk.internal.reflect.NativeConstructorAccessorImpl.newInstance0(Native Method)
java.base/jdk.internal.reflect.NativeConstructorAccessorImpl.newInstance(NativeConstructorAccessorImpl.java:62)
java.base/jdk.internal.reflect.DelegatingConstructorAccessorImpl.newInstance(DelegatingConstructorAccessorImpl.java:45)
java.base/java.lang.reflect.Constructor.newInstanceWithCaller(Constructor.java:500)
java.base/java.lang.reflect.Constructor.newInstance(Constructor.java:481)
tera.gameserver.document.DocumentDialog.parseLink(DocumentDialog.java:64)
tera.gameserver.document.DocumentDialog.parseNpc(DocumentDialog.java:136)
tera.gameserver.document.DocumentDialog.parse(DocumentDialog.java:99)
rlib.data.AbstractDocument.parse(AbstractDocument.java:67)
tera.gameserver.tables.NpcDialogTable.<init>(NpcDialogTable.java:63)
tera.gameserver.tables.NpcDialogTable.getInstance(NpcDialogTable.java:32)
tera.gameserver.GameServer.run(GameServer.java:220)

WARNING 19:50:07:834 ReplyTeleport: not found territory for name Cauldron Outpost
WARNING 19:50:07:834 ReplyTeleport: not found territory for name Firebase Intrepid
WARNING 19:50:07:835 ReplyTeleport: not found territory for name Firebase Valor
WARNING 19:50:07:835 DocumentDialog: InvocationTargetException : null : stack trace:
java.base/jdk.internal.reflect.NativeConstructorAccessorImpl.newInstance0(Native Method)
java.base/jdk.internal.reflect.NativeConstructorAccessorImpl.newInstance(NativeConstructorAccessorImpl.java:62)
java.base/jdk.internal.reflect.DelegatingConstructorAccessorImpl.newInstance(DelegatingConstructorAccessorImpl.java:45)
java.base/java.lang.reflect.Constructor.newInstanceWithCaller(Constructor.java:500)
java.base/java.lang.reflect.Constructor.newInstance(Constructor.java:481)
tera.gameserver.document.DocumentDialog.parseLink(DocumentDialog.java:64)
tera.gameserver.document.DocumentDialog.parseNpc(DocumentDialog.java:136)
tera.gameserver.document.DocumentDialog.parse(DocumentDialog.java:99)
rlib.data.AbstractDocument.parse(AbstractDocument.java:67)
tera.gameserver.tables.NpcDialogTable.<init>(NpcDialogTable.java:63)
tera.gameserver.tables.NpcDialogTable.getInstance(NpcDialogTable.java:32)
tera.gameserver.GameServer.run(GameServer.java:220)

WARNING 19:50:07:836 ReplyTeleport: not found territory for name Runicar Research Camp
WARNING 19:50:07:836 ReplyTeleport: not found territory for name Alethea's Last Hope
WARNING 19:50:07:837 ReplyTeleport: not found territory for name Camp Retrebution
WARNING 19:50:07:838 ReplyTeleport: not found territory for name Camp Vigilance
WARNING 19:50:07:838 ReplyTeleport: not found territory for name Embattled Outpost
WARNING 19:50:07:838 ReplyTeleport: not found territory for name Gloomy Outpost
WARNING 19:50:07:839 ReplyTeleport: not found territory for name Spirit Outpost
WARNING 19:50:07:839 ReplyTeleport: not found territory for name Emergency Camp
WARNING 19:50:07:840 ReplyTeleport: not found territory for name Valkyon Federation Camp
WARNING 19:50:07:841 DocumentDialog: InvocationTargetException : null : stack trace:
java.base/jdk.internal.reflect.NativeConstructorAccessorImpl.newInstance0(Native Method)
java.base/jdk.internal.reflect.NativeConstructorAccessorImpl.newInstance(NativeConstructorAccessorImpl.java:62)
java.base/jdk.internal.reflect.DelegatingConstructorAccessorImpl.newInstance(DelegatingConstructorAccessorImpl.java:45)
java.base/java.lang.reflect.Constructor.newInstanceWithCaller(Constructor.java:500)
java.base/java.lang.reflect.Constructor.newInstance(Constructor.java:481)
tera.gameserver.document.DocumentDialog.parseLink(DocumentDialog.java:64)
tera.gameserver.document.DocumentDialog.parseNpc(DocumentDialog.java:136)
tera.gameserver.document.DocumentDialog.parse(DocumentDialog.java:99)
rlib.data.AbstractDocument.parse(AbstractDocument.java:67)
tera.gameserver.tables.NpcDialogTable.<init>(NpcDialogTable.java:63)
tera.gameserver.tables.NpcDialogTable.getInstance(NpcDialogTable.java:32)
tera.gameserver.GameServer.run(GameServer.java:220)

WARNING 19:50:07:842 ReplyTeleport: not found territory for name Runicar Research Camp
WARNING 19:50:07:843 ReplyTeleport: not found territory for name Alethea's Last Hope
WARNING 19:50:07:845 ReplyTeleport: not found territory for name Camp Retrebution
WARNING 19:50:07:846 ReplyTeleport: not found territory for name Camp Vigilance
WARNING 19:50:07:847 ReplyTeleport: not found territory for name Embattled Outpost
WARNING 19:50:07:847 ReplyTeleport: not found territory for name Gloomy Outpost
WARNING 19:50:07:848 ReplyTeleport: not found territory for name Spirit Outpost
WARNING 19:50:07:848 ReplyTeleport: not found territory for name Emergency Camp
WARNING 19:50:07:848 ReplyTeleport: not found territory for name Valkyon Federation Camp
WARNING 19:50:07:849 DocumentDialog: InvocationTargetException : null : stack trace:
java.base/jdk.internal.reflect.NativeConstructorAccessorImpl.newInstance0(Native Method)
java.base/jdk.internal.reflect.NativeConstructorAccessorImpl.newInstance(NativeConstructorAccessorImpl.java:62)
java.base/jdk.internal.reflect.DelegatingConstructorAccessorImpl.newInstance(DelegatingConstructorAccessorImpl.java:45)
java.base/java.lang.reflect.Constructor.newInstanceWithCaller(Constructor.java:500)
java.base/java.lang.reflect.Constructor.newInstance(Constructor.java:481)
tera.gameserver.document.DocumentDialog.parseLink(DocumentDialog.java:64)
tera.gameserver.document.DocumentDialog.parseNpc(DocumentDialog.java:136)
tera.gameserver.document.DocumentDialog.parse(DocumentDialog.java:99)
rlib.data.AbstractDocument.parse(AbstractDocument.java:67)
tera.gameserver.tables.NpcDialogTable.<init>(NpcDialogTable.java:63)
tera.gameserver.tables.NpcDialogTable.getInstance(NpcDialogTable.java:32)
tera.gameserver.GameServer.run(GameServer.java:220)

WARNING 19:50:07:849 ReplyTeleport: not found territory for name Quarantine Zone Research Center
WARNING 19:50:07:850 DocumentDialog: InvocationTargetException : null : stack trace:
java.base/jdk.internal.reflect.NativeConstructorAccessorImpl.newInstance0(Native Method)
java.base/jdk.internal.reflect.NativeConstructorAccessorImpl.newInstance(NativeConstructorAccessorImpl.java:62)
java.base/jdk.internal.reflect.DelegatingConstructorAccessorImpl.newInstance(DelegatingConstructorAccessorImpl.java:45)
java.base/java.lang.reflect.Constructor.newInstanceWithCaller(Constructor.java:500)
java.base/java.lang.reflect.Constructor.newInstance(Constructor.java:481)
tera.gameserver.document.DocumentDialog.parseLink(DocumentDialog.java:64)
tera.gameserver.document.DocumentDialog.parseNpc(DocumentDialog.java:136)
tera.gameserver.document.DocumentDialog.parse(DocumentDialog.java:99)
rlib.data.AbstractDocument.parse(AbstractDocument.java:67)
tera.gameserver.tables.NpcDialogTable.<init>(NpcDialogTable.java:63)
tera.gameserver.tables.NpcDialogTable.getInstance(NpcDialogTable.java:32)
tera.gameserver.GameServer.run(GameServer.java:220)

WARNING 19:50:07:850 ReplyTeleport: not found territory for name Stronghold Camp
WARNING 19:50:07:851 ReplyTeleport: not found territory for name Camp Curiosity
WARNING 19:50:07:851 ReplyTeleport: not found territory for name Camp Sagacity
WARNING 19:50:07:851 ReplyTeleport: not found territory for name Camp Sunlight
WARNING 19:50:07:852 DocumentDialog: InvocationTargetException : null : stack trace:
java.base/jdk.internal.reflect.NativeConstructorAccessorImpl.newInstance0(Native Method)
java.base/jdk.internal.reflect.NativeConstructorAccessorImpl.newInstance(NativeConstructorAccessorImpl.java:62)
java.base/jdk.internal.reflect.DelegatingConstructorAccessorImpl.newInstance(DelegatingConstructorAccessorImpl.java:45)
java.base/java.lang.reflect.Constructor.newInstanceWithCaller(Constructor.java:500)
java.base/java.lang.reflect.Constructor.newInstance(Constructor.java:481)
tera.gameserver.document.DocumentDialog.parseLink(DocumentDialog.java:64)
tera.gameserver.document.DocumentDialog.parseNpc(DocumentDialog.java:136)
tera.gameserver.document.DocumentDialog.parse(DocumentDialog.java:99)
rlib.data.AbstractDocument.parse(AbstractDocument.java:67)
tera.gameserver.tables.NpcDialogTable.<init>(NpcDialogTable.java:63)
tera.gameserver.tables.NpcDialogTable.getInstance(NpcDialogTable.java:32)
tera.gameserver.GameServer.run(GameServer.java:220)

INFO 19:50:07:875 NpcDialogTable: loaded 87 dialogs.
INFO 19:50:07:886 MessagePackageTable: loaded 34 message packages.
INFO 19:50:07:927 ConfigAITable: loaded 45 npc ai configs.
INFO 19:50:07:940 NpcAppearanceTable: initialized. Loaded 59 appearances.
WARNING 19:50:08:089 NpcTable: detected once the file C:\Users\jorou\Downloads\TeraOnlineServer_Shock_1732\gameserver\.\data\npcs\summons\playable_summons.zip
INFO 19:50:08:099 NpcTable: loaded  816 npcs.
INFO 19:50:08:110 ResourseTable: loaded  253 resourses.
INFO 19:50:08:118 MinionTable: loaded 303 minions for 42 npcs.
INFO 19:50:08:119 RegenTaskManager: initializable.
INFO 19:50:08:124 Formulas: initialized.
INFO 19:50:08:127 EffectTaskManager: initialized.
INFO 19:50:08:414 ObjectEventManager: initialized.
INFO 19:50:08:414 MoveTaskManager: initialized.
INFO 19:50:08:797 SpawnTable: loaded 19515 spawns for 617 npcs and 2013 spawns for 60 resourses.
INFO 19:50:08:843 GeoMap3D: start fast import geodata_1.dat
INFO 19:50:09:028 GeoMap3D: import ended. load 1867238 quards.
INFO 19:50:09:029 GeoMap3D: start fast import geodata_2.dat
INFO 19:50:09:086 GeoMap3D: import ended. load 440227 quards.
INFO 19:50:09:087 GeoMap3D: start fast import geodata_3.dat
INFO 19:50:09:107 GeoMap3D: import ended. load 58040 quards.
INFO 19:50:09:108 GeoManager: initialized.
INFO 19:50:09:110 ItemExecutorManager: loaded 0 executor items.
INFO 19:50:09:121 CommandManager: loaded 94 commands.
INFO 19:50:09:141 SkillLearnManager: loaded 950 skill learn's for 8 clases.
INFO 19:50:09:148 AnnounceManager: loaded 0 start announces and 0 running announces.
INFO 19:50:09:150 AccountManager: initialized.
INFO 19:50:09:152 GuildManager: loaded 0 guilds.
INFO 19:50:09:392 QuestManager: loaded 455 quests.
INFO 19:50:09:395 OnlineManager: initialized.
INFO 19:50:09:400 GameLogManager: initialized.
WARNING 19:50:09:414 DocumentRegionWar: not found territory for 400
WARNING 19:50:09:415 DocumentRegionWar: not found territory for 401
WARNING 19:50:09:416 DocumentRegionWar: not found territory for 402
WARNING 19:50:09:417 DocumentRegionWar: not found territory for 403
INFO 19:50:09:420 EventManager: loaded 5 events.
INFO 19:50:09:533 EventManager: the nearest event in 51 minutes.
INFO 19:50:09:537 PlayerManager: initialized.
INFO 19:50:09:548 Network: started.
INFO 19:50:09:549 GameServer: started.
INFO 19:50:50:858 AccountManager: authed islanzadie
INFO 20:03:41:179 AccountManager: close islanzadie
