INFO 09:34:57:434 ServerControl: open server socket on 2101 port.
INFO 09:34:57:441 ExecutorManager: initialized.
INFO 09:34:57:811 CleaningManager: delete 0 reuses from a character_skill_reuses.
INFO 09:34:57:812 CleaningManager: delete 0 spawns from a boss_spawn.
INFO 09:34:57:812 CleaningManager: delete 0 appearances from a character_appearances.
INFO 09:34:57:813 CleaningManager: delete 0 effects from a character_save_effects.
INFO 09:34:57:813 CleaningManager: delete 0 inventors from a character_inventors.
INFO 09:34:57:814 CleaningManager: delete 0 skills from a character_skills.
INFO 09:34:57:814 CleaningManager: delete 0 hotkeys from a character_hotkey.
INFO 09:34:57:815 CleaningManager: delete 0 chars from a character_friends.
INFO 09:34:57:816 CleaningManager: delete 0 friends from a character_friends.
INFO 09:34:57:816 CleaningManager: delete 0 settings from a character_settings.
INFO 09:34:57:817 CleaningManager: delete 17 empty items from a items.
INFO 09:34:57:818 CleaningManager: delete 0 no owner items from a items.
INFO 09:34:57:819 CleaningManager: delete 0 no owner guild items from a items.
INFO 09:34:57:855 CleaningManager: create buffer table items.
INFO 09:34:57:858 CleaningManager: copy 83 items to buffer_items.
INFO 09:34:57:859 CleaningManager: delete 0 no owner items from a buffer_items.
INFO 09:34:57:872 CleaningManager: drop buffer table items.
INFO 09:34:57:872 CleaningManager: delete 0 from a quests.
INFO 09:34:57:873 CleaningManager: delete 0 from a quest variables.
INFO 09:34:57:874 CleaningManager: delete 0 from a guild ranks.
INFO 09:34:57:922 ClientPacketType: client packets prepared.
INFO 09:34:57:933 EffectParser: initialized.
INFO 09:34:57:937 RandomManager: initialized.
INFO 09:34:57:937 IdFactory: prepare npc ids...
INFO 09:34:57:939 BitSetIdGenerator: 102912 id's available.
INFO 09:34:57:939 IdFactory: prepare objects ids...
INFO 09:34:57:940 BitSetIdGenerator: 102912 id's available.
INFO 09:34:57:940 IdFactory: prepare players ids...
INFO 09:34:57:942 BitSetIdGenerator: extracted 7 ids.
INFO 09:34:57:943 BitSetIdGenerator: 102912 id's available.
INFO 09:34:57:943 IdFactory: prepare guilds ids...
INFO 09:34:57:944 BitSetIdGenerator: extracted 0 ids.
INFO 09:34:57:944 BitSetIdGenerator: 102912 id's available.
INFO 09:34:57:944 IdFactory: prepare item ids...
INFO 09:34:57:946 BitSetIdGenerator: extracted 83 ids.
INFO 09:34:57:946 BitSetIdGenerator: 102912 id's available.
INFO 09:34:57:958 ServerVarManager: loaded 0 variables.
INFO 09:34:57:960 BossSpawnManager: loaded 0 boss spawns.
INFO 09:34:58:600 TerritoryTable: loaded 160 territories for 18803 regions.
INFO 09:34:59:962 WorldZoneTable: loaded 12 world zones for 31986 regions.
INFO 09:34:59:964 ConditionParser: initializable.
WARNING 09:35:00:472 SkillTable: detected once the file C:\Users\jorou\Downloads\TeraOnlineServer_Shock_1732\gameserver\.\data\skills\summon_skills\deprecated.zip
INFO 09:35:00:497 SkillTable: loaded 4613 skills for 19 classes.
INFO 09:35:00:965 ItemTable: loaded 10138 items.
INFO 09:35:00:978 Race: race appearances initializable.
INFO 09:35:00:985 PlayerTable: loaded 104 player templates.
WARNING 09:35:01:198 DropTable: not found items [50048]
INFO 09:35:01:198 DropTable: load drop for 407 npcs and 126 for resourse.
INFO 09:35:01:206 TownTable: initialized.
WARNING 09:35:01:237 NpcDialogTable: detected once the file C:\Users\jorou\Downloads\TeraOnlineServer_Shock_1732\gameserver\.\data\dialogs\dialogs.txt
INFO 09:35:01:266 NpcDialogTable: loaded 87 dialogs.
INFO 09:35:01:278 MessagePackageTable: loaded 34 message packages.
INFO 09:35:01:307 ConfigAITable: loaded 45 npc ai configs.
INFO 09:35:01:317 NpcAppearanceTable: initialized. Loaded 59 appearances.
WARNING 09:35:01:439 NpcTable: detected once the file C:\Users\jorou\Downloads\TeraOnlineServer_Shock_1732\gameserver\.\data\npcs\summons\playable_summons.zip
INFO 09:35:01:448 NpcTable: loaded  816 npcs.
INFO 09:35:01:461 ResourseTable: loaded  253 resourses.
INFO 09:35:01:472 MinionTable: loaded 303 minions for 42 npcs.
INFO 09:35:01:473 RegenTaskManager: initializable.
INFO 09:35:01:478 Formulas: initialized.
INFO 09:35:01:480 EffectTaskManager: initialized.
INFO 09:35:01:819 ObjectEventManager: initialized.
INFO 09:35:01:820 MoveTaskManager: initialized.
INFO 09:35:02:274 SpawnTable: loaded 19515 spawns for 617 npcs and 2013 spawns for 60 resourses.
INFO 09:35:02:283 GeoMap3D: start fast import geodata_1.dat
INFO 09:35:02:579 GeoMap3D: import ended. load 1867238 quards.
INFO 09:35:02:591 GeoMap3D: start fast import geodata_2.dat
INFO 09:35:02:658 GeoMap3D: import ended. load 440227 quards.
INFO 09:35:02:659 GeoMap3D: start fast import geodata_3.dat
INFO 09:35:02:689 GeoMap3D: import ended. load 58040 quards.
INFO 09:35:02:690 GeoManager: initialized.
INFO 09:35:02:694 ItemExecutorManager: loaded 0 executor items.
INFO 09:35:02:713 CommandManager: loaded 94 commands.
INFO 09:35:02:731 SkillLearnManager: loaded 950 skill learn's for 8 clases.
INFO 09:35:02:737 AnnounceManager: loaded 0 start announces and 0 running announces.
INFO 09:35:02:739 AccountManager: initialized.
INFO 09:35:02:742 GuildManager: loaded 0 guilds.
INFO 09:35:03:106 QuestManager: loaded 455 quests.
INFO 09:35:03:109 OnlineManager: initialized.
INFO 09:35:03:122 GameLogManager: initialized.
INFO 09:35:03:226 Region: next battle "Veritas District" in 2020.06.28 16:00.
INFO 09:35:03:231 Region: next battle "Ostgarath" in 2020.06.28 16:00.
INFO 09:35:03:234 Region: next battle "Val Palrada" in 2020.06.27 20:00.
INFO 09:35:03:239 Region: next battle "Val Aureum" in 2020.06.27 20:00.
INFO 09:35:03:239 EventManager: loaded 5 events.
INFO 09:35:03:363 EventManager: the nearest event in 31 minutes.
INFO 09:35:03:367 PlayerManager: initialized.
INFO 09:35:03:375 Network: started.
INFO 09:35:03:375 GameServer: started.
INFO 09:35:06:931 AccountManager: authed islanzadie
INFO 11:50:05:705 AccountManager: authed Joalin
WARNING 12:15:43:849 CommandManager: NullPointerException : null : stack trace:
tera.gameserver.scripts.commands.WorldCommand.execution(WorldCommand.java:89)
tera.gameserver.manager.CommandManager.execute(CommandManager.java:74)
tera.gameserver.network.clientpackets.PlayerSay.runImpl(PlayerSay.java:84)
rlib.network.packets.AbstractReadeablePacket.run(AbstractReadeablePacket.java:175)
java.base/java.util.concurrent.ThreadPoolExecutor.runWorker(ThreadPoolExecutor.java:1128)
java.base/java.util.concurrent.ThreadPoolExecutor$Worker.run(ThreadPoolExecutor.java:628)
java.base/java.lang.Thread.run(Thread.java:830)

WARNING 12:15:51:583 CommandManager: NullPointerException : null : stack trace:
tera.gameserver.scripts.commands.WorldCommand.execution(WorldCommand.java:89)
tera.gameserver.manager.CommandManager.execute(CommandManager.java:74)
tera.gameserver.network.clientpackets.PlayerSay.runImpl(PlayerSay.java:84)
rlib.network.packets.AbstractReadeablePacket.run(AbstractReadeablePacket.java:175)
java.base/java.util.concurrent.ThreadPoolExecutor.runWorker(ThreadPoolExecutor.java:1128)
java.base/java.util.concurrent.ThreadPoolExecutor$Worker.run(ThreadPoolExecutor.java:628)
java.base/java.lang.Thread.run(Thread.java:830)

WARNING 12:15:59:689 CommandManager: NullPointerException : null : stack trace:
tera.gameserver.scripts.commands.WorldCommand.execution(WorldCommand.java:89)
tera.gameserver.manager.CommandManager.execute(CommandManager.java:74)
tera.gameserver.network.clientpackets.PlayerSay.runImpl(PlayerSay.java:84)
rlib.network.packets.AbstractReadeablePacket.run(AbstractReadeablePacket.java:175)
java.base/java.util.concurrent.ThreadPoolExecutor.runWorker(ThreadPoolExecutor.java:1128)
java.base/java.util.concurrent.ThreadPoolExecutor$Worker.run(ThreadPoolExecutor.java:628)
java.base/java.lang.Thread.run(Thread.java:830)

WARNING 12:16:04:221 CommandManager: NullPointerException : null : stack trace:
tera.gameserver.scripts.commands.WorldCommand.execution(WorldCommand.java:89)
tera.gameserver.manager.CommandManager.execute(CommandManager.java:74)
tera.gameserver.network.clientpackets.PlayerSay.runImpl(PlayerSay.java:84)
rlib.network.packets.AbstractReadeablePacket.run(AbstractReadeablePacket.java:175)
java.base/java.util.concurrent.ThreadPoolExecutor.runWorker(ThreadPoolExecutor.java:1128)
java.base/java.util.concurrent.ThreadPoolExecutor$Worker.run(ThreadPoolExecutor.java:628)
java.base/java.lang.Thread.run(Thread.java:830)

WARNING 12:16:07:160 CommandManager: NullPointerException : null : stack trace:
tera.gameserver.scripts.commands.WorldCommand.execution(WorldCommand.java:89)
tera.gameserver.manager.CommandManager.execute(CommandManager.java:74)
tera.gameserver.network.clientpackets.PlayerSay.runImpl(PlayerSay.java:84)
rlib.network.packets.AbstractReadeablePacket.run(AbstractReadeablePacket.java:175)
java.base/java.util.concurrent.ThreadPoolExecutor.runWorker(ThreadPoolExecutor.java:1128)
java.base/java.util.concurrent.ThreadPoolExecutor$Worker.run(ThreadPoolExecutor.java:628)
java.base/java.lang.Thread.run(Thread.java:830)

INFO 12:54:30:582 AccountManager: close Joalin
INFO 13:15:05:216 AccountManager: close islanzadie
INFO 13:17:13:855 AccountManager: authed Joalin
INFO 13:37:57:880 AccountManager: close Joalin
