#
# There is insufficient memory for the Java Runtime Environment to continue.
# Native memory allocation (malloc) failed to allocate 2937840 bytes for Chunk::new
# Possible reasons:
#   The system is out of physical RAM or swap space
#   The process is running with CompressedOops enabled, and the Java Heap may be blocking the growth of the native heap
# Possible solutions:
#   Reduce memory load on the system
#   Increase physical memory or swap space
#   Check if swap backing store is full
#   Decrease Java heap size (-Xmx/-Xms)
#   Decrease number of Java threads
#   Decrease Java thread stack sizes (-Xss)
#   Set larger code cache with -XX:ReservedCodeCacheSize=
#   JVM is running with Zero Based Compressed Oops mode in which the Java heap is
#     placed in the first 32GB address space. The Java Heap base address is the
#     maximum limit for the native heap growth. Please use -XX:HeapBaseMinAddress
#     to set the Java Heap base and to place the Java Heap above 32GB virtual address.
# This output file may be truncated or incomplete.
#
#  Out of Memory Error (t:/workspace/open/src/hotspot/share/memory/arena.cpp:196), pid=2104, tid=3228
#
# JRE version: Java(TM) SE Runtime Environment (13.0.2+8) (build 13.0.2+8)
# Java VM: Java HotSpot(TM) 64-Bit Server VM (13.0.2+8, mixed mode, sharing, tiered, compressed oops, serial gc, windows-amd64)
# Core dump will be written. Default location: C:\Users\Administrator\Documents\GitHub\TeraOnlineServer_Shock_1732\gameserver\hs_err_pid2104.mdmp
#

---------------  S U M M A R Y ------------

Command Line: -Dclient.encoding.override=UTF-8 -Dfile.encoding=UTF-8 -Djavax.management.builder.initial= -XX:-UseParallelGC -Xmx4098m tera.gameserver.GameServer

Host: Intel Core Processor (Haswell, no TSX), 1 cores, 1G,  Windows Server 2019 , 64 bit Build 17763 (10.0.17763.475)
Time: Wed Aug 26 02:10:58 2020 Pacific Daylight Time elapsed time: 47607 seconds (0d 13h 13m 27s)

---------------  T H R E A D  ---------------

Current thread (0x000001d763d83800):  JavaThread "C2 CompilerThread0" daemon [_thread_in_native, id=3228, stack(0x0000000159200000,0x0000000159300000)]


Current CompileTask:
C2:47607519 4706 %     4       tera.gameserver.document.DocumentSkill::parseSkill @ 341 (864 bytes)

Stack: [0x0000000159200000,0x0000000159300000]
Native frames: (J=compiled Java code, j=interpreted, Vv=VM code, C=native code)
V  [jvm.dll+0x624f9a]
V  [jvm.dll+0x770cfa]
V  [jvm.dll+0x7724af]
V  [jvm.dll+0x772ab3]
V  [jvm.dll+0x24bf08]
V  [jvm.dll+0xc1e47]
V  [jvm.dll+0xc23cc]
V  [jvm.dll+0x35c0c5]
V  [jvm.dll+0x19f2f0]
V  [jvm.dll+0x205d36]
V  [jvm.dll+0x204e3f]
V  [jvm.dll+0x189c2c]
V  [jvm.dll+0x213e6d]
V  [jvm.dll+0x2120bb]
V  [jvm.dll+0x736bb6]
V  [jvm.dll+0x72fcaa]
V  [jvm.dll+0x623ea6]
C  [ucrtbase.dll+0x21ffa]
C  [KERNEL32.DLL+0x17974]
C  [ntdll.dll+0x6a271]


---------------  P R O C E S S  ---------------

Threads class SMR info:
_java_thread_list=0x000001d765951d00, length=30, elements={
0x000001d7497e0000, 0x000001d7497eb800, 0x000001d763d7e000, 0x000001d763d80800,
0x000001d763d83800, 0x000001d763d85800, 0x000001d763d89000, 0x000001d763fc0800,
0x000001d763fd2000, 0x000001d7643a5800, 0x000001d764499000, 0x000001d7644d6000,
0x000001d76444c800, 0x000001d749728800, 0x000001d763dad800, 0x000001d764538000,
0x000001d764312800, 0x000001d764ba4000, 0x000001d7653e6800, 0x000001d766e46000,
0x000001d766e42800, 0x000001d766e41000, 0x000001d766e42000, 0x000001d766e40000,
0x000001d766e43800, 0x000001d766e46800, 0x000001d766e45000, 0x000001d766e44000,
0x000001d764701800, 0x000001d7646fd000
}

Java Threads: ( => current thread )
  0x000001d7497e0000 JavaThread "Reference Handler" daemon [_thread_blocked, id=4572, stack(0x0000000158e00000,0x0000000158f00000)]
  0x000001d7497eb800 JavaThread "Finalizer" daemon [_thread_blocked, id=4584, stack(0x0000000158f00000,0x0000000159000000)]
  0x000001d763d7e000 JavaThread "Signal Dispatcher" daemon [_thread_blocked, id=5148, stack(0x0000000159000000,0x0000000159100000)]
  0x000001d763d80800 JavaThread "Attach Listener" daemon [_thread_blocked, id=1628, stack(0x0000000159100000,0x0000000159200000)]
=>0x000001d763d83800 JavaThread "C2 CompilerThread0" daemon [_thread_in_native, id=3228, stack(0x0000000159200000,0x0000000159300000)]
  0x000001d763d85800 JavaThread "C1 CompilerThread0" daemon [_thread_blocked, id=2144, stack(0x0000000159300000,0x0000000159400000)]
  0x000001d763d89000 JavaThread "Sweeper thread" daemon [_thread_blocked, id=5668, stack(0x0000000159400000,0x0000000159500000)]
  0x000001d763fc0800 JavaThread "Service Thread" daemon [_thread_blocked, id=5248, stack(0x0000000159500000,0x0000000159600000)]
  0x000001d763fd2000 JavaThread "Common-Cleaner" daemon [_thread_blocked, id=4120, stack(0x0000000159700000,0x0000000159800000)]
  0x000001d7643a5800 JavaThread "RemoteControl" [_thread_in_native, id=5620, stack(0x0000000159800000,0x0000000159900000)]
  0x000001d764499000 JavaThread "com.google.common.base.internal.Finalizer" daemon [_thread_blocked, id=5764, stack(0x0000000159900000,0x0000000159a00000)]
  0x000001d7644d6000 JavaThread "BoneCP-keep-alive-scheduler" daemon [_thread_blocked, id=4776, stack(0x0000000159a00000,0x0000000159b00000)]
  0x000001d76444c800 JavaThread "BoneCP-pool-watch-thread" daemon [_thread_blocked, id=5840, stack(0x0000000159b00000,0x0000000159c00000)]
  0x000001d749728800 JavaThread "DestroyJavaVM" [_thread_blocked, id=5404, stack(0x0000000158c00000,0x0000000158d00000)]
  0x000001d763dad800 JavaThread "pool-1-thread-1" [_thread_blocked, id=5260, stack(0x0000000159d00000,0x0000000159e00000)]
  0x000001d764538000 JavaThread "GeneralThreadExecutor-0" [_thread_blocked, id=2344, stack(0x0000000159e00000,0x0000000159f00000)]
  0x000001d764312800 JavaThread "MoveThreadExecutor-0" [_thread_blocked, id=1516, stack(0x0000000159f00000,0x000000015a000000)]
  0x000001d764ba4000 JavaThread "Network-0" [_thread_in_native, id=1012, stack(0x000000015a000000,0x000000015a100000)]
  0x000001d7653e6800 JavaThread "Network-1" [_thread_in_native, id=4480, stack(0x000000015a100000,0x000000015a200000)]
  0x000001d766e46000 JavaThread "Network-2" [_thread_in_native, id=4132, stack(0x000000015a200000,0x000000015a300000)]
  0x000001d766e42800 JavaThread "Network-3" [_thread_in_native, id=5988, stack(0x000000015a300000,0x000000015a400000)]
  0x000001d766e41000 JavaThread "Network-4" [_thread_in_native, id=5176, stack(0x000000015a400000,0x000000015a500000)]
  0x000001d766e42000 JavaThread "SynchPacketExecutor-0" [_thread_blocked, id=4140, stack(0x0000000158a00000,0x0000000158b00000)]
  0x000001d766e40000 JavaThread "AsynchPacketExecutor-0" [_thread_in_native, id=4884, stack(0x0000000158b00000,0x0000000158c00000)]
  0x000001d766e43800 JavaThread "AIThreadExecutor-0" [_thread_blocked, id=3268, stack(0x0000000159c00000,0x0000000159d00000)]
  0x000001d766e46800 JavaThread "SkillUseExecutor-0" [_thread_blocked, id=1728, stack(0x000000015a500000,0x000000015a600000)]
  0x000001d766e45000 JavaThread "SkillCastExecutor-0" [_thread_blocked, id=5300, stack(0x000000015a600000,0x000000015a700000)]
  0x000001d766e44000 JavaThread "AsynThreadExecutor-0" [_thread_blocked, id=2112, stack(0x000000015a700000,0x000000015a800000)]
  0x000001d764701800 JavaThread "AsynThreadExecutor-1" [_thread_blocked, id=5964, stack(0x000000015a800000,0x000000015a900000)]
  0x000001d7646fd000 JavaThread "SkillMoveExecutor-0" [_thread_blocked, id=3396, stack(0x000000015a900000,0x000000015aa00000)]

Other Threads:
  0x000001d7497dd800 VMThread "VM Thread" [stack: 0x0000000158d00000,0x0000000158e00000] [id=852]
  0x000001d763fcf800 WatcherThread [stack: 0x0000000159600000,0x0000000159700000] [id=5672]

Threads with active compile tasks:
C2 CompilerThread0  47607615 4706 %     4       tera.gameserver.document.DocumentSkill::parseSkill @ 341 (864 bytes)

VM state:not at safepoint (normal execution)

VM Mutex/Monitor currently owned by a thread: None

Heap address: 0x00000006ffe00000, size: 4098 MB, Compressed Oops mode: Zero based, Oop shift amount: 3
Narrow klass base: 0x0000000800000000, Narrow klass shift: 3
Compressed class space size: 1073741824 Address: 0x0000000800b40000

Heap:
 def new generation   total 211328K, used 9175K [0x00000006ffe00000, 0x000000070e340000, 0x0000000755400000)
  eden space 187904K,   3% used [0x00000006ffe00000, 0x00000007003ade30, 0x000000070b580000)
  from space 23424K,  14% used [0x000000070cc60000, 0x000000070cfa8008, 0x000000070e340000)
  to   space 23424K,   0% used [0x000000070b580000, 0x000000070b580000, 0x000000070cc60000)
 tenured generation   total 802692K, used 481615K [0x0000000755400000, 0x00000007863e1000, 0x0000000800000000)
   the space 802692K,  59% used [0x0000000755400000, 0x0000000772a53c90, 0x0000000772a53e00, 0x00000007863e1000)
 Metaspace       used 17384K, capacity 17906K, committed 18432K, reserved 1064960K
  class space    used 2019K, capacity 2186K, committed 2304K, reserved 1048576K

Card table byte_map: [0x000001d762730000,0x000001d762f40000] _byte_map_base: 0x000001d75ef31000

Polling page: 0x000001d749800000

Metaspace:

Usage:
  Non-class:     15.35 MB capacity,    15.01 MB ( 98%) used,   315.01 KB (  2%) free+waste,    39.75 KB ( <1%) overhead. 
      Class:      2.13 MB capacity,     1.97 MB ( 92%) used,   147.41 KB (  7%) free+waste,    18.94 KB ( <1%) overhead. 
       Both:     17.49 MB capacity,    16.98 MB ( 97%) used,   462.41 KB (  3%) free+waste,    58.69 KB ( <1%) overhead. 

Virtual space:
  Non-class space:       16.00 MB reserved,      15.75 MB ( 98%) committed 
      Class space:        1.00 GB reserved,       2.25 MB ( <1%) committed 
             Both:        1.02 GB reserved,      18.00 MB (  2%) committed 

Chunk freelists:
   Non-Class:  216.00 KB
       Class:  118.00 KB
        Both:  334.00 KB

MaxMetaspaceSize: 17179869184.00 GB
CompressedClassSpaceSize: 1.00 GB

CodeHeap 'non-profiled nmethods': size=120064Kb used=2574Kb max_used=2574Kb free=117489Kb
 bounds [0x000001d75aec0000, 0x000001d75b150000, 0x000001d762400000]
CodeHeap 'profiled nmethods': size=120000Kb used=7494Kb max_used=7494Kb free=112505Kb
 bounds [0x000001d753990000, 0x000001d7540f0000, 0x000001d75aec0000]
CodeHeap 'non-nmethods': size=5696Kb used=1309Kb max_used=1344Kb free=4386Kb
 bounds [0x000001d753400000, 0x000001d753670000, 0x000001d753990000]
 total_blobs=7349 nmethods=3772 adapters=507
 compilation: enabled
              stopped_count=0, restarted_count=0
 full_count=0

Compilation events (20 events):
Event: 47500.801 Thread 0x000001d763d85800 nmethod 4696 0x000001d75b13c810 code [0x000001d75b13c9a0, 0x000001d75b13cad8]
Event: 47516.314 Thread 0x000001d763d85800 4697       3       tera.gameserver.network.serverpackets.ServerPacket::writeString (45 bytes)
Event: 47516.318 Thread 0x000001d763d85800 nmethod 4697 0x000001d753d8b590 code [0x000001d753d8b7e0, 0x000001d753d8c260]
Event: 47591.784 Thread 0x000001d763d83800 4699       4       rlib.util.table.ConcurrentIntegerTable::writeLock (10 bytes)
Event: 47591.791 Thread 0x000001d763d83800 nmethod 4699 0x000001d75b13cb90 code [0x000001d75b13cd60, 0x000001d75b13cfa8]
Event: 47591.791 Thread 0x000001d763d85800 4698       3       tera.gameserver.model.inventory.Cell::setItem (26 bytes)
Event: 47591.791 Thread 0x000001d763d85800 nmethod 4698 0x000001d75405ef10 code [0x000001d75405f0c0, 0x000001d75405f2f8]
Event: 47591.794 Thread 0x000001d763d85800 4700       3       java.lang.StringConcatHelper::prepend (37 bytes)
Event: 47591.794 Thread 0x000001d763d85800 nmethod 4700 0x000001d753d8af10 code [0x000001d753d8b0e0, 0x000001d753d8b400]
Event: 47591.794 Thread 0x000001d763d85800 4701       1       java.text.DecimalFormatSymbols::getGroupingSeparator (5 bytes)
Event: 47591.795 Thread 0x000001d763d85800 nmethod 4701 0x000001d75b13d210 code [0x000001d75b13d3a0, 0x000001d75b13d4d8]
Event: 47591.795 Thread 0x000001d763d85800 4702       1       java.text.DecimalFormatSymbols::getDecimalSeparator (5 bytes)
Event: 47591.795 Thread 0x000001d763d85800 nmethod 4702 0x000001d75b13d590 code [0x000001d75b13d720, 0x000001d75b13d858]
Event: 47591.820 Thread 0x000001d763d85800 4703       3       rlib.network.server.client.AbstractClient::unlock (10 bytes)
Event: 47591.821 Thread 0x000001d763d85800 nmethod 4703 0x000001d7540c0990 code [0x000001d7540c0b40, 0x000001d7540c0d90]
Event: 47601.610 Thread 0x000001d763d83800 4704       4       java.nio.Buffer::clear (20 bytes)
Event: 47601.612 Thread 0x000001d763d83800 nmethod 4704 0x000001d75b13d910 code [0x000001d75b13daa0, 0x000001d75b13db38]
Event: 47605.835 Thread 0x000001d763d83800 4705       4       com.sun.org.apache.xerces.internal.impl.XMLEntityScanner::load (200 bytes)
Event: 47605.929 Thread 0x000001d763d83800 nmethod 4705 0x000001d75b13dc10 code [0x000001d75b13df20, 0x000001d75b1407c0]
Event: 47605.935 Thread 0x000001d763d83800 4706 %     4       tera.gameserver.document.DocumentSkill::parseSkill @ 341 (864 bytes)

GC Heap History (20 events):
Event: 29.580 GC heap before
{Heap before GC invocations=25 (full 3):
 def new generation   total 34240K, used 3574K [0x00000006ffe00000, 0x0000000702320000, 0x0000000755400000)
  eden space 30464K,   0% used [0x00000006ffe00000, 0x00000006ffe00000, 0x0000000701bc0000)
  from space 3776K,  94% used [0x0000000701bc0000, 0x0000000701f3da68, 0x0000000701f70000)
  to   space 3776K,   0% used [0x0000000701f70000, 0x0000000701f70000, 0x0000000702320000)
 tenured generation   total 79788K, used 79649K [0x0000000755400000, 0x000000075a1eb000, 0x0000000800000000)
   the space 79788K,  99% used [0x0000000755400000, 0x000000075a1c87e8, 0x000000075a1c8800, 0x000000075a1eb000)
 Metaspace       used 13605K, capacity 13999K, committed 14080K, reserved 1060864K
  class space    used 1622K, capacity 1766K, committed 1792K, reserved 1048576K
}
Event: 29.891 GC heap after
{Heap after GC invocations=25 (full 4):
 def new generation   total 55360K, used 0K [0x00000006ffe00000, 0x0000000703a10000, 0x0000000755400000)
  eden space 49216K,   0% used [0x00000006ffe00000, 0x00000006ffe00000, 0x0000000702e10000)
  from space 6144K,   0% used [0x0000000702e10000, 0x0000000702e10000, 0x0000000703410000)
  to   space 6144K,   0% used [0x0000000703410000, 0x0000000703410000, 0x0000000703a10000)
 tenured generation   total 122920K, used 73751K [0x0000000755400000, 0x000000075cc0a000, 0x0000000800000000)
   the space 122920K,  59% used [0x0000000755400000, 0x0000000759c05ec0, 0x0000000759c06000, 0x000000075cc0a000)
 Metaspace       used 13605K, capacity 13999K, committed 14080K, reserved 1060864K
  class space    used 1622K, capacity 1766K, committed 1792K, reserved 1048576K
}
Event: 31.654 GC heap before
{Heap before GC invocations=25 (full 4):
 def new generation   total 55360K, used 49216K [0x00000006ffe00000, 0x0000000703a10000, 0x0000000755400000)
  eden space 49216K, 100% used [0x00000006ffe00000, 0x0000000702e10000, 0x0000000702e10000)
  from space 6144K,   0% used [0x0000000702e10000, 0x0000000702e10000, 0x0000000703410000)
  to   space 6144K,   0% used [0x0000000703410000, 0x0000000703410000, 0x0000000703a10000)
 tenured generation   total 122920K, used 73751K [0x0000000755400000, 0x000000075cc0a000, 0x0000000800000000)
   the space 122920K,  59% used [0x0000000755400000, 0x0000000759c05ec0, 0x0000000759c06000, 0x000000075cc0a000)
 Metaspace       used 14035K, capacity 14487K, committed 14720K, reserved 1062912K
  class space    used 1659K, capacity 1810K, committed 1920K, reserved 1048576K
}
Event: 31.716 GC heap after
{Heap after GC invocations=26 (full 4):
 def new generation   total 55360K, used 6144K [0x00000006ffe00000, 0x0000000703a10000, 0x0000000755400000)
  eden space 49216K,   0% used [0x00000006ffe00000, 0x00000006ffe00000, 0x0000000702e10000)
  from space 6144K, 100% used [0x0000000703410000, 0x0000000703a10000, 0x0000000703a10000)
  to   space 6144K,   0% used [0x0000000702e10000, 0x0000000702e10000, 0x0000000703410000)
 tenured generation   total 122920K, used 80329K [0x0000000755400000, 0x000000075cc0a000, 0x0000000800000000)
   the space 122920K,  65% used [0x0000000755400000, 0x000000075a272718, 0x000000075a272800, 0x000000075cc0a000)
 Metaspace       used 14035K, capacity 14487K, committed 14720K, reserved 1062912K
  class space    used 1659K, capacity 1810K, committed 1920K, reserved 1048576K
}
Event: 43.246 GC heap before
{Heap before GC invocations=26 (full 4):
 def new generation   total 55360K, used 55360K [0x00000006ffe00000, 0x0000000703a10000, 0x0000000755400000)
  eden space 49216K, 100% used [0x00000006ffe00000, 0x0000000702e10000, 0x0000000702e10000)
  from space 6144K, 100% used [0x0000000703410000, 0x0000000703a10000, 0x0000000703a10000)
  to   space 6144K,   0% used [0x0000000702e10000, 0x0000000702e10000, 0x0000000703410000)
 tenured generation   total 122920K, used 80329K [0x0000000755400000, 0x000000075cc0a000, 0x0000000800000000)
   the space 122920K,  65% used [0x0000000755400000, 0x000000075a272718, 0x000000075a272800, 0x000000075cc0a000)
 Metaspace       used 14090K, capacity 14517K, committed 14720K, reserved 1062912K
  class space    used 1661K, capacity 1815K, committed 1920K, reserved 1048576K
}
Event: 43.629 GC heap after
{Heap after GC invocations=27 (full 4):
 def new generation   total 55360K, used 6144K [0x00000006ffe00000, 0x0000000703a10000, 0x0000000755400000)
  eden space 49216K,   0% used [0x00000006ffe00000, 0x00000006ffe00000, 0x0000000702e10000)
  from space 6144K, 100% used [0x0000000702e10000, 0x0000000703410000, 0x0000000703410000)
  to   space 6144K,   0% used [0x0000000703410000, 0x0000000703410000, 0x0000000703a10000)
 tenured generation   total 126952K, used 126931K [0x0000000755400000, 0x000000075cffa000, 0x0000000800000000)
   the space 126952K,  99% used [0x0000000755400000, 0x000000075cff4ee8, 0x000000075cff5000, 0x000000075cffa000)
 Metaspace       used 14090K, capacity 14517K, committed 14720K, reserved 1062912K
  class space    used 1661K, capacity 1815K, committed 1920K, reserved 1048576K
}
Event: 43.629 GC heap before
{Heap before GC invocations=27 (full 4):
 def new generation   total 55360K, used 6144K [0x00000006ffe00000, 0x0000000703a10000, 0x0000000755400000)
  eden space 49216K,   0% used [0x00000006ffe00000, 0x00000006ffe00000, 0x0000000702e10000)
  from space 6144K, 100% used [0x0000000702e10000, 0x0000000703410000, 0x0000000703410000)
  to   space 6144K,   0% used [0x0000000703410000, 0x0000000703410000, 0x0000000703a10000)
 tenured generation   total 126952K, used 126931K [0x0000000755400000, 0x000000075cffa000, 0x0000000800000000)
   the space 126952K,  99% used [0x0000000755400000, 0x000000075cff4ee8, 0x000000075cff5000, 0x000000075cffa000)
 Metaspace       used 14090K, capacity 14517K, committed 14720K, reserved 1062912K
  class space    used 1661K, capacity 1815K, committed 1920K, reserved 1048576K
}
Event: 44.121 GC heap after
{Heap after GC invocations=27 (full 5):
 def new generation   total 95296K, used 6123K [0x00000006ffe00000, 0x0000000706560000, 0x0000000755400000)
  eden space 84736K,   7% used [0x00000006ffe00000, 0x00000007003faf28, 0x00000007050c0000)
  from space 10560K,   0% used [0x00000007050c0000, 0x00000007050c0000, 0x0000000705b10000)
  to   space 10560K,   0% used [0x0000000705b10000, 0x0000000705b10000, 0x0000000706560000)
 tenured generation   total 211588K, used 126951K [0x0000000755400000, 0x00000007622a1000, 0x0000000800000000)
   the space 211588K,  59% used [0x0000000755400000, 0x000000075cff9fc0, 0x000000075cffa000, 0x00000007622a1000)
 Metaspace       used 14090K, capacity 14517K, committed 14720K, reserved 1062912K
  class space    used 1661K, capacity 1815K, committed 1920K, reserved 1048576K
}
Event: 45.598 GC heap before
{Heap before GC invocations=27 (full 5):
 def new generation   total 95296K, used 84736K [0x00000006ffe00000, 0x0000000706560000, 0x0000000755400000)
  eden space 84736K, 100% used [0x00000006ffe00000, 0x00000007050c0000, 0x00000007050c0000)
  from space 10560K,   0% used [0x00000007050c0000, 0x00000007050c0000, 0x0000000705b10000)
  to   space 10560K,   0% used [0x0000000705b10000, 0x0000000705b10000, 0x0000000706560000)
 tenured generation   total 211588K, used 126951K [0x0000000755400000, 0x00000007622a1000, 0x0000000800000000)
   the space 211588K,  59% used [0x0000000755400000, 0x000000075cff9fc0, 0x000000075cffa000, 0x00000007622a1000)
 Metaspace       used 14225K, capacity 14734K, committed 14976K, reserved 1062912K
  class space    used 1681K, capacity 1841K, committed 1920K, reserved 1048576K
}
Event: 46.125 GC heap after
{Heap after GC invocations=28 (full 5):
 def new generation   total 95296K, used 10560K [0x00000006ffe00000, 0x0000000706560000, 0x0000000755400000)
  eden space 84736K,   0% used [0x00000006ffe00000, 0x00000006ffe00000, 0x00000007050c0000)
  from space 10560K, 100% used [0x0000000705b10000, 0x0000000706560000, 0x0000000706560000)
  to   space 10560K,   0% used [0x00000007050c0000, 0x00000007050c0000, 0x0000000705b10000)
 tenured generation   total 211588K, used 198262K [0x0000000755400000, 0x00000007622a1000, 0x0000000800000000)
   the space 211588K,  93% used [0x0000000755400000, 0x000000076159db48, 0x000000076159dc00, 0x00000007622a1000)
 Metaspace       used 14225K, capacity 14734K, committed 14976K, reserved 1062912K
  class space    used 1681K, capacity 1841K, committed 1920K, reserved 1048576K
}
Event: 46.314 GC heap before
{Heap before GC invocations=28 (full 5):
 def new generation   total 95296K, used 95296K [0x00000006ffe00000, 0x0000000706560000, 0x0000000755400000)
  eden space 84736K, 100% used [0x00000006ffe00000, 0x00000007050c0000, 0x00000007050c0000)
  from space 10560K, 100% used [0x0000000705b10000, 0x0000000706560000, 0x0000000706560000)
  to   space 10560K,   0% used [0x00000007050c0000, 0x00000007050c0000, 0x0000000705b10000)
 tenured generation   total 211588K, used 198262K [0x0000000755400000, 0x00000007622a1000, 0x0000000800000000)
   the space 211588K,  93% used [0x0000000755400000, 0x000000076159db48, 0x000000076159dc00, 0x00000007622a1000)
 Metaspace       used 14233K, capacity 14734K, committed 14976K, reserved 1062912K
  class space    used 1681K, capacity 1841K, committed 1920K, reserved 1048576K
}
Event: 46.720 GC heap after
{Heap after GC invocations=29 (full 5):
 def new generation   total 95296K, used 10560K [0x00000006ffe00000, 0x0000000706560000, 0x0000000755400000)
  eden space 84736K,   0% used [0x00000006ffe00000, 0x00000006ffe00000, 0x00000007050c0000)
  from space 10560K, 100% used [0x00000007050c0000, 0x0000000705b10000, 0x0000000705b10000)
  to   space 10560K,   0% used [0x0000000705b10000, 0x0000000705b10000, 0x0000000706560000)
 tenured generation   total 281668K, used 281524K [0x0000000755400000, 0x0000000766711000, 0x0000000800000000)
   the space 281668K,  99% used [0x0000000755400000, 0x00000007666ed340, 0x00000007666ed400, 0x0000000766711000)
 Metaspace       used 14233K, capacity 14734K, committed 14976K, reserved 1062912K
  class space    used 1681K, capacity 1841K, committed 1920K, reserved 1048576K
}
Event: 46.720 GC heap before
{Heap before GC invocations=29 (full 5):
 def new generation   total 95296K, used 10560K [0x00000006ffe00000, 0x0000000706560000, 0x0000000755400000)
  eden space 84736K,   0% used [0x00000006ffe00000, 0x00000006ffe00000, 0x00000007050c0000)
  from space 10560K, 100% used [0x00000007050c0000, 0x0000000705b10000, 0x0000000705b10000)
  to   space 10560K,   0% used [0x0000000705b10000, 0x0000000705b10000, 0x0000000706560000)
 tenured generation   total 281668K, used 281524K [0x0000000755400000, 0x0000000766711000, 0x0000000800000000)
   the space 281668K,  99% used [0x0000000755400000, 0x00000007666ed340, 0x00000007666ed400, 0x0000000766711000)
 Metaspace       used 14233K, capacity 14734K, committed 14976K, reserved 1062912K
  class space    used 1681K, capacity 1841K, committed 1920K, reserved 1048576K
}
Event: 47.659 GC heap after
{Heap after GC invocations=29 (full 6):
 def new generation   total 211328K, used 10432K [0x00000006ffe00000, 0x000000070e340000, 0x0000000755400000)
  eden space 187904K,   5% used [0x00000006ffe00000, 0x00000007008301a8, 0x000000070b580000)
  from space 23424K,   0% used [0x000000070b580000, 0x000000070b580000, 0x000000070cc60000)
  to   space 23424K,   0% used [0x000000070cc60000, 0x000000070cc60000, 0x000000070e340000)
 tenured generation   total 469424K, used 281652K [0x0000000755400000, 0x0000000771e6c000, 0x0000000800000000)
   the space 469424K,  59% used [0x0000000755400000, 0x000000076670d198, 0x000000076670d200, 0x0000000771e6c000)
 Metaspace       used 14233K, capacity 14734K, committed 14976K, reserved 1062912K
  class space    used 1681K, capacity 1841K, committed 1920K, reserved 1048576K
}
Event: 49.558 GC heap before
{Heap before GC invocations=29 (full 6):
 def new generation   total 211328K, used 187904K [0x00000006ffe00000, 0x000000070e340000, 0x0000000755400000)
  eden space 187904K, 100% used [0x00000006ffe00000, 0x000000070b580000, 0x000000070b580000)
  from space 23424K,   0% used [0x000000070b580000, 0x000000070b580000, 0x000000070cc60000)
  to   space 23424K,   0% used [0x000000070cc60000, 0x000000070cc60000, 0x000000070e340000)
 tenured generation   total 469424K, used 281652K [0x0000000755400000, 0x0000000771e6c000, 0x0000000800000000)
   the space 469424K,  59% used [0x0000000755400000, 0x000000076670d198, 0x000000076670d200, 0x0000000771e6c000)
 Metaspace       used 14594K, capacity 15022K, committed 15232K, reserved 1062912K
  class space    used 1727K, capacity 1873K, committed 1920K, reserved 1048576K
}
Event: 50.847 GC heap after
{Heap after GC invocations=30 (full 6):
 def new generation   total 211328K, used 23423K [0x00000006ffe00000, 0x000000070e340000, 0x0000000755400000)
  eden space 187904K,   0% used [0x00000006ffe00000, 0x00000006ffe00000, 0x000000070b580000)
  from space 23424K,  99% used [0x000000070cc60000, 0x000000070e33fff8, 0x000000070e340000)
  to   space 23424K,   0% used [0x000000070b580000, 0x000000070b580000, 0x000000070cc60000)
 tenured generation   total 469424K, used 435213K [0x0000000755400000, 0x0000000771e6c000, 0x0000000800000000)
   the space 469424K,  92% used [0x0000000755400000, 0x000000076fd037b8, 0x000000076fd03800, 0x0000000771e6c000)
 Metaspace       used 14594K, capacity 15022K, committed 15232K, reserved 1062912K
  class space    used 1727K, capacity 1873K, committed 1920K, reserved 1048576K
}
Event: 15188.923 GC heap before
{Heap before GC invocations=30 (full 6):
 def new generation   total 211328K, used 211327K [0x00000006ffe00000, 0x000000070e340000, 0x0000000755400000)
  eden space 187904K, 100% used [0x00000006ffe00000, 0x000000070b580000, 0x000000070b580000)
  from space 23424K,  99% used [0x000000070cc60000, 0x000000070e33fff8, 0x000000070e340000)
  to   space 23424K,   0% used [0x000000070b580000, 0x000000070b580000, 0x000000070cc60000)
 tenured generation   total 469424K, used 435213K [0x0000000755400000, 0x0000000771e6c000, 0x0000000800000000)
   the space 469424K,  92% used [0x0000000755400000, 0x000000076fd037b8, 0x000000076fd03800, 0x0000000771e6c000)
 Metaspace       used 16870K, capacity 17440K, committed 17664K, reserved 1064960K
  class space    used 2032K, capacity 2218K, committed 2304K, reserved 1048576K
}
Event: 15189.256 GC heap after
{Heap after GC invocations=31 (full 6):
 def new generation   total 211328K, used 23424K [0x00000006ffe00000, 0x000000070e340000, 0x0000000755400000)
  eden space 187904K,   0% used [0x00000006ffe00000, 0x00000006ffe00000, 0x000000070b580000)
  from space 23424K, 100% used [0x000000070b580000, 0x000000070cc60000, 0x000000070cc60000)
  to   space 23424K,   0% used [0x000000070cc60000, 0x000000070cc60000, 0x000000070e340000)
 tenured generation   total 482096K, used 482056K [0x0000000755400000, 0x0000000772acc000, 0x0000000800000000)
   the space 482096K,  99% used [0x0000000755400000, 0x0000000772ac21c8, 0x0000000772ac2200, 0x0000000772acc000)
 Metaspace       used 16870K, capacity 17440K, committed 17664K, reserved 1064960K
  class space    used 2032K, capacity 2218K, committed 2304K, reserved 1048576K
}
Event: 15189.256 GC heap before
{Heap before GC invocations=31 (full 6):
 def new generation   total 211328K, used 23424K [0x00000006ffe00000, 0x000000070e340000, 0x0000000755400000)
  eden space 187904K,   0% used [0x00000006ffe00000, 0x00000006ffe00000, 0x000000070b580000)
  from space 23424K, 100% used [0x000000070b580000, 0x000000070cc60000, 0x000000070cc60000)
  to   space 23424K,   0% used [0x000000070cc60000, 0x000000070cc60000, 0x000000070e340000)
 tenured generation   total 482096K, used 482056K [0x0000000755400000, 0x0000000772acc000, 0x0000000800000000)
   the space 482096K,  99% used [0x0000000755400000, 0x0000000772ac21c8, 0x0000000772ac2200, 0x0000000772acc000)
 Metaspace       used 16870K, capacity 17440K, committed 17664K, reserved 1064960K
  class space    used 2032K, capacity 2218K, committed 2304K, reserved 1048576K
}
Event: 15191.170 GC heap after
{Heap after GC invocations=31 (full 7):
 def new generation   total 211328K, used 0K [0x00000006ffe00000, 0x000000070e340000, 0x0000000755400000)
  eden space 187904K,   0% used [0x00000006ffe00000, 0x00000006ffe00000, 0x000000070b580000)
  from space 23424K,   0% used [0x000000070b580000, 0x000000070b580000, 0x000000070cc60000)
  to   space 23424K,   0% used [0x000000070cc60000, 0x000000070cc60000, 0x000000070e340000)
 tenured generation   total 802692K, used 481615K [0x0000000755400000, 0x00000007863e1000, 0x0000000800000000)
   the space 802692K,  59% used [0x0000000755400000, 0x0000000772a53c90, 0x0000000772a53e00, 0x00000007863e1000)
 Metaspace       used 16630K, capacity 17067K, committed 17664K, reserved 1064960K
  class space    used 1967K, capacity 2095K, committed 2304K, reserved 1048576K
}

Deoptimization events (20 events):
Event: 47457.328 Thread 0x000001d764312800 DEOPT PACKING pc=0x000001d753d8d0fd sp=0x0000000159fff020
Event: 47457.328 Thread 0x000001d764312800 DEOPT UNPACKING pc=0x000001d75344964e sp=0x0000000159ffe4d0 mode 0
Event: 47457.374 Thread 0x000001d764312800 DEOPT PACKING pc=0x000001d753d8d0fd sp=0x0000000159fff020
Event: 47457.374 Thread 0x000001d764312800 DEOPT UNPACKING pc=0x000001d75344964e sp=0x0000000159ffe4d0 mode 0
Event: 47457.406 Thread 0x000001d764312800 DEOPT PACKING pc=0x000001d753d8d0fd sp=0x0000000159fff020
Event: 47457.406 Thread 0x000001d764312800 DEOPT UNPACKING pc=0x000001d75344964e sp=0x0000000159ffe4d0 mode 0
Event: 47457.452 Thread 0x000001d764312800 DEOPT PACKING pc=0x000001d753d8d0fd sp=0x0000000159fff020
Event: 47457.452 Thread 0x000001d764312800 DEOPT UNPACKING pc=0x000001d75344964e sp=0x0000000159ffe4d0 mode 0
Event: 47457.484 Thread 0x000001d764312800 DEOPT PACKING pc=0x000001d753d8d0fd sp=0x0000000159fff020
Event: 47457.484 Thread 0x000001d764312800 DEOPT UNPACKING pc=0x000001d75344964e sp=0x0000000159ffe4d0 mode 0
Event: 47457.515 Thread 0x000001d764312800 DEOPT PACKING pc=0x000001d753d8d0fd sp=0x0000000159fff020
Event: 47457.515 Thread 0x000001d764312800 DEOPT UNPACKING pc=0x000001d75344964e sp=0x0000000159ffe4d0 mode 0
Event: 47457.546 Thread 0x000001d764312800 DEOPT PACKING pc=0x000001d753d8d0fd sp=0x0000000159fff020
Event: 47457.546 Thread 0x000001d764312800 DEOPT UNPACKING pc=0x000001d75344964e sp=0x0000000159ffe4d0 mode 0
Event: 47457.578 Thread 0x000001d764312800 DEOPT PACKING pc=0x000001d753d8d0fd sp=0x0000000159fff020
Event: 47457.578 Thread 0x000001d764312800 DEOPT UNPACKING pc=0x000001d75344964e sp=0x0000000159ffe4d0 mode 0
Event: 47478.078 Thread 0x000001d764538000 Uncommon trap: trap_request=0xffffff45 fr.pc=0x000001d75b118660 relative=0x0000000000000560
Event: 47478.078 Thread 0x000001d764538000 Uncommon trap: reason=unstable_if action=reinterpret pc=0x000001d75b118660 method=tera.gameserver.model.Character.setCurrentHp(I)V @ 5 c2
Event: 47478.078 Thread 0x000001d764538000 DEOPT PACKING pc=0x000001d75b118660 sp=0x0000000159efef50
Event: 47478.078 Thread 0x000001d764538000 DEOPT UNPACKING pc=0x000001d75344912f sp=0x0000000159efef18 mode 2

Classes unloaded (20 events):
Event: 15190.245 Thread 0x000001d7497dd800 Unloading class 0x0000000800bd0040 'java/lang/invoke/LambdaForm$MH'
Event: 15190.245 Thread 0x000001d7497dd800 Unloading class 0x0000000800bbcc40 'java/lang/invoke/LambdaForm$MH'
Event: 15190.245 Thread 0x000001d7497dd800 Unloading class 0x0000000800bbc840 'java/lang/invoke/LambdaForm$MH'
Event: 15190.245 Thread 0x000001d7497dd800 Unloading class 0x0000000800bbd440 'java/lang/invoke/LambdaForm$MH'
Event: 15190.245 Thread 0x000001d7497dd800 Unloading class 0x0000000800bbd040 'java/lang/invoke/LambdaForm$MH'
Event: 15190.245 Thread 0x000001d7497dd800 Unloading class 0x0000000800bbe440 'java/lang/invoke/LambdaForm$MH'
Event: 15190.245 Thread 0x000001d7497dd800 Unloading class 0x0000000800bbe840 'java/lang/invoke/LambdaForm$MH'
Event: 15190.245 Thread 0x000001d7497dd800 Unloading class 0x0000000800bbf440 'java/lang/invoke/LambdaForm$MH'
Event: 15190.245 Thread 0x000001d7497dd800 Unloading class 0x0000000800bbfc40 'java/lang/invoke/LambdaForm$MH'
Event: 15190.245 Thread 0x000001d7497dd800 Unloading class 0x0000000800bbf840 'java/lang/invoke/LambdaForm$MH'
Event: 15190.245 Thread 0x000001d7497dd800 Unloading class 0x0000000800bba440 'jdk/internal/reflect/GeneratedConstructorAccessor1'
Event: 15190.245 Thread 0x000001d7497dd800 Unloading class 0x0000000800bb7c40 'java/lang/invoke/LambdaForm$MH'
Event: 15190.245 Thread 0x000001d7497dd800 Unloading class 0x0000000800bb7440 'java/lang/invoke/LambdaForm$MH'
Event: 15190.245 Thread 0x000001d7497dd800 Unloading class 0x0000000800bb7040 'java/lang/invoke/LambdaForm$MH'
Event: 15190.245 Thread 0x000001d7497dd800 Unloading class 0x0000000800bb6c40 'java/lang/invoke/LambdaForm$MH'
Event: 15190.245 Thread 0x000001d7497dd800 Unloading class 0x0000000800bb6840 'java/lang/invoke/LambdaForm$MH'
Event: 15190.245 Thread 0x000001d7497dd800 Unloading class 0x0000000800bb6440 'java/lang/invoke/LambdaForm$MH'
Event: 15190.245 Thread 0x000001d7497dd800 Unloading class 0x0000000800bb6040 'java/lang/invoke/LambdaForm$MH'
Event: 15190.245 Thread 0x000001d7497dd800 Unloading class 0x0000000800bb5840 'java/lang/invoke/LambdaForm$MH'
Event: 15190.245 Thread 0x000001d7497dd800 Unloading class 0x0000000800bb5440 'java/lang/invoke/LambdaForm$MH'

Classes redefined (0 events):
No events

Internal exceptions (20 events):
Event: 4.701 Thread 0x000001d749728800 Exception <a 'java/lang/NoSuchMethodError'{0x0000000700393dd0}: 'int java.lang.invoke.DirectMethodHandle$Holder.invokeInterface(java.lang.Object, java.lang.Object)'> (0x0000000700393dd0) 
thrown [t:/workspace/open/src/hotspot/share/interpreter/linkResolver.cpp, line 767]
Event: 4.702 Thread 0x000001d749728800 Exception <a 'java/lang/IncompatibleClassChangeError'{0x00000007003968d8}: Found class java.lang.Object, but interface was expected> (0x00000007003968d8) 
thrown [t:/workspace/open/src/hotspot/share/interpreter/linkResolver.cpp, line 833]
Event: 7.714 Thread 0x000001d763da7000 Implicit null exception at 0x000001d75af77434 to 0x000001d75af777ea
Event: 9.637 Thread 0x000001d763da7000 Implicit null exception at 0x000001d75af78022 to 0x000001d75af78172
Event: 14.446 Thread 0x000001d763da7000 Implicit null exception at 0x000001d75af71dac to 0x000001d75af71faa
Event: 26.423 Thread 0x000001d763da7000 Implicit null exception at 0x000001d75af7d90a to 0x000001d75af7dbe6
Event: 27.432 Thread 0x000001d763da7000 Exception <a 'java/lang/ClassNotFoundException'{0x00000007011ee698}: com/sun/org/apache/xerces/internal/impl/msg/spi/XMLMessagesProvider> (0x00000007011ee698) 
thrown [t:/workspace/open/src/hotspot/share/classfile/systemDictionary.cpp, line 232]
Event: 27.479 Thread 0x000001d763da7000 Implicit null exception at 0x000001d75af10f87 to 0x000001d75af113e2
Event: 45.258 Thread 0x000001d763da7000 Exception <a 'java/lang/NoSuchMethodError'{0x000000070320ea88}: 'java.lang.Object java.lang.invoke.Invokers$Holder.linkToTargetMethod(java.lang.Object, int, java.lang.Object)'> (0x000000070320ea88) 
thrown [t:/workspace/open/src/hotspot/share/interpreter/linkResolver.cpp, line 767]
Event: 951.045 Thread 0x000001d764538000 Exception <a 'java/lang/NoSuchMethodError'{0x0000000706792e50}: 'java.lang.Object java.lang.invoke.DirectMethodHandle$Holder.invokeStatic(java.lang.Object, java.lang.Object, java.lang.Object, java.lang.Object, java.lang.Object, java.lang.Object, java.lang.Object, java.lang.Object, java.lang.Object, java.lang.Object, java.lang.Object, java.lang.Object, java.lang.Object, java.lang.Object, java.lang.Object)'> (0x0000000706792e50) 
thrown [t:/workspace/open/src/hotspot/share/interpreter/linkResolver.cpp, line 
Event: 951.048 Thread 0x000001d764538000 Exception <a 'java/lang/NoSuchMethodError'{0x000000070679fbd0}: 'java.lang.Object java.lang.invoke.DirectMethodHandle$Holder.invokeStatic(java.lang.Object, java.lang.Object, java.lang.Object, java.lang.Object, java.lang.Object, java.lang.Object, java.lang.Object, java.lang.Object, java.lang.Object, java.lang.Object, java.lang.Object, java.lang.Object, java.lang.Object, java.lang.Object, java.lang.Object, java.lang.Object)'> (0x000000070679fbd0) 
thrown [t:/workspace/open/src/hotspot/share/interpreter/linkR
Event: 951.061 Thread 0x000001d764538000 Exception <a 'java/lang/NoSuchMethodError'{0x00000007067b0ba8}: 'java.lang.Object java.lang.invoke.DelegatingMethodHandle$Holder.reinvoke_L(java.lang.Object, java.lang.Object, long, int, java.lang.Object, java.lang.Object, java.lang.Object, long, long, long, long, int, int, int, int, int, int, int, int, int, int, long, int, int)'> (0x00000007067b0ba8) 
thrown [t:/workspace/open/src/hotspot/share/interpreter/linkResolver.cpp, line 767]
Event: 951.163 Thread 0x000001d764538000 Exception <a 'java/lang/NoSuchMethodError'{0x00000007067ef708}: 'java.lang.Object java.lang.invoke.DirectMethodHandle$Holder.invokeSpecial(java.lang.Object, java.lang.Object, long, int, java.lang.Object, java.lang.Object, java.lang.Object, long, long, long, long, int, int, int, int, int, int, int, int, int, int, long, int, int)'> (0x00000007067ef708) 
thrown [t:/workspace/open/src/hotspot/share/interpreter/linkResolver.cpp, line 767]
Event: 951.169 Thread 0x000001d764538000 Exception <a 'java/lang/NoSuchMethodError'{0x00000007067f2fc8}: 'java.lang.Object java.lang.invoke.DelegatingMethodHandle$Holder.reinvoke_L(java.lang.Object, long, int, java.lang.Object, java.lang.Object, java.lang.Object, long, long, long, long, int, int, int, int, int, int, int, int, int, int, long, int, int)'> (0x00000007067f2fc8) 
thrown [t:/workspace/open/src/hotspot/share/interpreter/linkResolver.cpp, line 767]
Event: 3180.957 Thread 0x000001d764538000 Exception <a 'java/lang/NoSuchMethodError'{0x0000000707705108}: 'java.lang.Object java.lang.invoke.Invokers$Holder.linkToTargetMethod(java.lang.Object, int, java.lang.Object, java.lang.Object)'> (0x0000000707705108) 
thrown [t:/workspace/open/src/hotspot/share/interpreter/linkResolver.cpp, line 767]
Event: 47094.159 Thread 0x000001d76444c800 Implicit null exception at 0x000001d75affb485 to 0x000001d75affbae6
Event: 47142.526 Thread 0x000001d766e40000 Exception <a 'java/lang/ClassNotFoundException'{0x000000070a9ec198}: sun/awt/resources/spi/awtProvider> (0x000000070a9ec198) 
thrown [t:/workspace/open/src/hotspot/share/classfile/systemDictionary.cpp, line 232]
Event: 47142.696 Thread 0x000001d766e40000 Exception <a 'java/io/FileNotFoundException'{0x000000070aa0f6c8}> (0x000000070aa0f6c8) 
thrown [t:/workspace/open/src/hotspot/share/prims/jni.cpp, line 598]
Event: 47142.711 Thread 0x000001d766e40000 Exception <a 'java/io/FileNotFoundException'{0x000000070aa315c8}> (0x000000070aa315c8) 
thrown [t:/workspace/open/src/hotspot/share/prims/jni.cpp, line 598]
Event: 47153.201 Thread 0x000001d766e40000 Exception <a 'java/lang/NullPointerException'{0x000000070aa484d0}> (0x000000070aa484d0) 
thrown [t:/workspace/open/src/hotspot/share/interpreter/linkResolver.cpp, line 1349]

Events (20 events):
Event: 47499.807 Executing VM operation: HandshakeAllThreads done
Event: 47499.825 Thread 0x000001d763d89000 flushing nmethod 0x000001d75405ef10
Event: 47499.826 Executing VM operation: RevokeBias
Event: 47499.826 Executing VM operation: RevokeBias done
Event: 47500.719 Executing VM operation: RevokeBias
Event: 47500.720 Executing VM operation: RevokeBias done
Event: 47500.720 Executing VM operation: RevokeBias
Event: 47500.721 Executing VM operation: RevokeBias done
Event: 47500.798 Executing VM operation: RevokeBias
Event: 47500.800 Executing VM operation: RevokeBias done
Event: 47591.792 Executing VM operation: RevokeBias
Event: 47591.792 Executing VM operation: RevokeBias done
Event: 47591.795 Executing VM operation: HandshakeAllThreads
Event: 47591.795 Executing VM operation: HandshakeAllThreads done
Event: 47591.802 Thread 0x000001d763d89000 flushing nmethod 0x000001d753a97a10
Event: 47591.807 Thread 0x000001d763d89000 flushing nmethod 0x000001d753df4110
Event: 47591.808 Thread 0x000001d763d89000 flushing nmethod 0x000001d753eddb10
Event: 47591.809 Thread 0x000001d763d89000 flushing nmethod 0x000001d753f2a710
Event: 47591.810 Thread 0x000001d763d89000 flushing nmethod 0x000001d75404aa10
Event: 47591.811 Thread 0x000001d763d89000 flushing nmethod 0x000001d7540c0990


Dynamic libraries:
0x00007ff79f400000 - 0x00007ff79f40f000 	C:\Program Files\Java\jdk-13.0.2\bin\java.exe
0x00007ffb1b3e0000 - 0x00007ffb1b5cd000 	C:\Windows\SYSTEM32\ntdll.dll
0x00007ffb1b270000 - 0x00007ffb1b323000 	C:\Windows\System32\KERNEL32.DLL
0x00007ffb18360000 - 0x00007ffb185f3000 	C:\Windows\System32\KERNELBASE.dll
0x00007ffb181f0000 - 0x00007ffb182ea000 	C:\Windows\System32\ucrtbase.dll
0x00007ffb06400000 - 0x00007ffb06418000 	C:\Program Files\Java\jdk-13.0.2\bin\jli.dll
0x00007ffb189d0000 - 0x00007ffb18a73000 	C:\Windows\System32\ADVAPI32.dll
0x00007ffb19630000 - 0x00007ffb196ce000 	C:\Windows\System32\msvcrt.dll
0x00007ffb19390000 - 0x00007ffb1942e000 	C:\Windows\System32\sechost.dll
0x00007ffb187d0000 - 0x00007ffb188f2000 	C:\Windows\System32\RPCRT4.dll
0x00007ffb19ab0000 - 0x00007ffb19c47000 	C:\Windows\System32\USER32.dll
0x00007ffb17a80000 - 0x00007ffb17aa0000 	C:\Windows\System32\win32u.dll
0x00007ffb19950000 - 0x00007ffb19979000 	C:\Windows\System32\GDI32.dll
0x00007ffb174a0000 - 0x00007ffb17639000 	C:\Windows\System32\gdi32full.dll
0x00007ffb17720000 - 0x00007ffb177c0000 	C:\Windows\System32\msvcp_win.dll
0x00007ffb0a850000 - 0x00007ffb0aac9000 	C:\Windows\WinSxS\amd64_microsoft.windows.common-controls_6595b64144ccf1df_6.0.17763.973_none_05b245900721eb81\COMCTL32.dll
0x00007ffb19030000 - 0x00007ffb1935c000 	C:\Windows\System32\combase.dll
0x00007ffb17640000 - 0x00007ffb176be000 	C:\Windows\System32\bcryptPrimitives.dll
0x00007ffb123b0000 - 0x00007ffb123ba000 	C:\Windows\SYSTEM32\VERSION.dll
0x00007ffb00f60000 - 0x00007ffb00f75000 	C:\Program Files\Java\jdk-13.0.2\bin\VCRUNTIME140.dll
0x00007ffb19600000 - 0x00007ffb1962e000 	C:\Windows\System32\IMM32.DLL
0x00007ffaf9dd0000 - 0x00007ffaf9e6b000 	C:\Program Files\Java\jdk-13.0.2\bin\msvcp140.dll
0x00007ffaf2d50000 - 0x00007ffaf38ad000 	C:\Program Files\Java\jdk-13.0.2\bin\server\jvm.dll
0x00007ffb189c0000 - 0x00007ffb189c8000 	C:\Windows\System32\PSAPI.DLL
0x00007ffb11910000 - 0x00007ffb11934000 	C:\Windows\SYSTEM32\WINMM.dll
0x00007ffb118e0000 - 0x00007ffb1190d000 	C:\Windows\SYSTEM32\WINMMBASE.dll
0x00007ffb18310000 - 0x00007ffb1835a000 	C:\Windows\System32\cfgmgr32.dll
0x00007ffb06310000 - 0x00007ffb06319000 	C:\Windows\SYSTEM32\WSOCK32.dll
0x00007ffb19430000 - 0x00007ffb1949d000 	C:\Windows\System32\WS2_32.dll
0x00007ffb17480000 - 0x00007ffb17491000 	C:\Windows\System32\kernel.appcore.dll
0x00007ffb061c0000 - 0x00007ffb061d0000 	C:\Program Files\Java\jdk-13.0.2\bin\verify.dll
0x00007ffb0b840000 - 0x00007ffb0ba2d000 	C:\Windows\SYSTEM32\DBGHELP.DLL
0x00007ffb0b810000 - 0x00007ffb0b83a000 	C:\Windows\SYSTEM32\dbgcore.DLL
0x00007ffb00f30000 - 0x00007ffb00f56000 	C:\Program Files\Java\jdk-13.0.2\bin\java.dll
0x00007ffb00820000 - 0x00007ffb00837000 	C:\Program Files\Java\jdk-13.0.2\bin\zip.dll
0x00007ffb01590000 - 0x00007ffb0159a000 	C:\Program Files\Java\jdk-13.0.2\bin\jimage.dll
0x00007ffb19d10000 - 0x00007ffb1b204000 	C:\Windows\System32\SHELL32.dll
0x00007ffb19980000 - 0x00007ffb19a28000 	C:\Windows\System32\shcore.dll
0x00007ffb17aa0000 - 0x00007ffb181ed000 	C:\Windows\System32\windows.storage.dll
0x00007ffb17450000 - 0x00007ffb17474000 	C:\Windows\System32\profapi.dll
0x00007ffb173d0000 - 0x00007ffb1742d000 	C:\Windows\System32\powrprof.dll
0x00007ffb18770000 - 0x00007ffb187c2000 	C:\Windows\System32\shlwapi.dll
0x00007ffb182f0000 - 0x00007ffb18307000 	C:\Windows\System32\cryptsp.dll
0x00007ffafc8f0000 - 0x00007ffafc909000 	C:\Program Files\Java\jdk-13.0.2\bin\net.dll
0x00007ffb13890000 - 0x00007ffb13982000 	C:\Windows\SYSTEM32\WINHTTP.dll
0x00007ffb16be0000 - 0x00007ffb16c47000 	C:\Windows\system32\mswsock.dll
0x00007ffafc8d0000 - 0x00007ffafc8e3000 	C:\Program Files\Java\jdk-13.0.2\bin\nio.dll
0x00007ffb00d50000 - 0x00007ffb00d59000 	C:\Program Files\Java\jdk-13.0.2\bin\management.dll
0x00007ffafc8c0000 - 0x00007ffafc8cb000 	C:\Program Files\Java\jdk-13.0.2\bin\management_ext.dll
0x00007ffb16990000 - 0x00007ffb16a56000 	C:\Windows\SYSTEM32\DNSAPI.dll
0x00007ffb19360000 - 0x00007ffb19368000 	C:\Windows\System32\NSI.dll
0x00007ffb16900000 - 0x00007ffb1693d000 	C:\Windows\SYSTEM32\IPHLPAPI.DLL
0x00007ffb11ab0000 - 0x00007ffb11aba000 	C:\Windows\System32\rasadhlp.dll
0x00007ffb127f0000 - 0x00007ffb12869000 	C:\Windows\System32\fwpuclnt.dll
0x00007ffb17870000 - 0x00007ffb17896000 	C:\Windows\System32\bcrypt.dll
0x00007ffb16760000 - 0x00007ffb16793000 	C:\Windows\system32\rsaenh.dll
0x00007ffb172d0000 - 0x00007ffb172f8000 	C:\Windows\SYSTEM32\USERENV.dll
0x00007ffb16db0000 - 0x00007ffb16dbc000 	C:\Windows\SYSTEM32\CRYPTBASE.dll
0x00007ffb12dc0000 - 0x00007ffb12dd6000 	C:\Windows\SYSTEM32\dhcpcsvc6.DLL
0x00007ffb12da0000 - 0x00007ffb12dbc000 	C:\Windows\SYSTEM32\dhcpcsvc.DLL
0x00007ffb0c600000 - 0x00007ffb0c799000 	C:\Program Files\Java\jdk-13.0.2\bin\awt.dll
0x00007ffb196d0000 - 0x00007ffb19794000 	C:\Windows\System32\OLEAUT32.dll
0x00007ffb15900000 - 0x00007ffb1598c000 	C:\Windows\SYSTEM32\apphelp.dll

dbghelp: loaded successfully - version: 4.0.5 - missing functions: none
symbol engine: initialized successfully - sym options: 0x614 - pdb path: .;C:\Program Files\Java\jdk-13.0.2\bin;C:\Windows\SYSTEM32;C:\Windows\WinSxS\amd64_microsoft.windows.common-controls_6595b64144ccf1df_6.0.17763.973_none_05b245900721eb81;C:\Program Files\Java\jdk-13.0.2\bin\server

VM Arguments:
jvm_args: -Dclient.encoding.override=UTF-8 -Dfile.encoding=UTF-8 -Djavax.management.builder.initial= -XX:-UseParallelGC -Xmx4098m 
java_command: tera.gameserver.GameServer
java_class_path (initial): ./libs/bonecp-0.7.1.RELEASE.jar;./libs/gnu-crypto-2.1.0.jar;./libs/google-collect-1.0.jar;./libs/mysql-connector-java-5.1.17.jar;./libs/rlib.jar;./libs/slf4j-api-1.6.6.jar;./libs/slf4j-api-1.7.13.jar;./libs/slf4j-nop-1.7.13.jar;./libs/stera.jar;stera.jar
Launcher Type: SUN_STANDARD

[Global flags]
     intx CICompilerCount                          = 2                                         {product} {ergonomic}
   size_t InitialHeapSize                          = 33554432                                  {product} {ergonomic}
   size_t MaxHeapSize                              = 4297064448                                {product} {command line}
   size_t MaxNewSize                               = 1432354816                                {product} {ergonomic}
   size_t MinHeapDeltaBytes                        = 196608                                    {product} {ergonomic}
   size_t MinHeapSize                              = 8388608                                   {product} {ergonomic}
   size_t NewSize                                  = 11141120                                  {product} {ergonomic}
    uintx NonNMethodCodeHeapSize                   = 5826188                                {pd product} {ergonomic}
    uintx NonProfiledCodeHeapSize                  = 122916026                              {pd product} {ergonomic}
   size_t OldSize                                  = 22413312                                  {product} {ergonomic}
    uintx ProfiledCodeHeapSize                     = 122916026                              {pd product} {ergonomic}
    uintx ReservedCodeCacheSize                    = 251658240                              {pd product} {ergonomic}
     bool SegmentedCodeCache                       = true                                      {product} {ergonomic}
   size_t SoftMaxHeapSize                          = 4297064448                             {manageable} {ergonomic}
     bool UseCompressedClassPointers               = true                                 {lp64_product} {ergonomic}
     bool UseCompressedOops                        = true                                 {lp64_product} {ergonomic}
     bool UseLargePagesIndividualAllocation        = false                                  {pd product} {ergonomic}
     bool UseParallelGC                            = false                                     {product} {command line}
     bool UseSerialGC                              = true                                      {product} {ergonomic}

Logging:
Log output configuration:
 #0: stdout all=warning uptime,level,tags
 #1: stderr all=off uptime,level,tags

Environment Variables:
JAVA_HOME=C:\Program Files\Java\jdk-13.0.2
PATH=C:\Windows\system32;C:\Windows;C:\Windows\System32\Wbem;C:\Windows\System32\WindowsPowerShell\v1.0\;C:\Windows\System32\OpenSSH\;C:\Program Files\Java\jdk-13.0.2\bin;C:\Program Files\Git\cmd;C:\Users\Administrator\AppData\Local\Microsoft\WindowsApps;C:\Users\Administrator\AppData\Local\GitHubDesktop\bin
USERNAME=Administrator
OS=Windows_NT
PROCESSOR_IDENTIFIER=Intel64 Family 6 Model 60 Stepping 1, GenuineIntel



---------------  S Y S T E M  ---------------

OS: Windows Server 2019 , 64 bit Build 17763 (10.0.17763.475)
KVM virtualization detected

CPU:total 1 (initial active 1) (1 cores per cpu, 1 threads per core) family 6 model 60 stepping 1, cmov, cx8, fxsr, mmx, sse, sse2, sse3, ssse3, sse4.1, sse4.2, popcnt, avx, avx2, aes, clmul, erms, lzcnt, tsc, bmi1, bmi2, fma

Memory: 4k page, system-wide physical 1999M (292M free)
TotalPageFile size 2511M (AvailPageFile size 7M)
current process WorkingSet (physical memory assigned to process): 798M, peak: 802M
current process commit charge ("private bytes"): 1111M, peak: 1243M

vm_info: Java HotSpot(TM) 64-Bit Server VM (13.0.2+8) for windows-amd64 JRE (13.0.2+8), built on Dec 11 2019 09:20:33 by "mach5one" with unknown MS VC++:1916

END.
