[Fri Sep 11 18:43:30.637839 2020] [ssl:warn] [pid 7372:tid 604] AH01909: www.example.com:443:0 server certificate does NOT include an ID which matches the server name
[Fri Sep 11 18:43:30.700522 2020] [core:error] [pid 7372:tid 604] (OS 11001)No such host is known.  : AH00547: Could not resolve host name 51.210.41.122/dyscovery -- ignoring!
[Fri Sep 11 18:43:30.700522 2020] [core:error] [pid 7372:tid 604] (OS 11001)No such host is known.  : AH00547: Could not resolve host name 51.210.41.122/terawip -- ignoring!
AH00112: Warning: DocumentRoot [C:/Users/Administrator/Documents/GitHub/TeraOnlineServer_Shock_1732/web/htdocs/tera-web/wordpress] does not exist
[Fri Sep 11 18:43:30.732443 2020] [core:warn] [pid 7372:tid 604] AH00098: pid file C:/Users/Administrator/Documents/GitHub/TeraOnlineServer_Shock_1732/web/apache/logs/httpd.pid overwritten -- Unclean shutdown of previous Apache run?
[Fri Sep 11 18:43:30.751685 2020] [ssl:warn] [pid 7372:tid 604] AH01909: www.example.com:443:0 server certificate does NOT include an ID which matches the server name
[Fri Sep 11 18:43:30.794085 2020] [mpm_winnt:notice] [pid 7372:tid 604] AH00455: Apache/2.4.41 (Win64) OpenSSL/1.1.1c PHP/7.3.9 configured -- resuming normal operations
[Fri Sep 11 18:43:30.794085 2020] [mpm_winnt:notice] [pid 7372:tid 604] AH00456: Apache Lounge VC15 Server built: Aug 11 2019 12:20:04
[Fri Sep 11 18:43:30.794085 2020] [core:notice] [pid 7372:tid 604] AH00094: Command line: 'c:\\users\\administrator\\documents\\github\\teraonlineserver_shock_1732\\web\\apache\\bin\\httpd.exe -d C:/Users/Administrator/Documents/GitHub/TeraOnlineServer_Shock_1732/web/apache'
[Fri Sep 11 18:43:30.794085 2020] [mpm_winnt:notice] [pid 7372:tid 604] AH00418: Parent: Created child process 3780
AH00548: NameVirtualHost has no effect and will be removed in the next release C:/Users/Administrator/Documents/GitHub/TeraOnlineServer_Shock_1732/web/apache/conf/extra/httpd-vhosts.conf:20
[Fri Sep 11 18:43:31.435050 2020] [core:error] [pid 3780:tid 164] (OS 11001)No such host is known.  : AH00547: Could not resolve host name 51.210.41.122/dyscovery -- ignoring!
[Fri Sep 11 18:43:31.435050 2020] [core:error] [pid 3780:tid 164] (OS 11001)No such host is known.  : AH00547: Could not resolve host name 51.210.41.122/terawip -- ignoring!
AH00112: Warning: DocumentRoot [C:/Users/Administrator/Documents/GitHub/TeraOnlineServer_Shock_1732/web/htdocs/tera-web/wordpress] does not exist
[Fri Sep 11 18:43:31.450342 2020] [ssl:warn] [pid 3780:tid 164] AH01909: www.example.com:443:0 server certificate does NOT include an ID which matches the server name
[Fri Sep 11 18:43:31.512935 2020] [core:error] [pid 3780:tid 164] (OS 11001)No such host is known.  : AH00547: Could not resolve host name 51.210.41.122/dyscovery -- ignoring!
[Fri Sep 11 18:43:31.512935 2020] [core:error] [pid 3780:tid 164] (OS 11001)No such host is known.  : AH00547: Could not resolve host name 51.210.41.122/terawip -- ignoring!
AH00112: Warning: DocumentRoot [C:/Users/Administrator/Documents/GitHub/TeraOnlineServer_Shock_1732/web/htdocs/tera-web/wordpress] does not exist
[Fri Sep 11 18:43:31.544298 2020] [ssl:warn] [pid 3780:tid 164] AH01909: www.example.com:443:0 server certificate does NOT include an ID which matches the server name
[Fri Sep 11 18:43:31.591071 2020] [mpm_winnt:notice] [pid 3780:tid 164] AH00354: Child: Starting 150 worker threads.
[Fri Sep 11 18:45:47.481561 2020] [ssl:warn] [pid 6120:tid 612] AH01909: www.example.com:443:0 server certificate does NOT include an ID which matches the server name
[Fri Sep 11 18:45:47.528388 2020] [core:error] [pid 6120:tid 612] (OS 11001)No such host is known.  : AH00547: Could not resolve host name 51.210.41.122/dyscovery -- ignoring!
AH00112: Warning: DocumentRoot [C:/Users/Administrator/Documents/GitHub/TeraOnlineServer_Shock_1732/web/htdocs/tera-web/wordpress] does not exist
[Fri Sep 11 18:45:47.559916 2020] [core:warn] [pid 6120:tid 612] AH00098: pid file C:/Users/Administrator/Documents/GitHub/TeraOnlineServer_Shock_1732/web/apache/logs/httpd.pid overwritten -- Unclean shutdown of previous Apache run?
[Fri Sep 11 18:45:47.575688 2020] [ssl:warn] [pid 6120:tid 612] AH01909: www.example.com:443:0 server certificate does NOT include an ID which matches the server name
[Fri Sep 11 18:45:47.622610 2020] [mpm_winnt:notice] [pid 6120:tid 612] AH00455: Apache/2.4.41 (Win64) OpenSSL/1.1.1c PHP/7.3.9 configured -- resuming normal operations
[Fri Sep 11 18:45:47.622610 2020] [mpm_winnt:notice] [pid 6120:tid 612] AH00456: Apache Lounge VC15 Server built: Aug 11 2019 12:20:04
[Fri Sep 11 18:45:47.622610 2020] [core:notice] [pid 6120:tid 612] AH00094: Command line: 'c:\\users\\administrator\\documents\\github\\teraonlineserver_shock_1732\\web\\apache\\bin\\httpd.exe -d C:/Users/Administrator/Documents/GitHub/TeraOnlineServer_Shock_1732/web/apache'
[Fri Sep 11 18:45:47.622610 2020] [mpm_winnt:notice] [pid 6120:tid 612] AH00418: Parent: Created child process 8028
AH00548: NameVirtualHost has no effect and will be removed in the next release C:/Users/Administrator/Documents/GitHub/TeraOnlineServer_Shock_1732/web/apache/conf/extra/httpd-vhosts.conf:20
[Fri Sep 11 18:45:48.231830 2020] [core:error] [pid 8028:tid 604] (OS 11001)No such host is known.  : AH00547: Could not resolve host name 51.210.41.122/dyscovery -- ignoring!
AH00112: Warning: DocumentRoot [C:/Users/Administrator/Documents/GitHub/TeraOnlineServer_Shock_1732/web/htdocs/tera-web/wordpress] does not exist
[Fri Sep 11 18:45:48.247570 2020] [ssl:warn] [pid 8028:tid 604] AH01909: www.example.com:443:0 server certificate does NOT include an ID which matches the server name
[Fri Sep 11 18:45:48.294303 2020] [core:error] [pid 8028:tid 604] (OS 11001)No such host is known.  : AH00547: Could not resolve host name 51.210.41.122/dyscovery -- ignoring!
AH00112: Warning: DocumentRoot [C:/Users/Administrator/Documents/GitHub/TeraOnlineServer_Shock_1732/web/htdocs/tera-web/wordpress] does not exist
[Fri Sep 11 18:45:48.325279 2020] [ssl:warn] [pid 8028:tid 604] AH01909: www.example.com:443:0 server certificate does NOT include an ID which matches the server name
[Fri Sep 11 18:45:48.372555 2020] [mpm_winnt:notice] [pid 8028:tid 604] AH00354: Child: Starting 150 worker threads.
[Fri Sep 11 18:47:28.058788 2020] [ssl:warn] [pid 4352:tid 616] AH01909: www.example.com:443:0 server certificate does NOT include an ID which matches the server name
[Fri Sep 11 18:47:28.106024 2020] [core:error] [pid 4352:tid 616] (OS 11001)No such host is known.  : AH00547: Could not resolve host name 51.210.41.122/dyscovery -- ignoring!
AH00112: Warning: DocumentRoot [C:/Users/Administrator/Documents/GitHub/TeraOnlineServer_Shock_1732/web/htdocs/tera-web/wordpress] does not exist
[Fri Sep 11 18:47:28.121327 2020] [core:warn] [pid 4352:tid 616] AH00098: pid file C:/Users/Administrator/Documents/GitHub/TeraOnlineServer_Shock_1732/web/apache/logs/httpd.pid overwritten -- Unclean shutdown of previous Apache run?
[Fri Sep 11 18:47:28.137040 2020] [ssl:warn] [pid 4352:tid 616] AH01909: www.example.com:443:0 server certificate does NOT include an ID which matches the server name
[Fri Sep 11 18:47:28.183759 2020] [mpm_winnt:notice] [pid 4352:tid 616] AH00455: Apache/2.4.41 (Win64) OpenSSL/1.1.1c PHP/7.3.9 configured -- resuming normal operations
[Fri Sep 11 18:47:28.183759 2020] [mpm_winnt:notice] [pid 4352:tid 616] AH00456: Apache Lounge VC15 Server built: Aug 11 2019 12:20:04
[Fri Sep 11 18:47:28.183759 2020] [core:notice] [pid 4352:tid 616] AH00094: Command line: 'c:\\users\\administrator\\documents\\github\\teraonlineserver_shock_1732\\web\\apache\\bin\\httpd.exe -d C:/Users/Administrator/Documents/GitHub/TeraOnlineServer_Shock_1732/web/apache'
[Fri Sep 11 18:47:28.183759 2020] [mpm_winnt:notice] [pid 4352:tid 616] AH00418: Parent: Created child process 2340
AH00548: NameVirtualHost has no effect and will be removed in the next release C:/Users/Administrator/Documents/GitHub/TeraOnlineServer_Shock_1732/web/apache/conf/extra/httpd-vhosts.conf:20
[Fri Sep 11 18:47:28.778211 2020] [core:error] [pid 2340:tid 604] (OS 11001)No such host is known.  : AH00547: Could not resolve host name 51.210.41.122/dyscovery -- ignoring!
AH00112: Warning: DocumentRoot [C:/Users/Administrator/Documents/GitHub/TeraOnlineServer_Shock_1732/web/htdocs/tera-web/wordpress] does not exist
[Fri Sep 11 18:47:28.795407 2020] [ssl:warn] [pid 2340:tid 604] AH01909: www.example.com:443:0 server certificate does NOT include an ID which matches the server name
[Fri Sep 11 18:47:28.840246 2020] [core:error] [pid 2340:tid 604] (OS 11001)No such host is known.  : AH00547: Could not resolve host name 51.210.41.122/dyscovery -- ignoring!
AH00112: Warning: DocumentRoot [C:/Users/Administrator/Documents/GitHub/TeraOnlineServer_Shock_1732/web/htdocs/tera-web/wordpress] does not exist
[Fri Sep 11 18:47:28.855926 2020] [ssl:warn] [pid 2340:tid 604] AH01909: www.example.com:443:0 server certificate does NOT include an ID which matches the server name
[Fri Sep 11 18:47:28.902790 2020] [mpm_winnt:notice] [pid 2340:tid 604] AH00354: Child: Starting 150 worker threads.
[Fri Sep 11 18:48:30.715267 2020] [ssl:warn] [pid 6408:tid 596] AH01909: www.example.com:443:0 server certificate does NOT include an ID which matches the server name
[Fri Sep 11 18:48:30.762054 2020] [core:error] [pid 6408:tid 596] (OS 11001)No such host is known.  : AH00547: Could not resolve host name 51.210.41.122/dyscovery -- ignoring!
[Fri Sep 11 18:48:30.793569 2020] [core:warn] [pid 6408:tid 596] AH00098: pid file C:/Users/Administrator/Documents/GitHub/TeraOnlineServer_Shock_1732/web/apache/logs/httpd.pid overwritten -- Unclean shutdown of previous Apache run?
[Fri Sep 11 18:48:30.808744 2020] [ssl:warn] [pid 6408:tid 596] AH01909: www.example.com:443:0 server certificate does NOT include an ID which matches the server name
[Fri Sep 11 18:48:30.855996 2020] [mpm_winnt:notice] [pid 6408:tid 596] AH00455: Apache/2.4.41 (Win64) OpenSSL/1.1.1c PHP/7.3.9 configured -- resuming normal operations
[Fri Sep 11 18:48:30.855996 2020] [mpm_winnt:notice] [pid 6408:tid 596] AH00456: Apache Lounge VC15 Server built: Aug 11 2019 12:20:04
[Fri Sep 11 18:48:30.855996 2020] [core:notice] [pid 6408:tid 596] AH00094: Command line: 'c:\\users\\administrator\\documents\\github\\teraonlineserver_shock_1732\\web\\apache\\bin\\httpd.exe -d C:/Users/Administrator/Documents/GitHub/TeraOnlineServer_Shock_1732/web/apache'
[Fri Sep 11 18:48:30.855996 2020] [mpm_winnt:notice] [pid 6408:tid 596] AH00418: Parent: Created child process 3912
AH00548: NameVirtualHost has no effect and will be removed in the next release C:/Users/Administrator/Documents/GitHub/TeraOnlineServer_Shock_1732/web/apache/conf/extra/httpd-vhosts.conf:20
[Fri Sep 11 18:48:31.465303 2020] [core:error] [pid 3912:tid 612] (OS 11001)No such host is known.  : AH00547: Could not resolve host name 51.210.41.122/dyscovery -- ignoring!
[Fri Sep 11 18:48:31.481083 2020] [ssl:warn] [pid 3912:tid 612] AH01909: www.example.com:443:0 server certificate does NOT include an ID which matches the server name
[Fri Sep 11 18:48:31.527829 2020] [core:error] [pid 3912:tid 612] (OS 11001)No such host is known.  : AH00547: Could not resolve host name 51.210.41.122/dyscovery -- ignoring!
[Fri Sep 11 18:48:31.558821 2020] [ssl:warn] [pid 3912:tid 612] AH01909: www.example.com:443:0 server certificate does NOT include an ID which matches the server name
[Fri Sep 11 18:48:31.590389 2020] [mpm_winnt:notice] [pid 3912:tid 612] AH00354: Child: Starting 150 worker threads.
[Fri Sep 11 18:51:54.184127 2020] [ssl:warn] [pid 7392:tid 532] AH01909: www.example.com:443:0 server certificate does NOT include an ID which matches the server name
[Fri Sep 11 18:51:54.231058 2020] [core:error] [pid 7392:tid 532] (OS 11001)No such host is known.  : AH00547: Could not resolve host name 51.210.41.122/dyscovery -- ignoring!
[Fri Sep 11 18:51:54.246300 2020] [core:warn] [pid 7392:tid 532] AH00098: pid file C:/Users/Administrator/Documents/GitHub/TeraOnlineServer_Shock_1732/web/apache/logs/httpd.pid overwritten -- Unclean shutdown of previous Apache run?
[Fri Sep 11 18:51:54.262120 2020] [ssl:warn] [pid 7392:tid 532] AH01909: www.example.com:443:0 server certificate does NOT include an ID which matches the server name
[Fri Sep 11 18:51:54.293104 2020] [mpm_winnt:notice] [pid 7392:tid 532] AH00455: Apache/2.4.41 (Win64) OpenSSL/1.1.1c PHP/7.3.9 configured -- resuming normal operations
[Fri Sep 11 18:51:54.293104 2020] [mpm_winnt:notice] [pid 7392:tid 532] AH00456: Apache Lounge VC15 Server built: Aug 11 2019 12:20:04
[Fri Sep 11 18:51:54.293104 2020] [core:notice] [pid 7392:tid 532] AH00094: Command line: 'c:\\users\\administrator\\documents\\github\\teraonlineserver_shock_1732\\web\\apache\\bin\\httpd.exe -d C:/Users/Administrator/Documents/GitHub/TeraOnlineServer_Shock_1732/web/apache'
[Fri Sep 11 18:51:54.308980 2020] [mpm_winnt:notice] [pid 7392:tid 532] AH00418: Parent: Created child process 7720
AH00548: NameVirtualHost has no effect and will be removed in the next release C:/Users/Administrator/Documents/GitHub/TeraOnlineServer_Shock_1732/web/apache/conf/extra/httpd-vhosts.conf:20
[Fri Sep 11 18:51:54.934840 2020] [core:error] [pid 7720:tid 532] (OS 11001)No such host is known.  : AH00547: Could not resolve host name 51.210.41.122/dyscovery -- ignoring!
[Fri Sep 11 18:51:54.949672 2020] [ssl:warn] [pid 7720:tid 532] AH01909: www.example.com:443:0 server certificate does NOT include an ID which matches the server name
[Fri Sep 11 18:51:55.012155 2020] [core:error] [pid 7720:tid 532] (OS 11001)No such host is known.  : AH00547: Could not resolve host name 51.210.41.122/dyscovery -- ignoring!
[Fri Sep 11 18:51:55.043200 2020] [ssl:warn] [pid 7720:tid 532] AH01909: www.example.com:443:0 server certificate does NOT include an ID which matches the server name
[Fri Sep 11 18:51:55.090409 2020] [mpm_winnt:notice] [pid 7720:tid 532] AH00354: Child: Starting 150 worker threads.
[Fri Sep 11 18:52:11.683779 2020] [ssl:warn] [pid 4688:tid 592] AH01909: www.example.com:443:0 server certificate does NOT include an ID which matches the server name
[Fri Sep 11 18:52:11.730985 2020] [core:error] [pid 4688:tid 592] (OS 11001)No such host is known.  : AH00547: Could not resolve host name 51.210.41.122/dyscovery -- ignoring!
[Fri Sep 11 18:52:11.762039 2020] [core:warn] [pid 4688:tid 592] AH00098: pid file C:/Users/Administrator/Documents/GitHub/TeraOnlineServer_Shock_1732/web/apache/logs/httpd.pid overwritten -- Unclean shutdown of previous Apache run?
[Fri Sep 11 18:52:11.778725 2020] [ssl:warn] [pid 4688:tid 592] AH01909: www.example.com:443:0 server certificate does NOT include an ID which matches the server name
[Fri Sep 11 18:52:11.808797 2020] [mpm_winnt:notice] [pid 4688:tid 592] AH00455: Apache/2.4.41 (Win64) OpenSSL/1.1.1c PHP/7.3.9 configured -- resuming normal operations
[Fri Sep 11 18:52:11.808797 2020] [mpm_winnt:notice] [pid 4688:tid 592] AH00456: Apache Lounge VC15 Server built: Aug 11 2019 12:20:04
[Fri Sep 11 18:52:11.808797 2020] [core:notice] [pid 4688:tid 592] AH00094: Command line: 'c:\\users\\administrator\\documents\\github\\teraonlineserver_shock_1732\\web\\apache\\bin\\httpd.exe -d C:/Users/Administrator/Documents/GitHub/TeraOnlineServer_Shock_1732/web/apache'
[Fri Sep 11 18:52:11.824582 2020] [mpm_winnt:notice] [pid 4688:tid 592] AH00418: Parent: Created child process 3720
AH00548: NameVirtualHost has no effect and will be removed in the next release C:/Users/Administrator/Documents/GitHub/TeraOnlineServer_Shock_1732/web/apache/conf/extra/httpd-vhosts.conf:20
[Fri Sep 11 18:52:12.402486 2020] [core:error] [pid 3720:tid 604] (OS 11001)No such host is known.  : AH00547: Could not resolve host name 51.210.41.122/dyscovery -- ignoring!
[Fri Sep 11 18:52:12.434002 2020] [ssl:warn] [pid 3720:tid 604] AH01909: www.example.com:443:0 server certificate does NOT include an ID which matches the server name
[Fri Sep 11 18:52:12.480862 2020] [core:error] [pid 3720:tid 604] (OS 11001)No such host is known.  : AH00547: Could not resolve host name 51.210.41.122/dyscovery -- ignoring!
[Fri Sep 11 18:52:12.497404 2020] [ssl:warn] [pid 3720:tid 604] AH01909: www.example.com:443:0 server certificate does NOT include an ID which matches the server name
[Fri Sep 11 18:52:12.543112 2020] [mpm_winnt:notice] [pid 3720:tid 604] AH00354: Child: Starting 150 worker threads.
[Fri Sep 11 18:53:19.902941 2020] [ssl:warn] [pid 5676:tid 596] AH01909: www.example.com:443:0 server certificate does NOT include an ID which matches the server name
[Fri Sep 11 18:53:19.949744 2020] [core:error] [pid 5676:tid 596] (OS 11001)No such host is known.  : AH00547: Could not resolve host name 51.210.41.122/dyscovery -- ignoring!
[Fri Sep 11 18:53:31.027861 2020] [core:error] [pid 5676:tid 596] (OS 11001)No such host is known.  : AH00547: Could not resolve host name dyscovery.tk -- ignoring!
[Fri Sep 11 18:53:31.043355 2020] [core:warn] [pid 5676:tid 596] AH00098: pid file C:/Users/Administrator/Documents/GitHub/TeraOnlineServer_Shock_1732/web/apache/logs/httpd.pid overwritten -- Unclean shutdown of previous Apache run?
[Fri Sep 11 18:53:31.059095 2020] [ssl:warn] [pid 5676:tid 596] AH01909: www.example.com:443:0 server certificate does NOT include an ID which matches the server name
[Fri Sep 11 18:53:31.105960 2020] [mpm_winnt:notice] [pid 5676:tid 596] AH00455: Apache/2.4.41 (Win64) OpenSSL/1.1.1c PHP/7.3.9 configured -- resuming normal operations
[Fri Sep 11 18:53:31.105960 2020] [mpm_winnt:notice] [pid 5676:tid 596] AH00456: Apache Lounge VC15 Server built: Aug 11 2019 12:20:04
[Fri Sep 11 18:53:31.105960 2020] [core:notice] [pid 5676:tid 596] AH00094: Command line: 'c:\\users\\administrator\\documents\\github\\teraonlineserver_shock_1732\\web\\apache\\bin\\httpd.exe -d C:/Users/Administrator/Documents/GitHub/TeraOnlineServer_Shock_1732/web/apache'
[Fri Sep 11 18:53:31.105960 2020] [mpm_winnt:notice] [pid 5676:tid 596] AH00418: Parent: Created child process 5340
AH00548: NameVirtualHost has no effect and will be removed in the next release C:/Users/Administrator/Documents/GitHub/TeraOnlineServer_Shock_1732/web/apache/conf/extra/httpd-vhosts.conf:20
[Fri Sep 11 18:53:31.715413 2020] [core:error] [pid 5340:tid 616] (OS 11001)No such host is known.  : AH00547: Could not resolve host name 51.210.41.122/dyscovery -- ignoring!
[Fri Sep 11 18:53:31.730699 2020] [ssl:warn] [pid 5340:tid 616] AH01909: www.example.com:443:0 server certificate does NOT include an ID which matches the server name
[Fri Sep 11 18:53:31.793184 2020] [core:error] [pid 5340:tid 616] (OS 11001)No such host is known.  : AH00547: Could not resolve host name 51.210.41.122/dyscovery -- ignoring!
[Fri Sep 11 18:53:31.824675 2020] [ssl:warn] [pid 5340:tid 616] AH01909: www.example.com:443:0 server certificate does NOT include an ID which matches the server name
[Fri Sep 11 18:53:31.871521 2020] [mpm_winnt:notice] [pid 5340:tid 616] AH00354: Child: Starting 150 worker threads.
[Fri Sep 11 18:53:33.558819 2020] [ssl:warn] [pid 4304:tid 576] AH01909: www.example.com:443:0 server certificate does NOT include an ID which matches the server name
[Fri Sep 11 18:53:33.590349 2020] [core:error] [pid 4304:tid 576] (OS 11001)No such host is known.  : AH00547: Could not resolve host name 51.210.41.122/dyscovery -- ignoring!
[Fri Sep 11 18:53:33.621434 2020] [core:warn] [pid 4304:tid 576] AH00098: pid file C:/Users/Administrator/Documents/GitHub/TeraOnlineServer_Shock_1732/web/apache/logs/httpd.pid overwritten -- Unclean shutdown of previous Apache run?
[Fri Sep 11 18:53:33.637274 2020] [ssl:warn] [pid 4304:tid 576] AH01909: www.example.com:443:0 server certificate does NOT include an ID which matches the server name
[Fri Sep 11 18:53:33.668272 2020] [mpm_winnt:notice] [pid 4304:tid 576] AH00455: Apache/2.4.41 (Win64) OpenSSL/1.1.1c PHP/7.3.9 configured -- resuming normal operations
[Fri Sep 11 18:53:33.668272 2020] [mpm_winnt:notice] [pid 4304:tid 576] AH00456: Apache Lounge VC15 Server built: Aug 11 2019 12:20:04
[Fri Sep 11 18:53:33.668272 2020] [core:notice] [pid 4304:tid 576] AH00094: Command line: 'c:\\users\\administrator\\documents\\github\\teraonlineserver_shock_1732\\web\\apache\\bin\\httpd.exe -d C:/Users/Administrator/Documents/GitHub/TeraOnlineServer_Shock_1732/web/apache'
[Fri Sep 11 18:53:33.668272 2020] [mpm_winnt:notice] [pid 4304:tid 576] AH00418: Parent: Created child process 7724
AH00548: NameVirtualHost has no effect and will be removed in the next release C:/Users/Administrator/Documents/GitHub/TeraOnlineServer_Shock_1732/web/apache/conf/extra/httpd-vhosts.conf:20
[Fri Sep 11 18:53:34.293566 2020] [core:error] [pid 7724:tid 612] (OS 11001)No such host is known.  : AH00547: Could not resolve host name 51.210.41.122/dyscovery -- ignoring!
[Fri Sep 11 18:53:34.324606 2020] [ssl:warn] [pid 7724:tid 612] AH01909: www.example.com:443:0 server certificate does NOT include an ID which matches the server name
[Fri Sep 11 18:53:34.371394 2020] [core:error] [pid 7724:tid 612] (OS 11001)No such host is known.  : AH00547: Could not resolve host name 51.210.41.122/dyscovery -- ignoring!
[Fri Sep 11 18:53:34.387218 2020] [ssl:warn] [pid 7724:tid 612] AH01909: www.example.com:443:0 server certificate does NOT include an ID which matches the server name
[Fri Sep 11 18:53:34.433963 2020] [mpm_winnt:notice] [pid 7724:tid 612] AH00354: Child: Starting 150 worker threads.
[Fri Sep 11 18:53:51.183787 2020] [ssl:warn] [pid 6420:tid 672] AH01909: www.example.com:443:0 server certificate does NOT include an ID which matches the server name
[Fri Sep 11 18:53:51.262034 2020] [core:warn] [pid 6420:tid 672] AH00098: pid file C:/Users/Administrator/Documents/GitHub/TeraOnlineServer_Shock_1732/web/apache/logs/httpd.pid overwritten -- Unclean shutdown of previous Apache run?
[Fri Sep 11 18:53:51.277782 2020] [ssl:warn] [pid 6420:tid 672] AH01909: www.example.com:443:0 server certificate does NOT include an ID which matches the server name
[Fri Sep 11 18:53:51.324696 2020] [mpm_winnt:notice] [pid 6420:tid 672] AH00455: Apache/2.4.41 (Win64) OpenSSL/1.1.1c PHP/7.3.9 configured -- resuming normal operations
[Fri Sep 11 18:53:51.324696 2020] [mpm_winnt:notice] [pid 6420:tid 672] AH00456: Apache Lounge VC15 Server built: Aug 11 2019 12:20:04
[Fri Sep 11 18:53:51.324696 2020] [core:notice] [pid 6420:tid 672] AH00094: Command line: 'c:\\users\\administrator\\documents\\github\\teraonlineserver_shock_1732\\web\\apache\\bin\\httpd.exe -d C:/Users/Administrator/Documents/GitHub/TeraOnlineServer_Shock_1732/web/apache'
[Fri Sep 11 18:53:51.324696 2020] [mpm_winnt:notice] [pid 6420:tid 672] AH00418: Parent: Created child process 6408
AH00548: NameVirtualHost has no effect and will be removed in the next release C:/Users/Administrator/Documents/GitHub/TeraOnlineServer_Shock_1732/web/apache/conf/extra/httpd-vhosts.conf:20
[Fri Sep 11 18:53:51.949415 2020] [ssl:warn] [pid 6408:tid 680] AH01909: www.example.com:443:0 server certificate does NOT include an ID which matches the server name
[Fri Sep 11 18:53:52.027707 2020] [ssl:warn] [pid 6408:tid 680] AH01909: www.example.com:443:0 server certificate does NOT include an ID which matches the server name
[Fri Sep 11 18:53:52.074535 2020] [mpm_winnt:notice] [pid 6408:tid 680] AH00354: Child: Starting 150 worker threads.
[Fri Sep 11 18:54:06.996398 2020] [ssl:warn] [pid 4072:tid 632] AH01909: www.example.com:443:0 server certificate does NOT include an ID which matches the server name
[Fri Sep 11 18:54:07.075758 2020] [core:warn] [pid 4072:tid 632] AH00098: pid file C:/Users/Administrator/Documents/GitHub/TeraOnlineServer_Shock_1732/web/apache/logs/httpd.pid overwritten -- Unclean shutdown of previous Apache run?
[Fri Sep 11 18:54:07.090020 2020] [ssl:warn] [pid 4072:tid 632] AH01909: www.example.com:443:0 server certificate does NOT include an ID which matches the server name
[Fri Sep 11 18:54:07.137284 2020] [mpm_winnt:notice] [pid 4072:tid 632] AH00455: Apache/2.4.41 (Win64) OpenSSL/1.1.1c PHP/7.3.9 configured -- resuming normal operations
[Fri Sep 11 18:54:07.137284 2020] [mpm_winnt:notice] [pid 4072:tid 632] AH00456: Apache Lounge VC15 Server built: Aug 11 2019 12:20:04
[Fri Sep 11 18:54:07.137284 2020] [core:notice] [pid 4072:tid 632] AH00094: Command line: 'c:\\users\\administrator\\documents\\github\\teraonlineserver_shock_1732\\web\\apache\\bin\\httpd.exe -d C:/Users/Administrator/Documents/GitHub/TeraOnlineServer_Shock_1732/web/apache'
[Fri Sep 11 18:54:07.137284 2020] [mpm_winnt:notice] [pid 4072:tid 632] AH00418: Parent: Created child process 5004
AH00548: NameVirtualHost has no effect and will be removed in the next release C:/Users/Administrator/Documents/GitHub/TeraOnlineServer_Shock_1732/web/apache/conf/extra/httpd-vhosts.conf:20
[Fri Sep 11 18:54:07.746509 2020] [ssl:warn] [pid 5004:tid 632] AH01909: www.example.com:443:0 server certificate does NOT include an ID which matches the server name
[Fri Sep 11 18:54:07.824735 2020] [ssl:warn] [pid 5004:tid 632] AH01909: www.example.com:443:0 server certificate does NOT include an ID which matches the server name
[Fri Sep 11 18:54:07.871425 2020] [mpm_winnt:notice] [pid 5004:tid 632] AH00354: Child: Starting 150 worker threads.
[Fri Sep 11 18:55:08.746690 2020] [ssl:warn] [pid 1776:tid 672] AH01909: www.example.com:443:0 server certificate does NOT include an ID which matches the server name
[Fri Sep 11 18:55:08.824616 2020] [core:warn] [pid 1776:tid 672] AH00098: pid file C:/Users/Administrator/Documents/GitHub/TeraOnlineServer_Shock_1732/web/apache/logs/httpd.pid overwritten -- Unclean shutdown of previous Apache run?
[Fri Sep 11 18:55:08.840388 2020] [ssl:warn] [pid 1776:tid 672] AH01909: www.example.com:443:0 server certificate does NOT include an ID which matches the server name
[Fri Sep 11 18:55:08.888182 2020] [mpm_winnt:notice] [pid 1776:tid 672] AH00455: Apache/2.4.41 (Win64) OpenSSL/1.1.1c PHP/7.3.9 configured -- resuming normal operations
[Fri Sep 11 18:55:08.888182 2020] [mpm_winnt:notice] [pid 1776:tid 672] AH00456: Apache Lounge VC15 Server built: Aug 11 2019 12:20:04
[Fri Sep 11 18:55:08.888182 2020] [core:notice] [pid 1776:tid 672] AH00094: Command line: 'c:\\users\\administrator\\documents\\github\\teraonlineserver_shock_1732\\web\\apache\\bin\\httpd.exe -d C:/Users/Administrator/Documents/GitHub/TeraOnlineServer_Shock_1732/web/apache'
[Fri Sep 11 18:55:08.888182 2020] [mpm_winnt:notice] [pid 1776:tid 672] AH00418: Parent: Created child process 7592
AH00548: NameVirtualHost has no effect and will be removed in the next release C:/Users/Administrator/Documents/GitHub/TeraOnlineServer_Shock_1732/web/apache/conf/extra/httpd-vhosts.conf:20
[Fri Sep 11 18:55:09.590320 2020] [ssl:warn] [pid 7592:tid 684] AH01909: www.example.com:443:0 server certificate does NOT include an ID which matches the server name
[Fri Sep 11 18:55:09.668529 2020] [ssl:warn] [pid 7592:tid 684] AH01909: www.example.com:443:0 server certificate does NOT include an ID which matches the server name
[Fri Sep 11 18:55:09.715303 2020] [mpm_winnt:notice] [pid 7592:tid 684] AH00354: Child: Starting 150 worker threads.
[Fri Sep 11 18:57:21.027913 2020] [ssl:warn] [pid 6592:tid 672] AH01909: www.example.com:443:0 server certificate does NOT include an ID which matches the server name
[Fri Sep 11 18:57:21.105754 2020] [core:warn] [pid 6592:tid 672] AH00098: pid file C:/Users/Administrator/Documents/GitHub/TeraOnlineServer_Shock_1732/web/apache/logs/httpd.pid overwritten -- Unclean shutdown of previous Apache run?
[Fri Sep 11 18:57:21.121471 2020] [ssl:warn] [pid 6592:tid 672] AH01909: www.example.com:443:0 server certificate does NOT include an ID which matches the server name
[Fri Sep 11 18:57:21.152474 2020] [mpm_winnt:notice] [pid 6592:tid 672] AH00455: Apache/2.4.41 (Win64) OpenSSL/1.1.1c PHP/7.3.9 configured -- resuming normal operations
[Fri Sep 11 18:57:21.152474 2020] [mpm_winnt:notice] [pid 6592:tid 672] AH00456: Apache Lounge VC15 Server built: Aug 11 2019 12:20:04
[Fri Sep 11 18:57:21.152474 2020] [core:notice] [pid 6592:tid 672] AH00094: Command line: 'c:\\users\\administrator\\documents\\github\\teraonlineserver_shock_1732\\web\\apache\\bin\\httpd.exe -d C:/Users/Administrator/Documents/GitHub/TeraOnlineServer_Shock_1732/web/apache'
[Fri Sep 11 18:57:21.168265 2020] [mpm_winnt:notice] [pid 6592:tid 672] AH00418: Parent: Created child process 8056
AH00548: NameVirtualHost has no effect and will be removed in the next release C:/Users/Administrator/Documents/GitHub/TeraOnlineServer_Shock_1732/web/apache/conf/extra/httpd-vhosts.conf:20
[Fri Sep 11 18:57:21.934634 2020] [ssl:warn] [pid 8056:tid 684] AH01909: www.example.com:443:0 server certificate does NOT include an ID which matches the server name
[Fri Sep 11 18:57:22.027653 2020] [ssl:warn] [pid 8056:tid 684] AH01909: www.example.com:443:0 server certificate does NOT include an ID which matches the server name
[Fri Sep 11 18:57:22.074336 2020] [mpm_winnt:notice] [pid 8056:tid 684] AH00354: Child: Starting 150 worker threads.
[Fri Sep 11 18:57:36.934888 2020] [ssl:warn] [pid 7556:tid 620] AH01909: www.example.com:443:0 server certificate does NOT include an ID which matches the server name
[Fri Sep 11 18:57:37.012253 2020] [core:warn] [pid 7556:tid 620] AH00098: pid file C:/Users/Administrator/Documents/GitHub/TeraOnlineServer_Shock_1732/web/apache/logs/httpd.pid overwritten -- Unclean shutdown of previous Apache run?
[Fri Sep 11 18:57:37.027587 2020] [ssl:warn] [pid 7556:tid 620] AH01909: www.example.com:443:0 server certificate does NOT include an ID which matches the server name
[Fri Sep 11 18:57:37.059048 2020] [mpm_winnt:notice] [pid 7556:tid 620] AH00455: Apache/2.4.41 (Win64) OpenSSL/1.1.1c PHP/7.3.9 configured -- resuming normal operations
[Fri Sep 11 18:57:37.059048 2020] [mpm_winnt:notice] [pid 7556:tid 620] AH00456: Apache Lounge VC15 Server built: Aug 11 2019 12:20:04
[Fri Sep 11 18:57:37.059048 2020] [core:notice] [pid 7556:tid 620] AH00094: Command line: 'c:\\users\\administrator\\documents\\github\\teraonlineserver_shock_1732\\web\\apache\\bin\\httpd.exe -d C:/Users/Administrator/Documents/GitHub/TeraOnlineServer_Shock_1732/web/apache'
[Fri Sep 11 18:57:37.074844 2020] [mpm_winnt:notice] [pid 7556:tid 620] AH00418: Parent: Created child process 5940
AH00548: NameVirtualHost has no effect and will be removed in the next release C:/Users/Administrator/Documents/GitHub/TeraOnlineServer_Shock_1732/web/apache/conf/extra/httpd-vhosts.conf:20
[Fri Sep 11 18:57:37.699559 2020] [ssl:warn] [pid 5940:tid 636] AH01909: www.example.com:443:0 server certificate does NOT include an ID which matches the server name
[Fri Sep 11 18:57:37.777748 2020] [ssl:warn] [pid 5940:tid 636] AH01909: www.example.com:443:0 server certificate does NOT include an ID which matches the server name
[Fri Sep 11 18:57:37.824584 2020] [mpm_winnt:notice] [pid 5940:tid 636] AH00354: Child: Starting 150 worker threads.
[Fri Sep 11 18:58:07.137115 2020] [ssl:warn] [pid 5960:tid 620] AH01909: www.example.com:443:0 server certificate does NOT include an ID which matches the server name
[Fri Sep 11 18:58:07.199602 2020] [core:warn] [pid 5960:tid 620] AH00098: pid file C:/Users/Administrator/Documents/GitHub/TeraOnlineServer_Shock_1732/web/apache/logs/httpd.pid overwritten -- Unclean shutdown of previous Apache run?
[Fri Sep 11 18:58:07.215348 2020] [ssl:warn] [pid 5960:tid 620] AH01909: www.example.com:443:0 server certificate does NOT include an ID which matches the server name
[Fri Sep 11 18:58:07.262254 2020] [mpm_winnt:notice] [pid 5960:tid 620] AH00455: Apache/2.4.41 (Win64) OpenSSL/1.1.1c PHP/7.3.9 configured -- resuming normal operations
[Fri Sep 11 18:58:07.262254 2020] [mpm_winnt:notice] [pid 5960:tid 620] AH00456: Apache Lounge VC15 Server built: Aug 11 2019 12:20:04
[Fri Sep 11 18:58:07.262254 2020] [core:notice] [pid 5960:tid 620] AH00094: Command line: 'c:\\users\\administrator\\documents\\github\\teraonlineserver_shock_1732\\web\\apache\\bin\\httpd.exe -d C:/Users/Administrator/Documents/GitHub/TeraOnlineServer_Shock_1732/web/apache'
[Fri Sep 11 18:58:07.262254 2020] [mpm_winnt:notice] [pid 5960:tid 620] AH00418: Parent: Created child process 3896
AH00548: NameVirtualHost has no effect and will be removed in the next release C:/Users/Administrator/Documents/GitHub/TeraOnlineServer_Shock_1732/web/apache/conf/extra/httpd-vhosts.conf:20
[Fri Sep 11 18:58:07.871570 2020] [ssl:warn] [pid 3896:tid 628] AH01909: www.example.com:443:0 server certificate does NOT include an ID which matches the server name
[Fri Sep 11 18:58:07.949473 2020] [ssl:warn] [pid 3896:tid 628] AH01909: www.example.com:443:0 server certificate does NOT include an ID which matches the server name
[Fri Sep 11 18:58:07.996744 2020] [mpm_winnt:notice] [pid 3896:tid 628] AH00354: Child: Starting 150 worker threads.
[Fri Sep 11 18:58:42.933861 2020] [core:error] [pid 3896:tid 1904] [client 91.160.237.131:20662] AH00124: Request exceeded the limit of 10 internal redirects due to probable configuration error. Use 'LimitInternalRecursion' to increase the limit if necessary. Use 'LogLevel debug' to get a backtrace.
[Fri Sep 11 18:58:42.933861 2020] [core:error] [pid 3896:tid 1904] [client 91.160.237.131:20662] AH00124: Request exceeded the limit of 10 internal redirects due to probable configuration error. Use 'LimitInternalRecursion' to increase the limit if necessary. Use 'LogLevel debug' to get a backtrace.
[Fri Sep 11 19:07:09.870131 2020] [core:error] [pid 3896:tid 1908] [client 91.160.237.131:25173] AH00124: Request exceeded the limit of 10 internal redirects due to probable configuration error. Use 'LimitInternalRecursion' to increase the limit if necessary. Use 'LogLevel debug' to get a backtrace., referer: http://building.terawip.tk/
[Fri Sep 11 19:07:09.870131 2020] [core:error] [pid 3896:tid 1908] [client 91.160.237.131:25173] AH00124: Request exceeded the limit of 10 internal redirects due to probable configuration error. Use 'LimitInternalRecursion' to increase the limit if necessary. Use 'LogLevel debug' to get a backtrace., referer: http://building.terawip.tk/
[Fri Sep 11 19:07:10.619624 2020] [core:error] [pid 3896:tid 1892] [client 91.160.237.131:21794] AH00124: Request exceeded the limit of 10 internal redirects due to probable configuration error. Use 'LimitInternalRecursion' to increase the limit if necessary. Use 'LogLevel debug' to get a backtrace.
[Fri Sep 11 19:07:10.619624 2020] [core:error] [pid 3896:tid 1892] [client 91.160.237.131:21794] AH00124: Request exceeded the limit of 10 internal redirects due to probable configuration error. Use 'LimitInternalRecursion' to increase the limit if necessary. Use 'LogLevel debug' to get a backtrace.
[Fri Sep 11 19:07:22.150908 2020] [core:error] [pid 3896:tid 1908] [client 35.196.132.85:63900] AH00124: Request exceeded the limit of 10 internal redirects due to probable configuration error. Use 'LimitInternalRecursion' to increase the limit if necessary. Use 'LogLevel debug' to get a backtrace.
[Fri Sep 11 19:07:22.150908 2020] [core:error] [pid 3896:tid 1908] [client 35.196.132.85:63900] AH00124: Request exceeded the limit of 10 internal redirects due to probable configuration error. Use 'LimitInternalRecursion' to increase the limit if necessary. Use 'LogLevel debug' to get a backtrace.
[Fri Sep 11 19:08:32.151130 2020] [core:error] [pid 3896:tid 1900] [client 92.141.80.73:60835] AH00124: Request exceeded the limit of 10 internal redirects due to probable configuration error. Use 'LimitInternalRecursion' to increase the limit if necessary. Use 'LogLevel debug' to get a backtrace., referer: http://building.terawip.tk/
[Fri Sep 11 19:08:32.151130 2020] [core:error] [pid 3896:tid 1900] [client 92.141.80.73:60835] AH00124: Request exceeded the limit of 10 internal redirects due to probable configuration error. Use 'LimitInternalRecursion' to increase the limit if necessary. Use 'LogLevel debug' to get a backtrace., referer: http://building.terawip.tk/
[Fri Sep 11 19:08:32.869850 2020] [core:error] [pid 3896:tid 1884] [client 92.141.80.73:60833] AH00124: Request exceeded the limit of 10 internal redirects due to probable configuration error. Use 'LimitInternalRecursion' to increase the limit if necessary. Use 'LogLevel debug' to get a backtrace., referer: http://building.terawip.tk/
[Fri Sep 11 19:08:32.869850 2020] [core:error] [pid 3896:tid 1884] [client 92.141.80.73:60833] AH00124: Request exceeded the limit of 10 internal redirects due to probable configuration error. Use 'LimitInternalRecursion' to increase the limit if necessary. Use 'LogLevel debug' to get a backtrace., referer: http://building.terawip.tk/
[Fri Sep 11 19:43:30.619843 2020] [core:error] [pid 3896:tid 1908] [client 91.160.237.131:20402] AH00124: Request exceeded the limit of 10 internal redirects due to probable configuration error. Use 'LimitInternalRecursion' to increase the limit if necessary. Use 'LogLevel debug' to get a backtrace., referer: http://building.terawip.tk/
[Fri Sep 11 19:43:30.619843 2020] [core:error] [pid 3896:tid 1908] [client 91.160.237.131:20402] AH00124: Request exceeded the limit of 10 internal redirects due to probable configuration error. Use 'LimitInternalRecursion' to increase the limit if necessary. Use 'LogLevel debug' to get a backtrace., referer: http://building.terawip.tk/
[Fri Sep 11 19:54:24.917529 2020] [ssl:warn] [pid 6376:tid 620] AH01909: www.example.com:443:0 server certificate does NOT include an ID which matches the server name
[Fri Sep 11 19:54:25.042696 2020] [core:warn] [pid 6376:tid 620] AH00098: pid file C:/Users/Administrator/Documents/GitHub/TeraOnlineServer_Shock_1732/web/apache/logs/httpd.pid overwritten -- Unclean shutdown of previous Apache run?
[Fri Sep 11 19:54:25.057947 2020] [ssl:warn] [pid 6376:tid 620] AH01909: www.example.com:443:0 server certificate does NOT include an ID which matches the server name
[Fri Sep 11 19:54:25.105296 2020] [mpm_winnt:notice] [pid 6376:tid 620] AH00455: Apache/2.4.41 (Win64) OpenSSL/1.1.1c PHP/7.3.9 configured -- resuming normal operations
[Fri Sep 11 19:54:25.105296 2020] [mpm_winnt:notice] [pid 6376:tid 620] AH00456: Apache Lounge VC15 Server built: Aug 11 2019 12:20:04
[Fri Sep 11 19:54:25.105296 2020] [core:notice] [pid 6376:tid 620] AH00094: Command line: 'c:\\users\\administrator\\documents\\github\\teraonlineserver_shock_1732\\web\\apache\\bin\\httpd.exe -d C:/Users/Administrator/Documents/GitHub/TeraOnlineServer_Shock_1732/web/apache'
[Fri Sep 11 19:54:25.105296 2020] [mpm_winnt:notice] [pid 6376:tid 620] AH00418: Parent: Created child process 7968
AH00548: NameVirtualHost has no effect and will be removed in the next release C:/Users/Administrator/Documents/GitHub/TeraOnlineServer_Shock_1732/web/apache/conf/extra/httpd-vhosts.conf:20
[Fri Sep 11 19:54:25.792498 2020] [ssl:warn] [pid 7968:tid 660] AH01909: www.example.com:443:0 server certificate does NOT include an ID which matches the server name
[Fri Sep 11 19:54:25.870720 2020] [ssl:warn] [pid 7968:tid 660] AH01909: www.example.com:443:0 server certificate does NOT include an ID which matches the server name
[Fri Sep 11 19:54:25.917569 2020] [mpm_winnt:notice] [pid 7968:tid 660] AH00354: Child: Starting 150 worker threads.
[Fri Sep 11 20:00:48.498266 2020] [ssl:warn] [pid 6624:tid 628] AH01909: www.example.com:443:0 server certificate does NOT include an ID which matches the server name
[Fri Sep 11 20:00:48.592230 2020] [core:warn] [pid 6624:tid 628] AH00098: pid file C:/Users/Administrator/Documents/GitHub/TeraOnlineServer_Shock_1732/web/apache/logs/httpd.pid overwritten -- Unclean shutdown of previous Apache run?
[Fri Sep 11 20:00:48.607543 2020] [ssl:warn] [pid 6624:tid 628] AH01909: www.example.com:443:0 server certificate does NOT include an ID which matches the server name
[Fri Sep 11 20:00:48.654297 2020] [mpm_winnt:notice] [pid 6624:tid 628] AH00455: Apache/2.4.41 (Win64) OpenSSL/1.1.1c PHP/7.3.9 configured -- resuming normal operations
[Fri Sep 11 20:00:48.654297 2020] [mpm_winnt:notice] [pid 6624:tid 628] AH00456: Apache Lounge VC15 Server built: Aug 11 2019 12:20:04
[Fri Sep 11 20:00:48.654297 2020] [core:notice] [pid 6624:tid 628] AH00094: Command line: 'c:\\users\\administrator\\documents\\github\\teraonlineserver_shock_1732\\web\\apache\\bin\\httpd.exe -d C:/Users/Administrator/Documents/GitHub/TeraOnlineServer_Shock_1732/web/apache'
[Fri Sep 11 20:00:48.654297 2020] [mpm_winnt:notice] [pid 6624:tid 628] AH00418: Parent: Created child process 3176
AH00548: NameVirtualHost has no effect and will be removed in the next release C:/Users/Administrator/Documents/GitHub/TeraOnlineServer_Shock_1732/web/apache/conf/extra/httpd-vhosts.conf:20
[Fri Sep 11 20:00:49.295264 2020] [ssl:warn] [pid 3176:tid 632] AH01909: www.example.com:443:0 server certificate does NOT include an ID which matches the server name
[Fri Sep 11 20:00:49.373053 2020] [ssl:warn] [pid 3176:tid 632] AH01909: www.example.com:443:0 server certificate does NOT include an ID which matches the server name
[Fri Sep 11 20:00:49.420437 2020] [mpm_winnt:notice] [pid 3176:tid 632] AH00354: Child: Starting 150 worker threads.
[Fri Sep 11 20:10:21.638783 2020] [ssl:warn] [pid 5228:tid 624] AH01909: www.example.com:443:0 server certificate does NOT include an ID which matches the server name
[Fri Sep 11 20:10:21.732755 2020] [core:warn] [pid 5228:tid 624] AH00098: pid file C:/Users/Administrator/Documents/GitHub/TeraOnlineServer_Shock_1732/web/apache/logs/httpd.pid overwritten -- Unclean shutdown of previous Apache run?
[Fri Sep 11 20:10:21.732755 2020] [ssl:warn] [pid 5228:tid 624] AH01909: www.example.com:443:0 server certificate does NOT include an ID which matches the server name
[Fri Sep 11 20:10:21.779459 2020] [mpm_winnt:notice] [pid 5228:tid 624] AH00455: Apache/2.4.41 (Win64) OpenSSL/1.1.1c PHP/7.3.9 configured -- resuming normal operations
[Fri Sep 11 20:10:21.779459 2020] [mpm_winnt:notice] [pid 5228:tid 624] AH00456: Apache Lounge VC15 Server built: Aug 11 2019 12:20:04
[Fri Sep 11 20:10:21.779459 2020] [core:notice] [pid 5228:tid 624] AH00094: Command line: 'c:\\users\\administrator\\documents\\github\\teraonlineserver_shock_1732\\web\\apache\\bin\\httpd.exe -d C:/Users/Administrator/Documents/GitHub/TeraOnlineServer_Shock_1732/web/apache'
[Fri Sep 11 20:10:21.779459 2020] [mpm_winnt:notice] [pid 5228:tid 624] AH00418: Parent: Created child process 7524
AH00548: NameVirtualHost has no effect and will be removed in the next release C:/Users/Administrator/Documents/GitHub/TeraOnlineServer_Shock_1732/web/apache/conf/extra/httpd-vhosts.conf:23
[Fri Sep 11 20:10:22.389085 2020] [ssl:warn] [pid 7524:tid 628] AH01909: www.example.com:443:0 server certificate does NOT include an ID which matches the server name
[Fri Sep 11 20:10:22.466942 2020] [ssl:warn] [pid 7524:tid 628] AH01909: www.example.com:443:0 server certificate does NOT include an ID which matches the server name
[Fri Sep 11 20:10:22.498594 2020] [mpm_winnt:notice] [pid 7524:tid 628] AH00354: Child: Starting 150 worker threads.
[Fri Sep 11 20:14:51.951346 2020] [ssl:warn] [pid 2120:tid 592] AH01909: www.example.com:443:0 server certificate does NOT include an ID which matches the server name
[Fri Sep 11 20:14:52.029682 2020] [core:warn] [pid 2120:tid 592] AH00098: pid file C:/Users/Administrator/Documents/GitHub/TeraOnlineServer_Shock_1732/web/apache/logs/httpd.pid overwritten -- Unclean shutdown of previous Apache run?
[Fri Sep 11 20:14:52.044923 2020] [ssl:warn] [pid 2120:tid 592] AH01909: www.example.com:443:0 server certificate does NOT include an ID which matches the server name
[Fri Sep 11 20:14:52.092176 2020] [mpm_winnt:notice] [pid 2120:tid 592] AH00455: Apache/2.4.41 (Win64) OpenSSL/1.1.1c PHP/7.3.9 configured -- resuming normal operations
[Fri Sep 11 20:14:52.092176 2020] [mpm_winnt:notice] [pid 2120:tid 592] AH00456: Apache Lounge VC15 Server built: Aug 11 2019 12:20:04
[Fri Sep 11 20:14:52.092176 2020] [core:notice] [pid 2120:tid 592] AH00094: Command line: 'c:\\users\\administrator\\documents\\github\\teraonlineserver_shock_1732\\web\\apache\\bin\\httpd.exe -d C:/Users/Administrator/Documents/GitHub/TeraOnlineServer_Shock_1732/web/apache'
[Fri Sep 11 20:14:52.092176 2020] [mpm_winnt:notice] [pid 2120:tid 592] AH00418: Parent: Created child process 4640
AH00548: NameVirtualHost has no effect and will be removed in the next release C:/Users/Administrator/Documents/GitHub/TeraOnlineServer_Shock_1732/web/apache/conf/extra/httpd-vhosts.conf:22
[Fri Sep 11 20:14:52.732649 2020] [ssl:warn] [pid 4640:tid 636] AH01909: www.example.com:443:0 server certificate does NOT include an ID which matches the server name
[Fri Sep 11 20:14:52.810977 2020] [ssl:warn] [pid 4640:tid 636] AH01909: www.example.com:443:0 server certificate does NOT include an ID which matches the server name
[Fri Sep 11 20:14:52.857733 2020] [mpm_winnt:notice] [pid 4640:tid 636] AH00354: Child: Starting 150 worker threads.
[Fri Sep 11 20:16:17.734349 2020] [ssl:warn] [pid 4188:tid 620] AH01909: www.example.com:443:0 server certificate does NOT include an ID which matches the server name
[Fri Sep 11 20:16:17.810616 2020] [core:warn] [pid 4188:tid 620] AH00098: pid file C:/Users/Administrator/Documents/GitHub/TeraOnlineServer_Shock_1732/web/apache/logs/httpd.pid overwritten -- Unclean shutdown of previous Apache run?
[Fri Sep 11 20:16:17.826434 2020] [ssl:warn] [pid 4188:tid 620] AH01909: www.example.com:443:0 server certificate does NOT include an ID which matches the server name
[Fri Sep 11 20:16:17.873135 2020] [mpm_winnt:notice] [pid 4188:tid 620] AH00455: Apache/2.4.41 (Win64) OpenSSL/1.1.1c PHP/7.3.9 configured -- resuming normal operations
[Fri Sep 11 20:16:17.873135 2020] [mpm_winnt:notice] [pid 4188:tid 620] AH00456: Apache Lounge VC15 Server built: Aug 11 2019 12:20:04
[Fri Sep 11 20:16:17.873135 2020] [core:notice] [pid 4188:tid 620] AH00094: Command line: 'c:\\users\\administrator\\documents\\github\\teraonlineserver_shock_1732\\web\\apache\\bin\\httpd.exe -d C:/Users/Administrator/Documents/GitHub/TeraOnlineServer_Shock_1732/web/apache'
[Fri Sep 11 20:16:17.873135 2020] [mpm_winnt:notice] [pid 4188:tid 620] AH00418: Parent: Created child process 7936
AH00548: NameVirtualHost has no effect and will be removed in the next release C:/Users/Administrator/Documents/GitHub/TeraOnlineServer_Shock_1732/web/apache/conf/extra/httpd-vhosts.conf:22
[Fri Sep 11 20:16:18.513764 2020] [ssl:warn] [pid 7936:tid 628] AH01909: www.example.com:443:0 server certificate does NOT include an ID which matches the server name
[Fri Sep 11 20:16:18.608821 2020] [ssl:warn] [pid 7936:tid 628] AH01909: www.example.com:443:0 server certificate does NOT include an ID which matches the server name
[Fri Sep 11 20:16:18.654575 2020] [mpm_winnt:notice] [pid 7936:tid 628] AH00354: Child: Starting 150 worker threads.
[Fri Sep 11 20:21:12.435646 2020] [ssl:warn] [pid 2808:tid 620] AH01909: www.example.com:443:0 server certificate does NOT include an ID which matches the server name
[Fri Sep 11 20:21:12.514056 2020] [core:warn] [pid 2808:tid 620] AH00098: pid file C:/Users/Administrator/Documents/GitHub/TeraOnlineServer_Shock_1732/web/apache/logs/httpd.pid overwritten -- Unclean shutdown of previous Apache run?
[Fri Sep 11 20:21:12.529688 2020] [ssl:warn] [pid 2808:tid 620] AH01909: www.example.com:443:0 server certificate does NOT include an ID which matches the server name
[Fri Sep 11 20:21:12.576385 2020] [mpm_winnt:notice] [pid 2808:tid 620] AH00455: Apache/2.4.41 (Win64) OpenSSL/1.1.1c PHP/7.3.9 configured -- resuming normal operations
[Fri Sep 11 20:21:12.576385 2020] [mpm_winnt:notice] [pid 2808:tid 620] AH00456: Apache Lounge VC15 Server built: Aug 11 2019 12:20:04
[Fri Sep 11 20:21:12.576385 2020] [core:notice] [pid 2808:tid 620] AH00094: Command line: 'c:\\users\\administrator\\documents\\github\\teraonlineserver_shock_1732\\web\\apache\\bin\\httpd.exe -d C:/Users/Administrator/Documents/GitHub/TeraOnlineServer_Shock_1732/web/apache'
[Fri Sep 11 20:21:12.592093 2020] [mpm_winnt:notice] [pid 2808:tid 620] AH00418: Parent: Created child process 7624
AH00548: NameVirtualHost has no effect and will be removed in the next release C:/Users/Administrator/Documents/GitHub/TeraOnlineServer_Shock_1732/web/apache/conf/extra/httpd-vhosts.conf:22
[Fri Sep 11 20:21:13.201569 2020] [ssl:warn] [pid 7624:tid 628] AH01909: www.example.com:443:0 server certificate does NOT include an ID which matches the server name
[Fri Sep 11 20:21:13.279488 2020] [ssl:warn] [pid 7624:tid 628] AH01909: www.example.com:443:0 server certificate does NOT include an ID which matches the server name
[Fri Sep 11 20:21:13.326261 2020] [mpm_winnt:notice] [pid 7624:tid 628] AH00354: Child: Starting 150 worker threads.
[Fri Sep 11 20:22:10.763610 2020] [ssl:warn] [pid 6604:tid 564] AH01909: www.example.com:443:0 server certificate does NOT include an ID which matches the server name
[Fri Sep 11 20:22:10.841863 2020] [core:warn] [pid 6604:tid 564] AH00098: pid file C:/Users/Administrator/Documents/GitHub/TeraOnlineServer_Shock_1732/web/apache/logs/httpd.pid overwritten -- Unclean shutdown of previous Apache run?
[Fri Sep 11 20:22:10.857637 2020] [ssl:warn] [pid 6604:tid 564] AH01909: www.example.com:443:0 server certificate does NOT include an ID which matches the server name
[Fri Sep 11 20:22:10.904307 2020] [mpm_winnt:notice] [pid 6604:tid 564] AH00455: Apache/2.4.41 (Win64) OpenSSL/1.1.1c PHP/7.3.9 configured -- resuming normal operations
[Fri Sep 11 20:22:10.904307 2020] [mpm_winnt:notice] [pid 6604:tid 564] AH00456: Apache Lounge VC15 Server built: Aug 11 2019 12:20:04
[Fri Sep 11 20:22:10.904307 2020] [core:notice] [pid 6604:tid 564] AH00094: Command line: 'c:\\users\\administrator\\documents\\github\\teraonlineserver_shock_1732\\web\\apache\\bin\\httpd.exe -d C:/Users/Administrator/Documents/GitHub/TeraOnlineServer_Shock_1732/web/apache'
[Fri Sep 11 20:22:10.904307 2020] [mpm_winnt:notice] [pid 6604:tid 564] AH00418: Parent: Created child process 344
AH00548: NameVirtualHost has no effect and will be removed in the next release C:/Users/Administrator/Documents/GitHub/TeraOnlineServer_Shock_1732/web/apache/conf/extra/httpd-vhosts.conf:22
[Fri Sep 11 20:22:11.732534 2020] [ssl:warn] [pid 344:tid 628] AH01909: www.example.com:443:0 server certificate does NOT include an ID which matches the server name
[Fri Sep 11 20:22:11.857543 2020] [ssl:warn] [pid 344:tid 628] AH01909: www.example.com:443:0 server certificate does NOT include an ID which matches the server name
[Fri Sep 11 20:22:11.904316 2020] [mpm_winnt:notice] [pid 344:tid 628] AH00354: Child: Starting 150 worker threads.
[Fri Sep 11 20:22:11.982460 2020] [autoindex:error] [pid 344:tid 1920] [client 127.0.0.1:55211] AH01276: Cannot serve directory C:/Users/Administrator/Documents/GitHub/TeraOnlineServer_Shock_1732/web/htdocs/: No matching DirectoryIndex (index.php,index.pl,index.cgi,index.asp,index.shtml,index.html,index.htm,default.php,default.pl,default.cgi,default.asp,default.shtml,default.html,default.htm,home.php,home.pl,home.cgi,home.asp,home.shtml,home.html,home.htm) found, and server-generated directory index forbidden by Options directive
[Fri Sep 11 20:23:07.170259 2020] [ssl:warn] [pid 7408:tid 632] AH01909: www.example.com:443:0 server certificate does NOT include an ID which matches the server name
[Fri Sep 11 20:23:07.248052 2020] [core:warn] [pid 7408:tid 632] AH00098: pid file C:/Users/Administrator/Documents/GitHub/TeraOnlineServer_Shock_1732/web/apache/logs/httpd.pid overwritten -- Unclean shutdown of previous Apache run?
[Fri Sep 11 20:23:07.263791 2020] [ssl:warn] [pid 7408:tid 632] AH01909: www.example.com:443:0 server certificate does NOT include an ID which matches the server name
[Fri Sep 11 20:23:07.310579 2020] [mpm_winnt:notice] [pid 7408:tid 632] AH00455: Apache/2.4.41 (Win64) OpenSSL/1.1.1c PHP/7.3.9 configured -- resuming normal operations
[Fri Sep 11 20:23:07.310579 2020] [mpm_winnt:notice] [pid 7408:tid 632] AH00456: Apache Lounge VC15 Server built: Aug 11 2019 12:20:04
[Fri Sep 11 20:23:07.310579 2020] [core:notice] [pid 7408:tid 632] AH00094: Command line: 'c:\\users\\administrator\\documents\\github\\teraonlineserver_shock_1732\\web\\apache\\bin\\httpd.exe -d C:/Users/Administrator/Documents/GitHub/TeraOnlineServer_Shock_1732/web/apache'
[Fri Sep 11 20:23:07.310579 2020] [mpm_winnt:notice] [pid 7408:tid 632] AH00418: Parent: Created child process 5664
AH00548: NameVirtualHost has no effect and will be removed in the next release C:/Users/Administrator/Documents/GitHub/TeraOnlineServer_Shock_1732/web/apache/conf/extra/httpd-vhosts.conf:22
[Fri Sep 11 20:23:07.951098 2020] [ssl:warn] [pid 5664:tid 636] AH01909: www.example.com:443:0 server certificate does NOT include an ID which matches the server name
[Fri Sep 11 20:23:08.029412 2020] [ssl:warn] [pid 5664:tid 636] AH01909: www.example.com:443:0 server certificate does NOT include an ID which matches the server name
[Fri Sep 11 20:23:08.076176 2020] [mpm_winnt:notice] [pid 5664:tid 636] AH00354: Child: Starting 150 worker threads.
[Fri Sep 11 20:27:37.654361 2020] [ssl:warn] [pid 2288:tid 620] AH01909: www.example.com:443:0 server certificate does NOT include an ID which matches the server name
[Fri Sep 11 20:27:37.732592 2020] [core:warn] [pid 2288:tid 620] AH00098: pid file C:/Users/Administrator/Documents/GitHub/TeraOnlineServer_Shock_1732/web/apache/logs/httpd.pid overwritten -- Unclean shutdown of previous Apache run?
[Fri Sep 11 20:27:37.748319 2020] [ssl:warn] [pid 2288:tid 620] AH01909: www.example.com:443:0 server certificate does NOT include an ID which matches the server name
[Fri Sep 11 20:27:37.795068 2020] [mpm_winnt:notice] [pid 2288:tid 620] AH00455: Apache/2.4.41 (Win64) OpenSSL/1.1.1c PHP/7.3.9 configured -- resuming normal operations
[Fri Sep 11 20:27:37.795068 2020] [mpm_winnt:notice] [pid 2288:tid 620] AH00456: Apache Lounge VC15 Server built: Aug 11 2019 12:20:04
[Fri Sep 11 20:27:37.795068 2020] [core:notice] [pid 2288:tid 620] AH00094: Command line: 'c:\\users\\administrator\\documents\\github\\teraonlineserver_shock_1732\\web\\apache\\bin\\httpd.exe -d C:/Users/Administrator/Documents/GitHub/TeraOnlineServer_Shock_1732/web/apache'
[Fri Sep 11 20:27:37.795068 2020] [mpm_winnt:notice] [pid 2288:tid 620] AH00418: Parent: Created child process 6680
AH00548: NameVirtualHost has no effect and will be removed in the next release C:/Users/Administrator/Documents/GitHub/TeraOnlineServer_Shock_1732/web/apache/conf/extra/httpd-vhosts.conf:22
[Fri Sep 11 20:27:38.435984 2020] [ssl:warn] [pid 6680:tid 628] AH01909: www.example.com:443:0 server certificate does NOT include an ID which matches the server name
[Fri Sep 11 20:27:38.513674 2020] [ssl:warn] [pid 6680:tid 628] AH01909: www.example.com:443:0 server certificate does NOT include an ID which matches the server name
[Fri Sep 11 20:27:38.560920 2020] [mpm_winnt:notice] [pid 6680:tid 628] AH00354: Child: Starting 150 worker threads.
[Fri Sep 11 20:28:44.201183 2020] [ssl:warn] [pid 6792:tid 620] AH01909: www.example.com:443:0 server certificate does NOT include an ID which matches the server name
[Fri Sep 11 20:28:44.279519 2020] [core:warn] [pid 6792:tid 620] AH00098: pid file C:/Users/Administrator/Documents/GitHub/TeraOnlineServer_Shock_1732/web/apache/logs/httpd.pid overwritten -- Unclean shutdown of previous Apache run?
[Fri Sep 11 20:28:44.326131 2020] [ssl:warn] [pid 6792:tid 620] AH01909: www.example.com:443:0 server certificate does NOT include an ID which matches the server name
[Fri Sep 11 20:28:44.373431 2020] [mpm_winnt:notice] [pid 6792:tid 620] AH00455: Apache/2.4.41 (Win64) OpenSSL/1.1.1c PHP/7.3.9 configured -- resuming normal operations
[Fri Sep 11 20:28:44.373431 2020] [mpm_winnt:notice] [pid 6792:tid 620] AH00456: Apache Lounge VC15 Server built: Aug 11 2019 12:20:04
[Fri Sep 11 20:28:44.373431 2020] [core:notice] [pid 6792:tid 620] AH00094: Command line: 'c:\\users\\administrator\\documents\\github\\teraonlineserver_shock_1732\\web\\apache\\bin\\httpd.exe -d C:/Users/Administrator/Documents/GitHub/TeraOnlineServer_Shock_1732/web/apache'
[Fri Sep 11 20:28:44.373431 2020] [mpm_winnt:notice] [pid 6792:tid 620] AH00418: Parent: Created child process 5444
AH00548: NameVirtualHost has no effect and will be removed in the next release C:/Users/Administrator/Documents/GitHub/TeraOnlineServer_Shock_1732/web/apache/conf/extra/httpd-vhosts.conf:23
[Fri Sep 11 20:28:45.014090 2020] [ssl:warn] [pid 5444:tid 632] AH01909: www.example.com:443:0 server certificate does NOT include an ID which matches the server name
[Fri Sep 11 20:28:45.076583 2020] [ssl:warn] [pid 5444:tid 632] AH01909: www.example.com:443:0 server certificate does NOT include an ID which matches the server name
[Fri Sep 11 20:28:45.123417 2020] [mpm_winnt:notice] [pid 5444:tid 632] AH00354: Child: Starting 150 worker threads.
[Fri Sep 11 20:29:08.935723 2020] [ssl:warn] [pid 2452:tid 636] AH01909: www.example.com:443:0 server certificate does NOT include an ID which matches the server name
[Fri Sep 11 20:29:09.014011 2020] [core:warn] [pid 2452:tid 636] AH00098: pid file C:/Users/Administrator/Documents/GitHub/TeraOnlineServer_Shock_1732/web/apache/logs/httpd.pid overwritten -- Unclean shutdown of previous Apache run?
[Fri Sep 11 20:29:09.029827 2020] [ssl:warn] [pid 2452:tid 636] AH01909: www.example.com:443:0 server certificate does NOT include an ID which matches the server name
[Fri Sep 11 20:29:09.060661 2020] [mpm_winnt:notice] [pid 2452:tid 636] AH00455: Apache/2.4.41 (Win64) OpenSSL/1.1.1c PHP/7.3.9 configured -- resuming normal operations
[Fri Sep 11 20:29:09.060661 2020] [mpm_winnt:notice] [pid 2452:tid 636] AH00456: Apache Lounge VC15 Server built: Aug 11 2019 12:20:04
[Fri Sep 11 20:29:09.060661 2020] [core:notice] [pid 2452:tid 636] AH00094: Command line: 'c:\\users\\administrator\\documents\\github\\teraonlineserver_shock_1732\\web\\apache\\bin\\httpd.exe -d C:/Users/Administrator/Documents/GitHub/TeraOnlineServer_Shock_1732/web/apache'
[Fri Sep 11 20:29:09.076380 2020] [mpm_winnt:notice] [pid 2452:tid 636] AH00418: Parent: Created child process 7144
AH00548: NameVirtualHost has no effect and will be removed in the next release C:/Users/Administrator/Documents/GitHub/TeraOnlineServer_Shock_1732/web/apache/conf/extra/httpd-vhosts.conf:22
[Fri Sep 11 20:29:09.732848 2020] [ssl:warn] [pid 7144:tid 628] AH01909: www.example.com:443:0 server certificate does NOT include an ID which matches the server name
[Fri Sep 11 20:29:09.810833 2020] [ssl:warn] [pid 7144:tid 628] AH01909: www.example.com:443:0 server certificate does NOT include an ID which matches the server name
[Fri Sep 11 20:29:09.857554 2020] [mpm_winnt:notice] [pid 7144:tid 628] AH00354: Child: Starting 150 worker threads.
[Fri Sep 11 20:31:56.685610 2020] [ssl:warn] [pid 7668:tid 620] AH01909: www.example.com:443:0 server certificate does NOT include an ID which matches the server name
[Fri Sep 11 20:31:56.763864 2020] [core:warn] [pid 7668:tid 620] AH00098: pid file C:/Users/Administrator/Documents/GitHub/TeraOnlineServer_Shock_1732/web/apache/logs/httpd.pid overwritten -- Unclean shutdown of previous Apache run?
[Fri Sep 11 20:31:56.779598 2020] [ssl:warn] [pid 7668:tid 620] AH01909: www.example.com:443:0 server certificate does NOT include an ID which matches the server name
[Fri Sep 11 20:31:56.810734 2020] [mpm_winnt:notice] [pid 7668:tid 620] AH00455: Apache/2.4.41 (Win64) OpenSSL/1.1.1c PHP/7.3.9 configured -- resuming normal operations
[Fri Sep 11 20:31:56.810734 2020] [mpm_winnt:notice] [pid 7668:tid 620] AH00456: Apache Lounge VC15 Server built: Aug 11 2019 12:20:04
[Fri Sep 11 20:31:56.810734 2020] [core:notice] [pid 7668:tid 620] AH00094: Command line: 'c:\\users\\administrator\\documents\\github\\teraonlineserver_shock_1732\\web\\apache\\bin\\httpd.exe -d C:/Users/Administrator/Documents/GitHub/TeraOnlineServer_Shock_1732/web/apache'
[Fri Sep 11 20:31:56.826477 2020] [mpm_winnt:notice] [pid 7668:tid 620] AH00418: Parent: Created child process 7920
AH00548: NameVirtualHost has no effect and will be removed in the next release C:/Users/Administrator/Documents/GitHub/TeraOnlineServer_Shock_1732/web/apache/conf/extra/httpd-vhosts.conf:22
[Fri Sep 11 20:31:57.451524 2020] [ssl:warn] [pid 7920:tid 632] AH01909: www.example.com:443:0 server certificate does NOT include an ID which matches the server name
[Fri Sep 11 20:31:57.529686 2020] [ssl:warn] [pid 7920:tid 632] AH01909: www.example.com:443:0 server certificate does NOT include an ID which matches the server name
[Fri Sep 11 20:31:57.576414 2020] [mpm_winnt:notice] [pid 7920:tid 632] AH00354: Child: Starting 150 worker threads.
[Fri Sep 11 20:32:02.232446 2020] [core:error] [pid 7920:tid 1944] [client 91.160.237.131:18116] AH00124: Request exceeded the limit of 10 internal redirects due to probable configuration error. Use 'LimitInternalRecursion' to increase the limit if necessary. Use 'LogLevel debug' to get a backtrace., referer: http://www.terawip.tk/
[Fri Sep 11 20:32:02.232446 2020] [core:error] [pid 7920:tid 1944] [client 91.160.237.131:18116] AH00124: Request exceeded the limit of 10 internal redirects due to probable configuration error. Use 'LimitInternalRecursion' to increase the limit if necessary. Use 'LogLevel debug' to get a backtrace., referer: http://www.terawip.tk/
[Fri Sep 11 20:32:02.310839 2020] [core:error] [pid 7920:tid 1944] [client 91.160.237.131:29121] AH00124: Request exceeded the limit of 10 internal redirects due to probable configuration error. Use 'LimitInternalRecursion' to increase the limit if necessary. Use 'LogLevel debug' to get a backtrace., referer: http://building.terawip.tk/wp-content/uploads/elementor/css/post-10.css?ver=1599763870
[Fri Sep 11 20:32:02.310839 2020] [core:error] [pid 7920:tid 1944] [client 91.160.237.131:29121] AH00124: Request exceeded the limit of 10 internal redirects due to probable configuration error. Use 'LimitInternalRecursion' to increase the limit if necessary. Use 'LogLevel debug' to get a backtrace., referer: http://building.terawip.tk/wp-content/uploads/elementor/css/post-10.css?ver=1599763870
[Fri Sep 11 20:32:47.185841 2020] [ssl:warn] [pid 5360:tid 624] AH01909: www.example.com:443:0 server certificate does NOT include an ID which matches the server name
[Fri Sep 11 20:32:47.264109 2020] [core:warn] [pid 5360:tid 624] AH00098: pid file C:/Users/Administrator/Documents/GitHub/TeraOnlineServer_Shock_1732/web/apache/logs/httpd.pid overwritten -- Unclean shutdown of previous Apache run?
[Fri Sep 11 20:32:47.264109 2020] [ssl:warn] [pid 5360:tid 624] AH01909: www.example.com:443:0 server certificate does NOT include an ID which matches the server name
[Fri Sep 11 20:32:47.310719 2020] [mpm_winnt:notice] [pid 5360:tid 624] AH00455: Apache/2.4.41 (Win64) OpenSSL/1.1.1c PHP/7.3.9 configured -- resuming normal operations
[Fri Sep 11 20:32:47.310719 2020] [mpm_winnt:notice] [pid 5360:tid 624] AH00456: Apache Lounge VC15 Server built: Aug 11 2019 12:20:04
[Fri Sep 11 20:32:47.310719 2020] [core:notice] [pid 5360:tid 624] AH00094: Command line: 'c:\\users\\administrator\\documents\\github\\teraonlineserver_shock_1732\\web\\apache\\bin\\httpd.exe -d C:/Users/Administrator/Documents/GitHub/TeraOnlineServer_Shock_1732/web/apache'
[Fri Sep 11 20:32:47.326443 2020] [mpm_winnt:notice] [pid 5360:tid 624] AH00418: Parent: Created child process 6064
AH00548: NameVirtualHost has no effect and will be removed in the next release C:/Users/Administrator/Documents/GitHub/TeraOnlineServer_Shock_1732/web/apache/conf/extra/httpd-vhosts.conf:22
[Fri Sep 11 20:32:47.967390 2020] [ssl:warn] [pid 6064:tid 628] AH01909: www.example.com:443:0 server certificate does NOT include an ID which matches the server name
[Fri Sep 11 20:32:48.029457 2020] [ssl:warn] [pid 6064:tid 628] AH01909: www.example.com:443:0 server certificate does NOT include an ID which matches the server name
[Fri Sep 11 20:32:48.076170 2020] [mpm_winnt:notice] [pid 6064:tid 628] AH00354: Child: Starting 150 worker threads.
